0.002000, 1203
0.005000, 1202
0.006000, 1201
0.006000, 1200
0.006000, 1199
0.007000, 1198
0.007000, 1197
0.008000, 1196
0.009000, 1195
0.010000, 1194
0.010000, 1193
0.010000, 1192
0.011000, 1191
0.011000, 1190
0.011000, 1189
0.012000, 1188
0.012000, 1187
0.012000, 1186
0.012000, 1185
0.012000, 1184
0.012000, 1183
0.013000, 1182
0.013000, 1181
0.014000, 1180
0.014000, 1179
0.014000, 1178
0.015000, 1177
0.015000, 1176
0.015000, 1175
0.015000, 1174
0.016000, 1173
0.016000, 1172
0.016000, 1171
0.016000, 1170
0.017000, 1169
0.017000, 1168
0.017000, 1167
0.017000, 1166
0.018000, 1165
0.018000, 1164
0.018000, 1163
0.018000, 1162
0.018000, 1161
0.018000, 1160
0.018000, 1159
0.019000, 1158
0.019000, 1157
0.019000, 1156
0.019000, 1155
0.019000, 1154
0.019000, 1153
0.019000, 1152
0.020000, 1151
0.020000, 1150
0.020000, 1149
0.020000, 1148
0.020000, 1147
0.021000, 1146
0.021000, 1145
0.021000, 1144
0.021000, 1143
0.021000, 1142
0.021000, 1141
0.021000, 1140
0.021000, 1139
0.022000, 1138
0.022000, 1137
0.022000, 1136
0.022000, 1135
0.022000, 1134
0.022000, 1133
0.023000, 1132
0.023000, 1131
0.023000, 1130
0.023000, 1129
0.023000, 1128
0.023000, 1127
0.024000, 1126
0.024000, 1125
0.024000, 1124
0.024000, 1123
0.024000, 1122
0.024000, 1121
0.025000, 1120
0.025000, 1119
0.025000, 1118
0.025000, 1117
0.025000, 1116
0.025000, 1115
0.026000, 1114
0.026000, 1113
0.026000, 1112
0.026000, 1111
0.026000, 1110
0.027000, 1109
0.027000, 1108
0.027000, 1107
0.027000, 1106
0.027000, 1105
0.028000, 1104
0.028000, 1103
0.028000, 1102
0.028000, 1101
0.028000, 1100
0.028000, 1099
0.028000, 1098
0.029000, 1097
0.029000, 1096
0.029000, 1095
0.029000, 1094
0.029000, 1093
0.029000, 1092
0.030000, 1091
0.030000, 1090
0.030000, 1089
0.030000, 1088
0.030000, 1087
0.030000, 1086
0.031000, 1085
0.031000, 1084
0.031000, 1083
0.031000, 1082
0.031000, 1081
0.031000, 1080
0.032000, 1079
0.032000, 1078
0.032000, 1077
0.032000, 1076
0.032000, 1075
0.032000, 1074
0.032000, 1073
0.032000, 1072
0.033000, 1071
0.033000, 1070
0.033000, 1069
0.033000, 1068
0.033000, 1067
0.033000, 1066
0.033000, 1065
0.034000, 1064
0.034000, 1063
0.034000, 1062
0.034000, 1061
0.034000, 1060
0.035000, 1059
0.035000, 1058
0.035000, 1057
0.035000, 1056
0.035000, 1055
0.036000, 1054
0.036000, 1053
0.036000, 1052
0.036000, 1051
0.036000, 1050
0.037000, 1049
0.037000, 1048
0.037000, 1047
0.037000, 1046
0.037000, 1045
0.038000, 1044
0.038000, 1043
0.038000, 1042
0.038000, 1041
0.038000, 1040
0.039000, 1039
0.039000, 1038
0.039000, 1037
0.039000, 1036
0.039000, 1035
0.039000, 1034
0.039000, 1033
0.040000, 1032
0.040000, 1031
0.040000, 1030
0.040000, 1029
0.041000, 1028
0.041000, 1027
0.041000, 1026
0.041000, 1025
0.042000, 1024
0.042000, 1023
0.042000, 1022
0.043000, 1021
0.043000, 1020
0.043000, 1019
0.044000, 1018
0.044000, 1017
0.044000, 1016
0.044000, 1015
0.045000, 1014
0.045000, 1013
0.045000, 1012
0.045000, 1011
0.045000, 1010
0.046000, 1009
0.046000, 1008
0.047000, 1007
0.047000, 1006
0.047000, 1005
0.047000, 1004
0.048000, 1003
0.048000, 1002
0.048000, 1001
0.049000, 1000
0.049000, 999
0.049000, 998
0.049000, 997
0.050000, 996
0.051000, 995
0.051000, 994
0.051000, 993
0.051000, 992
0.052000, 991
0.052000, 990
0.052000, 989
0.052000, 988
0.053000, 987
0.053000, 986
0.053000, 985
0.053000, 984
0.054000, 983
0.054000, 982
0.054000, 981
0.054000, 980
0.055000, 979
0.055000, 978
0.056000, 977
0.056000, 976
0.057000, 975
0.057000, 974
0.057000, 973
0.058000, 972
0.058000, 971
0.058000, 970
0.058000, 969
0.059000, 968
0.059000, 967
0.059000, 966
0.061000, 965
0.061000, 964
0.062000, 963
0.062000, 962
0.063000, 961
0.064000, 960
0.065000, 959
0.065000, 958
0.066000, 957
0.066000, 956
0.067000, 955
0.067000, 954
0.067000, 953
0.068000, 952
0.068000, 951
0.068000, 950
0.069000, 949
0.069000, 948
0.069000, 947
0.070000, 946
0.071000, 945
0.072000, 944
0.073000, 943
0.075000, 942
0.076000, 941
0.077000, 940
0.079000, 939
0.079000, 938
0.080000, 937
0.082000, 936
0.082000, 935
0.082000, 934
0.084000, 933
0.088000, 932
0.089000, 931
0.091000, 930
0.092000, 929
0.095000, 928
0.098000, 927
0.101000, 926
0.110000, 925
0.113000, 924
0.130000, 923
