0.002000, 1209
0.005000, 1208
0.006000, 1207
0.007000, 1206
0.007000, 1205
0.007000, 1204
0.008000, 1203
0.008000, 1202
0.008000, 1201
0.008000, 1200
0.008000, 1199
0.008000, 1198
0.009000, 1197
0.009000, 1196
0.010000, 1195
0.011000, 1194
0.011000, 1193
0.011000, 1192
0.011000, 1191
0.012000, 1190
0.012000, 1189
0.012000, 1188
0.012000, 1187
0.012000, 1186
0.012000, 1185
0.012000, 1184
0.013000, 1183
0.013000, 1182
0.013000, 1181
0.013000, 1180
0.013000, 1179
0.013000, 1178
0.014000, 1177
0.014000, 1176
0.014000, 1175
0.014000, 1174
0.014000, 1173
0.014000, 1172
0.014000, 1171
0.014000, 1170
0.015000, 1169
0.015000, 1168
0.015000, 1167
0.015000, 1166
0.015000, 1165
0.015000, 1164
0.016000, 1163
0.016000, 1162
0.016000, 1161
0.016000, 1160
0.016000, 1159
0.016000, 1158
0.017000, 1157
0.017000, 1156
0.017000, 1155
0.017000, 1154
0.017000, 1153
0.017000, 1152
0.017000, 1151
0.018000, 1150
0.018000, 1149
0.018000, 1148
0.018000, 1147
0.018000, 1146
0.018000, 1145
0.018000, 1144
0.018000, 1143
0.019000, 1142
0.019000, 1141
0.019000, 1140
0.019000, 1139
0.019000, 1138
0.020000, 1137
0.020000, 1136
0.020000, 1135
0.020000, 1134
0.020000, 1133
0.021000, 1132
0.021000, 1131
0.021000, 1130
0.021000, 1129
0.021000, 1128
0.021000, 1127
0.022000, 1126
0.022000, 1125
0.022000, 1124
0.022000, 1123
0.022000, 1122
0.022000, 1121
0.023000, 1120
0.023000, 1119
0.023000, 1118
0.023000, 1117
0.023000, 1116
0.023000, 1115
0.024000, 1114
0.024000, 1113
0.024000, 1112
0.024000, 1111
0.024000, 1110
0.024000, 1109
0.025000, 1108
0.025000, 1107
0.025000, 1106
0.025000, 1105
0.025000, 1104
0.025000, 1103
0.025000, 1102
0.026000, 1101
0.026000, 1100
0.026000, 1099
0.026000, 1098
0.026000, 1097
0.026000, 1096
0.027000, 1095
0.027000, 1094
0.027000, 1093
0.027000, 1092
0.027000, 1091
0.028000, 1090
0.028000, 1089
0.028000, 1088
0.028000, 1087
0.028000, 1086
0.029000, 1085
0.029000, 1084
0.029000, 1083
0.029000, 1082
0.029000, 1081
0.029000, 1080
0.029000, 1079
0.030000, 1078
0.030000, 1077
0.030000, 1076
0.030000, 1075
0.030000, 1074
0.031000, 1073
0.031000, 1072
0.031000, 1071
0.031000, 1070
0.031000, 1069
0.031000, 1068
0.032000, 1067
0.032000, 1066
0.032000, 1065
0.032000, 1064
0.032000, 1063
0.032000, 1062
0.033000, 1061
0.033000, 1060
0.033000, 1059
0.033000, 1058
0.033000, 1057
0.033000, 1056
0.034000, 1055
0.034000, 1054
0.034000, 1053
0.034000, 1052
0.034000, 1051
0.035000, 1050
0.035000, 1049
0.035000, 1048
0.035000, 1047
0.036000, 1046
0.036000, 1045
0.036000, 1044
0.036000, 1043
0.036000, 1042
0.037000, 1041
0.037000, 1040
0.037000, 1039
0.037000, 1038
0.037000, 1037
0.038000, 1036
0.038000, 1035
0.038000, 1034
0.038000, 1033
0.038000, 1032
0.039000, 1031
0.039000, 1030
0.039000, 1029
0.039000, 1028
0.039000, 1027
0.040000, 1026
0.040000, 1025
0.040000, 1024
0.041000, 1023
0.041000, 1022
0.041000, 1021
0.041000, 1020
0.042000, 1019
0.042000, 1018
0.042000, 1017
0.043000, 1016
0.043000, 1015
0.043000, 1014
0.044000, 1013
0.044000, 1012
0.044000, 1011
0.045000, 1010
0.045000, 1009
0.045000, 1008
0.045000, 1007
0.045000, 1006
0.046000, 1005
0.046000, 1004
0.046000, 1003
0.046000, 1002
0.047000, 1001
0.047000, 1000
0.047000, 999
0.048000, 998
0.048000, 997
0.049000, 996
0.049000, 995
0.049000, 994
0.050000, 993
0.050000, 992
0.050000, 991
0.050000, 990
0.051000, 989
0.052000, 988
0.052000, 987
0.052000, 986
0.052000, 985
0.053000, 984
0.053000, 983
0.053000, 982
0.054000, 981
0.054000, 980
0.055000, 979
0.055000, 978
0.055000, 977
0.056000, 976
0.057000, 975
0.057000, 974
0.058000, 973
0.058000, 972
0.058000, 971
0.059000, 970
0.059000, 969
0.060000, 968
0.060000, 967
0.063000, 966
0.063000, 965
0.064000, 964
0.064000, 963
0.065000, 962
0.065000, 961
0.066000, 960
0.067000, 959
0.068000, 958
0.069000, 957
0.069000, 956
0.070000, 955
0.070000, 954
0.071000, 953
0.072000, 952
0.073000, 951
0.074000, 950
0.077000, 949
0.078000, 948
0.078000, 947
0.079000, 946
0.082000, 945
0.082000, 944
0.089000, 943
0.091000, 942
0.115000, 941
0.119000, 940
