0.001000, 1191
0.004000, 1190
0.005000, 1189
0.005000, 1188
0.005000, 1187
0.005000, 1186
0.006000, 1185
0.006000, 1184
0.007000, 1183
0.007000, 1182
0.007000, 1181
0.007000, 1180
0.007000, 1179
0.008000, 1178
0.008000, 1177
0.008000, 1176
0.008000, 1175
0.008000, 1174
0.008000, 1173
0.008000, 1172
0.009000, 1171
0.009000, 1170
0.009000, 1169
0.010000, 1168
0.010000, 1167
0.010000, 1166
0.012000, 1165
0.012000, 1164
0.012000, 1163
0.012000, 1162
0.012000, 1161
0.013000, 1160
0.013000, 1159
0.013000, 1158
0.013000, 1157
0.013000, 1156
0.013000, 1155
0.013000, 1154
0.014000, 1153
0.014000, 1152
0.014000, 1151
0.014000, 1150
0.014000, 1149
0.014000, 1148
0.014000, 1147
0.015000, 1146
0.015000, 1145
0.015000, 1144
0.015000, 1143
0.015000, 1142
0.016000, 1141
0.016000, 1140
0.016000, 1139
0.016000, 1138
0.016000, 1137
0.016000, 1136
0.016000, 1135
0.017000, 1134
0.017000, 1133
0.017000, 1132
0.017000, 1131
0.017000, 1130
0.018000, 1129
0.018000, 1128
0.018000, 1127
0.018000, 1126
0.018000, 1125
0.018000, 1124
0.018000, 1123
0.019000, 1122
0.019000, 1121
0.019000, 1120
0.019000, 1119
0.019000, 1118
0.019000, 1117
0.019000, 1116
0.020000, 1115
0.020000, 1114
0.020000, 1113
0.020000, 1112
0.020000, 1111
0.020000, 1110
0.021000, 1109
0.021000, 1108
0.021000, 1107
0.021000, 1106
0.021000, 1105
0.022000, 1104
0.022000, 1103
0.022000, 1102
0.022000, 1101
0.022000, 1100
0.023000, 1099
0.023000, 1098
0.023000, 1097
0.023000, 1096
0.024000, 1095
0.024000, 1094
0.024000, 1093
0.024000, 1092
0.024000, 1091
0.024000, 1090
0.025000, 1089
0.025000, 1088
0.025000, 1087
0.025000, 1086
0.025000, 1085
0.025000, 1084
0.026000, 1083
0.026000, 1082
0.026000, 1081
0.026000, 1080
0.026000, 1079
0.027000, 1078
0.027000, 1077
0.027000, 1076
0.027000, 1075
0.027000, 1074
0.027000, 1073
0.028000, 1072
0.028000, 1071
0.028000, 1070
0.028000, 1069
0.028000, 1068
0.028000, 1067
0.029000, 1066
0.029000, 1065
0.029000, 1064
0.030000, 1063
0.030000, 1062
0.030000, 1061
0.030000, 1060
0.030000, 1059
0.030000, 1058
0.030000, 1057
0.031000, 1056
0.031000, 1055
0.031000, 1054
0.031000, 1053
0.031000, 1052
0.031000, 1051
0.032000, 1050
0.032000, 1049
0.032000, 1048
0.032000, 1047
0.033000, 1046
0.033000, 1045
0.033000, 1044
0.033000, 1043
0.033000, 1042
0.034000, 1041
0.034000, 1040
0.034000, 1039
0.034000, 1038
0.035000, 1037
0.035000, 1036
0.035000, 1035
0.035000, 1034
0.035000, 1033
0.035000, 1032
0.036000, 1031
0.036000, 1030
0.036000, 1029
0.036000, 1028
0.037000, 1027
0.037000, 1026
0.037000, 1025
0.037000, 1024
0.037000, 1023
0.038000, 1022
0.038000, 1021
0.038000, 1020
0.038000, 1019
0.038000, 1018
0.039000, 1017
0.039000, 1016
0.039000, 1015
0.039000, 1014
0.039000, 1013
0.040000, 1012
0.040000, 1011
0.040000, 1010
0.041000, 1009
0.041000, 1008
0.042000, 1007
0.043000, 1006
0.043000, 1005
0.043000, 1004
0.043000, 1003
0.043000, 1002
0.044000, 1001
0.044000, 1000
0.044000, 999
0.045000, 998
0.045000, 997
0.045000, 996
0.045000, 995
0.045000, 994
0.045000, 993
0.046000, 992
0.046000, 991
0.046000, 990
0.046000, 989
0.047000, 988
0.048000, 987
0.048000, 986
0.048000, 985
0.048000, 984
0.049000, 983
0.049000, 982
0.049000, 981
0.049000, 980
0.050000, 979
0.050000, 978
0.051000, 977
0.051000, 976
0.051000, 975
0.052000, 974
0.053000, 973
0.053000, 972
0.054000, 971
0.054000, 970
0.054000, 969
0.055000, 968
0.055000, 967
0.056000, 966
0.056000, 965
0.057000, 964
0.057000, 963
0.057000, 962
0.058000, 961
0.060000, 960
0.060000, 959
0.062000, 958
0.062000, 957
0.062000, 956
0.063000, 955
0.063000, 954
0.064000, 953
0.064000, 952
0.064000, 951
0.065000, 950
0.066000, 949
0.066000, 948
0.066000, 947
0.067000, 946
0.068000, 945
0.068000, 944
0.070000, 943
0.071000, 942
0.073000, 941
0.075000, 940
0.078000, 939
0.082000, 938
0.090000, 937
0.094000, 936
0.095000, 935
0.099000, 934
0.103000, 933
0.107000, 932
0.114000, 931
0.120000, 930
0.134000, 929
