0.002000, 1201
0.005000, 1200
0.005000, 1199
0.005000, 1198
0.005000, 1197
0.005000, 1196
0.005000, 1195
0.006000, 1194
0.006000, 1193
0.006000, 1192
0.006000, 1191
0.007000, 1190
0.007000, 1189
0.007000, 1188
0.007000, 1187
0.008000, 1186
0.008000, 1185
0.009000, 1184
0.009000, 1183
0.009000, 1182
0.009000, 1181
0.009000, 1180
0.009000, 1179
0.009000, 1178
0.009000, 1177
0.010000, 1176
0.010000, 1175
0.010000, 1174
0.010000, 1173
0.010000, 1172
0.010000, 1171
0.011000, 1170
0.011000, 1169
0.011000, 1168
0.011000, 1167
0.011000, 1166
0.012000, 1165
0.012000, 1164
0.012000, 1163
0.012000, 1162
0.012000, 1161
0.013000, 1160
0.013000, 1159
0.013000, 1158
0.014000, 1157
0.014000, 1156
0.014000, 1155
0.014000, 1154
0.014000, 1153
0.014000, 1152
0.015000, 1151
0.015000, 1150
0.015000, 1149
0.015000, 1148
0.015000, 1147
0.015000, 1146
0.016000, 1145
0.016000, 1144
0.016000, 1143
0.016000, 1142
0.016000, 1141
0.016000, 1140
0.017000, 1139
0.017000, 1138
0.017000, 1137
0.017000, 1136
0.017000, 1135
0.017000, 1134
0.018000, 1133
0.018000, 1132
0.018000, 1131
0.018000, 1130
0.018000, 1129
0.018000, 1128
0.019000, 1127
0.019000, 1126
0.019000, 1125
0.019000, 1124
0.019000, 1123
0.019000, 1122
0.019000, 1121
0.020000, 1120
0.020000, 1119
0.020000, 1118
0.020000, 1117
0.020000, 1116
0.021000, 1115
0.021000, 1114
0.021000, 1113
0.021000, 1112
0.021000, 1111
0.021000, 1110
0.022000, 1109
0.022000, 1108
0.022000, 1107
0.022000, 1106
0.023000, 1105
0.023000, 1104
0.023000, 1103
0.023000, 1102
0.023000, 1101
0.023000, 1100
0.024000, 1099
0.024000, 1098
0.024000, 1097
0.024000, 1096
0.024000, 1095
0.024000, 1094
0.024000, 1093
0.025000, 1092
0.025000, 1091
0.025000, 1090
0.025000, 1089
0.026000, 1088
0.026000, 1087
0.026000, 1086
0.026000, 1085
0.027000, 1084
0.027000, 1083
0.027000, 1082
0.027000, 1081
0.027000, 1080
0.027000, 1079
0.027000, 1078
0.028000, 1077
0.028000, 1076
0.028000, 1075
0.028000, 1074
0.028000, 1073
0.029000, 1072
0.029000, 1071
0.029000, 1070
0.029000, 1069
0.029000, 1068
0.030000, 1067
0.030000, 1066
0.030000, 1065
0.030000, 1064
0.030000, 1063
0.031000, 1062
0.031000, 1061
0.031000, 1060
0.031000, 1059
0.032000, 1058
0.032000, 1057
0.032000, 1056
0.032000, 1055
0.032000, 1054
0.032000, 1053
0.033000, 1052
0.033000, 1051
0.033000, 1050
0.033000, 1049
0.033000, 1048
0.033000, 1047
0.034000, 1046
0.034000, 1045
0.034000, 1044
0.034000, 1043
0.034000, 1042
0.034000, 1041
0.034000, 1040
0.035000, 1039
0.035000, 1038
0.036000, 1037
0.036000, 1036
0.036000, 1035
0.036000, 1034
0.036000, 1033
0.037000, 1032
0.037000, 1031
0.037000, 1030
0.037000, 1029
0.038000, 1028
0.038000, 1027
0.038000, 1026
0.038000, 1025
0.039000, 1024
0.039000, 1023
0.039000, 1022
0.040000, 1021
0.040000, 1020
0.040000, 1019
0.040000, 1018
0.040000, 1017
0.041000, 1016
0.041000, 1015
0.041000, 1014
0.042000, 1013
0.042000, 1012
0.042000, 1011
0.042000, 1010
0.043000, 1009
0.043000, 1008
0.043000, 1007
0.043000, 1006
0.044000, 1005
0.044000, 1004
0.044000, 1003
0.044000, 1002
0.045000, 1001
0.045000, 1000
0.045000, 999
0.045000, 998
0.045000, 997
0.046000, 996
0.046000, 995
0.046000, 994
0.047000, 993
0.047000, 992
0.047000, 991
0.047000, 990
0.047000, 989
0.048000, 988
0.048000, 987
0.048000, 986
0.049000, 985
0.049000, 984
0.049000, 983
0.050000, 982
0.050000, 981
0.050000, 980
0.050000, 979
0.050000, 978
0.051000, 977
0.051000, 976
0.051000, 975
0.052000, 974
0.053000, 973
0.053000, 972
0.053000, 971
0.053000, 970
0.054000, 969
0.054000, 968
0.055000, 967
0.055000, 966
0.055000, 965
0.056000, 964
0.057000, 963
0.057000, 962
0.057000, 961
0.058000, 960
0.058000, 959
0.058000, 958
0.060000, 957
0.061000, 956
0.061000, 955
0.062000, 954
0.062000, 953
0.066000, 952
0.066000, 951
0.066000, 950
0.067000, 949
0.068000, 948
0.068000, 947
0.069000, 946
0.069000, 945
0.070000, 944
0.070000, 943
0.072000, 942
0.073000, 941
0.074000, 940
0.078000, 939
0.084000, 938
0.084000, 937
0.085000, 936
0.089000, 935
0.107000, 934
0.133000, 933
