0.001000, 1207
0.004000, 1206
0.005000, 1205
0.005000, 1204
0.005000, 1203
0.005000, 1202
0.006000, 1201
0.006000, 1200
0.006000, 1199
0.006000, 1198
0.006000, 1197
0.006000, 1196
0.007000, 1195
0.007000, 1194
0.007000, 1193
0.007000, 1192
0.008000, 1191
0.008000, 1190
0.008000, 1189
0.008000, 1188
0.008000, 1187
0.009000, 1186
0.009000, 1185
0.009000, 1184
0.009000, 1183
0.010000, 1182
0.010000, 1181
0.010000, 1180
0.010000, 1179
0.010000, 1178
0.011000, 1177
0.011000, 1176
0.011000, 1175
0.011000, 1174
0.011000, 1173
0.011000, 1172
0.011000, 1171
0.012000, 1170
0.012000, 1169
0.012000, 1168
0.013000, 1167
0.013000, 1166
0.014000, 1165
0.014000, 1164
0.014000, 1163
0.015000, 1162
0.015000, 1161
0.015000, 1160
0.015000, 1159
0.015000, 1158
0.015000, 1157
0.015000, 1156
0.015000, 1155
0.016000, 1154
0.016000, 1153
0.016000, 1152
0.016000, 1151
0.016000, 1150
0.016000, 1149
0.017000, 1148
0.017000, 1147
0.017000, 1146
0.017000, 1145
0.017000, 1144
0.017000, 1143
0.017000, 1142
0.018000, 1141
0.018000, 1140
0.018000, 1139
0.018000, 1138
0.018000, 1137
0.018000, 1136
0.018000, 1135
0.019000, 1134
0.019000, 1133
0.019000, 1132
0.019000, 1131
0.019000, 1130
0.020000, 1129
0.020000, 1128
0.020000, 1127
0.020000, 1126
0.020000, 1125
0.020000, 1124
0.020000, 1123
0.021000, 1122
0.021000, 1121
0.021000, 1120
0.021000, 1119
0.021000, 1118
0.021000, 1117
0.022000, 1116
0.022000, 1115
0.022000, 1114
0.022000, 1113
0.023000, 1112
0.023000, 1111
0.023000, 1110
0.023000, 1109
0.023000, 1108
0.023000, 1107
0.023000, 1106
0.024000, 1105
0.024000, 1104
0.024000, 1103
0.024000, 1102
0.024000, 1101
0.024000, 1100
0.024000, 1099
0.025000, 1098
0.025000, 1097
0.025000, 1096
0.025000, 1095
0.025000, 1094
0.026000, 1093
0.026000, 1092
0.026000, 1091
0.026000, 1090
0.026000, 1089
0.026000, 1088
0.026000, 1087
0.027000, 1086
0.027000, 1085
0.027000, 1084
0.027000, 1083
0.027000, 1082
0.027000, 1081
0.028000, 1080
0.028000, 1079
0.028000, 1078
0.028000, 1077
0.029000, 1076
0.029000, 1075
0.029000, 1074
0.029000, 1073
0.029000, 1072
0.030000, 1071
0.030000, 1070
0.030000, 1069
0.030000, 1068
0.030000, 1067
0.030000, 1066
0.031000, 1065
0.031000, 1064
0.031000, 1063
0.031000, 1062
0.031000, 1061
0.032000, 1060
0.032000, 1059
0.032000, 1058
0.032000, 1057
0.033000, 1056
0.033000, 1055
0.033000, 1054
0.033000, 1053
0.034000, 1052
0.034000, 1051
0.034000, 1050
0.034000, 1049
0.035000, 1048
0.035000, 1047
0.035000, 1046
0.035000, 1045
0.035000, 1044
0.035000, 1043
0.036000, 1042
0.036000, 1041
0.036000, 1040
0.036000, 1039
0.037000, 1038
0.037000, 1037
0.037000, 1036
0.037000, 1035
0.037000, 1034
0.037000, 1033
0.038000, 1032
0.038000, 1031
0.038000, 1030
0.038000, 1029
0.038000, 1028
0.039000, 1027
0.039000, 1026
0.039000, 1025
0.039000, 1024
0.039000, 1023
0.040000, 1022
0.040000, 1021
0.040000, 1020
0.040000, 1019
0.041000, 1018
0.041000, 1017
0.041000, 1016
0.042000, 1015
0.043000, 1014
0.043000, 1013
0.043000, 1012
0.044000, 1011
0.044000, 1010
0.044000, 1009
0.045000, 1008
0.045000, 1007
0.046000, 1006
0.046000, 1005
0.047000, 1004
0.047000, 1003
0.047000, 1002
0.047000, 1001
0.047000, 1000
0.048000, 999
0.048000, 998
0.048000, 997
0.048000, 996
0.048000, 995
0.049000, 994
0.049000, 993
0.050000, 992
0.050000, 991
0.050000, 990
0.050000, 989
0.051000, 988
0.051000, 987
0.052000, 986
0.052000, 985
0.054000, 984
0.054000, 983
0.054000, 982
0.055000, 981
0.055000, 980
0.055000, 979
0.056000, 978
0.056000, 977
0.056000, 976
0.057000, 975
0.058000, 974
0.058000, 973
0.059000, 972
0.059000, 971
0.060000, 970
0.060000, 969
0.061000, 968
0.061000, 967
0.061000, 966
0.062000, 965
0.062000, 964
0.062000, 963
0.063000, 962
0.063000, 961
0.063000, 960
0.064000, 959
0.064000, 958
0.065000, 957
0.066000, 956
0.066000, 955
0.069000, 954
0.069000, 953
0.072000, 952
0.073000, 951
0.073000, 950
0.075000, 949
0.076000, 948
0.077000, 947
0.086000, 946
0.087000, 945
0.089000, 944
0.091000, 943
0.094000, 942
0.095000, 941
0.097000, 940
0.105000, 939
0.113000, 938
