0.004000, 3611
0.008000, 3610
0.008000, 3609
0.009000, 3608
0.009000, 3607
0.010000, 3606
0.010000, 3605
0.010000, 3604
0.011000, 3603
0.011000, 3602
0.011000, 3601
0.011000, 3600
0.011000, 3599
0.012000, 3598
0.012000, 3597
0.013000, 3596
0.013000, 3595
0.014000, 3594
0.014000, 3593
0.016000, 3592
0.016000, 3591
0.017000, 3590
0.017000, 3589
0.017000, 3588
0.018000, 3587
0.018000, 3586
0.018000, 3585
0.020000, 3584
0.020000, 3583
0.021000, 3582
0.021000, 3581
0.021000, 3580
0.021000, 3579
0.021000, 3578
0.022000, 3577
0.022000, 3576
0.022000, 3575
0.022000, 3574
0.022000, 3573
0.023000, 3572
0.023000, 3571
0.023000, 3570
0.024000, 3569
0.025000, 3568
0.025000, 3567
0.025000, 3566
0.025000, 3565
0.026000, 3564
0.026000, 3563
0.026000, 3562
0.026000, 3561
0.027000, 3560
0.027000, 3559
0.027000, 3558
0.027000, 3557
0.027000, 3556
0.028000, 3555
0.028000, 3554
0.028000, 3553
0.028000, 3552
0.029000, 3551
0.029000, 3550
0.029000, 3549
0.029000, 3548
0.030000, 3547
0.030000, 3546
0.030000, 3545
0.030000, 3544
0.031000, 3543
0.031000, 3542
0.031000, 3541
0.031000, 3540
0.031000, 3539
0.032000, 3538
0.032000, 3537
0.032000, 3536
0.032000, 3535
0.033000, 3534
0.033000, 3533
0.033000, 3532
0.033000, 3531
0.033000, 3530
0.034000, 3529
0.034000, 3528
0.034000, 3527
0.035000, 3526
0.035000, 3525
0.035000, 3524
0.035000, 3523
0.036000, 3522
0.036000, 3521
0.036000, 3520
0.036000, 3519
0.036000, 3518
0.037000, 3517
0.037000, 3516
0.037000, 3515
0.037000, 3514
0.037000, 3513
0.037000, 3512
0.038000, 3511
0.038000, 3510
0.038000, 3509
0.038000, 3508
0.038000, 3507
0.038000, 3506
0.039000, 3505
0.039000, 3504
0.039000, 3503
0.040000, 3502
0.040000, 3501
0.040000, 3500
0.040000, 3499
0.040000, 3498
0.040000, 3497
0.041000, 3496
0.041000, 3495
0.041000, 3494
0.041000, 3493
0.042000, 3492
0.042000, 3491
0.042000, 3490
0.042000, 3489
0.042000, 3488
0.042000, 3487
0.043000, 3486
0.043000, 3485
0.043000, 3484
0.043000, 3483
0.044000, 3482
0.044000, 3481
0.044000, 3480
0.044000, 3479
0.044000, 3478
0.044000, 3477
0.044000, 3476
0.045000, 3475
0.045000, 3474
0.045000, 3473
0.045000, 3472
0.045000, 3471
0.045000, 3470
0.046000, 3469
0.046000, 3468
0.046000, 3467
0.046000, 3466
0.046000, 3465
0.047000, 3464
0.047000, 3463
0.047000, 3462
0.047000, 3461
0.047000, 3460
0.048000, 3459
0.048000, 3458
0.048000, 3457
0.048000, 3456
0.048000, 3455
0.049000, 3454
0.049000, 3453
0.049000, 3452
0.049000, 3451
0.049000, 3450
0.050000, 3449
0.050000, 3448
0.050000, 3447
0.050000, 3446
0.051000, 3445
0.051000, 3444
0.051000, 3443
0.051000, 3442
0.051000, 3441
0.052000, 3440
0.052000, 3439
0.052000, 3438
0.052000, 3437
0.052000, 3436
0.053000, 3435
0.053000, 3434
0.053000, 3433
0.053000, 3432
0.053000, 3431
0.053000, 3430
0.054000, 3429
0.054000, 3428
0.054000, 3427
0.054000, 3426
0.054000, 3425
0.054000, 3424
0.055000, 3423
0.055000, 3422
0.055000, 3421
0.055000, 3420
0.055000, 3419
0.055000, 3418
0.056000, 3417
0.056000, 3416
0.056000, 3415
0.056000, 3414
0.056000, 3413
0.056000, 3412
0.056000, 3411
0.057000, 3410
0.057000, 3409
0.057000, 3408
0.057000, 3407
0.057000, 3406
0.057000, 3405
0.058000, 3404
0.058000, 3403
0.058000, 3402
0.058000, 3401
0.059000, 3400
0.059000, 3399
0.059000, 3398
0.060000, 3397
0.060000, 3396
0.060000, 3395
0.060000, 3394
0.060000, 3393
0.060000, 3392
0.060000, 3391
0.061000, 3390
0.061000, 3389
0.061000, 3388
0.061000, 3387
0.061000, 3386
0.062000, 3385
0.062000, 3384
0.062000, 3383
0.062000, 3382
0.062000, 3381
0.062000, 3380
0.063000, 3379
0.063000, 3378
0.063000, 3377
0.064000, 3376
0.064000, 3375
0.064000, 3374
0.064000, 3373
0.064000, 3372
0.065000, 3371
0.065000, 3370
0.065000, 3369
0.065000, 3368
0.065000, 3367
0.066000, 3366
0.066000, 3365
0.066000, 3364
0.066000, 3363
0.066000, 3362
0.067000, 3361
0.067000, 3360
0.067000, 3359
0.068000, 3358
0.068000, 3357
0.068000, 3356
0.068000, 3355
0.068000, 3354
0.069000, 3353
0.069000, 3352
0.069000, 3351
0.069000, 3350
0.070000, 3349
0.070000, 3348
0.070000, 3347
0.070000, 3346
0.071000, 3345
0.071000, 3344
0.071000, 3343
0.072000, 3342
0.072000, 3341
0.072000, 3340
0.072000, 3339
0.073000, 3338
0.073000, 3337
0.073000, 3336
0.073000, 3335
0.073000, 3334
0.074000, 3333
0.074000, 3332
0.074000, 3331
0.075000, 3330
0.075000, 3329
0.075000, 3328
0.075000, 3327
0.075000, 3326
0.076000, 3325
0.076000, 3324
0.076000, 3323
0.076000, 3322
0.076000, 3321
0.076000, 3320
0.077000, 3319
0.077000, 3318
0.077000, 3317
0.078000, 3316
0.078000, 3315
0.078000, 3314
0.079000, 3313
0.079000, 3312
0.080000, 3311
0.080000, 3310
0.080000, 3309
0.080000, 3308
0.081000, 3307
0.081000, 3306
0.081000, 3305
0.081000, 3304
0.081000, 3303
0.081000, 3302
0.082000, 3301
0.082000, 3300
0.082000, 3299
0.082000, 3298
0.083000, 3297
0.083000, 3296
0.083000, 3295
0.083000, 3294
0.083000, 3293
0.084000, 3292
0.084000, 3291
0.084000, 3290
0.084000, 3289
0.084000, 3288
0.084000, 3287
0.085000, 3286
0.085000, 3285
0.085000, 3284
0.085000, 3283
0.085000, 3282
0.085000, 3281
0.086000, 3280
0.086000, 3279
0.086000, 3278
0.087000, 3277
0.087000, 3276
0.087000, 3275
0.087000, 3274
0.087000, 3273
0.087000, 3272
0.088000, 3271
0.088000, 3270
0.088000, 3269
0.088000, 3268
0.088000, 3267
0.088000, 3266
0.089000, 3265
0.089000, 3264
0.089000, 3263
0.089000, 3262
0.090000, 3261
0.090000, 3260
0.091000, 3259
0.091000, 3258
0.091000, 3257
0.091000, 3256
0.091000, 3255
0.091000, 3254
0.092000, 3253
0.093000, 3252
0.093000, 3251
0.093000, 3250
0.093000, 3249
0.094000, 3248
0.094000, 3247
0.094000, 3246
0.094000, 3245
0.094000, 3244
0.095000, 3243
0.095000, 3242
0.095000, 3241
0.095000, 3240
0.095000, 3239
0.095000, 3238
0.096000, 3237
0.096000, 3236
0.096000, 3235
0.096000, 3234
0.096000, 3233
0.097000, 3232
0.097000, 3231
0.097000, 3230
0.097000, 3229
0.098000, 3228
0.098000, 3227
0.098000, 3226
0.099000, 3225
0.099000, 3224
0.099000, 3223
0.099000, 3222
0.100000, 3221
0.100000, 3220
0.100000, 3219
0.100000, 3218
0.101000, 3217
0.101000, 3216
0.101000, 3215
0.102000, 3214
0.102000, 3213
0.102000, 3212
0.102000, 3211
0.102000, 3210
0.103000, 3209
0.103000, 3208
0.103000, 3207
0.103000, 3206
0.104000, 3205
0.104000, 3204
0.104000, 3203
0.105000, 3202
0.105000, 3201
0.105000, 3200
0.105000, 3199
0.105000, 3198
0.106000, 3197
0.106000, 3196
0.106000, 3195
0.106000, 3194
0.107000, 3193
0.107000, 3192
0.107000, 3191
0.107000, 3190
0.107000, 3189
0.108000, 3188
0.108000, 3187
0.108000, 3186
0.108000, 3185
0.109000, 3184
0.109000, 3183
0.109000, 3182
0.109000, 3181
0.109000, 3180
0.110000, 3179
0.110000, 3178
0.110000, 3177
0.110000, 3176
0.111000, 3175
0.111000, 3174
0.111000, 3173
0.112000, 3172
0.112000, 3171
0.112000, 3170
0.112000, 3169
0.113000, 3168
0.113000, 3167
0.113000, 3166
0.113000, 3165
0.113000, 3164
0.114000, 3163
0.114000, 3162
0.114000, 3161
0.115000, 3160
0.115000, 3159
0.115000, 3158
0.116000, 3157
0.116000, 3156
0.117000, 3155
0.117000, 3154
0.117000, 3153
0.117000, 3152
0.118000, 3151
0.118000, 3150
0.118000, 3149
0.118000, 3148
0.118000, 3147
0.119000, 3146
0.119000, 3145
0.119000, 3144
0.119000, 3143
0.119000, 3142
0.120000, 3141
0.120000, 3140
0.120000, 3139
0.120000, 3138
0.121000, 3137
0.121000, 3136
0.121000, 3135
0.121000, 3134
0.121000, 3133
0.122000, 3132
0.122000, 3131
0.122000, 3130
0.122000, 3129
0.122000, 3128
0.123000, 3127
0.123000, 3126
0.124000, 3125
0.124000, 3124
0.124000, 3123
0.124000, 3122
0.124000, 3121
0.124000, 3120
0.125000, 3119
0.125000, 3118
0.125000, 3117
0.125000, 3116
0.125000, 3115
0.126000, 3114
0.126000, 3113
0.126000, 3112
0.126000, 3111
0.126000, 3110
0.126000, 3109
0.127000, 3108
0.127000, 3107
0.127000, 3106
0.127000, 3105
0.128000, 3104
0.128000, 3103
0.128000, 3102
0.129000, 3101
0.129000, 3100
0.129000, 3099
0.129000, 3098
0.129000, 3097
0.129000, 3096
0.130000, 3095
0.130000, 3094
0.130000, 3093
0.131000, 3092
0.131000, 3091
0.132000, 3090
0.132000, 3089
0.132000, 3088
0.133000, 3087
0.133000, 3086
0.133000, 3085
0.133000, 3084
0.134000, 3083
0.134000, 3082
0.134000, 3081
0.134000, 3080
0.135000, 3079
0.135000, 3078
0.135000, 3077
0.136000, 3076
0.136000, 3075
0.136000, 3074
0.136000, 3073
0.137000, 3072
0.137000, 3071
0.137000, 3070
0.137000, 3069
0.138000, 3068
0.138000, 3067
0.138000, 3066
0.138000, 3065
0.138000, 3064
0.139000, 3063
0.139000, 3062
0.139000, 3061
0.139000, 3060
0.139000, 3059
0.140000, 3058
0.140000, 3057
0.140000, 3056
0.140000, 3055
0.141000, 3054
0.142000, 3053
0.142000, 3052
0.142000, 3051
0.142000, 3050
0.142000, 3049
0.142000, 3048
0.143000, 3047
0.143000, 3046
0.143000, 3045
0.143000, 3044
0.144000, 3043
0.144000, 3042
0.144000, 3041
0.145000, 3040
0.145000, 3039
0.145000, 3038
0.145000, 3037
0.145000, 3036
0.145000, 3035
0.146000, 3034
0.146000, 3033
0.147000, 3032
0.147000, 3031
0.148000, 3030
0.148000, 3029
0.148000, 3028
0.148000, 3027
0.149000, 3026
0.149000, 3025
0.149000, 3024
0.150000, 3023
0.150000, 3022
0.150000, 3021
0.150000, 3020
0.151000, 3019
0.151000, 3018
0.151000, 3017
0.152000, 3016
0.152000, 3015
0.153000, 3014
0.153000, 3013
0.154000, 3012
0.154000, 3011
0.154000, 3010
0.154000, 3009
0.154000, 3008
0.154000, 3007
0.155000, 3006
0.155000, 3005
0.155000, 3004
0.155000, 3003
0.156000, 3002
0.156000, 3001
0.157000, 3000
0.157000, 2999
0.158000, 2998
0.158000, 2997
0.158000, 2996
0.159000, 2995
0.160000, 2994
0.161000, 2993
0.161000, 2992
0.161000, 2991
0.161000, 2990
0.161000, 2989
0.162000, 2988
0.162000, 2987
0.162000, 2986
0.163000, 2985
0.163000, 2984
0.163000, 2983
0.163000, 2982
0.164000, 2981
0.164000, 2980
0.164000, 2979
0.164000, 2978
0.164000, 2977
0.164000, 2976
0.165000, 2975
0.165000, 2974
0.166000, 2973
0.166000, 2972
0.166000, 2971
0.167000, 2970
0.167000, 2969
0.167000, 2968
0.168000, 2967
0.168000, 2966
0.168000, 2965
0.168000, 2964
0.168000, 2963
0.168000, 2962
0.169000, 2961
0.169000, 2960
0.169000, 2959
0.169000, 2958
0.171000, 2957
0.171000, 2956
0.172000, 2955
0.172000, 2954
0.172000, 2953
0.172000, 2952
0.172000, 2951
0.173000, 2950
0.173000, 2949
0.173000, 2948
0.173000, 2947
0.174000, 2946
0.174000, 2945
0.175000, 2944
0.176000, 2943
0.176000, 2942
0.177000, 2941
0.177000, 2940
0.177000, 2939
0.177000, 2938
0.178000, 2937
0.178000, 2936
0.178000, 2935
0.178000, 2934
0.178000, 2933
0.178000, 2932
0.179000, 2931
0.179000, 2930
0.180000, 2929
0.180000, 2928
0.180000, 2927
0.180000, 2926
0.180000, 2925
0.180000, 2924
0.180000, 2923
0.181000, 2922
0.181000, 2921
0.181000, 2920
0.182000, 2919
0.182000, 2918
0.182000, 2917
0.183000, 2916
0.183000, 2915
0.183000, 2914
0.184000, 2913
0.184000, 2912
0.184000, 2911
0.184000, 2910
0.185000, 2909
0.185000, 2908
0.185000, 2907
0.185000, 2906
0.186000, 2905
0.186000, 2904
0.186000, 2903
0.187000, 2902
0.187000, 2901
0.187000, 2900
0.188000, 2899
0.188000, 2898
0.188000, 2897
0.188000, 2896
0.189000, 2895
0.189000, 2894
0.189000, 2893
0.189000, 2892
0.189000, 2891
0.190000, 2890
0.190000, 2889
0.191000, 2888
0.192000, 2887
0.192000, 2886
0.192000, 2885
0.192000, 2884
0.193000, 2883
0.194000, 2882
0.194000, 2881
0.194000, 2880
0.194000, 2879
0.195000, 2878
0.195000, 2877
0.195000, 2876
0.195000, 2875
0.196000, 2874
0.196000, 2873
0.196000, 2872
0.196000, 2871
0.196000, 2870
0.197000, 2869
0.197000, 2868
0.198000, 2867
0.198000, 2866
0.199000, 2865
0.199000, 2864
0.199000, 2863
0.199000, 2862
0.199000, 2861
0.200000, 2860
0.200000, 2859
0.200000, 2858
0.200000, 2857
0.200000, 2856
0.201000, 2855
0.201000, 2854
0.202000, 2853
0.202000, 2852
0.202000, 2851
0.202000, 2850
0.202000, 2849
0.203000, 2848
0.203000, 2847
0.203000, 2846
0.204000, 2845
0.204000, 2844
0.204000, 2843
0.204000, 2842
0.205000, 2841
0.205000, 2840
0.205000, 2839
0.205000, 2838
0.206000, 2837
0.206000, 2836
0.206000, 2835
0.206000, 2834
0.207000, 2833
0.207000, 2832
0.207000, 2831
0.208000, 2830
0.208000, 2829
0.208000, 2828
0.209000, 2827
0.209000, 2826
0.209000, 2825
0.210000, 2824
0.210000, 2823
0.211000, 2822
0.211000, 2821
0.211000, 2820
0.211000, 2819
0.211000, 2818
0.212000, 2817
0.212000, 2816
0.213000, 2815
0.213000, 2814
0.214000, 2813
0.214000, 2812
0.214000, 2811
0.214000, 2810
0.214000, 2809
0.214000, 2808
0.215000, 2807
0.215000, 2806
0.215000, 2805
0.215000, 2804
0.216000, 2803
0.216000, 2802
0.216000, 2801
0.216000, 2800
0.217000, 2799
0.218000, 2798
0.219000, 2797
0.219000, 2796
0.219000, 2795
0.220000, 2794
0.220000, 2793
0.220000, 2792
0.221000, 2791
0.221000, 2790
0.221000, 2789
0.222000, 2788
0.222000, 2787
0.222000, 2786
0.222000, 2785
0.223000, 2784
0.223000, 2783
0.224000, 2782
0.224000, 2781
0.224000, 2780
0.225000, 2779
0.225000, 2778
0.225000, 2777
0.225000, 2776
0.226000, 2775
0.226000, 2774
0.226000, 2773
0.226000, 2772
0.227000, 2771
0.227000, 2770
0.228000, 2769
0.229000, 2768
0.229000, 2767
0.229000, 2766
0.229000, 2765
0.230000, 2764
0.230000, 2763
0.230000, 2762
0.231000, 2761
0.231000, 2760
0.231000, 2759
0.232000, 2758
0.232000, 2757
0.233000, 2756
0.233000, 2755
0.233000, 2754
0.234000, 2753
0.234000, 2752
0.235000, 2751
0.235000, 2750
0.236000, 2749
0.236000, 2748
0.236000, 2747
0.236000, 2746
0.237000, 2745
0.238000, 2744
0.238000, 2743
0.239000, 2742
0.239000, 2741
0.239000, 2740
0.240000, 2739
0.240000, 2738
0.241000, 2737
0.241000, 2736
0.241000, 2735
0.242000, 2734
0.243000, 2733
0.243000, 2732
0.244000, 2731
0.244000, 2730
0.244000, 2729
0.245000, 2728
0.245000, 2727
0.245000, 2726
0.246000, 2725
0.246000, 2724
0.246000, 2723
0.247000, 2722
0.247000, 2721
0.247000, 2720
0.247000, 2719
0.248000, 2718
0.249000, 2717
0.249000, 2716
0.250000, 2715
0.250000, 2714
0.250000, 2713
0.251000, 2712
0.252000, 2711
0.253000, 2710
0.253000, 2709
0.254000, 2708
0.256000, 2707
0.256000, 2706
0.257000, 2705
0.257000, 2704
0.258000, 2703
0.258000, 2702
0.259000, 2701
0.260000, 2700
0.260000, 2699
0.261000, 2698
0.261000, 2697
0.261000, 2696
0.262000, 2695
0.262000, 2694
0.262000, 2693
0.262000, 2692
0.263000, 2691
0.264000, 2690
0.265000, 2689
0.265000, 2688
0.266000, 2687
0.266000, 2686
0.266000, 2685
0.267000, 2684
0.267000, 2683
0.267000, 2682
0.268000, 2681
0.268000, 2680
0.268000, 2679
0.268000, 2678
0.269000, 2677
0.269000, 2676
0.269000, 2675
0.270000, 2674
0.270000, 2673
0.270000, 2672
0.271000, 2671
0.272000, 2670
0.272000, 2669
0.273000, 2668
0.273000, 2667
0.274000, 2666
0.274000, 2665
0.275000, 2664
0.275000, 2663
0.276000, 2662
0.276000, 2661
0.277000, 2660
0.277000, 2659
0.277000, 2658
0.278000, 2657
0.278000, 2656
0.279000, 2655
0.282000, 2654
0.282000, 2653
0.282000, 2652
0.283000, 2651
0.283000, 2650
0.284000, 2649
0.284000, 2648
0.284000, 2647
0.284000, 2646
0.285000, 2645
0.285000, 2644
0.285000, 2643
0.287000, 2642
0.287000, 2641
0.288000, 2640
0.289000, 2639
0.289000, 2638
0.290000, 2637
0.290000, 2636
0.290000, 2635
0.290000, 2634
0.290000, 2633
0.290000, 2632
0.291000, 2631
0.291000, 2630
0.292000, 2629
0.292000, 2628
0.292000, 2627
0.293000, 2626
0.293000, 2625
0.294000, 2624
0.295000, 2623
0.295000, 2622
0.295000, 2621
0.295000, 2620
0.295000, 2619
0.296000, 2618
0.296000, 2617
0.297000, 2616
0.297000, 2615
0.298000, 2614
0.298000, 2613
0.299000, 2612
0.300000, 2611
0.300000, 2610
0.301000, 2609
0.302000, 2608
0.302000, 2607
0.302000, 2606
0.303000, 2605
0.303000, 2604
0.303000, 2603
0.303000, 2602
0.304000, 2601
0.305000, 2600
0.305000, 2599
0.305000, 2598
0.305000, 2597
0.305000, 2596
0.306000, 2595
0.306000, 2594
0.306000, 2593
0.307000, 2592
0.308000, 2591
0.308000, 2590
0.310000, 2589
0.311000, 2588
0.311000, 2587
0.312000, 2586
0.313000, 2585
0.313000, 2584
0.314000, 2583
0.317000, 2582
0.318000, 2581
0.318000, 2580
0.319000, 2579
0.319000, 2578
0.320000, 2577
0.320000, 2576
0.320000, 2575
0.320000, 2574
0.321000, 2573
0.321000, 2572
0.321000, 2571
0.321000, 2570
0.322000, 2569
0.323000, 2568
0.323000, 2567
0.323000, 2566
0.324000, 2565
0.324000, 2564
0.324000, 2563
0.325000, 2562
0.325000, 2561
0.326000, 2560
0.327000, 2559
0.327000, 2558
0.328000, 2557
0.329000, 2556
0.329000, 2555
0.330000, 2554
0.331000, 2553
0.332000, 2552
0.332000, 2551
0.332000, 2550
0.332000, 2549
0.333000, 2548
0.334000, 2547
0.334000, 2546
0.334000, 2545
0.335000, 2544
0.337000, 2543
0.338000, 2542
0.339000, 2541
0.340000, 2540
0.340000, 2539
0.341000, 2538
0.341000, 2537
0.341000, 2536
0.342000, 2535
0.343000, 2534
0.343000, 2533
0.343000, 2532
0.344000, 2531
0.344000, 2530
0.345000, 2529
0.345000, 2528
0.345000, 2527
0.345000, 2526
0.346000, 2525
0.347000, 2524
0.348000, 2523
0.348000, 2522
0.348000, 2521
0.349000, 2520
0.351000, 2519
0.351000, 2518
0.351000, 2517
0.352000, 2516
0.352000, 2515
0.353000, 2514
0.353000, 2513
0.354000, 2512
0.354000, 2511
0.355000, 2510
0.355000, 2509
0.356000, 2508
0.357000, 2507
0.357000, 2506
0.357000, 2505
0.358000, 2504
0.359000, 2503
0.360000, 2502
0.362000, 2501
0.363000, 2500
0.363000, 2499
0.364000, 2498
0.365000, 2497
0.365000, 2496
0.365000, 2495
0.366000, 2494
0.369000, 2493
0.369000, 2492
0.371000, 2491
0.371000, 2490
0.372000, 2489
0.372000, 2488
0.373000, 2487
0.373000, 2486
0.373000, 2485
0.374000, 2484
0.374000, 2483
0.375000, 2482
0.375000, 2481
0.375000, 2480
0.375000, 2479
0.376000, 2478
0.376000, 2477
0.377000, 2476
0.378000, 2475
0.378000, 2474
0.379000, 2473
0.379000, 2472
0.380000, 2471
0.381000, 2470
0.381000, 2469
0.382000, 2468
0.383000, 2467
0.385000, 2466
0.386000, 2465
0.386000, 2464
0.386000, 2463
0.387000, 2462
0.387000, 2461
0.388000, 2460
0.389000, 2459
0.389000, 2458
0.390000, 2457
0.391000, 2456
0.391000, 2455
0.392000, 2454
0.392000, 2453
0.392000, 2452
0.393000, 2451
0.393000, 2450
0.395000, 2449
0.397000, 2448
0.400000, 2447
0.400000, 2446
0.401000, 2445
0.402000, 2444
0.403000, 2443
0.403000, 2442
0.404000, 2441
0.406000, 2440
0.410000, 2439
0.410000, 2438
0.411000, 2437
0.412000, 2436
0.412000, 2435
0.414000, 2434
0.415000, 2433
0.416000, 2432
0.416000, 2431
0.417000, 2430
0.419000, 2429
0.420000, 2428
0.422000, 2427
0.422000, 2426
0.423000, 2425
0.424000, 2424
0.425000, 2423
0.425000, 2422
0.429000, 2421
0.431000, 2420
0.431000, 2419
0.433000, 2418
0.436000, 2417
0.437000, 2416
0.438000, 2415
0.439000, 2414
0.447000, 2413
0.448000, 2412
0.448000, 2411
0.449000, 2410
0.450000, 2409
0.450000, 2408
0.452000, 2407
0.454000, 2406
0.458000, 2405
0.460000, 2404
0.460000, 2403
0.461000, 2402
0.462000, 2401
0.463000, 2400
0.464000, 2399
0.468000, 2398
0.468000, 2397
0.478000, 2396
0.481000, 2395
0.486000, 2394
0.487000, 2393
0.487000, 2392
0.488000, 2391
0.491000, 2390
0.492000, 2389
0.494000, 2388
0.495000, 2387
0.497000, 2386
0.498000, 2385
0.501000, 2384
0.502000, 2383
0.507000, 2382
0.508000, 2381
0.508000, 2380
0.511000, 2379
0.513000, 2378
0.513000, 2377
0.525000, 2376
0.526000, 2375
0.538000, 2374
0.545000, 2373
0.548000, 2372
0.549000, 2371
0.550000, 2370
0.556000, 2369
0.564000, 2368
0.564000, 2367
0.572000, 2366
0.575000, 2365
0.576000, 2364
0.585000, 2363
0.596000, 2362
0.608000, 2361
0.620000, 2360
0.626000, 2359
0.629000, 2358
0.669000, 2357
0.683000, 2356
0.684000, 2355
0.739000, 2354
0.762000, 2353
