0.006000, 3621
0.009000, 3620
0.009000, 3619
0.010000, 3618
0.011000, 3617
0.011000, 3616
0.011000, 3615
0.011000, 3614
0.012000, 3613
0.012000, 3612
0.012000, 3611
0.013000, 3610
0.013000, 3609
0.014000, 3608
0.014000, 3607
0.015000, 3606
0.015000, 3605
0.015000, 3604
0.015000, 3603
0.016000, 3602
0.016000, 3601
0.016000, 3600
0.017000, 3599
0.017000, 3598
0.017000, 3597
0.017000, 3596
0.018000, 3595
0.018000, 3594
0.019000, 3593
0.019000, 3592
0.020000, 3591
0.020000, 3590
0.021000, 3589
0.021000, 3588
0.021000, 3587
0.022000, 3586
0.022000, 3585
0.022000, 3584
0.023000, 3583
0.024000, 3582
0.024000, 3581
0.024000, 3580
0.025000, 3579
0.025000, 3578
0.025000, 3577
0.026000, 3576
0.026000, 3575
0.026000, 3574
0.027000, 3573
0.027000, 3572
0.027000, 3571
0.027000, 3570
0.027000, 3569
0.027000, 3568
0.027000, 3567
0.028000, 3566
0.028000, 3565
0.028000, 3564
0.028000, 3563
0.028000, 3562
0.029000, 3561
0.029000, 3560
0.029000, 3559
0.029000, 3558
0.029000, 3557
0.029000, 3556
0.030000, 3555
0.030000, 3554
0.030000, 3553
0.030000, 3552
0.030000, 3551
0.031000, 3550
0.031000, 3549
0.031000, 3548
0.031000, 3547
0.031000, 3546
0.032000, 3545
0.032000, 3544
0.032000, 3543
0.032000, 3542
0.032000, 3541
0.033000, 3540
0.033000, 3539
0.033000, 3538
0.033000, 3537
0.033000, 3536
0.033000, 3535
0.034000, 3534
0.034000, 3533
0.034000, 3532
0.034000, 3531
0.035000, 3530
0.035000, 3529
0.035000, 3528
0.035000, 3527
0.035000, 3526
0.036000, 3525
0.036000, 3524
0.036000, 3523
0.036000, 3522
0.036000, 3521
0.037000, 3520
0.037000, 3519
0.037000, 3518
0.037000, 3517
0.038000, 3516
0.038000, 3515
0.038000, 3514
0.038000, 3513
0.038000, 3512
0.038000, 3511
0.039000, 3510
0.039000, 3509
0.039000, 3508
0.039000, 3507
0.039000, 3506
0.040000, 3505
0.040000, 3504
0.040000, 3503
0.041000, 3502
0.041000, 3501
0.041000, 3500
0.041000, 3499
0.041000, 3498
0.042000, 3497
0.042000, 3496
0.042000, 3495
0.042000, 3494
0.042000, 3493
0.043000, 3492
0.043000, 3491
0.043000, 3490
0.043000, 3489
0.044000, 3488
0.044000, 3487
0.044000, 3486
0.044000, 3485
0.044000, 3484
0.044000, 3483
0.045000, 3482
0.045000, 3481
0.045000, 3480
0.045000, 3479
0.045000, 3478
0.045000, 3477
0.046000, 3476
0.046000, 3475
0.046000, 3474
0.046000, 3473
0.046000, 3472
0.047000, 3471
0.047000, 3470
0.047000, 3469
0.047000, 3468
0.047000, 3467
0.048000, 3466
0.048000, 3465
0.048000, 3464
0.048000, 3463
0.048000, 3462
0.048000, 3461
0.049000, 3460
0.049000, 3459
0.049000, 3458
0.049000, 3457
0.049000, 3456
0.049000, 3455
0.050000, 3454
0.050000, 3453
0.050000, 3452
0.050000, 3451
0.050000, 3450
0.051000, 3449
0.051000, 3448
0.051000, 3447
0.051000, 3446
0.051000, 3445
0.051000, 3444
0.052000, 3443
0.052000, 3442
0.052000, 3441
0.052000, 3440
0.052000, 3439
0.052000, 3438
0.052000, 3437
0.052000, 3436
0.053000, 3435
0.053000, 3434
0.053000, 3433
0.053000, 3432
0.053000, 3431
0.053000, 3430
0.054000, 3429
0.054000, 3428
0.054000, 3427
0.054000, 3426
0.054000, 3425
0.054000, 3424
0.055000, 3423
0.055000, 3422
0.055000, 3421
0.055000, 3420
0.056000, 3419
0.056000, 3418
0.056000, 3417
0.056000, 3416
0.057000, 3415
0.057000, 3414
0.057000, 3413
0.057000, 3412
0.057000, 3411
0.058000, 3410
0.058000, 3409
0.058000, 3408
0.058000, 3407
0.058000, 3406
0.059000, 3405
0.059000, 3404
0.059000, 3403
0.059000, 3402
0.060000, 3401
0.060000, 3400
0.060000, 3399
0.060000, 3398
0.060000, 3397
0.060000, 3396
0.060000, 3395
0.061000, 3394
0.061000, 3393
0.061000, 3392
0.062000, 3391
0.062000, 3390
0.062000, 3389
0.062000, 3388
0.062000, 3387
0.063000, 3386
0.063000, 3385
0.063000, 3384
0.063000, 3383
0.063000, 3382
0.063000, 3381
0.064000, 3380
0.064000, 3379
0.064000, 3378
0.064000, 3377
0.065000, 3376
0.065000, 3375
0.065000, 3374
0.065000, 3373
0.065000, 3372
0.066000, 3371
0.066000, 3370
0.066000, 3369
0.067000, 3368
0.067000, 3367
0.067000, 3366
0.067000, 3365
0.068000, 3364
0.068000, 3363
0.068000, 3362
0.069000, 3361
0.069000, 3360
0.069000, 3359
0.070000, 3358
0.070000, 3357
0.070000, 3356
0.070000, 3355
0.070000, 3354
0.071000, 3353
0.071000, 3352
0.071000, 3351
0.071000, 3350
0.071000, 3349
0.071000, 3348
0.072000, 3347
0.072000, 3346
0.072000, 3345
0.073000, 3344
0.073000, 3343
0.073000, 3342
0.073000, 3341
0.073000, 3340
0.074000, 3339
0.075000, 3338
0.075000, 3337
0.075000, 3336
0.075000, 3335
0.075000, 3334
0.075000, 3333
0.076000, 3332
0.076000, 3331
0.076000, 3330
0.076000, 3329
0.076000, 3328
0.076000, 3327
0.077000, 3326
0.077000, 3325
0.077000, 3324
0.077000, 3323
0.077000, 3322
0.077000, 3321
0.078000, 3320
0.078000, 3319
0.078000, 3318
0.078000, 3317
0.079000, 3316
0.079000, 3315
0.079000, 3314
0.079000, 3313
0.079000, 3312
0.079000, 3311
0.080000, 3310
0.080000, 3309
0.080000, 3308
0.080000, 3307
0.081000, 3306
0.081000, 3305
0.081000, 3304
0.081000, 3303
0.081000, 3302
0.082000, 3301
0.082000, 3300
0.082000, 3299
0.083000, 3298
0.083000, 3297
0.083000, 3296
0.083000, 3295
0.084000, 3294
0.084000, 3293
0.084000, 3292
0.084000, 3291
0.084000, 3290
0.085000, 3289
0.085000, 3288
0.085000, 3287
0.085000, 3286
0.085000, 3285
0.086000, 3284
0.086000, 3283
0.086000, 3282
0.086000, 3281
0.087000, 3280
0.087000, 3279
0.087000, 3278
0.087000, 3277
0.088000, 3276
0.088000, 3275
0.088000, 3274
0.088000, 3273
0.088000, 3272
0.089000, 3271
0.089000, 3270
0.089000, 3269
0.089000, 3268
0.090000, 3267
0.090000, 3266
0.090000, 3265
0.090000, 3264
0.090000, 3263
0.091000, 3262
0.091000, 3261
0.091000, 3260
0.092000, 3259
0.092000, 3258
0.092000, 3257
0.092000, 3256
0.093000, 3255
0.093000, 3254
0.093000, 3253
0.093000, 3252
0.094000, 3251
0.094000, 3250
0.094000, 3249
0.095000, 3248
0.095000, 3247
0.095000, 3246
0.095000, 3245
0.096000, 3244
0.096000, 3243
0.096000, 3242
0.097000, 3241
0.097000, 3240
0.097000, 3239
0.097000, 3238
0.098000, 3237
0.098000, 3236
0.098000, 3235
0.098000, 3234
0.098000, 3233
0.098000, 3232
0.099000, 3231
0.099000, 3230
0.099000, 3229
0.099000, 3228
0.100000, 3227
0.100000, 3226
0.100000, 3225
0.100000, 3224
0.101000, 3223
0.101000, 3222
0.101000, 3221
0.101000, 3220
0.101000, 3219
0.101000, 3218
0.102000, 3217
0.102000, 3216
0.103000, 3215
0.103000, 3214
0.103000, 3213
0.103000, 3212
0.104000, 3211
0.104000, 3210
0.104000, 3209
0.104000, 3208
0.104000, 3207
0.104000, 3206
0.105000, 3205
0.105000, 3204
0.105000, 3203
0.105000, 3202
0.106000, 3201
0.106000, 3200
0.106000, 3199
0.107000, 3198
0.107000, 3197
0.107000, 3196
0.107000, 3195
0.107000, 3194
0.108000, 3193
0.108000, 3192
0.108000, 3191
0.109000, 3190
0.109000, 3189
0.109000, 3188
0.109000, 3187
0.110000, 3186
0.110000, 3185
0.110000, 3184
0.110000, 3183
0.111000, 3182
0.111000, 3181
0.111000, 3180
0.111000, 3179
0.111000, 3178
0.111000, 3177
0.112000, 3176
0.112000, 3175
0.113000, 3174
0.113000, 3173
0.113000, 3172
0.113000, 3171
0.114000, 3170
0.114000, 3169
0.114000, 3168
0.114000, 3167
0.115000, 3166
0.115000, 3165
0.116000, 3164
0.117000, 3163
0.117000, 3162
0.117000, 3161
0.118000, 3160
0.118000, 3159
0.119000, 3158
0.119000, 3157
0.120000, 3156
0.120000, 3155
0.120000, 3154
0.120000, 3153
0.120000, 3152
0.120000, 3151
0.121000, 3150
0.121000, 3149
0.121000, 3148
0.122000, 3147
0.122000, 3146
0.122000, 3145
0.122000, 3144
0.122000, 3143
0.123000, 3142
0.123000, 3141
0.123000, 3140
0.123000, 3139
0.123000, 3138
0.124000, 3137
0.124000, 3136
0.124000, 3135
0.124000, 3134
0.125000, 3133
0.125000, 3132
0.125000, 3131
0.126000, 3130
0.126000, 3129
0.126000, 3128
0.126000, 3127
0.126000, 3126
0.127000, 3125
0.127000, 3124
0.127000, 3123
0.127000, 3122
0.128000, 3121
0.128000, 3120
0.128000, 3119
0.128000, 3118
0.129000, 3117
0.130000, 3116
0.130000, 3115
0.130000, 3114
0.131000, 3113
0.131000, 3112
0.132000, 3111
0.132000, 3110
0.132000, 3109
0.132000, 3108
0.132000, 3107
0.133000, 3106
0.133000, 3105
0.133000, 3104
0.133000, 3103
0.134000, 3102
0.134000, 3101
0.134000, 3100
0.134000, 3099
0.135000, 3098
0.135000, 3097
0.136000, 3096
0.136000, 3095
0.136000, 3094
0.136000, 3093
0.136000, 3092
0.137000, 3091
0.137000, 3090
0.137000, 3089
0.138000, 3088
0.138000, 3087
0.138000, 3086
0.138000, 3085
0.139000, 3084
0.139000, 3083
0.139000, 3082
0.140000, 3081
0.140000, 3080
0.140000, 3079
0.140000, 3078
0.140000, 3077
0.141000, 3076
0.141000, 3075
0.141000, 3074
0.141000, 3073
0.141000, 3072
0.142000, 3071
0.142000, 3070
0.142000, 3069
0.142000, 3068
0.143000, 3067
0.143000, 3066
0.143000, 3065
0.143000, 3064
0.144000, 3063
0.144000, 3062
0.144000, 3061
0.144000, 3060
0.145000, 3059
0.145000, 3058
0.145000, 3057
0.145000, 3056
0.146000, 3055
0.146000, 3054
0.146000, 3053
0.146000, 3052
0.146000, 3051
0.147000, 3050
0.147000, 3049
0.147000, 3048
0.148000, 3047
0.148000, 3046
0.148000, 3045
0.148000, 3044
0.149000, 3043
0.149000, 3042
0.149000, 3041
0.149000, 3040
0.150000, 3039
0.150000, 3038
0.150000, 3037
0.150000, 3036
0.151000, 3035
0.151000, 3034
0.152000, 3033
0.152000, 3032
0.152000, 3031
0.152000, 3030
0.153000, 3029
0.153000, 3028
0.153000, 3027
0.154000, 3026
0.154000, 3025
0.154000, 3024
0.154000, 3023
0.155000, 3022
0.155000, 3021
0.155000, 3020
0.155000, 3019
0.155000, 3018
0.155000, 3017
0.155000, 3016
0.156000, 3015
0.157000, 3014
0.157000, 3013
0.157000, 3012
0.158000, 3011
0.158000, 3010
0.158000, 3009
0.158000, 3008
0.158000, 3007
0.158000, 3006
0.159000, 3005
0.159000, 3004
0.159000, 3003
0.159000, 3002
0.159000, 3001
0.159000, 3000
0.160000, 2999
0.160000, 2998
0.160000, 2997
0.160000, 2996
0.161000, 2995
0.162000, 2994
0.162000, 2993
0.162000, 2992
0.162000, 2991
0.162000, 2990
0.163000, 2989
0.163000, 2988
0.163000, 2987
0.164000, 2986
0.164000, 2985
0.165000, 2984
0.165000, 2983
0.165000, 2982
0.165000, 2981
0.165000, 2980
0.165000, 2979
0.166000, 2978
0.166000, 2977
0.166000, 2976
0.166000, 2975
0.167000, 2974
0.167000, 2973
0.167000, 2972
0.167000, 2971
0.168000, 2970
0.168000, 2969
0.168000, 2968
0.168000, 2967
0.169000, 2966
0.169000, 2965
0.169000, 2964
0.169000, 2963
0.170000, 2962
0.170000, 2961
0.170000, 2960
0.170000, 2959
0.171000, 2958
0.171000, 2957
0.171000, 2956
0.172000, 2955
0.172000, 2954
0.172000, 2953
0.172000, 2952
0.172000, 2951
0.173000, 2950
0.173000, 2949
0.173000, 2948
0.173000, 2947
0.174000, 2946
0.174000, 2945
0.174000, 2944
0.175000, 2943
0.175000, 2942
0.175000, 2941
0.176000, 2940
0.176000, 2939
0.176000, 2938
0.176000, 2937
0.176000, 2936
0.176000, 2935
0.177000, 2934
0.177000, 2933
0.177000, 2932
0.178000, 2931
0.178000, 2930
0.178000, 2929
0.179000, 2928
0.179000, 2927
0.179000, 2926
0.179000, 2925
0.179000, 2924
0.180000, 2923
0.180000, 2922
0.180000, 2921
0.182000, 2920
0.182000, 2919
0.184000, 2918
0.184000, 2917
0.184000, 2916
0.184000, 2915
0.185000, 2914
0.185000, 2913
0.186000, 2912
0.186000, 2911
0.186000, 2910
0.187000, 2909
0.187000, 2908
0.187000, 2907
0.187000, 2906
0.188000, 2905
0.188000, 2904
0.189000, 2903
0.190000, 2902
0.190000, 2901
0.191000, 2900
0.191000, 2899
0.191000, 2898
0.191000, 2897
0.192000, 2896
0.192000, 2895
0.192000, 2894
0.192000, 2893
0.192000, 2892
0.192000, 2891
0.193000, 2890
0.193000, 2889
0.193000, 2888
0.193000, 2887
0.194000, 2886
0.195000, 2885
0.195000, 2884
0.196000, 2883
0.196000, 2882
0.196000, 2881
0.196000, 2880
0.196000, 2879
0.197000, 2878
0.197000, 2877
0.197000, 2876
0.197000, 2875
0.197000, 2874
0.197000, 2873
0.198000, 2872
0.198000, 2871
0.199000, 2870
0.199000, 2869
0.201000, 2868
0.201000, 2867
0.201000, 2866
0.201000, 2865
0.202000, 2864
0.202000, 2863
0.202000, 2862
0.202000, 2861
0.203000, 2860
0.203000, 2859
0.204000, 2858
0.204000, 2857
0.204000, 2856
0.204000, 2855
0.205000, 2854
0.205000, 2853
0.205000, 2852
0.206000, 2851
0.206000, 2850
0.206000, 2849
0.207000, 2848
0.207000, 2847
0.207000, 2846
0.207000, 2845
0.207000, 2844
0.208000, 2843
0.208000, 2842
0.208000, 2841
0.209000, 2840
0.209000, 2839
0.209000, 2838
0.210000, 2837
0.210000, 2836
0.210000, 2835
0.210000, 2834
0.211000, 2833
0.211000, 2832
0.211000, 2831
0.211000, 2830
0.211000, 2829
0.212000, 2828
0.212000, 2827
0.213000, 2826
0.213000, 2825
0.214000, 2824
0.214000, 2823
0.215000, 2822
0.215000, 2821
0.215000, 2820
0.215000, 2819
0.215000, 2818
0.216000, 2817
0.216000, 2816
0.216000, 2815
0.217000, 2814
0.217000, 2813
0.217000, 2812
0.218000, 2811
0.218000, 2810
0.218000, 2809
0.219000, 2808
0.219000, 2807
0.220000, 2806
0.220000, 2805
0.221000, 2804
0.221000, 2803
0.222000, 2802
0.222000, 2801
0.222000, 2800
0.222000, 2799
0.222000, 2798
0.223000, 2797
0.223000, 2796
0.223000, 2795
0.224000, 2794
0.224000, 2793
0.225000, 2792
0.225000, 2791
0.225000, 2790
0.225000, 2789
0.225000, 2788
0.225000, 2787
0.226000, 2786
0.226000, 2785
0.226000, 2784
0.227000, 2783
0.227000, 2782
0.227000, 2781
0.228000, 2780
0.228000, 2779
0.228000, 2778
0.229000, 2777
0.229000, 2776
0.229000, 2775
0.229000, 2774
0.230000, 2773
0.230000, 2772
0.230000, 2771
0.231000, 2770
0.232000, 2769
0.232000, 2768
0.232000, 2767
0.232000, 2766
0.232000, 2765
0.232000, 2764
0.233000, 2763
0.233000, 2762
0.233000, 2761
0.234000, 2760
0.234000, 2759
0.234000, 2758
0.235000, 2757
0.236000, 2756
0.236000, 2755
0.236000, 2754
0.236000, 2753
0.237000, 2752
0.237000, 2751
0.237000, 2750
0.238000, 2749
0.238000, 2748
0.238000, 2747
0.238000, 2746
0.239000, 2745
0.239000, 2744
0.239000, 2743
0.239000, 2742
0.240000, 2741
0.240000, 2740
0.240000, 2739
0.241000, 2738
0.241000, 2737
0.241000, 2736
0.241000, 2735
0.242000, 2734
0.242000, 2733
0.243000, 2732
0.243000, 2731
0.243000, 2730
0.244000, 2729
0.244000, 2728
0.244000, 2727
0.244000, 2726
0.244000, 2725
0.245000, 2724
0.246000, 2723
0.246000, 2722
0.246000, 2721
0.246000, 2720
0.247000, 2719
0.247000, 2718
0.247000, 2717
0.248000, 2716
0.248000, 2715
0.248000, 2714
0.248000, 2713
0.248000, 2712
0.249000, 2711
0.249000, 2710
0.249000, 2709
0.250000, 2708
0.250000, 2707
0.251000, 2706
0.252000, 2705
0.252000, 2704
0.252000, 2703
0.252000, 2702
0.253000, 2701
0.253000, 2700
0.253000, 2699
0.254000, 2698
0.254000, 2697
0.255000, 2696
0.255000, 2695
0.255000, 2694
0.255000, 2693
0.255000, 2692
0.256000, 2691
0.256000, 2690
0.257000, 2689
0.258000, 2688
0.258000, 2687
0.259000, 2686
0.259000, 2685
0.260000, 2684
0.261000, 2683
0.261000, 2682
0.261000, 2681
0.262000, 2680
0.264000, 2679
0.264000, 2678
0.264000, 2677
0.264000, 2676
0.265000, 2675
0.266000, 2674
0.266000, 2673
0.267000, 2672
0.267000, 2671
0.267000, 2670
0.269000, 2669
0.269000, 2668
0.271000, 2667
0.271000, 2666
0.272000, 2665
0.272000, 2664
0.272000, 2663
0.273000, 2662
0.273000, 2661
0.274000, 2660
0.274000, 2659
0.274000, 2658
0.275000, 2657
0.275000, 2656
0.276000, 2655
0.276000, 2654
0.276000, 2653
0.276000, 2652
0.277000, 2651
0.277000, 2650
0.277000, 2649
0.278000, 2648
0.278000, 2647
0.278000, 2646
0.279000, 2645
0.279000, 2644
0.280000, 2643
0.281000, 2642
0.281000, 2641
0.282000, 2640
0.283000, 2639
0.283000, 2638
0.283000, 2637
0.284000, 2636
0.284000, 2635
0.285000, 2634
0.285000, 2633
0.285000, 2632
0.285000, 2631
0.286000, 2630
0.286000, 2629
0.286000, 2628
0.287000, 2627
0.287000, 2626
0.287000, 2625
0.288000, 2624
0.288000, 2623
0.288000, 2622
0.288000, 2621
0.289000, 2620
0.289000, 2619
0.290000, 2618
0.290000, 2617
0.290000, 2616
0.291000, 2615
0.291000, 2614
0.291000, 2613
0.292000, 2612
0.292000, 2611
0.292000, 2610
0.292000, 2609
0.293000, 2608
0.293000, 2607
0.294000, 2606
0.295000, 2605
0.296000, 2604
0.298000, 2603
0.298000, 2602
0.298000, 2601
0.298000, 2600
0.300000, 2599
0.300000, 2598
0.301000, 2597
0.303000, 2596
0.303000, 2595
0.303000, 2594
0.304000, 2593
0.304000, 2592
0.305000, 2591
0.305000, 2590
0.305000, 2589
0.307000, 2588
0.307000, 2587
0.307000, 2586
0.308000, 2585
0.309000, 2584
0.310000, 2583
0.310000, 2582
0.311000, 2581
0.312000, 2580
0.313000, 2579
0.314000, 2578
0.315000, 2577
0.318000, 2576
0.318000, 2575
0.318000, 2574
0.318000, 2573
0.319000, 2572
0.319000, 2571
0.319000, 2570
0.320000, 2569
0.320000, 2568
0.320000, 2567
0.321000, 2566
0.321000, 2565
0.321000, 2564
0.322000, 2563
0.322000, 2562
0.322000, 2561
0.323000, 2560
0.323000, 2559
0.323000, 2558
0.324000, 2557
0.324000, 2556
0.324000, 2555
0.324000, 2554
0.325000, 2553
0.326000, 2552
0.326000, 2551
0.326000, 2550
0.327000, 2549
0.327000, 2548
0.327000, 2547
0.327000, 2546
0.327000, 2545
0.328000, 2544
0.328000, 2543
0.329000, 2542
0.329000, 2541
0.330000, 2540
0.330000, 2539
0.330000, 2538
0.330000, 2537
0.330000, 2536
0.330000, 2535
0.330000, 2534
0.332000, 2533
0.332000, 2532
0.332000, 2531
0.333000, 2530
0.333000, 2529
0.333000, 2528
0.334000, 2527
0.334000, 2526
0.334000, 2525
0.335000, 2524
0.335000, 2523
0.336000, 2522
0.336000, 2521
0.337000, 2520
0.337000, 2519
0.338000, 2518
0.340000, 2517
0.341000, 2516
0.341000, 2515
0.343000, 2514
0.343000, 2513
0.344000, 2512
0.344000, 2511
0.345000, 2510
0.345000, 2509
0.345000, 2508
0.346000, 2507
0.346000, 2506
0.347000, 2505
0.347000, 2504
0.347000, 2503
0.348000, 2502
0.349000, 2501
0.349000, 2500
0.349000, 2499
0.350000, 2498
0.350000, 2497
0.351000, 2496
0.352000, 2495
0.352000, 2494
0.353000, 2493
0.353000, 2492
0.354000, 2491
0.354000, 2490
0.355000, 2489
0.355000, 2488
0.355000, 2487
0.356000, 2486
0.356000, 2485
0.356000, 2484
0.357000, 2483
0.357000, 2482
0.357000, 2481
0.357000, 2480
0.358000, 2479
0.358000, 2478
0.359000, 2477
0.359000, 2476
0.360000, 2475
0.360000, 2474
0.361000, 2473
0.361000, 2472
0.361000, 2471
0.362000, 2470
0.363000, 2469
0.364000, 2468
0.364000, 2467
0.366000, 2466
0.366000, 2465
0.367000, 2464
0.367000, 2463
0.367000, 2462
0.369000, 2461
0.370000, 2460
0.372000, 2459
0.372000, 2458
0.373000, 2457
0.373000, 2456
0.374000, 2455
0.374000, 2454
0.374000, 2453
0.375000, 2452
0.376000, 2451
0.376000, 2450
0.376000, 2449
0.376000, 2448
0.377000, 2447
0.378000, 2446
0.379000, 2445
0.379000, 2444
0.379000, 2443
0.380000, 2442
0.380000, 2441
0.381000, 2440
0.381000, 2439
0.381000, 2438
0.381000, 2437
0.382000, 2436
0.382000, 2435
0.382000, 2434
0.384000, 2433
0.385000, 2432
0.386000, 2431
0.388000, 2430
0.390000, 2429
0.391000, 2428
0.393000, 2427
0.394000, 2426
0.394000, 2425
0.395000, 2424
0.395000, 2423
0.396000, 2422
0.397000, 2421
0.400000, 2420
0.401000, 2419
0.403000, 2418
0.404000, 2417
0.405000, 2416
0.406000, 2415
0.407000, 2414
0.407000, 2413
0.408000, 2412
0.408000, 2411
0.408000, 2410
0.409000, 2409
0.409000, 2408
0.410000, 2407
0.411000, 2406
0.411000, 2405
0.412000, 2404
0.414000, 2403
0.414000, 2402
0.414000, 2401
0.415000, 2400
0.415000, 2399
0.416000, 2398
0.416000, 2397
0.416000, 2396
0.417000, 2395
0.418000, 2394
0.418000, 2393
0.418000, 2392
0.422000, 2391
0.423000, 2390
0.424000, 2389
0.425000, 2388
0.427000, 2387
0.427000, 2386
0.431000, 2385
0.433000, 2384
0.435000, 2383
0.438000, 2382
0.438000, 2381
0.439000, 2380
0.441000, 2379
0.443000, 2378
0.443000, 2377
0.445000, 2376
0.448000, 2375
0.448000, 2374
0.449000, 2373
0.450000, 2372
0.451000, 2371
0.455000, 2370
0.455000, 2369
0.460000, 2368
0.463000, 2367
0.466000, 2366
0.467000, 2365
0.468000, 2364
0.471000, 2363
0.474000, 2362
0.477000, 2361
0.481000, 2360
0.483000, 2359
0.483000, 2358
0.485000, 2357
0.487000, 2356
0.488000, 2355
0.492000, 2354
0.492000, 2353
0.494000, 2352
0.494000, 2351
0.495000, 2350
0.500000, 2349
0.501000, 2348
0.502000, 2347
0.510000, 2346
0.512000, 2345
0.514000, 2344
0.518000, 2343
0.525000, 2342
0.528000, 2341
0.545000, 2340
0.547000, 2339
0.548000, 2338
0.551000, 2337
0.556000, 2336
0.569000, 2335
0.575000, 2334
0.579000, 2333
0.586000, 2332
0.589000, 2331
0.591000, 2330
0.594000, 2329
0.613000, 2328
0.614000, 2327
0.615000, 2326
0.616000, 2325
0.616000, 2324
0.694000, 2323
0.697000, 2322
0.712000, 2321
0.728000, 2320
0.783000, 2319
