0.005000, 3623
0.008000, 3622
0.009000, 3621
0.009000, 3620
0.010000, 3619
0.010000, 3618
0.011000, 3617
0.011000, 3616
0.011000, 3615
0.011000, 3614
0.011000, 3613
0.014000, 3612
0.014000, 3611
0.014000, 3610
0.014000, 3609
0.015000, 3608
0.015000, 3607
0.015000, 3606
0.016000, 3605
0.016000, 3604
0.016000, 3603
0.016000, 3602
0.017000, 3601
0.017000, 3600
0.018000, 3599
0.019000, 3598
0.019000, 3597
0.019000, 3596
0.019000, 3595
0.020000, 3594
0.020000, 3593
0.020000, 3592
0.021000, 3591
0.022000, 3590
0.022000, 3589
0.022000, 3588
0.024000, 3587
0.024000, 3586
0.024000, 3585
0.024000, 3584
0.025000, 3583
0.025000, 3582
0.025000, 3581
0.025000, 3580
0.025000, 3579
0.025000, 3578
0.025000, 3577
0.026000, 3576
0.026000, 3575
0.026000, 3574
0.026000, 3573
0.026000, 3572
0.026000, 3571
0.027000, 3570
0.027000, 3569
0.027000, 3568
0.027000, 3567
0.027000, 3566
0.027000, 3565
0.028000, 3564
0.028000, 3563
0.028000, 3562
0.029000, 3561
0.029000, 3560
0.029000, 3559
0.029000, 3558
0.029000, 3557
0.029000, 3556
0.030000, 3555
0.030000, 3554
0.030000, 3553
0.030000, 3552
0.031000, 3551
0.031000, 3550
0.031000, 3549
0.031000, 3548
0.032000, 3547
0.032000, 3546
0.032000, 3545
0.032000, 3544
0.032000, 3543
0.032000, 3542
0.033000, 3541
0.033000, 3540
0.033000, 3539
0.033000, 3538
0.033000, 3537
0.034000, 3536
0.034000, 3535
0.034000, 3534
0.034000, 3533
0.034000, 3532
0.034000, 3531
0.035000, 3530
0.035000, 3529
0.035000, 3528
0.035000, 3527
0.035000, 3526
0.035000, 3525
0.036000, 3524
0.036000, 3523
0.036000, 3522
0.036000, 3521
0.036000, 3520
0.037000, 3519
0.037000, 3518
0.037000, 3517
0.037000, 3516
0.038000, 3515
0.038000, 3514
0.038000, 3513
0.038000, 3512
0.039000, 3511
0.039000, 3510
0.039000, 3509
0.039000, 3508
0.039000, 3507
0.040000, 3506
0.040000, 3505
0.040000, 3504
0.041000, 3503
0.041000, 3502
0.041000, 3501
0.041000, 3500
0.041000, 3499
0.041000, 3498
0.042000, 3497
0.042000, 3496
0.042000, 3495
0.042000, 3494
0.043000, 3493
0.043000, 3492
0.043000, 3491
0.043000, 3490
0.043000, 3489
0.043000, 3488
0.044000, 3487
0.044000, 3486
0.044000, 3485
0.044000, 3484
0.044000, 3483
0.044000, 3482
0.044000, 3481
0.045000, 3480
0.045000, 3479
0.045000, 3478
0.045000, 3477
0.045000, 3476
0.046000, 3475
0.046000, 3474
0.046000, 3473
0.047000, 3472
0.047000, 3471
0.047000, 3470
0.047000, 3469
0.047000, 3468
0.047000, 3467
0.048000, 3466
0.048000, 3465
0.048000, 3464
0.048000, 3463
0.048000, 3462
0.049000, 3461
0.049000, 3460
0.049000, 3459
0.049000, 3458
0.049000, 3457
0.050000, 3456
0.050000, 3455
0.050000, 3454
0.050000, 3453
0.051000, 3452
0.051000, 3451
0.051000, 3450
0.052000, 3449
0.052000, 3448
0.052000, 3447
0.052000, 3446
0.052000, 3445
0.052000, 3444
0.052000, 3443
0.053000, 3442
0.053000, 3441
0.053000, 3440
0.053000, 3439
0.053000, 3438
0.054000, 3437
0.054000, 3436
0.054000, 3435
0.055000, 3434
0.055000, 3433
0.055000, 3432
0.055000, 3431
0.055000, 3430
0.056000, 3429
0.056000, 3428
0.056000, 3427
0.056000, 3426
0.057000, 3425
0.057000, 3424
0.057000, 3423
0.057000, 3422
0.058000, 3421
0.058000, 3420
0.058000, 3419
0.058000, 3418
0.059000, 3417
0.059000, 3416
0.059000, 3415
0.059000, 3414
0.059000, 3413
0.060000, 3412
0.060000, 3411
0.060000, 3410
0.060000, 3409
0.060000, 3408
0.060000, 3407
0.061000, 3406
0.061000, 3405
0.061000, 3404
0.061000, 3403
0.061000, 3402
0.062000, 3401
0.062000, 3400
0.062000, 3399
0.063000, 3398
0.063000, 3397
0.063000, 3396
0.064000, 3395
0.064000, 3394
0.064000, 3393
0.064000, 3392
0.064000, 3391
0.065000, 3390
0.065000, 3389
0.065000, 3388
0.065000, 3387
0.066000, 3386
0.066000, 3385
0.066000, 3384
0.066000, 3383
0.066000, 3382
0.066000, 3381
0.067000, 3380
0.067000, 3379
0.067000, 3378
0.067000, 3377
0.067000, 3376
0.067000, 3375
0.068000, 3374
0.068000, 3373
0.068000, 3372
0.068000, 3371
0.069000, 3370
0.069000, 3369
0.069000, 3368
0.069000, 3367
0.069000, 3366
0.069000, 3365
0.070000, 3364
0.070000, 3363
0.070000, 3362
0.070000, 3361
0.071000, 3360
0.071000, 3359
0.071000, 3358
0.071000, 3357
0.071000, 3356
0.071000, 3355
0.071000, 3354
0.072000, 3353
0.072000, 3352
0.072000, 3351
0.072000, 3350
0.073000, 3349
0.073000, 3348
0.073000, 3347
0.073000, 3346
0.073000, 3345
0.073000, 3344
0.074000, 3343
0.074000, 3342
0.074000, 3341
0.074000, 3340
0.075000, 3339
0.075000, 3338
0.075000, 3337
0.075000, 3336
0.075000, 3335
0.076000, 3334
0.076000, 3333
0.076000, 3332
0.076000, 3331
0.076000, 3330
0.076000, 3329
0.077000, 3328
0.077000, 3327
0.077000, 3326
0.077000, 3325
0.077000, 3324
0.077000, 3323
0.077000, 3322
0.078000, 3321
0.078000, 3320
0.078000, 3319
0.078000, 3318
0.078000, 3317
0.079000, 3316
0.079000, 3315
0.079000, 3314
0.079000, 3313
0.079000, 3312
0.080000, 3311
0.080000, 3310
0.080000, 3309
0.080000, 3308
0.080000, 3307
0.081000, 3306
0.081000, 3305
0.081000, 3304
0.082000, 3303
0.082000, 3302
0.082000, 3301
0.083000, 3300
0.083000, 3299
0.083000, 3298
0.083000, 3297
0.083000, 3296
0.083000, 3295
0.084000, 3294
0.084000, 3293
0.084000, 3292
0.084000, 3291
0.084000, 3290
0.085000, 3289
0.085000, 3288
0.085000, 3287
0.085000, 3286
0.085000, 3285
0.086000, 3284
0.086000, 3283
0.086000, 3282
0.087000, 3281
0.087000, 3280
0.087000, 3279
0.087000, 3278
0.087000, 3277
0.087000, 3276
0.088000, 3275
0.088000, 3274
0.088000, 3273
0.088000, 3272
0.089000, 3271
0.089000, 3270
0.089000, 3269
0.089000, 3268
0.089000, 3267
0.090000, 3266
0.090000, 3265
0.091000, 3264
0.091000, 3263
0.091000, 3262
0.091000, 3261
0.092000, 3260
0.092000, 3259
0.092000, 3258
0.092000, 3257
0.093000, 3256
0.093000, 3255
0.093000, 3254
0.093000, 3253
0.094000, 3252
0.094000, 3251
0.094000, 3250
0.094000, 3249
0.094000, 3248
0.094000, 3247
0.095000, 3246
0.095000, 3245
0.095000, 3244
0.095000, 3243
0.095000, 3242
0.096000, 3241
0.096000, 3240
0.096000, 3239
0.096000, 3238
0.096000, 3237
0.096000, 3236
0.097000, 3235
0.097000, 3234
0.097000, 3233
0.097000, 3232
0.097000, 3231
0.098000, 3230
0.098000, 3229
0.098000, 3228
0.099000, 3227
0.099000, 3226
0.099000, 3225
0.099000, 3224
0.099000, 3223
0.100000, 3222
0.100000, 3221
0.100000, 3220
0.101000, 3219
0.101000, 3218
0.101000, 3217
0.101000, 3216
0.101000, 3215
0.101000, 3214
0.102000, 3213
0.102000, 3212
0.102000, 3211
0.102000, 3210
0.102000, 3209
0.103000, 3208
0.103000, 3207
0.103000, 3206
0.103000, 3205
0.104000, 3204
0.105000, 3203
0.105000, 3202
0.105000, 3201
0.105000, 3200
0.105000, 3199
0.106000, 3198
0.106000, 3197
0.107000, 3196
0.107000, 3195
0.107000, 3194
0.107000, 3193
0.107000, 3192
0.108000, 3191
0.108000, 3190
0.108000, 3189
0.108000, 3188
0.109000, 3187
0.109000, 3186
0.109000, 3185
0.109000, 3184
0.109000, 3183
0.109000, 3182
0.110000, 3181
0.110000, 3180
0.110000, 3179
0.110000, 3178
0.110000, 3177
0.111000, 3176
0.111000, 3175
0.111000, 3174
0.111000, 3173
0.111000, 3172
0.112000, 3171
0.112000, 3170
0.113000, 3169
0.113000, 3168
0.113000, 3167
0.113000, 3166
0.113000, 3165
0.113000, 3164
0.114000, 3163
0.114000, 3162
0.114000, 3161
0.115000, 3160
0.115000, 3159
0.115000, 3158
0.115000, 3157
0.115000, 3156
0.116000, 3155
0.116000, 3154
0.116000, 3153
0.117000, 3152
0.117000, 3151
0.118000, 3150
0.118000, 3149
0.118000, 3148
0.118000, 3147
0.119000, 3146
0.119000, 3145
0.119000, 3144
0.119000, 3143
0.120000, 3142
0.120000, 3141
0.120000, 3140
0.120000, 3139
0.121000, 3138
0.121000, 3137
0.121000, 3136
0.121000, 3135
0.122000, 3134
0.122000, 3133
0.123000, 3132
0.123000, 3131
0.123000, 3130
0.123000, 3129
0.123000, 3128
0.124000, 3127
0.124000, 3126
0.124000, 3125
0.124000, 3124
0.124000, 3123
0.125000, 3122
0.125000, 3121
0.125000, 3120
0.125000, 3119
0.125000, 3118
0.125000, 3117
0.126000, 3116
0.127000, 3115
0.127000, 3114
0.127000, 3113
0.127000, 3112
0.128000, 3111
0.128000, 3110
0.128000, 3109
0.129000, 3108
0.129000, 3107
0.129000, 3106
0.129000, 3105
0.130000, 3104
0.130000, 3103
0.130000, 3102
0.130000, 3101
0.130000, 3100
0.130000, 3099
0.131000, 3098
0.131000, 3097
0.132000, 3096
0.132000, 3095
0.132000, 3094
0.132000, 3093
0.133000, 3092
0.133000, 3091
0.133000, 3090
0.134000, 3089
0.134000, 3088
0.134000, 3087
0.134000, 3086
0.134000, 3085
0.135000, 3084
0.135000, 3083
0.135000, 3082
0.135000, 3081
0.136000, 3080
0.136000, 3079
0.137000, 3078
0.137000, 3077
0.137000, 3076
0.137000, 3075
0.137000, 3074
0.138000, 3073
0.138000, 3072
0.138000, 3071
0.138000, 3070
0.138000, 3069
0.139000, 3068
0.139000, 3067
0.139000, 3066
0.140000, 3065
0.140000, 3064
0.140000, 3063
0.140000, 3062
0.141000, 3061
0.141000, 3060
0.141000, 3059
0.141000, 3058
0.142000, 3057
0.142000, 3056
0.142000, 3055
0.143000, 3054
0.143000, 3053
0.143000, 3052
0.143000, 3051
0.143000, 3050
0.143000, 3049
0.144000, 3048
0.144000, 3047
0.144000, 3046
0.144000, 3045
0.145000, 3044
0.145000, 3043
0.145000, 3042
0.145000, 3041
0.146000, 3040
0.146000, 3039
0.147000, 3038
0.147000, 3037
0.147000, 3036
0.148000, 3035
0.148000, 3034
0.148000, 3033
0.148000, 3032
0.149000, 3031
0.150000, 3030
0.150000, 3029
0.150000, 3028
0.151000, 3027
0.151000, 3026
0.151000, 3025
0.151000, 3024
0.152000, 3023
0.152000, 3022
0.152000, 3021
0.153000, 3020
0.153000, 3019
0.153000, 3018
0.153000, 3017
0.153000, 3016
0.154000, 3015
0.154000, 3014
0.154000, 3013
0.155000, 3012
0.155000, 3011
0.155000, 3010
0.156000, 3009
0.156000, 3008
0.156000, 3007
0.156000, 3006
0.157000, 3005
0.157000, 3004
0.157000, 3003
0.157000, 3002
0.158000, 3001
0.158000, 3000
0.158000, 2999
0.158000, 2998
0.158000, 2997
0.159000, 2996
0.159000, 2995
0.159000, 2994
0.159000, 2993
0.160000, 2992
0.160000, 2991
0.160000, 2990
0.161000, 2989
0.161000, 2988
0.161000, 2987
0.162000, 2986
0.162000, 2985
0.162000, 2984
0.162000, 2983
0.163000, 2982
0.163000, 2981
0.164000, 2980
0.164000, 2979
0.164000, 2978
0.165000, 2977
0.165000, 2976
0.165000, 2975
0.166000, 2974
0.166000, 2973
0.167000, 2972
0.167000, 2971
0.167000, 2970
0.167000, 2969
0.167000, 2968
0.168000, 2967
0.168000, 2966
0.168000, 2965
0.168000, 2964
0.169000, 2963
0.169000, 2962
0.169000, 2961
0.170000, 2960
0.170000, 2959
0.170000, 2958
0.170000, 2957
0.170000, 2956
0.171000, 2955
0.171000, 2954
0.172000, 2953
0.172000, 2952
0.172000, 2951
0.172000, 2950
0.173000, 2949
0.173000, 2948
0.173000, 2947
0.173000, 2946
0.173000, 2945
0.173000, 2944
0.174000, 2943
0.174000, 2942
0.174000, 2941
0.174000, 2940
0.174000, 2939
0.174000, 2938
0.175000, 2937
0.175000, 2936
0.175000, 2935
0.175000, 2934
0.176000, 2933
0.176000, 2932
0.177000, 2931
0.177000, 2930
0.177000, 2929
0.177000, 2928
0.177000, 2927
0.177000, 2926
0.177000, 2925
0.178000, 2924
0.178000, 2923
0.178000, 2922
0.178000, 2921
0.178000, 2920
0.179000, 2919
0.179000, 2918
0.179000, 2917
0.180000, 2916
0.180000, 2915
0.180000, 2914
0.180000, 2913
0.180000, 2912
0.181000, 2911
0.181000, 2910
0.181000, 2909
0.181000, 2908
0.182000, 2907
0.182000, 2906
0.182000, 2905
0.182000, 2904
0.182000, 2903
0.182000, 2902
0.183000, 2901
0.183000, 2900
0.183000, 2899
0.184000, 2898
0.184000, 2897
0.184000, 2896
0.185000, 2895
0.185000, 2894
0.186000, 2893
0.186000, 2892
0.187000, 2891
0.187000, 2890
0.187000, 2889
0.188000, 2888
0.188000, 2887
0.188000, 2886
0.188000, 2885
0.188000, 2884
0.189000, 2883
0.189000, 2882
0.190000, 2881
0.190000, 2880
0.190000, 2879
0.190000, 2878
0.190000, 2877
0.191000, 2876
0.191000, 2875
0.191000, 2874
0.192000, 2873
0.192000, 2872
0.192000, 2871
0.192000, 2870
0.192000, 2869
0.193000, 2868
0.193000, 2867
0.193000, 2866
0.193000, 2865
0.193000, 2864
0.194000, 2863
0.194000, 2862
0.194000, 2861
0.194000, 2860
0.194000, 2859
0.195000, 2858
0.196000, 2857
0.196000, 2856
0.197000, 2855
0.197000, 2854
0.197000, 2853
0.197000, 2852
0.197000, 2851
0.198000, 2850
0.198000, 2849
0.199000, 2848
0.200000, 2847
0.200000, 2846
0.200000, 2845
0.200000, 2844
0.201000, 2843
0.201000, 2842
0.201000, 2841
0.201000, 2840
0.201000, 2839
0.202000, 2838
0.202000, 2837
0.202000, 2836
0.202000, 2835
0.202000, 2834
0.203000, 2833
0.203000, 2832
0.203000, 2831
0.203000, 2830
0.203000, 2829
0.204000, 2828
0.204000, 2827
0.204000, 2826
0.204000, 2825
0.204000, 2824
0.205000, 2823
0.205000, 2822
0.205000, 2821
0.205000, 2820
0.205000, 2819
0.206000, 2818
0.206000, 2817
0.206000, 2816
0.207000, 2815
0.208000, 2814
0.208000, 2813
0.208000, 2812
0.208000, 2811
0.208000, 2810
0.209000, 2809
0.209000, 2808
0.209000, 2807
0.210000, 2806
0.210000, 2805
0.210000, 2804
0.210000, 2803
0.211000, 2802
0.211000, 2801
0.211000, 2800
0.211000, 2799
0.212000, 2798
0.212000, 2797
0.212000, 2796
0.212000, 2795
0.212000, 2794
0.213000, 2793
0.213000, 2792
0.214000, 2791
0.214000, 2790
0.214000, 2789
0.214000, 2788
0.215000, 2787
0.215000, 2786
0.215000, 2785
0.215000, 2784
0.215000, 2783
0.216000, 2782
0.216000, 2781
0.216000, 2780
0.216000, 2779
0.217000, 2778
0.217000, 2777
0.218000, 2776
0.218000, 2775
0.219000, 2774
0.220000, 2773
0.220000, 2772
0.220000, 2771
0.221000, 2770
0.221000, 2769
0.221000, 2768
0.222000, 2767
0.222000, 2766
0.223000, 2765
0.223000, 2764
0.223000, 2763
0.225000, 2762
0.225000, 2761
0.226000, 2760
0.227000, 2759
0.227000, 2758
0.228000, 2757
0.228000, 2756
0.229000, 2755
0.229000, 2754
0.229000, 2753
0.229000, 2752
0.229000, 2751
0.230000, 2750
0.230000, 2749
0.230000, 2748
0.230000, 2747
0.231000, 2746
0.231000, 2745
0.231000, 2744
0.231000, 2743
0.232000, 2742
0.232000, 2741
0.233000, 2740
0.233000, 2739
0.233000, 2738
0.234000, 2737
0.234000, 2736
0.234000, 2735
0.236000, 2734
0.236000, 2733
0.236000, 2732
0.237000, 2731
0.237000, 2730
0.237000, 2729
0.237000, 2728
0.238000, 2727
0.238000, 2726
0.238000, 2725
0.238000, 2724
0.238000, 2723
0.239000, 2722
0.239000, 2721
0.239000, 2720
0.239000, 2719
0.240000, 2718
0.240000, 2717
0.240000, 2716
0.241000, 2715
0.241000, 2714
0.242000, 2713
0.242000, 2712
0.243000, 2711
0.243000, 2710
0.243000, 2709
0.246000, 2708
0.246000, 2707
0.248000, 2706
0.248000, 2705
0.249000, 2704
0.250000, 2703
0.250000, 2702
0.251000, 2701
0.251000, 2700
0.252000, 2699
0.252000, 2698
0.252000, 2697
0.253000, 2696
0.253000, 2695
0.253000, 2694
0.254000, 2693
0.254000, 2692
0.254000, 2691
0.255000, 2690
0.255000, 2689
0.255000, 2688
0.255000, 2687
0.256000, 2686
0.256000, 2685
0.256000, 2684
0.257000, 2683
0.257000, 2682
0.258000, 2681
0.258000, 2680
0.259000, 2679
0.260000, 2678
0.260000, 2677
0.262000, 2676
0.262000, 2675
0.262000, 2674
0.263000, 2673
0.263000, 2672
0.263000, 2671
0.264000, 2670
0.264000, 2669
0.264000, 2668
0.264000, 2667
0.265000, 2666
0.265000, 2665
0.266000, 2664
0.266000, 2663
0.266000, 2662
0.267000, 2661
0.267000, 2660
0.268000, 2659
0.269000, 2658
0.270000, 2657
0.270000, 2656
0.270000, 2655
0.272000, 2654
0.272000, 2653
0.273000, 2652
0.273000, 2651
0.274000, 2650
0.274000, 2649
0.274000, 2648
0.275000, 2647
0.275000, 2646
0.276000, 2645
0.276000, 2644
0.276000, 2643
0.276000, 2642
0.277000, 2641
0.278000, 2640
0.279000, 2639
0.279000, 2638
0.279000, 2637
0.280000, 2636
0.281000, 2635
0.282000, 2634
0.283000, 2633
0.283000, 2632
0.284000, 2631
0.284000, 2630
0.285000, 2629
0.285000, 2628
0.285000, 2627
0.286000, 2626
0.287000, 2625
0.287000, 2624
0.287000, 2623
0.288000, 2622
0.288000, 2621
0.288000, 2620
0.288000, 2619
0.289000, 2618
0.289000, 2617
0.290000, 2616
0.290000, 2615
0.293000, 2614
0.294000, 2613
0.294000, 2612
0.294000, 2611
0.295000, 2610
0.295000, 2609
0.296000, 2608
0.296000, 2607
0.296000, 2606
0.297000, 2605
0.297000, 2604
0.297000, 2603
0.298000, 2602
0.298000, 2601
0.299000, 2600
0.299000, 2599
0.299000, 2598
0.300000, 2597
0.300000, 2596
0.300000, 2595
0.301000, 2594
0.302000, 2593
0.302000, 2592
0.302000, 2591
0.302000, 2590
0.302000, 2589
0.304000, 2588
0.304000, 2587
0.304000, 2586
0.305000, 2585
0.306000, 2584
0.306000, 2583
0.306000, 2582
0.307000, 2581
0.307000, 2580
0.307000, 2579
0.308000, 2578
0.308000, 2577
0.308000, 2576
0.309000, 2575
0.309000, 2574
0.310000, 2573
0.310000, 2572
0.310000, 2571
0.310000, 2570
0.312000, 2569
0.313000, 2568
0.313000, 2567
0.313000, 2566
0.314000, 2565
0.314000, 2564
0.314000, 2563
0.314000, 2562
0.314000, 2561
0.315000, 2560
0.315000, 2559
0.316000, 2558
0.318000, 2557
0.319000, 2556
0.319000, 2555
0.319000, 2554
0.319000, 2553
0.319000, 2552
0.320000, 2551
0.320000, 2550
0.320000, 2549
0.320000, 2548
0.321000, 2547
0.322000, 2546
0.323000, 2545
0.323000, 2544
0.324000, 2543
0.324000, 2542
0.325000, 2541
0.325000, 2540
0.325000, 2539
0.326000, 2538
0.326000, 2537
0.326000, 2536
0.327000, 2535
0.327000, 2534
0.328000, 2533
0.328000, 2532
0.329000, 2531
0.329000, 2530
0.329000, 2529
0.330000, 2528
0.330000, 2527
0.330000, 2526
0.331000, 2525
0.331000, 2524
0.332000, 2523
0.333000, 2522
0.333000, 2521
0.333000, 2520
0.334000, 2519
0.334000, 2518
0.335000, 2517
0.335000, 2516
0.335000, 2515
0.336000, 2514
0.336000, 2513
0.336000, 2512
0.336000, 2511
0.337000, 2510
0.337000, 2509
0.337000, 2508
0.338000, 2507
0.338000, 2506
0.338000, 2505
0.338000, 2504
0.339000, 2503
0.339000, 2502
0.339000, 2501
0.340000, 2500
0.340000, 2499
0.341000, 2498
0.341000, 2497
0.342000, 2496
0.343000, 2495
0.343000, 2494
0.343000, 2493
0.344000, 2492
0.345000, 2491
0.346000, 2490
0.347000, 2489
0.347000, 2488
0.348000, 2487
0.348000, 2486
0.348000, 2485
0.348000, 2484
0.349000, 2483
0.349000, 2482
0.350000, 2481
0.350000, 2480
0.350000, 2479
0.351000, 2478
0.351000, 2477
0.352000, 2476
0.354000, 2475
0.354000, 2474
0.354000, 2473
0.355000, 2472
0.355000, 2471
0.358000, 2470
0.358000, 2469
0.359000, 2468
0.359000, 2467
0.359000, 2466
0.360000, 2465
0.361000, 2464
0.361000, 2463
0.361000, 2462
0.361000, 2461
0.362000, 2460
0.363000, 2459
0.364000, 2458
0.365000, 2457
0.366000, 2456
0.366000, 2455
0.367000, 2454
0.369000, 2453
0.369000, 2452
0.370000, 2451
0.371000, 2450
0.371000, 2449
0.372000, 2448
0.372000, 2447
0.374000, 2446
0.374000, 2445
0.374000, 2444
0.374000, 2443
0.375000, 2442
0.375000, 2441
0.376000, 2440
0.377000, 2439
0.377000, 2438
0.379000, 2437
0.380000, 2436
0.382000, 2435
0.384000, 2434
0.384000, 2433
0.387000, 2432
0.387000, 2431
0.388000, 2430
0.388000, 2429
0.388000, 2428
0.388000, 2427
0.389000, 2426
0.390000, 2425
0.391000, 2424
0.392000, 2423
0.393000, 2422
0.393000, 2421
0.394000, 2420
0.394000, 2419
0.395000, 2418
0.396000, 2417
0.398000, 2416
0.400000, 2415
0.400000, 2414
0.402000, 2413
0.402000, 2412
0.402000, 2411
0.403000, 2410
0.404000, 2409
0.405000, 2408
0.405000, 2407
0.406000, 2406
0.408000, 2405
0.408000, 2404
0.409000, 2403
0.410000, 2402
0.410000, 2401
0.414000, 2400
0.416000, 2399
0.416000, 2398
0.416000, 2397
0.418000, 2396
0.422000, 2395
0.423000, 2394
0.425000, 2393
0.426000, 2392
0.426000, 2391
0.427000, 2390
0.427000, 2389
0.427000, 2388
0.429000, 2387
0.429000, 2386
0.430000, 2385
0.431000, 2384
0.435000, 2383
0.436000, 2382
0.438000, 2381
0.438000, 2380
0.440000, 2379
0.441000, 2378
0.443000, 2377
0.443000, 2376
0.443000, 2375
0.444000, 2374
0.445000, 2373
0.445000, 2372
0.446000, 2371
0.454000, 2370
0.456000, 2369
0.457000, 2368
0.462000, 2367
0.462000, 2366
0.463000, 2365
0.465000, 2364
0.466000, 2363
0.475000, 2362
0.479000, 2361
0.480000, 2360
0.482000, 2359
0.484000, 2358
0.484000, 2357
0.484000, 2356
0.485000, 2355
0.486000, 2354
0.486000, 2353
0.494000, 2352
0.497000, 2351
0.497000, 2350
0.499000, 2349
0.499000, 2348
0.503000, 2347
0.503000, 2346
0.505000, 2345
0.509000, 2344
0.510000, 2343
0.513000, 2342
0.517000, 2341
0.519000, 2340
0.524000, 2339
0.526000, 2338
0.547000, 2337
0.559000, 2336
0.560000, 2335
0.575000, 2334
0.583000, 2333
0.596000, 2332
0.610000, 2331
0.614000, 2330
0.623000, 2329
0.645000, 2328
0.659000, 2327
0.694000, 2326
0.892000, 2325
