0.007000, 3635
0.010000, 3634
0.010000, 3633
0.010000, 3632
0.010000, 3631
0.011000, 3630
0.011000, 3629
0.011000, 3628
0.012000, 3627
0.012000, 3626
0.012000, 3625
0.013000, 3624
0.013000, 3623
0.013000, 3622
0.013000, 3621
0.013000, 3620
0.013000, 3619
0.014000, 3618
0.014000, 3617
0.014000, 3616
0.014000, 3615
0.014000, 3614
0.014000, 3613
0.015000, 3612
0.015000, 3611
0.016000, 3610
0.016000, 3609
0.016000, 3608
0.016000, 3607
0.016000, 3606
0.017000, 3605
0.017000, 3604
0.018000, 3603
0.021000, 3602
0.021000, 3601
0.021000, 3600
0.021000, 3599
0.021000, 3598
0.022000, 3597
0.022000, 3596
0.022000, 3595
0.022000, 3594
0.022000, 3593
0.023000, 3592
0.023000, 3591
0.023000, 3590
0.023000, 3589
0.023000, 3588
0.024000, 3587
0.024000, 3586
0.027000, 3585
0.027000, 3584
0.027000, 3583
0.027000, 3582
0.027000, 3581
0.028000, 3580
0.028000, 3579
0.028000, 3578
0.028000, 3577
0.028000, 3576
0.029000, 3575
0.029000, 3574
0.029000, 3573
0.029000, 3572
0.029000, 3571
0.030000, 3570
0.030000, 3569
0.030000, 3568
0.030000, 3567
0.030000, 3566
0.031000, 3565
0.031000, 3564
0.031000, 3563
0.031000, 3562
0.031000, 3561
0.032000, 3560
0.032000, 3559
0.032000, 3558
0.032000, 3557
0.033000, 3556
0.033000, 3555
0.033000, 3554
0.033000, 3553
0.033000, 3552
0.034000, 3551
0.034000, 3550
0.034000, 3549
0.034000, 3548
0.034000, 3547
0.034000, 3546
0.035000, 3545
0.035000, 3544
0.035000, 3543
0.035000, 3542
0.035000, 3541
0.036000, 3540
0.036000, 3539
0.036000, 3538
0.036000, 3537
0.036000, 3536
0.036000, 3535
0.037000, 3534
0.037000, 3533
0.038000, 3532
0.038000, 3531
0.038000, 3530
0.038000, 3529
0.039000, 3528
0.039000, 3527
0.039000, 3526
0.039000, 3525
0.039000, 3524
0.040000, 3523
0.040000, 3522
0.040000, 3521
0.040000, 3520
0.040000, 3519
0.040000, 3518
0.040000, 3517
0.041000, 3516
0.041000, 3515
0.041000, 3514
0.041000, 3513
0.041000, 3512
0.042000, 3511
0.042000, 3510
0.042000, 3509
0.042000, 3508
0.042000, 3507
0.043000, 3506
0.043000, 3505
0.043000, 3504
0.043000, 3503
0.043000, 3502
0.044000, 3501
0.044000, 3500
0.044000, 3499
0.044000, 3498
0.044000, 3497
0.044000, 3496
0.045000, 3495
0.045000, 3494
0.045000, 3493
0.045000, 3492
0.045000, 3491
0.045000, 3490
0.045000, 3489
0.046000, 3488
0.046000, 3487
0.046000, 3486
0.046000, 3485
0.047000, 3484
0.047000, 3483
0.047000, 3482
0.047000, 3481
0.047000, 3480
0.047000, 3479
0.048000, 3478
0.048000, 3477
0.048000, 3476
0.048000, 3475
0.048000, 3474
0.048000, 3473
0.049000, 3472
0.049000, 3471
0.049000, 3470
0.049000, 3469
0.049000, 3468
0.050000, 3467
0.050000, 3466
0.050000, 3465
0.050000, 3464
0.051000, 3463
0.051000, 3462
0.051000, 3461
0.051000, 3460
0.051000, 3459
0.051000, 3458
0.052000, 3457
0.052000, 3456
0.052000, 3455
0.052000, 3454
0.052000, 3453
0.053000, 3452
0.053000, 3451
0.053000, 3450
0.053000, 3449
0.053000, 3448
0.053000, 3447
0.054000, 3446
0.054000, 3445
0.054000, 3444
0.054000, 3443
0.054000, 3442
0.054000, 3441
0.055000, 3440
0.055000, 3439
0.055000, 3438
0.055000, 3437
0.055000, 3436
0.055000, 3435
0.056000, 3434
0.056000, 3433
0.056000, 3432
0.056000, 3431
0.056000, 3430
0.056000, 3429
0.057000, 3428
0.057000, 3427
0.058000, 3426
0.058000, 3425
0.058000, 3424
0.058000, 3423
0.058000, 3422
0.058000, 3421
0.059000, 3420
0.059000, 3419
0.059000, 3418
0.060000, 3417
0.060000, 3416
0.060000, 3415
0.060000, 3414
0.060000, 3413
0.060000, 3412
0.061000, 3411
0.061000, 3410
0.061000, 3409
0.061000, 3408
0.061000, 3407
0.062000, 3406
0.062000, 3405
0.062000, 3404
0.062000, 3403
0.062000, 3402
0.062000, 3401
0.063000, 3400
0.063000, 3399
0.063000, 3398
0.063000, 3397
0.064000, 3396
0.064000, 3395
0.064000, 3394
0.064000, 3393
0.064000, 3392
0.065000, 3391
0.065000, 3390
0.065000, 3389
0.065000, 3388
0.065000, 3387
0.065000, 3386
0.066000, 3385
0.066000, 3384
0.066000, 3383
0.066000, 3382
0.066000, 3381
0.067000, 3380
0.067000, 3379
0.067000, 3378
0.067000, 3377
0.067000, 3376
0.067000, 3375
0.068000, 3374
0.068000, 3373
0.068000, 3372
0.068000, 3371
0.068000, 3370
0.068000, 3369
0.069000, 3368
0.069000, 3367
0.069000, 3366
0.069000, 3365
0.069000, 3364
0.069000, 3363
0.069000, 3362
0.070000, 3361
0.070000, 3360
0.070000, 3359
0.070000, 3358
0.071000, 3357
0.071000, 3356
0.071000, 3355
0.071000, 3354
0.072000, 3353
0.072000, 3352
0.072000, 3351
0.072000, 3350
0.073000, 3349
0.073000, 3348
0.073000, 3347
0.073000, 3346
0.074000, 3345
0.074000, 3344
0.074000, 3343
0.075000, 3342
0.075000, 3341
0.075000, 3340
0.076000, 3339
0.076000, 3338
0.076000, 3337
0.076000, 3336
0.076000, 3335
0.077000, 3334
0.077000, 3333
0.078000, 3332
0.078000, 3331
0.078000, 3330
0.078000, 3329
0.079000, 3328
0.079000, 3327
0.079000, 3326
0.079000, 3325
0.080000, 3324
0.080000, 3323
0.080000, 3322
0.080000, 3321
0.080000, 3320
0.080000, 3319
0.081000, 3318
0.081000, 3317
0.081000, 3316
0.081000, 3315
0.082000, 3314
0.082000, 3313
0.082000, 3312
0.082000, 3311
0.083000, 3310
0.083000, 3309
0.083000, 3308
0.084000, 3307
0.084000, 3306
0.084000, 3305
0.084000, 3304
0.084000, 3303
0.085000, 3302
0.085000, 3301
0.085000, 3300
0.085000, 3299
0.085000, 3298
0.086000, 3297
0.086000, 3296
0.086000, 3295
0.086000, 3294
0.086000, 3293
0.087000, 3292
0.087000, 3291
0.087000, 3290
0.087000, 3289
0.088000, 3288
0.088000, 3287
0.088000, 3286
0.089000, 3285
0.089000, 3284
0.089000, 3283
0.089000, 3282
0.089000, 3281
0.090000, 3280
0.090000, 3279
0.090000, 3278
0.090000, 3277
0.091000, 3276
0.091000, 3275
0.092000, 3274
0.092000, 3273
0.093000, 3272
0.093000, 3271
0.093000, 3270
0.093000, 3269
0.094000, 3268
0.094000, 3267
0.094000, 3266
0.094000, 3265
0.095000, 3264
0.095000, 3263
0.095000, 3262
0.095000, 3261
0.095000, 3260
0.096000, 3259
0.096000, 3258
0.096000, 3257
0.096000, 3256
0.097000, 3255
0.097000, 3254
0.097000, 3253
0.098000, 3252
0.098000, 3251
0.098000, 3250
0.098000, 3249
0.098000, 3248
0.098000, 3247
0.099000, 3246
0.099000, 3245
0.099000, 3244
0.099000, 3243
0.099000, 3242
0.099000, 3241
0.100000, 3240
0.100000, 3239
0.100000, 3238
0.100000, 3237
0.100000, 3236
0.100000, 3235
0.101000, 3234
0.101000, 3233
0.101000, 3232
0.101000, 3231
0.102000, 3230
0.102000, 3229
0.102000, 3228
0.102000, 3227
0.102000, 3226
0.103000, 3225
0.103000, 3224
0.103000, 3223
0.104000, 3222
0.104000, 3221
0.104000, 3220
0.104000, 3219
0.104000, 3218
0.105000, 3217
0.105000, 3216
0.105000, 3215
0.105000, 3214
0.105000, 3213
0.106000, 3212
0.106000, 3211
0.106000, 3210
0.106000, 3209
0.107000, 3208
0.107000, 3207
0.107000, 3206
0.107000, 3205
0.107000, 3204
0.108000, 3203
0.108000, 3202
0.108000, 3201
0.109000, 3200
0.109000, 3199
0.109000, 3198
0.110000, 3197
0.110000, 3196
0.110000, 3195
0.110000, 3194
0.110000, 3193
0.110000, 3192
0.111000, 3191
0.111000, 3190
0.111000, 3189
0.112000, 3188
0.112000, 3187
0.112000, 3186
0.113000, 3185
0.113000, 3184
0.113000, 3183
0.113000, 3182
0.113000, 3181
0.113000, 3180
0.114000, 3179
0.114000, 3178
0.114000, 3177
0.114000, 3176
0.115000, 3175
0.115000, 3174
0.115000, 3173
0.116000, 3172
0.116000, 3171
0.116000, 3170
0.116000, 3169
0.116000, 3168
0.117000, 3167
0.117000, 3166
0.117000, 3165
0.117000, 3164
0.117000, 3163
0.117000, 3162
0.118000, 3161
0.118000, 3160
0.118000, 3159
0.118000, 3158
0.118000, 3157
0.119000, 3156
0.119000, 3155
0.119000, 3154
0.119000, 3153
0.119000, 3152
0.120000, 3151
0.120000, 3150
0.121000, 3149
0.121000, 3148
0.121000, 3147
0.121000, 3146
0.121000, 3145
0.121000, 3144
0.122000, 3143
0.122000, 3142
0.122000, 3141
0.123000, 3140
0.123000, 3139
0.123000, 3138
0.123000, 3137
0.123000, 3136
0.123000, 3135
0.123000, 3134
0.124000, 3133
0.124000, 3132
0.124000, 3131
0.125000, 3130
0.125000, 3129
0.125000, 3128
0.125000, 3127
0.125000, 3126
0.126000, 3125
0.126000, 3124
0.126000, 3123
0.126000, 3122
0.126000, 3121
0.126000, 3120
0.126000, 3119
0.127000, 3118
0.127000, 3117
0.127000, 3116
0.127000, 3115
0.127000, 3114
0.128000, 3113
0.128000, 3112
0.128000, 3111
0.128000, 3110
0.129000, 3109
0.129000, 3108
0.129000, 3107
0.129000, 3106
0.129000, 3105
0.130000, 3104
0.130000, 3103
0.130000, 3102
0.130000, 3101
0.130000, 3100
0.130000, 3099
0.131000, 3098
0.131000, 3097
0.131000, 3096
0.131000, 3095
0.131000, 3094
0.132000, 3093
0.132000, 3092
0.132000, 3091
0.132000, 3090
0.133000, 3089
0.133000, 3088
0.133000, 3087
0.133000, 3086
0.133000, 3085
0.134000, 3084
0.134000, 3083
0.134000, 3082
0.134000, 3081
0.135000, 3080
0.135000, 3079
0.135000, 3078
0.136000, 3077
0.136000, 3076
0.136000, 3075
0.137000, 3074
0.137000, 3073
0.137000, 3072
0.137000, 3071
0.137000, 3070
0.137000, 3069
0.138000, 3068
0.138000, 3067
0.138000, 3066
0.139000, 3065
0.139000, 3064
0.139000, 3063
0.139000, 3062
0.139000, 3061
0.139000, 3060
0.140000, 3059
0.140000, 3058
0.140000, 3057
0.140000, 3056
0.141000, 3055
0.141000, 3054
0.142000, 3053
0.142000, 3052
0.142000, 3051
0.142000, 3050
0.143000, 3049
0.143000, 3048
0.143000, 3047
0.143000, 3046
0.143000, 3045
0.144000, 3044
0.144000, 3043
0.144000, 3042
0.144000, 3041
0.144000, 3040
0.144000, 3039
0.145000, 3038
0.145000, 3037
0.145000, 3036
0.145000, 3035
0.145000, 3034
0.145000, 3033
0.146000, 3032
0.146000, 3031
0.147000, 3030
0.147000, 3029
0.147000, 3028
0.147000, 3027
0.148000, 3026
0.148000, 3025
0.148000, 3024
0.148000, 3023
0.148000, 3022
0.149000, 3021
0.149000, 3020
0.149000, 3019
0.149000, 3018
0.149000, 3017
0.149000, 3016
0.150000, 3015
0.150000, 3014
0.150000, 3013
0.151000, 3012
0.151000, 3011
0.151000, 3010
0.151000, 3009
0.152000, 3008
0.152000, 3007
0.152000, 3006
0.153000, 3005
0.153000, 3004
0.153000, 3003
0.153000, 3002
0.154000, 3001
0.154000, 3000
0.154000, 2999
0.154000, 2998
0.154000, 2997
0.155000, 2996
0.155000, 2995
0.155000, 2994
0.156000, 2993
0.156000, 2992
0.156000, 2991
0.156000, 2990
0.157000, 2989
0.157000, 2988
0.157000, 2987
0.157000, 2986
0.157000, 2985
0.157000, 2984
0.158000, 2983
0.158000, 2982
0.158000, 2981
0.159000, 2980
0.160000, 2979
0.160000, 2978
0.160000, 2977
0.160000, 2976
0.161000, 2975
0.161000, 2974
0.161000, 2973
0.161000, 2972
0.161000, 2971
0.162000, 2970
0.162000, 2969
0.162000, 2968
0.162000, 2967
0.163000, 2966
0.163000, 2965
0.163000, 2964
0.164000, 2963
0.164000, 2962
0.164000, 2961
0.165000, 2960
0.165000, 2959
0.165000, 2958
0.166000, 2957
0.166000, 2956
0.166000, 2955
0.167000, 2954
0.167000, 2953
0.167000, 2952
0.167000, 2951
0.167000, 2950
0.168000, 2949
0.168000, 2948
0.168000, 2947
0.168000, 2946
0.168000, 2945
0.169000, 2944
0.169000, 2943
0.169000, 2942
0.170000, 2941
0.170000, 2940
0.170000, 2939
0.171000, 2938
0.172000, 2937
0.172000, 2936
0.172000, 2935
0.172000, 2934
0.173000, 2933
0.173000, 2932
0.173000, 2931
0.174000, 2930
0.174000, 2929
0.175000, 2928
0.175000, 2927
0.175000, 2926
0.176000, 2925
0.176000, 2924
0.176000, 2923
0.176000, 2922
0.176000, 2921
0.176000, 2920
0.177000, 2919
0.177000, 2918
0.177000, 2917
0.178000, 2916
0.178000, 2915
0.178000, 2914
0.179000, 2913
0.179000, 2912
0.179000, 2911
0.180000, 2910
0.180000, 2909
0.180000, 2908
0.181000, 2907
0.181000, 2906
0.182000, 2905
0.182000, 2904
0.182000, 2903
0.182000, 2902
0.183000, 2901
0.183000, 2900
0.183000, 2899
0.183000, 2898
0.184000, 2897
0.184000, 2896
0.185000, 2895
0.185000, 2894
0.185000, 2893
0.185000, 2892
0.185000, 2891
0.185000, 2890
0.186000, 2889
0.187000, 2888
0.187000, 2887
0.187000, 2886
0.187000, 2885
0.188000, 2884
0.188000, 2883
0.188000, 2882
0.188000, 2881
0.189000, 2880
0.189000, 2879
0.190000, 2878
0.190000, 2877
0.190000, 2876
0.190000, 2875
0.191000, 2874
0.191000, 2873
0.191000, 2872
0.192000, 2871
0.192000, 2870
0.192000, 2869
0.192000, 2868
0.193000, 2867
0.193000, 2866
0.193000, 2865
0.194000, 2864
0.194000, 2863
0.194000, 2862
0.194000, 2861
0.195000, 2860
0.195000, 2859
0.195000, 2858
0.195000, 2857
0.196000, 2856
0.196000, 2855
0.197000, 2854
0.197000, 2853
0.197000, 2852
0.197000, 2851
0.197000, 2850
0.198000, 2849
0.198000, 2848
0.198000, 2847
0.198000, 2846
0.199000, 2845
0.199000, 2844
0.199000, 2843
0.200000, 2842
0.200000, 2841
0.200000, 2840
0.200000, 2839
0.201000, 2838
0.201000, 2837
0.201000, 2836
0.201000, 2835
0.202000, 2834
0.202000, 2833
0.203000, 2832
0.203000, 2831
0.203000, 2830
0.204000, 2829
0.204000, 2828
0.205000, 2827
0.205000, 2826
0.206000, 2825
0.206000, 2824
0.207000, 2823
0.207000, 2822
0.207000, 2821
0.208000, 2820
0.208000, 2819
0.208000, 2818
0.208000, 2817
0.208000, 2816
0.209000, 2815
0.209000, 2814
0.209000, 2813
0.210000, 2812
0.210000, 2811
0.210000, 2810
0.211000, 2809
0.212000, 2808
0.212000, 2807
0.212000, 2806
0.212000, 2805
0.212000, 2804
0.213000, 2803
0.214000, 2802
0.214000, 2801
0.215000, 2800
0.215000, 2799
0.215000, 2798
0.216000, 2797
0.217000, 2796
0.217000, 2795
0.217000, 2794
0.217000, 2793
0.217000, 2792
0.218000, 2791
0.218000, 2790
0.219000, 2789
0.219000, 2788
0.220000, 2787
0.220000, 2786
0.220000, 2785
0.221000, 2784
0.221000, 2783
0.222000, 2782
0.222000, 2781
0.222000, 2780
0.223000, 2779
0.223000, 2778
0.223000, 2777
0.223000, 2776
0.224000, 2775
0.224000, 2774
0.224000, 2773
0.225000, 2772
0.225000, 2771
0.225000, 2770
0.226000, 2769
0.226000, 2768
0.226000, 2767
0.226000, 2766
0.227000, 2765
0.227000, 2764
0.228000, 2763
0.228000, 2762
0.228000, 2761
0.229000, 2760
0.229000, 2759
0.230000, 2758
0.230000, 2757
0.230000, 2756
0.230000, 2755
0.230000, 2754
0.231000, 2753
0.231000, 2752
0.231000, 2751
0.231000, 2750
0.232000, 2749
0.233000, 2748
0.233000, 2747
0.233000, 2746
0.234000, 2745
0.234000, 2744
0.234000, 2743
0.234000, 2742
0.234000, 2741
0.235000, 2740
0.235000, 2739
0.235000, 2738
0.235000, 2737
0.236000, 2736
0.236000, 2735
0.237000, 2734
0.237000, 2733
0.238000, 2732
0.238000, 2731
0.238000, 2730
0.239000, 2729
0.239000, 2728
0.240000, 2727
0.240000, 2726
0.240000, 2725
0.241000, 2724
0.242000, 2723
0.242000, 2722
0.242000, 2721
0.243000, 2720
0.243000, 2719
0.243000, 2718
0.244000, 2717
0.244000, 2716
0.244000, 2715
0.244000, 2714
0.244000, 2713
0.245000, 2712
0.245000, 2711
0.246000, 2710
0.247000, 2709
0.247000, 2708
0.248000, 2707
0.248000, 2706
0.248000, 2705
0.249000, 2704
0.249000, 2703
0.249000, 2702
0.250000, 2701
0.250000, 2700
0.251000, 2699
0.251000, 2698
0.251000, 2697
0.251000, 2696
0.252000, 2695
0.252000, 2694
0.253000, 2693
0.254000, 2692
0.254000, 2691
0.254000, 2690
0.255000, 2689
0.255000, 2688
0.256000, 2687
0.257000, 2686
0.257000, 2685
0.257000, 2684
0.257000, 2683
0.258000, 2682
0.258000, 2681
0.258000, 2680
0.258000, 2679
0.259000, 2678
0.259000, 2677
0.259000, 2676
0.260000, 2675
0.260000, 2674
0.260000, 2673
0.261000, 2672
0.261000, 2671
0.261000, 2670
0.261000, 2669
0.262000, 2668
0.263000, 2667
0.263000, 2666
0.263000, 2665
0.264000, 2664
0.264000, 2663
0.265000, 2662
0.265000, 2661
0.265000, 2660
0.266000, 2659
0.266000, 2658
0.267000, 2657
0.267000, 2656
0.267000, 2655
0.267000, 2654
0.268000, 2653
0.268000, 2652
0.268000, 2651
0.268000, 2650
0.268000, 2649
0.269000, 2648
0.269000, 2647
0.270000, 2646
0.271000, 2645
0.271000, 2644
0.272000, 2643
0.273000, 2642
0.273000, 2641
0.274000, 2640
0.274000, 2639
0.275000, 2638
0.275000, 2637
0.275000, 2636
0.275000, 2635
0.276000, 2634
0.276000, 2633
0.276000, 2632
0.276000, 2631
0.277000, 2630
0.277000, 2629
0.277000, 2628
0.277000, 2627
0.278000, 2626
0.278000, 2625
0.278000, 2624
0.278000, 2623
0.278000, 2622
0.279000, 2621
0.279000, 2620
0.280000, 2619
0.280000, 2618
0.280000, 2617
0.280000, 2616
0.282000, 2615
0.282000, 2614
0.282000, 2613
0.283000, 2612
0.283000, 2611
0.283000, 2610
0.284000, 2609
0.284000, 2608
0.285000, 2607
0.286000, 2606
0.287000, 2605
0.287000, 2604
0.287000, 2603
0.287000, 2602
0.288000, 2601
0.288000, 2600
0.288000, 2599
0.289000, 2598
0.289000, 2597
0.289000, 2596
0.291000, 2595
0.291000, 2594
0.291000, 2593
0.291000, 2592
0.292000, 2591
0.292000, 2590
0.292000, 2589
0.293000, 2588
0.294000, 2587
0.295000, 2586
0.295000, 2585
0.295000, 2584
0.296000, 2583
0.296000, 2582
0.297000, 2581
0.297000, 2580
0.298000, 2579
0.298000, 2578
0.300000, 2577
0.300000, 2576
0.300000, 2575
0.301000, 2574
0.303000, 2573
0.303000, 2572
0.304000, 2571
0.304000, 2570
0.304000, 2569
0.305000, 2568
0.306000, 2567
0.306000, 2566
0.306000, 2565
0.307000, 2564
0.308000, 2563
0.309000, 2562
0.309000, 2561
0.310000, 2560
0.310000, 2559
0.311000, 2558
0.311000, 2557
0.312000, 2556
0.313000, 2555
0.313000, 2554
0.313000, 2553
0.314000, 2552
0.314000, 2551
0.315000, 2550
0.318000, 2549
0.318000, 2548
0.318000, 2547
0.320000, 2546
0.320000, 2545
0.320000, 2544
0.320000, 2543
0.320000, 2542
0.321000, 2541
0.321000, 2540
0.321000, 2539
0.321000, 2538
0.321000, 2537
0.321000, 2536
0.322000, 2535
0.323000, 2534
0.324000, 2533
0.324000, 2532
0.325000, 2531
0.325000, 2530
0.326000, 2529
0.326000, 2528
0.326000, 2527
0.327000, 2526
0.328000, 2525
0.329000, 2524
0.329000, 2523
0.329000, 2522
0.329000, 2521
0.330000, 2520
0.330000, 2519
0.330000, 2518
0.331000, 2517
0.332000, 2516
0.333000, 2515
0.334000, 2514
0.335000, 2513
0.335000, 2512
0.335000, 2511
0.335000, 2510
0.335000, 2509
0.336000, 2508
0.337000, 2507
0.338000, 2506
0.339000, 2505
0.339000, 2504
0.340000, 2503
0.340000, 2502
0.340000, 2501
0.341000, 2500
0.341000, 2499
0.341000, 2498
0.341000, 2497
0.342000, 2496
0.342000, 2495
0.342000, 2494
0.342000, 2493
0.343000, 2492
0.343000, 2491
0.344000, 2490
0.344000, 2489
0.344000, 2488
0.345000, 2487
0.345000, 2486
0.346000, 2485
0.347000, 2484
0.347000, 2483
0.347000, 2482
0.348000, 2481
0.348000, 2480
0.349000, 2479
0.350000, 2478
0.350000, 2477
0.350000, 2476
0.351000, 2475
0.352000, 2474
0.352000, 2473
0.352000, 2472
0.354000, 2471
0.354000, 2470
0.354000, 2469
0.354000, 2468
0.355000, 2467
0.356000, 2466
0.356000, 2465
0.356000, 2464
0.357000, 2463
0.358000, 2462
0.358000, 2461
0.359000, 2460
0.360000, 2459
0.360000, 2458
0.361000, 2457
0.362000, 2456
0.363000, 2455
0.363000, 2454
0.363000, 2453
0.364000, 2452
0.365000, 2451
0.365000, 2450
0.365000, 2449
0.365000, 2448
0.366000, 2447
0.368000, 2446
0.368000, 2445
0.370000, 2444
0.370000, 2443
0.371000, 2442
0.371000, 2441
0.372000, 2440
0.372000, 2439
0.372000, 2438
0.372000, 2437
0.373000, 2436
0.373000, 2435
0.373000, 2434
0.374000, 2433
0.374000, 2432
0.375000, 2431
0.375000, 2430
0.375000, 2429
0.375000, 2428
0.376000, 2427
0.377000, 2426
0.377000, 2425
0.377000, 2424
0.379000, 2423
0.381000, 2422
0.383000, 2421
0.384000, 2420
0.385000, 2419
0.385000, 2418
0.386000, 2417
0.387000, 2416
0.389000, 2415
0.391000, 2414
0.392000, 2413
0.393000, 2412
0.394000, 2411
0.394000, 2410
0.394000, 2409
0.395000, 2408
0.395000, 2407
0.397000, 2406
0.397000, 2405
0.399000, 2404
0.399000, 2403
0.401000, 2402
0.402000, 2401
0.402000, 2400
0.404000, 2399
0.405000, 2398
0.405000, 2397
0.405000, 2396
0.406000, 2395
0.407000, 2394
0.409000, 2393
0.410000, 2392
0.410000, 2391
0.411000, 2390
0.413000, 2389
0.413000, 2388
0.414000, 2387
0.414000, 2386
0.416000, 2385
0.417000, 2384
0.417000, 2383
0.418000, 2382
0.418000, 2381
0.419000, 2380
0.420000, 2379
0.422000, 2378
0.423000, 2377
0.423000, 2376
0.424000, 2375
0.425000, 2374
0.425000, 2373
0.425000, 2372
0.429000, 2371
0.429000, 2370
0.430000, 2369
0.440000, 2368
0.447000, 2367
0.449000, 2366
0.451000, 2365
0.452000, 2364
0.453000, 2363
0.454000, 2362
0.459000, 2361
0.463000, 2360
0.468000, 2359
0.468000, 2358
0.475000, 2357
0.475000, 2356
0.478000, 2355
0.479000, 2354
0.482000, 2353
0.485000, 2352
0.489000, 2351
0.490000, 2350
0.492000, 2349
0.496000, 2348
0.497000, 2347
0.500000, 2346
0.504000, 2345
0.512000, 2344
0.524000, 2343
0.532000, 2342
0.536000, 2341
0.540000, 2340
0.542000, 2339
0.552000, 2338
0.557000, 2337
0.567000, 2336
0.567000, 2335
0.575000, 2334
0.586000, 2333
0.605000, 2332
0.617000, 2331
0.635000, 2330
0.652000, 2329
0.656000, 2328
0.673000, 2327
0.677000, 2326
0.791000, 2325
0.798000, 2324
0.842000, 2323
0.848000, 2322
