0.004000, 3643
0.012000, 3642
0.012000, 3641
0.012000, 3640
0.013000, 3639
0.013000, 3638
0.013000, 3637
0.013000, 3636
0.014000, 3635
0.014000, 3634
0.015000, 3633
0.015000, 3632
0.015000, 3631
0.015000, 3630
0.015000, 3629
0.017000, 3628
0.018000, 3627
0.018000, 3626
0.018000, 3625
0.018000, 3624
0.018000, 3623
0.019000, 3622
0.019000, 3621
0.019000, 3620
0.019000, 3619
0.020000, 3618
0.020000, 3617
0.020000, 3616
0.021000, 3615
0.021000, 3614
0.021000, 3613
0.021000, 3612
0.021000, 3611
0.021000, 3610
0.022000, 3609
0.022000, 3608
0.023000, 3607
0.023000, 3606
0.023000, 3605
0.023000, 3604
0.024000, 3603
0.024000, 3602
0.024000, 3601
0.024000, 3600
0.024000, 3599
0.025000, 3598
0.025000, 3597
0.025000, 3596
0.025000, 3595
0.025000, 3594
0.026000, 3593
0.026000, 3592
0.026000, 3591
0.026000, 3590
0.027000, 3589
0.027000, 3588
0.027000, 3587
0.027000, 3586
0.028000, 3585
0.028000, 3584
0.028000, 3583
0.028000, 3582
0.028000, 3581
0.028000, 3580
0.029000, 3579
0.029000, 3578
0.029000, 3577
0.029000, 3576
0.030000, 3575
0.030000, 3574
0.030000, 3573
0.031000, 3572
0.031000, 3571
0.031000, 3570
0.031000, 3569
0.032000, 3568
0.033000, 3567
0.033000, 3566
0.033000, 3565
0.033000, 3564
0.034000, 3563
0.034000, 3562
0.034000, 3561
0.034000, 3560
0.034000, 3559
0.034000, 3558
0.035000, 3557
0.035000, 3556
0.035000, 3555
0.035000, 3554
0.036000, 3553
0.036000, 3552
0.036000, 3551
0.036000, 3550
0.036000, 3549
0.037000, 3548
0.037000, 3547
0.037000, 3546
0.037000, 3545
0.037000, 3544
0.038000, 3543
0.038000, 3542
0.038000, 3541
0.038000, 3540
0.038000, 3539
0.039000, 3538
0.039000, 3537
0.039000, 3536
0.039000, 3535
0.039000, 3534
0.039000, 3533
0.039000, 3532
0.039000, 3531
0.040000, 3530
0.040000, 3529
0.040000, 3528
0.040000, 3527
0.040000, 3526
0.040000, 3525
0.041000, 3524
0.041000, 3523
0.041000, 3522
0.042000, 3521
0.042000, 3520
0.042000, 3519
0.042000, 3518
0.042000, 3517
0.043000, 3516
0.043000, 3515
0.043000, 3514
0.043000, 3513
0.043000, 3512
0.044000, 3511
0.044000, 3510
0.045000, 3509
0.045000, 3508
0.045000, 3507
0.046000, 3506
0.046000, 3505
0.046000, 3504
0.046000, 3503
0.047000, 3502
0.047000, 3501
0.047000, 3500
0.047000, 3499
0.047000, 3498
0.048000, 3497
0.048000, 3496
0.048000, 3495
0.048000, 3494
0.048000, 3493
0.048000, 3492
0.048000, 3491
0.048000, 3490
0.049000, 3489
0.049000, 3488
0.049000, 3487
0.049000, 3486
0.050000, 3485
0.050000, 3484
0.050000, 3483
0.050000, 3482
0.051000, 3481
0.051000, 3480
0.051000, 3479
0.051000, 3478
0.051000, 3477
0.052000, 3476
0.052000, 3475
0.052000, 3474
0.052000, 3473
0.052000, 3472
0.052000, 3471
0.053000, 3470
0.053000, 3469
0.053000, 3468
0.053000, 3467
0.053000, 3466
0.054000, 3465
0.054000, 3464
0.054000, 3463
0.054000, 3462
0.054000, 3461
0.054000, 3460
0.055000, 3459
0.055000, 3458
0.055000, 3457
0.055000, 3456
0.056000, 3455
0.056000, 3454
0.056000, 3453
0.057000, 3452
0.057000, 3451
0.057000, 3450
0.057000, 3449
0.057000, 3448
0.058000, 3447
0.058000, 3446
0.058000, 3445
0.058000, 3444
0.058000, 3443
0.059000, 3442
0.059000, 3441
0.059000, 3440
0.059000, 3439
0.059000, 3438
0.060000, 3437
0.060000, 3436
0.060000, 3435
0.060000, 3434
0.060000, 3433
0.061000, 3432
0.061000, 3431
0.061000, 3430
0.061000, 3429
0.061000, 3428
0.061000, 3427
0.062000, 3426
0.062000, 3425
0.062000, 3424
0.062000, 3423
0.062000, 3422
0.063000, 3421
0.063000, 3420
0.063000, 3419
0.063000, 3418
0.063000, 3417
0.064000, 3416
0.064000, 3415
0.064000, 3414
0.064000, 3413
0.064000, 3412
0.065000, 3411
0.065000, 3410
0.065000, 3409
0.065000, 3408
0.066000, 3407
0.066000, 3406
0.066000, 3405
0.066000, 3404
0.066000, 3403
0.066000, 3402
0.066000, 3401
0.067000, 3400
0.067000, 3399
0.067000, 3398
0.067000, 3397
0.067000, 3396
0.067000, 3395
0.067000, 3394
0.068000, 3393
0.068000, 3392
0.068000, 3391
0.068000, 3390
0.069000, 3389
0.069000, 3388
0.069000, 3387
0.069000, 3386
0.070000, 3385
0.070000, 3384
0.070000, 3383
0.070000, 3382
0.071000, 3381
0.071000, 3380
0.071000, 3379
0.071000, 3378
0.072000, 3377
0.072000, 3376
0.073000, 3375
0.073000, 3374
0.073000, 3373
0.074000, 3372
0.074000, 3371
0.074000, 3370
0.074000, 3369
0.075000, 3368
0.075000, 3367
0.075000, 3366
0.075000, 3365
0.075000, 3364
0.076000, 3363
0.076000, 3362
0.076000, 3361
0.076000, 3360
0.077000, 3359
0.077000, 3358
0.077000, 3357
0.077000, 3356
0.078000, 3355
0.078000, 3354
0.078000, 3353
0.078000, 3352
0.078000, 3351
0.079000, 3350
0.079000, 3349
0.079000, 3348
0.079000, 3347
0.079000, 3346
0.080000, 3345
0.080000, 3344
0.080000, 3343
0.080000, 3342
0.080000, 3341
0.081000, 3340
0.081000, 3339
0.081000, 3338
0.081000, 3337
0.082000, 3336
0.082000, 3335
0.082000, 3334
0.082000, 3333
0.082000, 3332
0.082000, 3331
0.083000, 3330
0.083000, 3329
0.083000, 3328
0.083000, 3327
0.084000, 3326
0.084000, 3325
0.084000, 3324
0.084000, 3323
0.085000, 3322
0.085000, 3321
0.086000, 3320
0.086000, 3319
0.087000, 3318
0.087000, 3317
0.087000, 3316
0.088000, 3315
0.088000, 3314
0.088000, 3313
0.088000, 3312
0.088000, 3311
0.089000, 3310
0.089000, 3309
0.089000, 3308
0.089000, 3307
0.089000, 3306
0.090000, 3305
0.090000, 3304
0.090000, 3303
0.090000, 3302
0.090000, 3301
0.091000, 3300
0.091000, 3299
0.091000, 3298
0.091000, 3297
0.091000, 3296
0.092000, 3295
0.092000, 3294
0.092000, 3293
0.092000, 3292
0.093000, 3291
0.093000, 3290
0.093000, 3289
0.093000, 3288
0.094000, 3287
0.094000, 3286
0.095000, 3285
0.095000, 3284
0.095000, 3283
0.095000, 3282
0.095000, 3281
0.096000, 3280
0.096000, 3279
0.096000, 3278
0.096000, 3277
0.096000, 3276
0.096000, 3275
0.096000, 3274
0.097000, 3273
0.097000, 3272
0.098000, 3271
0.098000, 3270
0.098000, 3269
0.098000, 3268
0.099000, 3267
0.099000, 3266
0.099000, 3265
0.100000, 3264
0.100000, 3263
0.100000, 3262
0.100000, 3261
0.100000, 3260
0.100000, 3259
0.100000, 3258
0.101000, 3257
0.101000, 3256
0.101000, 3255
0.101000, 3254
0.101000, 3253
0.102000, 3252
0.102000, 3251
0.102000, 3250
0.102000, 3249
0.102000, 3248
0.102000, 3247
0.103000, 3246
0.103000, 3245
0.103000, 3244
0.103000, 3243
0.103000, 3242
0.104000, 3241
0.104000, 3240
0.104000, 3239
0.104000, 3238
0.104000, 3237
0.105000, 3236
0.105000, 3235
0.105000, 3234
0.105000, 3233
0.106000, 3232
0.106000, 3231
0.106000, 3230
0.106000, 3229
0.106000, 3228
0.107000, 3227
0.107000, 3226
0.108000, 3225
0.108000, 3224
0.108000, 3223
0.108000, 3222
0.108000, 3221
0.109000, 3220
0.109000, 3219
0.109000, 3218
0.109000, 3217
0.109000, 3216
0.110000, 3215
0.110000, 3214
0.110000, 3213
0.110000, 3212
0.110000, 3211
0.111000, 3210
0.111000, 3209
0.111000, 3208
0.111000, 3207
0.112000, 3206
0.112000, 3205
0.113000, 3204
0.113000, 3203
0.113000, 3202
0.113000, 3201
0.114000, 3200
0.114000, 3199
0.114000, 3198
0.114000, 3197
0.114000, 3196
0.115000, 3195
0.115000, 3194
0.115000, 3193
0.115000, 3192
0.116000, 3191
0.116000, 3190
0.117000, 3189
0.117000, 3188
0.117000, 3187
0.117000, 3186
0.118000, 3185
0.118000, 3184
0.118000, 3183
0.118000, 3182
0.118000, 3181
0.119000, 3180
0.119000, 3179
0.119000, 3178
0.119000, 3177
0.119000, 3176
0.120000, 3175
0.120000, 3174
0.120000, 3173
0.120000, 3172
0.121000, 3171
0.121000, 3170
0.121000, 3169
0.121000, 3168
0.121000, 3167
0.122000, 3166
0.122000, 3165
0.122000, 3164
0.122000, 3163
0.122000, 3162
0.123000, 3161
0.123000, 3160
0.123000, 3159
0.123000, 3158
0.124000, 3157
0.124000, 3156
0.124000, 3155
0.125000, 3154
0.125000, 3153
0.125000, 3152
0.125000, 3151
0.126000, 3150
0.126000, 3149
0.126000, 3148
0.126000, 3147
0.127000, 3146
0.127000, 3145
0.127000, 3144
0.128000, 3143
0.128000, 3142
0.128000, 3141
0.128000, 3140
0.128000, 3139
0.129000, 3138
0.129000, 3137
0.129000, 3136
0.129000, 3135
0.129000, 3134
0.130000, 3133
0.130000, 3132
0.130000, 3131
0.131000, 3130
0.131000, 3129
0.131000, 3128
0.131000, 3127
0.132000, 3126
0.132000, 3125
0.132000, 3124
0.133000, 3123
0.133000, 3122
0.133000, 3121
0.133000, 3120
0.133000, 3119
0.134000, 3118
0.134000, 3117
0.134000, 3116
0.135000, 3115
0.135000, 3114
0.135000, 3113
0.135000, 3112
0.136000, 3111
0.136000, 3110
0.136000, 3109
0.136000, 3108
0.136000, 3107
0.137000, 3106
0.137000, 3105
0.137000, 3104
0.138000, 3103
0.138000, 3102
0.138000, 3101
0.138000, 3100
0.139000, 3099
0.139000, 3098
0.140000, 3097
0.140000, 3096
0.140000, 3095
0.140000, 3094
0.141000, 3093
0.141000, 3092
0.141000, 3091
0.141000, 3090
0.142000, 3089
0.142000, 3088
0.142000, 3087
0.142000, 3086
0.142000, 3085
0.142000, 3084
0.142000, 3083
0.143000, 3082
0.143000, 3081
0.143000, 3080
0.144000, 3079
0.144000, 3078
0.144000, 3077
0.144000, 3076
0.145000, 3075
0.145000, 3074
0.145000, 3073
0.146000, 3072
0.146000, 3071
0.146000, 3070
0.146000, 3069
0.146000, 3068
0.147000, 3067
0.147000, 3066
0.147000, 3065
0.147000, 3064
0.147000, 3063
0.147000, 3062
0.148000, 3061
0.148000, 3060
0.148000, 3059
0.148000, 3058
0.149000, 3057
0.149000, 3056
0.149000, 3055
0.149000, 3054
0.150000, 3053
0.150000, 3052
0.151000, 3051
0.151000, 3050
0.151000, 3049
0.151000, 3048
0.151000, 3047
0.152000, 3046
0.152000, 3045
0.152000, 3044
0.152000, 3043
0.152000, 3042
0.153000, 3041
0.153000, 3040
0.153000, 3039
0.154000, 3038
0.154000, 3037
0.154000, 3036
0.155000, 3035
0.155000, 3034
0.155000, 3033
0.155000, 3032
0.156000, 3031
0.156000, 3030
0.156000, 3029
0.157000, 3028
0.157000, 3027
0.158000, 3026
0.158000, 3025
0.158000, 3024
0.159000, 3023
0.159000, 3022
0.159000, 3021
0.160000, 3020
0.161000, 3019
0.161000, 3018
0.161000, 3017
0.162000, 3016
0.165000, 3015
0.165000, 3014
0.165000, 3013
0.166000, 3012
0.166000, 3011
0.166000, 3010
0.167000, 3009
0.167000, 3008
0.168000, 3007
0.168000, 3006
0.168000, 3005
0.168000, 3004
0.168000, 3003
0.169000, 3002
0.169000, 3001
0.169000, 3000
0.169000, 2999
0.170000, 2998
0.170000, 2997
0.170000, 2996
0.170000, 2995
0.171000, 2994
0.171000, 2993
0.172000, 2992
0.172000, 2991
0.172000, 2990
0.173000, 2989
0.173000, 2988
0.173000, 2987
0.174000, 2986
0.175000, 2985
0.175000, 2984
0.175000, 2983
0.175000, 2982
0.176000, 2981
0.176000, 2980
0.177000, 2979
0.177000, 2978
0.177000, 2977
0.177000, 2976
0.178000, 2975
0.178000, 2974
0.178000, 2973
0.178000, 2972
0.178000, 2971
0.179000, 2970
0.179000, 2969
0.180000, 2968
0.180000, 2967
0.180000, 2966
0.180000, 2965
0.180000, 2964
0.180000, 2963
0.181000, 2962
0.181000, 2961
0.181000, 2960
0.181000, 2959
0.182000, 2958
0.182000, 2957
0.182000, 2956
0.182000, 2955
0.182000, 2954
0.183000, 2953
0.183000, 2952
0.183000, 2951
0.183000, 2950
0.184000, 2949
0.184000, 2948
0.184000, 2947
0.185000, 2946
0.185000, 2945
0.185000, 2944
0.185000, 2943
0.185000, 2942
0.186000, 2941
0.186000, 2940
0.186000, 2939
0.186000, 2938
0.186000, 2937
0.187000, 2936
0.187000, 2935
0.188000, 2934
0.188000, 2933
0.188000, 2932
0.188000, 2931
0.189000, 2930
0.189000, 2929
0.189000, 2928
0.190000, 2927
0.190000, 2926
0.191000, 2925
0.191000, 2924
0.192000, 2923
0.193000, 2922
0.193000, 2921
0.193000, 2920
0.193000, 2919
0.194000, 2918
0.194000, 2917
0.194000, 2916
0.195000, 2915
0.195000, 2914
0.195000, 2913
0.196000, 2912
0.196000, 2911
0.197000, 2910
0.197000, 2909
0.197000, 2908
0.198000, 2907
0.198000, 2906
0.198000, 2905
0.198000, 2904
0.198000, 2903
0.199000, 2902
0.199000, 2901
0.199000, 2900
0.199000, 2899
0.200000, 2898
0.200000, 2897
0.200000, 2896
0.200000, 2895
0.201000, 2894
0.202000, 2893
0.202000, 2892
0.202000, 2891
0.202000, 2890
0.203000, 2889
0.203000, 2888
0.204000, 2887
0.204000, 2886
0.205000, 2885
0.205000, 2884
0.205000, 2883
0.206000, 2882
0.206000, 2881
0.206000, 2880
0.207000, 2879
0.207000, 2878
0.207000, 2877
0.207000, 2876
0.207000, 2875
0.209000, 2874
0.209000, 2873
0.210000, 2872
0.210000, 2871
0.210000, 2870
0.211000, 2869
0.211000, 2868
0.211000, 2867
0.211000, 2866
0.211000, 2865
0.211000, 2864
0.211000, 2863
0.212000, 2862
0.212000, 2861
0.212000, 2860
0.212000, 2859
0.212000, 2858
0.213000, 2857
0.213000, 2856
0.213000, 2855
0.214000, 2854
0.214000, 2853
0.214000, 2852
0.214000, 2851
0.215000, 2850
0.215000, 2849
0.215000, 2848
0.215000, 2847
0.216000, 2846
0.216000, 2845
0.216000, 2844
0.217000, 2843
0.217000, 2842
0.217000, 2841
0.218000, 2840
0.218000, 2839
0.219000, 2838
0.219000, 2837
0.219000, 2836
0.219000, 2835
0.219000, 2834
0.220000, 2833
0.220000, 2832
0.220000, 2831
0.221000, 2830
0.221000, 2829
0.221000, 2828
0.221000, 2827
0.222000, 2826
0.222000, 2825
0.222000, 2824
0.223000, 2823
0.223000, 2822
0.224000, 2821
0.224000, 2820
0.224000, 2819
0.225000, 2818
0.225000, 2817
0.225000, 2816
0.226000, 2815
0.226000, 2814
0.227000, 2813
0.227000, 2812
0.227000, 2811
0.227000, 2810
0.228000, 2809
0.228000, 2808
0.228000, 2807
0.229000, 2806
0.229000, 2805
0.229000, 2804
0.229000, 2803
0.230000, 2802
0.230000, 2801
0.230000, 2800
0.230000, 2799
0.230000, 2798
0.231000, 2797
0.231000, 2796
0.231000, 2795
0.232000, 2794
0.232000, 2793
0.232000, 2792
0.232000, 2791
0.232000, 2790
0.233000, 2789
0.234000, 2788
0.234000, 2787
0.235000, 2786
0.235000, 2785
0.235000, 2784
0.235000, 2783
0.236000, 2782
0.236000, 2781
0.237000, 2780
0.237000, 2779
0.237000, 2778
0.237000, 2777
0.237000, 2776
0.238000, 2775
0.238000, 2774
0.238000, 2773
0.239000, 2772
0.239000, 2771
0.239000, 2770
0.240000, 2769
0.241000, 2768
0.241000, 2767
0.241000, 2766
0.241000, 2765
0.242000, 2764
0.242000, 2763
0.243000, 2762
0.243000, 2761
0.243000, 2760
0.243000, 2759
0.243000, 2758
0.244000, 2757
0.245000, 2756
0.245000, 2755
0.245000, 2754
0.246000, 2753
0.246000, 2752
0.246000, 2751
0.247000, 2750
0.247000, 2749
0.247000, 2748
0.247000, 2747
0.247000, 2746
0.248000, 2745
0.248000, 2744
0.248000, 2743
0.248000, 2742
0.249000, 2741
0.249000, 2740
0.249000, 2739
0.250000, 2738
0.250000, 2737
0.251000, 2736
0.251000, 2735
0.252000, 2734
0.252000, 2733
0.253000, 2732
0.253000, 2731
0.253000, 2730
0.253000, 2729
0.254000, 2728
0.254000, 2727
0.254000, 2726
0.255000, 2725
0.255000, 2724
0.255000, 2723
0.255000, 2722
0.256000, 2721
0.256000, 2720
0.257000, 2719
0.258000, 2718
0.258000, 2717
0.258000, 2716
0.258000, 2715
0.258000, 2714
0.258000, 2713
0.259000, 2712
0.259000, 2711
0.259000, 2710
0.260000, 2709
0.260000, 2708
0.260000, 2707
0.260000, 2706
0.261000, 2705
0.261000, 2704
0.262000, 2703
0.262000, 2702
0.262000, 2701
0.263000, 2700
0.263000, 2699
0.263000, 2698
0.264000, 2697
0.264000, 2696
0.264000, 2695
0.264000, 2694
0.265000, 2693
0.265000, 2692
0.265000, 2691
0.265000, 2690
0.266000, 2689
0.266000, 2688
0.268000, 2687
0.269000, 2686
0.269000, 2685
0.270000, 2684
0.270000, 2683
0.270000, 2682
0.271000, 2681
0.271000, 2680
0.272000, 2679
0.272000, 2678
0.273000, 2677
0.274000, 2676
0.274000, 2675
0.275000, 2674
0.276000, 2673
0.276000, 2672
0.276000, 2671
0.277000, 2670
0.277000, 2669
0.277000, 2668
0.278000, 2667
0.279000, 2666
0.280000, 2665
0.281000, 2664
0.281000, 2663
0.281000, 2662
0.281000, 2661
0.282000, 2660
0.282000, 2659
0.283000, 2658
0.283000, 2657
0.283000, 2656
0.284000, 2655
0.284000, 2654
0.285000, 2653
0.285000, 2652
0.286000, 2651
0.287000, 2650
0.288000, 2649
0.288000, 2648
0.289000, 2647
0.290000, 2646
0.290000, 2645
0.291000, 2644
0.291000, 2643
0.291000, 2642
0.291000, 2641
0.292000, 2640
0.292000, 2639
0.293000, 2638
0.293000, 2637
0.293000, 2636
0.294000, 2635
0.294000, 2634
0.295000, 2633
0.295000, 2632
0.295000, 2631
0.295000, 2630
0.296000, 2629
0.296000, 2628
0.297000, 2627
0.297000, 2626
0.298000, 2625
0.298000, 2624
0.299000, 2623
0.299000, 2622
0.299000, 2621
0.299000, 2620
0.300000, 2619
0.300000, 2618
0.300000, 2617
0.300000, 2616
0.301000, 2615
0.302000, 2614
0.303000, 2613
0.304000, 2612
0.304000, 2611
0.304000, 2610
0.306000, 2609
0.307000, 2608
0.309000, 2607
0.310000, 2606
0.310000, 2605
0.311000, 2604
0.312000, 2603
0.312000, 2602
0.312000, 2601
0.313000, 2600
0.313000, 2599
0.315000, 2598
0.316000, 2597
0.316000, 2596
0.316000, 2595
0.317000, 2594
0.317000, 2593
0.317000, 2592
0.318000, 2591
0.319000, 2590
0.319000, 2589
0.320000, 2588
0.322000, 2587
0.322000, 2586
0.323000, 2585
0.323000, 2584
0.323000, 2583
0.324000, 2582
0.324000, 2581
0.324000, 2580
0.325000, 2579
0.325000, 2578
0.325000, 2577
0.325000, 2576
0.325000, 2575
0.326000, 2574
0.326000, 2573
0.326000, 2572
0.326000, 2571
0.327000, 2570
0.327000, 2569
0.327000, 2568
0.328000, 2567
0.329000, 2566
0.329000, 2565
0.329000, 2564
0.330000, 2563
0.330000, 2562
0.331000, 2561
0.332000, 2560
0.332000, 2559
0.332000, 2558
0.333000, 2557
0.333000, 2556
0.333000, 2555
0.334000, 2554
0.334000, 2553
0.334000, 2552
0.334000, 2551
0.334000, 2550
0.335000, 2549
0.335000, 2548
0.336000, 2547
0.337000, 2546
0.338000, 2545
0.338000, 2544
0.338000, 2543
0.339000, 2542
0.340000, 2541
0.340000, 2540
0.341000, 2539
0.341000, 2538
0.341000, 2537
0.343000, 2536
0.344000, 2535
0.344000, 2534
0.347000, 2533
0.348000, 2532
0.349000, 2531
0.350000, 2530
0.350000, 2529
0.351000, 2528
0.353000, 2527
0.353000, 2526
0.354000, 2525
0.355000, 2524
0.355000, 2523
0.356000, 2522
0.356000, 2521
0.356000, 2520
0.357000, 2519
0.358000, 2518
0.359000, 2517
0.359000, 2516
0.359000, 2515
0.360000, 2514
0.360000, 2513
0.361000, 2512
0.362000, 2511
0.362000, 2510
0.363000, 2509
0.364000, 2508
0.365000, 2507
0.365000, 2506
0.366000, 2505
0.367000, 2504
0.367000, 2503
0.368000, 2502
0.368000, 2501
0.369000, 2500
0.369000, 2499
0.370000, 2498
0.370000, 2497
0.371000, 2496
0.371000, 2495
0.372000, 2494
0.372000, 2493
0.373000, 2492
0.373000, 2491
0.374000, 2490
0.374000, 2489
0.375000, 2488
0.376000, 2487
0.376000, 2486
0.376000, 2485
0.377000, 2484
0.377000, 2483
0.378000, 2482
0.378000, 2481
0.379000, 2480
0.381000, 2479
0.382000, 2478
0.384000, 2477
0.384000, 2476
0.386000, 2475
0.386000, 2474
0.387000, 2473
0.388000, 2472
0.389000, 2471
0.389000, 2470
0.390000, 2469
0.391000, 2468
0.392000, 2467
0.392000, 2466
0.393000, 2465
0.393000, 2464
0.393000, 2463
0.393000, 2462
0.394000, 2461
0.395000, 2460
0.396000, 2459
0.396000, 2458
0.397000, 2457
0.397000, 2456
0.398000, 2455
0.398000, 2454
0.399000, 2453
0.399000, 2452
0.399000, 2451
0.401000, 2450
0.402000, 2449
0.405000, 2448
0.405000, 2447
0.410000, 2446
0.410000, 2445
0.411000, 2444
0.412000, 2443
0.414000, 2442
0.415000, 2441
0.416000, 2440
0.417000, 2439
0.417000, 2438
0.421000, 2437
0.421000, 2436
0.421000, 2435
0.423000, 2434
0.424000, 2433
0.424000, 2432
0.425000, 2431
0.426000, 2430
0.429000, 2429
0.430000, 2428
0.431000, 2427
0.432000, 2426
0.432000, 2425
0.433000, 2424
0.434000, 2423
0.434000, 2422
0.434000, 2421
0.435000, 2420
0.435000, 2419
0.436000, 2418
0.436000, 2417
0.436000, 2416
0.438000, 2415
0.438000, 2414
0.438000, 2413
0.438000, 2412
0.439000, 2411
0.444000, 2410
0.447000, 2409
0.447000, 2408
0.448000, 2407
0.448000, 2406
0.449000, 2405
0.449000, 2404
0.450000, 2403
0.451000, 2402
0.452000, 2401
0.452000, 2400
0.455000, 2399
0.461000, 2398
0.462000, 2397
0.464000, 2396
0.465000, 2395
0.467000, 2394
0.467000, 2393
0.468000, 2392
0.473000, 2391
0.474000, 2390
0.474000, 2389
0.475000, 2388
0.475000, 2387
0.476000, 2386
0.478000, 2385
0.479000, 2384
0.480000, 2383
0.481000, 2382
0.481000, 2381
0.481000, 2380
0.484000, 2379
0.484000, 2378
0.485000, 2377
0.486000, 2376
0.487000, 2375
0.488000, 2374
0.489000, 2373
0.490000, 2372
0.490000, 2371
0.492000, 2370
0.496000, 2369
0.498000, 2368
0.499000, 2367
0.504000, 2366
0.507000, 2365
0.508000, 2364
0.509000, 2363
0.512000, 2362
0.515000, 2361
0.515000, 2360
0.522000, 2359
0.529000, 2358
0.530000, 2357
0.537000, 2356
0.545000, 2355
0.549000, 2354
0.550000, 2353
0.551000, 2352
0.553000, 2351
0.556000, 2350
0.566000, 2349
0.567000, 2348
0.567000, 2347
0.568000, 2346
0.569000, 2345
0.578000, 2344
0.583000, 2343
0.590000, 2342
0.593000, 2341
0.595000, 2340
0.597000, 2339
0.614000, 2338
0.618000, 2337
0.620000, 2336
0.626000, 2335
0.638000, 2334
0.645000, 2333
0.656000, 2332
0.679000, 2331
0.930000, 2330
