0.004000, 3657
0.008000, 3656
0.008000, 3655
0.008000, 3654
0.008000, 3653
0.009000, 3652
0.009000, 3651
0.010000, 3650
0.010000, 3649
0.010000, 3648
0.010000, 3647
0.010000, 3646
0.011000, 3645
0.011000, 3644
0.011000, 3643
0.012000, 3642
0.013000, 3641
0.013000, 3640
0.013000, 3639
0.014000, 3638
0.014000, 3637
0.014000, 3636
0.015000, 3635
0.015000, 3634
0.015000, 3633
0.015000, 3632
0.016000, 3631
0.016000, 3630
0.016000, 3629
0.016000, 3628
0.017000, 3627
0.017000, 3626
0.017000, 3625
0.017000, 3624
0.017000, 3623
0.018000, 3622
0.018000, 3621
0.020000, 3620
0.020000, 3619
0.021000, 3618
0.021000, 3617
0.021000, 3616
0.021000, 3615
0.024000, 3614
0.024000, 3613
0.024000, 3612
0.025000, 3611
0.025000, 3610
0.025000, 3609
0.026000, 3608
0.026000, 3607
0.026000, 3606
0.026000, 3605
0.026000, 3604
0.026000, 3603
0.027000, 3602
0.027000, 3601
0.027000, 3600
0.027000, 3599
0.027000, 3598
0.027000, 3597
0.027000, 3596
0.028000, 3595
0.028000, 3594
0.028000, 3593
0.028000, 3592
0.029000, 3591
0.029000, 3590
0.029000, 3589
0.029000, 3588
0.029000, 3587
0.030000, 3586
0.030000, 3585
0.030000, 3584
0.030000, 3583
0.030000, 3582
0.031000, 3581
0.031000, 3580
0.031000, 3579
0.031000, 3578
0.031000, 3577
0.031000, 3576
0.032000, 3575
0.032000, 3574
0.032000, 3573
0.032000, 3572
0.032000, 3571
0.033000, 3570
0.033000, 3569
0.033000, 3568
0.033000, 3567
0.034000, 3566
0.034000, 3565
0.034000, 3564
0.034000, 3563
0.035000, 3562
0.035000, 3561
0.035000, 3560
0.035000, 3559
0.036000, 3558
0.036000, 3557
0.036000, 3556
0.036000, 3555
0.037000, 3554
0.037000, 3553
0.037000, 3552
0.037000, 3551
0.037000, 3550
0.037000, 3549
0.038000, 3548
0.038000, 3547
0.038000, 3546
0.038000, 3545
0.039000, 3544
0.039000, 3543
0.039000, 3542
0.039000, 3541
0.039000, 3540
0.040000, 3539
0.040000, 3538
0.040000, 3537
0.040000, 3536
0.041000, 3535
0.041000, 3534
0.041000, 3533
0.041000, 3532
0.041000, 3531
0.041000, 3530
0.042000, 3529
0.042000, 3528
0.042000, 3527
0.042000, 3526
0.042000, 3525
0.042000, 3524
0.043000, 3523
0.043000, 3522
0.043000, 3521
0.043000, 3520
0.043000, 3519
0.044000, 3518
0.044000, 3517
0.044000, 3516
0.044000, 3515
0.044000, 3514
0.045000, 3513
0.045000, 3512
0.045000, 3511
0.045000, 3510
0.045000, 3509
0.046000, 3508
0.046000, 3507
0.046000, 3506
0.046000, 3505
0.047000, 3504
0.047000, 3503
0.047000, 3502
0.047000, 3501
0.047000, 3500
0.048000, 3499
0.048000, 3498
0.048000, 3497
0.048000, 3496
0.048000, 3495
0.049000, 3494
0.049000, 3493
0.049000, 3492
0.049000, 3491
0.049000, 3490
0.050000, 3489
0.050000, 3488
0.050000, 3487
0.050000, 3486
0.050000, 3485
0.051000, 3484
0.051000, 3483
0.051000, 3482
0.051000, 3481
0.052000, 3480
0.052000, 3479
0.053000, 3478
0.053000, 3477
0.053000, 3476
0.053000, 3475
0.053000, 3474
0.053000, 3473
0.054000, 3472
0.054000, 3471
0.054000, 3470
0.054000, 3469
0.054000, 3468
0.055000, 3467
0.055000, 3466
0.055000, 3465
0.055000, 3464
0.055000, 3463
0.055000, 3462
0.056000, 3461
0.056000, 3460
0.056000, 3459
0.056000, 3458
0.057000, 3457
0.057000, 3456
0.058000, 3455
0.058000, 3454
0.058000, 3453
0.058000, 3452
0.059000, 3451
0.059000, 3450
0.059000, 3449
0.059000, 3448
0.059000, 3447
0.060000, 3446
0.060000, 3445
0.060000, 3444
0.060000, 3443
0.061000, 3442
0.061000, 3441
0.061000, 3440
0.061000, 3439
0.062000, 3438
0.062000, 3437
0.062000, 3436
0.062000, 3435
0.063000, 3434
0.063000, 3433
0.063000, 3432
0.063000, 3431
0.064000, 3430
0.064000, 3429
0.064000, 3428
0.064000, 3427
0.065000, 3426
0.065000, 3425
0.065000, 3424
0.065000, 3423
0.065000, 3422
0.065000, 3421
0.066000, 3420
0.066000, 3419
0.066000, 3418
0.066000, 3417
0.067000, 3416
0.067000, 3415
0.067000, 3414
0.068000, 3413
0.068000, 3412
0.068000, 3411
0.068000, 3410
0.069000, 3409
0.069000, 3408
0.069000, 3407
0.069000, 3406
0.070000, 3405
0.070000, 3404
0.070000, 3403
0.070000, 3402
0.071000, 3401
0.071000, 3400
0.071000, 3399
0.071000, 3398
0.072000, 3397
0.072000, 3396
0.072000, 3395
0.072000, 3394
0.073000, 3393
0.073000, 3392
0.073000, 3391
0.074000, 3390
0.074000, 3389
0.074000, 3388
0.074000, 3387
0.075000, 3386
0.075000, 3385
0.075000, 3384
0.075000, 3383
0.075000, 3382
0.075000, 3381
0.076000, 3380
0.076000, 3379
0.076000, 3378
0.077000, 3377
0.077000, 3376
0.077000, 3375
0.077000, 3374
0.077000, 3373
0.077000, 3372
0.078000, 3371
0.078000, 3370
0.078000, 3369
0.078000, 3368
0.078000, 3367
0.079000, 3366
0.079000, 3365
0.079000, 3364
0.079000, 3363
0.079000, 3362
0.079000, 3361
0.080000, 3360
0.080000, 3359
0.080000, 3358
0.080000, 3357
0.081000, 3356
0.081000, 3355
0.081000, 3354
0.081000, 3353
0.082000, 3352
0.082000, 3351
0.082000, 3350
0.083000, 3349
0.083000, 3348
0.083000, 3347
0.083000, 3346
0.083000, 3345
0.084000, 3344
0.084000, 3343
0.084000, 3342
0.085000, 3341
0.085000, 3340
0.085000, 3339
0.085000, 3338
0.086000, 3337
0.086000, 3336
0.086000, 3335
0.086000, 3334
0.087000, 3333
0.087000, 3332
0.087000, 3331
0.087000, 3330
0.088000, 3329
0.088000, 3328
0.089000, 3327
0.089000, 3326
0.089000, 3325
0.089000, 3324
0.090000, 3323
0.090000, 3322
0.090000, 3321
0.090000, 3320
0.091000, 3319
0.091000, 3318
0.091000, 3317
0.091000, 3316
0.091000, 3315
0.092000, 3314
0.092000, 3313
0.092000, 3312
0.092000, 3311
0.093000, 3310
0.093000, 3309
0.093000, 3308
0.093000, 3307
0.093000, 3306
0.093000, 3305
0.094000, 3304
0.094000, 3303
0.094000, 3302
0.094000, 3301
0.094000, 3300
0.094000, 3299
0.095000, 3298
0.095000, 3297
0.095000, 3296
0.095000, 3295
0.095000, 3294
0.096000, 3293
0.096000, 3292
0.096000, 3291
0.096000, 3290
0.096000, 3289
0.097000, 3288
0.097000, 3287
0.097000, 3286
0.098000, 3285
0.098000, 3284
0.098000, 3283
0.098000, 3282
0.098000, 3281
0.099000, 3280
0.099000, 3279
0.099000, 3278
0.099000, 3277
0.099000, 3276
0.099000, 3275
0.100000, 3274
0.100000, 3273
0.100000, 3272
0.100000, 3271
0.100000, 3270
0.100000, 3269
0.100000, 3268
0.101000, 3267
0.101000, 3266
0.101000, 3265
0.101000, 3264
0.102000, 3263
0.102000, 3262
0.103000, 3261
0.103000, 3260
0.103000, 3259
0.103000, 3258
0.104000, 3257
0.104000, 3256
0.104000, 3255
0.104000, 3254
0.105000, 3253
0.105000, 3252
0.105000, 3251
0.106000, 3250
0.106000, 3249
0.107000, 3248
0.107000, 3247
0.107000, 3246
0.107000, 3245
0.107000, 3244
0.107000, 3243
0.108000, 3242
0.108000, 3241
0.109000, 3240
0.109000, 3239
0.109000, 3238
0.109000, 3237
0.109000, 3236
0.110000, 3235
0.110000, 3234
0.110000, 3233
0.110000, 3232
0.111000, 3231
0.111000, 3230
0.111000, 3229
0.112000, 3228
0.112000, 3227
0.112000, 3226
0.112000, 3225
0.112000, 3224
0.113000, 3223
0.113000, 3222
0.113000, 3221
0.114000, 3220
0.114000, 3219
0.114000, 3218
0.114000, 3217
0.115000, 3216
0.115000, 3215
0.115000, 3214
0.115000, 3213
0.117000, 3212
0.117000, 3211
0.117000, 3210
0.117000, 3209
0.117000, 3208
0.117000, 3207
0.117000, 3206
0.117000, 3205
0.118000, 3204
0.118000, 3203
0.118000, 3202
0.119000, 3201
0.119000, 3200
0.119000, 3199
0.119000, 3198
0.120000, 3197
0.120000, 3196
0.120000, 3195
0.120000, 3194
0.120000, 3193
0.120000, 3192
0.121000, 3191
0.121000, 3190
0.121000, 3189
0.122000, 3188
0.122000, 3187
0.122000, 3186
0.122000, 3185
0.123000, 3184
0.123000, 3183
0.123000, 3182
0.123000, 3181
0.124000, 3180
0.124000, 3179
0.124000, 3178
0.124000, 3177
0.124000, 3176
0.125000, 3175
0.125000, 3174
0.126000, 3173
0.126000, 3172
0.126000, 3171
0.127000, 3170
0.127000, 3169
0.128000, 3168
0.128000, 3167
0.128000, 3166
0.128000, 3165
0.128000, 3164
0.129000, 3163
0.129000, 3162
0.129000, 3161
0.129000, 3160
0.129000, 3159
0.130000, 3158
0.130000, 3157
0.130000, 3156
0.130000, 3155
0.131000, 3154
0.131000, 3153
0.131000, 3152
0.131000, 3151
0.132000, 3150
0.132000, 3149
0.132000, 3148
0.132000, 3147
0.132000, 3146
0.132000, 3145
0.134000, 3144
0.134000, 3143
0.134000, 3142
0.135000, 3141
0.135000, 3140
0.135000, 3139
0.135000, 3138
0.136000, 3137
0.136000, 3136
0.136000, 3135
0.136000, 3134
0.136000, 3133
0.137000, 3132
0.137000, 3131
0.137000, 3130
0.137000, 3129
0.138000, 3128
0.138000, 3127
0.139000, 3126
0.139000, 3125
0.139000, 3124
0.139000, 3123
0.140000, 3122
0.140000, 3121
0.140000, 3120
0.140000, 3119
0.141000, 3118
0.141000, 3117
0.141000, 3116
0.141000, 3115
0.142000, 3114
0.142000, 3113
0.142000, 3112
0.142000, 3111
0.143000, 3110
0.143000, 3109
0.143000, 3108
0.143000, 3107
0.143000, 3106
0.144000, 3105
0.144000, 3104
0.145000, 3103
0.145000, 3102
0.145000, 3101
0.145000, 3100
0.145000, 3099
0.146000, 3098
0.146000, 3097
0.146000, 3096
0.146000, 3095
0.147000, 3094
0.147000, 3093
0.147000, 3092
0.147000, 3091
0.148000, 3090
0.148000, 3089
0.148000, 3088
0.148000, 3087
0.148000, 3086
0.149000, 3085
0.149000, 3084
0.149000, 3083
0.150000, 3082
0.150000, 3081
0.150000, 3080
0.150000, 3079
0.150000, 3078
0.151000, 3077
0.151000, 3076
0.151000, 3075
0.151000, 3074
0.151000, 3073
0.151000, 3072
0.152000, 3071
0.152000, 3070
0.152000, 3069
0.153000, 3068
0.153000, 3067
0.153000, 3066
0.153000, 3065
0.154000, 3064
0.154000, 3063
0.154000, 3062
0.154000, 3061
0.154000, 3060
0.154000, 3059
0.154000, 3058
0.155000, 3057
0.155000, 3056
0.155000, 3055
0.155000, 3054
0.155000, 3053
0.155000, 3052
0.156000, 3051
0.156000, 3050
0.156000, 3049
0.157000, 3048
0.157000, 3047
0.157000, 3046
0.157000, 3045
0.158000, 3044
0.158000, 3043
0.158000, 3042
0.158000, 3041
0.159000, 3040
0.159000, 3039
0.159000, 3038
0.160000, 3037
0.160000, 3036
0.160000, 3035
0.160000, 3034
0.160000, 3033
0.161000, 3032
0.161000, 3031
0.161000, 3030
0.161000, 3029
0.162000, 3028
0.162000, 3027
0.162000, 3026
0.162000, 3025
0.162000, 3024
0.163000, 3023
0.163000, 3022
0.164000, 3021
0.164000, 3020
0.164000, 3019
0.164000, 3018
0.165000, 3017
0.165000, 3016
0.165000, 3015
0.165000, 3014
0.166000, 3013
0.166000, 3012
0.166000, 3011
0.166000, 3010
0.167000, 3009
0.167000, 3008
0.167000, 3007
0.167000, 3006
0.167000, 3005
0.168000, 3004
0.168000, 3003
0.169000, 3002
0.169000, 3001
0.169000, 3000
0.169000, 2999
0.170000, 2998
0.170000, 2997
0.170000, 2996
0.171000, 2995
0.171000, 2994
0.171000, 2993
0.171000, 2992
0.171000, 2991
0.172000, 2990
0.173000, 2989
0.173000, 2988
0.173000, 2987
0.173000, 2986
0.173000, 2985
0.173000, 2984
0.174000, 2983
0.174000, 2982
0.174000, 2981
0.174000, 2980
0.174000, 2979
0.175000, 2978
0.175000, 2977
0.175000, 2976
0.176000, 2975
0.177000, 2974
0.177000, 2973
0.177000, 2972
0.178000, 2971
0.178000, 2970
0.178000, 2969
0.178000, 2968
0.179000, 2967
0.179000, 2966
0.179000, 2965
0.179000, 2964
0.180000, 2963
0.180000, 2962
0.180000, 2961
0.181000, 2960
0.181000, 2959
0.181000, 2958
0.181000, 2957
0.182000, 2956
0.182000, 2955
0.182000, 2954
0.182000, 2953
0.182000, 2952
0.183000, 2951
0.183000, 2950
0.183000, 2949
0.184000, 2948
0.185000, 2947
0.185000, 2946
0.185000, 2945
0.185000, 2944
0.185000, 2943
0.186000, 2942
0.186000, 2941
0.187000, 2940
0.187000, 2939
0.187000, 2938
0.187000, 2937
0.188000, 2936
0.188000, 2935
0.189000, 2934
0.189000, 2933
0.189000, 2932
0.189000, 2931
0.190000, 2930
0.190000, 2929
0.191000, 2928
0.191000, 2927
0.191000, 2926
0.191000, 2925
0.191000, 2924
0.192000, 2923
0.192000, 2922
0.192000, 2921
0.192000, 2920
0.193000, 2919
0.193000, 2918
0.193000, 2917
0.193000, 2916
0.194000, 2915
0.194000, 2914
0.194000, 2913
0.194000, 2912
0.194000, 2911
0.195000, 2910
0.195000, 2909
0.196000, 2908
0.196000, 2907
0.196000, 2906
0.196000, 2905
0.197000, 2904
0.197000, 2903
0.197000, 2902
0.197000, 2901
0.197000, 2900
0.198000, 2899
0.198000, 2898
0.198000, 2897
0.198000, 2896
0.199000, 2895
0.199000, 2894
0.199000, 2893
0.199000, 2892
0.200000, 2891
0.200000, 2890
0.200000, 2889
0.200000, 2888
0.201000, 2887
0.201000, 2886
0.201000, 2885
0.201000, 2884
0.202000, 2883
0.202000, 2882
0.202000, 2881
0.203000, 2880
0.203000, 2879
0.203000, 2878
0.203000, 2877
0.204000, 2876
0.204000, 2875
0.204000, 2874
0.204000, 2873
0.204000, 2872
0.205000, 2871
0.205000, 2870
0.205000, 2869
0.205000, 2868
0.206000, 2867
0.207000, 2866
0.207000, 2865
0.207000, 2864
0.207000, 2863
0.207000, 2862
0.208000, 2861
0.208000, 2860
0.208000, 2859
0.209000, 2858
0.209000, 2857
0.209000, 2856
0.209000, 2855
0.210000, 2854
0.212000, 2853
0.212000, 2852
0.212000, 2851
0.213000, 2850
0.213000, 2849
0.214000, 2848
0.214000, 2847
0.214000, 2846
0.214000, 2845
0.215000, 2844
0.215000, 2843
0.215000, 2842
0.216000, 2841
0.216000, 2840
0.216000, 2839
0.216000, 2838
0.216000, 2837
0.216000, 2836
0.217000, 2835
0.217000, 2834
0.218000, 2833
0.218000, 2832
0.219000, 2831
0.219000, 2830
0.219000, 2829
0.219000, 2828
0.220000, 2827
0.220000, 2826
0.221000, 2825
0.221000, 2824
0.221000, 2823
0.222000, 2822
0.222000, 2821
0.222000, 2820
0.222000, 2819
0.222000, 2818
0.223000, 2817
0.223000, 2816
0.223000, 2815
0.224000, 2814
0.224000, 2813
0.225000, 2812
0.225000, 2811
0.225000, 2810
0.226000, 2809
0.226000, 2808
0.227000, 2807
0.227000, 2806
0.227000, 2805
0.227000, 2804
0.228000, 2803
0.229000, 2802
0.229000, 2801
0.229000, 2800
0.229000, 2799
0.230000, 2798
0.230000, 2797
0.230000, 2796
0.231000, 2795
0.231000, 2794
0.232000, 2793
0.232000, 2792
0.232000, 2791
0.232000, 2790
0.232000, 2789
0.233000, 2788
0.233000, 2787
0.233000, 2786
0.234000, 2785
0.234000, 2784
0.234000, 2783
0.235000, 2782
0.236000, 2781
0.236000, 2780
0.236000, 2779
0.236000, 2778
0.237000, 2777
0.237000, 2776
0.237000, 2775
0.238000, 2774
0.238000, 2773
0.239000, 2772
0.239000, 2771
0.240000, 2770
0.240000, 2769
0.241000, 2768
0.241000, 2767
0.241000, 2766
0.242000, 2765
0.242000, 2764
0.242000, 2763
0.242000, 2762
0.243000, 2761
0.243000, 2760
0.243000, 2759
0.244000, 2758
0.244000, 2757
0.244000, 2756
0.245000, 2755
0.245000, 2754
0.245000, 2753
0.246000, 2752
0.247000, 2751
0.247000, 2750
0.248000, 2749
0.248000, 2748
0.248000, 2747
0.248000, 2746
0.249000, 2745
0.249000, 2744
0.250000, 2743
0.250000, 2742
0.250000, 2741
0.250000, 2740
0.251000, 2739
0.251000, 2738
0.252000, 2737
0.252000, 2736
0.253000, 2735
0.254000, 2734
0.254000, 2733
0.254000, 2732
0.254000, 2731
0.255000, 2730
0.256000, 2729
0.256000, 2728
0.257000, 2727
0.257000, 2726
0.258000, 2725
0.258000, 2724
0.258000, 2723
0.258000, 2722
0.259000, 2721
0.259000, 2720
0.259000, 2719
0.260000, 2718
0.260000, 2717
0.260000, 2716
0.261000, 2715
0.261000, 2714
0.262000, 2713
0.262000, 2712
0.262000, 2711
0.263000, 2710
0.263000, 2709
0.264000, 2708
0.264000, 2707
0.264000, 2706
0.265000, 2705
0.265000, 2704
0.265000, 2703
0.265000, 2702
0.266000, 2701
0.266000, 2700
0.266000, 2699
0.267000, 2698
0.268000, 2697
0.268000, 2696
0.270000, 2695
0.270000, 2694
0.271000, 2693
0.272000, 2692
0.272000, 2691
0.272000, 2690
0.272000, 2689
0.272000, 2688
0.273000, 2687
0.274000, 2686
0.274000, 2685
0.275000, 2684
0.275000, 2683
0.276000, 2682
0.276000, 2681
0.277000, 2680
0.277000, 2679
0.278000, 2678
0.279000, 2677
0.279000, 2676
0.279000, 2675
0.280000, 2674
0.280000, 2673
0.281000, 2672
0.281000, 2671
0.283000, 2670
0.283000, 2669
0.283000, 2668
0.284000, 2667
0.284000, 2666
0.284000, 2665
0.285000, 2664
0.285000, 2663
0.285000, 2662
0.285000, 2661
0.287000, 2660
0.288000, 2659
0.288000, 2658
0.288000, 2657
0.288000, 2656
0.289000, 2655
0.290000, 2654
0.290000, 2653
0.290000, 2652
0.291000, 2651
0.292000, 2650
0.293000, 2649
0.293000, 2648
0.294000, 2647
0.294000, 2646
0.294000, 2645
0.295000, 2644
0.295000, 2643
0.296000, 2642
0.296000, 2641
0.297000, 2640
0.297000, 2639
0.298000, 2638
0.298000, 2637
0.298000, 2636
0.299000, 2635
0.300000, 2634
0.300000, 2633
0.301000, 2632
0.301000, 2631
0.302000, 2630
0.303000, 2629
0.304000, 2628
0.304000, 2627
0.305000, 2626
0.305000, 2625
0.305000, 2624
0.306000, 2623
0.306000, 2622
0.307000, 2621
0.307000, 2620
0.307000, 2619
0.308000, 2618
0.309000, 2617
0.309000, 2616
0.310000, 2615
0.311000, 2614
0.311000, 2613
0.311000, 2612
0.312000, 2611
0.312000, 2610
0.312000, 2609
0.312000, 2608
0.314000, 2607
0.314000, 2606
0.314000, 2605
0.314000, 2604
0.315000, 2603
0.316000, 2602
0.316000, 2601
0.316000, 2600
0.316000, 2599
0.317000, 2598
0.317000, 2597
0.318000, 2596
0.319000, 2595
0.319000, 2594
0.320000, 2593
0.321000, 2592
0.321000, 2591
0.321000, 2590
0.322000, 2589
0.322000, 2588
0.323000, 2587
0.324000, 2586
0.324000, 2585
0.325000, 2584
0.325000, 2583
0.325000, 2582
0.326000, 2581
0.326000, 2580
0.327000, 2579
0.329000, 2578
0.329000, 2577
0.329000, 2576
0.329000, 2575
0.329000, 2574
0.330000, 2573
0.330000, 2572
0.330000, 2571
0.330000, 2570
0.330000, 2569
0.330000, 2568
0.331000, 2567
0.331000, 2566
0.332000, 2565
0.332000, 2564
0.333000, 2563
0.333000, 2562
0.333000, 2561
0.334000, 2560
0.334000, 2559
0.334000, 2558
0.335000, 2557
0.336000, 2556
0.336000, 2555
0.336000, 2554
0.337000, 2553
0.337000, 2552
0.338000, 2551
0.338000, 2550
0.338000, 2549
0.338000, 2548
0.338000, 2547
0.339000, 2546
0.340000, 2545
0.340000, 2544
0.341000, 2543
0.341000, 2542
0.342000, 2541
0.342000, 2540
0.342000, 2539
0.343000, 2538
0.343000, 2537
0.344000, 2536
0.344000, 2535
0.345000, 2534
0.345000, 2533
0.345000, 2532
0.345000, 2531
0.346000, 2530
0.347000, 2529
0.347000, 2528
0.347000, 2527
0.348000, 2526
0.348000, 2525
0.348000, 2524
0.349000, 2523
0.349000, 2522
0.349000, 2521
0.350000, 2520
0.350000, 2519
0.350000, 2518
0.351000, 2517
0.351000, 2516
0.352000, 2515
0.352000, 2514
0.353000, 2513
0.353000, 2512
0.354000, 2511
0.354000, 2510
0.355000, 2509
0.355000, 2508
0.355000, 2507
0.356000, 2506
0.357000, 2505
0.357000, 2504
0.358000, 2503
0.358000, 2502
0.359000, 2501
0.360000, 2500
0.360000, 2499
0.360000, 2498
0.360000, 2497
0.361000, 2496
0.361000, 2495
0.361000, 2494
0.362000, 2493
0.362000, 2492
0.362000, 2491
0.363000, 2490
0.364000, 2489
0.365000, 2488
0.365000, 2487
0.366000, 2486
0.367000, 2485
0.367000, 2484
0.368000, 2483
0.369000, 2482
0.369000, 2481
0.370000, 2480
0.370000, 2479
0.371000, 2478
0.371000, 2477
0.372000, 2476
0.372000, 2475
0.373000, 2474
0.373000, 2473
0.373000, 2472
0.373000, 2471
0.374000, 2470
0.374000, 2469
0.375000, 2468
0.377000, 2467
0.378000, 2466
0.378000, 2465
0.379000, 2464
0.379000, 2463
0.380000, 2462
0.380000, 2461
0.381000, 2460
0.381000, 2459
0.381000, 2458
0.382000, 2457
0.383000, 2456
0.384000, 2455
0.385000, 2454
0.385000, 2453
0.386000, 2452
0.386000, 2451
0.387000, 2450
0.387000, 2449
0.387000, 2448
0.388000, 2447
0.388000, 2446
0.388000, 2445
0.388000, 2444
0.389000, 2443
0.392000, 2442
0.393000, 2441
0.393000, 2440
0.393000, 2439
0.394000, 2438
0.396000, 2437
0.396000, 2436
0.397000, 2435
0.398000, 2434
0.400000, 2433
0.403000, 2432
0.403000, 2431
0.404000, 2430
0.405000, 2429
0.406000, 2428
0.407000, 2427
0.407000, 2426
0.408000, 2425
0.408000, 2424
0.409000, 2423
0.410000, 2422
0.410000, 2421
0.410000, 2420
0.411000, 2419
0.411000, 2418
0.411000, 2417
0.412000, 2416
0.412000, 2415
0.412000, 2414
0.413000, 2413
0.415000, 2412
0.419000, 2411
0.419000, 2410
0.422000, 2409
0.423000, 2408
0.423000, 2407
0.425000, 2406
0.425000, 2405
0.426000, 2404
0.426000, 2403
0.427000, 2402
0.427000, 2401
0.429000, 2400
0.430000, 2399
0.432000, 2398
0.434000, 2397
0.435000, 2396
0.436000, 2395
0.437000, 2394
0.437000, 2393
0.438000, 2392
0.439000, 2391
0.440000, 2390
0.441000, 2389
0.444000, 2388
0.444000, 2387
0.446000, 2386
0.449000, 2385
0.450000, 2384
0.451000, 2383
0.452000, 2382
0.456000, 2381
0.457000, 2380
0.458000, 2379
0.459000, 2378
0.460000, 2377
0.464000, 2376
0.465000, 2375
0.466000, 2374
0.466000, 2373
0.468000, 2372
0.472000, 2371
0.473000, 2370
0.478000, 2369
0.479000, 2368
0.480000, 2367
0.491000, 2366
0.492000, 2365
0.492000, 2364
0.494000, 2363
0.495000, 2362
0.495000, 2361
0.503000, 2360
0.508000, 2359
0.513000, 2358
0.519000, 2357
0.522000, 2356
0.523000, 2355
0.524000, 2354
0.527000, 2353
0.529000, 2352
0.534000, 2351
0.538000, 2350
0.544000, 2349
0.547000, 2348
0.556000, 2347
0.562000, 2346
0.572000, 2345
0.580000, 2344
0.598000, 2343
0.602000, 2342
0.615000, 2341
0.630000, 2340
0.635000, 2339
0.642000, 2338
0.675000, 2337
0.695000, 2336
0.718000, 2335
0.831000, 2334
0.841000, 2333
0.878000, 2332
