0.006000, 3603
0.009000, 3602
0.010000, 3601
0.012000, 3600
0.012000, 3599
0.012000, 3598
0.012000, 3597
0.013000, 3596
0.014000, 3595
0.014000, 3594
0.014000, 3593
0.014000, 3592
0.014000, 3591
0.015000, 3590
0.015000, 3589
0.015000, 3588
0.015000, 3587
0.015000, 3586
0.015000, 3585
0.016000, 3584
0.016000, 3583
0.016000, 3582
0.016000, 3581
0.017000, 3580
0.017000, 3579
0.017000, 3578
0.017000, 3577
0.018000, 3576
0.018000, 3575
0.018000, 3574
0.018000, 3573
0.018000, 3572
0.019000, 3571
0.019000, 3570
0.019000, 3569
0.019000, 3568
0.020000, 3567
0.020000, 3566
0.020000, 3565
0.021000, 3564
0.021000, 3563
0.021000, 3562
0.021000, 3561
0.021000, 3560
0.022000, 3559
0.022000, 3558
0.022000, 3557
0.024000, 3556
0.024000, 3555
0.024000, 3554
0.025000, 3553
0.026000, 3552
0.026000, 3551
0.026000, 3550
0.026000, 3549
0.027000, 3548
0.027000, 3547
0.027000, 3546
0.028000, 3545
0.028000, 3544
0.028000, 3543
0.028000, 3542
0.029000, 3541
0.029000, 3540
0.029000, 3539
0.029000, 3538
0.030000, 3537
0.030000, 3536
0.030000, 3535
0.030000, 3534
0.030000, 3533
0.031000, 3532
0.031000, 3531
0.031000, 3530
0.031000, 3529
0.032000, 3528
0.032000, 3527
0.032000, 3526
0.032000, 3525
0.032000, 3524
0.033000, 3523
0.033000, 3522
0.033000, 3521
0.033000, 3520
0.033000, 3519
0.033000, 3518
0.034000, 3517
0.034000, 3516
0.034000, 3515
0.034000, 3514
0.034000, 3513
0.034000, 3512
0.035000, 3511
0.035000, 3510
0.035000, 3509
0.035000, 3508
0.036000, 3507
0.036000, 3506
0.036000, 3505
0.036000, 3504
0.037000, 3503
0.037000, 3502
0.037000, 3501
0.037000, 3500
0.037000, 3499
0.038000, 3498
0.038000, 3497
0.038000, 3496
0.038000, 3495
0.039000, 3494
0.039000, 3493
0.039000, 3492
0.039000, 3491
0.039000, 3490
0.039000, 3489
0.039000, 3488
0.040000, 3487
0.040000, 3486
0.040000, 3485
0.040000, 3484
0.040000, 3483
0.041000, 3482
0.041000, 3481
0.041000, 3480
0.041000, 3479
0.042000, 3478
0.042000, 3477
0.042000, 3476
0.043000, 3475
0.043000, 3474
0.043000, 3473
0.043000, 3472
0.043000, 3471
0.043000, 3470
0.044000, 3469
0.044000, 3468
0.044000, 3467
0.044000, 3466
0.045000, 3465
0.045000, 3464
0.045000, 3463
0.045000, 3462
0.046000, 3461
0.046000, 3460
0.046000, 3459
0.046000, 3458
0.046000, 3457
0.046000, 3456
0.046000, 3455
0.047000, 3454
0.047000, 3453
0.047000, 3452
0.048000, 3451
0.048000, 3450
0.048000, 3449
0.048000, 3448
0.049000, 3447
0.049000, 3446
0.049000, 3445
0.050000, 3444
0.050000, 3443
0.050000, 3442
0.050000, 3441
0.050000, 3440
0.050000, 3439
0.051000, 3438
0.051000, 3437
0.051000, 3436
0.051000, 3435
0.051000, 3434
0.051000, 3433
0.052000, 3432
0.052000, 3431
0.053000, 3430
0.053000, 3429
0.053000, 3428
0.053000, 3427
0.053000, 3426
0.054000, 3425
0.054000, 3424
0.054000, 3423
0.054000, 3422
0.054000, 3421
0.055000, 3420
0.055000, 3419
0.055000, 3418
0.055000, 3417
0.055000, 3416
0.056000, 3415
0.056000, 3414
0.056000, 3413
0.056000, 3412
0.056000, 3411
0.056000, 3410
0.057000, 3409
0.057000, 3408
0.057000, 3407
0.057000, 3406
0.057000, 3405
0.058000, 3404
0.058000, 3403
0.058000, 3402
0.058000, 3401
0.059000, 3400
0.059000, 3399
0.059000, 3398
0.059000, 3397
0.060000, 3396
0.060000, 3395
0.060000, 3394
0.060000, 3393
0.061000, 3392
0.061000, 3391
0.061000, 3390
0.062000, 3389
0.062000, 3388
0.062000, 3387
0.063000, 3386
0.063000, 3385
0.063000, 3384
0.063000, 3383
0.063000, 3382
0.064000, 3381
0.064000, 3380
0.064000, 3379
0.064000, 3378
0.064000, 3377
0.065000, 3376
0.065000, 3375
0.065000, 3374
0.066000, 3373
0.066000, 3372
0.066000, 3371
0.066000, 3370
0.066000, 3369
0.066000, 3368
0.067000, 3367
0.067000, 3366
0.067000, 3365
0.067000, 3364
0.067000, 3363
0.067000, 3362
0.068000, 3361
0.068000, 3360
0.068000, 3359
0.068000, 3358
0.068000, 3357
0.068000, 3356
0.069000, 3355
0.069000, 3354
0.069000, 3353
0.069000, 3352
0.070000, 3351
0.070000, 3350
0.070000, 3349
0.071000, 3348
0.071000, 3347
0.071000, 3346
0.071000, 3345
0.072000, 3344
0.072000, 3343
0.072000, 3342
0.072000, 3341
0.072000, 3340
0.073000, 3339
0.073000, 3338
0.073000, 3337
0.073000, 3336
0.074000, 3335
0.074000, 3334
0.074000, 3333
0.074000, 3332
0.074000, 3331
0.075000, 3330
0.075000, 3329
0.075000, 3328
0.076000, 3327
0.076000, 3326
0.076000, 3325
0.076000, 3324
0.076000, 3323
0.077000, 3322
0.077000, 3321
0.077000, 3320
0.077000, 3319
0.077000, 3318
0.078000, 3317
0.078000, 3316
0.078000, 3315
0.078000, 3314
0.078000, 3313
0.079000, 3312
0.079000, 3311
0.079000, 3310
0.079000, 3309
0.080000, 3308
0.080000, 3307
0.080000, 3306
0.080000, 3305
0.080000, 3304
0.081000, 3303
0.081000, 3302
0.081000, 3301
0.081000, 3300
0.082000, 3299
0.082000, 3298
0.082000, 3297
0.082000, 3296
0.082000, 3295
0.082000, 3294
0.083000, 3293
0.083000, 3292
0.083000, 3291
0.083000, 3290
0.083000, 3289
0.084000, 3288
0.084000, 3287
0.084000, 3286
0.084000, 3285
0.084000, 3284
0.085000, 3283
0.085000, 3282
0.085000, 3281
0.085000, 3280
0.085000, 3279
0.085000, 3278
0.086000, 3277
0.086000, 3276
0.086000, 3275
0.086000, 3274
0.086000, 3273
0.086000, 3272
0.087000, 3271
0.087000, 3270
0.087000, 3269
0.087000, 3268
0.087000, 3267
0.088000, 3266
0.088000, 3265
0.088000, 3264
0.088000, 3263
0.088000, 3262
0.089000, 3261
0.089000, 3260
0.089000, 3259
0.089000, 3258
0.089000, 3257
0.090000, 3256
0.090000, 3255
0.090000, 3254
0.090000, 3253
0.091000, 3252
0.091000, 3251
0.091000, 3250
0.091000, 3249
0.092000, 3248
0.092000, 3247
0.092000, 3246
0.092000, 3245
0.092000, 3244
0.093000, 3243
0.093000, 3242
0.093000, 3241
0.093000, 3240
0.093000, 3239
0.094000, 3238
0.094000, 3237
0.095000, 3236
0.095000, 3235
0.095000, 3234
0.095000, 3233
0.096000, 3232
0.096000, 3231
0.096000, 3230
0.096000, 3229
0.096000, 3228
0.097000, 3227
0.097000, 3226
0.097000, 3225
0.097000, 3224
0.098000, 3223
0.098000, 3222
0.098000, 3221
0.099000, 3220
0.099000, 3219
0.099000, 3218
0.099000, 3217
0.099000, 3216
0.100000, 3215
0.100000, 3214
0.100000, 3213
0.100000, 3212
0.100000, 3211
0.100000, 3210
0.101000, 3209
0.101000, 3208
0.101000, 3207
0.101000, 3206
0.101000, 3205
0.101000, 3204
0.102000, 3203
0.102000, 3202
0.102000, 3201
0.102000, 3200
0.103000, 3199
0.103000, 3198
0.103000, 3197
0.103000, 3196
0.104000, 3195
0.104000, 3194
0.104000, 3193
0.104000, 3192
0.104000, 3191
0.105000, 3190
0.105000, 3189
0.106000, 3188
0.106000, 3187
0.106000, 3186
0.107000, 3185
0.107000, 3184
0.107000, 3183
0.107000, 3182
0.107000, 3181
0.108000, 3180
0.108000, 3179
0.108000, 3178
0.108000, 3177
0.109000, 3176
0.109000, 3175
0.109000, 3174
0.110000, 3173
0.110000, 3172
0.110000, 3171
0.110000, 3170
0.110000, 3169
0.110000, 3168
0.111000, 3167
0.111000, 3166
0.111000, 3165
0.111000, 3164
0.112000, 3163
0.112000, 3162
0.112000, 3161
0.113000, 3160
0.113000, 3159
0.113000, 3158
0.113000, 3157
0.113000, 3156
0.113000, 3155
0.114000, 3154
0.114000, 3153
0.114000, 3152
0.114000, 3151
0.115000, 3150
0.115000, 3149
0.115000, 3148
0.115000, 3147
0.115000, 3146
0.116000, 3145
0.116000, 3144
0.116000, 3143
0.117000, 3142
0.117000, 3141
0.117000, 3140
0.117000, 3139
0.117000, 3138
0.118000, 3137
0.118000, 3136
0.118000, 3135
0.118000, 3134
0.118000, 3133
0.118000, 3132
0.118000, 3131
0.119000, 3130
0.119000, 3129
0.120000, 3128
0.120000, 3127
0.120000, 3126
0.121000, 3125
0.121000, 3124
0.121000, 3123
0.121000, 3122
0.122000, 3121
0.122000, 3120
0.122000, 3119
0.122000, 3118
0.122000, 3117
0.123000, 3116
0.123000, 3115
0.123000, 3114
0.124000, 3113
0.124000, 3112
0.124000, 3111
0.125000, 3110
0.125000, 3109
0.125000, 3108
0.126000, 3107
0.126000, 3106
0.126000, 3105
0.126000, 3104
0.127000, 3103
0.127000, 3102
0.127000, 3101
0.127000, 3100
0.127000, 3099
0.127000, 3098
0.128000, 3097
0.128000, 3096
0.128000, 3095
0.129000, 3094
0.129000, 3093
0.129000, 3092
0.129000, 3091
0.129000, 3090
0.130000, 3089
0.130000, 3088
0.130000, 3087
0.130000, 3086
0.130000, 3085
0.131000, 3084
0.131000, 3083
0.131000, 3082
0.131000, 3081
0.132000, 3080
0.132000, 3079
0.132000, 3078
0.132000, 3077
0.133000, 3076
0.133000, 3075
0.133000, 3074
0.133000, 3073
0.133000, 3072
0.134000, 3071
0.134000, 3070
0.134000, 3069
0.134000, 3068
0.135000, 3067
0.135000, 3066
0.135000, 3065
0.135000, 3064
0.136000, 3063
0.136000, 3062
0.136000, 3061
0.136000, 3060
0.137000, 3059
0.137000, 3058
0.137000, 3057
0.138000, 3056
0.138000, 3055
0.138000, 3054
0.138000, 3053
0.138000, 3052
0.139000, 3051
0.139000, 3050
0.139000, 3049
0.140000, 3048
0.140000, 3047
0.140000, 3046
0.140000, 3045
0.140000, 3044
0.140000, 3043
0.141000, 3042
0.141000, 3041
0.141000, 3040
0.142000, 3039
0.142000, 3038
0.142000, 3037
0.142000, 3036
0.142000, 3035
0.142000, 3034
0.143000, 3033
0.143000, 3032
0.143000, 3031
0.143000, 3030
0.144000, 3029
0.144000, 3028
0.144000, 3027
0.144000, 3026
0.145000, 3025
0.145000, 3024
0.145000, 3023
0.145000, 3022
0.146000, 3021
0.146000, 3020
0.146000, 3019
0.147000, 3018
0.147000, 3017
0.147000, 3016
0.147000, 3015
0.148000, 3014
0.148000, 3013
0.148000, 3012
0.148000, 3011
0.148000, 3010
0.148000, 3009
0.149000, 3008
0.149000, 3007
0.149000, 3006
0.149000, 3005
0.149000, 3004
0.150000, 3003
0.150000, 3002
0.151000, 3001
0.151000, 3000
0.151000, 2999
0.151000, 2998
0.152000, 2997
0.152000, 2996
0.152000, 2995
0.152000, 2994
0.153000, 2993
0.153000, 2992
0.153000, 2991
0.154000, 2990
0.154000, 2989
0.154000, 2988
0.154000, 2987
0.155000, 2986
0.155000, 2985
0.155000, 2984
0.155000, 2983
0.156000, 2982
0.156000, 2981
0.156000, 2980
0.157000, 2979
0.157000, 2978
0.158000, 2977
0.158000, 2976
0.159000, 2975
0.159000, 2974
0.159000, 2973
0.159000, 2972
0.159000, 2971
0.160000, 2970
0.160000, 2969
0.160000, 2968
0.160000, 2967
0.161000, 2966
0.161000, 2965
0.161000, 2964
0.161000, 2963
0.162000, 2962
0.162000, 2961
0.162000, 2960
0.162000, 2959
0.162000, 2958
0.163000, 2957
0.163000, 2956
0.164000, 2955
0.164000, 2954
0.165000, 2953
0.165000, 2952
0.165000, 2951
0.165000, 2950
0.166000, 2949
0.166000, 2948
0.167000, 2947
0.167000, 2946
0.167000, 2945
0.167000, 2944
0.168000, 2943
0.168000, 2942
0.168000, 2941
0.168000, 2940
0.169000, 2939
0.170000, 2938
0.170000, 2937
0.170000, 2936
0.170000, 2935
0.170000, 2934
0.170000, 2933
0.171000, 2932
0.171000, 2931
0.171000, 2930
0.172000, 2929
0.172000, 2928
0.172000, 2927
0.172000, 2926
0.173000, 2925
0.173000, 2924
0.173000, 2923
0.173000, 2922
0.174000, 2921
0.174000, 2920
0.175000, 2919
0.175000, 2918
0.177000, 2917
0.177000, 2916
0.177000, 2915
0.177000, 2914
0.178000, 2913
0.178000, 2912
0.178000, 2911
0.178000, 2910
0.178000, 2909
0.178000, 2908
0.179000, 2907
0.179000, 2906
0.180000, 2905
0.180000, 2904
0.180000, 2903
0.180000, 2902
0.181000, 2901
0.181000, 2900
0.181000, 2899
0.181000, 2898
0.182000, 2897
0.182000, 2896
0.182000, 2895
0.183000, 2894
0.183000, 2893
0.184000, 2892
0.184000, 2891
0.184000, 2890
0.185000, 2889
0.185000, 2888
0.185000, 2887
0.185000, 2886
0.186000, 2885
0.186000, 2884
0.186000, 2883
0.186000, 2882
0.187000, 2881
0.187000, 2880
0.187000, 2879
0.187000, 2878
0.187000, 2877
0.188000, 2876
0.188000, 2875
0.188000, 2874
0.189000, 2873
0.189000, 2872
0.190000, 2871
0.190000, 2870
0.190000, 2869
0.190000, 2868
0.190000, 2867
0.190000, 2866
0.190000, 2865
0.191000, 2864
0.191000, 2863
0.191000, 2862
0.192000, 2861
0.193000, 2860
0.193000, 2859
0.194000, 2858
0.194000, 2857
0.194000, 2856
0.194000, 2855
0.194000, 2854
0.194000, 2853
0.195000, 2852
0.195000, 2851
0.195000, 2850
0.196000, 2849
0.196000, 2848
0.197000, 2847
0.197000, 2846
0.197000, 2845
0.197000, 2844
0.198000, 2843
0.198000, 2842
0.198000, 2841
0.198000, 2840
0.199000, 2839
0.199000, 2838
0.200000, 2837
0.200000, 2836
0.201000, 2835
0.201000, 2834
0.201000, 2833
0.201000, 2832
0.201000, 2831
0.202000, 2830
0.202000, 2829
0.202000, 2828
0.202000, 2827
0.202000, 2826
0.203000, 2825
0.203000, 2824
0.204000, 2823
0.204000, 2822
0.204000, 2821
0.204000, 2820
0.205000, 2819
0.205000, 2818
0.205000, 2817
0.205000, 2816
0.206000, 2815
0.206000, 2814
0.206000, 2813
0.207000, 2812
0.207000, 2811
0.208000, 2810
0.208000, 2809
0.209000, 2808
0.209000, 2807
0.209000, 2806
0.210000, 2805
0.210000, 2804
0.210000, 2803
0.210000, 2802
0.211000, 2801
0.211000, 2800
0.211000, 2799
0.211000, 2798
0.212000, 2797
0.212000, 2796
0.213000, 2795
0.213000, 2794
0.214000, 2793
0.214000, 2792
0.214000, 2791
0.215000, 2790
0.215000, 2789
0.215000, 2788
0.215000, 2787
0.216000, 2786
0.217000, 2785
0.218000, 2784
0.218000, 2783
0.218000, 2782
0.218000, 2781
0.218000, 2780
0.219000, 2779
0.219000, 2778
0.219000, 2777
0.219000, 2776
0.220000, 2775
0.220000, 2774
0.221000, 2773
0.221000, 2772
0.221000, 2771
0.222000, 2770
0.222000, 2769
0.222000, 2768
0.223000, 2767
0.223000, 2766
0.223000, 2765
0.224000, 2764
0.224000, 2763
0.224000, 2762
0.225000, 2761
0.225000, 2760
0.226000, 2759
0.226000, 2758
0.226000, 2757
0.226000, 2756
0.227000, 2755
0.227000, 2754
0.227000, 2753
0.228000, 2752
0.228000, 2751
0.229000, 2750
0.229000, 2749
0.229000, 2748
0.230000, 2747
0.231000, 2746
0.231000, 2745
0.231000, 2744
0.232000, 2743
0.232000, 2742
0.233000, 2741
0.233000, 2740
0.234000, 2739
0.235000, 2738
0.235000, 2737
0.235000, 2736
0.236000, 2735
0.236000, 2734
0.236000, 2733
0.237000, 2732
0.237000, 2731
0.237000, 2730
0.238000, 2729
0.238000, 2728
0.239000, 2727
0.239000, 2726
0.240000, 2725
0.240000, 2724
0.241000, 2723
0.241000, 2722
0.241000, 2721
0.242000, 2720
0.243000, 2719
0.244000, 2718
0.244000, 2717
0.244000, 2716
0.244000, 2715
0.245000, 2714
0.245000, 2713
0.245000, 2712
0.245000, 2711
0.246000, 2710
0.246000, 2709
0.247000, 2708
0.247000, 2707
0.247000, 2706
0.247000, 2705
0.247000, 2704
0.248000, 2703
0.248000, 2702
0.248000, 2701
0.248000, 2700
0.249000, 2699
0.249000, 2698
0.249000, 2697
0.250000, 2696
0.250000, 2695
0.250000, 2694
0.251000, 2693
0.251000, 2692
0.252000, 2691
0.253000, 2690
0.254000, 2689
0.254000, 2688
0.254000, 2687
0.255000, 2686
0.256000, 2685
0.256000, 2684
0.257000, 2683
0.258000, 2682
0.258000, 2681
0.259000, 2680
0.259000, 2679
0.260000, 2678
0.260000, 2677
0.261000, 2676
0.261000, 2675
0.261000, 2674
0.263000, 2673
0.263000, 2672
0.263000, 2671
0.264000, 2670
0.264000, 2669
0.265000, 2668
0.265000, 2667
0.265000, 2666
0.266000, 2665
0.267000, 2664
0.267000, 2663
0.267000, 2662
0.268000, 2661
0.268000, 2660
0.269000, 2659
0.269000, 2658
0.269000, 2657
0.269000, 2656
0.270000, 2655
0.270000, 2654
0.270000, 2653
0.270000, 2652
0.271000, 2651
0.272000, 2650
0.272000, 2649
0.272000, 2648
0.273000, 2647
0.274000, 2646
0.274000, 2645
0.274000, 2644
0.274000, 2643
0.275000, 2642
0.275000, 2641
0.275000, 2640
0.276000, 2639
0.276000, 2638
0.277000, 2637
0.277000, 2636
0.278000, 2635
0.278000, 2634
0.279000, 2633
0.279000, 2632
0.280000, 2631
0.281000, 2630
0.281000, 2629
0.281000, 2628
0.281000, 2627
0.281000, 2626
0.281000, 2625
0.282000, 2624
0.282000, 2623
0.282000, 2622
0.282000, 2621
0.283000, 2620
0.283000, 2619
0.284000, 2618
0.284000, 2617
0.285000, 2616
0.285000, 2615
0.285000, 2614
0.286000, 2613
0.286000, 2612
0.287000, 2611
0.288000, 2610
0.288000, 2609
0.289000, 2608
0.289000, 2607
0.289000, 2606
0.290000, 2605
0.290000, 2604
0.290000, 2603
0.291000, 2602
0.292000, 2601
0.292000, 2600
0.292000, 2599
0.293000, 2598
0.293000, 2597
0.294000, 2596
0.294000, 2595
0.294000, 2594
0.294000, 2593
0.295000, 2592
0.295000, 2591
0.295000, 2590
0.296000, 2589
0.297000, 2588
0.297000, 2587
0.298000, 2586
0.299000, 2585
0.299000, 2584
0.299000, 2583
0.299000, 2582
0.300000, 2581
0.301000, 2580
0.302000, 2579
0.302000, 2578
0.302000, 2577
0.303000, 2576
0.304000, 2575
0.304000, 2574
0.305000, 2573
0.306000, 2572
0.307000, 2571
0.307000, 2570
0.307000, 2569
0.308000, 2568
0.308000, 2567
0.309000, 2566
0.310000, 2565
0.311000, 2564
0.311000, 2563
0.313000, 2562
0.313000, 2561
0.314000, 2560
0.315000, 2559
0.317000, 2558
0.317000, 2557
0.318000, 2556
0.318000, 2555
0.318000, 2554
0.319000, 2553
0.319000, 2552
0.319000, 2551
0.319000, 2550
0.320000, 2549
0.321000, 2548
0.321000, 2547
0.321000, 2546
0.321000, 2545
0.322000, 2544
0.322000, 2543
0.323000, 2542
0.323000, 2541
0.323000, 2540
0.323000, 2539
0.324000, 2538
0.325000, 2537
0.325000, 2536
0.325000, 2535
0.325000, 2534
0.325000, 2533
0.326000, 2532
0.326000, 2531
0.326000, 2530
0.326000, 2529
0.326000, 2528
0.327000, 2527
0.327000, 2526
0.327000, 2525
0.328000, 2524
0.328000, 2523
0.329000, 2522
0.331000, 2521
0.332000, 2520
0.332000, 2519
0.334000, 2518
0.334000, 2517
0.337000, 2516
0.337000, 2515
0.337000, 2514
0.338000, 2513
0.338000, 2512
0.338000, 2511
0.339000, 2510
0.339000, 2509
0.339000, 2508
0.340000, 2507
0.340000, 2506
0.342000, 2505
0.342000, 2504
0.342000, 2503
0.343000, 2502
0.343000, 2501
0.343000, 2500
0.344000, 2499
0.345000, 2498
0.346000, 2497
0.348000, 2496
0.348000, 2495
0.349000, 2494
0.350000, 2493
0.351000, 2492
0.351000, 2491
0.351000, 2490
0.352000, 2489
0.352000, 2488
0.353000, 2487
0.353000, 2486
0.353000, 2485
0.353000, 2484
0.354000, 2483
0.355000, 2482
0.356000, 2481
0.357000, 2480
0.357000, 2479
0.358000, 2478
0.358000, 2477
0.359000, 2476
0.359000, 2475
0.359000, 2474
0.360000, 2473
0.361000, 2472
0.361000, 2471
0.363000, 2470
0.363000, 2469
0.365000, 2468
0.365000, 2467
0.366000, 2466
0.367000, 2465
0.367000, 2464
0.367000, 2463
0.367000, 2462
0.369000, 2461
0.370000, 2460
0.371000, 2459
0.371000, 2458
0.373000, 2457
0.374000, 2456
0.374000, 2455
0.374000, 2454
0.375000, 2453
0.375000, 2452
0.376000, 2451
0.377000, 2450
0.377000, 2449
0.378000, 2448
0.379000, 2447
0.380000, 2446
0.383000, 2445
0.383000, 2444
0.384000, 2443
0.385000, 2442
0.385000, 2441
0.385000, 2440
0.386000, 2439
0.386000, 2438
0.388000, 2437
0.388000, 2436
0.389000, 2435
0.390000, 2434
0.391000, 2433
0.392000, 2432
0.392000, 2431
0.393000, 2430
0.394000, 2429
0.394000, 2428
0.395000, 2427
0.395000, 2426
0.397000, 2425
0.398000, 2424
0.401000, 2423
0.402000, 2422
0.405000, 2421
0.405000, 2420
0.406000, 2419
0.407000, 2418
0.409000, 2417
0.410000, 2416
0.411000, 2415
0.411000, 2414
0.412000, 2413
0.412000, 2412
0.412000, 2411
0.413000, 2410
0.415000, 2409
0.418000, 2408
0.419000, 2407
0.420000, 2406
0.421000, 2405
0.421000, 2404
0.422000, 2403
0.423000, 2402
0.423000, 2401
0.425000, 2400
0.426000, 2399
0.427000, 2398
0.428000, 2397
0.429000, 2396
0.430000, 2395
0.430000, 2394
0.431000, 2393
0.431000, 2392
0.433000, 2391
0.434000, 2390
0.435000, 2389
0.435000, 2388
0.437000, 2387
0.437000, 2386
0.439000, 2385
0.450000, 2384
0.451000, 2383
0.454000, 2382
0.460000, 2381
0.460000, 2380
0.461000, 2379
0.461000, 2378
0.462000, 2377
0.462000, 2376
0.463000, 2375
0.465000, 2374
0.465000, 2373
0.466000, 2372
0.469000, 2371
0.471000, 2370
0.472000, 2369
0.475000, 2368
0.475000, 2367
0.476000, 2366
0.477000, 2365
0.481000, 2364
0.484000, 2363
0.485000, 2362
0.491000, 2361
0.492000, 2360
0.496000, 2359
0.496000, 2358
0.499000, 2357
0.501000, 2356
0.505000, 2355
0.520000, 2354
0.524000, 2353
0.530000, 2352
0.531000, 2351
0.532000, 2350
0.536000, 2349
0.559000, 2348
0.570000, 2347
0.589000, 2346
0.592000, 2345
0.592000, 2344
0.593000, 2343
0.599000, 2342
0.667000, 2341
0.759000, 2340
