0.011000, 743
0.041000, 742
0.042000, 741
0.043000, 740
0.072000, 739
0.074000, 738
0.075000, 737
0.076000, 736
0.109000, 735
0.110000, 734
0.111000, 733
0.112000, 732
0.123000, 731
0.123000, 730
0.139000, 729
0.139000, 728
0.156000, 727
0.156000, 726
0.157000, 725
0.164000, 724
0.181000, 723
0.181000, 722
0.199000, 721
0.246000, 720
0.342000, 719
0.550000, 718
1.228000, 717
1.410000, 716
14.739000, 715
16.221001, 714
16.346001, 713
22.733999, 712
44.174000, 711
