0.012000, 743
0.037000, 742
0.038000, 741
0.051000, 740
0.052000, 739
0.062000, 738
0.063000, 737
0.078000, 736
0.079000, 735
0.102000, 734
0.103000, 733
0.104000, 732
0.127000, 731
0.128000, 730
0.128000, 729
0.143000, 728
0.143000, 727
0.143000, 726
0.163000, 725
0.164000, 724
0.164000, 723
0.181000, 722
0.186000, 721
0.187000, 720
0.513000, 719
1.722000, 718
1.862000, 717
3.199000, 716
3.431000, 715
7.977000, 714
15.141000, 713
19.457001, 712
21.951000, 711
38.860001, 710
