0.005000, 821
0.008000, 820
0.010000, 819
0.010000, 818
0.010000, 817
0.010000, 816
0.010000, 815
0.012000, 814
0.012000, 813
0.012000, 812
0.012000, 811
0.012000, 810
0.013000, 809
0.013000, 808
0.013000, 807
0.013000, 806
0.013000, 805
0.013000, 804
0.013000, 803
0.014000, 802
0.014000, 801
0.014000, 800
0.014000, 799
0.014000, 798
0.014000, 797
0.015000, 796
0.015000, 795
0.015000, 794
0.015000, 793
0.015000, 792
0.015000, 791
0.016000, 790
0.016000, 789
0.016000, 788
0.016000, 787
0.016000, 786
0.016000, 785
0.017000, 784
0.017000, 783
0.017000, 782
0.017000, 781
0.017000, 780
0.017000, 779
0.018000, 778
0.018000, 777
0.018000, 776
0.018000, 775
0.018000, 774
0.018000, 773
0.018000, 772
0.019000, 771
0.019000, 770
0.019000, 769
0.019000, 768
0.020000, 767
0.020000, 766
0.020000, 765
0.020000, 764
0.020000, 763
0.021000, 762
0.021000, 761
0.021000, 760
0.021000, 759
0.021000, 758
0.021000, 757
0.022000, 756
0.022000, 755
0.022000, 754
0.022000, 753
0.022000, 752
0.022000, 751
0.022000, 750
0.023000, 749
0.023000, 748
0.023000, 747
0.023000, 746
0.024000, 745
0.024000, 744
0.024000, 743
0.024000, 742
0.024000, 741
0.025000, 740
0.025000, 739
0.025000, 738
0.025000, 737
0.025000, 736
0.026000, 735
0.026000, 734
0.026000, 733
0.026000, 732
0.027000, 731
0.027000, 730
0.028000, 729
0.028000, 728
0.028000, 727
0.028000, 726
0.028000, 725
0.029000, 724
0.029000, 723
0.029000, 722
0.029000, 721
0.029000, 720
0.029000, 719
0.030000, 718
0.030000, 717
0.030000, 716
0.030000, 715
0.030000, 714
0.031000, 713
0.031000, 712
0.031000, 711
0.031000, 710
0.031000, 709
0.032000, 708
0.032000, 707
0.032000, 706
0.032000, 705
0.032000, 704
0.033000, 703
0.033000, 702
0.033000, 701
0.033000, 700
0.034000, 699
0.034000, 698
0.034000, 697
0.034000, 696
0.034000, 695
0.034000, 694
0.035000, 693
0.035000, 692
0.035000, 691
0.035000, 690
0.036000, 689
0.036000, 688
0.036000, 687
0.037000, 686
0.037000, 685
0.037000, 684
0.038000, 683
0.038000, 682
0.038000, 681
0.039000, 680
0.039000, 679
0.039000, 678
0.039000, 677
0.039000, 676
0.039000, 675
0.040000, 674
0.040000, 673
0.040000, 672
0.041000, 671
0.041000, 670
0.041000, 669
0.042000, 668
0.042000, 667
0.042000, 666
0.042000, 665
0.042000, 664
0.043000, 663
0.043000, 662
0.043000, 661
0.043000, 660
0.044000, 659
0.044000, 658
0.046000, 657
0.047000, 656
0.049000, 655
0.050000, 654
0.051000, 653
0.052000, 652
0.053000, 651
0.055000, 650
0.056000, 649
0.056000, 648
0.057000, 647
0.059000, 646
0.059000, 645
0.059000, 644
0.061000, 643
0.061000, 642
0.062000, 641
0.063000, 640
0.063000, 639
0.065000, 638
0.067000, 637
0.072000, 636
0.074000, 635
0.077000, 634
0.078000, 633
0.086000, 632
0.089000, 631
0.113000, 630
