0.002000, 835
0.006000, 834
0.006000, 833
0.006000, 832
0.006000, 831
0.006000, 830
0.007000, 829
0.007000, 828
0.007000, 827
0.008000, 826
0.008000, 825
0.009000, 824
0.009000, 823
0.009000, 822
0.009000, 821
0.009000, 820
0.009000, 819
0.009000, 818
0.010000, 817
0.010000, 816
0.011000, 815
0.011000, 814
0.011000, 813
0.011000, 812
0.012000, 811
0.012000, 810
0.012000, 809
0.012000, 808
0.012000, 807
0.013000, 806
0.013000, 805
0.013000, 804
0.013000, 803
0.013000, 802
0.014000, 801
0.014000, 800
0.014000, 799
0.014000, 798
0.014000, 797
0.014000, 796
0.015000, 795
0.015000, 794
0.015000, 793
0.015000, 792
0.015000, 791
0.016000, 790
0.016000, 789
0.016000, 788
0.016000, 787
0.016000, 786
0.016000, 785
0.017000, 784
0.017000, 783
0.017000, 782
0.017000, 781
0.017000, 780
0.017000, 779
0.018000, 778
0.018000, 777
0.018000, 776
0.018000, 775
0.019000, 774
0.019000, 773
0.019000, 772
0.019000, 771
0.019000, 770
0.020000, 769
0.020000, 768
0.020000, 767
0.020000, 766
0.020000, 765
0.020000, 764
0.021000, 763
0.021000, 762
0.021000, 761
0.021000, 760
0.021000, 759
0.022000, 758
0.022000, 757
0.022000, 756
0.022000, 755
0.022000, 754
0.022000, 753
0.022000, 752
0.022000, 751
0.023000, 750
0.023000, 749
0.023000, 748
0.023000, 747
0.023000, 746
0.025000, 745
0.025000, 744
0.025000, 743
0.025000, 742
0.025000, 741
0.025000, 740
0.025000, 739
0.025000, 738
0.025000, 737
0.027000, 736
0.027000, 735
0.027000, 734
0.027000, 733
0.027000, 732
0.027000, 731
0.027000, 730
0.027000, 729
0.027000, 728
0.027000, 727
0.029000, 726
0.029000, 725
0.029000, 724
0.029000, 723
0.029000, 722
0.029000, 721
0.030000, 720
0.030000, 719
0.030000, 718
0.030000, 717
0.030000, 716
0.030000, 715
0.030000, 714
0.030000, 713
0.030000, 712
0.030000, 711
0.032000, 710
0.032000, 709
0.032000, 708
0.033000, 707
0.033000, 706
0.033000, 705
0.033000, 704
0.033000, 703
0.034000, 702
0.034000, 701
0.034000, 700
0.034000, 699
0.034000, 698
0.035000, 697
0.036000, 696
0.036000, 695
0.036000, 694
0.037000, 693
0.037000, 692
0.037000, 691
0.037000, 690
0.037000, 689
0.038000, 688
0.038000, 687
0.038000, 686
0.039000, 685
0.039000, 684
0.039000, 683
0.039000, 682
0.040000, 681
0.041000, 680
0.041000, 679
0.042000, 678
0.042000, 677
0.043000, 676
0.043000, 675
0.044000, 674
0.044000, 673
0.044000, 672
0.044000, 671
0.045000, 670
0.045000, 669
0.045000, 668
0.046000, 667
0.047000, 666
0.047000, 665
0.047000, 664
0.047000, 663
0.047000, 662
0.048000, 661
0.048000, 660
0.048000, 659
0.048000, 658
0.049000, 657
0.050000, 656
0.050000, 655
0.050000, 654
0.051000, 653
0.051000, 652
0.051000, 651
0.052000, 650
0.052000, 649
0.052000, 648
0.053000, 647
0.053000, 646
0.054000, 645
0.054000, 644
0.054000, 643
0.056000, 642
0.056000, 641
0.057000, 640
0.057000, 639
0.059000, 638
0.060000, 637
0.061000, 636
0.062000, 635
0.063000, 634
0.064000, 633
0.065000, 632
0.067000, 631
0.067000, 630
0.070000, 629
0.074000, 628
0.075000, 627
