0.001000, 829
0.010000, 828
0.010000, 827
0.010000, 826
0.010000, 825
0.010000, 824
0.010000, 823
0.011000, 822
0.011000, 821
0.011000, 820
0.011000, 819
0.011000, 818
0.011000, 817
0.012000, 816
0.012000, 815
0.012000, 814
0.012000, 813
0.012000, 812
0.012000, 811
0.012000, 810
0.013000, 809
0.013000, 808
0.013000, 807
0.013000, 806
0.013000, 805
0.013000, 804
0.014000, 803
0.014000, 802
0.014000, 801
0.014000, 800
0.014000, 799
0.015000, 798
0.015000, 797
0.015000, 796
0.015000, 795
0.015000, 794
0.015000, 793
0.016000, 792
0.016000, 791
0.016000, 790
0.016000, 789
0.016000, 788
0.016000, 787
0.017000, 786
0.017000, 785
0.017000, 784
0.017000, 783
0.017000, 782
0.017000, 781
0.018000, 780
0.018000, 779
0.018000, 778
0.018000, 777
0.018000, 776
0.019000, 775
0.019000, 774
0.019000, 773
0.019000, 772
0.019000, 771
0.020000, 770
0.020000, 769
0.020000, 768
0.020000, 767
0.020000, 766
0.020000, 765
0.021000, 764
0.021000, 763
0.021000, 762
0.021000, 761
0.021000, 760
0.021000, 759
0.022000, 758
0.022000, 757
0.022000, 756
0.022000, 755
0.022000, 754
0.022000, 753
0.023000, 752
0.023000, 751
0.023000, 750
0.023000, 749
0.023000, 748
0.024000, 747
0.024000, 746
0.024000, 745
0.024000, 744
0.024000, 743
0.024000, 742
0.025000, 741
0.025000, 740
0.025000, 739
0.025000, 738
0.025000, 737
0.025000, 736
0.025000, 735
0.026000, 734
0.026000, 733
0.026000, 732
0.026000, 731
0.027000, 730
0.027000, 729
0.027000, 728
0.027000, 727
0.027000, 726
0.028000, 725
0.028000, 724
0.028000, 723
0.028000, 722
0.028000, 721
0.029000, 720
0.029000, 719
0.029000, 718
0.030000, 717
0.030000, 716
0.030000, 715
0.030000, 714
0.030000, 713
0.030000, 712
0.031000, 711
0.031000, 710
0.031000, 709
0.031000, 708
0.031000, 707
0.031000, 706
0.032000, 705
0.032000, 704
0.032000, 703
0.032000, 702
0.032000, 701
0.033000, 700
0.033000, 699
0.033000, 698
0.033000, 697
0.034000, 696
0.034000, 695
0.034000, 694
0.034000, 693
0.034000, 692
0.036000, 691
0.036000, 690
0.036000, 689
0.036000, 688
0.036000, 687
0.036000, 686
0.036000, 685
0.036000, 684
0.036000, 683
0.036000, 682
0.036000, 681
0.036000, 680
0.036000, 679
0.036000, 678
0.036000, 677
0.036000, 676
0.036000, 675
0.036000, 674
0.036000, 673
0.036000, 672
0.036000, 671
0.036000, 670
0.036000, 669
0.036000, 668
0.036000, 667
0.036000, 666
0.036000, 665
0.036000, 664
0.036000, 663
0.036000, 662
0.036000, 661
0.036000, 660
0.036000, 659
0.036000, 658
0.036000, 657
0.036000, 656
0.036000, 655
0.036000, 654
0.036000, 653
0.036000, 652
0.036000, 651
0.036000, 650
0.036000, 649
0.036000, 648
0.036000, 647
0.036000, 646
0.036000, 645
0.036000, 644
0.051000, 643
0.051000, 642
0.051000, 641
0.051000, 640
0.051000, 639
0.051000, 638
0.051000, 637
0.051000, 636
0.051000, 635
0.051000, 634
0.051000, 633
0.051000, 632
0.051000, 631
0.051000, 630
0.051000, 629
0.051000, 628
0.067000, 627
0.067000, 626
0.067000, 625
0.102000, 624
