0.000000, 837
0.000000, 836
0.000000, 835
0.000000, 834
0.000000, 833
0.000000, 832
0.000000, 831
0.000000, 830
0.000000, 829
0.000000, 828
0.000000, 827
0.000000, 826
0.000000, 825
0.000000, 824
0.000000, 823
0.000000, 822
0.000000, 821
0.000000, 820
0.000000, 819
0.000000, 818
0.000000, 817
0.000000, 816
0.000000, 815
0.000000, 814
0.015000, 813
0.015000, 812
0.015000, 811
0.015000, 810
0.015000, 809
0.015000, 808
0.015000, 807
0.015000, 806
0.015000, 805
0.015000, 804
0.015000, 803
0.015000, 802
0.015000, 801
0.015000, 800
0.015000, 799
0.015000, 798
0.015000, 797
0.015000, 796
0.015000, 795
0.015000, 794
0.015000, 793
0.015000, 792
0.015000, 791
0.015000, 790
0.015000, 789
0.015000, 788
0.015000, 787
0.015000, 786
0.015000, 785
0.015000, 784
0.015000, 783
0.015000, 782
0.015000, 781
0.015000, 780
0.015000, 779
0.015000, 778
0.015000, 777
0.015000, 776
0.015000, 775
0.015000, 774
0.015000, 773
0.015000, 772
0.015000, 771
0.015000, 770
0.015000, 769
0.015000, 768
0.015000, 767
0.015000, 766
0.015000, 765
0.015000, 764
0.015000, 763
0.015000, 762
0.015000, 761
0.015000, 760
0.015000, 759
0.015000, 758
0.015000, 757
0.015000, 756
0.015000, 755
0.015000, 754
0.015000, 753
0.015000, 752
0.015000, 751
0.015000, 750
0.015000, 749
0.015000, 748
0.015000, 747
0.015000, 746
0.015000, 745
0.015000, 744
0.015000, 743
0.015000, 742
0.015000, 741
0.015000, 740
0.015000, 739
0.015000, 738
0.015000, 737
0.015000, 736
0.015000, 735
0.015000, 734
0.015000, 733
0.015000, 732
0.015000, 731
0.015000, 730
0.015000, 729
0.031000, 728
0.031000, 727
0.031000, 726
0.031000, 725
0.031000, 724
0.031000, 723
0.031000, 722
0.031000, 721
0.031000, 720
0.031000, 719
0.031000, 718
0.031000, 717
0.031000, 716
0.031000, 715
0.031000, 714
0.031000, 713
0.031000, 712
0.031000, 711
0.031000, 710
0.031000, 709
0.031000, 708
0.031000, 707
0.031000, 706
0.031000, 705
0.031000, 704
0.031000, 703
0.031000, 702
0.031000, 701
0.031000, 700
0.031000, 699
0.031000, 698
0.031000, 697
0.031000, 696
0.031000, 695
0.031000, 694
0.031000, 693
0.031000, 692
0.031000, 691
0.031000, 690
0.031000, 689
0.031000, 688
0.031000, 687
0.031000, 686
0.031000, 685
0.031000, 684
0.031000, 683
0.031000, 682
0.031000, 681
0.031000, 680
0.031000, 679
0.031000, 678
0.031000, 677
0.031000, 676
0.031000, 675
0.031000, 674
0.031000, 673
0.031000, 672
0.047000, 671
0.047000, 670
0.047000, 669
0.047000, 668
0.047000, 667
0.047000, 666
0.047000, 665
0.047000, 664
0.047000, 663
0.047000, 662
0.047000, 661
0.047000, 660
0.047000, 659
0.047000, 658
0.047000, 657
0.047000, 656
0.047000, 655
0.047000, 654
0.047000, 653
0.047000, 652
0.047000, 651
0.047000, 650
0.047000, 649
0.047000, 648
0.047000, 647
0.047000, 646
0.047000, 645
0.047000, 644
0.047000, 643
0.047000, 642
0.062000, 641
0.062000, 640
0.062000, 639
0.062000, 638
0.062000, 637
0.062000, 636
0.062000, 635
0.078000, 634
