0.000000, 835
0.000000, 834
0.000000, 833
0.000000, 832
0.000000, 831
0.000000, 830
0.000000, 829
0.000000, 828
0.000000, 827
0.000000, 826
0.000000, 825
0.000000, 824
0.000000, 823
0.000000, 822
0.000000, 821
0.000000, 820
0.000000, 819
0.000000, 818
0.000000, 817
0.000000, 816
0.000000, 815
0.000000, 814
0.000000, 813
0.000000, 812
0.000000, 811
0.000000, 810
0.000000, 809
0.000000, 808
0.000000, 807
0.000000, 806
0.000000, 805
0.000000, 804
0.000000, 803
0.000000, 802
0.000000, 801
0.000000, 800
0.000000, 799
0.000000, 798
0.000000, 797
0.000000, 796
0.000000, 795
0.000000, 794
0.000000, 793
0.000000, 792
0.000000, 791
0.016000, 790
0.016000, 789
0.016000, 788
0.016000, 787
0.016000, 786
0.016000, 785
0.016000, 784
0.016000, 783
0.016000, 782
0.016000, 781
0.016000, 780
0.016000, 779
0.016000, 778
0.016000, 777
0.016000, 776
0.016000, 775
0.016000, 774
0.016000, 773
0.016000, 772
0.016000, 771
0.016000, 770
0.016000, 769
0.016000, 768
0.016000, 767
0.016000, 766
0.016000, 765
0.016000, 764
0.016000, 763
0.016000, 762
0.016000, 761
0.016000, 760
0.016000, 759
0.016000, 758
0.016000, 757
0.016000, 756
0.016000, 755
0.016000, 754
0.016000, 753
0.016000, 752
0.016000, 751
0.016000, 750
0.016000, 749
0.016000, 748
0.016000, 747
0.016000, 746
0.016000, 745
0.016000, 744
0.016000, 743
0.016000, 742
0.016000, 741
0.016000, 740
0.016000, 739
0.016000, 738
0.016000, 737
0.016000, 736
0.016000, 735
0.016000, 734
0.016000, 733
0.016000, 732
0.016000, 731
0.016000, 730
0.016000, 729
0.016000, 728
0.016000, 727
0.016000, 726
0.016000, 725
0.016000, 724
0.016000, 723
0.016000, 722
0.016000, 721
0.016000, 720
0.016000, 719
0.016000, 718
0.016000, 717
0.016000, 716
0.016000, 715
0.016000, 714
0.016000, 713
0.016000, 712
0.016000, 711
0.016000, 710
0.031000, 709
0.031000, 708
0.031000, 707
0.031000, 706
0.031000, 705
0.031000, 704
0.031000, 703
0.031000, 702
0.031000, 701
0.031000, 700
0.031000, 699
0.031000, 698
0.031000, 697
0.031000, 696
0.031000, 695
0.031000, 694
0.031000, 693
0.031000, 692
0.031000, 691
0.031000, 690
0.031000, 689
0.031000, 688
0.031000, 687
0.031000, 686
0.031000, 685
0.031000, 684
0.031000, 683
0.031000, 682
0.031000, 681
0.031000, 680
0.031000, 679
0.031000, 678
0.031000, 677
0.031000, 676
0.031000, 675
0.031000, 674
0.031000, 673
0.031000, 672
0.031000, 671
0.031000, 670
0.031000, 669
0.031000, 668
0.031000, 667
0.031000, 666
0.031000, 665
0.031000, 664
0.031000, 663
0.031000, 662
0.031000, 661
0.031000, 660
0.031000, 659
0.031000, 658
0.031000, 657
0.031000, 656
0.031000, 655
0.031000, 654
0.031000, 653
0.031000, 652
0.031000, 651
0.031000, 650
0.031000, 649
0.047000, 648
0.047000, 647
0.047000, 646
0.047000, 645
0.047000, 644
0.047000, 643
0.047000, 642
0.047000, 641
0.047000, 640
0.047000, 639
0.047000, 638
0.047000, 637
0.047000, 636
0.047000, 635
0.047000, 634
0.047000, 633
0.047000, 632
0.047000, 631
0.047000, 630
0.047000, 629
0.063000, 628
0.063000, 627
0.063000, 626
0.063000, 625
0.063000, 624
0.063000, 623
0.063000, 622
0.063000, 621
0.063000, 620
