0.015000, 831
0.015000, 830
0.015000, 829
0.015000, 828
0.015000, 827
0.015000, 826
0.015000, 825
0.015000, 824
0.015000, 823
0.015000, 822
0.015000, 821
0.015000, 820
0.015000, 819
0.015000, 818
0.015000, 817
0.015000, 816
0.015000, 815
0.015000, 814
0.015000, 813
0.015000, 812
0.015000, 811
0.015000, 810
0.015000, 809
0.015000, 808
0.015000, 807
0.015000, 806
0.015000, 805
0.015000, 804
0.015000, 803
0.015000, 802
0.015000, 801
0.015000, 800
0.015000, 799
0.015000, 798
0.015000, 797
0.015000, 796
0.015000, 795
0.015000, 794
0.015000, 793
0.015000, 792
0.015000, 791
0.015000, 790
0.015000, 789
0.015000, 788
0.015000, 787
0.015000, 786
0.015000, 785
0.015000, 784
0.015000, 783
0.015000, 782
0.015000, 781
0.015000, 780
0.015000, 779
0.015000, 778
0.015000, 777
0.015000, 776
0.015000, 775
0.015000, 774
0.031000, 773
0.031000, 772
0.031000, 771
0.031000, 770
0.031000, 769
0.031000, 768
0.031000, 767
0.031000, 766
0.031000, 765
0.031000, 764
0.031000, 763
0.031000, 762
0.031000, 761
0.031000, 760
0.031000, 759
0.031000, 758
0.031000, 757
0.031000, 756
0.031000, 755
0.031000, 754
0.031000, 753
0.031000, 752
0.031000, 751
0.031000, 750
0.031000, 749
0.031000, 748
0.031000, 747
0.031000, 746
0.031000, 745
0.031000, 744
0.031000, 743
0.031000, 742
0.031000, 741
0.031000, 740
0.031000, 739
0.031000, 738
0.031000, 737
0.031000, 736
0.031000, 735
0.031000, 734
0.031000, 733
0.031000, 732
0.031000, 731
0.031000, 730
0.031000, 729
0.031000, 728
0.031000, 727
0.031000, 726
0.031000, 725
0.031000, 724
0.031000, 723
0.031000, 722
0.031000, 721
0.031000, 720
0.031000, 719
0.031000, 718
0.031000, 717
0.031000, 716
0.031000, 715
0.031000, 714
0.031000, 713
0.031000, 712
0.031000, 711
0.031000, 710
0.031000, 709
0.031000, 708
0.031000, 707
0.031000, 706
0.031000, 705
0.031000, 704
0.031000, 703
0.031000, 702
0.031000, 701
0.047000, 700
0.047000, 699
0.047000, 698
0.047000, 697
0.047000, 696
0.047000, 695
0.047000, 694
0.047000, 693
0.047000, 692
0.047000, 691
0.047000, 690
0.047000, 689
0.047000, 688
0.047000, 687
0.047000, 686
0.047000, 685
0.047000, 684
0.047000, 683
0.047000, 682
0.047000, 681
0.047000, 680
0.047000, 679
0.047000, 678
0.047000, 677
0.047000, 676
0.047000, 675
0.047000, 674
0.047000, 673
0.047000, 672
0.047000, 671
0.047000, 670
0.047000, 669
0.047000, 668
0.047000, 667
0.047000, 666
0.047000, 665
0.047000, 664
0.047000, 663
0.047000, 662
0.047000, 661
0.047000, 660
0.047000, 659
0.047000, 658
0.047000, 657
0.047000, 656
0.062000, 655
0.062000, 654
0.062000, 653
0.062000, 652
0.062000, 651
0.062000, 650
0.062000, 649
0.062000, 648
0.062000, 647
0.062000, 646
0.062000, 645
0.062000, 644
0.062000, 643
0.062000, 642
0.062000, 641
0.062000, 640
0.080000, 639
0.081000, 638
0.086000, 637
0.093000, 636
0.095000, 635
0.098000, 634
0.103000, 633
