0.009000, 10231
0.014000, 10230
0.014000, 10229
0.016000, 10228
0.016000, 10227
0.017000, 10226
0.017000, 10225
0.017000, 10224
0.018000, 10223
0.018000, 10222
0.019000, 10221
0.019000, 10220
0.020000, 10219
0.020000, 10218
0.021000, 10217
0.021000, 10216
0.022000, 10215
0.022000, 10214
0.022000, 10213
0.023000, 10212
0.023000, 10211
0.024000, 10210
0.024000, 10209
0.025000, 10208
0.026000, 10207
0.026000, 10206
0.027000, 10205
0.027000, 10204
0.027000, 10203
0.028000, 10202
0.028000, 10201
0.030000, 10200
0.032000, 10199
0.032000, 10198
0.032000, 10197
0.033000, 10196
0.034000, 10195
0.035000, 10194
0.035000, 10193
0.036000, 10192
0.036000, 10191
0.037000, 10190
0.037000, 10189
0.037000, 10188
0.038000, 10187
0.038000, 10186
0.038000, 10185
0.039000, 10184
0.039000, 10183
0.040000, 10182
0.040000, 10181
0.040000, 10180
0.041000, 10179
0.041000, 10178
0.042000, 10177
0.043000, 10176
0.044000, 10175
0.045000, 10174
0.046000, 10173
0.046000, 10172
0.046000, 10171
0.047000, 10170
0.047000, 10169
0.048000, 10168
0.048000, 10167
0.049000, 10166
0.049000, 10165
0.049000, 10164
0.050000, 10163
0.050000, 10162
0.051000, 10161
0.052000, 10160
0.052000, 10159
0.052000, 10158
0.053000, 10157
0.054000, 10156
0.055000, 10155
0.055000, 10154
0.056000, 10153
0.056000, 10152
0.057000, 10151
0.057000, 10150
0.057000, 10149
0.058000, 10148
0.058000, 10147
0.059000, 10146
0.060000, 10145
0.061000, 10144
0.061000, 10143
0.062000, 10142
0.062000, 10141
0.063000, 10140
0.063000, 10139
0.064000, 10138
0.065000, 10137
0.066000, 10136
0.066000, 10135
0.067000, 10134
0.067000, 10133
0.067000, 10132
0.068000, 10131
0.069000, 10130
0.070000, 10129
0.070000, 10128
0.070000, 10127
0.071000, 10126
0.071000, 10125
0.071000, 10124
0.072000, 10123
0.072000, 10122
0.073000, 10121
0.074000, 10120
0.078000, 10119
0.078000, 10118
0.079000, 10117
0.079000, 10116
0.080000, 10115
0.080000, 10114
0.081000, 10113
0.081000, 10112
0.081000, 10111
0.082000, 10110
0.082000, 10109
0.082000, 10108
0.083000, 10107
0.083000, 10106
0.084000, 10105
0.084000, 10104
0.084000, 10103
0.085000, 10102
0.085000, 10101
0.086000, 10100
0.086000, 10099
0.086000, 10098
0.087000, 10097
0.087000, 10096
0.088000, 10095
0.089000, 10094
0.089000, 10093
0.089000, 10092
0.089000, 10091
0.090000, 10090
0.090000, 10089
0.090000, 10088
0.091000, 10087
0.091000, 10086
0.092000, 10085
0.092000, 10084
0.093000, 10083
0.093000, 10082
0.093000, 10081
0.093000, 10080
0.094000, 10079
0.094000, 10078
0.095000, 10077
0.095000, 10076
0.096000, 10075
0.096000, 10074
0.096000, 10073
0.097000, 10072
0.097000, 10071
0.097000, 10070
0.098000, 10069
0.099000, 10068
0.099000, 10067
0.100000, 10066
0.100000, 10065
0.102000, 10064
0.102000, 10063
0.103000, 10062
0.103000, 10061
0.104000, 10060
0.104000, 10059
0.104000, 10058
0.105000, 10057
0.105000, 10056
0.106000, 10055
0.106000, 10054
0.108000, 10053
0.109000, 10052
0.109000, 10051
0.109000, 10050
0.110000, 10049
0.111000, 10048
0.111000, 10047
0.112000, 10046
0.113000, 10045
0.114000, 10044
0.114000, 10043
0.114000, 10042
0.115000, 10041
0.116000, 10040
0.116000, 10039
0.117000, 10038
0.117000, 10037
0.118000, 10036
0.118000, 10035
0.119000, 10034
0.120000, 10033
0.120000, 10032
0.120000, 10031
0.121000, 10030
0.121000, 10029
0.123000, 10028
0.123000, 10027
0.124000, 10026
0.124000, 10025
0.125000, 10024
0.126000, 10023
0.126000, 10022
0.127000, 10021
0.129000, 10020
0.129000, 10019
0.130000, 10018
0.130000, 10017
0.131000, 10016
0.131000, 10015
0.132000, 10014
0.133000, 10013
0.135000, 10012
0.135000, 10011
0.136000, 10010
0.136000, 10009
0.136000, 10008
0.137000, 10007
0.137000, 10006
0.138000, 10005
0.138000, 10004
0.138000, 10003
0.139000, 10002
0.139000, 10001
0.139000, 10000
0.139000, 9999
0.140000, 9998
0.140000, 9997
0.140000, 9996
0.141000, 9995
0.141000, 9994
0.142000, 9993
0.142000, 9992
0.142000, 9991
0.143000, 9990
0.143000, 9989
0.144000, 9988
0.144000, 9987
0.145000, 9986
0.146000, 9985
0.146000, 9984
0.147000, 9983
0.147000, 9982
0.148000, 9981
0.149000, 9980
0.149000, 9979
0.150000, 9978
0.151000, 9977
0.151000, 9976
0.151000, 9975
0.152000, 9974
0.153000, 9973
0.153000, 9972
0.154000, 9971
0.154000, 9970
0.155000, 9969
0.155000, 9968
0.156000, 9967
0.156000, 9966
0.156000, 9965
0.158000, 9964
0.158000, 9963
0.159000, 9962
0.159000, 9961
0.160000, 9960
0.160000, 9959
0.161000, 9958
0.162000, 9957
0.162000, 9956
0.162000, 9955
0.163000, 9954
0.163000, 9953
0.164000, 9952
0.164000, 9951
0.164000, 9950
0.165000, 9949
0.165000, 9948
0.167000, 9947
0.168000, 9946
0.168000, 9945
0.169000, 9944
0.169000, 9943
0.170000, 9942
0.170000, 9941
0.171000, 9940
0.171000, 9939
0.172000, 9938
0.173000, 9937
0.173000, 9936
0.173000, 9935
0.174000, 9934
0.174000, 9933
0.174000, 9932
0.175000, 9931
0.175000, 9930
0.176000, 9929
0.176000, 9928
0.176000, 9927
0.177000, 9926
0.180000, 9925
0.180000, 9924
0.180000, 9923
0.181000, 9922
0.181000, 9921
0.182000, 9920
0.182000, 9919
0.182000, 9918
0.183000, 9917
0.184000, 9916
0.185000, 9915
0.186000, 9914
0.186000, 9913
0.187000, 9912
0.188000, 9911
0.188000, 9910
0.188000, 9909
0.190000, 9908
0.190000, 9907
0.191000, 9906
0.191000, 9905
0.191000, 9904
0.192000, 9903
0.192000, 9902
0.192000, 9901
0.193000, 9900
0.194000, 9899
0.194000, 9898
0.195000, 9897
0.195000, 9896
0.195000, 9895
0.196000, 9894
0.196000, 9893
0.197000, 9892
0.198000, 9891
0.199000, 9890
0.199000, 9889
0.200000, 9888
0.200000, 9887
0.201000, 9886
0.201000, 9885
0.202000, 9884
0.202000, 9883
0.203000, 9882
0.203000, 9881
0.205000, 9880
0.205000, 9879
0.205000, 9878
0.206000, 9877
0.206000, 9876
0.207000, 9875
0.207000, 9874
0.207000, 9873
0.208000, 9872
0.208000, 9871
0.210000, 9870
0.210000, 9869
0.211000, 9868
0.212000, 9867
0.213000, 9866
0.214000, 9865
0.214000, 9864
0.215000, 9863
0.215000, 9862
0.216000, 9861
0.216000, 9860
0.216000, 9859
0.216000, 9858
0.217000, 9857
0.217000, 9856
0.218000, 9855
0.218000, 9854
0.218000, 9853
0.220000, 9852
0.221000, 9851
0.222000, 9850
0.222000, 9849
0.223000, 9848
0.223000, 9847
0.224000, 9846
0.224000, 9845
0.224000, 9844
0.225000, 9843
0.226000, 9842
0.226000, 9841
0.227000, 9840
0.227000, 9839
0.228000, 9838
0.228000, 9837
0.230000, 9836
0.230000, 9835
0.231000, 9834
0.232000, 9833
0.233000, 9832
0.234000, 9831
0.234000, 9830
0.234000, 9829
0.234000, 9828
0.235000, 9827
0.236000, 9826
0.236000, 9825
0.236000, 9824
0.237000, 9823
0.238000, 9822
0.238000, 9821
0.238000, 9820
0.239000, 9819
0.239000, 9818
0.240000, 9817
0.241000, 9816
0.241000, 9815
0.242000, 9814
0.243000, 9813
0.243000, 9812
0.243000, 9811
0.244000, 9810
0.245000, 9809
0.245000, 9808
0.245000, 9807
0.246000, 9806
0.246000, 9805
0.247000, 9804
0.247000, 9803
0.248000, 9802
0.248000, 9801
0.249000, 9800
0.249000, 9799
0.249000, 9798
0.249000, 9797
0.250000, 9796
0.251000, 9795
0.251000, 9794
0.251000, 9793
0.252000, 9792
0.252000, 9791
0.253000, 9790
0.253000, 9789
0.253000, 9788
0.254000, 9787
0.254000, 9786
0.254000, 9785
0.255000, 9784
0.255000, 9783
0.256000, 9782
0.257000, 9781
0.258000, 9780
0.259000, 9779
0.260000, 9778
0.260000, 9777
0.262000, 9776
0.262000, 9775
0.262000, 9774
0.263000, 9773
0.265000, 9772
0.265000, 9771
0.266000, 9770
0.266000, 9769
0.268000, 9768
0.268000, 9767
0.268000, 9766
0.269000, 9765
0.269000, 9764
0.270000, 9763
0.271000, 9762
0.271000, 9761
0.272000, 9760
0.273000, 9759
0.274000, 9758
0.276000, 9757
0.277000, 9756
0.278000, 9755
0.279000, 9754
0.280000, 9753
0.280000, 9752
0.281000, 9751
0.282000, 9750
0.283000, 9749
0.283000, 9748
0.284000, 9747
0.284000, 9746
0.284000, 9745
0.285000, 9744
0.285000, 9743
0.285000, 9742
0.286000, 9741
0.286000, 9740
0.287000, 9739
0.288000, 9738
0.288000, 9737
0.288000, 9736
0.289000, 9735
0.289000, 9734
0.289000, 9733
0.290000, 9732
0.290000, 9731
0.291000, 9730
0.291000, 9729
0.291000, 9728
0.292000, 9727
0.292000, 9726
0.293000, 9725
0.293000, 9724
0.293000, 9723
0.294000, 9722
0.294000, 9721
0.294000, 9720
0.295000, 9719
0.296000, 9718
0.296000, 9717
0.296000, 9716
0.297000, 9715
0.298000, 9714
0.298000, 9713
0.298000, 9712
0.298000, 9711
0.299000, 9710
0.300000, 9709
0.300000, 9708
0.300000, 9707
0.300000, 9706
0.301000, 9705
0.301000, 9704
0.302000, 9703
0.302000, 9702
0.302000, 9701
0.302000, 9700
0.303000, 9699
0.303000, 9698
0.304000, 9697
0.304000, 9696
0.304000, 9695
0.305000, 9694
0.305000, 9693
0.306000, 9692
0.306000, 9691
0.307000, 9690
0.307000, 9689
0.307000, 9688
0.308000, 9687
0.309000, 9686
0.310000, 9685
0.311000, 9684
0.312000, 9683
0.312000, 9682
0.313000, 9681
0.313000, 9680
0.313000, 9679
0.315000, 9678
0.316000, 9677
0.316000, 9676
0.317000, 9675
0.317000, 9674
0.318000, 9673
0.318000, 9672
0.319000, 9671
0.319000, 9670
0.319000, 9669
0.320000, 9668
0.320000, 9667
0.321000, 9666
0.322000, 9665
0.323000, 9664
0.323000, 9663
0.324000, 9662
0.324000, 9661
0.324000, 9660
0.325000, 9659
0.325000, 9658
0.325000, 9657
0.326000, 9656
0.327000, 9655
0.327000, 9654
0.328000, 9653
0.328000, 9652
0.328000, 9651
0.329000, 9650
0.329000, 9649
0.330000, 9648
0.330000, 9647
0.331000, 9646
0.331000, 9645
0.332000, 9644
0.333000, 9643
0.334000, 9642
0.334000, 9641
0.335000, 9640
0.335000, 9639
0.335000, 9638
0.336000, 9637
0.336000, 9636
0.338000, 9635
0.338000, 9634
0.338000, 9633
0.339000, 9632
0.340000, 9631
0.340000, 9630
0.341000, 9629
0.341000, 9628
0.342000, 9627
0.342000, 9626
0.342000, 9625
0.343000, 9624
0.344000, 9623
0.344000, 9622
0.345000, 9621
0.346000, 9620
0.346000, 9619
0.347000, 9618
0.348000, 9617
0.348000, 9616
0.349000, 9615
0.349000, 9614
0.350000, 9613
0.350000, 9612
0.351000, 9611
0.351000, 9610
0.352000, 9609
0.353000, 9608
0.353000, 9607
0.354000, 9606
0.354000, 9605
0.355000, 9604
0.355000, 9603
0.356000, 9602
0.356000, 9601
0.356000, 9600
0.357000, 9599
0.358000, 9598
0.358000, 9597
0.358000, 9596
0.359000, 9595
0.359000, 9594
0.359000, 9593
0.360000, 9592
0.360000, 9591
0.362000, 9590
0.362000, 9589
0.363000, 9588
0.363000, 9587
0.364000, 9586
0.365000, 9585
0.365000, 9584
0.365000, 9583
0.366000, 9582
0.367000, 9581
0.368000, 9580
0.369000, 9579
0.370000, 9578
0.370000, 9577
0.371000, 9576
0.372000, 9575
0.372000, 9574
0.373000, 9573
0.374000, 9572
0.375000, 9571
0.375000, 9570
0.377000, 9569
0.377000, 9568
0.377000, 9567
0.378000, 9566
0.378000, 9565
0.379000, 9564
0.380000, 9563
0.381000, 9562
0.381000, 9561
0.382000, 9560
0.383000, 9559
0.385000, 9558
0.385000, 9557
0.386000, 9556
0.387000, 9555
0.387000, 9554
0.388000, 9553
0.389000, 9552
0.389000, 9551
0.390000, 9550
0.390000, 9549
0.391000, 9548
0.392000, 9547
0.393000, 9546
0.393000, 9545
0.393000, 9544
0.394000, 9543
0.394000, 9542
0.394000, 9541
0.395000, 9540
0.396000, 9539
0.396000, 9538
0.397000, 9537
0.397000, 9536
0.397000, 9535
0.398000, 9534
0.398000, 9533
0.399000, 9532
0.400000, 9531
0.400000, 9530
0.400000, 9529
0.400000, 9528
0.401000, 9527
0.401000, 9526
0.402000, 9525
0.402000, 9524
0.402000, 9523
0.403000, 9522
0.403000, 9521
0.404000, 9520
0.405000, 9519
0.406000, 9518
0.406000, 9517
0.406000, 9516
0.407000, 9515
0.407000, 9514
0.408000, 9513
0.409000, 9512
0.409000, 9511
0.409000, 9510
0.410000, 9509
0.411000, 9508
0.411000, 9507
0.411000, 9506
0.412000, 9505
0.412000, 9504
0.413000, 9503
0.413000, 9502
0.413000, 9501
0.414000, 9500
0.414000, 9499
0.415000, 9498
0.416000, 9497
0.416000, 9496
0.416000, 9495
0.417000, 9494
0.417000, 9493
0.418000, 9492
0.419000, 9491
0.420000, 9490
0.420000, 9489
0.421000, 9488
0.422000, 9487
0.422000, 9486
0.423000, 9485
0.424000, 9484
0.424000, 9483
0.425000, 9482
0.426000, 9481
0.426000, 9480
0.427000, 9479
0.427000, 9478
0.428000, 9477
0.428000, 9476
0.428000, 9475
0.429000, 9474
0.430000, 9473
0.430000, 9472
0.431000, 9471
0.432000, 9470
0.433000, 9469
0.433000, 9468
0.434000, 9467
0.434000, 9466
0.435000, 9465
0.435000, 9464
0.436000, 9463
0.437000, 9462
0.437000, 9461
0.438000, 9460
0.438000, 9459
0.439000, 9458
0.439000, 9457
0.439000, 9456
0.440000, 9455
0.440000, 9454
0.441000, 9453
0.441000, 9452
0.442000, 9451
0.443000, 9450
0.444000, 9449
0.444000, 9448
0.444000, 9447
0.446000, 9446
0.446000, 9445
0.447000, 9444
0.447000, 9443
0.447000, 9442
0.448000, 9441
0.449000, 9440
0.449000, 9439
0.450000, 9438
0.450000, 9437
0.450000, 9436
0.451000, 9435
0.452000, 9434
0.453000, 9433
0.455000, 9432
0.455000, 9431
0.455000, 9430
0.455000, 9429
0.456000, 9428
0.456000, 9427
0.457000, 9426
0.457000, 9425
0.458000, 9424
0.458000, 9423
0.458000, 9422
0.458000, 9421
0.460000, 9420
0.460000, 9419
0.460000, 9418
0.461000, 9417
0.462000, 9416
0.463000, 9415
0.463000, 9414
0.464000, 9413
0.464000, 9412
0.465000, 9411
0.465000, 9410
0.465000, 9409
0.466000, 9408
0.467000, 9407
0.467000, 9406
0.468000, 9405
0.468000, 9404
0.468000, 9403
0.469000, 9402
0.469000, 9401
0.469000, 9400
0.470000, 9399
0.471000, 9398
0.471000, 9397
0.472000, 9396
0.472000, 9395
0.473000, 9394
0.473000, 9393
0.473000, 9392
0.474000, 9391
0.474000, 9390
0.474000, 9389
0.474000, 9388
0.475000, 9387
0.475000, 9386
0.476000, 9385
0.477000, 9384
0.478000, 9383
0.478000, 9382
0.479000, 9381
0.480000, 9380
0.480000, 9379
0.480000, 9378
0.481000, 9377
0.481000, 9376
0.482000, 9375
0.482000, 9374
0.483000, 9373
0.483000, 9372
0.484000, 9371
0.484000, 9370
0.485000, 9369
0.485000, 9368
0.487000, 9367
0.487000, 9366
0.488000, 9365
0.489000, 9364
0.489000, 9363
0.490000, 9362
0.490000, 9361
0.491000, 9360
0.492000, 9359
0.492000, 9358
0.493000, 9357
0.494000, 9356
0.495000, 9355
0.495000, 9354
0.496000, 9353
0.497000, 9352
0.497000, 9351
0.497000, 9350
0.498000, 9349
0.498000, 9348
0.499000, 9347
0.499000, 9346
0.499000, 9345
0.500000, 9344
0.501000, 9343
0.501000, 9342
0.502000, 9341
0.502000, 9340
0.503000, 9339
0.503000, 9338
0.504000, 9337
0.505000, 9336
0.505000, 9335
0.506000, 9334
0.506000, 9333
0.507000, 9332
0.507000, 9331
0.508000, 9330
0.508000, 9329
0.510000, 9328
0.510000, 9327
0.511000, 9326
0.511000, 9325
0.512000, 9324
0.512000, 9323
0.513000, 9322
0.513000, 9321
0.513000, 9320
0.514000, 9319
0.514000, 9318
0.515000, 9317
0.515000, 9316
0.517000, 9315
0.517000, 9314
0.519000, 9313
0.519000, 9312
0.521000, 9311
0.522000, 9310
0.522000, 9309
0.523000, 9308
0.524000, 9307
0.524000, 9306
0.525000, 9305
0.525000, 9304
0.526000, 9303
0.526000, 9302
0.526000, 9301
0.527000, 9300
0.527000, 9299
0.528000, 9298
0.529000, 9297
0.529000, 9296
0.530000, 9295
0.530000, 9294
0.530000, 9293
0.532000, 9292
0.532000, 9291
0.533000, 9290
0.533000, 9289
0.534000, 9288
0.534000, 9287
0.535000, 9286
0.543000, 9285
0.544000, 9284
0.544000, 9283
0.545000, 9282
0.545000, 9281
0.546000, 9280
0.547000, 9279
0.548000, 9278
0.548000, 9277
0.548000, 9276
0.549000, 9275
0.549000, 9274
0.549000, 9273
0.550000, 9272
0.550000, 9271
0.551000, 9270
0.551000, 9269
0.552000, 9268
0.553000, 9267
0.553000, 9266
0.553000, 9265
0.553000, 9264
0.554000, 9263
0.554000, 9262
0.555000, 9261
0.555000, 9260
0.555000, 9259
0.556000, 9258
0.556000, 9257
0.557000, 9256
0.558000, 9255
0.558000, 9254
0.558000, 9253
0.559000, 9252
0.559000, 9251
0.559000, 9250
0.559000, 9249
0.560000, 9248
0.560000, 9247
0.560000, 9246
0.561000, 9245
0.561000, 9244
0.561000, 9243
0.562000, 9242
0.562000, 9241
0.562000, 9240
0.562000, 9239
0.563000, 9238
0.563000, 9237
0.564000, 9236
0.564000, 9235
0.564000, 9234
0.565000, 9233
0.566000, 9232
0.566000, 9231
0.567000, 9230
0.568000, 9229
0.569000, 9228
0.569000, 9227
0.570000, 9226
0.570000, 9225
0.570000, 9224
0.571000, 9223
0.572000, 9222
0.572000, 9221
0.572000, 9220
0.572000, 9219
0.574000, 9218
0.575000, 9217
0.576000, 9216
0.576000, 9215
0.576000, 9214
0.577000, 9213
0.577000, 9212
0.578000, 9211
0.578000, 9210
0.578000, 9209
0.579000, 9208
0.579000, 9207
0.579000, 9206
0.580000, 9205
0.580000, 9204
0.580000, 9203
0.580000, 9202
0.581000, 9201
0.581000, 9200
0.581000, 9199
0.581000, 9198
0.581000, 9197
0.582000, 9196
0.582000, 9195
0.583000, 9194
0.583000, 9193
0.583000, 9192
0.585000, 9191
0.585000, 9190
0.586000, 9189
0.586000, 9188
0.587000, 9187
0.588000, 9186
0.588000, 9185
0.588000, 9184
0.589000, 9183
0.589000, 9182
0.589000, 9181
0.590000, 9180
0.590000, 9179
0.590000, 9178
0.591000, 9177
0.591000, 9176
0.591000, 9175
0.592000, 9174
0.592000, 9173
0.592000, 9172
0.593000, 9171
0.594000, 9170
0.594000, 9169
0.594000, 9168
0.595000, 9167
0.596000, 9166
0.596000, 9165
0.596000, 9164
0.597000, 9163
0.598000, 9162
0.598000, 9161
0.598000, 9160
0.599000, 9159
0.599000, 9158
0.599000, 9157
0.599000, 9156
0.602000, 9155
0.602000, 9154
0.602000, 9153
0.603000, 9152
0.603000, 9151
0.603000, 9150
0.603000, 9149
0.604000, 9148
0.604000, 9147
0.605000, 9146
0.605000, 9145
0.606000, 9144
0.606000, 9143
0.607000, 9142
0.607000, 9141
0.607000, 9140
0.608000, 9139
0.608000, 9138
0.609000, 9137
0.609000, 9136
0.610000, 9135
0.610000, 9134
0.611000, 9133
0.611000, 9132
0.611000, 9131
0.612000, 9130
0.613000, 9129
0.613000, 9128
0.613000, 9127
0.613000, 9126
0.614000, 9125
0.614000, 9124
0.615000, 9123
0.615000, 9122
0.615000, 9121
0.616000, 9120
0.616000, 9119
0.616000, 9118
0.616000, 9117
0.617000, 9116
0.617000, 9115
0.618000, 9114
0.618000, 9113
0.618000, 9112
0.618000, 9111
0.618000, 9110
0.619000, 9109
0.619000, 9108
0.620000, 9107
0.620000, 9106
0.620000, 9105
0.622000, 9104
0.623000, 9103
0.624000, 9102
0.624000, 9101
0.624000, 9100
0.625000, 9099
0.625000, 9098
0.625000, 9097
0.625000, 9096
0.626000, 9095
0.627000, 9094
0.627000, 9093
0.628000, 9092
0.630000, 9091
0.630000, 9090
0.630000, 9089
0.631000, 9088
0.632000, 9087
0.632000, 9086
0.632000, 9085
0.633000, 9084
0.633000, 9083
0.633000, 9082
0.633000, 9081
0.634000, 9080
0.634000, 9079
0.634000, 9078
0.635000, 9077
0.635000, 9076
0.636000, 9075
0.636000, 9074
0.637000, 9073
0.637000, 9072
0.637000, 9071
0.638000, 9070
0.638000, 9069
0.639000, 9068
0.639000, 9067
0.639000, 9066
0.640000, 9065
0.641000, 9064
0.641000, 9063
0.641000, 9062
0.643000, 9061
0.643000, 9060
0.643000, 9059
0.644000, 9058
0.644000, 9057
0.644000, 9056
0.644000, 9055
0.645000, 9054
0.645000, 9053
0.646000, 9052
0.646000, 9051
0.646000, 9050
0.646000, 9049
0.647000, 9048
0.648000, 9047
0.649000, 9046
0.649000, 9045
0.649000, 9044
0.650000, 9043
0.650000, 9042
0.650000, 9041
0.650000, 9040
0.650000, 9039
0.651000, 9038
0.652000, 9037
0.652000, 9036
0.652000, 9035
0.654000, 9034
0.654000, 9033
0.655000, 9032
0.655000, 9031
0.655000, 9030
0.656000, 9029
0.656000, 9028
0.657000, 9027
0.657000, 9026
0.658000, 9025
0.658000, 9024
0.659000, 9023
0.660000, 9022
0.660000, 9021
0.661000, 9020
0.661000, 9019
0.662000, 9018
0.662000, 9017
0.663000, 9016
0.663000, 9015
0.663000, 9014
0.666000, 9013
0.666000, 9012
0.666000, 9011
0.666000, 9010
0.667000, 9009
0.667000, 9008
0.668000, 9007
0.669000, 9006
0.670000, 9005
0.670000, 9004
0.671000, 9003
0.671000, 9002
0.671000, 9001
0.671000, 9000
0.672000, 8999
0.672000, 8998
0.672000, 8997
0.672000, 8996
0.672000, 8995
0.673000, 8994
0.674000, 8993
0.674000, 8992
0.675000, 8991
0.675000, 8990
0.675000, 8989
0.676000, 8988
0.676000, 8987
0.676000, 8986
0.677000, 8985
0.677000, 8984
0.677000, 8983
0.678000, 8982
0.679000, 8981
0.680000, 8980
0.680000, 8979
0.680000, 8978
0.681000, 8977
0.681000, 8976
0.681000, 8975
0.682000, 8974
0.682000, 8973
0.682000, 8972
0.683000, 8971
0.683000, 8970
0.683000, 8969
0.684000, 8968
0.684000, 8967
0.684000, 8966
0.685000, 8965
0.686000, 8964
0.686000, 8963
0.686000, 8962
0.687000, 8961
0.687000, 8960
0.687000, 8959
0.687000, 8958
0.688000, 8957
0.689000, 8956
0.689000, 8955
0.689000, 8954
0.690000, 8953
0.690000, 8952
0.691000, 8951
0.691000, 8950
0.692000, 8949
0.693000, 8948
0.693000, 8947
0.694000, 8946
0.694000, 8945
0.695000, 8944
0.695000, 8943
0.695000, 8942
0.695000, 8941
0.695000, 8940
0.696000, 8939
0.696000, 8938
0.697000, 8937
0.697000, 8936
0.697000, 8935
0.698000, 8934
0.699000, 8933
0.699000, 8932
0.700000, 8931
0.701000, 8930
0.701000, 8929
0.702000, 8928
0.702000, 8927
0.702000, 8926
0.703000, 8925
0.704000, 8924
0.705000, 8923
0.705000, 8922
0.705000, 8921
0.705000, 8920
0.706000, 8919
0.707000, 8918
0.707000, 8917
0.708000, 8916
0.708000, 8915
0.709000, 8914
0.709000, 8913
0.709000, 8912
0.710000, 8911
0.711000, 8910
0.711000, 8909
0.712000, 8908
0.713000, 8907
0.713000, 8906
0.713000, 8905
0.714000, 8904
0.714000, 8903
0.714000, 8902
0.715000, 8901
0.715000, 8900
0.716000, 8899
0.716000, 8898
0.716000, 8897
0.716000, 8896
0.716000, 8895
0.717000, 8894
0.718000, 8893
0.718000, 8892
0.718000, 8891
0.718000, 8890
0.718000, 8889
0.718000, 8888
0.719000, 8887
0.719000, 8886
0.719000, 8885
0.720000, 8884
0.721000, 8883
0.721000, 8882
0.721000, 8881
0.721000, 8880
0.721000, 8879
0.721000, 8878
0.721000, 8877
0.722000, 8876
0.722000, 8875
0.723000, 8874
0.724000, 8873
0.725000, 8872
0.725000, 8871
0.725000, 8870
0.726000, 8869
0.726000, 8868
0.726000, 8867
0.727000, 8866
0.727000, 8865
0.727000, 8864
0.728000, 8863
0.728000, 8862
0.729000, 8861
0.729000, 8860
0.730000, 8859
0.730000, 8858
0.731000, 8857
0.731000, 8856
0.732000, 8855
0.732000, 8854
0.733000, 8853
0.733000, 8852
0.733000, 8851
0.733000, 8850
0.734000, 8849
0.735000, 8848
0.735000, 8847
0.735000, 8846
0.737000, 8845
0.738000, 8844
0.738000, 8843
0.739000, 8842
0.739000, 8841
0.739000, 8840
0.739000, 8839
0.740000, 8838
0.740000, 8837
0.741000, 8836
0.742000, 8835
0.743000, 8834
0.744000, 8833
0.744000, 8832
0.747000, 8831
0.748000, 8830
0.749000, 8829
0.749000, 8828
0.749000, 8827
0.750000, 8826
0.751000, 8825
0.752000, 8824
0.752000, 8823
0.752000, 8822
0.752000, 8821
0.753000, 8820
0.753000, 8819
0.755000, 8818
0.755000, 8817
0.755000, 8816
0.756000, 8815
0.756000, 8814
0.757000, 8813
0.757000, 8812
0.758000, 8811
0.759000, 8810
0.759000, 8809
0.759000, 8808
0.759000, 8807
0.760000, 8806
0.760000, 8805
0.760000, 8804
0.761000, 8803
0.761000, 8802
0.762000, 8801
0.763000, 8800
0.764000, 8799
0.764000, 8798
0.764000, 8797
0.764000, 8796
0.765000, 8795
0.765000, 8794
0.766000, 8793
0.767000, 8792
0.768000, 8791
0.769000, 8790
0.770000, 8789
0.770000, 8788
0.770000, 8787
0.770000, 8786
0.771000, 8785
0.771000, 8784
0.772000, 8783
0.772000, 8782
0.772000, 8781
0.772000, 8780
0.773000, 8779
0.773000, 8778
0.774000, 8777
0.774000, 8776
0.775000, 8775
0.776000, 8774
0.776000, 8773
0.776000, 8772
0.777000, 8771
0.777000, 8770
0.780000, 8769
0.780000, 8768
0.781000, 8767
0.782000, 8766
0.782000, 8765
0.783000, 8764
0.783000, 8763
0.784000, 8762
0.784000, 8761
0.785000, 8760
0.786000, 8759
0.786000, 8758
0.786000, 8757
0.787000, 8756
0.788000, 8755
0.788000, 8754
0.789000, 8753
0.789000, 8752
0.790000, 8751
0.791000, 8750
0.791000, 8749
0.792000, 8748
0.792000, 8747
0.792000, 8746
0.793000, 8745
0.793000, 8744
0.793000, 8743
0.793000, 8742
0.793000, 8741
0.794000, 8740
0.795000, 8739
0.795000, 8738
0.795000, 8737
0.797000, 8736
0.797000, 8735
0.798000, 8734
0.799000, 8733
0.799000, 8732
0.800000, 8731
0.800000, 8730
0.802000, 8729
0.802000, 8728
0.802000, 8727
0.803000, 8726
0.804000, 8725
0.804000, 8724
0.804000, 8723
0.804000, 8722
0.805000, 8721
0.805000, 8720
0.806000, 8719
0.806000, 8718
0.807000, 8717
0.808000, 8716
0.809000, 8715
0.809000, 8714
0.811000, 8713
0.812000, 8712
0.813000, 8711
0.813000, 8710
0.813000, 8709
0.814000, 8708
0.814000, 8707
0.815000, 8706
0.815000, 8705
0.816000, 8704
0.817000, 8703
0.817000, 8702
0.818000, 8701
0.818000, 8700
0.819000, 8699
0.819000, 8698
0.820000, 8697
0.820000, 8696
0.821000, 8695
0.822000, 8694
0.822000, 8693
0.823000, 8692
0.824000, 8691
0.824000, 8690
0.824000, 8689
0.825000, 8688
0.825000, 8687
0.826000, 8686
0.826000, 8685
0.826000, 8684
0.826000, 8683
0.828000, 8682
0.828000, 8681
0.829000, 8680
0.831000, 8679
0.831000, 8678
0.831000, 8677
0.832000, 8676
0.832000, 8675
0.832000, 8674
0.833000, 8673
0.834000, 8672
0.834000, 8671
0.834000, 8670
0.835000, 8669
0.835000, 8668
0.837000, 8667
0.837000, 8666
0.837000, 8665
0.838000, 8664
0.838000, 8663
0.839000, 8662
0.839000, 8661
0.840000, 8660
0.840000, 8659
0.841000, 8658
0.841000, 8657
0.843000, 8656
0.844000, 8655
0.844000, 8654
0.844000, 8653
0.845000, 8652
0.846000, 8651
0.847000, 8650
0.847000, 8649
0.848000, 8648
0.848000, 8647
0.848000, 8646
0.848000, 8645
0.849000, 8644
0.849000, 8643
0.850000, 8642
0.850000, 8641
0.857000, 8640
0.857000, 8639
0.858000, 8638
0.858000, 8637
0.859000, 8636
0.860000, 8635
0.861000, 8634
0.861000, 8633
0.862000, 8632
0.862000, 8631
0.863000, 8630
0.863000, 8629
0.863000, 8628
0.865000, 8627
0.866000, 8626
0.867000, 8625
0.869000, 8624
0.870000, 8623
0.871000, 8622
0.872000, 8621
0.872000, 8620
0.873000, 8619
0.874000, 8618
0.875000, 8617
0.876000, 8616
0.876000, 8615
0.876000, 8614
0.876000, 8613
0.877000, 8612
0.878000, 8611
0.878000, 8610
0.878000, 8609
0.879000, 8608
0.880000, 8607
0.880000, 8606
0.880000, 8605
0.881000, 8604
0.882000, 8603
0.884000, 8602
0.885000, 8601
0.885000, 8600
0.885000, 8599
0.886000, 8598
0.887000, 8597
0.887000, 8596
0.888000, 8595
0.888000, 8594
0.888000, 8593
0.888000, 8592
0.889000, 8591
0.889000, 8590
0.889000, 8589
0.890000, 8588
0.890000, 8587
0.891000, 8586
0.892000, 8585
0.892000, 8584
0.893000, 8583
0.893000, 8582
0.894000, 8581
0.895000, 8580
0.896000, 8579
0.896000, 8578
0.897000, 8577
0.897000, 8576
0.898000, 8575
0.898000, 8574
0.899000, 8573
0.899000, 8572
0.899000, 8571
0.900000, 8570
0.900000, 8569
0.901000, 8568
0.901000, 8567
0.901000, 8566
0.901000, 8565
0.902000, 8564
0.902000, 8563
0.902000, 8562
0.903000, 8561
0.903000, 8560
0.905000, 8559
0.906000, 8558
0.906000, 8557
0.906000, 8556
0.906000, 8555
0.909000, 8554
0.909000, 8553
0.909000, 8552
0.911000, 8551
0.911000, 8550
0.913000, 8549
0.915000, 8548
0.915000, 8547
0.915000, 8546
0.915000, 8545
0.918000, 8544
0.919000, 8543
0.919000, 8542
0.919000, 8541
0.920000, 8540
0.920000, 8539
0.920000, 8538
0.921000, 8537
0.921000, 8536
0.922000, 8535
0.922000, 8534
0.923000, 8533
0.923000, 8532
0.923000, 8531
0.924000, 8530
0.924000, 8529
0.924000, 8528
0.925000, 8527
0.925000, 8526
0.926000, 8525
0.926000, 8524
0.927000, 8523
0.928000, 8522
0.930000, 8521
0.930000, 8520
0.931000, 8519
0.931000, 8518
0.932000, 8517
0.932000, 8516
0.933000, 8515
0.933000, 8514
0.933000, 8513
0.936000, 8512
0.936000, 8511
0.937000, 8510
0.937000, 8509
0.937000, 8508
0.937000, 8507
0.938000, 8506
0.939000, 8505
0.940000, 8504
0.943000, 8503
0.945000, 8502
0.946000, 8501
0.947000, 8500
0.947000, 8499
0.948000, 8498
0.948000, 8497
0.950000, 8496
0.951000, 8495
0.952000, 8494
0.953000, 8493
0.955000, 8492
0.955000, 8491
0.956000, 8490
0.956000, 8489
0.957000, 8488
0.957000, 8487
0.958000, 8486
0.958000, 8485
0.958000, 8484
0.959000, 8483
0.959000, 8482
0.959000, 8481
0.960000, 8480
0.960000, 8479
0.961000, 8478
0.962000, 8477
0.962000, 8476
0.963000, 8475
0.963000, 8474
0.963000, 8473
0.965000, 8472
0.965000, 8471
0.966000, 8470
0.966000, 8469
0.967000, 8468
0.967000, 8467
0.969000, 8466
0.969000, 8465
0.970000, 8464
0.970000, 8463
0.970000, 8462
0.971000, 8461
0.971000, 8460
0.971000, 8459
0.972000, 8458
0.974000, 8457
0.974000, 8456
0.974000, 8455
0.975000, 8454
0.976000, 8453
0.976000, 8452
0.976000, 8451
0.976000, 8450
0.977000, 8449
0.977000, 8448
0.980000, 8447
0.981000, 8446
0.982000, 8445
0.982000, 8444
0.982000, 8443
0.984000, 8442
0.985000, 8441
0.988000, 8440
0.989000, 8439
0.990000, 8438
0.990000, 8437
0.991000, 8436
0.991000, 8435
0.991000, 8434
0.992000, 8433
0.992000, 8432
0.992000, 8431
0.992000, 8430
0.993000, 8429
0.995000, 8428
0.995000, 8427
0.996000, 8426
0.997000, 8425
0.999000, 8424
1.000000, 8423
1.001000, 8422
1.002000, 8421
1.003000, 8420
1.004000, 8419
1.004000, 8418
1.004000, 8417
1.004000, 8416
1.007000, 8415
1.007000, 8414
1.007000, 8413
1.008000, 8412
1.009000, 8411
1.009000, 8410
1.011000, 8409
1.011000, 8408
1.016000, 8407
1.016000, 8406
1.017000, 8405
1.018000, 8404
1.019000, 8403
1.019000, 8402
1.019000, 8401
1.020000, 8400
1.020000, 8399
1.021000, 8398
1.022000, 8397
1.022000, 8396
1.022000, 8395
1.022000, 8394
1.023000, 8393
1.023000, 8392
1.025000, 8391
1.025000, 8390
1.025000, 8389
1.026000, 8388
1.026000, 8387
1.027000, 8386
1.027000, 8385
1.028000, 8384
1.029000, 8383
1.030000, 8382
1.030000, 8381
1.032000, 8380
1.032000, 8379
1.032000, 8378
1.033000, 8377
1.034000, 8376
1.036000, 8375
1.038000, 8374
1.038000, 8373
1.040000, 8372
1.042000, 8371
1.042000, 8370
1.042000, 8369
1.043000, 8368
1.043000, 8367
1.044000, 8366
1.045000, 8365
1.046000, 8364
1.047000, 8363
1.048000, 8362
1.048000, 8361
1.048000, 8360
1.049000, 8359
1.049000, 8358
1.050000, 8357
1.051000, 8356
1.051000, 8355
1.051000, 8354
1.052000, 8353
1.053000, 8352
1.053000, 8351
1.054000, 8350
1.054000, 8349
1.055000, 8348
1.056000, 8347
1.057000, 8346
1.058000, 8345
1.058000, 8344
1.059000, 8343
1.060000, 8342
1.061000, 8341
1.061000, 8340
1.061000, 8339
1.062000, 8338
1.062000, 8337
1.062000, 8336
1.063000, 8335
1.063000, 8334
1.065000, 8333
1.066000, 8332
1.066000, 8331
1.067000, 8330
1.067000, 8329
1.068000, 8328
1.068000, 8327
1.069000, 8326
1.070000, 8325
1.072000, 8324
1.072000, 8323
1.073000, 8322
1.074000, 8321
1.076000, 8320
1.077000, 8319
1.078000, 8318
1.079000, 8317
1.080000, 8316
1.080000, 8315
1.080000, 8314
1.080000, 8313
1.081000, 8312
1.082000, 8311
1.083000, 8310
1.083000, 8309
1.084000, 8308
1.084000, 8307
1.085000, 8306
1.086000, 8305
1.086000, 8304
1.086000, 8303
1.087000, 8302
1.087000, 8301
1.087000, 8300
1.088000, 8299
1.088000, 8298
1.088000, 8297
1.088000, 8296
1.090000, 8295
1.091000, 8294
1.092000, 8293
1.092000, 8292
1.093000, 8291
1.095000, 8290
1.096000, 8289
1.097000, 8288
1.097000, 8287
1.099000, 8286
1.099000, 8285
1.101000, 8284
1.102000, 8283
1.102000, 8282
1.104000, 8281
1.105000, 8280
1.105000, 8279
1.107000, 8278
1.107000, 8277
1.108000, 8276
1.108000, 8275
1.109000, 8274
1.109000, 8273
1.109000, 8272
1.110000, 8271
1.111000, 8270
1.111000, 8269
1.112000, 8268
1.112000, 8267
1.114000, 8266
1.115000, 8265
1.115000, 8264
1.115000, 8263
1.116000, 8262
1.116000, 8261
1.118000, 8260
1.119000, 8259
1.120000, 8258
1.123000, 8257
1.123000, 8256
1.123000, 8255
1.125000, 8254
1.125000, 8253
1.125000, 8252
1.125000, 8251
1.126000, 8250
1.126000, 8249
1.133000, 8248
1.134000, 8247
1.135000, 8246
1.135000, 8245
1.136000, 8244
1.137000, 8243
1.137000, 8242
1.137000, 8241
1.138000, 8240
1.139000, 8239
1.140000, 8238
1.140000, 8237
1.143000, 8236
1.143000, 8235
1.144000, 8234
1.145000, 8233
1.146000, 8232
1.146000, 8231
1.150000, 8230
1.151000, 8229
1.151000, 8228
1.151000, 8227
1.151000, 8226
1.152000, 8225
1.153000, 8224
1.154000, 8223
1.155000, 8222
1.157000, 8221
1.158000, 8220
1.160000, 8219
1.160000, 8218
1.161000, 8217
1.161000, 8216
1.161000, 8215
1.162000, 8214
1.163000, 8213
1.164000, 8212
1.164000, 8211
1.165000, 8210
1.168000, 8209
1.168000, 8208
1.170000, 8207
1.171000, 8206
1.171000, 8205
1.172000, 8204
1.173000, 8203
1.173000, 8202
1.174000, 8201
1.174000, 8200
1.176000, 8199
1.177000, 8198
1.177000, 8197
1.178000, 8196
1.179000, 8195
1.182000, 8194
1.183000, 8193
1.183000, 8192
1.183000, 8191
1.183000, 8190
1.184000, 8189
1.184000, 8188
1.184000, 8187
1.185000, 8186
1.186000, 8185
1.186000, 8184
1.187000, 8183
1.188000, 8182
1.190000, 8181
1.191000, 8180
1.192000, 8179
1.194000, 8178
1.194000, 8177
1.202000, 8176
1.203000, 8175
1.203000, 8174
1.206000, 8173
1.207000, 8172
1.207000, 8171
1.208000, 8170
1.209000, 8169
1.210000, 8168
1.210000, 8167
1.213000, 8166
1.214000, 8165
1.216000, 8164
1.219000, 8163
1.219000, 8162
1.219000, 8161
1.220000, 8160
1.220000, 8159
1.221000, 8158
1.221000, 8157
1.222000, 8156
1.223000, 8155
1.224000, 8154
1.224000, 8153
1.226000, 8152
1.226000, 8151
1.227000, 8150
1.228000, 8149
1.228000, 8148
1.229000, 8147
1.230000, 8146
1.230000, 8145
1.231000, 8144
1.233000, 8143
1.234000, 8142
1.234000, 8141
1.236000, 8140
1.237000, 8139
1.238000, 8138
1.238000, 8137
1.238000, 8136
1.240000, 8135
1.240000, 8134
1.240000, 8133
1.241000, 8132
1.241000, 8131
1.241000, 8130
1.242000, 8129
1.243000, 8128
1.244000, 8127
1.246000, 8126
1.246000, 8125
1.247000, 8124
1.247000, 8123
1.248000, 8122
1.249000, 8121
1.249000, 8120
1.250000, 8119
1.252000, 8118
1.252000, 8117
1.255000, 8116
1.255000, 8115
1.256000, 8114
1.257000, 8113
1.259000, 8112
1.260000, 8111
1.260000, 8110
1.262000, 8109
1.263000, 8108
1.264000, 8107
1.264000, 8106
1.264000, 8105
1.266000, 8104
1.268000, 8103
1.268000, 8102
1.269000, 8101
1.272000, 8100
1.272000, 8099
1.275000, 8098
1.275000, 8097
1.276000, 8096
1.276000, 8095
1.278000, 8094
1.278000, 8093
1.279000, 8092
1.280000, 8091
1.281000, 8090
1.284000, 8089
1.284000, 8088
1.285000, 8087
1.286000, 8086
1.286000, 8085
1.287000, 8084
1.288000, 8083
1.288000, 8082
1.289000, 8081
1.291000, 8080
1.292000, 8079
1.293000, 8078
1.294000, 8077
1.295000, 8076
1.295000, 8075
1.297000, 8074
1.298000, 8073
1.299000, 8072
1.300000, 8071
1.302000, 8070
1.302000, 8069
1.303000, 8068
1.304000, 8067
1.304000, 8066
1.306000, 8065
1.309000, 8064
1.310000, 8063
1.311000, 8062
1.311000, 8061
1.312000, 8060
1.312000, 8059
1.314000, 8058
1.315000, 8057
1.316000, 8056
1.316000, 8055
1.317000, 8054
1.319000, 8053
1.319000, 8052
1.320000, 8051
1.322000, 8050
1.323000, 8049
1.324000, 8048
1.324000, 8047
1.325000, 8046
1.325000, 8045
1.328000, 8044
1.328000, 8043
1.330000, 8042
1.330000, 8041
1.331000, 8040
1.334000, 8039
1.334000, 8038
1.335000, 8037
1.336000, 8036
1.338000, 8035
1.339000, 8034
1.339000, 8033
1.340000, 8032
1.342000, 8031
1.343000, 8030
1.344000, 8029
1.345000, 8028
1.346000, 8027
1.348000, 8026
1.349000, 8025
1.352000, 8024
1.354000, 8023
1.356000, 8022
1.358000, 8021
1.361000, 8020
1.361000, 8019
1.362000, 8018
1.364000, 8017
1.366000, 8016
1.366000, 8015
1.368000, 8014
1.369000, 8013
1.369000, 8012
1.372000, 8011
1.379000, 8010
1.380000, 8009
1.380000, 8008
1.381000, 8007
1.381000, 8006
1.382000, 8005
1.382000, 8004
1.382000, 8003
1.386000, 8002
1.386000, 8001
1.387000, 8000
1.390000, 7999
1.390000, 7998
1.392000, 7997
1.393000, 7996
1.394000, 7995
1.395000, 7994
1.396000, 7993
1.396000, 7992
1.396000, 7991
1.402000, 7990
1.402000, 7989
1.403000, 7988
1.404000, 7987
1.405000, 7986
1.407000, 7985
1.407000, 7984
1.409000, 7983
1.411000, 7982
1.413000, 7981
1.413000, 7980
1.414000, 7979
1.415000, 7978
1.416000, 7977
1.417000, 7976
1.418000, 7975
1.419000, 7974
1.421000, 7973
1.422000, 7972
1.424000, 7971
1.424000, 7970
1.425000, 7969
1.426000, 7968
1.427000, 7967
1.427000, 7966
1.428000, 7965
1.431000, 7964
1.432000, 7963
1.433000, 7962
1.433000, 7961
1.434000, 7960
1.436000, 7959
1.438000, 7958
1.438000, 7957
1.440000, 7956
1.440000, 7955
1.442000, 7954
1.443000, 7953
1.446000, 7952
1.446000, 7951
1.448000, 7950
1.448000, 7949
1.450000, 7948
1.452000, 7947
1.453000, 7946
1.455000, 7945
1.455000, 7944
1.458000, 7943
1.459000, 7942
1.461000, 7941
1.462000, 7940
1.463000, 7939
1.465000, 7938
1.465000, 7937
1.466000, 7936
1.470000, 7935
1.470000, 7934
1.471000, 7933
1.474000, 7932
1.475000, 7931
1.475000, 7930
1.478000, 7929
1.479000, 7928
1.480000, 7927
1.482000, 7926
1.486000, 7925
1.488000, 7924
1.489000, 7923
1.490000, 7922
1.490000, 7921
1.494000, 7920
1.494000, 7919
1.496000, 7918
1.499000, 7917
1.500000, 7916
1.501000, 7915
1.501000, 7914
1.501000, 7913
1.502000, 7912
1.506000, 7911
1.507000, 7910
1.510000, 7909
1.510000, 7908
1.511000, 7907
1.514000, 7906
1.515000, 7905
1.516000, 7904
1.520000, 7903
1.520000, 7902
1.522000, 7901
1.523000, 7900
1.524000, 7899
1.525000, 7898
1.525000, 7897
1.525000, 7896
1.526000, 7895
1.528000, 7894
1.529000, 7893
1.530000, 7892
1.531000, 7891
1.533000, 7890
1.534000, 7889
1.535000, 7888
1.535000, 7887
1.536000, 7886
1.537000, 7885
1.538000, 7884
1.545000, 7883
1.549000, 7882
1.550000, 7881
1.551000, 7880
1.552000, 7879
1.553000, 7878
1.556000, 7877
1.557000, 7876
1.561000, 7875
1.562000, 7874
1.564000, 7873
1.569000, 7872
1.573000, 7871
1.574000, 7870
1.578000, 7869
1.578000, 7868
1.579000, 7867
1.579000, 7866
1.580000, 7865
1.584000, 7864
1.586000, 7863
1.586000, 7862
1.589000, 7861
1.590000, 7860
1.591000, 7859
1.594000, 7858
1.600000, 7857
1.600000, 7856
1.601000, 7855
1.605000, 7854
1.606000, 7853
1.608000, 7852
1.608000, 7851
1.609000, 7850
1.612000, 7849
1.612000, 7848
1.614000, 7847
1.617000, 7846
1.617000, 7845
1.618000, 7844
1.620000, 7843
1.621000, 7842
1.625000, 7841
1.625000, 7840
1.627000, 7839
1.630000, 7838
1.631000, 7837
1.631000, 7836
1.635000, 7835
1.637000, 7834
1.639000, 7833
1.641000, 7832
1.642000, 7831
1.642000, 7830
1.645000, 7829
1.646000, 7828
1.650000, 7827
1.652000, 7826
1.652000, 7825
1.652000, 7824
1.653000, 7823
1.659000, 7822
1.661000, 7821
1.662000, 7820
1.663000, 7819
1.664000, 7818
1.670000, 7817
1.672000, 7816
1.676000, 7815
1.682000, 7814
1.682000, 7813
1.688000, 7812
1.689000, 7811
1.691000, 7810
1.692000, 7809
1.698000, 7808
1.699000, 7807
1.700000, 7806
1.702000, 7805
1.704000, 7804
1.710000, 7803
1.711000, 7802
1.721000, 7801
1.724000, 7800
1.727000, 7799
1.727000, 7798
1.728000, 7797
1.729000, 7796
1.730000, 7795
1.731000, 7794
1.732000, 7793
1.734000, 7792
1.735000, 7791
1.741000, 7790
1.743000, 7789
1.749000, 7788
1.750000, 7787
1.754000, 7786
1.754000, 7785
1.756000, 7784
1.757000, 7783
1.760000, 7782
1.761000, 7781
1.762000, 7780
1.763000, 7779
1.767000, 7778
1.772000, 7777
1.773000, 7776
1.776000, 7775
1.779000, 7774
1.779000, 7773
1.780000, 7772
1.787000, 7771
1.788000, 7770
1.789000, 7769
1.789000, 7768
1.795000, 7767
1.797000, 7766
1.806000, 7765
1.806000, 7764
1.818000, 7763
1.818000, 7762
1.820000, 7761
1.820000, 7760
1.821000, 7759
1.823000, 7758
1.824000, 7757
1.825000, 7756
1.826000, 7755
1.826000, 7754
1.827000, 7753
1.829000, 7752
1.832000, 7751
1.844000, 7750
1.858000, 7749
1.858000, 7748
1.861000, 7747
1.862000, 7746
1.864000, 7745
1.867000, 7744
1.869000, 7743
1.875000, 7742
1.878000, 7741
1.881000, 7740
1.883000, 7739
1.886000, 7738
1.893000, 7737
1.899000, 7736
1.910000, 7735
1.912000, 7734
1.916000, 7733
1.923000, 7732
1.925000, 7731
1.936000, 7730
1.949000, 7729
1.950000, 7728
1.952000, 7727
1.957000, 7726
1.962000, 7725
1.963000, 7724
1.970000, 7723
1.971000, 7722
1.979000, 7721
1.979000, 7720
1.980000, 7719
1.980000, 7718
1.988000, 7717
1.997000, 7716
1.998000, 7715
1.999000, 7714
2.002000, 7713
2.003000, 7712
2.004000, 7711
2.014000, 7710
2.015000, 7709
2.018000, 7708
2.019000, 7707
2.020000, 7706
2.024000, 7705
2.027000, 7704
2.027000, 7703
2.028000, 7702
2.033000, 7701
2.039000, 7700
2.040000, 7699
2.043000, 7698
2.044000, 7697
2.046000, 7696
2.046000, 7695
2.055000, 7694
2.056000, 7693
2.064000, 7692
2.069000, 7691
2.069000, 7690
2.071000, 7689
2.072000, 7688
2.075000, 7687
2.080000, 7686
2.082000, 7685
2.090000, 7684
2.093000, 7683
2.093000, 7682
2.095000, 7681
2.104000, 7680
2.106000, 7679
2.111000, 7678
2.122000, 7677
2.127000, 7676
2.128000, 7675
2.135000, 7674
2.150000, 7673
2.154000, 7672
2.162000, 7671
2.169000, 7670
2.169000, 7669
2.172000, 7668
2.173000, 7667
2.175000, 7666
2.177000, 7665
2.178000, 7664
2.190000, 7663
2.195000, 7662
2.201000, 7661
2.204000, 7660
2.204000, 7659
2.207000, 7658
2.207000, 7657
2.222000, 7656
2.225000, 7655
2.229000, 7654
2.233000, 7653
2.248000, 7652
2.251000, 7651
2.251000, 7650
2.268000, 7649
2.272000, 7648
2.275000, 7647
2.294000, 7646
2.297000, 7645
2.300000, 7644
2.319000, 7643
2.324000, 7642
2.327000, 7641
2.333000, 7640
2.367000, 7639
2.371000, 7638
2.376000, 7637
2.379000, 7636
2.391000, 7635
2.394000, 7634
2.404000, 7633
2.411000, 7632
2.413000, 7631
2.422000, 7630
2.425000, 7629
2.451000, 7628
2.467000, 7627
2.524000, 7626
2.530000, 7625
2.542000, 7624
2.552000, 7623
2.555000, 7622
2.557000, 7621
2.569000, 7620
2.577000, 7619
2.593000, 7618
2.594000, 7617
2.616000, 7616
2.643000, 7615
2.675000, 7614
2.689000, 7613
2.704000, 7612
2.735000, 7611
2.751000, 7610
2.761000, 7609
2.775000, 7608
2.788000, 7607
2.795000, 7606
2.803000, 7605
2.825000, 7604
2.867000, 7603
2.915000, 7602
2.916000, 7601
2.924000, 7600
2.925000, 7599
2.925000, 7598
2.941000, 7597
2.946000, 7596
2.964000, 7595
2.969000, 7594
2.997000, 7593
3.008000, 7592
3.026000, 7591
3.030000, 7590
3.051000, 7589
3.089000, 7588
3.112000, 7587
3.144000, 7586
3.166000, 7585
3.223000, 7584
3.253000, 7583
3.261000, 7582
3.273000, 7581
3.283000, 7580
3.321000, 7579
3.357000, 7578
3.404000, 7577
3.426000, 7576
3.474000, 7575
3.500000, 7574
3.503000, 7573
3.507000, 7572
3.533000, 7571
3.648000, 7570
3.677000, 7569
3.761000, 7568
3.775000, 7567
3.915000, 7566
4.001000, 7565
4.120000, 7564
4.325000, 7563
4.527000, 7562
4.667000, 7561
4.975000, 7560
5.056000, 7559
