0.014000, 10199
0.018000, 10198
0.018000, 10197
0.019000, 10196
0.020000, 10195
0.020000, 10194
0.021000, 10193
0.021000, 10192
0.022000, 10191
0.022000, 10190
0.023000, 10189
0.023000, 10188
0.024000, 10187
0.024000, 10186
0.024000, 10185
0.025000, 10184
0.025000, 10183
0.026000, 10182
0.026000, 10181
0.026000, 10180
0.027000, 10179
0.027000, 10178
0.028000, 10177
0.028000, 10176
0.028000, 10175
0.029000, 10174
0.030000, 10173
0.030000, 10172
0.030000, 10171
0.030000, 10170
0.031000, 10169
0.031000, 10168
0.032000, 10167
0.033000, 10166
0.034000, 10165
0.034000, 10164
0.035000, 10163
0.035000, 10162
0.036000, 10161
0.036000, 10160
0.036000, 10159
0.038000, 10158
0.038000, 10157
0.039000, 10156
0.039000, 10155
0.040000, 10154
0.040000, 10153
0.041000, 10152
0.041000, 10151
0.041000, 10150
0.042000, 10149
0.042000, 10148
0.043000, 10147
0.044000, 10146
0.044000, 10145
0.046000, 10144
0.046000, 10143
0.046000, 10142
0.046000, 10141
0.047000, 10140
0.048000, 10139
0.048000, 10138
0.049000, 10137
0.050000, 10136
0.050000, 10135
0.050000, 10134
0.050000, 10133
0.050000, 10132
0.051000, 10131
0.051000, 10130
0.052000, 10129
0.052000, 10128
0.052000, 10127
0.053000, 10126
0.053000, 10125
0.053000, 10124
0.053000, 10123
0.054000, 10122
0.054000, 10121
0.054000, 10120
0.055000, 10119
0.055000, 10118
0.056000, 10117
0.056000, 10116
0.057000, 10115
0.057000, 10114
0.058000, 10113
0.058000, 10112
0.059000, 10111
0.059000, 10110
0.060000, 10109
0.060000, 10108
0.060000, 10107
0.061000, 10106
0.062000, 10105
0.062000, 10104
0.063000, 10103
0.064000, 10102
0.064000, 10101
0.065000, 10100
0.065000, 10099
0.065000, 10098
0.066000, 10097
0.066000, 10096
0.067000, 10095
0.067000, 10094
0.069000, 10093
0.070000, 10092
0.071000, 10091
0.071000, 10090
0.072000, 10089
0.072000, 10088
0.073000, 10087
0.074000, 10086
0.074000, 10085
0.075000, 10084
0.075000, 10083
0.075000, 10082
0.076000, 10081
0.076000, 10080
0.076000, 10079
0.077000, 10078
0.077000, 10077
0.078000, 10076
0.080000, 10075
0.080000, 10074
0.081000, 10073
0.082000, 10072
0.082000, 10071
0.082000, 10070
0.083000, 10069
0.084000, 10068
0.084000, 10067
0.086000, 10066
0.087000, 10065
0.087000, 10064
0.087000, 10063
0.088000, 10062
0.088000, 10061
0.088000, 10060
0.089000, 10059
0.090000, 10058
0.090000, 10057
0.091000, 10056
0.091000, 10055
0.091000, 10054
0.092000, 10053
0.093000, 10052
0.093000, 10051
0.094000, 10050
0.095000, 10049
0.095000, 10048
0.095000, 10047
0.096000, 10046
0.096000, 10045
0.097000, 10044
0.097000, 10043
0.097000, 10042
0.098000, 10041
0.098000, 10040
0.099000, 10039
0.100000, 10038
0.100000, 10037
0.101000, 10036
0.102000, 10035
0.102000, 10034
0.102000, 10033
0.102000, 10032
0.102000, 10031
0.103000, 10030
0.103000, 10029
0.104000, 10028
0.104000, 10027
0.105000, 10026
0.106000, 10025
0.106000, 10024
0.107000, 10023
0.107000, 10022
0.108000, 10021
0.108000, 10020
0.109000, 10019
0.109000, 10018
0.109000, 10017
0.109000, 10016
0.110000, 10015
0.110000, 10014
0.110000, 10013
0.111000, 10012
0.111000, 10011
0.112000, 10010
0.112000, 10009
0.113000, 10008
0.113000, 10007
0.114000, 10006
0.114000, 10005
0.114000, 10004
0.115000, 10003
0.115000, 10002
0.116000, 10001
0.117000, 10000
0.117000, 9999
0.117000, 9998
0.118000, 9997
0.118000, 9996
0.118000, 9995
0.119000, 9994
0.120000, 9993
0.120000, 9992
0.121000, 9991
0.122000, 9990
0.122000, 9989
0.123000, 9988
0.124000, 9987
0.124000, 9986
0.124000, 9985
0.125000, 9984
0.125000, 9983
0.125000, 9982
0.126000, 9981
0.126000, 9980
0.127000, 9979
0.127000, 9978
0.128000, 9977
0.128000, 9976
0.128000, 9975
0.128000, 9974
0.129000, 9973
0.130000, 9972
0.130000, 9971
0.131000, 9970
0.132000, 9969
0.132000, 9968
0.133000, 9967
0.134000, 9966
0.134000, 9965
0.135000, 9964
0.136000, 9963
0.136000, 9962
0.137000, 9961
0.137000, 9960
0.137000, 9959
0.138000, 9958
0.138000, 9957
0.139000, 9956
0.139000, 9955
0.140000, 9954
0.140000, 9953
0.140000, 9952
0.141000, 9951
0.141000, 9950
0.142000, 9949
0.142000, 9948
0.142000, 9947
0.143000, 9946
0.143000, 9945
0.143000, 9944
0.144000, 9943
0.144000, 9942
0.145000, 9941
0.145000, 9940
0.146000, 9939
0.146000, 9938
0.147000, 9937
0.147000, 9936
0.147000, 9935
0.148000, 9934
0.149000, 9933
0.150000, 9932
0.150000, 9931
0.151000, 9930
0.152000, 9929
0.152000, 9928
0.153000, 9927
0.153000, 9926
0.154000, 9925
0.154000, 9924
0.154000, 9923
0.155000, 9922
0.155000, 9921
0.156000, 9920
0.157000, 9919
0.157000, 9918
0.157000, 9917
0.158000, 9916
0.158000, 9915
0.159000, 9914
0.160000, 9913
0.160000, 9912
0.160000, 9911
0.162000, 9910
0.162000, 9909
0.163000, 9908
0.163000, 9907
0.163000, 9906
0.164000, 9905
0.164000, 9904
0.166000, 9903
0.166000, 9902
0.167000, 9901
0.167000, 9900
0.168000, 9899
0.168000, 9898
0.168000, 9897
0.168000, 9896
0.169000, 9895
0.169000, 9894
0.170000, 9893
0.170000, 9892
0.170000, 9891
0.171000, 9890
0.172000, 9889
0.172000, 9888
0.173000, 9887
0.173000, 9886
0.174000, 9885
0.175000, 9884
0.175000, 9883
0.175000, 9882
0.176000, 9881
0.176000, 9880
0.177000, 9879
0.177000, 9878
0.178000, 9877
0.178000, 9876
0.178000, 9875
0.179000, 9874
0.179000, 9873
0.179000, 9872
0.180000, 9871
0.181000, 9870
0.181000, 9869
0.182000, 9868
0.183000, 9867
0.184000, 9866
0.185000, 9865
0.185000, 9864
0.186000, 9863
0.187000, 9862
0.187000, 9861
0.187000, 9860
0.188000, 9859
0.189000, 9858
0.189000, 9857
0.190000, 9856
0.190000, 9855
0.190000, 9854
0.191000, 9853
0.192000, 9852
0.193000, 9851
0.193000, 9850
0.193000, 9849
0.193000, 9848
0.194000, 9847
0.194000, 9846
0.195000, 9845
0.196000, 9844
0.196000, 9843
0.197000, 9842
0.197000, 9841
0.198000, 9840
0.199000, 9839
0.199000, 9838
0.199000, 9837
0.199000, 9836
0.200000, 9835
0.200000, 9834
0.201000, 9833
0.201000, 9832
0.202000, 9831
0.202000, 9830
0.203000, 9829
0.204000, 9828
0.204000, 9827
0.204000, 9826
0.205000, 9825
0.205000, 9824
0.206000, 9823
0.206000, 9822
0.206000, 9821
0.207000, 9820
0.207000, 9819
0.208000, 9818
0.208000, 9817
0.209000, 9816
0.209000, 9815
0.210000, 9814
0.210000, 9813
0.210000, 9812
0.211000, 9811
0.211000, 9810
0.211000, 9809
0.212000, 9808
0.213000, 9807
0.213000, 9806
0.214000, 9805
0.214000, 9804
0.216000, 9803
0.217000, 9802
0.217000, 9801
0.218000, 9800
0.218000, 9799
0.219000, 9798
0.219000, 9797
0.219000, 9796
0.221000, 9795
0.221000, 9794
0.222000, 9793
0.222000, 9792
0.222000, 9791
0.224000, 9790
0.224000, 9789
0.225000, 9788
0.226000, 9787
0.226000, 9786
0.227000, 9785
0.227000, 9784
0.227000, 9783
0.228000, 9782
0.228000, 9781
0.228000, 9780
0.229000, 9779
0.229000, 9778
0.230000, 9777
0.230000, 9776
0.231000, 9775
0.232000, 9774
0.232000, 9773
0.233000, 9772
0.234000, 9771
0.234000, 9770
0.235000, 9769
0.236000, 9768
0.237000, 9767
0.237000, 9766
0.237000, 9765
0.238000, 9764
0.239000, 9763
0.240000, 9762
0.240000, 9761
0.241000, 9760
0.241000, 9759
0.241000, 9758
0.242000, 9757
0.243000, 9756
0.244000, 9755
0.244000, 9754
0.244000, 9753
0.245000, 9752
0.246000, 9751
0.246000, 9750
0.247000, 9749
0.248000, 9748
0.248000, 9747
0.249000, 9746
0.249000, 9745
0.250000, 9744
0.250000, 9743
0.251000, 9742
0.251000, 9741
0.252000, 9740
0.253000, 9739
0.254000, 9738
0.254000, 9737
0.255000, 9736
0.256000, 9735
0.257000, 9734
0.258000, 9733
0.259000, 9732
0.259000, 9731
0.259000, 9730
0.260000, 9729
0.260000, 9728
0.261000, 9727
0.262000, 9726
0.262000, 9725
0.262000, 9724
0.263000, 9723
0.264000, 9722
0.264000, 9721
0.264000, 9720
0.265000, 9719
0.266000, 9718
0.266000, 9717
0.267000, 9716
0.267000, 9715
0.268000, 9714
0.268000, 9713
0.269000, 9712
0.269000, 9711
0.269000, 9710
0.270000, 9709
0.270000, 9708
0.271000, 9707
0.271000, 9706
0.272000, 9705
0.272000, 9704
0.272000, 9703
0.273000, 9702
0.273000, 9701
0.274000, 9700
0.274000, 9699
0.275000, 9698
0.277000, 9697
0.278000, 9696
0.278000, 9695
0.279000, 9694
0.279000, 9693
0.280000, 9692
0.281000, 9691
0.281000, 9690
0.282000, 9689
0.282000, 9688
0.283000, 9687
0.283000, 9686
0.284000, 9685
0.284000, 9684
0.285000, 9683
0.286000, 9682
0.286000, 9681
0.286000, 9680
0.287000, 9679
0.287000, 9678
0.287000, 9677
0.288000, 9676
0.288000, 9675
0.289000, 9674
0.289000, 9673
0.289000, 9672
0.290000, 9671
0.290000, 9670
0.290000, 9669
0.291000, 9668
0.291000, 9667
0.292000, 9666
0.292000, 9665
0.292000, 9664
0.293000, 9663
0.293000, 9662
0.293000, 9661
0.293000, 9660
0.294000, 9659
0.295000, 9658
0.296000, 9657
0.297000, 9656
0.297000, 9655
0.298000, 9654
0.298000, 9653
0.299000, 9652
0.299000, 9651
0.301000, 9650
0.302000, 9649
0.303000, 9648
0.303000, 9647
0.303000, 9646
0.304000, 9645
0.304000, 9644
0.305000, 9643
0.306000, 9642
0.307000, 9641
0.308000, 9640
0.308000, 9639
0.309000, 9638
0.309000, 9637
0.310000, 9636
0.311000, 9635
0.311000, 9634
0.311000, 9633
0.312000, 9632
0.313000, 9631
0.313000, 9630
0.314000, 9629
0.314000, 9628
0.315000, 9627
0.315000, 9626
0.316000, 9625
0.316000, 9624
0.317000, 9623
0.317000, 9622
0.318000, 9621
0.318000, 9620
0.319000, 9619
0.320000, 9618
0.321000, 9617
0.321000, 9616
0.321000, 9615
0.322000, 9614
0.322000, 9613
0.323000, 9612
0.323000, 9611
0.323000, 9610
0.323000, 9609
0.324000, 9608
0.325000, 9607
0.325000, 9606
0.326000, 9605
0.326000, 9604
0.327000, 9603
0.327000, 9602
0.327000, 9601
0.328000, 9600
0.329000, 9599
0.329000, 9598
0.330000, 9597
0.331000, 9596
0.331000, 9595
0.332000, 9594
0.332000, 9593
0.333000, 9592
0.333000, 9591
0.333000, 9590
0.334000, 9589
0.335000, 9588
0.335000, 9587
0.336000, 9586
0.336000, 9585
0.336000, 9584
0.336000, 9583
0.337000, 9582
0.339000, 9581
0.339000, 9580
0.340000, 9579
0.340000, 9578
0.341000, 9577
0.341000, 9576
0.341000, 9575
0.342000, 9574
0.342000, 9573
0.342000, 9572
0.343000, 9571
0.343000, 9570
0.346000, 9569
0.347000, 9568
0.348000, 9567
0.348000, 9566
0.349000, 9565
0.349000, 9564
0.350000, 9563
0.350000, 9562
0.351000, 9561
0.351000, 9560
0.352000, 9559
0.352000, 9558
0.353000, 9557
0.354000, 9556
0.354000, 9555
0.355000, 9554
0.355000, 9553
0.356000, 9552
0.356000, 9551
0.357000, 9550
0.357000, 9549
0.357000, 9548
0.358000, 9547
0.358000, 9546
0.358000, 9545
0.359000, 9544
0.360000, 9543
0.360000, 9542
0.362000, 9541
0.363000, 9540
0.363000, 9539
0.364000, 9538
0.364000, 9537
0.365000, 9536
0.366000, 9535
0.366000, 9534
0.366000, 9533
0.367000, 9532
0.367000, 9531
0.368000, 9530
0.369000, 9529
0.369000, 9528
0.370000, 9527
0.370000, 9526
0.371000, 9525
0.372000, 9524
0.372000, 9523
0.373000, 9522
0.373000, 9521
0.373000, 9520
0.374000, 9519
0.376000, 9518
0.376000, 9517
0.377000, 9516
0.377000, 9515
0.378000, 9514
0.378000, 9513
0.378000, 9512
0.379000, 9511
0.379000, 9510
0.380000, 9509
0.380000, 9508
0.381000, 9507
0.381000, 9506
0.382000, 9505
0.382000, 9504
0.383000, 9503
0.383000, 9502
0.384000, 9501
0.384000, 9500
0.385000, 9499
0.385000, 9498
0.385000, 9497
0.385000, 9496
0.385000, 9495
0.387000, 9494
0.387000, 9493
0.388000, 9492
0.388000, 9491
0.388000, 9490
0.388000, 9489
0.388000, 9488
0.389000, 9487
0.390000, 9486
0.390000, 9485
0.390000, 9484
0.391000, 9483
0.392000, 9482
0.393000, 9481
0.393000, 9480
0.393000, 9479
0.394000, 9478
0.394000, 9477
0.394000, 9476
0.394000, 9475
0.395000, 9474
0.395000, 9473
0.396000, 9472
0.397000, 9471
0.398000, 9470
0.399000, 9469
0.399000, 9468
0.400000, 9467
0.401000, 9466
0.401000, 9465
0.402000, 9464
0.402000, 9463
0.403000, 9462
0.403000, 9461
0.404000, 9460
0.404000, 9459
0.404000, 9458
0.405000, 9457
0.405000, 9456
0.406000, 9455
0.407000, 9454
0.407000, 9453
0.407000, 9452
0.408000, 9451
0.409000, 9450
0.409000, 9449
0.410000, 9448
0.410000, 9447
0.410000, 9446
0.411000, 9445
0.411000, 9444
0.412000, 9443
0.412000, 9442
0.413000, 9441
0.413000, 9440
0.415000, 9439
0.415000, 9438
0.416000, 9437
0.416000, 9436
0.416000, 9435
0.417000, 9434
0.417000, 9433
0.418000, 9432
0.418000, 9431
0.419000, 9430
0.419000, 9429
0.419000, 9428
0.420000, 9427
0.421000, 9426
0.422000, 9425
0.422000, 9424
0.422000, 9423
0.423000, 9422
0.423000, 9421
0.424000, 9420
0.424000, 9419
0.425000, 9418
0.425000, 9417
0.426000, 9416
0.426000, 9415
0.426000, 9414
0.427000, 9413
0.427000, 9412
0.428000, 9411
0.428000, 9410
0.428000, 9409
0.429000, 9408
0.429000, 9407
0.431000, 9406
0.431000, 9405
0.431000, 9404
0.432000, 9403
0.433000, 9402
0.434000, 9401
0.435000, 9400
0.435000, 9399
0.437000, 9398
0.438000, 9397
0.439000, 9396
0.439000, 9395
0.439000, 9394
0.440000, 9393
0.442000, 9392
0.443000, 9391
0.443000, 9390
0.444000, 9389
0.444000, 9388
0.445000, 9387
0.445000, 9386
0.446000, 9385
0.446000, 9384
0.446000, 9383
0.447000, 9382
0.448000, 9381
0.449000, 9380
0.450000, 9379
0.451000, 9378
0.451000, 9377
0.452000, 9376
0.453000, 9375
0.453000, 9374
0.454000, 9373
0.455000, 9372
0.455000, 9371
0.456000, 9370
0.456000, 9369
0.457000, 9368
0.457000, 9367
0.458000, 9366
0.458000, 9365
0.458000, 9364
0.459000, 9363
0.459000, 9362
0.460000, 9361
0.461000, 9360
0.461000, 9359
0.462000, 9358
0.463000, 9357
0.464000, 9356
0.465000, 9355
0.466000, 9354
0.466000, 9353
0.466000, 9352
0.466000, 9351
0.467000, 9350
0.467000, 9349
0.469000, 9348
0.469000, 9347
0.470000, 9346
0.472000, 9345
0.472000, 9344
0.473000, 9343
0.473000, 9342
0.474000, 9341
0.475000, 9340
0.475000, 9339
0.476000, 9338
0.476000, 9337
0.476000, 9336
0.476000, 9335
0.478000, 9334
0.478000, 9333
0.479000, 9332
0.479000, 9331
0.480000, 9330
0.480000, 9329
0.480000, 9328
0.481000, 9327
0.482000, 9326
0.483000, 9325
0.484000, 9324
0.486000, 9323
0.486000, 9322
0.489000, 9321
0.492000, 9320
0.492000, 9319
0.493000, 9318
0.494000, 9317
0.496000, 9316
0.496000, 9315
0.497000, 9314
0.497000, 9313
0.500000, 9312
0.501000, 9311
0.502000, 9310
0.503000, 9309
0.504000, 9308
0.505000, 9307
0.506000, 9306
0.506000, 9305
0.506000, 9304
0.507000, 9303
0.510000, 9302
0.510000, 9301
0.512000, 9300
0.512000, 9299
0.512000, 9298
0.513000, 9297
0.513000, 9296
0.514000, 9295
0.514000, 9294
0.515000, 9293
0.516000, 9292
0.518000, 9291
0.518000, 9290
0.519000, 9289
0.519000, 9288
0.520000, 9287
0.520000, 9286
0.522000, 9285
0.523000, 9284
0.524000, 9283
0.525000, 9282
0.526000, 9281
0.527000, 9280
0.529000, 9279
0.530000, 9278
0.530000, 9277
0.531000, 9276
0.532000, 9275
0.532000, 9274
0.533000, 9273
0.533000, 9272
0.534000, 9271
0.535000, 9270
0.537000, 9269
0.539000, 9268
0.539000, 9267
0.539000, 9266
0.540000, 9265
0.541000, 9264
0.542000, 9263
0.543000, 9262
0.543000, 9261
0.544000, 9260
0.544000, 9259
0.546000, 9258
0.547000, 9257
0.548000, 9256
0.549000, 9255
0.549000, 9254
0.550000, 9253
0.550000, 9252
0.550000, 9251
0.551000, 9250
0.552000, 9249
0.552000, 9248
0.552000, 9247
0.553000, 9246
0.554000, 9245
0.560000, 9244
0.560000, 9243
0.560000, 9242
0.560000, 9241
0.561000, 9240
0.561000, 9239
0.562000, 9238
0.563000, 9237
0.563000, 9236
0.564000, 9235
0.564000, 9234
0.564000, 9233
0.565000, 9232
0.565000, 9231
0.566000, 9230
0.566000, 9229
0.567000, 9228
0.567000, 9227
0.567000, 9226
0.568000, 9225
0.568000, 9224
0.568000, 9223
0.569000, 9222
0.569000, 9221
0.569000, 9220
0.570000, 9219
0.570000, 9218
0.570000, 9217
0.570000, 9216
0.571000, 9215
0.571000, 9214
0.572000, 9213
0.572000, 9212
0.574000, 9211
0.574000, 9210
0.574000, 9209
0.575000, 9208
0.575000, 9207
0.576000, 9206
0.576000, 9205
0.577000, 9204
0.577000, 9203
0.578000, 9202
0.579000, 9201
0.580000, 9200
0.580000, 9199
0.581000, 9198
0.581000, 9197
0.581000, 9196
0.582000, 9195
0.583000, 9194
0.585000, 9193
0.586000, 9192
0.587000, 9191
0.588000, 9190
0.588000, 9189
0.589000, 9188
0.589000, 9187
0.590000, 9186
0.590000, 9185
0.591000, 9184
0.592000, 9183
0.592000, 9182
0.593000, 9181
0.593000, 9180
0.593000, 9179
0.594000, 9178
0.594000, 9177
0.594000, 9176
0.595000, 9175
0.595000, 9174
0.596000, 9173
0.597000, 9172
0.597000, 9171
0.597000, 9170
0.598000, 9169
0.598000, 9168
0.598000, 9167
0.599000, 9166
0.599000, 9165
0.600000, 9164
0.601000, 9163
0.601000, 9162
0.602000, 9161
0.602000, 9160
0.602000, 9159
0.602000, 9158
0.603000, 9157
0.603000, 9156
0.603000, 9155
0.604000, 9154
0.604000, 9153
0.605000, 9152
0.605000, 9151
0.605000, 9150
0.606000, 9149
0.606000, 9148
0.606000, 9147
0.606000, 9146
0.607000, 9145
0.607000, 9144
0.607000, 9143
0.607000, 9142
0.608000, 9141
0.608000, 9140
0.608000, 9139
0.609000, 9138
0.610000, 9137
0.610000, 9136
0.610000, 9135
0.610000, 9134
0.611000, 9133
0.611000, 9132
0.612000, 9131
0.613000, 9130
0.614000, 9129
0.614000, 9128
0.615000, 9127
0.615000, 9126
0.616000, 9125
0.616000, 9124
0.616000, 9123
0.617000, 9122
0.617000, 9121
0.617000, 9120
0.617000, 9119
0.618000, 9118
0.618000, 9117
0.618000, 9116
0.619000, 9115
0.619000, 9114
0.619000, 9113
0.619000, 9112
0.620000, 9111
0.620000, 9110
0.620000, 9109
0.620000, 9108
0.621000, 9107
0.621000, 9106
0.622000, 9105
0.623000, 9104
0.623000, 9103
0.624000, 9102
0.624000, 9101
0.624000, 9100
0.625000, 9099
0.625000, 9098
0.627000, 9097
0.627000, 9096
0.627000, 9095
0.628000, 9094
0.628000, 9093
0.628000, 9092
0.629000, 9091
0.630000, 9090
0.630000, 9089
0.631000, 9088
0.631000, 9087
0.631000, 9086
0.632000, 9085
0.632000, 9084
0.632000, 9083
0.632000, 9082
0.632000, 9081
0.633000, 9080
0.634000, 9079
0.634000, 9078
0.634000, 9077
0.635000, 9076
0.636000, 9075
0.636000, 9074
0.637000, 9073
0.637000, 9072
0.638000, 9071
0.638000, 9070
0.639000, 9069
0.639000, 9068
0.640000, 9067
0.641000, 9066
0.641000, 9065
0.642000, 9064
0.642000, 9063
0.642000, 9062
0.643000, 9061
0.643000, 9060
0.643000, 9059
0.644000, 9058
0.644000, 9057
0.645000, 9056
0.645000, 9055
0.646000, 9054
0.646000, 9053
0.647000, 9052
0.647000, 9051
0.647000, 9050
0.648000, 9049
0.648000, 9048
0.649000, 9047
0.649000, 9046
0.650000, 9045
0.651000, 9044
0.651000, 9043
0.652000, 9042
0.652000, 9041
0.653000, 9040
0.653000, 9039
0.654000, 9038
0.654000, 9037
0.654000, 9036
0.655000, 9035
0.655000, 9034
0.656000, 9033
0.656000, 9032
0.657000, 9031
0.658000, 9030
0.659000, 9029
0.659000, 9028
0.661000, 9027
0.662000, 9026
0.662000, 9025
0.662000, 9024
0.663000, 9023
0.663000, 9022
0.664000, 9021
0.665000, 9020
0.666000, 9019
0.667000, 9018
0.667000, 9017
0.667000, 9016
0.668000, 9015
0.669000, 9014
0.669000, 9013
0.669000, 9012
0.670000, 9011
0.670000, 9010
0.672000, 9009
0.672000, 9008
0.672000, 9007
0.673000, 9006
0.674000, 9005
0.675000, 9004
0.676000, 9003
0.676000, 9002
0.678000, 9001
0.680000, 9000
0.680000, 8999
0.681000, 8998
0.681000, 8997
0.682000, 8996
0.682000, 8995
0.683000, 8994
0.683000, 8993
0.683000, 8992
0.683000, 8991
0.684000, 8990
0.685000, 8989
0.685000, 8988
0.685000, 8987
0.686000, 8986
0.686000, 8985
0.686000, 8984
0.686000, 8983
0.686000, 8982
0.687000, 8981
0.687000, 8980
0.687000, 8979
0.688000, 8978
0.689000, 8977
0.689000, 8976
0.689000, 8975
0.689000, 8974
0.690000, 8973
0.690000, 8972
0.691000, 8971
0.691000, 8970
0.692000, 8969
0.692000, 8968
0.693000, 8967
0.693000, 8966
0.693000, 8965
0.693000, 8964
0.695000, 8963
0.695000, 8962
0.695000, 8961
0.696000, 8960
0.696000, 8959
0.696000, 8958
0.696000, 8957
0.697000, 8956
0.697000, 8955
0.697000, 8954
0.698000, 8953
0.699000, 8952
0.699000, 8951
0.700000, 8950
0.700000, 8949
0.702000, 8948
0.702000, 8947
0.703000, 8946
0.703000, 8945
0.704000, 8944
0.705000, 8943
0.705000, 8942
0.706000, 8941
0.706000, 8940
0.706000, 8939
0.707000, 8938
0.707000, 8937
0.707000, 8936
0.708000, 8935
0.708000, 8934
0.709000, 8933
0.709000, 8932
0.710000, 8931
0.711000, 8930
0.711000, 8929
0.712000, 8928
0.712000, 8927
0.713000, 8926
0.714000, 8925
0.715000, 8924
0.716000, 8923
0.717000, 8922
0.717000, 8921
0.718000, 8920
0.718000, 8919
0.718000, 8918
0.719000, 8917
0.719000, 8916
0.719000, 8915
0.720000, 8914
0.721000, 8913
0.722000, 8912
0.722000, 8911
0.723000, 8910
0.724000, 8909
0.724000, 8908
0.724000, 8907
0.725000, 8906
0.725000, 8905
0.725000, 8904
0.726000, 8903
0.726000, 8902
0.726000, 8901
0.727000, 8900
0.727000, 8899
0.727000, 8898
0.728000, 8897
0.728000, 8896
0.728000, 8895
0.728000, 8894
0.728000, 8893
0.729000, 8892
0.729000, 8891
0.729000, 8890
0.730000, 8889
0.731000, 8888
0.731000, 8887
0.731000, 8886
0.732000, 8885
0.732000, 8884
0.733000, 8883
0.733000, 8882
0.734000, 8881
0.735000, 8880
0.735000, 8879
0.735000, 8878
0.736000, 8877
0.738000, 8876
0.738000, 8875
0.738000, 8874
0.739000, 8873
0.739000, 8872
0.739000, 8871
0.739000, 8870
0.740000, 8869
0.740000, 8868
0.741000, 8867
0.741000, 8866
0.742000, 8865
0.742000, 8864
0.742000, 8863
0.742000, 8862
0.743000, 8861
0.743000, 8860
0.743000, 8859
0.744000, 8858
0.745000, 8857
0.745000, 8856
0.746000, 8855
0.746000, 8854
0.746000, 8853
0.746000, 8852
0.747000, 8851
0.747000, 8850
0.748000, 8849
0.748000, 8848
0.749000, 8847
0.749000, 8846
0.749000, 8845
0.750000, 8844
0.750000, 8843
0.751000, 8842
0.751000, 8841
0.752000, 8840
0.753000, 8839
0.753000, 8838
0.753000, 8837
0.754000, 8836
0.755000, 8835
0.755000, 8834
0.755000, 8833
0.756000, 8832
0.756000, 8831
0.756000, 8830
0.756000, 8829
0.757000, 8828
0.757000, 8827
0.757000, 8826
0.758000, 8825
0.758000, 8824
0.759000, 8823
0.760000, 8822
0.760000, 8821
0.760000, 8820
0.761000, 8819
0.762000, 8818
0.762000, 8817
0.762000, 8816
0.763000, 8815
0.764000, 8814
0.765000, 8813
0.765000, 8812
0.765000, 8811
0.765000, 8810
0.766000, 8809
0.766000, 8808
0.766000, 8807
0.767000, 8806
0.767000, 8805
0.768000, 8804
0.770000, 8803
0.771000, 8802
0.771000, 8801
0.772000, 8800
0.773000, 8799
0.773000, 8798
0.774000, 8797
0.776000, 8796
0.777000, 8795
0.778000, 8794
0.778000, 8793
0.779000, 8792
0.780000, 8791
0.780000, 8790
0.781000, 8789
0.781000, 8788
0.781000, 8787
0.782000, 8786
0.782000, 8785
0.782000, 8784
0.782000, 8783
0.783000, 8782
0.784000, 8781
0.785000, 8780
0.785000, 8779
0.786000, 8778
0.786000, 8777
0.786000, 8776
0.786000, 8775
0.787000, 8774
0.787000, 8773
0.787000, 8772
0.789000, 8771
0.789000, 8770
0.789000, 8769
0.789000, 8768
0.790000, 8767
0.790000, 8766
0.791000, 8765
0.791000, 8764
0.792000, 8763
0.792000, 8762
0.793000, 8761
0.794000, 8760
0.794000, 8759
0.795000, 8758
0.795000, 8757
0.795000, 8756
0.796000, 8755
0.797000, 8754
0.798000, 8753
0.799000, 8752
0.799000, 8751
0.802000, 8750
0.802000, 8749
0.803000, 8748
0.803000, 8747
0.804000, 8746
0.805000, 8745
0.806000, 8744
0.806000, 8743
0.807000, 8742
0.807000, 8741
0.807000, 8740
0.808000, 8739
0.809000, 8738
0.810000, 8737
0.810000, 8736
0.810000, 8735
0.811000, 8734
0.811000, 8733
0.813000, 8732
0.813000, 8731
0.814000, 8730
0.814000, 8729
0.815000, 8728
0.815000, 8727
0.816000, 8726
0.816000, 8725
0.816000, 8724
0.817000, 8723
0.818000, 8722
0.818000, 8721
0.819000, 8720
0.820000, 8719
0.820000, 8718
0.821000, 8717
0.821000, 8716
0.822000, 8715
0.822000, 8714
0.823000, 8713
0.823000, 8712
0.824000, 8711
0.824000, 8710
0.824000, 8709
0.825000, 8708
0.825000, 8707
0.826000, 8706
0.827000, 8705
0.827000, 8704
0.828000, 8703
0.828000, 8702
0.828000, 8701
0.828000, 8700
0.830000, 8699
0.830000, 8698
0.830000, 8697
0.831000, 8696
0.832000, 8695
0.833000, 8694
0.833000, 8693
0.833000, 8692
0.833000, 8691
0.834000, 8690
0.834000, 8689
0.834000, 8688
0.835000, 8687
0.835000, 8686
0.835000, 8685
0.836000, 8684
0.837000, 8683
0.838000, 8682
0.839000, 8681
0.839000, 8680
0.840000, 8679
0.840000, 8678
0.840000, 8677
0.841000, 8676
0.841000, 8675
0.842000, 8674
0.842000, 8673
0.842000, 8672
0.844000, 8671
0.844000, 8670
0.845000, 8669
0.845000, 8668
0.846000, 8667
0.846000, 8666
0.847000, 8665
0.847000, 8664
0.847000, 8663
0.848000, 8662
0.848000, 8661
0.848000, 8660
0.850000, 8659
0.852000, 8658
0.852000, 8657
0.853000, 8656
0.853000, 8655
0.854000, 8654
0.855000, 8653
0.856000, 8652
0.856000, 8651
0.857000, 8650
0.857000, 8649
0.858000, 8648
0.858000, 8647
0.858000, 8646
0.859000, 8645
0.859000, 8644
0.859000, 8643
0.860000, 8642
0.860000, 8641
0.860000, 8640
0.861000, 8639
0.861000, 8638
0.861000, 8637
0.862000, 8636
0.863000, 8635
0.863000, 8634
0.864000, 8633
0.866000, 8632
0.867000, 8631
0.868000, 8630
0.869000, 8629
0.869000, 8628
0.869000, 8627
0.870000, 8626
0.871000, 8625
0.871000, 8624
0.871000, 8623
0.872000, 8622
0.873000, 8621
0.873000, 8620
0.873000, 8619
0.874000, 8618
0.874000, 8617
0.874000, 8616
0.876000, 8615
0.876000, 8614
0.876000, 8613
0.877000, 8612
0.883000, 8611
0.883000, 8610
0.883000, 8609
0.884000, 8608
0.885000, 8607
0.886000, 8606
0.887000, 8605
0.887000, 8604
0.888000, 8603
0.888000, 8602
0.891000, 8601
0.892000, 8600
0.892000, 8599
0.892000, 8598
0.893000, 8597
0.894000, 8596
0.896000, 8595
0.898000, 8594
0.898000, 8593
0.899000, 8592
0.900000, 8591
0.901000, 8590
0.902000, 8589
0.903000, 8588
0.903000, 8587
0.904000, 8586
0.904000, 8585
0.905000, 8584
0.906000, 8583
0.906000, 8582
0.907000, 8581
0.908000, 8580
0.908000, 8579
0.908000, 8578
0.908000, 8577
0.909000, 8576
0.912000, 8575
0.913000, 8574
0.914000, 8573
0.914000, 8572
0.914000, 8571
0.915000, 8570
0.915000, 8569
0.917000, 8568
0.917000, 8567
0.918000, 8566
0.919000, 8565
0.920000, 8564
0.921000, 8563
0.921000, 8562
0.921000, 8561
0.923000, 8560
0.923000, 8559
0.923000, 8558
0.924000, 8557
0.924000, 8556
0.925000, 8555
0.925000, 8554
0.926000, 8553
0.927000, 8552
0.928000, 8551
0.929000, 8550
0.929000, 8549
0.930000, 8548
0.930000, 8547
0.930000, 8546
0.931000, 8545
0.931000, 8544
0.932000, 8543
0.932000, 8542
0.933000, 8541
0.933000, 8540
0.934000, 8539
0.934000, 8538
0.935000, 8537
0.936000, 8536
0.936000, 8535
0.937000, 8534
0.938000, 8533
0.939000, 8532
0.939000, 8531
0.939000, 8530
0.939000, 8529
0.940000, 8528
0.941000, 8527
0.942000, 8526
0.942000, 8525
0.942000, 8524
0.943000, 8523
0.943000, 8522
0.944000, 8521
0.945000, 8520
0.945000, 8519
0.945000, 8518
0.946000, 8517
0.946000, 8516
0.947000, 8515
0.947000, 8514
0.948000, 8513
0.948000, 8512
0.948000, 8511
0.949000, 8510
0.950000, 8509
0.950000, 8508
0.952000, 8507
0.953000, 8506
0.953000, 8505
0.956000, 8504
0.956000, 8503
0.957000, 8502
0.957000, 8501
0.957000, 8500
0.958000, 8499
0.958000, 8498
0.961000, 8497
0.961000, 8496
0.962000, 8495
0.963000, 8494
0.964000, 8493
0.966000, 8492
0.967000, 8491
0.967000, 8490
0.967000, 8489
0.967000, 8488
0.968000, 8487
0.969000, 8486
0.969000, 8485
0.970000, 8484
0.971000, 8483
0.972000, 8482
0.972000, 8481
0.972000, 8480
0.974000, 8479
0.974000, 8478
0.975000, 8477
0.976000, 8476
0.976000, 8475
0.976000, 8474
0.978000, 8473
0.978000, 8472
0.978000, 8471
0.978000, 8470
0.979000, 8469
0.979000, 8468
0.979000, 8467
0.980000, 8466
0.981000, 8465
0.982000, 8464
0.982000, 8463
0.983000, 8462
0.983000, 8461
0.984000, 8460
0.984000, 8459
0.985000, 8458
0.986000, 8457
0.987000, 8456
0.989000, 8455
0.989000, 8454
0.989000, 8453
0.990000, 8452
0.990000, 8451
0.993000, 8450
0.994000, 8449
0.994000, 8448
0.994000, 8447
0.994000, 8446
0.995000, 8445
0.996000, 8444
0.996000, 8443
0.998000, 8442
1.002000, 8441
1.003000, 8440
1.004000, 8439
1.004000, 8438
1.005000, 8437
1.005000, 8436
1.006000, 8435
1.006000, 8434
1.008000, 8433
1.009000, 8432
1.009000, 8431
1.010000, 8430
1.013000, 8429
1.013000, 8428
1.013000, 8427
1.014000, 8426
1.015000, 8425
1.016000, 8424
1.016000, 8423
1.016000, 8422
1.017000, 8421
1.018000, 8420
1.019000, 8419
1.021000, 8418
1.023000, 8417
1.023000, 8416
1.024000, 8415
1.025000, 8414
1.027000, 8413
1.028000, 8412
1.029000, 8411
1.029000, 8410
1.029000, 8409
1.030000, 8408
1.032000, 8407
1.033000, 8406
1.034000, 8405
1.034000, 8404
1.034000, 8403
1.035000, 8402
1.035000, 8401
1.036000, 8400
1.036000, 8399
1.037000, 8398
1.037000, 8397
1.037000, 8396
1.038000, 8395
1.038000, 8394
1.038000, 8393
1.039000, 8392
1.039000, 8391
1.040000, 8390
1.041000, 8389
1.041000, 8388
1.041000, 8387
1.041000, 8386
1.044000, 8385
1.045000, 8384
1.046000, 8383
1.047000, 8382
1.047000, 8381
1.048000, 8380
1.049000, 8379
1.050000, 8378
1.050000, 8377
1.051000, 8376
1.051000, 8375
1.052000, 8374
1.052000, 8373
1.053000, 8372
1.054000, 8371
1.054000, 8370
1.054000, 8369
1.055000, 8368
1.055000, 8367
1.056000, 8366
1.056000, 8365
1.057000, 8364
1.057000, 8363
1.060000, 8362
1.060000, 8361
1.061000, 8360
1.062000, 8359
1.063000, 8358
1.064000, 8357
1.065000, 8356
1.065000, 8355
1.065000, 8354
1.067000, 8353
1.068000, 8352
1.068000, 8351
1.069000, 8350
1.070000, 8349
1.070000, 8348
1.071000, 8347
1.071000, 8346
1.072000, 8345
1.075000, 8344
1.075000, 8343
1.076000, 8342
1.078000, 8341
1.078000, 8340
1.079000, 8339
1.079000, 8338
1.080000, 8337
1.080000, 8336
1.080000, 8335
1.082000, 8334
1.083000, 8333
1.083000, 8332
1.084000, 8331
1.084000, 8330
1.086000, 8329
1.087000, 8328
1.088000, 8327
1.088000, 8326
1.089000, 8325
1.091000, 8324
1.092000, 8323
1.092000, 8322
1.094000, 8321
1.094000, 8320
1.094000, 8319
1.095000, 8318
1.096000, 8317
1.096000, 8316
1.102000, 8315
1.102000, 8314
1.102000, 8313
1.102000, 8312
1.103000, 8311
1.103000, 8310
1.103000, 8309
1.104000, 8308
1.105000, 8307
1.106000, 8306
1.107000, 8305
1.108000, 8304
1.109000, 8303
1.110000, 8302
1.111000, 8301
1.112000, 8300
1.113000, 8299
1.115000, 8298
1.115000, 8297
1.116000, 8296
1.117000, 8295
1.117000, 8294
1.118000, 8293
1.118000, 8292
1.119000, 8291
1.119000, 8290
1.121000, 8289
1.123000, 8288
1.123000, 8287
1.124000, 8286
1.124000, 8285
1.125000, 8284
1.125000, 8283
1.125000, 8282
1.126000, 8281
1.126000, 8280
1.129000, 8279
1.129000, 8278
1.130000, 8277
1.132000, 8276
1.133000, 8275
1.133000, 8274
1.134000, 8273
1.134000, 8272
1.135000, 8271
1.136000, 8270
1.136000, 8269
1.136000, 8268
1.138000, 8267
1.138000, 8266
1.139000, 8265
1.141000, 8264
1.141000, 8263
1.142000, 8262
1.142000, 8261
1.143000, 8260
1.143000, 8259
1.144000, 8258
1.146000, 8257
1.146000, 8256
1.147000, 8255
1.148000, 8254
1.149000, 8253
1.149000, 8252
1.150000, 8251
1.151000, 8250
1.151000, 8249
1.151000, 8248
1.152000, 8247
1.153000, 8246
1.154000, 8245
1.156000, 8244
1.158000, 8243
1.159000, 8242
1.159000, 8241
1.161000, 8240
1.162000, 8239
1.168000, 8238
1.169000, 8237
1.171000, 8236
1.171000, 8235
1.172000, 8234
1.174000, 8233
1.174000, 8232
1.174000, 8231
1.175000, 8230
1.176000, 8229
1.176000, 8228
1.177000, 8227
1.178000, 8226
1.179000, 8225
1.180000, 8224
1.181000, 8223
1.181000, 8222
1.181000, 8221
1.181000, 8220
1.182000, 8219
1.183000, 8218
1.183000, 8217
1.184000, 8216
1.184000, 8215
1.184000, 8214
1.184000, 8213
1.185000, 8212
1.186000, 8211
1.187000, 8210
1.189000, 8209
1.189000, 8208
1.189000, 8207
1.190000, 8206
1.192000, 8205
1.193000, 8204
1.194000, 8203
1.195000, 8202
1.196000, 8201
1.198000, 8200
1.198000, 8199
1.199000, 8198
1.201000, 8197
1.202000, 8196
1.203000, 8195
1.203000, 8194
1.204000, 8193
1.205000, 8192
1.205000, 8191
1.207000, 8190
1.208000, 8189
1.209000, 8188
1.211000, 8187
1.212000, 8186
1.212000, 8185
1.213000, 8184
1.214000, 8183
1.215000, 8182
1.216000, 8181
1.218000, 8180
1.219000, 8179
1.219000, 8178
1.220000, 8177
1.222000, 8176
1.222000, 8175
1.222000, 8174
1.223000, 8173
1.225000, 8172
1.226000, 8171
1.227000, 8170
1.227000, 8169
1.228000, 8168
1.229000, 8167
1.229000, 8166
1.230000, 8165
1.230000, 8164
1.230000, 8163
1.231000, 8162
1.231000, 8161
1.232000, 8160
1.233000, 8159
1.235000, 8158
1.235000, 8157
1.236000, 8156
1.237000, 8155
1.240000, 8154
1.240000, 8153
1.241000, 8152
1.241000, 8151
1.242000, 8150
1.244000, 8149
1.245000, 8148
1.247000, 8147
1.248000, 8146
1.250000, 8145
1.251000, 8144
1.251000, 8143
1.253000, 8142
1.254000, 8141
1.254000, 8140
1.259000, 8139
1.259000, 8138
1.261000, 8137
1.262000, 8136
1.263000, 8135
1.264000, 8134
1.264000, 8133
1.268000, 8132
1.268000, 8131
1.270000, 8130
1.270000, 8129
1.271000, 8128
1.272000, 8127
1.272000, 8126
1.272000, 8125
1.272000, 8124
1.273000, 8123
1.274000, 8122
1.275000, 8121
1.276000, 8120
1.276000, 8119
1.277000, 8118
1.277000, 8117
1.278000, 8116
1.279000, 8115
1.280000, 8114
1.280000, 8113
1.285000, 8112
1.287000, 8111
1.287000, 8110
1.288000, 8109
1.290000, 8108
1.291000, 8107
1.292000, 8106
1.293000, 8105
1.294000, 8104
1.294000, 8103
1.295000, 8102
1.295000, 8101
1.298000, 8100
1.298000, 8099
1.299000, 8098
1.301000, 8097
1.302000, 8096
1.302000, 8095
1.303000, 8094
1.303000, 8093
1.306000, 8092
1.306000, 8091
1.306000, 8090
1.307000, 8089
1.310000, 8088
1.310000, 8087
1.311000, 8086
1.311000, 8085
1.311000, 8084
1.312000, 8083
1.313000, 8082
1.314000, 8081
1.316000, 8080
1.317000, 8079
1.317000, 8078
1.318000, 8077
1.319000, 8076
1.319000, 8075
1.321000, 8074
1.322000, 8073
1.323000, 8072
1.324000, 8071
1.324000, 8070
1.326000, 8069
1.331000, 8068
1.331000, 8067
1.333000, 8066
1.336000, 8065
1.336000, 8064
1.336000, 8063
1.338000, 8062
1.340000, 8061
1.341000, 8060
1.341000, 8059
1.342000, 8058
1.344000, 8057
1.345000, 8056
1.345000, 8055
1.345000, 8054
1.347000, 8053
1.349000, 8052
1.351000, 8051
1.352000, 8050
1.354000, 8049
1.354000, 8048
1.355000, 8047
1.355000, 8046
1.355000, 8045
1.358000, 8044
1.359000, 8043
1.361000, 8042
1.361000, 8041
1.363000, 8040
1.364000, 8039
1.365000, 8038
1.367000, 8037
1.367000, 8036
1.368000, 8035
1.370000, 8034
1.371000, 8033
1.373000, 8032
1.373000, 8031
1.375000, 8030
1.375000, 8029
1.375000, 8028
1.377000, 8027
1.378000, 8026
1.378000, 8025
1.378000, 8024
1.379000, 8023
1.380000, 8022
1.380000, 8021
1.380000, 8020
1.381000, 8019
1.382000, 8018
1.389000, 8017
1.391000, 8016
1.392000, 8015
1.398000, 8014
1.398000, 8013
1.400000, 8012
1.400000, 8011
1.400000, 8010
1.401000, 8009
1.402000, 8008
1.403000, 8007
1.404000, 8006
1.404000, 8005
1.407000, 8004
1.407000, 8003
1.407000, 8002
1.410000, 8001
1.411000, 8000
1.413000, 7999
1.416000, 7998
1.416000, 7997
1.417000, 7996
1.419000, 7995
1.420000, 7994
1.420000, 7993
1.421000, 7992
1.422000, 7991
1.422000, 7990
1.422000, 7989
1.423000, 7988
1.423000, 7987
1.429000, 7986
1.430000, 7985
1.431000, 7984
1.434000, 7983
1.436000, 7982
1.437000, 7981
1.439000, 7980
1.439000, 7979
1.441000, 7978
1.441000, 7977
1.441000, 7976
1.445000, 7975
1.449000, 7974
1.450000, 7973
1.450000, 7972
1.451000, 7971
1.452000, 7970
1.455000, 7969
1.455000, 7968
1.456000, 7967
1.459000, 7966
1.460000, 7965
1.460000, 7964
1.460000, 7963
1.473000, 7962
1.475000, 7961
1.476000, 7960
1.476000, 7959
1.477000, 7958
1.481000, 7957
1.482000, 7956
1.482000, 7955
1.482000, 7954
1.484000, 7953
1.485000, 7952
1.487000, 7951
1.489000, 7950
1.490000, 7949
1.490000, 7948
1.491000, 7947
1.492000, 7946
1.494000, 7945
1.495000, 7944
1.499000, 7943
1.499000, 7942
1.502000, 7941
1.503000, 7940
1.506000, 7939
1.511000, 7938
1.511000, 7937
1.514000, 7936
1.521000, 7935
1.521000, 7934
1.524000, 7933
1.526000, 7932
1.526000, 7931
1.527000, 7930
1.527000, 7929
1.531000, 7928
1.535000, 7927
1.536000, 7926
1.538000, 7925
1.541000, 7924
1.555000, 7923
1.557000, 7922
1.561000, 7921
1.562000, 7920
1.562000, 7919
1.563000, 7918
1.568000, 7917
1.568000, 7916
1.570000, 7915
1.570000, 7914
1.571000, 7913
1.574000, 7912
1.574000, 7911
1.574000, 7910
1.577000, 7909
1.579000, 7908
1.582000, 7907
1.590000, 7906
1.594000, 7905
1.595000, 7904
1.597000, 7903
1.598000, 7902
1.598000, 7901
1.599000, 7900
1.604000, 7899
1.607000, 7898
1.610000, 7897
1.614000, 7896
1.614000, 7895
1.618000, 7894
1.618000, 7893
1.619000, 7892
1.623000, 7891
1.625000, 7890
1.625000, 7889
1.631000, 7888
1.634000, 7887
1.634000, 7886
1.637000, 7885
1.637000, 7884
1.638000, 7883
1.638000, 7882
1.641000, 7881
1.642000, 7880
1.643000, 7879
1.648000, 7878
1.649000, 7877
1.651000, 7876
1.655000, 7875
1.657000, 7874
1.661000, 7873
1.668000, 7872
1.669000, 7871
1.670000, 7870
1.670000, 7869
1.677000, 7868
1.677000, 7867
1.681000, 7866
1.682000, 7865
1.683000, 7864
1.687000, 7863
1.688000, 7862
1.689000, 7861
1.693000, 7860
1.693000, 7859
1.694000, 7858
1.698000, 7857
1.699000, 7856
1.699000, 7855
1.702000, 7854
1.702000, 7853
1.703000, 7852
1.704000, 7851
1.704000, 7850
1.705000, 7849
1.707000, 7848
1.707000, 7847
1.711000, 7846
1.712000, 7845
1.717000, 7844
1.717000, 7843
1.717000, 7842
1.719000, 7841
1.722000, 7840
1.724000, 7839
1.725000, 7838
1.726000, 7837
1.727000, 7836
1.729000, 7835
1.733000, 7834
1.736000, 7833
1.745000, 7832
1.746000, 7831
1.756000, 7830
1.756000, 7829
1.759000, 7828
1.761000, 7827
1.762000, 7826
1.764000, 7825
1.764000, 7824
1.765000, 7823
1.766000, 7822
1.768000, 7821
1.775000, 7820
1.778000, 7819
1.782000, 7818
1.788000, 7817
1.792000, 7816
1.794000, 7815
1.798000, 7814
1.802000, 7813
1.802000, 7812
1.806000, 7811
1.810000, 7810
1.811000, 7809
1.812000, 7808
1.815000, 7807
1.815000, 7806
1.817000, 7805
1.819000, 7804
1.820000, 7803
1.827000, 7802
1.829000, 7801
1.836000, 7800
1.836000, 7799
1.837000, 7798
1.839000, 7797
1.843000, 7796
1.843000, 7795
1.850000, 7794
1.851000, 7793
1.854000, 7792
1.855000, 7791
1.863000, 7790
1.865000, 7789
1.869000, 7788
1.876000, 7787
1.882000, 7786
1.882000, 7785
1.888000, 7784
1.896000, 7783
1.896000, 7782
1.897000, 7781
1.903000, 7780
1.904000, 7779
1.904000, 7778
1.904000, 7777
1.905000, 7776
1.907000, 7775
1.917000, 7774
1.921000, 7773
1.922000, 7772
1.923000, 7771
1.924000, 7770
1.939000, 7769
1.941000, 7768
1.942000, 7767
1.944000, 7766
1.946000, 7765
1.947000, 7764
1.948000, 7763
1.958000, 7762
1.959000, 7761
1.968000, 7760
1.969000, 7759
1.972000, 7758
1.973000, 7757
1.974000, 7756
1.975000, 7755
1.976000, 7754
1.978000, 7753
1.979000, 7752
1.983000, 7751
1.988000, 7750
1.990000, 7749
1.995000, 7748
1.997000, 7747
1.998000, 7746
2.002000, 7745
2.008000, 7744
2.011000, 7743
2.013000, 7742
2.017000, 7741
2.019000, 7740
2.026000, 7739
2.030000, 7738
2.031000, 7737
2.035000, 7736
2.037000, 7735
2.038000, 7734
2.040000, 7733
2.042000, 7732
2.047000, 7731
2.049000, 7730
2.054000, 7729
2.061000, 7728
2.062000, 7727
2.062000, 7726
2.067000, 7725
2.074000, 7724
2.075000, 7723
2.076000, 7722
2.077000, 7721
2.082000, 7720
2.083000, 7719
2.094000, 7718
2.103000, 7717
2.104000, 7716
2.109000, 7715
2.111000, 7714
2.112000, 7713
2.116000, 7712
2.118000, 7711
2.129000, 7710
2.132000, 7709
2.133000, 7708
2.139000, 7707
2.143000, 7706
2.148000, 7705
2.152000, 7704
2.157000, 7703
2.172000, 7702
2.172000, 7701
2.189000, 7700
2.192000, 7699
2.192000, 7698
2.196000, 7697
2.197000, 7696
2.198000, 7695
2.202000, 7694
2.203000, 7693
2.206000, 7692
2.209000, 7691
2.211000, 7690
2.231000, 7689
2.247000, 7688
2.253000, 7687
2.254000, 7686
2.258000, 7685
2.264000, 7684
2.278000, 7683
2.293000, 7682
2.301000, 7681
2.304000, 7680
2.316000, 7679
2.320000, 7678
2.336000, 7677
2.342000, 7676
2.343000, 7675
2.352000, 7674
2.355000, 7673
2.358000, 7672
2.358000, 7671
2.367000, 7670
2.385000, 7669
2.412000, 7668
2.417000, 7667
2.418000, 7666
2.418000, 7665
2.428000, 7664
2.434000, 7663
2.434000, 7662
2.452000, 7661
2.453000, 7660
2.454000, 7659
2.459000, 7658
2.466000, 7657
2.474000, 7656
2.481000, 7655
2.492000, 7654
2.495000, 7653
2.499000, 7652
2.501000, 7651
2.509000, 7650
2.531000, 7649
2.533000, 7648
2.535000, 7647
2.540000, 7646
2.554000, 7645
2.565000, 7644
2.584000, 7643
2.584000, 7642
2.587000, 7641
2.594000, 7640
2.601000, 7639
2.612000, 7638
2.615000, 7637
2.624000, 7636
2.625000, 7635
2.668000, 7634
2.675000, 7633
2.679000, 7632
2.684000, 7631
2.694000, 7630
2.695000, 7629
2.706000, 7628
2.718000, 7627
2.724000, 7626
2.732000, 7625
2.750000, 7624
2.750000, 7623
2.767000, 7622
2.767000, 7621
2.769000, 7620
2.778000, 7619
2.788000, 7618
2.793000, 7617
2.812000, 7616
2.818000, 7615
2.818000, 7614
2.821000, 7613
2.878000, 7612
2.899000, 7611
2.944000, 7610
2.974000, 7609
2.990000, 7608
3.017000, 7607
3.053000, 7606
3.055000, 7605
3.058000, 7604
3.060000, 7603
3.104000, 7602
3.114000, 7601
3.139000, 7600
3.169000, 7599
3.192000, 7598
3.230000, 7597
3.367000, 7596
3.426000, 7595
3.456000, 7594
3.485000, 7593
3.553000, 7592
3.737000, 7591
3.801000, 7590
3.805000, 7589
3.898000, 7588
4.001000, 7587
4.591000, 7586
4.653000, 7585
4.660000, 7584
4.829000, 7583
