0.012000, 10197
0.017000, 10196
0.018000, 10195
0.019000, 10194
0.020000, 10193
0.021000, 10192
0.021000, 10191
0.022000, 10190
0.022000, 10189
0.023000, 10188
0.024000, 10187
0.025000, 10186
0.026000, 10185
0.026000, 10184
0.026000, 10183
0.027000, 10182
0.027000, 10181
0.028000, 10180
0.029000, 10179
0.030000, 10178
0.030000, 10177
0.030000, 10176
0.031000, 10175
0.031000, 10174
0.034000, 10173
0.035000, 10172
0.035000, 10171
0.036000, 10170
0.036000, 10169
0.037000, 10168
0.038000, 10167
0.038000, 10166
0.039000, 10165
0.039000, 10164
0.039000, 10163
0.040000, 10162
0.041000, 10161
0.041000, 10160
0.042000, 10159
0.043000, 10158
0.044000, 10157
0.045000, 10156
0.045000, 10155
0.045000, 10154
0.046000, 10153
0.046000, 10152
0.046000, 10151
0.047000, 10150
0.047000, 10149
0.047000, 10148
0.047000, 10147
0.048000, 10146
0.048000, 10145
0.048000, 10144
0.049000, 10143
0.050000, 10142
0.051000, 10141
0.052000, 10140
0.052000, 10139
0.052000, 10138
0.052000, 10137
0.053000, 10136
0.053000, 10135
0.054000, 10134
0.054000, 10133
0.055000, 10132
0.055000, 10131
0.056000, 10130
0.056000, 10129
0.056000, 10128
0.057000, 10127
0.059000, 10126
0.059000, 10125
0.060000, 10124
0.061000, 10123
0.061000, 10122
0.062000, 10121
0.062000, 10120
0.063000, 10119
0.064000, 10118
0.064000, 10117
0.065000, 10116
0.065000, 10115
0.066000, 10114
0.067000, 10113
0.067000, 10112
0.069000, 10111
0.070000, 10110
0.070000, 10109
0.071000, 10108
0.071000, 10107
0.072000, 10106
0.072000, 10105
0.073000, 10104
0.075000, 10103
0.075000, 10102
0.075000, 10101
0.076000, 10100
0.076000, 10099
0.077000, 10098
0.077000, 10097
0.079000, 10096
0.080000, 10095
0.080000, 10094
0.081000, 10093
0.081000, 10092
0.082000, 10091
0.083000, 10090
0.083000, 10089
0.083000, 10088
0.083000, 10087
0.084000, 10086
0.085000, 10085
0.085000, 10084
0.085000, 10083
0.086000, 10082
0.086000, 10081
0.087000, 10080
0.088000, 10079
0.088000, 10078
0.088000, 10077
0.089000, 10076
0.089000, 10075
0.090000, 10074
0.090000, 10073
0.091000, 10072
0.092000, 10071
0.092000, 10070
0.092000, 10069
0.093000, 10068
0.093000, 10067
0.094000, 10066
0.094000, 10065
0.095000, 10064
0.096000, 10063
0.097000, 10062
0.097000, 10061
0.098000, 10060
0.098000, 10059
0.098000, 10058
0.099000, 10057
0.099000, 10056
0.099000, 10055
0.100000, 10054
0.100000, 10053
0.100000, 10052
0.101000, 10051
0.102000, 10050
0.102000, 10049
0.102000, 10048
0.103000, 10047
0.103000, 10046
0.103000, 10045
0.104000, 10044
0.104000, 10043
0.104000, 10042
0.105000, 10041
0.105000, 10040
0.105000, 10039
0.106000, 10038
0.106000, 10037
0.107000, 10036
0.107000, 10035
0.108000, 10034
0.109000, 10033
0.109000, 10032
0.110000, 10031
0.110000, 10030
0.110000, 10029
0.111000, 10028
0.111000, 10027
0.112000, 10026
0.112000, 10025
0.113000, 10024
0.113000, 10023
0.113000, 10022
0.114000, 10021
0.114000, 10020
0.114000, 10019
0.115000, 10018
0.116000, 10017
0.116000, 10016
0.117000, 10015
0.117000, 10014
0.118000, 10013
0.118000, 10012
0.118000, 10011
0.119000, 10010
0.119000, 10009
0.120000, 10008
0.120000, 10007
0.121000, 10006
0.122000, 10005
0.122000, 10004
0.123000, 10003
0.123000, 10002
0.123000, 10001
0.124000, 10000
0.124000, 9999
0.124000, 9998
0.125000, 9997
0.125000, 9996
0.125000, 9995
0.125000, 9994
0.126000, 9993
0.127000, 9992
0.127000, 9991
0.127000, 9990
0.128000, 9989
0.128000, 9988
0.128000, 9987
0.129000, 9986
0.129000, 9985
0.129000, 9984
0.129000, 9983
0.130000, 9982
0.130000, 9981
0.131000, 9980
0.131000, 9979
0.132000, 9978
0.132000, 9977
0.132000, 9976
0.133000, 9975
0.133000, 9974
0.135000, 9973
0.135000, 9972
0.136000, 9971
0.137000, 9970
0.138000, 9969
0.138000, 9968
0.139000, 9967
0.139000, 9966
0.140000, 9965
0.140000, 9964
0.141000, 9963
0.142000, 9962
0.142000, 9961
0.142000, 9960
0.143000, 9959
0.144000, 9958
0.144000, 9957
0.145000, 9956
0.145000, 9955
0.146000, 9954
0.146000, 9953
0.147000, 9952
0.147000, 9951
0.147000, 9950
0.147000, 9949
0.148000, 9948
0.149000, 9947
0.149000, 9946
0.150000, 9945
0.150000, 9944
0.151000, 9943
0.151000, 9942
0.152000, 9941
0.152000, 9940
0.152000, 9939
0.153000, 9938
0.153000, 9937
0.156000, 9936
0.157000, 9935
0.157000, 9934
0.157000, 9933
0.158000, 9932
0.158000, 9931
0.159000, 9930
0.160000, 9929
0.161000, 9928
0.161000, 9927
0.161000, 9926
0.162000, 9925
0.162000, 9924
0.162000, 9923
0.163000, 9922
0.164000, 9921
0.164000, 9920
0.164000, 9919
0.165000, 9918
0.166000, 9917
0.167000, 9916
0.168000, 9915
0.168000, 9914
0.169000, 9913
0.170000, 9912
0.170000, 9911
0.171000, 9910
0.171000, 9909
0.172000, 9908
0.172000, 9907
0.173000, 9906
0.173000, 9905
0.174000, 9904
0.174000, 9903
0.174000, 9902
0.175000, 9901
0.175000, 9900
0.176000, 9899
0.176000, 9898
0.176000, 9897
0.177000, 9896
0.177000, 9895
0.177000, 9894
0.178000, 9893
0.178000, 9892
0.178000, 9891
0.179000, 9890
0.179000, 9889
0.180000, 9888
0.181000, 9887
0.182000, 9886
0.182000, 9885
0.183000, 9884
0.183000, 9883
0.184000, 9882
0.184000, 9881
0.185000, 9880
0.185000, 9879
0.185000, 9878
0.186000, 9877
0.186000, 9876
0.187000, 9875
0.187000, 9874
0.188000, 9873
0.188000, 9872
0.188000, 9871
0.188000, 9870
0.189000, 9869
0.189000, 9868
0.189000, 9867
0.190000, 9866
0.190000, 9865
0.191000, 9864
0.191000, 9863
0.191000, 9862
0.192000, 9861
0.193000, 9860
0.194000, 9859
0.194000, 9858
0.194000, 9857
0.195000, 9856
0.195000, 9855
0.196000, 9854
0.196000, 9853
0.197000, 9852
0.197000, 9851
0.197000, 9850
0.198000, 9849
0.199000, 9848
0.199000, 9847
0.200000, 9846
0.200000, 9845
0.200000, 9844
0.201000, 9843
0.201000, 9842
0.202000, 9841
0.203000, 9840
0.203000, 9839
0.204000, 9838
0.205000, 9837
0.205000, 9836
0.206000, 9835
0.206000, 9834
0.207000, 9833
0.207000, 9832
0.208000, 9831
0.208000, 9830
0.208000, 9829
0.208000, 9828
0.209000, 9827
0.209000, 9826
0.210000, 9825
0.210000, 9824
0.211000, 9823
0.212000, 9822
0.213000, 9821
0.214000, 9820
0.215000, 9819
0.215000, 9818
0.215000, 9817
0.216000, 9816
0.216000, 9815
0.218000, 9814
0.219000, 9813
0.219000, 9812
0.220000, 9811
0.220000, 9810
0.221000, 9809
0.222000, 9808
0.222000, 9807
0.222000, 9806
0.223000, 9805
0.224000, 9804
0.224000, 9803
0.225000, 9802
0.225000, 9801
0.226000, 9800
0.226000, 9799
0.227000, 9798
0.227000, 9797
0.227000, 9796
0.227000, 9795
0.227000, 9794
0.229000, 9793
0.229000, 9792
0.230000, 9791
0.230000, 9790
0.230000, 9789
0.231000, 9788
0.231000, 9787
0.232000, 9786
0.232000, 9785
0.233000, 9784
0.234000, 9783
0.234000, 9782
0.234000, 9781
0.234000, 9780
0.235000, 9779
0.235000, 9778
0.235000, 9777
0.236000, 9776
0.237000, 9775
0.237000, 9774
0.238000, 9773
0.239000, 9772
0.240000, 9771
0.240000, 9770
0.241000, 9769
0.241000, 9768
0.241000, 9767
0.242000, 9766
0.242000, 9765
0.242000, 9764
0.242000, 9763
0.243000, 9762
0.243000, 9761
0.244000, 9760
0.244000, 9759
0.244000, 9758
0.244000, 9757
0.245000, 9756
0.245000, 9755
0.245000, 9754
0.246000, 9753
0.247000, 9752
0.248000, 9751
0.248000, 9750
0.249000, 9749
0.249000, 9748
0.250000, 9747
0.250000, 9746
0.251000, 9745
0.251000, 9744
0.252000, 9743
0.252000, 9742
0.253000, 9741
0.253000, 9740
0.254000, 9739
0.254000, 9738
0.255000, 9737
0.256000, 9736
0.256000, 9735
0.257000, 9734
0.258000, 9733
0.258000, 9732
0.259000, 9731
0.260000, 9730
0.260000, 9729
0.260000, 9728
0.261000, 9727
0.262000, 9726
0.263000, 9725
0.263000, 9724
0.264000, 9723
0.264000, 9722
0.265000, 9721
0.265000, 9720
0.266000, 9719
0.267000, 9718
0.268000, 9717
0.269000, 9716
0.269000, 9715
0.269000, 9714
0.270000, 9713
0.270000, 9712
0.271000, 9711
0.271000, 9710
0.271000, 9709
0.274000, 9708
0.274000, 9707
0.275000, 9706
0.276000, 9705
0.276000, 9704
0.277000, 9703
0.277000, 9702
0.278000, 9701
0.278000, 9700
0.278000, 9699
0.279000, 9698
0.279000, 9697
0.280000, 9696
0.280000, 9695
0.280000, 9694
0.281000, 9693
0.282000, 9692
0.283000, 9691
0.283000, 9690
0.283000, 9689
0.284000, 9688
0.284000, 9687
0.285000, 9686
0.286000, 9685
0.286000, 9684
0.287000, 9683
0.287000, 9682
0.288000, 9681
0.289000, 9680
0.290000, 9679
0.290000, 9678
0.291000, 9677
0.291000, 9676
0.293000, 9675
0.293000, 9674
0.293000, 9673
0.294000, 9672
0.294000, 9671
0.295000, 9670
0.296000, 9669
0.296000, 9668
0.296000, 9667
0.297000, 9666
0.297000, 9665
0.297000, 9664
0.298000, 9663
0.299000, 9662
0.299000, 9661
0.300000, 9660
0.300000, 9659
0.300000, 9658
0.300000, 9657
0.301000, 9656
0.301000, 9655
0.302000, 9654
0.302000, 9653
0.303000, 9652
0.303000, 9651
0.303000, 9650
0.304000, 9649
0.305000, 9648
0.306000, 9647
0.306000, 9646
0.307000, 9645
0.307000, 9644
0.308000, 9643
0.310000, 9642
0.310000, 9641
0.311000, 9640
0.311000, 9639
0.312000, 9638
0.313000, 9637
0.314000, 9636
0.314000, 9635
0.315000, 9634
0.315000, 9633
0.316000, 9632
0.317000, 9631
0.317000, 9630
0.318000, 9629
0.319000, 9628
0.319000, 9627
0.320000, 9626
0.320000, 9625
0.321000, 9624
0.321000, 9623
0.322000, 9622
0.324000, 9621
0.324000, 9620
0.325000, 9619
0.326000, 9618
0.327000, 9617
0.327000, 9616
0.327000, 9615
0.329000, 9614
0.329000, 9613
0.331000, 9612
0.331000, 9611
0.331000, 9610
0.332000, 9609
0.332000, 9608
0.333000, 9607
0.333000, 9606
0.334000, 9605
0.334000, 9604
0.335000, 9603
0.336000, 9602
0.336000, 9601
0.337000, 9600
0.337000, 9599
0.337000, 9598
0.338000, 9597
0.339000, 9596
0.340000, 9595
0.341000, 9594
0.341000, 9593
0.341000, 9592
0.342000, 9591
0.343000, 9590
0.343000, 9589
0.343000, 9588
0.344000, 9587
0.344000, 9586
0.345000, 9585
0.346000, 9584
0.347000, 9583
0.347000, 9582
0.347000, 9581
0.349000, 9580
0.349000, 9579
0.349000, 9578
0.350000, 9577
0.350000, 9576
0.350000, 9575
0.351000, 9574
0.351000, 9573
0.352000, 9572
0.352000, 9571
0.353000, 9570
0.354000, 9569
0.354000, 9568
0.355000, 9567
0.355000, 9566
0.356000, 9565
0.356000, 9564
0.356000, 9563
0.357000, 9562
0.358000, 9561
0.358000, 9560
0.359000, 9559
0.359000, 9558
0.360000, 9557
0.361000, 9556
0.362000, 9555
0.363000, 9554
0.363000, 9553
0.364000, 9552
0.365000, 9551
0.365000, 9550
0.365000, 9549
0.367000, 9548
0.367000, 9547
0.368000, 9546
0.368000, 9545
0.369000, 9544
0.370000, 9543
0.371000, 9542
0.371000, 9541
0.372000, 9540
0.372000, 9539
0.373000, 9538
0.373000, 9537
0.374000, 9536
0.374000, 9535
0.374000, 9534
0.375000, 9533
0.375000, 9532
0.376000, 9531
0.377000, 9530
0.377000, 9529
0.377000, 9528
0.378000, 9527
0.378000, 9526
0.379000, 9525
0.379000, 9524
0.380000, 9523
0.381000, 9522
0.381000, 9521
0.382000, 9520
0.382000, 9519
0.383000, 9518
0.383000, 9517
0.383000, 9516
0.384000, 9515
0.385000, 9514
0.386000, 9513
0.387000, 9512
0.387000, 9511
0.388000, 9510
0.389000, 9509
0.389000, 9508
0.390000, 9507
0.390000, 9506
0.390000, 9505
0.391000, 9504
0.392000, 9503
0.392000, 9502
0.393000, 9501
0.394000, 9500
0.395000, 9499
0.396000, 9498
0.397000, 9497
0.397000, 9496
0.397000, 9495
0.399000, 9494
0.399000, 9493
0.400000, 9492
0.401000, 9491
0.401000, 9490
0.402000, 9489
0.402000, 9488
0.403000, 9487
0.403000, 9486
0.403000, 9485
0.404000, 9484
0.404000, 9483
0.404000, 9482
0.405000, 9481
0.406000, 9480
0.406000, 9479
0.407000, 9478
0.408000, 9477
0.408000, 9476
0.409000, 9475
0.409000, 9474
0.410000, 9473
0.410000, 9472
0.411000, 9471
0.411000, 9470
0.412000, 9469
0.412000, 9468
0.413000, 9467
0.413000, 9466
0.414000, 9465
0.415000, 9464
0.416000, 9463
0.417000, 9462
0.417000, 9461
0.418000, 9460
0.420000, 9459
0.420000, 9458
0.420000, 9457
0.421000, 9456
0.421000, 9455
0.422000, 9454
0.422000, 9453
0.422000, 9452
0.423000, 9451
0.423000, 9450
0.424000, 9449
0.424000, 9448
0.425000, 9447
0.425000, 9446
0.425000, 9445
0.426000, 9444
0.426000, 9443
0.427000, 9442
0.427000, 9441
0.427000, 9440
0.428000, 9439
0.428000, 9438
0.429000, 9437
0.429000, 9436
0.430000, 9435
0.430000, 9434
0.430000, 9433
0.431000, 9432
0.431000, 9431
0.432000, 9430
0.432000, 9429
0.433000, 9428
0.433000, 9427
0.434000, 9426
0.434000, 9425
0.435000, 9424
0.435000, 9423
0.436000, 9422
0.436000, 9421
0.436000, 9420
0.437000, 9419
0.437000, 9418
0.437000, 9417
0.438000, 9416
0.439000, 9415
0.439000, 9414
0.439000, 9413
0.440000, 9412
0.441000, 9411
0.441000, 9410
0.441000, 9409
0.441000, 9408
0.442000, 9407
0.443000, 9406
0.444000, 9405
0.444000, 9404
0.446000, 9403
0.446000, 9402
0.447000, 9401
0.447000, 9400
0.449000, 9399
0.450000, 9398
0.450000, 9397
0.451000, 9396
0.451000, 9395
0.451000, 9394
0.452000, 9393
0.452000, 9392
0.453000, 9391
0.453000, 9390
0.453000, 9389
0.454000, 9388
0.455000, 9387
0.455000, 9386
0.456000, 9385
0.456000, 9384
0.457000, 9383
0.457000, 9382
0.459000, 9381
0.460000, 9380
0.461000, 9379
0.461000, 9378
0.462000, 9377
0.462000, 9376
0.463000, 9375
0.463000, 9374
0.464000, 9373
0.464000, 9372
0.465000, 9371
0.465000, 9370
0.466000, 9369
0.467000, 9368
0.467000, 9367
0.467000, 9366
0.468000, 9365
0.468000, 9364
0.468000, 9363
0.469000, 9362
0.469000, 9361
0.471000, 9360
0.472000, 9359
0.472000, 9358
0.472000, 9357
0.473000, 9356
0.473000, 9355
0.473000, 9354
0.474000, 9353
0.474000, 9352
0.475000, 9351
0.475000, 9350
0.476000, 9349
0.476000, 9348
0.478000, 9347
0.479000, 9346
0.479000, 9345
0.480000, 9344
0.480000, 9343
0.481000, 9342
0.482000, 9341
0.483000, 9340
0.484000, 9339
0.484000, 9338
0.485000, 9337
0.485000, 9336
0.486000, 9335
0.487000, 9334
0.488000, 9333
0.488000, 9332
0.488000, 9331
0.489000, 9330
0.489000, 9329
0.492000, 9328
0.492000, 9327
0.493000, 9326
0.495000, 9325
0.496000, 9324
0.496000, 9323
0.497000, 9322
0.497000, 9321
0.498000, 9320
0.499000, 9319
0.499000, 9318
0.500000, 9317
0.500000, 9316
0.501000, 9315
0.502000, 9314
0.503000, 9313
0.504000, 9312
0.504000, 9311
0.505000, 9310
0.506000, 9309
0.507000, 9308
0.507000, 9307
0.508000, 9306
0.508000, 9305
0.509000, 9304
0.509000, 9303
0.509000, 9302
0.509000, 9301
0.510000, 9300
0.511000, 9299
0.511000, 9298
0.511000, 9297
0.513000, 9296
0.513000, 9295
0.515000, 9294
0.516000, 9293
0.517000, 9292
0.517000, 9291
0.518000, 9290
0.518000, 9289
0.520000, 9288
0.521000, 9287
0.521000, 9286
0.522000, 9285
0.522000, 9284
0.522000, 9283
0.523000, 9282
0.523000, 9281
0.524000, 9280
0.524000, 9279
0.525000, 9278
0.525000, 9277
0.525000, 9276
0.525000, 9275
0.526000, 9274
0.526000, 9273
0.526000, 9272
0.528000, 9271
0.529000, 9270
0.529000, 9269
0.530000, 9268
0.531000, 9267
0.532000, 9266
0.532000, 9265
0.533000, 9264
0.534000, 9263
0.534000, 9262
0.535000, 9261
0.535000, 9260
0.536000, 9259
0.536000, 9258
0.537000, 9257
0.538000, 9256
0.538000, 9255
0.539000, 9254
0.539000, 9253
0.539000, 9252
0.540000, 9251
0.541000, 9250
0.542000, 9249
0.542000, 9248
0.543000, 9247
0.543000, 9246
0.544000, 9245
0.545000, 9244
0.545000, 9243
0.546000, 9242
0.546000, 9241
0.547000, 9240
0.547000, 9239
0.548000, 9238
0.548000, 9237
0.548000, 9236
0.549000, 9235
0.549000, 9234
0.550000, 9233
0.550000, 9232
0.551000, 9231
0.551000, 9230
0.552000, 9229
0.553000, 9228
0.555000, 9227
0.556000, 9226
0.556000, 9225
0.557000, 9224
0.557000, 9223
0.557000, 9222
0.558000, 9221
0.559000, 9220
0.559000, 9219
0.559000, 9218
0.560000, 9217
0.560000, 9216
0.566000, 9215
0.566000, 9214
0.568000, 9213
0.568000, 9212
0.568000, 9211
0.569000, 9210
0.569000, 9209
0.569000, 9208
0.570000, 9207
0.570000, 9206
0.571000, 9205
0.571000, 9204
0.572000, 9203
0.572000, 9202
0.573000, 9201
0.573000, 9200
0.574000, 9199
0.575000, 9198
0.575000, 9197
0.576000, 9196
0.576000, 9195
0.577000, 9194
0.577000, 9193
0.577000, 9192
0.577000, 9191
0.577000, 9190
0.578000, 9189
0.578000, 9188
0.578000, 9187
0.579000, 9186
0.580000, 9185
0.580000, 9184
0.580000, 9183
0.581000, 9182
0.582000, 9181
0.582000, 9180
0.582000, 9179
0.582000, 9178
0.583000, 9177
0.583000, 9176
0.583000, 9175
0.584000, 9174
0.584000, 9173
0.585000, 9172
0.585000, 9171
0.585000, 9170
0.586000, 9169
0.587000, 9168
0.588000, 9167
0.588000, 9166
0.588000, 9165
0.589000, 9164
0.589000, 9163
0.590000, 9162
0.590000, 9161
0.590000, 9160
0.591000, 9159
0.591000, 9158
0.592000, 9157
0.592000, 9156
0.593000, 9155
0.593000, 9154
0.593000, 9153
0.594000, 9152
0.594000, 9151
0.594000, 9150
0.594000, 9149
0.595000, 9148
0.595000, 9147
0.595000, 9146
0.595000, 9145
0.596000, 9144
0.597000, 9143
0.597000, 9142
0.598000, 9141
0.598000, 9140
0.599000, 9139
0.599000, 9138
0.599000, 9137
0.600000, 9136
0.601000, 9135
0.601000, 9134
0.602000, 9133
0.602000, 9132
0.603000, 9131
0.603000, 9130
0.604000, 9129
0.604000, 9128
0.605000, 9127
0.606000, 9126
0.606000, 9125
0.607000, 9124
0.608000, 9123
0.609000, 9122
0.609000, 9121
0.610000, 9120
0.610000, 9119
0.611000, 9118
0.611000, 9117
0.611000, 9116
0.612000, 9115
0.613000, 9114
0.613000, 9113
0.613000, 9112
0.613000, 9111
0.614000, 9110
0.614000, 9109
0.615000, 9108
0.615000, 9107
0.616000, 9106
0.616000, 9105
0.616000, 9104
0.617000, 9103
0.617000, 9102
0.618000, 9101
0.618000, 9100
0.619000, 9099
0.620000, 9098
0.621000, 9097
0.621000, 9096
0.621000, 9095
0.622000, 9094
0.622000, 9093
0.623000, 9092
0.623000, 9091
0.623000, 9090
0.624000, 9089
0.624000, 9088
0.625000, 9087
0.625000, 9086
0.626000, 9085
0.626000, 9084
0.627000, 9083
0.627000, 9082
0.627000, 9081
0.628000, 9080
0.628000, 9079
0.629000, 9078
0.629000, 9077
0.630000, 9076
0.631000, 9075
0.631000, 9074
0.631000, 9073
0.632000, 9072
0.632000, 9071
0.633000, 9070
0.633000, 9069
0.633000, 9068
0.634000, 9067
0.634000, 9066
0.635000, 9065
0.635000, 9064
0.636000, 9063
0.636000, 9062
0.636000, 9061
0.637000, 9060
0.637000, 9059
0.637000, 9058
0.638000, 9057
0.639000, 9056
0.639000, 9055
0.639000, 9054
0.639000, 9053
0.640000, 9052
0.641000, 9051
0.641000, 9050
0.642000, 9049
0.643000, 9048
0.643000, 9047
0.644000, 9046
0.644000, 9045
0.645000, 9044
0.645000, 9043
0.645000, 9042
0.646000, 9041
0.646000, 9040
0.646000, 9039
0.647000, 9038
0.647000, 9037
0.648000, 9036
0.648000, 9035
0.648000, 9034
0.649000, 9033
0.649000, 9032
0.649000, 9031
0.650000, 9030
0.651000, 9029
0.652000, 9028
0.652000, 9027
0.653000, 9026
0.654000, 9025
0.654000, 9024
0.654000, 9023
0.655000, 9022
0.655000, 9021
0.656000, 9020
0.656000, 9019
0.657000, 9018
0.658000, 9017
0.658000, 9016
0.659000, 9015
0.659000, 9014
0.660000, 9013
0.660000, 9012
0.661000, 9011
0.662000, 9010
0.662000, 9009
0.663000, 9008
0.663000, 9007
0.664000, 9006
0.665000, 9005
0.666000, 9004
0.666000, 9003
0.667000, 9002
0.667000, 9001
0.668000, 9000
0.668000, 8999
0.668000, 8998
0.669000, 8997
0.669000, 8996
0.669000, 8995
0.669000, 8994
0.670000, 8993
0.670000, 8992
0.670000, 8991
0.671000, 8990
0.671000, 8989
0.671000, 8988
0.671000, 8987
0.672000, 8986
0.672000, 8985
0.672000, 8984
0.673000, 8983
0.673000, 8982
0.674000, 8981
0.675000, 8980
0.675000, 8979
0.675000, 8978
0.676000, 8977
0.676000, 8976
0.676000, 8975
0.677000, 8974
0.678000, 8973
0.678000, 8972
0.678000, 8971
0.679000, 8970
0.679000, 8969
0.680000, 8968
0.681000, 8967
0.682000, 8966
0.682000, 8965
0.682000, 8964
0.683000, 8963
0.683000, 8962
0.683000, 8961
0.683000, 8960
0.684000, 8959
0.684000, 8958
0.685000, 8957
0.685000, 8956
0.686000, 8955
0.686000, 8954
0.687000, 8953
0.687000, 8952
0.688000, 8951
0.688000, 8950
0.689000, 8949
0.689000, 8948
0.690000, 8947
0.691000, 8946
0.691000, 8945
0.691000, 8944
0.692000, 8943
0.692000, 8942
0.692000, 8941
0.693000, 8940
0.693000, 8939
0.694000, 8938
0.694000, 8937
0.695000, 8936
0.695000, 8935
0.695000, 8934
0.696000, 8933
0.696000, 8932
0.696000, 8931
0.696000, 8930
0.697000, 8929
0.697000, 8928
0.698000, 8927
0.698000, 8926
0.699000, 8925
0.699000, 8924
0.700000, 8923
0.700000, 8922
0.701000, 8921
0.702000, 8920
0.703000, 8919
0.703000, 8918
0.703000, 8917
0.703000, 8916
0.703000, 8915
0.704000, 8914
0.705000, 8913
0.705000, 8912
0.706000, 8911
0.706000, 8910
0.706000, 8909
0.708000, 8908
0.708000, 8907
0.709000, 8906
0.709000, 8905
0.710000, 8904
0.710000, 8903
0.710000, 8902
0.710000, 8901
0.711000, 8900
0.712000, 8899
0.712000, 8898
0.712000, 8897
0.713000, 8896
0.713000, 8895
0.714000, 8894
0.714000, 8893
0.714000, 8892
0.714000, 8891
0.715000, 8890
0.715000, 8889
0.715000, 8888
0.716000, 8887
0.717000, 8886
0.717000, 8885
0.717000, 8884
0.718000, 8883
0.719000, 8882
0.719000, 8881
0.719000, 8880
0.720000, 8879
0.721000, 8878
0.721000, 8877
0.721000, 8876
0.722000, 8875
0.722000, 8874
0.724000, 8873
0.725000, 8872
0.725000, 8871
0.726000, 8870
0.726000, 8869
0.726000, 8868
0.727000, 8867
0.728000, 8866
0.728000, 8865
0.728000, 8864
0.729000, 8863
0.729000, 8862
0.729000, 8861
0.730000, 8860
0.730000, 8859
0.731000, 8858
0.732000, 8857
0.732000, 8856
0.733000, 8855
0.733000, 8854
0.734000, 8853
0.735000, 8852
0.735000, 8851
0.736000, 8850
0.736000, 8849
0.737000, 8848
0.737000, 8847
0.737000, 8846
0.738000, 8845
0.738000, 8844
0.738000, 8843
0.739000, 8842
0.740000, 8841
0.740000, 8840
0.740000, 8839
0.741000, 8838
0.741000, 8837
0.741000, 8836
0.742000, 8835
0.742000, 8834
0.742000, 8833
0.743000, 8832
0.743000, 8831
0.743000, 8830
0.743000, 8829
0.743000, 8828
0.744000, 8827
0.744000, 8826
0.745000, 8825
0.745000, 8824
0.745000, 8823
0.746000, 8822
0.746000, 8821
0.746000, 8820
0.747000, 8819
0.747000, 8818
0.747000, 8817
0.747000, 8816
0.748000, 8815
0.748000, 8814
0.749000, 8813
0.750000, 8812
0.750000, 8811
0.751000, 8810
0.751000, 8809
0.752000, 8808
0.752000, 8807
0.752000, 8806
0.752000, 8805
0.752000, 8804
0.753000, 8803
0.754000, 8802
0.754000, 8801
0.755000, 8800
0.755000, 8799
0.757000, 8798
0.757000, 8797
0.758000, 8796
0.759000, 8795
0.759000, 8794
0.759000, 8793
0.760000, 8792
0.760000, 8791
0.761000, 8790
0.764000, 8789
0.764000, 8788
0.764000, 8787
0.765000, 8786
0.765000, 8785
0.766000, 8784
0.766000, 8783
0.767000, 8782
0.767000, 8781
0.768000, 8780
0.769000, 8779
0.769000, 8778
0.770000, 8777
0.770000, 8776
0.770000, 8775
0.772000, 8774
0.772000, 8773
0.772000, 8772
0.772000, 8771
0.773000, 8770
0.773000, 8769
0.774000, 8768
0.774000, 8767
0.775000, 8766
0.775000, 8765
0.776000, 8764
0.778000, 8763
0.779000, 8762
0.779000, 8761
0.780000, 8760
0.781000, 8759
0.782000, 8758
0.784000, 8757
0.784000, 8756
0.784000, 8755
0.785000, 8754
0.785000, 8753
0.785000, 8752
0.785000, 8751
0.785000, 8750
0.786000, 8749
0.786000, 8748
0.786000, 8747
0.786000, 8746
0.787000, 8745
0.787000, 8744
0.787000, 8743
0.788000, 8742
0.789000, 8741
0.789000, 8740
0.789000, 8739
0.790000, 8738
0.790000, 8737
0.791000, 8736
0.792000, 8735
0.792000, 8734
0.792000, 8733
0.792000, 8732
0.793000, 8731
0.794000, 8730
0.794000, 8729
0.795000, 8728
0.795000, 8727
0.796000, 8726
0.796000, 8725
0.797000, 8724
0.798000, 8723
0.798000, 8722
0.799000, 8721
0.799000, 8720
0.800000, 8719
0.800000, 8718
0.801000, 8717
0.801000, 8716
0.801000, 8715
0.803000, 8714
0.804000, 8713
0.805000, 8712
0.805000, 8711
0.806000, 8710
0.806000, 8709
0.807000, 8708
0.807000, 8707
0.807000, 8706
0.808000, 8705
0.808000, 8704
0.810000, 8703
0.810000, 8702
0.811000, 8701
0.812000, 8700
0.812000, 8699
0.813000, 8698
0.813000, 8697
0.813000, 8696
0.813000, 8695
0.814000, 8694
0.814000, 8693
0.815000, 8692
0.815000, 8691
0.815000, 8690
0.816000, 8689
0.816000, 8688
0.816000, 8687
0.817000, 8686
0.818000, 8685
0.819000, 8684
0.820000, 8683
0.821000, 8682
0.821000, 8681
0.822000, 8680
0.823000, 8679
0.823000, 8678
0.824000, 8677
0.825000, 8676
0.825000, 8675
0.826000, 8674
0.827000, 8673
0.827000, 8672
0.827000, 8671
0.827000, 8670
0.828000, 8669
0.828000, 8668
0.829000, 8667
0.829000, 8666
0.829000, 8665
0.829000, 8664
0.830000, 8663
0.830000, 8662
0.830000, 8661
0.830000, 8660
0.831000, 8659
0.831000, 8658
0.831000, 8657
0.832000, 8656
0.833000, 8655
0.833000, 8654
0.834000, 8653
0.834000, 8652
0.835000, 8651
0.836000, 8650
0.837000, 8649
0.837000, 8648
0.839000, 8647
0.839000, 8646
0.839000, 8645
0.839000, 8644
0.840000, 8643
0.840000, 8642
0.840000, 8641
0.841000, 8640
0.842000, 8639
0.843000, 8638
0.843000, 8637
0.844000, 8636
0.844000, 8635
0.844000, 8634
0.844000, 8633
0.845000, 8632
0.845000, 8631
0.847000, 8630
0.847000, 8629
0.847000, 8628
0.848000, 8627
0.848000, 8626
0.849000, 8625
0.849000, 8624
0.849000, 8623
0.850000, 8622
0.851000, 8621
0.852000, 8620
0.853000, 8619
0.853000, 8618
0.853000, 8617
0.853000, 8616
0.855000, 8615
0.855000, 8614
0.855000, 8613
0.855000, 8612
0.856000, 8611
0.856000, 8610
0.856000, 8609
0.856000, 8608
0.857000, 8607
0.857000, 8606
0.857000, 8605
0.858000, 8604
0.859000, 8603
0.860000, 8602
0.861000, 8601
0.861000, 8600
0.861000, 8599
0.861000, 8598
0.868000, 8597
0.869000, 8596
0.870000, 8595
0.870000, 8594
0.871000, 8593
0.871000, 8592
0.872000, 8591
0.872000, 8590
0.873000, 8589
0.873000, 8588
0.873000, 8587
0.874000, 8586
0.874000, 8585
0.875000, 8584
0.875000, 8583
0.875000, 8582
0.875000, 8581
0.876000, 8580
0.876000, 8579
0.876000, 8578
0.877000, 8577
0.877000, 8576
0.878000, 8575
0.879000, 8574
0.879000, 8573
0.879000, 8572
0.880000, 8571
0.880000, 8570
0.881000, 8569
0.881000, 8568
0.882000, 8567
0.883000, 8566
0.884000, 8565
0.884000, 8564
0.884000, 8563
0.885000, 8562
0.886000, 8561
0.886000, 8560
0.887000, 8559
0.887000, 8558
0.888000, 8557
0.888000, 8556
0.888000, 8555
0.889000, 8554
0.889000, 8553
0.890000, 8552
0.890000, 8551
0.890000, 8550
0.891000, 8549
0.892000, 8548
0.892000, 8547
0.893000, 8546
0.893000, 8545
0.893000, 8544
0.893000, 8543
0.894000, 8542
0.894000, 8541
0.894000, 8540
0.895000, 8539
0.895000, 8538
0.895000, 8537
0.895000, 8536
0.896000, 8535
0.897000, 8534
0.898000, 8533
0.898000, 8532
0.900000, 8531
0.900000, 8530
0.902000, 8529
0.905000, 8528
0.905000, 8527
0.905000, 8526
0.906000, 8525
0.907000, 8524
0.908000, 8523
0.910000, 8522
0.911000, 8521
0.911000, 8520
0.911000, 8519
0.912000, 8518
0.913000, 8517
0.913000, 8516
0.913000, 8515
0.914000, 8514
0.914000, 8513
0.915000, 8512
0.915000, 8511
0.915000, 8510
0.916000, 8509
0.916000, 8508
0.917000, 8507
0.917000, 8506
0.917000, 8505
0.917000, 8504
0.917000, 8503
0.918000, 8502
0.918000, 8501
0.919000, 8500
0.920000, 8499
0.921000, 8498
0.922000, 8497
0.922000, 8496
0.922000, 8495
0.923000, 8494
0.924000, 8493
0.924000, 8492
0.924000, 8491
0.924000, 8490
0.925000, 8489
0.926000, 8488
0.927000, 8487
0.927000, 8486
0.927000, 8485
0.928000, 8484
0.929000, 8483
0.931000, 8482
0.931000, 8481
0.932000, 8480
0.932000, 8479
0.932000, 8478
0.932000, 8477
0.933000, 8476
0.934000, 8475
0.935000, 8474
0.935000, 8473
0.936000, 8472
0.937000, 8471
0.937000, 8470
0.938000, 8469
0.938000, 8468
0.938000, 8467
0.939000, 8466
0.939000, 8465
0.940000, 8464
0.940000, 8463
0.942000, 8462
0.942000, 8461
0.942000, 8460
0.943000, 8459
0.944000, 8458
0.944000, 8457
0.944000, 8456
0.945000, 8455
0.946000, 8454
0.947000, 8453
0.947000, 8452
0.949000, 8451
0.949000, 8450
0.950000, 8449
0.952000, 8448
0.952000, 8447
0.952000, 8446
0.952000, 8445
0.953000, 8444
0.953000, 8443
0.953000, 8442
0.953000, 8441
0.954000, 8440
0.956000, 8439
0.957000, 8438
0.957000, 8437
0.958000, 8436
0.958000, 8435
0.959000, 8434
0.960000, 8433
0.960000, 8432
0.960000, 8431
0.960000, 8430
0.961000, 8429
0.962000, 8428
0.963000, 8427
0.963000, 8426
0.963000, 8425
0.964000, 8424
0.965000, 8423
0.966000, 8422
0.966000, 8421
0.966000, 8420
0.967000, 8419
0.967000, 8418
0.967000, 8417
0.968000, 8416
0.969000, 8415
0.969000, 8414
0.971000, 8413
0.971000, 8412
0.971000, 8411
0.971000, 8410
0.971000, 8409
0.971000, 8408
0.972000, 8407
0.973000, 8406
0.974000, 8405
0.974000, 8404
0.974000, 8403
0.975000, 8402
0.976000, 8401
0.976000, 8400
0.976000, 8399
0.977000, 8398
0.978000, 8397
0.978000, 8396
0.980000, 8395
0.982000, 8394
0.982000, 8393
0.982000, 8392
0.983000, 8391
0.983000, 8390
0.986000, 8389
0.986000, 8388
0.986000, 8387
0.987000, 8386
0.988000, 8385
0.989000, 8384
0.989000, 8383
0.990000, 8382
0.993000, 8381
0.993000, 8380
0.995000, 8379
0.995000, 8378
0.996000, 8377
0.997000, 8376
0.997000, 8375
0.998000, 8374
0.998000, 8373
0.998000, 8372
0.998000, 8371
0.999000, 8370
0.999000, 8369
1.000000, 8368
1.001000, 8367
1.002000, 8366
1.003000, 8365
1.004000, 8364
1.004000, 8363
1.004000, 8362
1.004000, 8361
1.005000, 8360
1.005000, 8359
1.007000, 8358
1.007000, 8357
1.008000, 8356
1.008000, 8355
1.009000, 8354
1.009000, 8353
1.010000, 8352
1.010000, 8351
1.010000, 8350
1.011000, 8349
1.011000, 8348
1.012000, 8347
1.013000, 8346
1.013000, 8345
1.014000, 8344
1.014000, 8343
1.017000, 8342
1.017000, 8341
1.018000, 8340
1.018000, 8339
1.018000, 8338
1.020000, 8337
1.022000, 8336
1.022000, 8335
1.024000, 8334
1.025000, 8333
1.025000, 8332
1.026000, 8331
1.027000, 8330
1.027000, 8329
1.028000, 8328
1.028000, 8327
1.029000, 8326
1.031000, 8325
1.031000, 8324
1.032000, 8323
1.035000, 8322
1.035000, 8321
1.036000, 8320
1.036000, 8319
1.037000, 8318
1.037000, 8317
1.038000, 8316
1.038000, 8315
1.038000, 8314
1.039000, 8313
1.039000, 8312
1.040000, 8311
1.041000, 8310
1.041000, 8309
1.041000, 8308
1.042000, 8307
1.042000, 8306
1.042000, 8305
1.043000, 8304
1.043000, 8303
1.044000, 8302
1.045000, 8301
1.046000, 8300
1.046000, 8299
1.047000, 8298
1.047000, 8297
1.048000, 8296
1.048000, 8295
1.049000, 8294
1.050000, 8293
1.050000, 8292
1.050000, 8291
1.052000, 8290
1.052000, 8289
1.054000, 8288
1.054000, 8287
1.054000, 8286
1.055000, 8285
1.055000, 8284
1.058000, 8283
1.059000, 8282
1.059000, 8281
1.060000, 8280
1.060000, 8279
1.060000, 8278
1.062000, 8277
1.062000, 8276
1.063000, 8275
1.066000, 8274
1.066000, 8273
1.068000, 8272
1.070000, 8271
1.070000, 8270
1.071000, 8269
1.071000, 8268
1.072000, 8267
1.072000, 8266
1.072000, 8265
1.073000, 8264
1.074000, 8263
1.074000, 8262
1.074000, 8261
1.075000, 8260
1.076000, 8259
1.077000, 8258
1.077000, 8257
1.077000, 8256
1.079000, 8255
1.081000, 8254
1.081000, 8253
1.081000, 8252
1.082000, 8251
1.082000, 8250
1.082000, 8249
1.083000, 8248
1.084000, 8247
1.084000, 8246
1.085000, 8245
1.085000, 8244
1.086000, 8243
1.087000, 8242
1.087000, 8241
1.088000, 8240
1.090000, 8239
1.092000, 8238
1.093000, 8237
1.094000, 8236
1.094000, 8235
1.095000, 8234
1.096000, 8233
1.096000, 8232
1.098000, 8231
1.098000, 8230
1.099000, 8229
1.100000, 8228
1.100000, 8227
1.106000, 8226
1.108000, 8225
1.108000, 8224
1.109000, 8223
1.110000, 8222
1.111000, 8221
1.111000, 8220
1.112000, 8219
1.114000, 8218
1.114000, 8217
1.115000, 8216
1.116000, 8215
1.116000, 8214
1.116000, 8213
1.118000, 8212
1.119000, 8211
1.121000, 8210
1.121000, 8209
1.121000, 8208
1.122000, 8207
1.122000, 8206
1.123000, 8205
1.124000, 8204
1.124000, 8203
1.124000, 8202
1.126000, 8201
1.126000, 8200
1.127000, 8199
1.128000, 8198
1.129000, 8197
1.129000, 8196
1.131000, 8195
1.131000, 8194
1.137000, 8193
1.137000, 8192
1.138000, 8191
1.138000, 8190
1.139000, 8189
1.139000, 8188
1.141000, 8187
1.141000, 8186
1.141000, 8185
1.142000, 8184
1.143000, 8183
1.143000, 8182
1.144000, 8181
1.145000, 8180
1.146000, 8179
1.147000, 8178
1.149000, 8177
1.149000, 8176
1.150000, 8175
1.150000, 8174
1.152000, 8173
1.152000, 8172
1.153000, 8171
1.154000, 8170
1.154000, 8169
1.155000, 8168
1.155000, 8167
1.159000, 8166
1.160000, 8165
1.163000, 8164
1.163000, 8163
1.163000, 8162
1.166000, 8161
1.167000, 8160
1.167000, 8159
1.168000, 8158
1.168000, 8157
1.168000, 8156
1.170000, 8155
1.171000, 8154
1.171000, 8153
1.171000, 8152
1.172000, 8151
1.174000, 8150
1.175000, 8149
1.176000, 8148
1.176000, 8147
1.177000, 8146
1.178000, 8145
1.178000, 8144
1.179000, 8143
1.181000, 8142
1.181000, 8141
1.181000, 8140
1.181000, 8139
1.182000, 8138
1.182000, 8137
1.182000, 8136
1.183000, 8135
1.183000, 8134
1.184000, 8133
1.185000, 8132
1.185000, 8131
1.186000, 8130
1.186000, 8129
1.187000, 8128
1.189000, 8127
1.190000, 8126
1.191000, 8125
1.191000, 8124
1.192000, 8123
1.193000, 8122
1.195000, 8121
1.197000, 8120
1.197000, 8119
1.197000, 8118
1.198000, 8117
1.198000, 8116
1.200000, 8115
1.200000, 8114
1.201000, 8113
1.203000, 8112
1.204000, 8111
1.206000, 8110
1.207000, 8109
1.207000, 8108
1.207000, 8107
1.208000, 8106
1.208000, 8105
1.208000, 8104
1.209000, 8103
1.210000, 8102
1.210000, 8101
1.211000, 8100
1.214000, 8099
1.217000, 8098
1.222000, 8097
1.222000, 8096
1.223000, 8095
1.223000, 8094
1.224000, 8093
1.224000, 8092
1.226000, 8091
1.226000, 8090
1.226000, 8089
1.227000, 8088
1.227000, 8087
1.228000, 8086
1.229000, 8085
1.231000, 8084
1.231000, 8083
1.231000, 8082
1.232000, 8081
1.232000, 8080
1.233000, 8079
1.236000, 8078
1.238000, 8077
1.239000, 8076
1.239000, 8075
1.243000, 8074
1.243000, 8073
1.243000, 8072
1.245000, 8071
1.246000, 8070
1.248000, 8069
1.249000, 8068
1.250000, 8067
1.250000, 8066
1.251000, 8065
1.251000, 8064
1.252000, 8063
1.254000, 8062
1.254000, 8061
1.254000, 8060
1.255000, 8059
1.255000, 8058
1.256000, 8057
1.258000, 8056
1.261000, 8055
1.261000, 8054
1.261000, 8053
1.262000, 8052
1.264000, 8051
1.265000, 8050
1.266000, 8049
1.266000, 8048
1.267000, 8047
1.268000, 8046
1.268000, 8045
1.268000, 8044
1.269000, 8043
1.270000, 8042
1.270000, 8041
1.270000, 8040
1.271000, 8039
1.272000, 8038
1.272000, 8037
1.273000, 8036
1.274000, 8035
1.274000, 8034
1.275000, 8033
1.276000, 8032
1.276000, 8031
1.279000, 8030
1.282000, 8029
1.283000, 8028
1.284000, 8027
1.285000, 8026
1.286000, 8025
1.286000, 8024
1.287000, 8023
1.288000, 8022
1.290000, 8021
1.291000, 8020
1.291000, 8019
1.295000, 8018
1.295000, 8017
1.295000, 8016
1.296000, 8015
1.296000, 8014
1.299000, 8013
1.301000, 8012
1.302000, 8011
1.303000, 8010
1.307000, 8009
1.310000, 8008
1.311000, 8007
1.311000, 8006
1.311000, 8005
1.312000, 8004
1.312000, 8003
1.313000, 8002
1.316000, 8001
1.317000, 8000
1.317000, 7999
1.318000, 7998
1.319000, 7997
1.320000, 7996
1.320000, 7995
1.321000, 7994
1.321000, 7993
1.323000, 7992
1.323000, 7991
1.324000, 7990
1.324000, 7989
1.327000, 7988
1.328000, 7987
1.328000, 7986
1.328000, 7985
1.328000, 7984
1.329000, 7983
1.330000, 7982
1.331000, 7981
1.332000, 7980
1.332000, 7979
1.335000, 7978
1.336000, 7977
1.337000, 7976
1.337000, 7975
1.337000, 7974
1.338000, 7973
1.344000, 7972
1.345000, 7971
1.346000, 7970
1.347000, 7969
1.349000, 7968
1.349000, 7967
1.352000, 7966
1.352000, 7965
1.352000, 7964
1.354000, 7963
1.354000, 7962
1.355000, 7961
1.357000, 7960
1.357000, 7959
1.361000, 7958
1.362000, 7957
1.362000, 7956
1.362000, 7955
1.363000, 7954
1.364000, 7953
1.371000, 7952
1.371000, 7951
1.372000, 7950
1.372000, 7949
1.373000, 7948
1.374000, 7947
1.375000, 7946
1.376000, 7945
1.377000, 7944
1.377000, 7943
1.378000, 7942
1.380000, 7941
1.383000, 7940
1.384000, 7939
1.384000, 7938
1.385000, 7937
1.387000, 7936
1.388000, 7935
1.389000, 7934
1.389000, 7933
1.390000, 7932
1.391000, 7931
1.392000, 7930
1.393000, 7929
1.393000, 7928
1.393000, 7927
1.395000, 7926
1.396000, 7925
1.398000, 7924
1.399000, 7923
1.399000, 7922
1.399000, 7921
1.400000, 7920
1.402000, 7919
1.403000, 7918
1.404000, 7917
1.406000, 7916
1.408000, 7915
1.409000, 7914
1.409000, 7913
1.411000, 7912
1.414000, 7911
1.414000, 7910
1.415000, 7909
1.416000, 7908
1.416000, 7907
1.419000, 7906
1.419000, 7905
1.419000, 7904
1.422000, 7903
1.423000, 7902
1.426000, 7901
1.428000, 7900
1.430000, 7899
1.430000, 7898
1.430000, 7897
1.432000, 7896
1.432000, 7895
1.435000, 7894
1.435000, 7893
1.436000, 7892
1.437000, 7891
1.438000, 7890
1.439000, 7889
1.440000, 7888
1.442000, 7887
1.446000, 7886
1.449000, 7885
1.449000, 7884
1.454000, 7883
1.461000, 7882
1.463000, 7881
1.463000, 7880
1.465000, 7879
1.467000, 7878
1.468000, 7877
1.468000, 7876
1.471000, 7875
1.474000, 7874
1.475000, 7873
1.476000, 7872
1.479000, 7871
1.480000, 7870
1.482000, 7869
1.484000, 7868
1.492000, 7867
1.493000, 7866
1.494000, 7865
1.501000, 7864
1.504000, 7863
1.509000, 7862
1.516000, 7861
1.517000, 7860
1.518000, 7859
1.519000, 7858
1.521000, 7857
1.522000, 7856
1.523000, 7855
1.523000, 7854
1.524000, 7853
1.525000, 7852
1.525000, 7851
1.527000, 7850
1.528000, 7849
1.528000, 7848
1.533000, 7847
1.534000, 7846
1.536000, 7845
1.541000, 7844
1.543000, 7843
1.550000, 7842
1.552000, 7841
1.554000, 7840
1.555000, 7839
1.557000, 7838
1.557000, 7837
1.561000, 7836
1.562000, 7835
1.566000, 7834
1.567000, 7833
1.568000, 7832
1.570000, 7831
1.571000, 7830
1.571000, 7829
1.574000, 7828
1.576000, 7827
1.576000, 7826
1.577000, 7825
1.584000, 7824
1.584000, 7823
1.586000, 7822
1.589000, 7821
1.589000, 7820
1.593000, 7819
1.596000, 7818
1.597000, 7817
1.599000, 7816
1.600000, 7815
1.600000, 7814
1.602000, 7813
1.609000, 7812
1.611000, 7811
1.615000, 7810
1.618000, 7809
1.619000, 7808
1.622000, 7807
1.622000, 7806
1.627000, 7805
1.627000, 7804
1.628000, 7803
1.634000, 7802
1.641000, 7801
1.644000, 7800
1.644000, 7799
1.648000, 7798
1.651000, 7797
1.657000, 7796
1.658000, 7795
1.659000, 7794
1.664000, 7793
1.667000, 7792
1.668000, 7791
1.678000, 7790
1.680000, 7789
1.684000, 7788
1.688000, 7787
1.688000, 7786
1.692000, 7785
1.692000, 7784
1.694000, 7783
1.694000, 7782
1.695000, 7781
1.696000, 7780
1.699000, 7779
1.700000, 7778
1.709000, 7777
1.709000, 7776
1.714000, 7775
1.716000, 7774
1.719000, 7773
1.721000, 7772
1.723000, 7771
1.725000, 7770
1.726000, 7769
1.726000, 7768
1.727000, 7767
1.729000, 7766
1.733000, 7765
1.745000, 7764
1.745000, 7763
1.751000, 7762
1.753000, 7761
1.754000, 7760
1.762000, 7759
1.762000, 7758
1.766000, 7757
1.778000, 7756
1.780000, 7755
1.787000, 7754
1.787000, 7753
1.793000, 7752
1.794000, 7751
1.794000, 7750
1.794000, 7749
1.796000, 7748
1.799000, 7747
1.799000, 7746
1.801000, 7745
1.803000, 7744
1.808000, 7743
1.812000, 7742
1.815000, 7741
1.821000, 7740
1.828000, 7739
1.832000, 7738
1.837000, 7737
1.844000, 7736
1.863000, 7735
1.869000, 7734
1.876000, 7733
1.879000, 7732
1.879000, 7731
1.901000, 7730
1.920000, 7729
1.921000, 7728
1.925000, 7727
1.929000, 7726
1.931000, 7725
1.933000, 7724
1.934000, 7723
1.934000, 7722
1.936000, 7721
1.943000, 7720
1.946000, 7719
1.947000, 7718
1.952000, 7717
1.956000, 7716
1.961000, 7715
1.972000, 7714
1.973000, 7713
1.975000, 7712
1.978000, 7711
1.982000, 7710
1.982000, 7709
1.983000, 7708
1.987000, 7707
1.991000, 7706
1.994000, 7705
1.995000, 7704
2.003000, 7703
2.014000, 7702
2.015000, 7701
2.023000, 7700
2.023000, 7699
2.029000, 7698
2.036000, 7697
2.040000, 7696
2.045000, 7695
2.046000, 7694
2.050000, 7693
2.054000, 7692
2.059000, 7691
2.063000, 7690
2.068000, 7689
2.068000, 7688
2.071000, 7687
2.071000, 7686
2.077000, 7685
2.081000, 7684
2.084000, 7683
2.084000, 7682
2.090000, 7681
2.093000, 7680
2.106000, 7679
2.108000, 7678
2.114000, 7677
2.118000, 7676
2.118000, 7675
2.119000, 7674
2.121000, 7673
2.121000, 7672
2.129000, 7671
2.129000, 7670
2.147000, 7669
2.151000, 7668
2.157000, 7667
2.159000, 7666
2.164000, 7665
2.164000, 7664
2.182000, 7663
2.193000, 7662
2.199000, 7661
2.216000, 7660
2.217000, 7659
2.218000, 7658
2.221000, 7657
2.226000, 7656
2.262000, 7655
2.265000, 7654
2.265000, 7653
2.267000, 7652
2.275000, 7651
2.277000, 7650
2.294000, 7649
2.298000, 7648
2.310000, 7647
2.315000, 7646
2.325000, 7645
2.326000, 7644
2.329000, 7643
2.334000, 7642
2.340000, 7641
2.343000, 7640
2.347000, 7639
2.353000, 7638
2.364000, 7637
2.366000, 7636
2.371000, 7635
2.371000, 7634
2.379000, 7633
2.385000, 7632
2.391000, 7631
2.408000, 7630
2.417000, 7629
2.440000, 7628
2.441000, 7627
2.442000, 7626
2.444000, 7625
2.454000, 7624
2.468000, 7623
2.487000, 7622
2.490000, 7621
2.492000, 7620
2.494000, 7619
2.496000, 7618
2.502000, 7617
2.506000, 7616
2.508000, 7615
2.536000, 7614
2.540000, 7613
2.553000, 7612
2.558000, 7611
2.577000, 7610
2.578000, 7609
2.594000, 7608
2.599000, 7607
2.608000, 7606
2.624000, 7605
2.649000, 7604
2.653000, 7603
2.653000, 7602
2.699000, 7601
2.702000, 7600
2.705000, 7599
2.759000, 7598
2.779000, 7597
2.784000, 7596
2.834000, 7595
2.855000, 7594
2.876000, 7593
2.890000, 7592
2.904000, 7591
2.921000, 7590
2.924000, 7589
2.940000, 7588
3.023000, 7587
3.030000, 7586
3.078000, 7585
3.142000, 7584
3.156000, 7583
3.196000, 7582
3.203000, 7581
3.260000, 7580
3.352000, 7579
3.355000, 7578
3.417000, 7577
3.554000, 7576
3.564000, 7575
3.586000, 7574
3.617000, 7573
3.628000, 7572
3.661000, 7571
3.722000, 7570
3.743000, 7569
3.787000, 7568
3.800000, 7567
3.930000, 7566
4.014000, 7565
4.489000, 7564
4.494000, 7563
4.793000, 7562
4.992000, 7561
