0.010000, 10221
0.014000, 10220
0.015000, 10219
0.016000, 10218
0.016000, 10217
0.017000, 10216
0.017000, 10215
0.017000, 10214
0.018000, 10213
0.018000, 10212
0.018000, 10211
0.019000, 10210
0.020000, 10209
0.021000, 10208
0.022000, 10207
0.023000, 10206
0.023000, 10205
0.023000, 10204
0.024000, 10203
0.024000, 10202
0.024000, 10201
0.025000, 10200
0.025000, 10199
0.026000, 10198
0.026000, 10197
0.027000, 10196
0.027000, 10195
0.027000, 10194
0.028000, 10193
0.028000, 10192
0.029000, 10191
0.029000, 10190
0.030000, 10189
0.030000, 10188
0.031000, 10187
0.031000, 10186
0.032000, 10185
0.032000, 10184
0.033000, 10183
0.033000, 10182
0.034000, 10181
0.034000, 10180
0.035000, 10179
0.037000, 10178
0.037000, 10177
0.038000, 10176
0.039000, 10175
0.039000, 10174
0.040000, 10173
0.041000, 10172
0.041000, 10171
0.042000, 10170
0.042000, 10169
0.043000, 10168
0.043000, 10167
0.043000, 10166
0.044000, 10165
0.044000, 10164
0.044000, 10163
0.045000, 10162
0.045000, 10161
0.046000, 10160
0.046000, 10159
0.046000, 10158
0.047000, 10157
0.047000, 10156
0.048000, 10155
0.048000, 10154
0.049000, 10153
0.049000, 10152
0.050000, 10151
0.050000, 10150
0.052000, 10149
0.053000, 10148
0.054000, 10147
0.056000, 10146
0.056000, 10145
0.056000, 10144
0.057000, 10143
0.057000, 10142
0.058000, 10141
0.059000, 10140
0.060000, 10139
0.061000, 10138
0.063000, 10137
0.064000, 10136
0.064000, 10135
0.064000, 10134
0.064000, 10133
0.065000, 10132
0.065000, 10131
0.066000, 10130
0.066000, 10129
0.067000, 10128
0.068000, 10127
0.069000, 10126
0.070000, 10125
0.070000, 10124
0.070000, 10123
0.071000, 10122
0.071000, 10121
0.072000, 10120
0.072000, 10119
0.073000, 10118
0.073000, 10117
0.073000, 10116
0.074000, 10115
0.074000, 10114
0.076000, 10113
0.076000, 10112
0.077000, 10111
0.077000, 10110
0.077000, 10109
0.079000, 10108
0.079000, 10107
0.080000, 10106
0.080000, 10105
0.080000, 10104
0.081000, 10103
0.081000, 10102
0.082000, 10101
0.082000, 10100
0.082000, 10099
0.083000, 10098
0.083000, 10097
0.083000, 10096
0.084000, 10095
0.084000, 10094
0.085000, 10093
0.086000, 10092
0.086000, 10091
0.086000, 10090
0.087000, 10089
0.088000, 10088
0.089000, 10087
0.089000, 10086
0.090000, 10085
0.090000, 10084
0.091000, 10083
0.091000, 10082
0.092000, 10081
0.092000, 10080
0.094000, 10079
0.094000, 10078
0.094000, 10077
0.095000, 10076
0.095000, 10075
0.096000, 10074
0.097000, 10073
0.097000, 10072
0.098000, 10071
0.099000, 10070
0.100000, 10069
0.100000, 10068
0.100000, 10067
0.101000, 10066
0.102000, 10065
0.102000, 10064
0.103000, 10063
0.103000, 10062
0.104000, 10061
0.105000, 10060
0.105000, 10059
0.106000, 10058
0.106000, 10057
0.107000, 10056
0.107000, 10055
0.108000, 10054
0.108000, 10053
0.108000, 10052
0.109000, 10051
0.109000, 10050
0.109000, 10049
0.110000, 10048
0.110000, 10047
0.111000, 10046
0.111000, 10045
0.112000, 10044
0.113000, 10043
0.114000, 10042
0.114000, 10041
0.114000, 10040
0.115000, 10039
0.116000, 10038
0.116000, 10037
0.117000, 10036
0.118000, 10035
0.118000, 10034
0.119000, 10033
0.119000, 10032
0.119000, 10031
0.119000, 10030
0.120000, 10029
0.120000, 10028
0.120000, 10027
0.121000, 10026
0.121000, 10025
0.121000, 10024
0.121000, 10023
0.122000, 10022
0.123000, 10021
0.124000, 10020
0.125000, 10019
0.125000, 10018
0.125000, 10017
0.125000, 10016
0.126000, 10015
0.127000, 10014
0.127000, 10013
0.127000, 10012
0.127000, 10011
0.128000, 10010
0.128000, 10009
0.129000, 10008
0.130000, 10007
0.130000, 10006
0.130000, 10005
0.131000, 10004
0.131000, 10003
0.131000, 10002
0.132000, 10001
0.133000, 10000
0.133000, 9999
0.133000, 9998
0.134000, 9997
0.134000, 9996
0.135000, 9995
0.135000, 9994
0.135000, 9993
0.136000, 9992
0.136000, 9991
0.137000, 9990
0.137000, 9989
0.137000, 9988
0.138000, 9987
0.138000, 9986
0.138000, 9985
0.139000, 9984
0.139000, 9983
0.140000, 9982
0.140000, 9981
0.140000, 9980
0.141000, 9979
0.141000, 9978
0.141000, 9977
0.142000, 9976
0.142000, 9975
0.142000, 9974
0.143000, 9973
0.144000, 9972
0.145000, 9971
0.145000, 9970
0.145000, 9969
0.146000, 9968
0.147000, 9967
0.147000, 9966
0.148000, 9965
0.148000, 9964
0.148000, 9963
0.149000, 9962
0.149000, 9961
0.150000, 9960
0.150000, 9959
0.150000, 9958
0.151000, 9957
0.151000, 9956
0.151000, 9955
0.152000, 9954
0.152000, 9953
0.154000, 9952
0.156000, 9951
0.156000, 9950
0.157000, 9949
0.157000, 9948
0.158000, 9947
0.158000, 9946
0.159000, 9945
0.159000, 9944
0.159000, 9943
0.160000, 9942
0.160000, 9941
0.161000, 9940
0.161000, 9939
0.162000, 9938
0.162000, 9937
0.163000, 9936
0.163000, 9935
0.164000, 9934
0.164000, 9933
0.164000, 9932
0.165000, 9931
0.165000, 9930
0.166000, 9929
0.166000, 9928
0.168000, 9927
0.168000, 9926
0.168000, 9925
0.169000, 9924
0.169000, 9923
0.170000, 9922
0.171000, 9921
0.171000, 9920
0.171000, 9919
0.172000, 9918
0.172000, 9917
0.172000, 9916
0.173000, 9915
0.174000, 9914
0.175000, 9913
0.175000, 9912
0.175000, 9911
0.176000, 9910
0.176000, 9909
0.176000, 9908
0.178000, 9907
0.178000, 9906
0.179000, 9905
0.179000, 9904
0.180000, 9903
0.181000, 9902
0.181000, 9901
0.182000, 9900
0.182000, 9899
0.182000, 9898
0.184000, 9897
0.184000, 9896
0.184000, 9895
0.185000, 9894
0.186000, 9893
0.186000, 9892
0.187000, 9891
0.188000, 9890
0.188000, 9889
0.189000, 9888
0.189000, 9887
0.190000, 9886
0.190000, 9885
0.190000, 9884
0.191000, 9883
0.191000, 9882
0.192000, 9881
0.192000, 9880
0.193000, 9879
0.193000, 9878
0.193000, 9877
0.195000, 9876
0.195000, 9875
0.196000, 9874
0.197000, 9873
0.199000, 9872
0.200000, 9871
0.201000, 9870
0.202000, 9869
0.202000, 9868
0.203000, 9867
0.204000, 9866
0.204000, 9865
0.204000, 9864
0.205000, 9863
0.206000, 9862
0.206000, 9861
0.207000, 9860
0.207000, 9859
0.208000, 9858
0.208000, 9857
0.209000, 9856
0.209000, 9855
0.210000, 9854
0.210000, 9853
0.210000, 9852
0.211000, 9851
0.211000, 9850
0.211000, 9849
0.211000, 9848
0.212000, 9847
0.212000, 9846
0.213000, 9845
0.213000, 9844
0.214000, 9843
0.214000, 9842
0.216000, 9841
0.218000, 9840
0.218000, 9839
0.219000, 9838
0.219000, 9837
0.220000, 9836
0.220000, 9835
0.221000, 9834
0.221000, 9833
0.221000, 9832
0.221000, 9831
0.222000, 9830
0.223000, 9829
0.223000, 9828
0.223000, 9827
0.224000, 9826
0.225000, 9825
0.225000, 9824
0.225000, 9823
0.226000, 9822
0.227000, 9821
0.228000, 9820
0.228000, 9819
0.231000, 9818
0.231000, 9817
0.231000, 9816
0.232000, 9815
0.232000, 9814
0.233000, 9813
0.233000, 9812
0.233000, 9811
0.235000, 9810
0.235000, 9809
0.235000, 9808
0.236000, 9807
0.236000, 9806
0.237000, 9805
0.237000, 9804
0.238000, 9803
0.238000, 9802
0.239000, 9801
0.239000, 9800
0.240000, 9799
0.240000, 9798
0.242000, 9797
0.242000, 9796
0.243000, 9795
0.243000, 9794
0.244000, 9793
0.244000, 9792
0.244000, 9791
0.245000, 9790
0.245000, 9789
0.246000, 9788
0.247000, 9787
0.247000, 9786
0.248000, 9785
0.248000, 9784
0.248000, 9783
0.249000, 9782
0.249000, 9781
0.250000, 9780
0.251000, 9779
0.251000, 9778
0.253000, 9777
0.253000, 9776
0.254000, 9775
0.255000, 9774
0.257000, 9773
0.257000, 9772
0.257000, 9771
0.258000, 9770
0.258000, 9769
0.258000, 9768
0.259000, 9767
0.259000, 9766
0.260000, 9765
0.260000, 9764
0.261000, 9763
0.261000, 9762
0.261000, 9761
0.262000, 9760
0.262000, 9759
0.262000, 9758
0.263000, 9757
0.264000, 9756
0.264000, 9755
0.265000, 9754
0.265000, 9753
0.266000, 9752
0.266000, 9751
0.267000, 9750
0.268000, 9749
0.268000, 9748
0.268000, 9747
0.269000, 9746
0.269000, 9745
0.269000, 9744
0.270000, 9743
0.270000, 9742
0.270000, 9741
0.271000, 9740
0.273000, 9739
0.273000, 9738
0.274000, 9737
0.275000, 9736
0.275000, 9735
0.275000, 9734
0.277000, 9733
0.277000, 9732
0.278000, 9731
0.278000, 9730
0.278000, 9729
0.278000, 9728
0.279000, 9727
0.279000, 9726
0.280000, 9725
0.280000, 9724
0.282000, 9723
0.282000, 9722
0.283000, 9721
0.284000, 9720
0.284000, 9719
0.285000, 9718
0.286000, 9717
0.286000, 9716
0.286000, 9715
0.287000, 9714
0.287000, 9713
0.288000, 9712
0.288000, 9711
0.289000, 9710
0.289000, 9709
0.290000, 9708
0.290000, 9707
0.290000, 9706
0.292000, 9705
0.292000, 9704
0.292000, 9703
0.293000, 9702
0.293000, 9701
0.294000, 9700
0.295000, 9699
0.295000, 9698
0.295000, 9697
0.296000, 9696
0.296000, 9695
0.296000, 9694
0.297000, 9693
0.298000, 9692
0.298000, 9691
0.299000, 9690
0.300000, 9689
0.301000, 9688
0.301000, 9687
0.301000, 9686
0.302000, 9685
0.303000, 9684
0.303000, 9683
0.304000, 9682
0.304000, 9681
0.304000, 9680
0.305000, 9679
0.306000, 9678
0.306000, 9677
0.306000, 9676
0.307000, 9675
0.308000, 9674
0.308000, 9673
0.309000, 9672
0.310000, 9671
0.310000, 9670
0.311000, 9669
0.311000, 9668
0.312000, 9667
0.312000, 9666
0.313000, 9665
0.314000, 9664
0.314000, 9663
0.315000, 9662
0.316000, 9661
0.316000, 9660
0.316000, 9659
0.316000, 9658
0.317000, 9657
0.317000, 9656
0.317000, 9655
0.318000, 9654
0.318000, 9653
0.319000, 9652
0.320000, 9651
0.320000, 9650
0.321000, 9649
0.323000, 9648
0.324000, 9647
0.324000, 9646
0.325000, 9645
0.325000, 9644
0.326000, 9643
0.327000, 9642
0.327000, 9641
0.327000, 9640
0.328000, 9639
0.328000, 9638
0.330000, 9637
0.331000, 9636
0.331000, 9635
0.331000, 9634
0.333000, 9633
0.333000, 9632
0.333000, 9631
0.334000, 9630
0.334000, 9629
0.334000, 9628
0.335000, 9627
0.335000, 9626
0.336000, 9625
0.336000, 9624
0.338000, 9623
0.338000, 9622
0.339000, 9621
0.339000, 9620
0.340000, 9619
0.340000, 9618
0.341000, 9617
0.342000, 9616
0.342000, 9615
0.343000, 9614
0.343000, 9613
0.344000, 9612
0.344000, 9611
0.344000, 9610
0.345000, 9609
0.345000, 9608
0.346000, 9607
0.346000, 9606
0.346000, 9605
0.347000, 9604
0.348000, 9603
0.349000, 9602
0.350000, 9601
0.351000, 9600
0.351000, 9599
0.351000, 9598
0.352000, 9597
0.353000, 9596
0.353000, 9595
0.354000, 9594
0.355000, 9593
0.355000, 9592
0.356000, 9591
0.356000, 9590
0.357000, 9589
0.357000, 9588
0.357000, 9587
0.358000, 9586
0.358000, 9585
0.358000, 9584
0.359000, 9583
0.359000, 9582
0.360000, 9581
0.361000, 9580
0.361000, 9579
0.362000, 9578
0.362000, 9577
0.362000, 9576
0.363000, 9575
0.363000, 9574
0.364000, 9573
0.365000, 9572
0.366000, 9571
0.367000, 9570
0.368000, 9569
0.369000, 9568
0.369000, 9567
0.370000, 9566
0.371000, 9565
0.373000, 9564
0.374000, 9563
0.374000, 9562
0.374000, 9561
0.375000, 9560
0.375000, 9559
0.375000, 9558
0.375000, 9557
0.376000, 9556
0.376000, 9555
0.378000, 9554
0.378000, 9553
0.379000, 9552
0.380000, 9551
0.380000, 9550
0.381000, 9549
0.381000, 9548
0.382000, 9547
0.382000, 9546
0.383000, 9545
0.384000, 9544
0.384000, 9543
0.385000, 9542
0.386000, 9541
0.386000, 9540
0.387000, 9539
0.388000, 9538
0.388000, 9537
0.389000, 9536
0.389000, 9535
0.390000, 9534
0.392000, 9533
0.392000, 9532
0.393000, 9531
0.393000, 9530
0.394000, 9529
0.394000, 9528
0.396000, 9527
0.397000, 9526
0.398000, 9525
0.398000, 9524
0.398000, 9523
0.399000, 9522
0.401000, 9521
0.401000, 9520
0.401000, 9519
0.402000, 9518
0.402000, 9517
0.402000, 9516
0.403000, 9515
0.404000, 9514
0.404000, 9513
0.405000, 9512
0.406000, 9511
0.406000, 9510
0.407000, 9509
0.407000, 9508
0.407000, 9507
0.408000, 9506
0.409000, 9505
0.410000, 9504
0.410000, 9503
0.412000, 9502
0.413000, 9501
0.414000, 9500
0.414000, 9499
0.415000, 9498
0.416000, 9497
0.417000, 9496
0.418000, 9495
0.418000, 9494
0.419000, 9493
0.420000, 9492
0.420000, 9491
0.421000, 9490
0.421000, 9489
0.421000, 9488
0.422000, 9487
0.422000, 9486
0.423000, 9485
0.423000, 9484
0.424000, 9483
0.425000, 9482
0.425000, 9481
0.426000, 9480
0.427000, 9479
0.427000, 9478
0.427000, 9477
0.428000, 9476
0.428000, 9475
0.428000, 9474
0.430000, 9473
0.430000, 9472
0.431000, 9471
0.432000, 9470
0.432000, 9469
0.432000, 9468
0.433000, 9467
0.434000, 9466
0.435000, 9465
0.436000, 9464
0.436000, 9463
0.437000, 9462
0.437000, 9461
0.438000, 9460
0.438000, 9459
0.438000, 9458
0.439000, 9457
0.440000, 9456
0.442000, 9455
0.442000, 9454
0.443000, 9453
0.443000, 9452
0.443000, 9451
0.444000, 9450
0.444000, 9449
0.445000, 9448
0.446000, 9447
0.447000, 9446
0.448000, 9445
0.449000, 9444
0.450000, 9443
0.450000, 9442
0.451000, 9441
0.451000, 9440
0.451000, 9439
0.451000, 9438
0.452000, 9437
0.452000, 9436
0.453000, 9435
0.453000, 9434
0.454000, 9433
0.456000, 9432
0.456000, 9431
0.456000, 9430
0.456000, 9429
0.457000, 9428
0.458000, 9427
0.459000, 9426
0.460000, 9425
0.462000, 9424
0.462000, 9423
0.463000, 9422
0.464000, 9421
0.465000, 9420
0.465000, 9419
0.468000, 9418
0.468000, 9417
0.469000, 9416
0.470000, 9415
0.470000, 9414
0.471000, 9413
0.471000, 9412
0.472000, 9411
0.472000, 9410
0.473000, 9409
0.473000, 9408
0.474000, 9407
0.474000, 9406
0.475000, 9405
0.478000, 9404
0.479000, 9403
0.479000, 9402
0.479000, 9401
0.479000, 9400
0.480000, 9399
0.481000, 9398
0.481000, 9397
0.481000, 9396
0.483000, 9395
0.483000, 9394
0.484000, 9393
0.485000, 9392
0.486000, 9391
0.486000, 9390
0.486000, 9389
0.487000, 9388
0.488000, 9387
0.488000, 9386
0.490000, 9385
0.491000, 9384
0.491000, 9383
0.491000, 9382
0.492000, 9381
0.492000, 9380
0.492000, 9379
0.492000, 9378
0.493000, 9377
0.493000, 9376
0.494000, 9375
0.495000, 9374
0.495000, 9373
0.497000, 9372
0.497000, 9371
0.498000, 9370
0.499000, 9369
0.499000, 9368
0.499000, 9367
0.500000, 9366
0.500000, 9365
0.501000, 9364
0.502000, 9363
0.502000, 9362
0.503000, 9361
0.503000, 9360
0.504000, 9359
0.504000, 9358
0.506000, 9357
0.507000, 9356
0.507000, 9355
0.508000, 9354
0.508000, 9353
0.508000, 9352
0.509000, 9351
0.511000, 9350
0.511000, 9349
0.512000, 9348
0.512000, 9347
0.513000, 9346
0.514000, 9345
0.514000, 9344
0.515000, 9343
0.516000, 9342
0.516000, 9341
0.516000, 9340
0.517000, 9339
0.517000, 9338
0.518000, 9337
0.520000, 9336
0.520000, 9335
0.521000, 9334
0.521000, 9333
0.522000, 9332
0.522000, 9331
0.524000, 9330
0.525000, 9329
0.526000, 9328
0.527000, 9327
0.528000, 9326
0.528000, 9325
0.529000, 9324
0.531000, 9323
0.531000, 9322
0.532000, 9321
0.533000, 9320
0.534000, 9319
0.536000, 9318
0.537000, 9317
0.538000, 9316
0.538000, 9315
0.538000, 9314
0.540000, 9313
0.542000, 9312
0.543000, 9311
0.543000, 9310
0.544000, 9309
0.544000, 9308
0.545000, 9307
0.545000, 9306
0.545000, 9305
0.546000, 9304
0.546000, 9303
0.547000, 9302
0.547000, 9301
0.553000, 9300
0.554000, 9299
0.555000, 9298
0.555000, 9297
0.556000, 9296
0.556000, 9295
0.556000, 9294
0.556000, 9293
0.558000, 9292
0.558000, 9291
0.558000, 9290
0.559000, 9289
0.559000, 9288
0.559000, 9287
0.560000, 9286
0.560000, 9285
0.560000, 9284
0.561000, 9283
0.561000, 9282
0.561000, 9281
0.561000, 9280
0.563000, 9279
0.564000, 9278
0.564000, 9277
0.564000, 9276
0.565000, 9275
0.565000, 9274
0.566000, 9273
0.566000, 9272
0.566000, 9271
0.567000, 9270
0.567000, 9269
0.567000, 9268
0.568000, 9267
0.568000, 9266
0.568000, 9265
0.568000, 9264
0.569000, 9263
0.569000, 9262
0.570000, 9261
0.570000, 9260
0.571000, 9259
0.571000, 9258
0.571000, 9257
0.572000, 9256
0.572000, 9255
0.572000, 9254
0.573000, 9253
0.573000, 9252
0.574000, 9251
0.574000, 9250
0.575000, 9249
0.576000, 9248
0.576000, 9247
0.576000, 9246
0.576000, 9245
0.577000, 9244
0.577000, 9243
0.577000, 9242
0.577000, 9241
0.578000, 9240
0.578000, 9239
0.578000, 9238
0.579000, 9237
0.580000, 9236
0.580000, 9235
0.580000, 9234
0.581000, 9233
0.581000, 9232
0.581000, 9231
0.582000, 9230
0.582000, 9229
0.582000, 9228
0.582000, 9227
0.582000, 9226
0.583000, 9225
0.584000, 9224
0.584000, 9223
0.584000, 9222
0.585000, 9221
0.586000, 9220
0.586000, 9219
0.587000, 9218
0.588000, 9217
0.589000, 9216
0.589000, 9215
0.590000, 9214
0.590000, 9213
0.590000, 9212
0.591000, 9211
0.591000, 9210
0.591000, 9209
0.591000, 9208
0.591000, 9207
0.592000, 9206
0.592000, 9205
0.592000, 9204
0.593000, 9203
0.593000, 9202
0.593000, 9201
0.593000, 9200
0.593000, 9199
0.594000, 9198
0.595000, 9197
0.595000, 9196
0.595000, 9195
0.597000, 9194
0.598000, 9193
0.598000, 9192
0.598000, 9191
0.599000, 9190
0.599000, 9189
0.599000, 9188
0.599000, 9187
0.600000, 9186
0.600000, 9185
0.601000, 9184
0.601000, 9183
0.601000, 9182
0.602000, 9181
0.603000, 9180
0.604000, 9179
0.604000, 9178
0.605000, 9177
0.605000, 9176
0.605000, 9175
0.606000, 9174
0.606000, 9173
0.607000, 9172
0.608000, 9171
0.609000, 9170
0.609000, 9169
0.610000, 9168
0.610000, 9167
0.611000, 9166
0.611000, 9165
0.611000, 9164
0.611000, 9163
0.612000, 9162
0.612000, 9161
0.613000, 9160
0.614000, 9159
0.614000, 9158
0.614000, 9157
0.614000, 9156
0.615000, 9155
0.615000, 9154
0.615000, 9153
0.616000, 9152
0.617000, 9151
0.617000, 9150
0.617000, 9149
0.617000, 9148
0.618000, 9147
0.618000, 9146
0.619000, 9145
0.619000, 9144
0.620000, 9143
0.620000, 9142
0.621000, 9141
0.621000, 9140
0.621000, 9139
0.622000, 9138
0.622000, 9137
0.622000, 9136
0.622000, 9135
0.623000, 9134
0.623000, 9133
0.623000, 9132
0.623000, 9131
0.624000, 9130
0.624000, 9129
0.625000, 9128
0.625000, 9127
0.625000, 9126
0.626000, 9125
0.626000, 9124
0.626000, 9123
0.626000, 9122
0.627000, 9121
0.627000, 9120
0.627000, 9119
0.627000, 9118
0.628000, 9117
0.628000, 9116
0.628000, 9115
0.629000, 9114
0.630000, 9113
0.630000, 9112
0.630000, 9111
0.631000, 9110
0.631000, 9109
0.631000, 9108
0.632000, 9107
0.632000, 9106
0.633000, 9105
0.633000, 9104
0.633000, 9103
0.634000, 9102
0.634000, 9101
0.634000, 9100
0.635000, 9099
0.635000, 9098
0.636000, 9097
0.636000, 9096
0.636000, 9095
0.636000, 9094
0.637000, 9093
0.637000, 9092
0.638000, 9091
0.638000, 9090
0.638000, 9089
0.639000, 9088
0.639000, 9087
0.639000, 9086
0.640000, 9085
0.640000, 9084
0.640000, 9083
0.641000, 9082
0.642000, 9081
0.642000, 9080
0.642000, 9079
0.643000, 9078
0.643000, 9077
0.644000, 9076
0.644000, 9075
0.645000, 9074
0.645000, 9073
0.646000, 9072
0.647000, 9071
0.647000, 9070
0.648000, 9069
0.649000, 9068
0.649000, 9067
0.650000, 9066
0.650000, 9065
0.650000, 9064
0.650000, 9063
0.651000, 9062
0.652000, 9061
0.652000, 9060
0.653000, 9059
0.653000, 9058
0.653000, 9057
0.654000, 9056
0.654000, 9055
0.654000, 9054
0.655000, 9053
0.655000, 9052
0.655000, 9051
0.656000, 9050
0.656000, 9049
0.656000, 9048
0.657000, 9047
0.658000, 9046
0.658000, 9045
0.659000, 9044
0.660000, 9043
0.660000, 9042
0.661000, 9041
0.661000, 9040
0.662000, 9039
0.662000, 9038
0.662000, 9037
0.663000, 9036
0.663000, 9035
0.663000, 9034
0.663000, 9033
0.664000, 9032
0.665000, 9031
0.665000, 9030
0.666000, 9029
0.666000, 9028
0.667000, 9027
0.668000, 9026
0.668000, 9025
0.668000, 9024
0.668000, 9023
0.669000, 9022
0.669000, 9021
0.670000, 9020
0.670000, 9019
0.670000, 9018
0.670000, 9017
0.671000, 9016
0.671000, 9015
0.671000, 9014
0.671000, 9013
0.672000, 9012
0.672000, 9011
0.673000, 9010
0.673000, 9009
0.674000, 9008
0.674000, 9007
0.675000, 9006
0.675000, 9005
0.676000, 9004
0.676000, 9003
0.676000, 9002
0.677000, 9001
0.677000, 9000
0.678000, 8999
0.678000, 8998
0.679000, 8997
0.679000, 8996
0.680000, 8995
0.680000, 8994
0.681000, 8993
0.681000, 8992
0.682000, 8991
0.683000, 8990
0.683000, 8989
0.684000, 8988
0.684000, 8987
0.684000, 8986
0.685000, 8985
0.686000, 8984
0.686000, 8983
0.686000, 8982
0.687000, 8981
0.687000, 8980
0.687000, 8979
0.687000, 8978
0.688000, 8977
0.688000, 8976
0.689000, 8975
0.690000, 8974
0.690000, 8973
0.692000, 8972
0.692000, 8971
0.692000, 8970
0.693000, 8969
0.693000, 8968
0.694000, 8967
0.694000, 8966
0.694000, 8965
0.695000, 8964
0.695000, 8963
0.696000, 8962
0.697000, 8961
0.698000, 8960
0.700000, 8959
0.700000, 8958
0.701000, 8957
0.701000, 8956
0.701000, 8955
0.702000, 8954
0.702000, 8953
0.702000, 8952
0.703000, 8951
0.703000, 8950
0.703000, 8949
0.704000, 8948
0.705000, 8947
0.705000, 8946
0.705000, 8945
0.706000, 8944
0.706000, 8943
0.706000, 8942
0.707000, 8941
0.707000, 8940
0.707000, 8939
0.708000, 8938
0.709000, 8937
0.709000, 8936
0.709000, 8935
0.710000, 8934
0.710000, 8933
0.710000, 8932
0.710000, 8931
0.711000, 8930
0.712000, 8929
0.712000, 8928
0.712000, 8927
0.712000, 8926
0.713000, 8925
0.714000, 8924
0.714000, 8923
0.714000, 8922
0.716000, 8921
0.716000, 8920
0.716000, 8919
0.717000, 8918
0.717000, 8917
0.718000, 8916
0.718000, 8915
0.718000, 8914
0.718000, 8913
0.719000, 8912
0.719000, 8911
0.719000, 8910
0.720000, 8909
0.721000, 8908
0.721000, 8907
0.721000, 8906
0.721000, 8905
0.721000, 8904
0.722000, 8903
0.722000, 8902
0.723000, 8901
0.723000, 8900
0.724000, 8899
0.724000, 8898
0.724000, 8897
0.725000, 8896
0.726000, 8895
0.726000, 8894
0.726000, 8893
0.727000, 8892
0.728000, 8891
0.728000, 8890
0.728000, 8889
0.729000, 8888
0.729000, 8887
0.730000, 8886
0.730000, 8885
0.731000, 8884
0.731000, 8883
0.731000, 8882
0.732000, 8881
0.733000, 8880
0.734000, 8879
0.734000, 8878
0.735000, 8877
0.735000, 8876
0.735000, 8875
0.736000, 8874
0.737000, 8873
0.737000, 8872
0.738000, 8871
0.738000, 8870
0.738000, 8869
0.738000, 8868
0.739000, 8867
0.739000, 8866
0.740000, 8865
0.740000, 8864
0.740000, 8863
0.741000, 8862
0.741000, 8861
0.741000, 8860
0.741000, 8859
0.742000, 8858
0.742000, 8857
0.742000, 8856
0.742000, 8855
0.743000, 8854
0.744000, 8853
0.745000, 8852
0.745000, 8851
0.745000, 8850
0.746000, 8849
0.747000, 8848
0.748000, 8847
0.749000, 8846
0.749000, 8845
0.749000, 8844
0.751000, 8843
0.751000, 8842
0.751000, 8841
0.752000, 8840
0.752000, 8839
0.753000, 8838
0.753000, 8837
0.753000, 8836
0.753000, 8835
0.754000, 8834
0.754000, 8833
0.754000, 8832
0.754000, 8831
0.755000, 8830
0.756000, 8829
0.757000, 8828
0.757000, 8827
0.758000, 8826
0.758000, 8825
0.758000, 8824
0.758000, 8823
0.759000, 8822
0.760000, 8821
0.760000, 8820
0.760000, 8819
0.761000, 8818
0.761000, 8817
0.762000, 8816
0.762000, 8815
0.763000, 8814
0.764000, 8813
0.764000, 8812
0.764000, 8811
0.764000, 8810
0.765000, 8809
0.766000, 8808
0.766000, 8807
0.767000, 8806
0.767000, 8805
0.768000, 8804
0.769000, 8803
0.769000, 8802
0.770000, 8801
0.771000, 8800
0.771000, 8799
0.772000, 8798
0.772000, 8797
0.773000, 8796
0.773000, 8795
0.774000, 8794
0.774000, 8793
0.775000, 8792
0.775000, 8791
0.776000, 8790
0.776000, 8789
0.777000, 8788
0.777000, 8787
0.777000, 8786
0.778000, 8785
0.778000, 8784
0.779000, 8783
0.779000, 8782
0.779000, 8781
0.780000, 8780
0.780000, 8779
0.781000, 8778
0.781000, 8777
0.781000, 8776
0.782000, 8775
0.782000, 8774
0.783000, 8773
0.784000, 8772
0.784000, 8771
0.785000, 8770
0.785000, 8769
0.785000, 8768
0.786000, 8767
0.786000, 8766
0.786000, 8765
0.786000, 8764
0.786000, 8763
0.787000, 8762
0.788000, 8761
0.788000, 8760
0.789000, 8759
0.789000, 8758
0.790000, 8757
0.790000, 8756
0.790000, 8755
0.792000, 8754
0.792000, 8753
0.792000, 8752
0.793000, 8751
0.793000, 8750
0.795000, 8749
0.795000, 8748
0.796000, 8747
0.796000, 8746
0.796000, 8745
0.797000, 8744
0.798000, 8743
0.798000, 8742
0.799000, 8741
0.799000, 8740
0.799000, 8739
0.800000, 8738
0.800000, 8737
0.800000, 8736
0.801000, 8735
0.801000, 8734
0.802000, 8733
0.804000, 8732
0.804000, 8731
0.804000, 8730
0.805000, 8729
0.805000, 8728
0.805000, 8727
0.806000, 8726
0.806000, 8725
0.807000, 8724
0.807000, 8723
0.808000, 8722
0.808000, 8721
0.809000, 8720
0.809000, 8719
0.810000, 8718
0.810000, 8717
0.810000, 8716
0.811000, 8715
0.811000, 8714
0.811000, 8713
0.811000, 8712
0.812000, 8711
0.813000, 8710
0.813000, 8709
0.814000, 8708
0.815000, 8707
0.816000, 8706
0.816000, 8705
0.816000, 8704
0.816000, 8703
0.817000, 8702
0.817000, 8701
0.817000, 8700
0.818000, 8699
0.818000, 8698
0.818000, 8697
0.819000, 8696
0.819000, 8695
0.819000, 8694
0.820000, 8693
0.821000, 8692
0.821000, 8691
0.822000, 8690
0.822000, 8689
0.823000, 8688
0.824000, 8687
0.824000, 8686
0.825000, 8685
0.825000, 8684
0.825000, 8683
0.826000, 8682
0.826000, 8681
0.827000, 8680
0.827000, 8679
0.829000, 8678
0.830000, 8677
0.831000, 8676
0.831000, 8675
0.831000, 8674
0.832000, 8673
0.832000, 8672
0.832000, 8671
0.833000, 8670
0.833000, 8669
0.834000, 8668
0.834000, 8667
0.834000, 8666
0.835000, 8665
0.836000, 8664
0.836000, 8663
0.837000, 8662
0.837000, 8661
0.838000, 8660
0.838000, 8659
0.839000, 8658
0.839000, 8657
0.839000, 8656
0.840000, 8655
0.840000, 8654
0.841000, 8653
0.841000, 8652
0.841000, 8651
0.842000, 8650
0.842000, 8649
0.842000, 8648
0.843000, 8647
0.845000, 8646
0.847000, 8645
0.848000, 8644
0.848000, 8643
0.848000, 8642
0.849000, 8641
0.849000, 8640
0.850000, 8639
0.850000, 8638
0.850000, 8637
0.851000, 8636
0.851000, 8635
0.852000, 8634
0.853000, 8633
0.853000, 8632
0.855000, 8631
0.856000, 8630
0.857000, 8629
0.857000, 8628
0.857000, 8627
0.858000, 8626
0.858000, 8625
0.859000, 8624
0.859000, 8623
0.860000, 8622
0.861000, 8621
0.861000, 8620
0.863000, 8619
0.863000, 8618
0.864000, 8617
0.864000, 8616
0.864000, 8615
0.864000, 8614
0.865000, 8613
0.865000, 8612
0.866000, 8611
0.868000, 8610
0.868000, 8609
0.870000, 8608
0.871000, 8607
0.871000, 8606
0.871000, 8605
0.871000, 8604
0.872000, 8603
0.873000, 8602
0.874000, 8601
0.874000, 8600
0.875000, 8599
0.882000, 8598
0.883000, 8597
0.883000, 8596
0.884000, 8595
0.885000, 8594
0.886000, 8593
0.886000, 8592
0.887000, 8591
0.888000, 8590
0.888000, 8589
0.888000, 8588
0.890000, 8587
0.891000, 8586
0.891000, 8585
0.892000, 8584
0.893000, 8583
0.893000, 8582
0.894000, 8581
0.894000, 8580
0.896000, 8579
0.896000, 8578
0.897000, 8577
0.897000, 8576
0.897000, 8575
0.898000, 8574
0.898000, 8573
0.898000, 8572
0.898000, 8571
0.899000, 8570
0.899000, 8569
0.899000, 8568
0.900000, 8567
0.901000, 8566
0.901000, 8565
0.902000, 8564
0.902000, 8563
0.902000, 8562
0.903000, 8561
0.903000, 8560
0.904000, 8559
0.905000, 8558
0.905000, 8557
0.905000, 8556
0.905000, 8555
0.906000, 8554
0.906000, 8553
0.907000, 8552
0.908000, 8551
0.908000, 8550
0.910000, 8549
0.910000, 8548
0.911000, 8547
0.913000, 8546
0.914000, 8545
0.914000, 8544
0.914000, 8543
0.915000, 8542
0.916000, 8541
0.917000, 8540
0.917000, 8539
0.918000, 8538
0.918000, 8537
0.919000, 8536
0.919000, 8535
0.920000, 8534
0.920000, 8533
0.922000, 8532
0.922000, 8531
0.923000, 8530
0.923000, 8529
0.923000, 8528
0.924000, 8527
0.924000, 8526
0.924000, 8525
0.925000, 8524
0.925000, 8523
0.925000, 8522
0.926000, 8521
0.926000, 8520
0.927000, 8519
0.927000, 8518
0.927000, 8517
0.928000, 8516
0.929000, 8515
0.930000, 8514
0.930000, 8513
0.931000, 8512
0.931000, 8511
0.934000, 8510
0.934000, 8509
0.935000, 8508
0.935000, 8507
0.937000, 8506
0.937000, 8505
0.938000, 8504
0.938000, 8503
0.939000, 8502
0.940000, 8501
0.940000, 8500
0.941000, 8499
0.943000, 8498
0.943000, 8497
0.944000, 8496
0.945000, 8495
0.946000, 8494
0.946000, 8493
0.947000, 8492
0.948000, 8491
0.949000, 8490
0.950000, 8489
0.951000, 8488
0.952000, 8487
0.952000, 8486
0.953000, 8485
0.953000, 8484
0.954000, 8483
0.954000, 8482
0.955000, 8481
0.956000, 8480
0.957000, 8479
0.957000, 8478
0.958000, 8477
0.959000, 8476
0.960000, 8475
0.960000, 8474
0.961000, 8473
0.961000, 8472
0.962000, 8471
0.962000, 8470
0.962000, 8469
0.963000, 8468
0.964000, 8467
0.964000, 8466
0.964000, 8465
0.965000, 8464
0.965000, 8463
0.966000, 8462
0.966000, 8461
0.967000, 8460
0.968000, 8459
0.968000, 8458
0.968000, 8457
0.969000, 8456
0.970000, 8455
0.971000, 8454
0.971000, 8453
0.972000, 8452
0.972000, 8451
0.973000, 8450
0.973000, 8449
0.974000, 8448
0.974000, 8447
0.975000, 8446
0.976000, 8445
0.976000, 8444
0.976000, 8443
0.977000, 8442
0.979000, 8441
0.979000, 8440
0.980000, 8439
0.980000, 8438
0.980000, 8437
0.980000, 8436
0.983000, 8435
0.983000, 8434
0.984000, 8433
0.985000, 8432
0.986000, 8431
0.986000, 8430
0.986000, 8429
0.987000, 8428
0.988000, 8427
0.988000, 8426
0.990000, 8425
0.990000, 8424
0.992000, 8423
0.993000, 8422
0.994000, 8421
0.994000, 8420
0.995000, 8419
0.996000, 8418
0.998000, 8417
0.999000, 8416
1.001000, 8415
1.001000, 8414
1.001000, 8413
1.002000, 8412
1.003000, 8411
1.004000, 8410
1.004000, 8409
1.005000, 8408
1.007000, 8407
1.007000, 8406
1.008000, 8405
1.008000, 8404
1.009000, 8403
1.009000, 8402
1.009000, 8401
1.010000, 8400
1.010000, 8399
1.010000, 8398
1.010000, 8397
1.013000, 8396
1.013000, 8395
1.014000, 8394
1.014000, 8393
1.014000, 8392
1.015000, 8391
1.017000, 8390
1.018000, 8389
1.018000, 8388
1.019000, 8387
1.021000, 8386
1.021000, 8385
1.022000, 8384
1.023000, 8383
1.025000, 8382
1.025000, 8381
1.026000, 8380
1.026000, 8379
1.027000, 8378
1.028000, 8377
1.029000, 8376
1.030000, 8375
1.031000, 8374
1.032000, 8373
1.033000, 8372
1.033000, 8371
1.034000, 8370
1.034000, 8369
1.034000, 8368
1.035000, 8367
1.036000, 8366
1.036000, 8365
1.038000, 8364
1.038000, 8363
1.038000, 8362
1.040000, 8361
1.040000, 8360
1.040000, 8359
1.041000, 8358
1.041000, 8357
1.043000, 8356
1.043000, 8355
1.043000, 8354
1.044000, 8353
1.044000, 8352
1.044000, 8351
1.045000, 8350
1.046000, 8349
1.046000, 8348
1.046000, 8347
1.047000, 8346
1.048000, 8345
1.048000, 8344
1.049000, 8343
1.049000, 8342
1.050000, 8341
1.051000, 8340
1.053000, 8339
1.053000, 8338
1.055000, 8337
1.055000, 8336
1.055000, 8335
1.056000, 8334
1.057000, 8333
1.057000, 8332
1.058000, 8331
1.058000, 8330
1.058000, 8329
1.059000, 8328
1.059000, 8327
1.060000, 8326
1.061000, 8325
1.061000, 8324
1.062000, 8323
1.063000, 8322
1.064000, 8321
1.064000, 8320
1.065000, 8319
1.066000, 8318
1.067000, 8317
1.067000, 8316
1.067000, 8315
1.067000, 8314
1.068000, 8313
1.069000, 8312
1.069000, 8311
1.069000, 8310
1.070000, 8309
1.070000, 8308
1.070000, 8307
1.071000, 8306
1.071000, 8305
1.073000, 8304
1.073000, 8303
1.073000, 8302
1.074000, 8301
1.074000, 8300
1.075000, 8299
1.075000, 8298
1.075000, 8297
1.076000, 8296
1.077000, 8295
1.077000, 8294
1.077000, 8293
1.078000, 8292
1.078000, 8291
1.078000, 8290
1.078000, 8289
1.080000, 8288
1.080000, 8287
1.081000, 8286
1.081000, 8285
1.081000, 8284
1.082000, 8283
1.082000, 8282
1.083000, 8281
1.084000, 8280
1.084000, 8279
1.085000, 8278
1.085000, 8277
1.085000, 8276
1.086000, 8275
1.086000, 8274
1.086000, 8273
1.089000, 8272
1.092000, 8271
1.092000, 8270
1.093000, 8269
1.094000, 8268
1.094000, 8267
1.094000, 8266
1.095000, 8265
1.096000, 8264
1.096000, 8263
1.097000, 8262
1.097000, 8261
1.098000, 8260
1.098000, 8259
1.099000, 8258
1.100000, 8257
1.100000, 8256
1.100000, 8255
1.101000, 8254
1.101000, 8253
1.103000, 8252
1.103000, 8251
1.105000, 8250
1.105000, 8249
1.106000, 8248
1.107000, 8247
1.109000, 8246
1.110000, 8245
1.110000, 8244
1.110000, 8243
1.111000, 8242
1.111000, 8241
1.111000, 8240
1.112000, 8239
1.113000, 8238
1.113000, 8237
1.114000, 8236
1.115000, 8235
1.115000, 8234
1.116000, 8233
1.119000, 8232
1.120000, 8231
1.121000, 8230
1.121000, 8229
1.121000, 8228
1.122000, 8227
1.123000, 8226
1.124000, 8225
1.124000, 8224
1.128000, 8223
1.128000, 8222
1.131000, 8221
1.132000, 8220
1.135000, 8219
1.136000, 8218
1.137000, 8217
1.138000, 8216
1.139000, 8215
1.141000, 8214
1.143000, 8213
1.149000, 8212
1.150000, 8211
1.150000, 8210
1.151000, 8209
1.151000, 8208
1.151000, 8207
1.152000, 8206
1.153000, 8205
1.153000, 8204
1.154000, 8203
1.154000, 8202
1.155000, 8201
1.155000, 8200
1.159000, 8199
1.161000, 8198
1.162000, 8197
1.164000, 8196
1.165000, 8195
1.165000, 8194
1.166000, 8193
1.166000, 8192
1.167000, 8191
1.169000, 8190
1.169000, 8189
1.170000, 8188
1.170000, 8187
1.173000, 8186
1.174000, 8185
1.176000, 8184
1.177000, 8183
1.177000, 8182
1.179000, 8181
1.181000, 8180
1.182000, 8179
1.182000, 8178
1.183000, 8177
1.185000, 8176
1.185000, 8175
1.186000, 8174
1.187000, 8173
1.187000, 8172
1.187000, 8171
1.189000, 8170
1.190000, 8169
1.191000, 8168
1.193000, 8167
1.195000, 8166
1.195000, 8165
1.195000, 8164
1.197000, 8163
1.197000, 8162
1.200000, 8161
1.201000, 8160
1.203000, 8159
1.204000, 8158
1.205000, 8157
1.206000, 8156
1.206000, 8155
1.207000, 8154
1.207000, 8153
1.208000, 8152
1.208000, 8151
1.209000, 8150
1.211000, 8149
1.211000, 8148
1.211000, 8147
1.211000, 8146
1.212000, 8145
1.212000, 8144
1.214000, 8143
1.214000, 8142
1.214000, 8141
1.217000, 8140
1.217000, 8139
1.218000, 8138
1.219000, 8137
1.219000, 8136
1.220000, 8135
1.220000, 8134
1.221000, 8133
1.222000, 8132
1.224000, 8131
1.224000, 8130
1.224000, 8129
1.225000, 8128
1.226000, 8127
1.227000, 8126
1.228000, 8125
1.231000, 8124
1.232000, 8123
1.232000, 8122
1.233000, 8121
1.234000, 8120
1.235000, 8119
1.236000, 8118
1.236000, 8117
1.237000, 8116
1.237000, 8115
1.237000, 8114
1.238000, 8113
1.239000, 8112
1.241000, 8111
1.245000, 8110
1.246000, 8109
1.248000, 8108
1.248000, 8107
1.248000, 8106
1.249000, 8105
1.251000, 8104
1.252000, 8103
1.252000, 8102
1.252000, 8101
1.254000, 8100
1.255000, 8099
1.255000, 8098
1.256000, 8097
1.258000, 8096
1.260000, 8095
1.260000, 8094
1.261000, 8093
1.261000, 8092
1.262000, 8091
1.262000, 8090
1.263000, 8089
1.263000, 8088
1.265000, 8087
1.265000, 8086
1.265000, 8085
1.266000, 8084
1.266000, 8083
1.271000, 8082
1.273000, 8081
1.275000, 8080
1.275000, 8079
1.275000, 8078
1.275000, 8077
1.277000, 8076
1.277000, 8075
1.278000, 8074
1.278000, 8073
1.280000, 8072
1.280000, 8071
1.280000, 8070
1.282000, 8069
1.283000, 8068
1.284000, 8067
1.285000, 8066
1.285000, 8065
1.288000, 8064
1.289000, 8063
1.289000, 8062
1.289000, 8061
1.290000, 8060
1.290000, 8059
1.293000, 8058
1.294000, 8057
1.294000, 8056
1.294000, 8055
1.300000, 8054
1.300000, 8053
1.300000, 8052
1.300000, 8051
1.301000, 8050
1.303000, 8049
1.303000, 8048
1.304000, 8047
1.309000, 8046
1.309000, 8045
1.309000, 8044
1.309000, 8043
1.311000, 8042
1.312000, 8041
1.313000, 8040
1.319000, 8039
1.322000, 8038
1.324000, 8037
1.325000, 8036
1.327000, 8035
1.328000, 8034
1.330000, 8033
1.330000, 8032
1.330000, 8031
1.332000, 8030
1.333000, 8029
1.339000, 8028
1.339000, 8027
1.341000, 8026
1.342000, 8025
1.343000, 8024
1.344000, 8023
1.345000, 8022
1.345000, 8021
1.346000, 8020
1.347000, 8019
1.348000, 8018
1.348000, 8017
1.348000, 8016
1.350000, 8015
1.353000, 8014
1.354000, 8013
1.355000, 8012
1.355000, 8011
1.356000, 8010
1.356000, 8009
1.357000, 8008
1.360000, 8007
1.360000, 8006
1.362000, 8005
1.363000, 8004
1.366000, 8003
1.367000, 8002
1.367000, 8001
1.368000, 8000
1.369000, 7999
1.369000, 7998
1.371000, 7997
1.371000, 7996
1.374000, 7995
1.375000, 7994
1.375000, 7993
1.376000, 7992
1.379000, 7991
1.380000, 7990
1.381000, 7989
1.382000, 7988
1.384000, 7987
1.385000, 7986
1.393000, 7985
1.393000, 7984
1.393000, 7983
1.395000, 7982
1.397000, 7981
1.398000, 7980
1.400000, 7979
1.400000, 7978
1.401000, 7977
1.401000, 7976
1.402000, 7975
1.402000, 7974
1.403000, 7973
1.403000, 7972
1.404000, 7971
1.404000, 7970
1.407000, 7969
1.407000, 7968
1.409000, 7967
1.410000, 7966
1.411000, 7965
1.412000, 7964
1.413000, 7963
1.414000, 7962
1.419000, 7961
1.422000, 7960
1.423000, 7959
1.425000, 7958
1.425000, 7957
1.426000, 7956
1.427000, 7955
1.428000, 7954
1.429000, 7953
1.429000, 7952
1.433000, 7951
1.434000, 7950
1.437000, 7949
1.440000, 7948
1.443000, 7947
1.444000, 7946
1.445000, 7945
1.446000, 7944
1.446000, 7943
1.447000, 7942
1.448000, 7941
1.449000, 7940
1.451000, 7939
1.451000, 7938
1.451000, 7937
1.454000, 7936
1.454000, 7935
1.459000, 7934
1.460000, 7933
1.461000, 7932
1.462000, 7931
1.463000, 7930
1.467000, 7929
1.468000, 7928
1.469000, 7927
1.473000, 7926
1.475000, 7925
1.476000, 7924
1.477000, 7923
1.481000, 7922
1.486000, 7921
1.492000, 7920
1.494000, 7919
1.496000, 7918
1.498000, 7917
1.499000, 7916
1.501000, 7915
1.501000, 7914
1.505000, 7913
1.508000, 7912
1.508000, 7911
1.508000, 7910
1.508000, 7909
1.516000, 7908
1.517000, 7907
1.517000, 7906
1.520000, 7905
1.528000, 7904
1.528000, 7903
1.529000, 7902
1.529000, 7901
1.533000, 7900
1.533000, 7899
1.536000, 7898
1.537000, 7897
1.537000, 7896
1.537000, 7895
1.538000, 7894
1.539000, 7893
1.539000, 7892
1.540000, 7891
1.542000, 7890
1.543000, 7889
1.543000, 7888
1.544000, 7887
1.545000, 7886
1.547000, 7885
1.549000, 7884
1.550000, 7883
1.551000, 7882
1.554000, 7881
1.554000, 7880
1.555000, 7879
1.555000, 7878
1.556000, 7877
1.557000, 7876
1.558000, 7875
1.559000, 7874
1.560000, 7873
1.560000, 7872
1.562000, 7871
1.562000, 7870
1.569000, 7869
1.570000, 7868
1.572000, 7867
1.572000, 7866
1.574000, 7865
1.574000, 7864
1.576000, 7863
1.577000, 7862
1.579000, 7861
1.581000, 7860
1.583000, 7859
1.587000, 7858
1.592000, 7857
1.593000, 7856
1.593000, 7855
1.595000, 7854
1.598000, 7853
1.598000, 7852
1.600000, 7851
1.601000, 7850
1.602000, 7849
1.607000, 7848
1.608000, 7847
1.611000, 7846
1.611000, 7845
1.612000, 7844
1.618000, 7843
1.620000, 7842
1.621000, 7841
1.625000, 7840
1.626000, 7839
1.628000, 7838
1.630000, 7837
1.632000, 7836
1.632000, 7835
1.633000, 7834
1.638000, 7833
1.638000, 7832
1.640000, 7831
1.640000, 7830
1.640000, 7829
1.644000, 7828
1.647000, 7827
1.648000, 7826
1.649000, 7825
1.652000, 7824
1.653000, 7823
1.655000, 7822
1.657000, 7821
1.658000, 7820
1.659000, 7819
1.660000, 7818
1.662000, 7817
1.665000, 7816
1.668000, 7815
1.672000, 7814
1.672000, 7813
1.673000, 7812
1.673000, 7811
1.677000, 7810
1.677000, 7809
1.679000, 7808
1.684000, 7807
1.684000, 7806
1.685000, 7805
1.685000, 7804
1.689000, 7803
1.690000, 7802
1.692000, 7801
1.693000, 7800
1.694000, 7799
1.699000, 7798
1.700000, 7797
1.702000, 7796
1.704000, 7795
1.708000, 7794
1.711000, 7793
1.711000, 7792
1.712000, 7791
1.713000, 7790
1.718000, 7789
1.719000, 7788
1.719000, 7787
1.725000, 7786
1.727000, 7785
1.731000, 7784
1.732000, 7783
1.734000, 7782
1.736000, 7781
1.736000, 7780
1.736000, 7779
1.740000, 7778
1.740000, 7777
1.742000, 7776
1.744000, 7775
1.744000, 7774
1.747000, 7773
1.749000, 7772
1.750000, 7771
1.750000, 7770
1.758000, 7769
1.763000, 7768
1.764000, 7767
1.767000, 7766
1.770000, 7765
1.773000, 7764
1.775000, 7763
1.775000, 7762
1.780000, 7761
1.780000, 7760
1.783000, 7759
1.788000, 7758
1.791000, 7757
1.793000, 7756
1.796000, 7755
1.798000, 7754
1.799000, 7753
1.800000, 7752
1.803000, 7751
1.808000, 7750
1.812000, 7749
1.814000, 7748
1.830000, 7747
1.832000, 7746
1.835000, 7745
1.837000, 7744
1.840000, 7743
1.840000, 7742
1.843000, 7741
1.844000, 7740
1.845000, 7739
1.858000, 7738
1.861000, 7737
1.865000, 7736
1.865000, 7735
1.866000, 7734
1.866000, 7733
1.872000, 7732
1.886000, 7731
1.888000, 7730
1.889000, 7729
1.891000, 7728
1.896000, 7727
1.897000, 7726
1.897000, 7725
1.899000, 7724
1.905000, 7723
1.912000, 7722
1.928000, 7721
1.929000, 7720
1.932000, 7719
1.935000, 7718
1.938000, 7717
1.942000, 7716
1.943000, 7715
1.944000, 7714
1.946000, 7713
1.955000, 7712
1.956000, 7711
1.956000, 7710
1.966000, 7709
1.968000, 7708
1.968000, 7707
1.970000, 7706
1.971000, 7705
1.971000, 7704
1.973000, 7703
1.976000, 7702
1.979000, 7701
1.981000, 7700
1.982000, 7699
1.994000, 7698
1.994000, 7697
1.997000, 7696
2.007000, 7695
2.011000, 7694
2.011000, 7693
2.018000, 7692
2.020000, 7691
2.025000, 7690
2.029000, 7689
2.034000, 7688
2.038000, 7687
2.039000, 7686
2.047000, 7685
2.052000, 7684
2.059000, 7683
2.061000, 7682
2.061000, 7681
2.082000, 7680
2.083000, 7679
2.088000, 7678
2.091000, 7677
2.092000, 7676
2.092000, 7675
2.096000, 7674
2.100000, 7673
2.105000, 7672
2.108000, 7671
2.110000, 7670
2.113000, 7669
2.113000, 7668
2.114000, 7667
2.120000, 7666
2.122000, 7665
2.134000, 7664
2.151000, 7663
2.151000, 7662
2.152000, 7661
2.154000, 7660
2.155000, 7659
2.157000, 7658
2.167000, 7657
2.170000, 7656
2.178000, 7655
2.194000, 7654
2.195000, 7653
2.196000, 7652
2.202000, 7651
2.206000, 7650
2.208000, 7649
2.213000, 7648
2.216000, 7647
2.218000, 7646
2.219000, 7645
2.224000, 7644
2.241000, 7643
2.246000, 7642
2.275000, 7641
2.277000, 7640
2.278000, 7639
2.283000, 7638
2.284000, 7637
2.290000, 7636
2.304000, 7635
2.309000, 7634
2.315000, 7633
2.320000, 7632
2.326000, 7631
2.338000, 7630
2.353000, 7629
2.358000, 7628
2.367000, 7627
2.383000, 7626
2.388000, 7625
2.415000, 7624
2.424000, 7623
2.425000, 7622
2.439000, 7621
2.483000, 7620
2.518000, 7619
2.524000, 7618
2.532000, 7617
2.542000, 7616
2.543000, 7615
2.544000, 7614
2.548000, 7613
2.554000, 7612
2.566000, 7611
2.573000, 7610
2.588000, 7609
2.591000, 7608
2.596000, 7607
2.598000, 7606
2.625000, 7605
2.638000, 7604
2.660000, 7603
2.674000, 7602
2.675000, 7601
2.678000, 7600
2.688000, 7599
2.715000, 7598
2.729000, 7597
2.742000, 7596
2.747000, 7595
2.766000, 7594
2.772000, 7593
2.790000, 7592
2.810000, 7591
2.811000, 7590
2.844000, 7589
2.884000, 7588
2.887000, 7587
2.936000, 7586
2.953000, 7585
2.983000, 7584
2.985000, 7583
3.014000, 7582
3.021000, 7581
3.043000, 7580
3.050000, 7579
3.086000, 7578
3.118000, 7577
3.139000, 7576
3.158000, 7575
3.231000, 7574
3.254000, 7573
3.257000, 7572
3.278000, 7571
3.319000, 7570
3.422000, 7569
3.445000, 7568
3.524000, 7567
3.569000, 7566
3.659000, 7565
3.666000, 7564
3.690000, 7563
3.746000, 7562
3.768000, 7561
3.776000, 7560
3.792000, 7559
3.843000, 7558
3.884000, 7557
4.005000, 7556
4.030000, 7555
4.160000, 7554
4.181000, 7553
4.253000, 7552
4.279000, 7551
4.767000, 7550
5.541000, 7549
