0.013000, 10225
0.018000, 10224
0.020000, 10223
0.020000, 10222
0.021000, 10221
0.022000, 10220
0.023000, 10219
0.023000, 10218
0.024000, 10217
0.024000, 10216
0.025000, 10215
0.026000, 10214
0.027000, 10213
0.027000, 10212
0.028000, 10211
0.029000, 10210
0.030000, 10209
0.032000, 10208
0.034000, 10207
0.035000, 10206
0.035000, 10205
0.036000, 10204
0.037000, 10203
0.038000, 10202
0.038000, 10201
0.039000, 10200
0.040000, 10199
0.040000, 10198
0.041000, 10197
0.041000, 10196
0.042000, 10195
0.042000, 10194
0.043000, 10193
0.043000, 10192
0.044000, 10191
0.044000, 10190
0.046000, 10189
0.047000, 10188
0.047000, 10187
0.049000, 10186
0.050000, 10185
0.050000, 10184
0.050000, 10183
0.052000, 10182
0.054000, 10181
0.054000, 10180
0.057000, 10179
0.057000, 10178
0.058000, 10177
0.058000, 10176
0.059000, 10175
0.059000, 10174
0.059000, 10173
0.060000, 10172
0.060000, 10171
0.061000, 10170
0.062000, 10169
0.062000, 10168
0.063000, 10167
0.063000, 10166
0.063000, 10165
0.064000, 10164
0.065000, 10163
0.065000, 10162
0.066000, 10161
0.066000, 10160
0.067000, 10159
0.068000, 10158
0.069000, 10157
0.069000, 10156
0.070000, 10155
0.070000, 10154
0.070000, 10153
0.072000, 10152
0.073000, 10151
0.073000, 10150
0.074000, 10149
0.074000, 10148
0.074000, 10147
0.075000, 10146
0.075000, 10145
0.076000, 10144
0.076000, 10143
0.076000, 10142
0.077000, 10141
0.077000, 10140
0.077000, 10139
0.078000, 10138
0.078000, 10137
0.079000, 10136
0.079000, 10135
0.080000, 10134
0.080000, 10133
0.080000, 10132
0.080000, 10131
0.081000, 10130
0.082000, 10129
0.082000, 10128
0.083000, 10127
0.083000, 10126
0.084000, 10125
0.084000, 10124
0.084000, 10123
0.085000, 10122
0.086000, 10121
0.087000, 10120
0.087000, 10119
0.088000, 10118
0.088000, 10117
0.089000, 10116
0.089000, 10115
0.090000, 10114
0.090000, 10113
0.090000, 10112
0.093000, 10111
0.094000, 10110
0.094000, 10109
0.095000, 10108
0.096000, 10107
0.097000, 10106
0.097000, 10105
0.098000, 10104
0.099000, 10103
0.099000, 10102
0.100000, 10101
0.100000, 10100
0.101000, 10099
0.102000, 10098
0.102000, 10097
0.103000, 10096
0.103000, 10095
0.104000, 10094
0.105000, 10093
0.105000, 10092
0.107000, 10091
0.108000, 10090
0.108000, 10089
0.109000, 10088
0.109000, 10087
0.109000, 10086
0.109000, 10085
0.110000, 10084
0.110000, 10083
0.111000, 10082
0.111000, 10081
0.111000, 10080
0.112000, 10079
0.113000, 10078
0.113000, 10077
0.113000, 10076
0.114000, 10075
0.114000, 10074
0.115000, 10073
0.116000, 10072
0.116000, 10071
0.116000, 10070
0.117000, 10069
0.118000, 10068
0.118000, 10067
0.119000, 10066
0.120000, 10065
0.120000, 10064
0.121000, 10063
0.121000, 10062
0.122000, 10061
0.122000, 10060
0.123000, 10059
0.123000, 10058
0.123000, 10057
0.124000, 10056
0.125000, 10055
0.125000, 10054
0.126000, 10053
0.126000, 10052
0.126000, 10051
0.127000, 10050
0.127000, 10049
0.128000, 10048
0.129000, 10047
0.129000, 10046
0.130000, 10045
0.130000, 10044
0.131000, 10043
0.131000, 10042
0.132000, 10041
0.132000, 10040
0.133000, 10039
0.134000, 10038
0.135000, 10037
0.136000, 10036
0.136000, 10035
0.137000, 10034
0.137000, 10033
0.139000, 10032
0.139000, 10031
0.140000, 10030
0.141000, 10029
0.142000, 10028
0.142000, 10027
0.143000, 10026
0.143000, 10025
0.143000, 10024
0.143000, 10023
0.144000, 10022
0.144000, 10021
0.144000, 10020
0.145000, 10019
0.145000, 10018
0.145000, 10017
0.146000, 10016
0.147000, 10015
0.147000, 10014
0.149000, 10013
0.149000, 10012
0.150000, 10011
0.150000, 10010
0.151000, 10009
0.151000, 10008
0.152000, 10007
0.152000, 10006
0.153000, 10005
0.154000, 10004
0.154000, 10003
0.154000, 10002
0.155000, 10001
0.155000, 10000
0.156000, 9999
0.156000, 9998
0.156000, 9997
0.157000, 9996
0.158000, 9995
0.158000, 9994
0.158000, 9993
0.159000, 9992
0.159000, 9991
0.160000, 9990
0.161000, 9989
0.162000, 9988
0.163000, 9987
0.163000, 9986
0.163000, 9985
0.165000, 9984
0.166000, 9983
0.166000, 9982
0.167000, 9981
0.167000, 9980
0.167000, 9979
0.167000, 9978
0.168000, 9977
0.168000, 9976
0.169000, 9975
0.169000, 9974
0.169000, 9973
0.170000, 9972
0.170000, 9971
0.171000, 9970
0.171000, 9969
0.172000, 9968
0.172000, 9967
0.173000, 9966
0.173000, 9965
0.174000, 9964
0.174000, 9963
0.175000, 9962
0.176000, 9961
0.176000, 9960
0.177000, 9959
0.177000, 9958
0.178000, 9957
0.179000, 9956
0.180000, 9955
0.180000, 9954
0.181000, 9953
0.181000, 9952
0.182000, 9951
0.183000, 9950
0.183000, 9949
0.184000, 9948
0.184000, 9947
0.184000, 9946
0.186000, 9945
0.186000, 9944
0.187000, 9943
0.187000, 9942
0.187000, 9941
0.188000, 9940
0.188000, 9939
0.189000, 9938
0.190000, 9937
0.191000, 9936
0.191000, 9935
0.192000, 9934
0.192000, 9933
0.192000, 9932
0.193000, 9931
0.194000, 9930
0.194000, 9929
0.195000, 9928
0.196000, 9927
0.196000, 9926
0.197000, 9925
0.198000, 9924
0.198000, 9923
0.199000, 9922
0.199000, 9921
0.200000, 9920
0.200000, 9919
0.201000, 9918
0.202000, 9917
0.202000, 9916
0.203000, 9915
0.203000, 9914
0.204000, 9913
0.204000, 9912
0.204000, 9911
0.205000, 9910
0.206000, 9909
0.206000, 9908
0.207000, 9907
0.207000, 9906
0.208000, 9905
0.209000, 9904
0.209000, 9903
0.209000, 9902
0.210000, 9901
0.211000, 9900
0.211000, 9899
0.212000, 9898
0.212000, 9897
0.213000, 9896
0.213000, 9895
0.214000, 9894
0.214000, 9893
0.214000, 9892
0.215000, 9891
0.216000, 9890
0.216000, 9889
0.217000, 9888
0.217000, 9887
0.217000, 9886
0.218000, 9885
0.218000, 9884
0.218000, 9883
0.219000, 9882
0.219000, 9881
0.220000, 9880
0.220000, 9879
0.220000, 9878
0.221000, 9877
0.221000, 9876
0.221000, 9875
0.221000, 9874
0.222000, 9873
0.223000, 9872
0.225000, 9871
0.225000, 9870
0.226000, 9869
0.227000, 9868
0.228000, 9867
0.228000, 9866
0.228000, 9865
0.228000, 9864
0.229000, 9863
0.229000, 9862
0.229000, 9861
0.229000, 9860
0.230000, 9859
0.230000, 9858
0.231000, 9857
0.231000, 9856
0.232000, 9855
0.233000, 9854
0.233000, 9853
0.233000, 9852
0.234000, 9851
0.235000, 9850
0.235000, 9849
0.235000, 9848
0.236000, 9847
0.236000, 9846
0.237000, 9845
0.238000, 9844
0.238000, 9843
0.238000, 9842
0.239000, 9841
0.239000, 9840
0.239000, 9839
0.240000, 9838
0.240000, 9837
0.241000, 9836
0.241000, 9835
0.241000, 9834
0.241000, 9833
0.242000, 9832
0.243000, 9831
0.243000, 9830
0.244000, 9829
0.244000, 9828
0.245000, 9827
0.245000, 9826
0.245000, 9825
0.246000, 9824
0.246000, 9823
0.247000, 9822
0.247000, 9821
0.248000, 9820
0.248000, 9819
0.249000, 9818
0.249000, 9817
0.250000, 9816
0.250000, 9815
0.251000, 9814
0.251000, 9813
0.252000, 9812
0.252000, 9811
0.253000, 9810
0.254000, 9809
0.254000, 9808
0.255000, 9807
0.255000, 9806
0.255000, 9805
0.255000, 9804
0.256000, 9803
0.256000, 9802
0.256000, 9801
0.258000, 9800
0.259000, 9799
0.259000, 9798
0.259000, 9797
0.260000, 9796
0.260000, 9795
0.260000, 9794
0.261000, 9793
0.261000, 9792
0.262000, 9791
0.262000, 9790
0.263000, 9789
0.263000, 9788
0.264000, 9787
0.264000, 9786
0.264000, 9785
0.265000, 9784
0.265000, 9783
0.266000, 9782
0.268000, 9781
0.268000, 9780
0.268000, 9779
0.269000, 9778
0.269000, 9777
0.270000, 9776
0.270000, 9775
0.270000, 9774
0.271000, 9773
0.271000, 9772
0.272000, 9771
0.273000, 9770
0.273000, 9769
0.274000, 9768
0.275000, 9767
0.275000, 9766
0.275000, 9765
0.276000, 9764
0.276000, 9763
0.277000, 9762
0.277000, 9761
0.280000, 9760
0.281000, 9759
0.281000, 9758
0.281000, 9757
0.282000, 9756
0.282000, 9755
0.283000, 9754
0.283000, 9753
0.284000, 9752
0.284000, 9751
0.285000, 9750
0.285000, 9749
0.285000, 9748
0.286000, 9747
0.286000, 9746
0.287000, 9745
0.288000, 9744
0.289000, 9743
0.289000, 9742
0.290000, 9741
0.291000, 9740
0.291000, 9739
0.292000, 9738
0.293000, 9737
0.293000, 9736
0.294000, 9735
0.295000, 9734
0.295000, 9733
0.296000, 9732
0.296000, 9731
0.297000, 9730
0.297000, 9729
0.298000, 9728
0.299000, 9727
0.299000, 9726
0.301000, 9725
0.302000, 9724
0.302000, 9723
0.303000, 9722
0.304000, 9721
0.304000, 9720
0.305000, 9719
0.305000, 9718
0.306000, 9717
0.306000, 9716
0.307000, 9715
0.307000, 9714
0.307000, 9713
0.308000, 9712
0.308000, 9711
0.309000, 9710
0.310000, 9709
0.310000, 9708
0.311000, 9707
0.311000, 9706
0.312000, 9705
0.312000, 9704
0.313000, 9703
0.313000, 9702
0.313000, 9701
0.315000, 9700
0.315000, 9699
0.316000, 9698
0.317000, 9697
0.317000, 9696
0.318000, 9695
0.319000, 9694
0.320000, 9693
0.321000, 9692
0.321000, 9691
0.322000, 9690
0.323000, 9689
0.324000, 9688
0.324000, 9687
0.324000, 9686
0.324000, 9685
0.325000, 9684
0.325000, 9683
0.325000, 9682
0.326000, 9681
0.326000, 9680
0.326000, 9679
0.327000, 9678
0.327000, 9677
0.328000, 9676
0.328000, 9675
0.328000, 9674
0.329000, 9673
0.329000, 9672
0.330000, 9671
0.331000, 9670
0.331000, 9669
0.331000, 9668
0.332000, 9667
0.333000, 9666
0.333000, 9665
0.334000, 9664
0.334000, 9663
0.334000, 9662
0.335000, 9661
0.336000, 9660
0.336000, 9659
0.337000, 9658
0.337000, 9657
0.338000, 9656
0.338000, 9655
0.339000, 9654
0.339000, 9653
0.340000, 9652
0.340000, 9651
0.340000, 9650
0.340000, 9649
0.341000, 9648
0.342000, 9647
0.344000, 9646
0.345000, 9645
0.345000, 9644
0.345000, 9643
0.345000, 9642
0.346000, 9641
0.346000, 9640
0.347000, 9639
0.347000, 9638
0.347000, 9637
0.347000, 9636
0.348000, 9635
0.348000, 9634
0.349000, 9633
0.349000, 9632
0.349000, 9631
0.350000, 9630
0.350000, 9629
0.352000, 9628
0.353000, 9627
0.353000, 9626
0.353000, 9625
0.354000, 9624
0.355000, 9623
0.355000, 9622
0.355000, 9621
0.356000, 9620
0.356000, 9619
0.356000, 9618
0.357000, 9617
0.357000, 9616
0.358000, 9615
0.358000, 9614
0.359000, 9613
0.360000, 9612
0.360000, 9611
0.361000, 9610
0.362000, 9609
0.362000, 9608
0.363000, 9607
0.364000, 9606
0.364000, 9605
0.365000, 9604
0.365000, 9603
0.365000, 9602
0.366000, 9601
0.368000, 9600
0.368000, 9599
0.369000, 9598
0.369000, 9597
0.370000, 9596
0.370000, 9595
0.371000, 9594
0.372000, 9593
0.372000, 9592
0.373000, 9591
0.373000, 9590
0.373000, 9589
0.374000, 9588
0.375000, 9587
0.375000, 9586
0.376000, 9585
0.376000, 9584
0.376000, 9583
0.377000, 9582
0.378000, 9581
0.379000, 9580
0.380000, 9579
0.382000, 9578
0.382000, 9577
0.382000, 9576
0.383000, 9575
0.383000, 9574
0.383000, 9573
0.384000, 9572
0.385000, 9571
0.385000, 9570
0.386000, 9569
0.387000, 9568
0.387000, 9567
0.388000, 9566
0.388000, 9565
0.389000, 9564
0.389000, 9563
0.390000, 9562
0.390000, 9561
0.390000, 9560
0.391000, 9559
0.392000, 9558
0.393000, 9557
0.393000, 9556
0.393000, 9555
0.394000, 9554
0.394000, 9553
0.396000, 9552
0.396000, 9551
0.397000, 9550
0.397000, 9549
0.397000, 9548
0.398000, 9547
0.398000, 9546
0.399000, 9545
0.399000, 9544
0.399000, 9543
0.399000, 9542
0.400000, 9541
0.400000, 9540
0.401000, 9539
0.401000, 9538
0.402000, 9537
0.403000, 9536
0.403000, 9535
0.404000, 9534
0.404000, 9533
0.405000, 9532
0.405000, 9531
0.406000, 9530
0.406000, 9529
0.407000, 9528
0.407000, 9527
0.408000, 9526
0.409000, 9525
0.409000, 9524
0.409000, 9523
0.410000, 9522
0.410000, 9521
0.411000, 9520
0.411000, 9519
0.411000, 9518
0.411000, 9517
0.412000, 9516
0.412000, 9515
0.412000, 9514
0.413000, 9513
0.413000, 9512
0.414000, 9511
0.414000, 9510
0.415000, 9509
0.415000, 9508
0.415000, 9507
0.416000, 9506
0.416000, 9505
0.417000, 9504
0.417000, 9503
0.417000, 9502
0.418000, 9501
0.418000, 9500
0.419000, 9499
0.420000, 9498
0.420000, 9497
0.421000, 9496
0.422000, 9495
0.422000, 9494
0.422000, 9493
0.423000, 9492
0.423000, 9491
0.424000, 9490
0.425000, 9489
0.425000, 9488
0.426000, 9487
0.426000, 9486
0.426000, 9485
0.427000, 9484
0.428000, 9483
0.428000, 9482
0.429000, 9481
0.429000, 9480
0.430000, 9479
0.430000, 9478
0.430000, 9477
0.431000, 9476
0.431000, 9475
0.432000, 9474
0.432000, 9473
0.433000, 9472
0.433000, 9471
0.434000, 9470
0.434000, 9469
0.435000, 9468
0.436000, 9467
0.436000, 9466
0.437000, 9465
0.437000, 9464
0.438000, 9463
0.438000, 9462
0.439000, 9461
0.439000, 9460
0.439000, 9459
0.440000, 9458
0.440000, 9457
0.441000, 9456
0.441000, 9455
0.442000, 9454
0.442000, 9453
0.442000, 9452
0.443000, 9451
0.443000, 9450
0.444000, 9449
0.444000, 9448
0.444000, 9447
0.445000, 9446
0.445000, 9445
0.446000, 9444
0.447000, 9443
0.447000, 9442
0.448000, 9441
0.448000, 9440
0.449000, 9439
0.449000, 9438
0.450000, 9437
0.450000, 9436
0.451000, 9435
0.451000, 9434
0.452000, 9433
0.453000, 9432
0.454000, 9431
0.455000, 9430
0.456000, 9429
0.457000, 9428
0.458000, 9427
0.458000, 9426
0.459000, 9425
0.459000, 9424
0.459000, 9423
0.459000, 9422
0.461000, 9421
0.464000, 9420
0.464000, 9419
0.464000, 9418
0.464000, 9417
0.465000, 9416
0.465000, 9415
0.466000, 9414
0.467000, 9413
0.467000, 9412
0.467000, 9411
0.468000, 9410
0.469000, 9409
0.470000, 9408
0.471000, 9407
0.472000, 9406
0.474000, 9405
0.474000, 9404
0.475000, 9403
0.476000, 9402
0.477000, 9401
0.477000, 9400
0.478000, 9399
0.478000, 9398
0.479000, 9397
0.480000, 9396
0.480000, 9395
0.481000, 9394
0.481000, 9393
0.482000, 9392
0.482000, 9391
0.483000, 9390
0.484000, 9389
0.484000, 9388
0.484000, 9387
0.485000, 9386
0.485000, 9385
0.486000, 9384
0.487000, 9383
0.488000, 9382
0.488000, 9381
0.489000, 9380
0.490000, 9379
0.491000, 9378
0.492000, 9377
0.492000, 9376
0.493000, 9375
0.493000, 9374
0.493000, 9373
0.494000, 9372
0.494000, 9371
0.494000, 9370
0.495000, 9369
0.495000, 9368
0.496000, 9367
0.496000, 9366
0.496000, 9365
0.497000, 9364
0.497000, 9363
0.498000, 9362
0.499000, 9361
0.499000, 9360
0.500000, 9359
0.500000, 9358
0.501000, 9357
0.502000, 9356
0.502000, 9355
0.503000, 9354
0.504000, 9353
0.504000, 9352
0.504000, 9351
0.505000, 9350
0.505000, 9349
0.506000, 9348
0.506000, 9347
0.507000, 9346
0.507000, 9345
0.508000, 9344
0.508000, 9343
0.509000, 9342
0.511000, 9341
0.511000, 9340
0.512000, 9339
0.512000, 9338
0.512000, 9337
0.513000, 9336
0.514000, 9335
0.514000, 9334
0.516000, 9333
0.516000, 9332
0.516000, 9331
0.517000, 9330
0.517000, 9329
0.518000, 9328
0.518000, 9327
0.519000, 9326
0.520000, 9325
0.520000, 9324
0.522000, 9323
0.522000, 9322
0.525000, 9321
0.525000, 9320
0.526000, 9319
0.526000, 9318
0.527000, 9317
0.527000, 9316
0.528000, 9315
0.528000, 9314
0.529000, 9313
0.529000, 9312
0.530000, 9311
0.531000, 9310
0.531000, 9309
0.532000, 9308
0.532000, 9307
0.533000, 9306
0.534000, 9305
0.535000, 9304
0.535000, 9303
0.536000, 9302
0.536000, 9301
0.537000, 9300
0.540000, 9299
0.540000, 9298
0.540000, 9297
0.541000, 9296
0.541000, 9295
0.542000, 9294
0.542000, 9293
0.542000, 9292
0.544000, 9291
0.546000, 9290
0.546000, 9289
0.547000, 9288
0.547000, 9287
0.548000, 9286
0.549000, 9285
0.549000, 9284
0.550000, 9283
0.550000, 9282
0.551000, 9281
0.552000, 9280
0.552000, 9279
0.553000, 9278
0.554000, 9277
0.554000, 9276
0.555000, 9275
0.555000, 9274
0.556000, 9273
0.556000, 9272
0.557000, 9271
0.559000, 9270
0.565000, 9269
0.566000, 9268
0.566000, 9267
0.567000, 9266
0.567000, 9265
0.568000, 9264
0.568000, 9263
0.568000, 9262
0.569000, 9261
0.569000, 9260
0.569000, 9259
0.570000, 9258
0.570000, 9257
0.571000, 9256
0.571000, 9255
0.571000, 9254
0.572000, 9253
0.572000, 9252
0.573000, 9251
0.573000, 9250
0.573000, 9249
0.573000, 9248
0.574000, 9247
0.574000, 9246
0.575000, 9245
0.575000, 9244
0.576000, 9243
0.576000, 9242
0.577000, 9241
0.577000, 9240
0.578000, 9239
0.578000, 9238
0.579000, 9237
0.579000, 9236
0.579000, 9235
0.580000, 9234
0.580000, 9233
0.580000, 9232
0.581000, 9231
0.582000, 9230
0.582000, 9229
0.583000, 9228
0.583000, 9227
0.583000, 9226
0.584000, 9225
0.584000, 9224
0.585000, 9223
0.586000, 9222
0.586000, 9221
0.586000, 9220
0.587000, 9219
0.587000, 9218
0.588000, 9217
0.588000, 9216
0.589000, 9215
0.589000, 9214
0.589000, 9213
0.590000, 9212
0.590000, 9211
0.591000, 9210
0.591000, 9209
0.591000, 9208
0.592000, 9207
0.592000, 9206
0.593000, 9205
0.593000, 9204
0.595000, 9203
0.596000, 9202
0.596000, 9201
0.596000, 9200
0.596000, 9199
0.596000, 9198
0.597000, 9197
0.597000, 9196
0.597000, 9195
0.598000, 9194
0.598000, 9193
0.599000, 9192
0.599000, 9191
0.599000, 9190
0.599000, 9189
0.599000, 9188
0.600000, 9187
0.600000, 9186
0.600000, 9185
0.601000, 9184
0.601000, 9183
0.601000, 9182
0.601000, 9181
0.602000, 9180
0.602000, 9179
0.602000, 9178
0.603000, 9177
0.603000, 9176
0.604000, 9175
0.604000, 9174
0.605000, 9173
0.605000, 9172
0.605000, 9171
0.606000, 9170
0.606000, 9169
0.607000, 9168
0.607000, 9167
0.607000, 9166
0.608000, 9165
0.608000, 9164
0.608000, 9163
0.608000, 9162
0.609000, 9161
0.609000, 9160
0.609000, 9159
0.609000, 9158
0.609000, 9157
0.610000, 9156
0.610000, 9155
0.610000, 9154
0.610000, 9153
0.611000, 9152
0.611000, 9151
0.612000, 9150
0.612000, 9149
0.613000, 9148
0.613000, 9147
0.613000, 9146
0.614000, 9145
0.614000, 9144
0.615000, 9143
0.615000, 9142
0.615000, 9141
0.615000, 9140
0.616000, 9139
0.617000, 9138
0.618000, 9137
0.618000, 9136
0.619000, 9135
0.620000, 9134
0.620000, 9133
0.621000, 9132
0.622000, 9131
0.622000, 9130
0.622000, 9129
0.622000, 9128
0.623000, 9127
0.623000, 9126
0.623000, 9125
0.623000, 9124
0.624000, 9123
0.624000, 9122
0.625000, 9121
0.625000, 9120
0.625000, 9119
0.626000, 9118
0.626000, 9117
0.626000, 9116
0.627000, 9115
0.628000, 9114
0.628000, 9113
0.628000, 9112
0.629000, 9111
0.629000, 9110
0.629000, 9109
0.630000, 9108
0.630000, 9107
0.632000, 9106
0.632000, 9105
0.633000, 9104
0.634000, 9103
0.634000, 9102
0.636000, 9101
0.637000, 9100
0.637000, 9099
0.638000, 9098
0.638000, 9097
0.639000, 9096
0.639000, 9095
0.640000, 9094
0.640000, 9093
0.641000, 9092
0.641000, 9091
0.642000, 9090
0.642000, 9089
0.643000, 9088
0.643000, 9087
0.644000, 9086
0.644000, 9085
0.645000, 9084
0.645000, 9083
0.646000, 9082
0.647000, 9081
0.647000, 9080
0.649000, 9079
0.649000, 9078
0.649000, 9077
0.650000, 9076
0.650000, 9075
0.650000, 9074
0.651000, 9073
0.652000, 9072
0.652000, 9071
0.652000, 9070
0.653000, 9069
0.653000, 9068
0.653000, 9067
0.653000, 9066
0.654000, 9065
0.654000, 9064
0.655000, 9063
0.655000, 9062
0.655000, 9061
0.655000, 9060
0.655000, 9059
0.656000, 9058
0.656000, 9057
0.656000, 9056
0.656000, 9055
0.658000, 9054
0.658000, 9053
0.659000, 9052
0.659000, 9051
0.659000, 9050
0.660000, 9049
0.660000, 9048
0.660000, 9047
0.661000, 9046
0.662000, 9045
0.662000, 9044
0.662000, 9043
0.662000, 9042
0.663000, 9041
0.664000, 9040
0.665000, 9039
0.666000, 9038
0.666000, 9037
0.666000, 9036
0.666000, 9035
0.666000, 9034
0.667000, 9033
0.668000, 9032
0.668000, 9031
0.668000, 9030
0.668000, 9029
0.669000, 9028
0.669000, 9027
0.670000, 9026
0.670000, 9025
0.670000, 9024
0.671000, 9023
0.671000, 9022
0.672000, 9021
0.672000, 9020
0.672000, 9019
0.673000, 9018
0.673000, 9017
0.674000, 9016
0.674000, 9015
0.675000, 9014
0.675000, 9013
0.675000, 9012
0.675000, 9011
0.676000, 9010
0.677000, 9009
0.677000, 9008
0.677000, 9007
0.678000, 9006
0.678000, 9005
0.679000, 9004
0.680000, 9003
0.680000, 9002
0.681000, 9001
0.681000, 9000
0.682000, 8999
0.683000, 8998
0.683000, 8997
0.683000, 8996
0.683000, 8995
0.684000, 8994
0.684000, 8993
0.684000, 8992
0.685000, 8991
0.685000, 8990
0.685000, 8989
0.685000, 8988
0.686000, 8987
0.686000, 8986
0.687000, 8985
0.687000, 8984
0.688000, 8983
0.688000, 8982
0.688000, 8981
0.689000, 8980
0.689000, 8979
0.689000, 8978
0.689000, 8977
0.690000, 8976
0.690000, 8975
0.691000, 8974
0.691000, 8973
0.691000, 8972
0.691000, 8971
0.691000, 8970
0.694000, 8969
0.694000, 8968
0.694000, 8967
0.694000, 8966
0.695000, 8965
0.695000, 8964
0.696000, 8963
0.696000, 8962
0.697000, 8961
0.697000, 8960
0.697000, 8959
0.698000, 8958
0.698000, 8957
0.698000, 8956
0.699000, 8955
0.700000, 8954
0.700000, 8953
0.700000, 8952
0.700000, 8951
0.701000, 8950
0.702000, 8949
0.702000, 8948
0.703000, 8947
0.704000, 8946
0.705000, 8945
0.705000, 8944
0.705000, 8943
0.705000, 8942
0.706000, 8941
0.706000, 8940
0.707000, 8939
0.707000, 8938
0.707000, 8937
0.707000, 8936
0.709000, 8935
0.710000, 8934
0.710000, 8933
0.711000, 8932
0.711000, 8931
0.711000, 8930
0.712000, 8929
0.712000, 8928
0.713000, 8927
0.713000, 8926
0.713000, 8925
0.714000, 8924
0.714000, 8923
0.715000, 8922
0.715000, 8921
0.715000, 8920
0.716000, 8919
0.716000, 8918
0.717000, 8917
0.717000, 8916
0.718000, 8915
0.718000, 8914
0.718000, 8913
0.718000, 8912
0.719000, 8911
0.719000, 8910
0.721000, 8909
0.722000, 8908
0.722000, 8907
0.722000, 8906
0.723000, 8905
0.723000, 8904
0.723000, 8903
0.724000, 8902
0.724000, 8901
0.724000, 8900
0.724000, 8899
0.725000, 8898
0.725000, 8897
0.725000, 8896
0.726000, 8895
0.727000, 8894
0.728000, 8893
0.728000, 8892
0.728000, 8891
0.728000, 8890
0.729000, 8889
0.729000, 8888
0.730000, 8887
0.730000, 8886
0.730000, 8885
0.731000, 8884
0.731000, 8883
0.732000, 8882
0.732000, 8881
0.732000, 8880
0.733000, 8879
0.733000, 8878
0.733000, 8877
0.734000, 8876
0.734000, 8875
0.735000, 8874
0.735000, 8873
0.736000, 8872
0.738000, 8871
0.739000, 8870
0.740000, 8869
0.740000, 8868
0.740000, 8867
0.741000, 8866
0.742000, 8865
0.742000, 8864
0.743000, 8863
0.743000, 8862
0.743000, 8861
0.744000, 8860
0.745000, 8859
0.745000, 8858
0.745000, 8857
0.747000, 8856
0.747000, 8855
0.748000, 8854
0.748000, 8853
0.749000, 8852
0.749000, 8851
0.749000, 8850
0.749000, 8849
0.749000, 8848
0.750000, 8847
0.750000, 8846
0.751000, 8845
0.751000, 8844
0.752000, 8843
0.753000, 8842
0.754000, 8841
0.754000, 8840
0.754000, 8839
0.755000, 8838
0.755000, 8837
0.756000, 8836
0.756000, 8835
0.756000, 8834
0.757000, 8833
0.757000, 8832
0.757000, 8831
0.757000, 8830
0.758000, 8829
0.759000, 8828
0.759000, 8827
0.760000, 8826
0.760000, 8825
0.761000, 8824
0.761000, 8823
0.762000, 8822
0.763000, 8821
0.763000, 8820
0.763000, 8819
0.764000, 8818
0.765000, 8817
0.766000, 8816
0.766000, 8815
0.766000, 8814
0.766000, 8813
0.767000, 8812
0.767000, 8811
0.768000, 8810
0.769000, 8809
0.769000, 8808
0.770000, 8807
0.770000, 8806
0.770000, 8805
0.771000, 8804
0.771000, 8803
0.772000, 8802
0.772000, 8801
0.772000, 8800
0.772000, 8799
0.772000, 8798
0.773000, 8797
0.774000, 8796
0.774000, 8795
0.775000, 8794
0.775000, 8793
0.776000, 8792
0.776000, 8791
0.778000, 8790
0.778000, 8789
0.779000, 8788
0.779000, 8787
0.780000, 8786
0.780000, 8785
0.780000, 8784
0.780000, 8783
0.781000, 8782
0.781000, 8781
0.781000, 8780
0.782000, 8779
0.782000, 8778
0.782000, 8777
0.783000, 8776
0.784000, 8775
0.784000, 8774
0.784000, 8773
0.785000, 8772
0.785000, 8771
0.786000, 8770
0.786000, 8769
0.787000, 8768
0.787000, 8767
0.787000, 8766
0.787000, 8765
0.788000, 8764
0.788000, 8763
0.788000, 8762
0.789000, 8761
0.790000, 8760
0.791000, 8759
0.792000, 8758
0.792000, 8757
0.792000, 8756
0.793000, 8755
0.794000, 8754
0.794000, 8753
0.795000, 8752
0.796000, 8751
0.798000, 8750
0.798000, 8749
0.798000, 8748
0.799000, 8747
0.799000, 8746
0.799000, 8745
0.800000, 8744
0.800000, 8743
0.802000, 8742
0.803000, 8741
0.803000, 8740
0.804000, 8739
0.804000, 8738
0.804000, 8737
0.804000, 8736
0.805000, 8735
0.806000, 8734
0.806000, 8733
0.806000, 8732
0.807000, 8731
0.807000, 8730
0.808000, 8729
0.808000, 8728
0.808000, 8727
0.808000, 8726
0.809000, 8725
0.810000, 8724
0.810000, 8723
0.810000, 8722
0.811000, 8721
0.812000, 8720
0.813000, 8719
0.813000, 8718
0.814000, 8717
0.814000, 8716
0.814000, 8715
0.815000, 8714
0.816000, 8713
0.816000, 8712
0.816000, 8711
0.817000, 8710
0.817000, 8709
0.817000, 8708
0.817000, 8707
0.818000, 8706
0.819000, 8705
0.820000, 8704
0.820000, 8703
0.821000, 8702
0.821000, 8701
0.821000, 8700
0.821000, 8699
0.822000, 8698
0.822000, 8697
0.823000, 8696
0.823000, 8695
0.824000, 8694
0.825000, 8693
0.825000, 8692
0.825000, 8691
0.826000, 8690
0.826000, 8689
0.828000, 8688
0.828000, 8687
0.828000, 8686
0.829000, 8685
0.829000, 8684
0.830000, 8683
0.830000, 8682
0.830000, 8681
0.830000, 8680
0.831000, 8679
0.831000, 8678
0.831000, 8677
0.832000, 8676
0.833000, 8675
0.834000, 8674
0.834000, 8673
0.835000, 8672
0.836000, 8671
0.836000, 8670
0.837000, 8669
0.838000, 8668
0.838000, 8667
0.839000, 8666
0.839000, 8665
0.841000, 8664
0.841000, 8663
0.841000, 8662
0.842000, 8661
0.843000, 8660
0.843000, 8659
0.843000, 8658
0.844000, 8657
0.844000, 8656
0.845000, 8655
0.845000, 8654
0.846000, 8653
0.846000, 8652
0.847000, 8651
0.847000, 8650
0.848000, 8649
0.848000, 8648
0.849000, 8647
0.849000, 8646
0.849000, 8645
0.850000, 8644
0.850000, 8643
0.850000, 8642
0.851000, 8641
0.851000, 8640
0.851000, 8639
0.851000, 8638
0.852000, 8637
0.853000, 8636
0.853000, 8635
0.853000, 8634
0.854000, 8633
0.854000, 8632
0.855000, 8631
0.855000, 8630
0.856000, 8629
0.858000, 8628
0.859000, 8627
0.860000, 8626
0.861000, 8625
0.861000, 8624
0.861000, 8623
0.862000, 8622
0.863000, 8621
0.863000, 8620
0.864000, 8619
0.864000, 8618
0.865000, 8617
0.866000, 8616
0.868000, 8615
0.869000, 8614
0.869000, 8613
0.870000, 8612
0.871000, 8611
0.872000, 8610
0.872000, 8609
0.875000, 8608
0.875000, 8607
0.881000, 8606
0.882000, 8605
0.884000, 8604
0.884000, 8603
0.884000, 8602
0.884000, 8601
0.885000, 8600
0.886000, 8599
0.886000, 8598
0.887000, 8597
0.888000, 8596
0.888000, 8595
0.888000, 8594
0.889000, 8593
0.889000, 8592
0.889000, 8591
0.890000, 8590
0.890000, 8589
0.890000, 8588
0.891000, 8587
0.891000, 8586
0.893000, 8585
0.893000, 8584
0.893000, 8583
0.894000, 8582
0.894000, 8581
0.895000, 8580
0.895000, 8579
0.895000, 8578
0.895000, 8577
0.896000, 8576
0.897000, 8575
0.898000, 8574
0.898000, 8573
0.900000, 8572
0.901000, 8571
0.902000, 8570
0.902000, 8569
0.902000, 8568
0.902000, 8567
0.903000, 8566
0.904000, 8565
0.904000, 8564
0.904000, 8563
0.905000, 8562
0.906000, 8561
0.907000, 8560
0.907000, 8559
0.907000, 8558
0.907000, 8557
0.908000, 8556
0.908000, 8555
0.911000, 8554
0.911000, 8553
0.912000, 8552
0.912000, 8551
0.912000, 8550
0.912000, 8549
0.912000, 8548
0.913000, 8547
0.913000, 8546
0.914000, 8545
0.915000, 8544
0.916000, 8543
0.916000, 8542
0.916000, 8541
0.917000, 8540
0.919000, 8539
0.919000, 8538
0.920000, 8537
0.922000, 8536
0.923000, 8535
0.923000, 8534
0.924000, 8533
0.924000, 8532
0.925000, 8531
0.927000, 8530
0.927000, 8529
0.927000, 8528
0.928000, 8527
0.928000, 8526
0.928000, 8525
0.929000, 8524
0.929000, 8523
0.929000, 8522
0.930000, 8521
0.930000, 8520
0.930000, 8519
0.931000, 8518
0.933000, 8517
0.933000, 8516
0.933000, 8515
0.933000, 8514
0.934000, 8513
0.935000, 8512
0.935000, 8511
0.935000, 8510
0.936000, 8509
0.937000, 8508
0.937000, 8507
0.937000, 8506
0.939000, 8505
0.940000, 8504
0.940000, 8503
0.941000, 8502
0.941000, 8501
0.941000, 8500
0.941000, 8499
0.943000, 8498
0.943000, 8497
0.943000, 8496
0.944000, 8495
0.944000, 8494
0.944000, 8493
0.944000, 8492
0.945000, 8491
0.945000, 8490
0.946000, 8489
0.946000, 8488
0.947000, 8487
0.947000, 8486
0.948000, 8485
0.949000, 8484
0.952000, 8483
0.953000, 8482
0.954000, 8481
0.954000, 8480
0.955000, 8479
0.955000, 8478
0.957000, 8477
0.958000, 8476
0.959000, 8475
0.959000, 8474
0.960000, 8473
0.961000, 8472
0.961000, 8471
0.962000, 8470
0.964000, 8469
0.964000, 8468
0.965000, 8467
0.965000, 8466
0.966000, 8465
0.968000, 8464
0.969000, 8463
0.969000, 8462
0.969000, 8461
0.970000, 8460
0.970000, 8459
0.971000, 8458
0.971000, 8457
0.971000, 8456
0.972000, 8455
0.972000, 8454
0.974000, 8453
0.974000, 8452
0.974000, 8451
0.975000, 8450
0.976000, 8449
0.976000, 8448
0.976000, 8447
0.977000, 8446
0.977000, 8445
0.977000, 8444
0.978000, 8443
0.979000, 8442
0.981000, 8441
0.981000, 8440
0.982000, 8439
0.982000, 8438
0.983000, 8437
0.984000, 8436
0.985000, 8435
0.986000, 8434
0.986000, 8433
0.987000, 8432
0.987000, 8431
0.987000, 8430
0.987000, 8429
0.987000, 8428
0.989000, 8427
0.989000, 8426
0.989000, 8425
0.990000, 8424
0.990000, 8423
0.991000, 8422
0.991000, 8421
0.993000, 8420
0.994000, 8419
0.994000, 8418
0.994000, 8417
0.995000, 8416
0.995000, 8415
0.996000, 8414
0.996000, 8413
0.997000, 8412
0.997000, 8411
0.997000, 8410
0.997000, 8409
0.999000, 8408
0.999000, 8407
1.001000, 8406
1.002000, 8405
1.002000, 8404
1.002000, 8403
1.003000, 8402
1.004000, 8401
1.005000, 8400
1.006000, 8399
1.010000, 8398
1.010000, 8397
1.011000, 8396
1.012000, 8395
1.012000, 8394
1.012000, 8393
1.014000, 8392
1.015000, 8391
1.016000, 8390
1.017000, 8389
1.017000, 8388
1.018000, 8387
1.019000, 8386
1.020000, 8385
1.022000, 8384
1.023000, 8383
1.023000, 8382
1.024000, 8381
1.025000, 8380
1.025000, 8379
1.025000, 8378
1.026000, 8377
1.026000, 8376
1.026000, 8375
1.026000, 8374
1.028000, 8373
1.028000, 8372
1.028000, 8371
1.029000, 8370
1.029000, 8369
1.029000, 8368
1.030000, 8367
1.030000, 8366
1.031000, 8365
1.031000, 8364
1.032000, 8363
1.032000, 8362
1.033000, 8361
1.033000, 8360
1.033000, 8359
1.034000, 8358
1.034000, 8357
1.035000, 8356
1.036000, 8355
1.036000, 8354
1.037000, 8353
1.038000, 8352
1.038000, 8351
1.038000, 8350
1.038000, 8349
1.038000, 8348
1.039000, 8347
1.040000, 8346
1.040000, 8345
1.041000, 8344
1.042000, 8343
1.043000, 8342
1.043000, 8341
1.044000, 8340
1.045000, 8339
1.045000, 8338
1.046000, 8337
1.046000, 8336
1.047000, 8335
1.048000, 8334
1.048000, 8333
1.049000, 8332
1.049000, 8331
1.049000, 8330
1.051000, 8329
1.052000, 8328
1.052000, 8327
1.053000, 8326
1.053000, 8325
1.053000, 8324
1.055000, 8323
1.055000, 8322
1.056000, 8321
1.056000, 8320
1.056000, 8319
1.057000, 8318
1.058000, 8317
1.058000, 8316
1.059000, 8315
1.062000, 8314
1.062000, 8313
1.062000, 8312
1.063000, 8311
1.064000, 8310
1.064000, 8309
1.064000, 8308
1.065000, 8307
1.065000, 8306
1.066000, 8305
1.066000, 8304
1.066000, 8303
1.067000, 8302
1.067000, 8301
1.068000, 8300
1.068000, 8299
1.069000, 8298
1.071000, 8297
1.071000, 8296
1.072000, 8295
1.072000, 8294
1.073000, 8293
1.075000, 8292
1.076000, 8291
1.076000, 8290
1.077000, 8289
1.078000, 8288
1.078000, 8287
1.078000, 8286
1.079000, 8285
1.081000, 8284
1.081000, 8283
1.082000, 8282
1.084000, 8281
1.085000, 8280
1.086000, 8279
1.086000, 8278
1.088000, 8277
1.088000, 8276
1.088000, 8275
1.089000, 8274
1.092000, 8273
1.092000, 8272
1.092000, 8271
1.093000, 8270
1.093000, 8269
1.094000, 8268
1.094000, 8267
1.094000, 8266
1.095000, 8265
1.096000, 8264
1.096000, 8263
1.097000, 8262
1.099000, 8261
1.099000, 8260
1.100000, 8259
1.101000, 8258
1.101000, 8257
1.102000, 8256
1.103000, 8255
1.103000, 8254
1.103000, 8253
1.103000, 8252
1.104000, 8251
1.107000, 8250
1.108000, 8249
1.109000, 8248
1.110000, 8247
1.110000, 8246
1.111000, 8245
1.113000, 8244
1.113000, 8243
1.113000, 8242
1.114000, 8241
1.115000, 8240
1.115000, 8239
1.116000, 8238
1.116000, 8237
1.116000, 8236
1.118000, 8235
1.119000, 8234
1.120000, 8233
1.120000, 8232
1.121000, 8231
1.122000, 8230
1.123000, 8229
1.124000, 8228
1.124000, 8227
1.125000, 8226
1.126000, 8225
1.126000, 8224
1.130000, 8223
1.131000, 8222
1.132000, 8221
1.132000, 8220
1.132000, 8219
1.134000, 8218
1.134000, 8217
1.134000, 8216
1.135000, 8215
1.135000, 8214
1.135000, 8213
1.135000, 8212
1.136000, 8211
1.137000, 8210
1.137000, 8209
1.143000, 8208
1.143000, 8207
1.145000, 8206
1.145000, 8205
1.146000, 8204
1.148000, 8203
1.149000, 8202
1.150000, 8201
1.150000, 8200
1.151000, 8199
1.151000, 8198
1.152000, 8197
1.153000, 8196
1.154000, 8195
1.154000, 8194
1.155000, 8193
1.157000, 8192
1.157000, 8191
1.158000, 8190
1.159000, 8189
1.159000, 8188
1.160000, 8187
1.160000, 8186
1.161000, 8185
1.161000, 8184
1.162000, 8183
1.162000, 8182
1.162000, 8181
1.164000, 8180
1.164000, 8179
1.164000, 8178
1.166000, 8177
1.167000, 8176
1.168000, 8175
1.169000, 8174
1.170000, 8173
1.171000, 8172
1.173000, 8171
1.173000, 8170
1.174000, 8169
1.175000, 8168
1.176000, 8167
1.178000, 8166
1.178000, 8165
1.179000, 8164
1.179000, 8163
1.180000, 8162
1.180000, 8161
1.180000, 8160
1.181000, 8159
1.182000, 8158
1.182000, 8157
1.182000, 8156
1.183000, 8155
1.185000, 8154
1.186000, 8153
1.186000, 8152
1.187000, 8151
1.189000, 8150
1.190000, 8149
1.190000, 8148
1.192000, 8147
1.193000, 8146
1.195000, 8145
1.196000, 8144
1.198000, 8143
1.199000, 8142
1.200000, 8141
1.202000, 8140
1.205000, 8139
1.207000, 8138
1.207000, 8137
1.209000, 8136
1.210000, 8135
1.210000, 8134
1.210000, 8133
1.211000, 8132
1.212000, 8131
1.213000, 8130
1.213000, 8129
1.217000, 8128
1.218000, 8127
1.218000, 8126
1.218000, 8125
1.219000, 8124
1.219000, 8123
1.219000, 8122
1.220000, 8121
1.221000, 8120
1.221000, 8119
1.223000, 8118
1.225000, 8117
1.225000, 8116
1.226000, 8115
1.226000, 8114
1.227000, 8113
1.227000, 8112
1.227000, 8111
1.229000, 8110
1.229000, 8109
1.229000, 8108
1.230000, 8107
1.230000, 8106
1.234000, 8105
1.234000, 8104
1.235000, 8103
1.235000, 8102
1.236000, 8101
1.237000, 8100
1.237000, 8099
1.238000, 8098
1.242000, 8097
1.244000, 8096
1.246000, 8095
1.247000, 8094
1.249000, 8093
1.250000, 8092
1.250000, 8091
1.251000, 8090
1.251000, 8089
1.251000, 8088
1.254000, 8087
1.255000, 8086
1.255000, 8085
1.257000, 8084
1.257000, 8083
1.258000, 8082
1.259000, 8081
1.260000, 8080
1.262000, 8079
1.263000, 8078
1.264000, 8077
1.267000, 8076
1.271000, 8075
1.272000, 8074
1.273000, 8073
1.273000, 8072
1.274000, 8071
1.274000, 8070
1.275000, 8069
1.277000, 8068
1.277000, 8067
1.277000, 8066
1.278000, 8065
1.278000, 8064
1.279000, 8063
1.279000, 8062
1.279000, 8061
1.279000, 8060
1.280000, 8059
1.283000, 8058
1.284000, 8057
1.284000, 8056
1.284000, 8055
1.286000, 8054
1.287000, 8053
1.288000, 8052
1.288000, 8051
1.289000, 8050
1.289000, 8049
1.290000, 8048
1.291000, 8047
1.291000, 8046
1.292000, 8045
1.292000, 8044
1.296000, 8043
1.299000, 8042
1.299000, 8041
1.301000, 8040
1.302000, 8039
1.302000, 8038
1.303000, 8037
1.303000, 8036
1.304000, 8035
1.304000, 8034
1.304000, 8033
1.308000, 8032
1.309000, 8031
1.311000, 8030
1.312000, 8029
1.313000, 8028
1.318000, 8027
1.320000, 8026
1.323000, 8025
1.324000, 8024
1.324000, 8023
1.324000, 8022
1.324000, 8021
1.324000, 8020
1.325000, 8019
1.329000, 8018
1.332000, 8017
1.335000, 8016
1.336000, 8015
1.337000, 8014
1.337000, 8013
1.337000, 8012
1.340000, 8011
1.340000, 8010
1.341000, 8009
1.343000, 8008
1.343000, 8007
1.344000, 8006
1.344000, 8005
1.347000, 8004
1.350000, 8003
1.351000, 8002
1.356000, 8001
1.356000, 8000
1.357000, 7999
1.358000, 7998
1.361000, 7997
1.362000, 7996
1.362000, 7995
1.365000, 7994
1.366000, 7993
1.374000, 7992
1.375000, 7991
1.377000, 7990
1.381000, 7989
1.384000, 7988
1.384000, 7987
1.385000, 7986
1.385000, 7985
1.391000, 7984
1.391000, 7983
1.394000, 7982
1.395000, 7981
1.396000, 7980
1.398000, 7979
1.399000, 7978
1.399000, 7977
1.400000, 7976
1.400000, 7975
1.401000, 7974
1.402000, 7973
1.405000, 7972
1.406000, 7971
1.406000, 7970
1.408000, 7969
1.409000, 7968
1.409000, 7967
1.409000, 7966
1.409000, 7965
1.410000, 7964
1.413000, 7963
1.413000, 7962
1.415000, 7961
1.415000, 7960
1.415000, 7959
1.417000, 7958
1.417000, 7957
1.420000, 7956
1.421000, 7955
1.421000, 7954
1.423000, 7953
1.427000, 7952
1.427000, 7951
1.430000, 7950
1.431000, 7949
1.433000, 7948
1.439000, 7947
1.441000, 7946
1.444000, 7945
1.444000, 7944
1.445000, 7943
1.450000, 7942
1.452000, 7941
1.453000, 7940
1.456000, 7939
1.456000, 7938
1.456000, 7937
1.457000, 7936
1.457000, 7935
1.458000, 7934
1.459000, 7933
1.459000, 7932
1.460000, 7931
1.461000, 7930
1.462000, 7929
1.463000, 7928
1.463000, 7927
1.463000, 7926
1.464000, 7925
1.464000, 7924
1.464000, 7923
1.466000, 7922
1.469000, 7921
1.470000, 7920
1.472000, 7919
1.472000, 7918
1.474000, 7917
1.475000, 7916
1.476000, 7915
1.477000, 7914
1.477000, 7913
1.478000, 7912
1.479000, 7911
1.480000, 7910
1.481000, 7909
1.487000, 7908
1.489000, 7907
1.491000, 7906
1.492000, 7905
1.493000, 7904
1.494000, 7903
1.497000, 7902
1.498000, 7901
1.499000, 7900
1.499000, 7899
1.500000, 7898
1.501000, 7897
1.501000, 7896
1.502000, 7895
1.504000, 7894
1.507000, 7893
1.507000, 7892
1.507000, 7891
1.510000, 7890
1.510000, 7889
1.511000, 7888
1.512000, 7887
1.515000, 7886
1.516000, 7885
1.519000, 7884
1.520000, 7883
1.520000, 7882
1.523000, 7881
1.524000, 7880
1.525000, 7879
1.526000, 7878
1.527000, 7877
1.529000, 7876
1.531000, 7875
1.532000, 7874
1.532000, 7873
1.533000, 7872
1.534000, 7871
1.534000, 7870
1.536000, 7869
1.536000, 7868
1.538000, 7867
1.538000, 7866
1.539000, 7865
1.539000, 7864
1.539000, 7863
1.542000, 7862
1.543000, 7861
1.543000, 7860
1.543000, 7859
1.544000, 7858
1.545000, 7857
1.546000, 7856
1.546000, 7855
1.548000, 7854
1.551000, 7853
1.552000, 7852
1.553000, 7851
1.563000, 7850
1.564000, 7849
1.565000, 7848
1.567000, 7847
1.575000, 7846
1.577000, 7845
1.589000, 7844
1.589000, 7843
1.590000, 7842
1.592000, 7841
1.597000, 7840
1.598000, 7839
1.598000, 7838
1.599000, 7837
1.600000, 7836
1.608000, 7835
1.609000, 7834
1.610000, 7833
1.610000, 7832
1.611000, 7831
1.612000, 7830
1.615000, 7829
1.623000, 7828
1.625000, 7827
1.629000, 7826
1.631000, 7825
1.632000, 7824
1.633000, 7823
1.638000, 7822
1.639000, 7821
1.639000, 7820
1.640000, 7819
1.640000, 7818
1.646000, 7817
1.647000, 7816
1.647000, 7815
1.648000, 7814
1.649000, 7813
1.651000, 7812
1.657000, 7811
1.659000, 7810
1.666000, 7809
1.668000, 7808
1.672000, 7807
1.673000, 7806
1.674000, 7805
1.677000, 7804
1.677000, 7803
1.680000, 7802
1.686000, 7801
1.687000, 7800
1.688000, 7799
1.690000, 7798
1.691000, 7797
1.691000, 7796
1.693000, 7795
1.697000, 7794
1.705000, 7793
1.706000, 7792
1.709000, 7791
1.711000, 7790
1.713000, 7789
1.714000, 7788
1.718000, 7787
1.719000, 7786
1.724000, 7785
1.726000, 7784
1.727000, 7783
1.728000, 7782
1.733000, 7781
1.747000, 7780
1.749000, 7779
1.750000, 7778
1.752000, 7777
1.755000, 7776
1.756000, 7775
1.758000, 7774
1.759000, 7773
1.760000, 7772
1.761000, 7771
1.766000, 7770
1.772000, 7769
1.773000, 7768
1.776000, 7767
1.777000, 7766
1.778000, 7765
1.783000, 7764
1.785000, 7763
1.785000, 7762
1.789000, 7761
1.794000, 7760
1.797000, 7759
1.800000, 7758
1.801000, 7757
1.806000, 7756
1.810000, 7755
1.813000, 7754
1.813000, 7753
1.815000, 7752
1.820000, 7751
1.823000, 7750
1.824000, 7749
1.826000, 7748
1.831000, 7747
1.833000, 7746
1.842000, 7745
1.858000, 7744
1.863000, 7743
1.865000, 7742
1.872000, 7741
1.872000, 7740
1.874000, 7739
1.875000, 7738
1.880000, 7737
1.880000, 7736
1.885000, 7735
1.885000, 7734
1.891000, 7733
1.892000, 7732
1.898000, 7731
1.898000, 7730
1.901000, 7729
1.903000, 7728
1.912000, 7727
1.921000, 7726
1.921000, 7725
1.928000, 7724
1.935000, 7723
1.945000, 7722
1.955000, 7721
1.957000, 7720
1.958000, 7719
1.959000, 7718
1.977000, 7717
1.978000, 7716
1.979000, 7715
1.985000, 7714
1.987000, 7713
1.990000, 7712
1.998000, 7711
2.002000, 7710
2.007000, 7709
2.007000, 7708
2.013000, 7707
2.021000, 7706
2.023000, 7705
2.027000, 7704
2.035000, 7703
2.035000, 7702
2.038000, 7701
2.043000, 7700
2.046000, 7699
2.059000, 7698
2.069000, 7697
2.088000, 7696
2.098000, 7695
2.124000, 7694
2.125000, 7693
2.130000, 7692
2.138000, 7691
2.141000, 7690
2.145000, 7689
2.145000, 7688
2.147000, 7687
2.157000, 7686
2.160000, 7685
2.164000, 7684
2.177000, 7683
2.178000, 7682
2.179000, 7681
2.180000, 7680
2.205000, 7679
2.205000, 7678
2.209000, 7677
2.210000, 7676
2.212000, 7675
2.212000, 7674
2.216000, 7673
2.217000, 7672
2.226000, 7671
2.231000, 7670
2.246000, 7669
2.251000, 7668
2.280000, 7667
2.289000, 7666
2.291000, 7665
2.304000, 7664
2.314000, 7663
2.315000, 7662
2.316000, 7661
2.318000, 7660
2.319000, 7659
2.321000, 7658
2.324000, 7657
2.333000, 7656
2.338000, 7655
2.340000, 7654
2.351000, 7653
2.352000, 7652
2.353000, 7651
2.359000, 7650
2.360000, 7649
2.361000, 7648
2.362000, 7647
2.369000, 7646
2.386000, 7645
2.416000, 7644
2.424000, 7643
2.424000, 7642
2.427000, 7641
2.477000, 7640
2.484000, 7639
2.491000, 7638
2.492000, 7637
2.502000, 7636
2.540000, 7635
2.543000, 7634
2.561000, 7633
2.568000, 7632
2.587000, 7631
2.612000, 7630
2.634000, 7629
2.635000, 7628
2.640000, 7627
2.652000, 7626
2.653000, 7625
2.660000, 7624
2.675000, 7623
2.680000, 7622
2.685000, 7621
2.686000, 7620
2.698000, 7619
2.700000, 7618
2.713000, 7617
2.715000, 7616
2.762000, 7615
2.771000, 7614
2.790000, 7613
2.823000, 7612
2.828000, 7611
2.836000, 7610
2.838000, 7609
2.852000, 7608
2.868000, 7607
2.879000, 7606
2.881000, 7605
2.896000, 7604
2.933000, 7603
2.937000, 7602
2.956000, 7601
2.968000, 7600
2.979000, 7599
2.985000, 7598
3.000000, 7597
3.020000, 7596
3.207000, 7595
3.228000, 7594
3.236000, 7593
3.282000, 7592
3.283000, 7591
3.314000, 7590
3.414000, 7589
3.502000, 7588
3.534000, 7587
3.543000, 7586
3.549000, 7585
3.550000, 7584
3.613000, 7583
3.873000, 7582
4.250000, 7581
4.698000, 7580
4.791000, 7579
4.947000, 7578
4.961000, 7577
