0.012000, 10213
0.016000, 10212
0.017000, 10211
0.018000, 10210
0.018000, 10209
0.019000, 10208
0.020000, 10207
0.020000, 10206
0.021000, 10205
0.022000, 10204
0.022000, 10203
0.023000, 10202
0.024000, 10201
0.024000, 10200
0.025000, 10199
0.026000, 10198
0.026000, 10197
0.026000, 10196
0.027000, 10195
0.027000, 10194
0.027000, 10193
0.029000, 10192
0.029000, 10191
0.029000, 10190
0.030000, 10189
0.030000, 10188
0.030000, 10187
0.031000, 10186
0.031000, 10185
0.035000, 10184
0.035000, 10183
0.036000, 10182
0.036000, 10181
0.036000, 10180
0.037000, 10179
0.039000, 10178
0.039000, 10177
0.039000, 10176
0.040000, 10175
0.041000, 10174
0.041000, 10173
0.042000, 10172
0.043000, 10171
0.043000, 10170
0.044000, 10169
0.045000, 10168
0.045000, 10167
0.045000, 10166
0.046000, 10165
0.046000, 10164
0.047000, 10163
0.047000, 10162
0.048000, 10161
0.049000, 10160
0.049000, 10159
0.050000, 10158
0.050000, 10157
0.051000, 10156
0.052000, 10155
0.052000, 10154
0.052000, 10153
0.053000, 10152
0.053000, 10151
0.054000, 10150
0.054000, 10149
0.054000, 10148
0.055000, 10147
0.055000, 10146
0.056000, 10145
0.056000, 10144
0.057000, 10143
0.057000, 10142
0.058000, 10141
0.058000, 10140
0.058000, 10139
0.059000, 10138
0.059000, 10137
0.060000, 10136
0.061000, 10135
0.063000, 10134
0.063000, 10133
0.064000, 10132
0.064000, 10131
0.065000, 10130
0.065000, 10129
0.067000, 10128
0.067000, 10127
0.068000, 10126
0.069000, 10125
0.070000, 10124
0.070000, 10123
0.071000, 10122
0.071000, 10121
0.072000, 10120
0.072000, 10119
0.072000, 10118
0.073000, 10117
0.073000, 10116
0.074000, 10115
0.074000, 10114
0.075000, 10113
0.076000, 10112
0.076000, 10111
0.077000, 10110
0.077000, 10109
0.078000, 10108
0.079000, 10107
0.079000, 10106
0.080000, 10105
0.080000, 10104
0.080000, 10103
0.081000, 10102
0.082000, 10101
0.082000, 10100
0.082000, 10099
0.083000, 10098
0.083000, 10097
0.083000, 10096
0.084000, 10095
0.084000, 10094
0.085000, 10093
0.085000, 10092
0.086000, 10091
0.087000, 10090
0.087000, 10089
0.088000, 10088
0.088000, 10087
0.088000, 10086
0.089000, 10085
0.090000, 10084
0.091000, 10083
0.092000, 10082
0.092000, 10081
0.093000, 10080
0.093000, 10079
0.094000, 10078
0.094000, 10077
0.095000, 10076
0.095000, 10075
0.096000, 10074
0.096000, 10073
0.097000, 10072
0.097000, 10071
0.098000, 10070
0.098000, 10069
0.098000, 10068
0.099000, 10067
0.100000, 10066
0.100000, 10065
0.101000, 10064
0.101000, 10063
0.102000, 10062
0.102000, 10061
0.102000, 10060
0.103000, 10059
0.103000, 10058
0.103000, 10057
0.104000, 10056
0.104000, 10055
0.104000, 10054
0.105000, 10053
0.105000, 10052
0.106000, 10051
0.106000, 10050
0.106000, 10049
0.106000, 10048
0.107000, 10047
0.107000, 10046
0.108000, 10045
0.109000, 10044
0.109000, 10043
0.110000, 10042
0.110000, 10041
0.111000, 10040
0.112000, 10039
0.112000, 10038
0.113000, 10037
0.113000, 10036
0.114000, 10035
0.114000, 10034
0.115000, 10033
0.116000, 10032
0.116000, 10031
0.116000, 10030
0.117000, 10029
0.117000, 10028
0.118000, 10027
0.118000, 10026
0.119000, 10025
0.120000, 10024
0.120000, 10023
0.120000, 10022
0.121000, 10021
0.122000, 10020
0.122000, 10019
0.124000, 10018
0.124000, 10017
0.124000, 10016
0.125000, 10015
0.125000, 10014
0.125000, 10013
0.126000, 10012
0.127000, 10011
0.127000, 10010
0.128000, 10009
0.128000, 10008
0.128000, 10007
0.129000, 10006
0.130000, 10005
0.130000, 10004
0.130000, 10003
0.131000, 10002
0.131000, 10001
0.132000, 10000
0.132000, 9999
0.132000, 9998
0.133000, 9997
0.133000, 9996
0.133000, 9995
0.134000, 9994
0.135000, 9993
0.135000, 9992
0.136000, 9991
0.138000, 9990
0.138000, 9989
0.139000, 9988
0.139000, 9987
0.139000, 9986
0.140000, 9985
0.141000, 9984
0.142000, 9983
0.142000, 9982
0.143000, 9981
0.143000, 9980
0.143000, 9979
0.143000, 9978
0.144000, 9977
0.144000, 9976
0.144000, 9975
0.145000, 9974
0.145000, 9973
0.145000, 9972
0.146000, 9971
0.146000, 9970
0.147000, 9969
0.147000, 9968
0.148000, 9967
0.148000, 9966
0.148000, 9965
0.149000, 9964
0.150000, 9963
0.151000, 9962
0.152000, 9961
0.153000, 9960
0.153000, 9959
0.154000, 9958
0.156000, 9957
0.156000, 9956
0.157000, 9955
0.158000, 9954
0.158000, 9953
0.159000, 9952
0.160000, 9951
0.161000, 9950
0.162000, 9949
0.163000, 9948
0.163000, 9947
0.164000, 9946
0.164000, 9945
0.165000, 9944
0.166000, 9943
0.166000, 9942
0.167000, 9941
0.167000, 9940
0.168000, 9939
0.169000, 9938
0.169000, 9937
0.170000, 9936
0.171000, 9935
0.171000, 9934
0.172000, 9933
0.172000, 9932
0.173000, 9931
0.173000, 9930
0.173000, 9929
0.174000, 9928
0.174000, 9927
0.174000, 9926
0.175000, 9925
0.175000, 9924
0.176000, 9923
0.177000, 9922
0.177000, 9921
0.178000, 9920
0.179000, 9919
0.179000, 9918
0.179000, 9917
0.180000, 9916
0.180000, 9915
0.181000, 9914
0.181000, 9913
0.182000, 9912
0.182000, 9911
0.183000, 9910
0.184000, 9909
0.184000, 9908
0.185000, 9907
0.185000, 9906
0.185000, 9905
0.186000, 9904
0.186000, 9903
0.186000, 9902
0.187000, 9901
0.187000, 9900
0.187000, 9899
0.188000, 9898
0.188000, 9897
0.189000, 9896
0.189000, 9895
0.190000, 9894
0.190000, 9893
0.192000, 9892
0.192000, 9891
0.193000, 9890
0.193000, 9889
0.194000, 9888
0.194000, 9887
0.194000, 9886
0.195000, 9885
0.195000, 9884
0.195000, 9883
0.196000, 9882
0.197000, 9881
0.198000, 9880
0.199000, 9879
0.200000, 9878
0.200000, 9877
0.201000, 9876
0.201000, 9875
0.202000, 9874
0.202000, 9873
0.202000, 9872
0.202000, 9871
0.203000, 9870
0.204000, 9869
0.205000, 9868
0.205000, 9867
0.207000, 9866
0.208000, 9865
0.208000, 9864
0.209000, 9863
0.210000, 9862
0.211000, 9861
0.211000, 9860
0.213000, 9859
0.213000, 9858
0.213000, 9857
0.214000, 9856
0.214000, 9855
0.215000, 9854
0.216000, 9853
0.216000, 9852
0.217000, 9851
0.217000, 9850
0.218000, 9849
0.219000, 9848
0.220000, 9847
0.222000, 9846
0.222000, 9845
0.223000, 9844
0.223000, 9843
0.224000, 9842
0.224000, 9841
0.224000, 9840
0.224000, 9839
0.225000, 9838
0.225000, 9837
0.226000, 9836
0.226000, 9835
0.226000, 9834
0.227000, 9833
0.227000, 9832
0.227000, 9831
0.227000, 9830
0.228000, 9829
0.228000, 9828
0.228000, 9827
0.229000, 9826
0.230000, 9825
0.230000, 9824
0.230000, 9823
0.230000, 9822
0.231000, 9821
0.232000, 9820
0.233000, 9819
0.233000, 9818
0.234000, 9817
0.234000, 9816
0.235000, 9815
0.235000, 9814
0.235000, 9813
0.236000, 9812
0.237000, 9811
0.238000, 9810
0.238000, 9809
0.238000, 9808
0.239000, 9807
0.239000, 9806
0.240000, 9805
0.241000, 9804
0.242000, 9803
0.243000, 9802
0.244000, 9801
0.244000, 9800
0.244000, 9799
0.244000, 9798
0.245000, 9797
0.245000, 9796
0.246000, 9795
0.246000, 9794
0.247000, 9793
0.247000, 9792
0.248000, 9791
0.249000, 9790
0.250000, 9789
0.251000, 9788
0.252000, 9787
0.252000, 9786
0.253000, 9785
0.253000, 9784
0.254000, 9783
0.254000, 9782
0.255000, 9781
0.256000, 9780
0.256000, 9779
0.256000, 9778
0.257000, 9777
0.258000, 9776
0.258000, 9775
0.258000, 9774
0.259000, 9773
0.259000, 9772
0.259000, 9771
0.260000, 9770
0.261000, 9769
0.262000, 9768
0.262000, 9767
0.263000, 9766
0.264000, 9765
0.264000, 9764
0.265000, 9763
0.266000, 9762
0.268000, 9761
0.269000, 9760
0.269000, 9759
0.270000, 9758
0.270000, 9757
0.271000, 9756
0.271000, 9755
0.272000, 9754
0.273000, 9753
0.273000, 9752
0.273000, 9751
0.274000, 9750
0.274000, 9749
0.274000, 9748
0.275000, 9747
0.275000, 9746
0.275000, 9745
0.276000, 9744
0.277000, 9743
0.278000, 9742
0.278000, 9741
0.279000, 9740
0.279000, 9739
0.279000, 9738
0.280000, 9737
0.280000, 9736
0.281000, 9735
0.282000, 9734
0.282000, 9733
0.283000, 9732
0.283000, 9731
0.283000, 9730
0.284000, 9729
0.284000, 9728
0.285000, 9727
0.285000, 9726
0.286000, 9725
0.287000, 9724
0.287000, 9723
0.287000, 9722
0.288000, 9721
0.288000, 9720
0.289000, 9719
0.289000, 9718
0.289000, 9717
0.289000, 9716
0.291000, 9715
0.291000, 9714
0.292000, 9713
0.292000, 9712
0.293000, 9711
0.293000, 9710
0.294000, 9709
0.294000, 9708
0.295000, 9707
0.295000, 9706
0.295000, 9705
0.297000, 9704
0.297000, 9703
0.297000, 9702
0.297000, 9701
0.298000, 9700
0.298000, 9699
0.299000, 9698
0.299000, 9697
0.300000, 9696
0.300000, 9695
0.301000, 9694
0.301000, 9693
0.302000, 9692
0.302000, 9691
0.302000, 9690
0.303000, 9689
0.303000, 9688
0.304000, 9687
0.304000, 9686
0.305000, 9685
0.305000, 9684
0.306000, 9683
0.306000, 9682
0.307000, 9681
0.307000, 9680
0.308000, 9679
0.309000, 9678
0.310000, 9677
0.310000, 9676
0.311000, 9675
0.311000, 9674
0.312000, 9673
0.312000, 9672
0.312000, 9671
0.313000, 9670
0.313000, 9669
0.313000, 9668
0.314000, 9667
0.314000, 9666
0.315000, 9665
0.315000, 9664
0.315000, 9663
0.316000, 9662
0.316000, 9661
0.317000, 9660
0.318000, 9659
0.318000, 9658
0.319000, 9657
0.320000, 9656
0.320000, 9655
0.321000, 9654
0.322000, 9653
0.322000, 9652
0.323000, 9651
0.323000, 9650
0.324000, 9649
0.325000, 9648
0.325000, 9647
0.326000, 9646
0.326000, 9645
0.327000, 9644
0.328000, 9643
0.328000, 9642
0.328000, 9641
0.329000, 9640
0.330000, 9639
0.330000, 9638
0.330000, 9637
0.331000, 9636
0.331000, 9635
0.332000, 9634
0.333000, 9633
0.333000, 9632
0.335000, 9631
0.335000, 9630
0.336000, 9629
0.337000, 9628
0.337000, 9627
0.337000, 9626
0.337000, 9625
0.339000, 9624
0.339000, 9623
0.340000, 9622
0.340000, 9621
0.341000, 9620
0.341000, 9619
0.342000, 9618
0.342000, 9617
0.343000, 9616
0.343000, 9615
0.343000, 9614
0.344000, 9613
0.344000, 9612
0.345000, 9611
0.345000, 9610
0.345000, 9609
0.346000, 9608
0.346000, 9607
0.347000, 9606
0.348000, 9605
0.349000, 9604
0.349000, 9603
0.350000, 9602
0.350000, 9601
0.350000, 9600
0.351000, 9599
0.352000, 9598
0.352000, 9597
0.352000, 9596
0.353000, 9595
0.354000, 9594
0.354000, 9593
0.354000, 9592
0.355000, 9591
0.356000, 9590
0.357000, 9589
0.357000, 9588
0.358000, 9587
0.358000, 9586
0.361000, 9585
0.361000, 9584
0.363000, 9583
0.363000, 9582
0.363000, 9581
0.364000, 9580
0.365000, 9579
0.365000, 9578
0.367000, 9577
0.367000, 9576
0.368000, 9575
0.368000, 9574
0.369000, 9573
0.369000, 9572
0.370000, 9571
0.370000, 9570
0.371000, 9569
0.372000, 9568
0.372000, 9567
0.373000, 9566
0.374000, 9565
0.375000, 9564
0.375000, 9563
0.376000, 9562
0.377000, 9561
0.377000, 9560
0.378000, 9559
0.378000, 9558
0.379000, 9557
0.380000, 9556
0.380000, 9555
0.380000, 9554
0.381000, 9553
0.381000, 9552
0.382000, 9551
0.384000, 9550
0.385000, 9549
0.385000, 9548
0.385000, 9547
0.385000, 9546
0.386000, 9545
0.387000, 9544
0.387000, 9543
0.389000, 9542
0.390000, 9541
0.390000, 9540
0.390000, 9539
0.391000, 9538
0.391000, 9537
0.393000, 9536
0.394000, 9535
0.395000, 9534
0.395000, 9533
0.395000, 9532
0.396000, 9531
0.396000, 9530
0.397000, 9529
0.397000, 9528
0.398000, 9527
0.398000, 9526
0.398000, 9525
0.398000, 9524
0.399000, 9523
0.399000, 9522
0.400000, 9521
0.400000, 9520
0.400000, 9519
0.402000, 9518
0.402000, 9517
0.403000, 9516
0.404000, 9515
0.405000, 9514
0.406000, 9513
0.406000, 9512
0.408000, 9511
0.409000, 9510
0.409000, 9509
0.410000, 9508
0.410000, 9507
0.411000, 9506
0.412000, 9505
0.412000, 9504
0.412000, 9503
0.413000, 9502
0.413000, 9501
0.414000, 9500
0.414000, 9499
0.414000, 9498
0.416000, 9497
0.416000, 9496
0.416000, 9495
0.418000, 9494
0.418000, 9493
0.419000, 9492
0.420000, 9491
0.421000, 9490
0.422000, 9489
0.422000, 9488
0.423000, 9487
0.423000, 9486
0.424000, 9485
0.424000, 9484
0.425000, 9483
0.425000, 9482
0.426000, 9481
0.426000, 9480
0.427000, 9479
0.427000, 9478
0.428000, 9477
0.429000, 9476
0.429000, 9475
0.430000, 9474
0.430000, 9473
0.430000, 9472
0.431000, 9471
0.431000, 9470
0.432000, 9469
0.434000, 9468
0.435000, 9467
0.436000, 9466
0.436000, 9465
0.436000, 9464
0.437000, 9463
0.438000, 9462
0.439000, 9461
0.440000, 9460
0.440000, 9459
0.441000, 9458
0.442000, 9457
0.442000, 9456
0.443000, 9455
0.443000, 9454
0.444000, 9453
0.444000, 9452
0.444000, 9451
0.445000, 9450
0.445000, 9449
0.445000, 9448
0.446000, 9447
0.447000, 9446
0.448000, 9445
0.449000, 9444
0.449000, 9443
0.451000, 9442
0.451000, 9441
0.452000, 9440
0.452000, 9439
0.453000, 9438
0.454000, 9437
0.454000, 9436
0.455000, 9435
0.456000, 9434
0.456000, 9433
0.457000, 9432
0.460000, 9431
0.460000, 9430
0.462000, 9429
0.462000, 9428
0.463000, 9427
0.463000, 9426
0.464000, 9425
0.465000, 9424
0.466000, 9423
0.467000, 9422
0.467000, 9421
0.467000, 9420
0.468000, 9419
0.468000, 9418
0.468000, 9417
0.468000, 9416
0.469000, 9415
0.469000, 9414
0.470000, 9413
0.471000, 9412
0.472000, 9411
0.472000, 9410
0.473000, 9409
0.473000, 9408
0.473000, 9407
0.474000, 9406
0.474000, 9405
0.475000, 9404
0.475000, 9403
0.476000, 9402
0.476000, 9401
0.476000, 9400
0.477000, 9399
0.478000, 9398
0.478000, 9397
0.478000, 9396
0.479000, 9395
0.479000, 9394
0.479000, 9393
0.481000, 9392
0.481000, 9391
0.482000, 9390
0.483000, 9389
0.483000, 9388
0.484000, 9387
0.484000, 9386
0.485000, 9385
0.485000, 9384
0.486000, 9383
0.486000, 9382
0.487000, 9381
0.487000, 9380
0.488000, 9379
0.489000, 9378
0.490000, 9377
0.490000, 9376
0.490000, 9375
0.491000, 9374
0.491000, 9373
0.491000, 9372
0.492000, 9371
0.492000, 9370
0.493000, 9369
0.494000, 9368
0.494000, 9367
0.495000, 9366
0.495000, 9365
0.496000, 9364
0.496000, 9363
0.496000, 9362
0.497000, 9361
0.498000, 9360
0.499000, 9359
0.500000, 9358
0.500000, 9357
0.502000, 9356
0.502000, 9355
0.502000, 9354
0.503000, 9353
0.504000, 9352
0.505000, 9351
0.505000, 9350
0.506000, 9349
0.506000, 9348
0.507000, 9347
0.507000, 9346
0.509000, 9345
0.509000, 9344
0.509000, 9343
0.510000, 9342
0.510000, 9341
0.511000, 9340
0.512000, 9339
0.512000, 9338
0.513000, 9337
0.514000, 9336
0.515000, 9335
0.517000, 9334
0.518000, 9333
0.518000, 9332
0.518000, 9331
0.522000, 9330
0.523000, 9329
0.523000, 9328
0.523000, 9327
0.524000, 9326
0.524000, 9325
0.525000, 9324
0.526000, 9323
0.526000, 9322
0.526000, 9321
0.527000, 9320
0.527000, 9319
0.528000, 9318
0.528000, 9317
0.529000, 9316
0.530000, 9315
0.530000, 9314
0.531000, 9313
0.531000, 9312
0.531000, 9311
0.535000, 9310
0.535000, 9309
0.536000, 9308
0.536000, 9307
0.537000, 9306
0.538000, 9305
0.538000, 9304
0.540000, 9303
0.540000, 9302
0.541000, 9301
0.542000, 9300
0.542000, 9299
0.543000, 9298
0.543000, 9297
0.544000, 9296
0.545000, 9295
0.545000, 9294
0.546000, 9293
0.547000, 9292
0.547000, 9291
0.548000, 9290
0.548000, 9289
0.548000, 9288
0.549000, 9287
0.549000, 9286
0.549000, 9285
0.550000, 9284
0.550000, 9283
0.550000, 9282
0.551000, 9281
0.557000, 9280
0.558000, 9279
0.558000, 9278
0.559000, 9277
0.559000, 9276
0.560000, 9275
0.560000, 9274
0.560000, 9273
0.560000, 9272
0.561000, 9271
0.561000, 9270
0.561000, 9269
0.561000, 9268
0.561000, 9267
0.562000, 9266
0.562000, 9265
0.562000, 9264
0.562000, 9263
0.563000, 9262
0.563000, 9261
0.563000, 9260
0.564000, 9259
0.565000, 9258
0.566000, 9257
0.566000, 9256
0.567000, 9255
0.568000, 9254
0.569000, 9253
0.569000, 9252
0.569000, 9251
0.569000, 9250
0.570000, 9249
0.571000, 9248
0.571000, 9247
0.572000, 9246
0.572000, 9245
0.572000, 9244
0.573000, 9243
0.573000, 9242
0.573000, 9241
0.574000, 9240
0.575000, 9239
0.575000, 9238
0.575000, 9237
0.576000, 9236
0.576000, 9235
0.576000, 9234
0.577000, 9233
0.577000, 9232
0.578000, 9231
0.578000, 9230
0.579000, 9229
0.579000, 9228
0.580000, 9227
0.580000, 9226
0.580000, 9225
0.581000, 9224
0.582000, 9223
0.582000, 9222
0.583000, 9221
0.583000, 9220
0.584000, 9219
0.585000, 9218
0.585000, 9217
0.586000, 9216
0.587000, 9215
0.587000, 9214
0.587000, 9213
0.588000, 9212
0.589000, 9211
0.589000, 9210
0.589000, 9209
0.590000, 9208
0.591000, 9207
0.592000, 9206
0.592000, 9205
0.593000, 9204
0.593000, 9203
0.594000, 9202
0.594000, 9201
0.595000, 9200
0.595000, 9199
0.595000, 9198
0.596000, 9197
0.596000, 9196
0.597000, 9195
0.597000, 9194
0.598000, 9193
0.598000, 9192
0.598000, 9191
0.598000, 9190
0.599000, 9189
0.599000, 9188
0.599000, 9187
0.600000, 9186
0.600000, 9185
0.601000, 9184
0.601000, 9183
0.602000, 9182
0.603000, 9181
0.603000, 9180
0.603000, 9179
0.603000, 9178
0.604000, 9177
0.604000, 9176
0.605000, 9175
0.605000, 9174
0.606000, 9173
0.607000, 9172
0.607000, 9171
0.607000, 9170
0.607000, 9169
0.608000, 9168
0.608000, 9167
0.608000, 9166
0.608000, 9165
0.609000, 9164
0.610000, 9163
0.610000, 9162
0.611000, 9161
0.611000, 9160
0.611000, 9159
0.612000, 9158
0.612000, 9157
0.613000, 9156
0.614000, 9155
0.615000, 9154
0.615000, 9153
0.615000, 9152
0.616000, 9151
0.616000, 9150
0.617000, 9149
0.617000, 9148
0.619000, 9147
0.619000, 9146
0.619000, 9145
0.619000, 9144
0.620000, 9143
0.620000, 9142
0.621000, 9141
0.621000, 9140
0.622000, 9139
0.622000, 9138
0.622000, 9137
0.623000, 9136
0.623000, 9135
0.623000, 9134
0.623000, 9133
0.624000, 9132
0.625000, 9131
0.625000, 9130
0.626000, 9129
0.626000, 9128
0.626000, 9127
0.626000, 9126
0.627000, 9125
0.628000, 9124
0.628000, 9123
0.628000, 9122
0.629000, 9121
0.629000, 9120
0.629000, 9119
0.630000, 9118
0.630000, 9117
0.631000, 9116
0.631000, 9115
0.632000, 9114
0.632000, 9113
0.633000, 9112
0.633000, 9111
0.633000, 9110
0.634000, 9109
0.635000, 9108
0.635000, 9107
0.635000, 9106
0.635000, 9105
0.636000, 9104
0.637000, 9103
0.638000, 9102
0.638000, 9101
0.640000, 9100
0.640000, 9099
0.640000, 9098
0.641000, 9097
0.641000, 9096
0.641000, 9095
0.641000, 9094
0.642000, 9093
0.642000, 9092
0.643000, 9091
0.643000, 9090
0.643000, 9089
0.644000, 9088
0.644000, 9087
0.645000, 9086
0.646000, 9085
0.646000, 9084
0.646000, 9083
0.646000, 9082
0.647000, 9081
0.647000, 9080
0.648000, 9079
0.648000, 9078
0.649000, 9077
0.649000, 9076
0.649000, 9075
0.649000, 9074
0.650000, 9073
0.650000, 9072
0.651000, 9071
0.651000, 9070
0.651000, 9069
0.651000, 9068
0.652000, 9067
0.652000, 9066
0.652000, 9065
0.652000, 9064
0.652000, 9063
0.653000, 9062
0.653000, 9061
0.653000, 9060
0.654000, 9059
0.655000, 9058
0.655000, 9057
0.656000, 9056
0.656000, 9055
0.657000, 9054
0.657000, 9053
0.657000, 9052
0.658000, 9051
0.659000, 9050
0.660000, 9049
0.660000, 9048
0.661000, 9047
0.661000, 9046
0.661000, 9045
0.661000, 9044
0.662000, 9043
0.662000, 9042
0.663000, 9041
0.663000, 9040
0.663000, 9039
0.663000, 9038
0.664000, 9037
0.664000, 9036
0.664000, 9035
0.665000, 9034
0.665000, 9033
0.666000, 9032
0.667000, 9031
0.667000, 9030
0.667000, 9029
0.667000, 9028
0.668000, 9027
0.668000, 9026
0.669000, 9025
0.670000, 9024
0.671000, 9023
0.671000, 9022
0.672000, 9021
0.672000, 9020
0.673000, 9019
0.674000, 9018
0.675000, 9017
0.675000, 9016
0.675000, 9015
0.675000, 9014
0.676000, 9013
0.677000, 9012
0.677000, 9011
0.677000, 9010
0.678000, 9009
0.678000, 9008
0.678000, 9007
0.681000, 9006
0.681000, 9005
0.681000, 9004
0.681000, 9003
0.682000, 9002
0.682000, 9001
0.683000, 9000
0.683000, 8999
0.684000, 8998
0.684000, 8997
0.684000, 8996
0.685000, 8995
0.686000, 8994
0.686000, 8993
0.686000, 8992
0.687000, 8991
0.688000, 8990
0.689000, 8989
0.689000, 8988
0.690000, 8987
0.690000, 8986
0.690000, 8985
0.691000, 8984
0.691000, 8983
0.692000, 8982
0.693000, 8981
0.694000, 8980
0.694000, 8979
0.694000, 8978
0.695000, 8977
0.695000, 8976
0.695000, 8975
0.697000, 8974
0.697000, 8973
0.698000, 8972
0.698000, 8971
0.699000, 8970
0.700000, 8969
0.700000, 8968
0.702000, 8967
0.702000, 8966
0.703000, 8965
0.703000, 8964
0.705000, 8963
0.707000, 8962
0.708000, 8961
0.708000, 8960
0.708000, 8959
0.708000, 8958
0.709000, 8957
0.709000, 8956
0.710000, 8955
0.710000, 8954
0.711000, 8953
0.711000, 8952
0.712000, 8951
0.712000, 8950
0.712000, 8949
0.714000, 8948
0.714000, 8947
0.715000, 8946
0.715000, 8945
0.716000, 8944
0.716000, 8943
0.717000, 8942
0.718000, 8941
0.719000, 8940
0.719000, 8939
0.720000, 8938
0.720000, 8937
0.720000, 8936
0.721000, 8935
0.721000, 8934
0.721000, 8933
0.722000, 8932
0.722000, 8931
0.723000, 8930
0.724000, 8929
0.725000, 8928
0.725000, 8927
0.726000, 8926
0.726000, 8925
0.726000, 8924
0.727000, 8923
0.727000, 8922
0.728000, 8921
0.728000, 8920
0.729000, 8919
0.729000, 8918
0.729000, 8917
0.729000, 8916
0.730000, 8915
0.730000, 8914
0.731000, 8913
0.732000, 8912
0.733000, 8911
0.733000, 8910
0.733000, 8909
0.733000, 8908
0.734000, 8907
0.734000, 8906
0.735000, 8905
0.736000, 8904
0.737000, 8903
0.737000, 8902
0.738000, 8901
0.738000, 8900
0.739000, 8899
0.739000, 8898
0.740000, 8897
0.741000, 8896
0.742000, 8895
0.742000, 8894
0.742000, 8893
0.743000, 8892
0.743000, 8891
0.744000, 8890
0.744000, 8889
0.745000, 8888
0.745000, 8887
0.745000, 8886
0.745000, 8885
0.746000, 8884
0.747000, 8883
0.747000, 8882
0.747000, 8881
0.748000, 8880
0.748000, 8879
0.748000, 8878
0.748000, 8877
0.749000, 8876
0.749000, 8875
0.751000, 8874
0.751000, 8873
0.752000, 8872
0.753000, 8871
0.754000, 8870
0.756000, 8869
0.756000, 8868
0.757000, 8867
0.757000, 8866
0.758000, 8865
0.759000, 8864
0.759000, 8863
0.760000, 8862
0.760000, 8861
0.760000, 8860
0.761000, 8859
0.761000, 8858
0.761000, 8857
0.761000, 8856
0.762000, 8855
0.762000, 8854
0.762000, 8853
0.763000, 8852
0.763000, 8851
0.764000, 8850
0.764000, 8849
0.765000, 8848
0.765000, 8847
0.766000, 8846
0.766000, 8845
0.767000, 8844
0.767000, 8843
0.768000, 8842
0.768000, 8841
0.769000, 8840
0.770000, 8839
0.770000, 8838
0.770000, 8837
0.771000, 8836
0.772000, 8835
0.772000, 8834
0.773000, 8833
0.773000, 8832
0.773000, 8831
0.774000, 8830
0.774000, 8829
0.774000, 8828
0.774000, 8827
0.775000, 8826
0.776000, 8825
0.777000, 8824
0.777000, 8823
0.777000, 8822
0.778000, 8821
0.778000, 8820
0.778000, 8819
0.779000, 8818
0.779000, 8817
0.780000, 8816
0.780000, 8815
0.782000, 8814
0.783000, 8813
0.783000, 8812
0.783000, 8811
0.784000, 8810
0.784000, 8809
0.786000, 8808
0.786000, 8807
0.786000, 8806
0.786000, 8805
0.787000, 8804
0.789000, 8803
0.789000, 8802
0.789000, 8801
0.790000, 8800
0.790000, 8799
0.790000, 8798
0.790000, 8797
0.792000, 8796
0.792000, 8795
0.792000, 8794
0.793000, 8793
0.793000, 8792
0.794000, 8791
0.795000, 8790
0.795000, 8789
0.795000, 8788
0.797000, 8787
0.797000, 8786
0.798000, 8785
0.798000, 8784
0.798000, 8783
0.798000, 8782
0.800000, 8781
0.801000, 8780
0.801000, 8779
0.801000, 8778
0.802000, 8777
0.802000, 8776
0.802000, 8775
0.803000, 8774
0.803000, 8773
0.803000, 8772
0.804000, 8771
0.804000, 8770
0.804000, 8769
0.805000, 8768
0.805000, 8767
0.806000, 8766
0.806000, 8765
0.807000, 8764
0.808000, 8763
0.808000, 8762
0.809000, 8761
0.809000, 8760
0.809000, 8759
0.810000, 8758
0.811000, 8757
0.812000, 8756
0.813000, 8755
0.814000, 8754
0.814000, 8753
0.814000, 8752
0.814000, 8751
0.815000, 8750
0.818000, 8749
0.818000, 8748
0.818000, 8747
0.819000, 8746
0.820000, 8745
0.820000, 8744
0.822000, 8743
0.822000, 8742
0.823000, 8741
0.823000, 8740
0.823000, 8739
0.824000, 8738
0.824000, 8737
0.825000, 8736
0.826000, 8735
0.827000, 8734
0.828000, 8733
0.828000, 8732
0.828000, 8731
0.829000, 8730
0.830000, 8729
0.830000, 8728
0.831000, 8727
0.831000, 8726
0.831000, 8725
0.832000, 8724
0.833000, 8723
0.833000, 8722
0.833000, 8721
0.834000, 8720
0.834000, 8719
0.835000, 8718
0.835000, 8717
0.836000, 8716
0.836000, 8715
0.836000, 8714
0.837000, 8713
0.837000, 8712
0.838000, 8711
0.838000, 8710
0.838000, 8709
0.839000, 8708
0.839000, 8707
0.839000, 8706
0.839000, 8705
0.840000, 8704
0.841000, 8703
0.841000, 8702
0.841000, 8701
0.841000, 8700
0.842000, 8699
0.843000, 8698
0.843000, 8697
0.844000, 8696
0.844000, 8695
0.846000, 8694
0.847000, 8693
0.848000, 8692
0.848000, 8691
0.849000, 8690
0.849000, 8689
0.850000, 8688
0.850000, 8687
0.851000, 8686
0.851000, 8685
0.851000, 8684
0.852000, 8683
0.852000, 8682
0.853000, 8681
0.853000, 8680
0.854000, 8679
0.855000, 8678
0.855000, 8677
0.856000, 8676
0.857000, 8675
0.858000, 8674
0.858000, 8673
0.859000, 8672
0.859000, 8671
0.859000, 8670
0.860000, 8669
0.860000, 8668
0.861000, 8667
0.861000, 8666
0.862000, 8665
0.863000, 8664
0.863000, 8663
0.864000, 8662
0.864000, 8661
0.865000, 8660
0.866000, 8659
0.867000, 8658
0.867000, 8657
0.868000, 8656
0.868000, 8655
0.869000, 8654
0.871000, 8653
0.872000, 8652
0.873000, 8651
0.874000, 8650
0.875000, 8649
0.875000, 8648
0.875000, 8647
0.877000, 8646
0.877000, 8645
0.878000, 8644
0.878000, 8643
0.878000, 8642
0.879000, 8641
0.879000, 8640
0.880000, 8639
0.881000, 8638
0.881000, 8637
0.882000, 8636
0.882000, 8635
0.883000, 8634
0.883000, 8633
0.883000, 8632
0.883000, 8631
0.883000, 8630
0.884000, 8629
0.884000, 8628
0.885000, 8627
0.891000, 8626
0.892000, 8625
0.894000, 8624
0.894000, 8623
0.894000, 8622
0.894000, 8621
0.895000, 8620
0.896000, 8619
0.897000, 8618
0.897000, 8617
0.897000, 8616
0.898000, 8615
0.900000, 8614
0.900000, 8613
0.900000, 8612
0.901000, 8611
0.902000, 8610
0.902000, 8609
0.903000, 8608
0.903000, 8607
0.904000, 8606
0.904000, 8605
0.905000, 8604
0.906000, 8603
0.906000, 8602
0.907000, 8601
0.908000, 8600
0.908000, 8599
0.908000, 8598
0.908000, 8597
0.909000, 8596
0.909000, 8595
0.910000, 8594
0.911000, 8593
0.911000, 8592
0.912000, 8591
0.913000, 8590
0.914000, 8589
0.914000, 8588
0.914000, 8587
0.914000, 8586
0.914000, 8585
0.915000, 8584
0.917000, 8583
0.917000, 8582
0.919000, 8581
0.920000, 8580
0.921000, 8579
0.921000, 8578
0.922000, 8577
0.922000, 8576
0.923000, 8575
0.924000, 8574
0.924000, 8573
0.924000, 8572
0.925000, 8571
0.926000, 8570
0.926000, 8569
0.926000, 8568
0.926000, 8567
0.927000, 8566
0.928000, 8565
0.929000, 8564
0.931000, 8563
0.931000, 8562
0.932000, 8561
0.933000, 8560
0.933000, 8559
0.933000, 8558
0.933000, 8557
0.934000, 8556
0.935000, 8555
0.937000, 8554
0.937000, 8553
0.938000, 8552
0.939000, 8551
0.939000, 8550
0.940000, 8549
0.942000, 8548
0.942000, 8547
0.943000, 8546
0.944000, 8545
0.944000, 8544
0.945000, 8543
0.947000, 8542
0.947000, 8541
0.947000, 8540
0.948000, 8539
0.949000, 8538
0.949000, 8537
0.950000, 8536
0.950000, 8535
0.950000, 8534
0.951000, 8533
0.952000, 8532
0.952000, 8531
0.954000, 8530
0.955000, 8529
0.956000, 8528
0.957000, 8527
0.959000, 8526
0.960000, 8525
0.960000, 8524
0.962000, 8523
0.962000, 8522
0.963000, 8521
0.964000, 8520
0.964000, 8519
0.965000, 8518
0.967000, 8517
0.967000, 8516
0.968000, 8515
0.969000, 8514
0.969000, 8513
0.970000, 8512
0.971000, 8511
0.971000, 8510
0.972000, 8509
0.972000, 8508
0.972000, 8507
0.973000, 8506
0.973000, 8505
0.974000, 8504
0.974000, 8503
0.974000, 8502
0.974000, 8501
0.975000, 8500
0.976000, 8499
0.979000, 8498
0.979000, 8497
0.980000, 8496
0.981000, 8495
0.983000, 8494
0.983000, 8493
0.985000, 8492
0.985000, 8491
0.985000, 8490
0.987000, 8489
0.988000, 8488
0.989000, 8487
0.989000, 8486
0.989000, 8485
0.990000, 8484
0.991000, 8483
0.991000, 8482
0.992000, 8481
0.994000, 8480
0.994000, 8479
0.995000, 8478
0.997000, 8477
0.997000, 8476
0.997000, 8475
0.999000, 8474
1.000000, 8473
1.000000, 8472
1.001000, 8471
1.001000, 8470
1.001000, 8469
1.002000, 8468
1.003000, 8467
1.004000, 8466
1.004000, 8465
1.004000, 8464
1.005000, 8463
1.006000, 8462
1.007000, 8461
1.007000, 8460
1.007000, 8459
1.007000, 8458
1.009000, 8457
1.009000, 8456
1.009000, 8455
1.010000, 8454
1.010000, 8453
1.013000, 8452
1.013000, 8451
1.014000, 8450
1.014000, 8449
1.014000, 8448
1.014000, 8447
1.015000, 8446
1.016000, 8445
1.016000, 8444
1.018000, 8443
1.022000, 8442
1.024000, 8441
1.024000, 8440
1.024000, 8439
1.024000, 8438
1.025000, 8437
1.026000, 8436
1.026000, 8435
1.027000, 8434
1.027000, 8433
1.027000, 8432
1.029000, 8431
1.030000, 8430
1.031000, 8429
1.031000, 8428
1.032000, 8427
1.032000, 8426
1.033000, 8425
1.034000, 8424
1.036000, 8423
1.039000, 8422
1.039000, 8421
1.040000, 8420
1.041000, 8419
1.042000, 8418
1.043000, 8417
1.046000, 8416
1.049000, 8415
1.049000, 8414
1.049000, 8413
1.050000, 8412
1.051000, 8411
1.052000, 8410
1.052000, 8409
1.052000, 8408
1.053000, 8407
1.054000, 8406
1.056000, 8405
1.056000, 8404
1.056000, 8403
1.056000, 8402
1.057000, 8401
1.057000, 8400
1.057000, 8399
1.059000, 8398
1.059000, 8397
1.060000, 8396
1.060000, 8395
1.061000, 8394
1.061000, 8393
1.062000, 8392
1.064000, 8391
1.066000, 8390
1.068000, 8389
1.069000, 8388
1.070000, 8387
1.070000, 8386
1.070000, 8385
1.071000, 8384
1.071000, 8383
1.072000, 8382
1.074000, 8381
1.076000, 8380
1.076000, 8379
1.077000, 8378
1.077000, 8377
1.077000, 8376
1.077000, 8375
1.078000, 8374
1.079000, 8373
1.079000, 8372
1.081000, 8371
1.081000, 8370
1.082000, 8369
1.082000, 8368
1.083000, 8367
1.084000, 8366
1.084000, 8365
1.085000, 8364
1.086000, 8363
1.086000, 8362
1.088000, 8361
1.089000, 8360
1.090000, 8359
1.091000, 8358
1.092000, 8357
1.094000, 8356
1.094000, 8355
1.094000, 8354
1.094000, 8353
1.095000, 8352
1.095000, 8351
1.096000, 8350
1.096000, 8349
1.097000, 8348
1.097000, 8347
1.097000, 8346
1.098000, 8345
1.099000, 8344
1.100000, 8343
1.100000, 8342
1.101000, 8341
1.101000, 8340
1.101000, 8339
1.102000, 8338
1.102000, 8337
1.106000, 8336
1.109000, 8335
1.110000, 8334
1.110000, 8333
1.110000, 8332
1.113000, 8331
1.114000, 8330
1.115000, 8329
1.117000, 8328
1.118000, 8327
1.120000, 8326
1.121000, 8325
1.121000, 8324
1.121000, 8323
1.123000, 8322
1.123000, 8321
1.124000, 8320
1.124000, 8319
1.125000, 8318
1.126000, 8317
1.126000, 8316
1.126000, 8315
1.126000, 8314
1.127000, 8313
1.127000, 8312
1.128000, 8311
1.128000, 8310
1.130000, 8309
1.130000, 8308
1.131000, 8307
1.131000, 8306
1.132000, 8305
1.132000, 8304
1.133000, 8303
1.135000, 8302
1.135000, 8301
1.135000, 8300
1.136000, 8299
1.137000, 8298
1.139000, 8297
1.139000, 8296
1.139000, 8295
1.140000, 8294
1.140000, 8293
1.141000, 8292
1.142000, 8291
1.142000, 8290
1.144000, 8289
1.145000, 8288
1.146000, 8287
1.146000, 8286
1.146000, 8285
1.149000, 8284
1.150000, 8283
1.150000, 8282
1.150000, 8281
1.151000, 8280
1.152000, 8279
1.153000, 8278
1.153000, 8277
1.154000, 8276
1.155000, 8275
1.155000, 8274
1.157000, 8273
1.157000, 8272
1.157000, 8271
1.157000, 8270
1.158000, 8269
1.158000, 8268
1.159000, 8267
1.160000, 8266
1.161000, 8265
1.162000, 8264
1.162000, 8263
1.163000, 8262
1.163000, 8261
1.165000, 8260
1.166000, 8259
1.166000, 8258
1.171000, 8257
1.172000, 8256
1.173000, 8255
1.174000, 8254
1.175000, 8253
1.175000, 8252
1.175000, 8251
1.176000, 8250
1.177000, 8249
1.180000, 8248
1.181000, 8247
1.181000, 8246
1.181000, 8245
1.181000, 8244
1.181000, 8243
1.182000, 8242
1.183000, 8241
1.183000, 8240
1.183000, 8239
1.184000, 8238
1.184000, 8237
1.185000, 8236
1.185000, 8235
1.187000, 8234
1.188000, 8233
1.189000, 8232
1.189000, 8231
1.190000, 8230
1.190000, 8229
1.193000, 8228
1.194000, 8227
1.195000, 8226
1.197000, 8225
1.198000, 8224
1.199000, 8223
1.199000, 8222
1.201000, 8221
1.202000, 8220
1.203000, 8219
1.204000, 8218
1.205000, 8217
1.207000, 8216
1.208000, 8215
1.209000, 8214
1.210000, 8213
1.211000, 8212
1.214000, 8211
1.214000, 8210
1.215000, 8209
1.216000, 8208
1.217000, 8207
1.217000, 8206
1.218000, 8205
1.219000, 8204
1.219000, 8203
1.221000, 8202
1.222000, 8201
1.223000, 8200
1.223000, 8199
1.225000, 8198
1.226000, 8197
1.226000, 8196
1.228000, 8195
1.229000, 8194
1.230000, 8193
1.230000, 8192
1.230000, 8191
1.231000, 8190
1.231000, 8189
1.233000, 8188
1.234000, 8187
1.234000, 8186
1.235000, 8185
1.235000, 8184
1.236000, 8183
1.236000, 8182
1.236000, 8181
1.236000, 8180
1.238000, 8179
1.238000, 8178
1.239000, 8177
1.240000, 8176
1.240000, 8175
1.241000, 8174
1.241000, 8173
1.242000, 8172
1.243000, 8171
1.243000, 8170
1.245000, 8169
1.247000, 8168
1.249000, 8167
1.250000, 8166
1.251000, 8165
1.252000, 8164
1.254000, 8163
1.255000, 8162
1.257000, 8161
1.257000, 8160
1.257000, 8159
1.258000, 8158
1.259000, 8157
1.260000, 8156
1.261000, 8155
1.262000, 8154
1.263000, 8153
1.266000, 8152
1.266000, 8151
1.267000, 8150
1.268000, 8149
1.270000, 8148
1.271000, 8147
1.271000, 8146
1.272000, 8145
1.274000, 8144
1.275000, 8143
1.276000, 8142
1.276000, 8141
1.277000, 8140
1.278000, 8139
1.280000, 8138
1.282000, 8137
1.282000, 8136
1.282000, 8135
1.283000, 8134
1.284000, 8133
1.284000, 8132
1.287000, 8131
1.289000, 8130
1.292000, 8129
1.294000, 8128
1.295000, 8127
1.296000, 8126
1.299000, 8125
1.300000, 8124
1.300000, 8123
1.301000, 8122
1.302000, 8121
1.302000, 8120
1.302000, 8119
1.303000, 8118
1.304000, 8117
1.304000, 8116
1.305000, 8115
1.305000, 8114
1.306000, 8113
1.306000, 8112
1.308000, 8111
1.310000, 8110
1.311000, 8109
1.312000, 8108
1.313000, 8107
1.314000, 8106
1.315000, 8105
1.316000, 8104
1.317000, 8103
1.319000, 8102
1.320000, 8101
1.320000, 8100
1.320000, 8099
1.322000, 8098
1.323000, 8097
1.324000, 8096
1.324000, 8095
1.325000, 8094
1.325000, 8093
1.326000, 8092
1.329000, 8091
1.329000, 8090
1.330000, 8089
1.331000, 8088
1.334000, 8087
1.335000, 8086
1.335000, 8085
1.336000, 8084
1.337000, 8083
1.339000, 8082
1.339000, 8081
1.340000, 8080
1.340000, 8079
1.341000, 8078
1.342000, 8077
1.342000, 8076
1.346000, 8075
1.346000, 8074
1.346000, 8073
1.347000, 8072
1.349000, 8071
1.349000, 8070
1.350000, 8069
1.350000, 8068
1.351000, 8067
1.355000, 8066
1.355000, 8065
1.356000, 8064
1.358000, 8063
1.358000, 8062
1.359000, 8061
1.360000, 8060
1.360000, 8059
1.363000, 8058
1.363000, 8057
1.364000, 8056
1.364000, 8055
1.364000, 8054
1.366000, 8053
1.369000, 8052
1.369000, 8051
1.373000, 8050
1.374000, 8049
1.374000, 8048
1.375000, 8047
1.376000, 8046
1.377000, 8045
1.378000, 8044
1.379000, 8043
1.380000, 8042
1.380000, 8041
1.381000, 8040
1.382000, 8039
1.383000, 8038
1.389000, 8037
1.389000, 8036
1.389000, 8035
1.390000, 8034
1.391000, 8033
1.391000, 8032
1.393000, 8031
1.394000, 8030
1.395000, 8029
1.395000, 8028
1.397000, 8027
1.399000, 8026
1.401000, 8025
1.402000, 8024
1.404000, 8023
1.404000, 8022
1.405000, 8021
1.408000, 8020
1.408000, 8019
1.410000, 8018
1.410000, 8017
1.410000, 8016
1.412000, 8015
1.412000, 8014
1.415000, 8013
1.416000, 8012
1.417000, 8011
1.419000, 8010
1.420000, 8009
1.421000, 8008
1.421000, 8007
1.421000, 8006
1.422000, 8005
1.423000, 8004
1.423000, 8003
1.423000, 8002
1.424000, 8001
1.426000, 8000
1.426000, 7999
1.427000, 7998
1.429000, 7997
1.429000, 7996
1.435000, 7995
1.435000, 7994
1.437000, 7993
1.438000, 7992
1.438000, 7991
1.441000, 7990
1.441000, 7989
1.443000, 7988
1.445000, 7987
1.447000, 7986
1.448000, 7985
1.452000, 7984
1.452000, 7983
1.453000, 7982
1.455000, 7981
1.457000, 7980
1.459000, 7979
1.459000, 7978
1.460000, 7977
1.462000, 7976
1.463000, 7975
1.464000, 7974
1.465000, 7973
1.466000, 7972
1.467000, 7971
1.467000, 7970
1.468000, 7969
1.470000, 7968
1.476000, 7967
1.476000, 7966
1.478000, 7965
1.478000, 7964
1.480000, 7963
1.486000, 7962
1.486000, 7961
1.487000, 7960
1.488000, 7959
1.489000, 7958
1.490000, 7957
1.492000, 7956
1.503000, 7955
1.504000, 7954
1.505000, 7953
1.508000, 7952
1.508000, 7951
1.508000, 7950
1.509000, 7949
1.512000, 7948
1.516000, 7947
1.517000, 7946
1.521000, 7945
1.522000, 7944
1.525000, 7943
1.525000, 7942
1.526000, 7941
1.527000, 7940
1.527000, 7939
1.529000, 7938
1.529000, 7937
1.530000, 7936
1.530000, 7935
1.535000, 7934
1.537000, 7933
1.537000, 7932
1.538000, 7931
1.539000, 7930
1.540000, 7929
1.541000, 7928
1.545000, 7927
1.546000, 7926
1.547000, 7925
1.547000, 7924
1.547000, 7923
1.548000, 7922
1.550000, 7921
1.552000, 7920
1.554000, 7919
1.555000, 7918
1.557000, 7917
1.558000, 7916
1.558000, 7915
1.558000, 7914
1.559000, 7913
1.563000, 7912
1.564000, 7911
1.566000, 7910
1.566000, 7909
1.567000, 7908
1.567000, 7907
1.572000, 7906
1.573000, 7905
1.575000, 7904
1.577000, 7903
1.578000, 7902
1.580000, 7901
1.582000, 7900
1.582000, 7899
1.585000, 7898
1.587000, 7897
1.587000, 7896
1.588000, 7895
1.592000, 7894
1.592000, 7893
1.594000, 7892
1.594000, 7891
1.595000, 7890
1.597000, 7889
1.598000, 7888
1.598000, 7887
1.598000, 7886
1.603000, 7885
1.605000, 7884
1.606000, 7883
1.607000, 7882
1.607000, 7881
1.609000, 7880
1.611000, 7879
1.613000, 7878
1.615000, 7877
1.617000, 7876
1.617000, 7875
1.618000, 7874
1.619000, 7873
1.621000, 7872
1.624000, 7871
1.627000, 7870
1.630000, 7869
1.631000, 7868
1.632000, 7867
1.636000, 7866
1.637000, 7865
1.639000, 7864
1.639000, 7863
1.642000, 7862
1.643000, 7861
1.648000, 7860
1.648000, 7859
1.648000, 7858
1.649000, 7857
1.655000, 7856
1.656000, 7855
1.659000, 7854
1.660000, 7853
1.662000, 7852
1.666000, 7851
1.667000, 7850
1.668000, 7849
1.668000, 7848
1.669000, 7847
1.683000, 7846
1.687000, 7845
1.689000, 7844
1.692000, 7843
1.695000, 7842
1.703000, 7841
1.705000, 7840
1.705000, 7839
1.707000, 7838
1.708000, 7837
1.709000, 7836
1.710000, 7835
1.711000, 7834
1.712000, 7833
1.713000, 7832
1.718000, 7831
1.718000, 7830
1.719000, 7829
1.723000, 7828
1.726000, 7827
1.727000, 7826
1.728000, 7825
1.729000, 7824
1.731000, 7823
1.733000, 7822
1.737000, 7821
1.739000, 7820
1.739000, 7819
1.749000, 7818
1.752000, 7817
1.755000, 7816
1.756000, 7815
1.757000, 7814
1.760000, 7813
1.763000, 7812
1.764000, 7811
1.765000, 7810
1.766000, 7809
1.766000, 7808
1.768000, 7807
1.768000, 7806
1.768000, 7805
1.771000, 7804
1.774000, 7803
1.774000, 7802
1.775000, 7801
1.778000, 7800
1.783000, 7799
1.784000, 7798
1.785000, 7797
1.792000, 7796
1.795000, 7795
1.796000, 7794
1.798000, 7793
1.800000, 7792
1.801000, 7791
1.802000, 7790
1.805000, 7789
1.810000, 7788
1.813000, 7787
1.813000, 7786
1.819000, 7785
1.822000, 7784
1.827000, 7783
1.833000, 7782
1.835000, 7781
1.836000, 7780
1.838000, 7779
1.839000, 7778
1.846000, 7777
1.849000, 7776
1.851000, 7775
1.854000, 7774
1.866000, 7773
1.866000, 7772
1.867000, 7771
1.868000, 7770
1.870000, 7769
1.872000, 7768
1.873000, 7767
1.875000, 7766
1.876000, 7765
1.876000, 7764
1.881000, 7763
1.882000, 7762
1.884000, 7761
1.885000, 7760
1.886000, 7759
1.887000, 7758
1.891000, 7757
1.893000, 7756
1.894000, 7755
1.897000, 7754
1.901000, 7753
1.903000, 7752
1.907000, 7751
1.919000, 7750
1.921000, 7749
1.921000, 7748
1.922000, 7747
1.944000, 7746
1.949000, 7745
1.956000, 7744
1.957000, 7743
1.959000, 7742
1.961000, 7741
1.964000, 7740
1.971000, 7739
1.971000, 7738
1.977000, 7737
1.983000, 7736
1.991000, 7735
1.994000, 7734
1.995000, 7733
2.004000, 7732
2.005000, 7731
2.006000, 7730
2.006000, 7729
2.011000, 7728
2.013000, 7727
2.017000, 7726
2.022000, 7725
2.025000, 7724
2.036000, 7723
2.056000, 7722
2.058000, 7721
2.067000, 7720
2.071000, 7719
2.073000, 7718
2.078000, 7717
2.094000, 7716
2.096000, 7715
2.097000, 7714
2.100000, 7713
2.102000, 7712
2.107000, 7711
2.109000, 7710
2.113000, 7709
2.115000, 7708
2.116000, 7707
2.124000, 7706
2.125000, 7705
2.125000, 7704
2.133000, 7703
2.137000, 7702
2.141000, 7701
2.154000, 7700
2.164000, 7699
2.165000, 7698
2.166000, 7697
2.167000, 7696
2.170000, 7695
2.172000, 7694
2.182000, 7693
2.182000, 7692
2.184000, 7691
2.184000, 7690
2.187000, 7689
2.192000, 7688
2.202000, 7687
2.208000, 7686
2.218000, 7685
2.220000, 7684
2.222000, 7683
2.234000, 7682
2.236000, 7681
2.243000, 7680
2.261000, 7679
2.264000, 7678
2.265000, 7677
2.265000, 7676
2.270000, 7675
2.271000, 7674
2.300000, 7673
2.305000, 7672
2.308000, 7671
2.315000, 7670
2.316000, 7669
2.329000, 7668
2.332000, 7667
2.348000, 7666
2.349000, 7665
2.351000, 7664
2.358000, 7663
2.360000, 7662
2.366000, 7661
2.371000, 7660
2.373000, 7659
2.374000, 7658
2.374000, 7657
2.378000, 7656
2.396000, 7655
2.403000, 7654
2.408000, 7653
2.408000, 7652
2.411000, 7651
2.414000, 7650
2.415000, 7649
2.422000, 7648
2.424000, 7647
2.430000, 7646
2.437000, 7645
2.441000, 7644
2.442000, 7643
2.444000, 7642
2.449000, 7641
2.460000, 7640
2.466000, 7639
2.467000, 7638
2.473000, 7637
2.483000, 7636
2.493000, 7635
2.498000, 7634
2.499000, 7633
2.501000, 7632
2.503000, 7631
2.504000, 7630
2.505000, 7629
2.518000, 7628
2.523000, 7627
2.523000, 7626
2.542000, 7625
2.545000, 7624
2.548000, 7623
2.565000, 7622
2.590000, 7621
2.630000, 7620
2.639000, 7619
2.652000, 7618
2.653000, 7617
2.679000, 7616
2.682000, 7615
2.743000, 7614
2.764000, 7613
2.769000, 7612
2.791000, 7611
2.798000, 7610
2.810000, 7609
2.826000, 7608
2.829000, 7607
2.915000, 7606
2.926000, 7605
2.927000, 7604
2.939000, 7603
2.944000, 7602
2.949000, 7601
2.956000, 7600
2.987000, 7599
2.992000, 7598
3.011000, 7597
3.066000, 7596
3.111000, 7595
3.114000, 7594
3.122000, 7593
3.125000, 7592
3.228000, 7591
3.263000, 7590
3.318000, 7589
3.322000, 7588
3.329000, 7587
3.354000, 7586
3.442000, 7585
3.501000, 7584
3.722000, 7583
3.765000, 7582
3.829000, 7581
3.898000, 7580
3.968000, 7579
4.113000, 7578
4.168000, 7577
4.188000, 7576
4.240000, 7575
4.659000, 7574
5.106000, 7573
5.337000, 7572
5.366000, 7571
5.609000, 7570
5.628000, 7569
6.713000, 7568
8.118000, 7567
