0.011000, 10209
0.017000, 10208
0.018000, 10207
0.018000, 10206
0.018000, 10205
0.019000, 10204
0.019000, 10203
0.021000, 10202
0.022000, 10201
0.022000, 10200
0.022000, 10199
0.023000, 10198
0.024000, 10197
0.024000, 10196
0.024000, 10195
0.025000, 10194
0.025000, 10193
0.027000, 10192
0.027000, 10191
0.027000, 10190
0.028000, 10189
0.028000, 10188
0.028000, 10187
0.029000, 10186
0.029000, 10185
0.030000, 10184
0.030000, 10183
0.030000, 10182
0.031000, 10181
0.031000, 10180
0.031000, 10179
0.032000, 10178
0.032000, 10177
0.032000, 10176
0.033000, 10175
0.034000, 10174
0.034000, 10173
0.034000, 10172
0.034000, 10171
0.034000, 10170
0.036000, 10169
0.036000, 10168
0.036000, 10167
0.037000, 10166
0.037000, 10165
0.038000, 10164
0.038000, 10163
0.038000, 10162
0.039000, 10161
0.039000, 10160
0.040000, 10159
0.041000, 10158
0.041000, 10157
0.042000, 10156
0.043000, 10155
0.044000, 10154
0.044000, 10153
0.045000, 10152
0.045000, 10151
0.046000, 10150
0.046000, 10149
0.047000, 10148
0.047000, 10147
0.048000, 10146
0.049000, 10145
0.049000, 10144
0.050000, 10143
0.050000, 10142
0.050000, 10141
0.051000, 10140
0.052000, 10139
0.052000, 10138
0.053000, 10137
0.053000, 10136
0.054000, 10135
0.055000, 10134
0.055000, 10133
0.055000, 10132
0.056000, 10131
0.057000, 10130
0.057000, 10129
0.058000, 10128
0.059000, 10127
0.059000, 10126
0.059000, 10125
0.060000, 10124
0.060000, 10123
0.060000, 10122
0.061000, 10121
0.061000, 10120
0.062000, 10119
0.062000, 10118
0.063000, 10117
0.064000, 10116
0.065000, 10115
0.065000, 10114
0.066000, 10113
0.066000, 10112
0.066000, 10111
0.067000, 10110
0.067000, 10109
0.068000, 10108
0.069000, 10107
0.069000, 10106
0.069000, 10105
0.070000, 10104
0.071000, 10103
0.072000, 10102
0.074000, 10101
0.075000, 10100
0.076000, 10099
0.076000, 10098
0.076000, 10097
0.078000, 10096
0.079000, 10095
0.079000, 10094
0.079000, 10093
0.079000, 10092
0.080000, 10091
0.082000, 10090
0.084000, 10089
0.084000, 10088
0.085000, 10087
0.086000, 10086
0.086000, 10085
0.087000, 10084
0.088000, 10083
0.089000, 10082
0.089000, 10081
0.089000, 10080
0.089000, 10079
0.090000, 10078
0.091000, 10077
0.091000, 10076
0.091000, 10075
0.092000, 10074
0.093000, 10073
0.094000, 10072
0.095000, 10071
0.095000, 10070
0.096000, 10069
0.097000, 10068
0.097000, 10067
0.098000, 10066
0.099000, 10065
0.099000, 10064
0.099000, 10063
0.099000, 10062
0.100000, 10061
0.101000, 10060
0.101000, 10059
0.102000, 10058
0.102000, 10057
0.102000, 10056
0.103000, 10055
0.103000, 10054
0.103000, 10053
0.104000, 10052
0.104000, 10051
0.104000, 10050
0.105000, 10049
0.105000, 10048
0.106000, 10047
0.106000, 10046
0.107000, 10045
0.107000, 10044
0.108000, 10043
0.108000, 10042
0.109000, 10041
0.109000, 10040
0.110000, 10039
0.110000, 10038
0.111000, 10037
0.112000, 10036
0.112000, 10035
0.113000, 10034
0.113000, 10033
0.114000, 10032
0.114000, 10031
0.114000, 10030
0.115000, 10029
0.115000, 10028
0.115000, 10027
0.116000, 10026
0.116000, 10025
0.117000, 10024
0.117000, 10023
0.118000, 10022
0.118000, 10021
0.118000, 10020
0.119000, 10019
0.119000, 10018
0.119000, 10017
0.120000, 10016
0.121000, 10015
0.121000, 10014
0.122000, 10013
0.123000, 10012
0.123000, 10011
0.124000, 10010
0.124000, 10009
0.124000, 10008
0.125000, 10007
0.125000, 10006
0.125000, 10005
0.126000, 10004
0.127000, 10003
0.127000, 10002
0.127000, 10001
0.128000, 10000
0.128000, 9999
0.129000, 9998
0.129000, 9997
0.131000, 9996
0.131000, 9995
0.131000, 9994
0.132000, 9993
0.133000, 9992
0.133000, 9991
0.133000, 9990
0.133000, 9989
0.134000, 9988
0.134000, 9987
0.134000, 9986
0.135000, 9985
0.135000, 9984
0.136000, 9983
0.136000, 9982
0.137000, 9981
0.138000, 9980
0.138000, 9979
0.138000, 9978
0.139000, 9977
0.139000, 9976
0.139000, 9975
0.140000, 9974
0.140000, 9973
0.141000, 9972
0.141000, 9971
0.142000, 9970
0.142000, 9969
0.142000, 9968
0.142000, 9967
0.144000, 9966
0.144000, 9965
0.145000, 9964
0.146000, 9963
0.146000, 9962
0.147000, 9961
0.147000, 9960
0.147000, 9959
0.148000, 9958
0.148000, 9957
0.148000, 9956
0.149000, 9955
0.149000, 9954
0.149000, 9953
0.150000, 9952
0.151000, 9951
0.151000, 9950
0.152000, 9949
0.152000, 9948
0.153000, 9947
0.153000, 9946
0.153000, 9945
0.154000, 9944
0.154000, 9943
0.154000, 9942
0.155000, 9941
0.155000, 9940
0.156000, 9939
0.157000, 9938
0.158000, 9937
0.159000, 9936
0.159000, 9935
0.160000, 9934
0.161000, 9933
0.161000, 9932
0.161000, 9931
0.162000, 9930
0.162000, 9929
0.162000, 9928
0.163000, 9927
0.163000, 9926
0.164000, 9925
0.164000, 9924
0.165000, 9923
0.166000, 9922
0.166000, 9921
0.167000, 9920
0.167000, 9919
0.168000, 9918
0.169000, 9917
0.169000, 9916
0.169000, 9915
0.170000, 9914
0.170000, 9913
0.172000, 9912
0.172000, 9911
0.172000, 9910
0.173000, 9909
0.173000, 9908
0.174000, 9907
0.174000, 9906
0.174000, 9905
0.175000, 9904
0.176000, 9903
0.177000, 9902
0.177000, 9901
0.177000, 9900
0.178000, 9899
0.178000, 9898
0.179000, 9897
0.180000, 9896
0.180000, 9895
0.181000, 9894
0.181000, 9893
0.181000, 9892
0.182000, 9891
0.182000, 9890
0.183000, 9889
0.183000, 9888
0.184000, 9887
0.184000, 9886
0.184000, 9885
0.185000, 9884
0.185000, 9883
0.185000, 9882
0.186000, 9881
0.186000, 9880
0.187000, 9879
0.187000, 9878
0.188000, 9877
0.188000, 9876
0.189000, 9875
0.189000, 9874
0.190000, 9873
0.190000, 9872
0.191000, 9871
0.191000, 9870
0.192000, 9869
0.192000, 9868
0.192000, 9867
0.192000, 9866
0.193000, 9865
0.193000, 9864
0.195000, 9863
0.195000, 9862
0.195000, 9861
0.196000, 9860
0.196000, 9859
0.196000, 9858
0.197000, 9857
0.197000, 9856
0.197000, 9855
0.198000, 9854
0.199000, 9853
0.199000, 9852
0.200000, 9851
0.201000, 9850
0.201000, 9849
0.201000, 9848
0.202000, 9847
0.203000, 9846
0.203000, 9845
0.203000, 9844
0.204000, 9843
0.204000, 9842
0.205000, 9841
0.206000, 9840
0.206000, 9839
0.207000, 9838
0.208000, 9837
0.209000, 9836
0.209000, 9835
0.210000, 9834
0.210000, 9833
0.210000, 9832
0.211000, 9831
0.211000, 9830
0.211000, 9829
0.212000, 9828
0.212000, 9827
0.212000, 9826
0.213000, 9825
0.214000, 9824
0.214000, 9823
0.215000, 9822
0.215000, 9821
0.215000, 9820
0.216000, 9819
0.216000, 9818
0.217000, 9817
0.218000, 9816
0.219000, 9815
0.220000, 9814
0.221000, 9813
0.221000, 9812
0.222000, 9811
0.222000, 9810
0.223000, 9809
0.223000, 9808
0.223000, 9807
0.224000, 9806
0.224000, 9805
0.225000, 9804
0.225000, 9803
0.225000, 9802
0.226000, 9801
0.227000, 9800
0.227000, 9799
0.228000, 9798
0.228000, 9797
0.228000, 9796
0.229000, 9795
0.230000, 9794
0.231000, 9793
0.233000, 9792
0.233000, 9791
0.233000, 9790
0.234000, 9789
0.234000, 9788
0.235000, 9787
0.237000, 9786
0.238000, 9785
0.238000, 9784
0.239000, 9783
0.239000, 9782
0.239000, 9781
0.240000, 9780
0.241000, 9779
0.241000, 9778
0.242000, 9777
0.242000, 9776
0.242000, 9775
0.243000, 9774
0.243000, 9773
0.243000, 9772
0.245000, 9771
0.245000, 9770
0.246000, 9769
0.246000, 9768
0.246000, 9767
0.247000, 9766
0.247000, 9765
0.247000, 9764
0.248000, 9763
0.248000, 9762
0.248000, 9761
0.248000, 9760
0.249000, 9759
0.249000, 9758
0.249000, 9757
0.250000, 9756
0.250000, 9755
0.251000, 9754
0.252000, 9753
0.252000, 9752
0.253000, 9751
0.253000, 9750
0.253000, 9749
0.254000, 9748
0.255000, 9747
0.256000, 9746
0.257000, 9745
0.257000, 9744
0.258000, 9743
0.258000, 9742
0.259000, 9741
0.259000, 9740
0.259000, 9739
0.260000, 9738
0.260000, 9737
0.261000, 9736
0.262000, 9735
0.262000, 9734
0.262000, 9733
0.263000, 9732
0.263000, 9731
0.263000, 9730
0.263000, 9729
0.264000, 9728
0.265000, 9727
0.265000, 9726
0.266000, 9725
0.266000, 9724
0.266000, 9723
0.266000, 9722
0.267000, 9721
0.268000, 9720
0.268000, 9719
0.269000, 9718
0.269000, 9717
0.269000, 9716
0.269000, 9715
0.270000, 9714
0.270000, 9713
0.271000, 9712
0.271000, 9711
0.272000, 9710
0.272000, 9709
0.273000, 9708
0.273000, 9707
0.274000, 9706
0.277000, 9705
0.277000, 9704
0.278000, 9703
0.278000, 9702
0.279000, 9701
0.279000, 9700
0.280000, 9699
0.281000, 9698
0.282000, 9697
0.282000, 9696
0.283000, 9695
0.283000, 9694
0.284000, 9693
0.285000, 9692
0.285000, 9691
0.286000, 9690
0.287000, 9689
0.287000, 9688
0.287000, 9687
0.287000, 9686
0.288000, 9685
0.288000, 9684
0.288000, 9683
0.289000, 9682
0.290000, 9681
0.290000, 9680
0.290000, 9679
0.290000, 9678
0.291000, 9677
0.291000, 9676
0.292000, 9675
0.293000, 9674
0.293000, 9673
0.294000, 9672
0.294000, 9671
0.295000, 9670
0.295000, 9669
0.295000, 9668
0.296000, 9667
0.296000, 9666
0.296000, 9665
0.297000, 9664
0.297000, 9663
0.298000, 9662
0.299000, 9661
0.299000, 9660
0.300000, 9659
0.300000, 9658
0.301000, 9657
0.301000, 9656
0.302000, 9655
0.303000, 9654
0.303000, 9653
0.303000, 9652
0.304000, 9651
0.304000, 9650
0.305000, 9649
0.305000, 9648
0.306000, 9647
0.306000, 9646
0.306000, 9645
0.306000, 9644
0.307000, 9643
0.307000, 9642
0.308000, 9641
0.309000, 9640
0.310000, 9639
0.310000, 9638
0.310000, 9637
0.311000, 9636
0.312000, 9635
0.312000, 9634
0.314000, 9633
0.314000, 9632
0.315000, 9631
0.315000, 9630
0.316000, 9629
0.317000, 9628
0.317000, 9627
0.318000, 9626
0.319000, 9625
0.319000, 9624
0.319000, 9623
0.320000, 9622
0.321000, 9621
0.321000, 9620
0.322000, 9619
0.323000, 9618
0.323000, 9617
0.324000, 9616
0.324000, 9615
0.324000, 9614
0.325000, 9613
0.326000, 9612
0.326000, 9611
0.327000, 9610
0.327000, 9609
0.328000, 9608
0.328000, 9607
0.329000, 9606
0.329000, 9605
0.330000, 9604
0.330000, 9603
0.330000, 9602
0.331000, 9601
0.331000, 9600
0.331000, 9599
0.332000, 9598
0.333000, 9597
0.333000, 9596
0.334000, 9595
0.334000, 9594
0.334000, 9593
0.335000, 9592
0.335000, 9591
0.336000, 9590
0.337000, 9589
0.338000, 9588
0.339000, 9587
0.339000, 9586
0.339000, 9585
0.340000, 9584
0.341000, 9583
0.341000, 9582
0.342000, 9581
0.343000, 9580
0.344000, 9579
0.345000, 9578
0.345000, 9577
0.345000, 9576
0.346000, 9575
0.346000, 9574
0.347000, 9573
0.347000, 9572
0.348000, 9571
0.349000, 9570
0.349000, 9569
0.349000, 9568
0.350000, 9567
0.350000, 9566
0.351000, 9565
0.351000, 9564
0.352000, 9563
0.354000, 9562
0.354000, 9561
0.355000, 9560
0.355000, 9559
0.355000, 9558
0.355000, 9557
0.356000, 9556
0.357000, 9555
0.357000, 9554
0.358000, 9553
0.358000, 9552
0.359000, 9551
0.359000, 9550
0.359000, 9549
0.360000, 9548
0.360000, 9547
0.361000, 9546
0.361000, 9545
0.362000, 9544
0.363000, 9543
0.363000, 9542
0.364000, 9541
0.364000, 9540
0.365000, 9539
0.365000, 9538
0.366000, 9537
0.366000, 9536
0.367000, 9535
0.367000, 9534
0.368000, 9533
0.368000, 9532
0.369000, 9531
0.369000, 9530
0.370000, 9529
0.370000, 9528
0.371000, 9527
0.371000, 9526
0.372000, 9525
0.373000, 9524
0.373000, 9523
0.375000, 9522
0.375000, 9521
0.375000, 9520
0.376000, 9519
0.377000, 9518
0.377000, 9517
0.380000, 9516
0.381000, 9515
0.381000, 9514
0.382000, 9513
0.382000, 9512
0.383000, 9511
0.383000, 9510
0.384000, 9509
0.384000, 9508
0.384000, 9507
0.385000, 9506
0.385000, 9505
0.386000, 9504
0.386000, 9503
0.387000, 9502
0.387000, 9501
0.388000, 9500
0.390000, 9499
0.390000, 9498
0.391000, 9497
0.391000, 9496
0.392000, 9495
0.392000, 9494
0.393000, 9493
0.393000, 9492
0.394000, 9491
0.394000, 9490
0.394000, 9489
0.395000, 9488
0.396000, 9487
0.396000, 9486
0.397000, 9485
0.397000, 9484
0.399000, 9483
0.399000, 9482
0.400000, 9481
0.400000, 9480
0.401000, 9479
0.401000, 9478
0.402000, 9477
0.403000, 9476
0.403000, 9475
0.404000, 9474
0.404000, 9473
0.405000, 9472
0.405000, 9471
0.407000, 9470
0.408000, 9469
0.408000, 9468
0.408000, 9467
0.409000, 9466
0.410000, 9465
0.411000, 9464
0.411000, 9463
0.412000, 9462
0.412000, 9461
0.412000, 9460
0.412000, 9459
0.413000, 9458
0.413000, 9457
0.414000, 9456
0.415000, 9455
0.416000, 9454
0.417000, 9453
0.417000, 9452
0.417000, 9451
0.418000, 9450
0.419000, 9449
0.419000, 9448
0.420000, 9447
0.421000, 9446
0.422000, 9445
0.422000, 9444
0.424000, 9443
0.424000, 9442
0.426000, 9441
0.426000, 9440
0.427000, 9439
0.427000, 9438
0.429000, 9437
0.430000, 9436
0.430000, 9435
0.431000, 9434
0.433000, 9433
0.433000, 9432
0.434000, 9431
0.435000, 9430
0.435000, 9429
0.436000, 9428
0.437000, 9427
0.437000, 9426
0.438000, 9425
0.439000, 9424
0.439000, 9423
0.440000, 9422
0.440000, 9421
0.440000, 9420
0.441000, 9419
0.441000, 9418
0.442000, 9417
0.442000, 9416
0.444000, 9415
0.444000, 9414
0.446000, 9413
0.447000, 9412
0.447000, 9411
0.448000, 9410
0.449000, 9409
0.449000, 9408
0.450000, 9407
0.451000, 9406
0.451000, 9405
0.451000, 9404
0.452000, 9403
0.452000, 9402
0.452000, 9401
0.453000, 9400
0.454000, 9399
0.455000, 9398
0.455000, 9397
0.456000, 9396
0.456000, 9395
0.457000, 9394
0.457000, 9393
0.458000, 9392
0.458000, 9391
0.459000, 9390
0.459000, 9389
0.461000, 9388
0.462000, 9387
0.462000, 9386
0.463000, 9385
0.463000, 9384
0.463000, 9383
0.464000, 9382
0.465000, 9381
0.466000, 9380
0.466000, 9379
0.467000, 9378
0.468000, 9377
0.469000, 9376
0.471000, 9375
0.471000, 9374
0.471000, 9373
0.472000, 9372
0.473000, 9371
0.474000, 9370
0.474000, 9369
0.475000, 9368
0.476000, 9367
0.477000, 9366
0.477000, 9365
0.477000, 9364
0.479000, 9363
0.479000, 9362
0.481000, 9361
0.481000, 9360
0.483000, 9359
0.483000, 9358
0.483000, 9357
0.483000, 9356
0.484000, 9355
0.484000, 9354
0.485000, 9353
0.486000, 9352
0.487000, 9351
0.487000, 9350
0.487000, 9349
0.487000, 9348
0.488000, 9347
0.488000, 9346
0.489000, 9345
0.489000, 9344
0.489000, 9343
0.490000, 9342
0.491000, 9341
0.491000, 9340
0.491000, 9339
0.492000, 9338
0.492000, 9337
0.492000, 9336
0.494000, 9335
0.494000, 9334
0.494000, 9333
0.495000, 9332
0.495000, 9331
0.496000, 9330
0.496000, 9329
0.496000, 9328
0.497000, 9327
0.497000, 9326
0.497000, 9325
0.500000, 9324
0.500000, 9323
0.500000, 9322
0.502000, 9321
0.502000, 9320
0.503000, 9319
0.504000, 9318
0.504000, 9317
0.504000, 9316
0.506000, 9315
0.506000, 9314
0.507000, 9313
0.507000, 9312
0.508000, 9311
0.509000, 9310
0.509000, 9309
0.510000, 9308
0.511000, 9307
0.511000, 9306
0.511000, 9305
0.511000, 9304
0.512000, 9303
0.512000, 9302
0.513000, 9301
0.514000, 9300
0.515000, 9299
0.517000, 9298
0.517000, 9297
0.518000, 9296
0.519000, 9295
0.519000, 9294
0.520000, 9293
0.521000, 9292
0.521000, 9291
0.522000, 9290
0.522000, 9289
0.523000, 9288
0.524000, 9287
0.525000, 9286
0.525000, 9285
0.526000, 9284
0.527000, 9283
0.528000, 9282
0.528000, 9281
0.529000, 9280
0.530000, 9279
0.531000, 9278
0.533000, 9277
0.534000, 9276
0.535000, 9275
0.536000, 9274
0.537000, 9273
0.537000, 9272
0.538000, 9271
0.539000, 9270
0.539000, 9269
0.540000, 9268
0.540000, 9267
0.540000, 9266
0.541000, 9265
0.541000, 9264
0.542000, 9263
0.542000, 9262
0.543000, 9261
0.543000, 9260
0.543000, 9259
0.544000, 9258
0.544000, 9257
0.544000, 9256
0.545000, 9255
0.546000, 9254
0.546000, 9253
0.547000, 9252
0.547000, 9251
0.547000, 9250
0.547000, 9249
0.548000, 9248
0.549000, 9247
0.549000, 9246
0.556000, 9245
0.557000, 9244
0.557000, 9243
0.558000, 9242
0.558000, 9241
0.558000, 9240
0.559000, 9239
0.559000, 9238
0.559000, 9237
0.560000, 9236
0.560000, 9235
0.560000, 9234
0.560000, 9233
0.561000, 9232
0.562000, 9231
0.562000, 9230
0.563000, 9229
0.563000, 9228
0.563000, 9227
0.564000, 9226
0.565000, 9225
0.565000, 9224
0.565000, 9223
0.566000, 9222
0.566000, 9221
0.566000, 9220
0.567000, 9219
0.567000, 9218
0.567000, 9217
0.568000, 9216
0.568000, 9215
0.569000, 9214
0.569000, 9213
0.569000, 9212
0.569000, 9211
0.570000, 9210
0.570000, 9209
0.571000, 9208
0.572000, 9207
0.572000, 9206
0.572000, 9205
0.573000, 9204
0.573000, 9203
0.573000, 9202
0.574000, 9201
0.574000, 9200
0.575000, 9199
0.576000, 9198
0.576000, 9197
0.576000, 9196
0.576000, 9195
0.577000, 9194
0.577000, 9193
0.577000, 9192
0.577000, 9191
0.578000, 9190
0.578000, 9189
0.578000, 9188
0.578000, 9187
0.579000, 9186
0.579000, 9185
0.580000, 9184
0.580000, 9183
0.580000, 9182
0.581000, 9181
0.581000, 9180
0.581000, 9179
0.581000, 9178
0.581000, 9177
0.582000, 9176
0.582000, 9175
0.583000, 9174
0.584000, 9173
0.585000, 9172
0.585000, 9171
0.585000, 9170
0.586000, 9169
0.586000, 9168
0.586000, 9167
0.586000, 9166
0.587000, 9165
0.587000, 9164
0.587000, 9163
0.588000, 9162
0.588000, 9161
0.589000, 9160
0.589000, 9159
0.590000, 9158
0.590000, 9157
0.590000, 9156
0.590000, 9155
0.591000, 9154
0.591000, 9153
0.591000, 9152
0.592000, 9151
0.592000, 9150
0.593000, 9149
0.595000, 9148
0.595000, 9147
0.595000, 9146
0.596000, 9145
0.596000, 9144
0.596000, 9143
0.597000, 9142
0.598000, 9141
0.598000, 9140
0.599000, 9139
0.599000, 9138
0.599000, 9137
0.600000, 9136
0.600000, 9135
0.600000, 9134
0.601000, 9133
0.602000, 9132
0.602000, 9131
0.602000, 9130
0.603000, 9129
0.603000, 9128
0.604000, 9127
0.604000, 9126
0.604000, 9125
0.605000, 9124
0.605000, 9123
0.606000, 9122
0.607000, 9121
0.608000, 9120
0.608000, 9119
0.609000, 9118
0.609000, 9117
0.609000, 9116
0.609000, 9115
0.610000, 9114
0.610000, 9113
0.611000, 9112
0.611000, 9111
0.611000, 9110
0.612000, 9109
0.612000, 9108
0.612000, 9107
0.612000, 9106
0.613000, 9105
0.614000, 9104
0.614000, 9103
0.614000, 9102
0.614000, 9101
0.615000, 9100
0.615000, 9099
0.615000, 9098
0.616000, 9097
0.617000, 9096
0.617000, 9095
0.617000, 9094
0.618000, 9093
0.619000, 9092
0.619000, 9091
0.619000, 9090
0.620000, 9089
0.620000, 9088
0.620000, 9087
0.621000, 9086
0.622000, 9085
0.622000, 9084
0.622000, 9083
0.623000, 9082
0.623000, 9081
0.623000, 9080
0.623000, 9079
0.624000, 9078
0.624000, 9077
0.625000, 9076
0.625000, 9075
0.626000, 9074
0.628000, 9073
0.629000, 9072
0.629000, 9071
0.629000, 9070
0.629000, 9069
0.630000, 9068
0.630000, 9067
0.630000, 9066
0.631000, 9065
0.632000, 9064
0.632000, 9063
0.632000, 9062
0.632000, 9061
0.633000, 9060
0.633000, 9059
0.633000, 9058
0.634000, 9057
0.634000, 9056
0.635000, 9055
0.635000, 9054
0.636000, 9053
0.636000, 9052
0.636000, 9051
0.636000, 9050
0.637000, 9049
0.637000, 9048
0.638000, 9047
0.638000, 9046
0.638000, 9045
0.639000, 9044
0.639000, 9043
0.640000, 9042
0.640000, 9041
0.640000, 9040
0.640000, 9039
0.641000, 9038
0.641000, 9037
0.641000, 9036
0.642000, 9035
0.642000, 9034
0.643000, 9033
0.643000, 9032
0.644000, 9031
0.644000, 9030
0.644000, 9029
0.646000, 9028
0.646000, 9027
0.647000, 9026
0.647000, 9025
0.647000, 9024
0.647000, 9023
0.649000, 9022
0.650000, 9021
0.650000, 9020
0.651000, 9019
0.651000, 9018
0.652000, 9017
0.653000, 9016
0.653000, 9015
0.653000, 9014
0.654000, 9013
0.654000, 9012
0.654000, 9011
0.655000, 9010
0.656000, 9009
0.657000, 9008
0.658000, 9007
0.659000, 9006
0.659000, 9005
0.659000, 9004
0.660000, 9003
0.661000, 9002
0.661000, 9001
0.661000, 9000
0.661000, 8999
0.662000, 8998
0.663000, 8997
0.663000, 8996
0.663000, 8995
0.663000, 8994
0.663000, 8993
0.664000, 8992
0.664000, 8991
0.664000, 8990
0.665000, 8989
0.665000, 8988
0.665000, 8987
0.666000, 8986
0.666000, 8985
0.666000, 8984
0.667000, 8983
0.667000, 8982
0.668000, 8981
0.668000, 8980
0.669000, 8979
0.669000, 8978
0.669000, 8977
0.670000, 8976
0.670000, 8975
0.671000, 8974
0.671000, 8973
0.672000, 8972
0.673000, 8971
0.673000, 8970
0.673000, 8969
0.673000, 8968
0.673000, 8967
0.673000, 8966
0.674000, 8965
0.674000, 8964
0.675000, 8963
0.676000, 8962
0.676000, 8961
0.676000, 8960
0.677000, 8959
0.677000, 8958
0.677000, 8957
0.678000, 8956
0.679000, 8955
0.679000, 8954
0.680000, 8953
0.680000, 8952
0.681000, 8951
0.681000, 8950
0.682000, 8949
0.682000, 8948
0.682000, 8947
0.683000, 8946
0.683000, 8945
0.684000, 8944
0.684000, 8943
0.684000, 8942
0.684000, 8941
0.685000, 8940
0.686000, 8939
0.686000, 8938
0.686000, 8937
0.687000, 8936
0.687000, 8935
0.687000, 8934
0.689000, 8933
0.689000, 8932
0.691000, 8931
0.691000, 8930
0.692000, 8929
0.692000, 8928
0.692000, 8927
0.693000, 8926
0.694000, 8925
0.694000, 8924
0.694000, 8923
0.695000, 8922
0.695000, 8921
0.695000, 8920
0.696000, 8919
0.696000, 8918
0.696000, 8917
0.697000, 8916
0.697000, 8915
0.697000, 8914
0.698000, 8913
0.698000, 8912
0.699000, 8911
0.699000, 8910
0.699000, 8909
0.700000, 8908
0.700000, 8907
0.701000, 8906
0.701000, 8905
0.702000, 8904
0.702000, 8903
0.702000, 8902
0.702000, 8901
0.703000, 8900
0.703000, 8899
0.704000, 8898
0.705000, 8897
0.705000, 8896
0.705000, 8895
0.705000, 8894
0.706000, 8893
0.706000, 8892
0.707000, 8891
0.707000, 8890
0.707000, 8889
0.708000, 8888
0.708000, 8887
0.708000, 8886
0.709000, 8885
0.709000, 8884
0.709000, 8883
0.709000, 8882
0.710000, 8881
0.711000, 8880
0.711000, 8879
0.711000, 8878
0.712000, 8877
0.712000, 8876
0.712000, 8875
0.712000, 8874
0.713000, 8873
0.714000, 8872
0.714000, 8871
0.715000, 8870
0.715000, 8869
0.717000, 8868
0.718000, 8867
0.718000, 8866
0.719000, 8865
0.719000, 8864
0.719000, 8863
0.720000, 8862
0.720000, 8861
0.721000, 8860
0.721000, 8859
0.721000, 8858
0.721000, 8857
0.722000, 8856
0.722000, 8855
0.722000, 8854
0.722000, 8853
0.722000, 8852
0.723000, 8851
0.724000, 8850
0.725000, 8849
0.725000, 8848
0.725000, 8847
0.725000, 8846
0.726000, 8845
0.726000, 8844
0.727000, 8843
0.728000, 8842
0.729000, 8841
0.729000, 8840
0.729000, 8839
0.730000, 8838
0.731000, 8837
0.732000, 8836
0.733000, 8835
0.733000, 8834
0.733000, 8833
0.733000, 8832
0.734000, 8831
0.734000, 8830
0.735000, 8829
0.735000, 8828
0.736000, 8827
0.736000, 8826
0.736000, 8825
0.737000, 8824
0.737000, 8823
0.737000, 8822
0.738000, 8821
0.738000, 8820
0.738000, 8819
0.739000, 8818
0.740000, 8817
0.740000, 8816
0.741000, 8815
0.741000, 8814
0.741000, 8813
0.742000, 8812
0.742000, 8811
0.742000, 8810
0.742000, 8809
0.743000, 8808
0.743000, 8807
0.744000, 8806
0.744000, 8805
0.744000, 8804
0.747000, 8803
0.747000, 8802
0.748000, 8801
0.748000, 8800
0.748000, 8799
0.748000, 8798
0.748000, 8797
0.749000, 8796
0.749000, 8795
0.751000, 8794
0.751000, 8793
0.751000, 8792
0.752000, 8791
0.752000, 8790
0.752000, 8789
0.754000, 8788
0.754000, 8787
0.754000, 8786
0.755000, 8785
0.755000, 8784
0.756000, 8783
0.757000, 8782
0.757000, 8781
0.758000, 8780
0.758000, 8779
0.758000, 8778
0.759000, 8777
0.760000, 8776
0.760000, 8775
0.761000, 8774
0.761000, 8773
0.762000, 8772
0.762000, 8771
0.762000, 8770
0.763000, 8769
0.763000, 8768
0.763000, 8767
0.764000, 8766
0.765000, 8765
0.765000, 8764
0.765000, 8763
0.765000, 8762
0.766000, 8761
0.766000, 8760
0.766000, 8759
0.767000, 8758
0.767000, 8757
0.768000, 8756
0.768000, 8755
0.769000, 8754
0.769000, 8753
0.769000, 8752
0.770000, 8751
0.770000, 8750
0.770000, 8749
0.771000, 8748
0.771000, 8747
0.771000, 8746
0.772000, 8745
0.772000, 8744
0.772000, 8743
0.773000, 8742
0.773000, 8741
0.774000, 8740
0.774000, 8739
0.774000, 8738
0.775000, 8737
0.776000, 8736
0.776000, 8735
0.777000, 8734
0.778000, 8733
0.778000, 8732
0.779000, 8731
0.779000, 8730
0.780000, 8729
0.780000, 8728
0.780000, 8727
0.780000, 8726
0.781000, 8725
0.781000, 8724
0.781000, 8723
0.782000, 8722
0.783000, 8721
0.783000, 8720
0.783000, 8719
0.784000, 8718
0.785000, 8717
0.785000, 8716
0.785000, 8715
0.785000, 8714
0.786000, 8713
0.786000, 8712
0.787000, 8711
0.787000, 8710
0.789000, 8709
0.789000, 8708
0.790000, 8707
0.790000, 8706
0.791000, 8705
0.792000, 8704
0.792000, 8703
0.793000, 8702
0.793000, 8701
0.793000, 8700
0.793000, 8699
0.794000, 8698
0.794000, 8697
0.797000, 8696
0.797000, 8695
0.797000, 8694
0.798000, 8693
0.798000, 8692
0.799000, 8691
0.800000, 8690
0.800000, 8689
0.800000, 8688
0.801000, 8687
0.802000, 8686
0.802000, 8685
0.802000, 8684
0.803000, 8683
0.804000, 8682
0.805000, 8681
0.806000, 8680
0.806000, 8679
0.807000, 8678
0.807000, 8677
0.807000, 8676
0.808000, 8675
0.809000, 8674
0.809000, 8673
0.809000, 8672
0.809000, 8671
0.810000, 8670
0.810000, 8669
0.810000, 8668
0.811000, 8667
0.811000, 8666
0.812000, 8665
0.812000, 8664
0.812000, 8663
0.815000, 8662
0.815000, 8661
0.815000, 8660
0.816000, 8659
0.816000, 8658
0.816000, 8657
0.816000, 8656
0.817000, 8655
0.817000, 8654
0.818000, 8653
0.819000, 8652
0.819000, 8651
0.820000, 8650
0.820000, 8649
0.820000, 8648
0.820000, 8647
0.820000, 8646
0.821000, 8645
0.821000, 8644
0.821000, 8643
0.822000, 8642
0.822000, 8641
0.823000, 8640
0.823000, 8639
0.824000, 8638
0.824000, 8637
0.824000, 8636
0.825000, 8635
0.825000, 8634
0.826000, 8633
0.826000, 8632
0.826000, 8631
0.827000, 8630
0.827000, 8629
0.828000, 8628
0.828000, 8627
0.828000, 8626
0.828000, 8625
0.829000, 8624
0.829000, 8623
0.831000, 8622
0.837000, 8621
0.838000, 8620
0.838000, 8619
0.838000, 8618
0.839000, 8617
0.839000, 8616
0.839000, 8615
0.840000, 8614
0.841000, 8613
0.842000, 8612
0.842000, 8611
0.843000, 8610
0.843000, 8609
0.843000, 8608
0.844000, 8607
0.845000, 8606
0.845000, 8605
0.845000, 8604
0.846000, 8603
0.846000, 8602
0.846000, 8601
0.846000, 8600
0.846000, 8599
0.847000, 8598
0.847000, 8597
0.847000, 8596
0.849000, 8595
0.849000, 8594
0.851000, 8593
0.852000, 8592
0.852000, 8591
0.852000, 8590
0.853000, 8589
0.854000, 8588
0.855000, 8587
0.856000, 8586
0.857000, 8585
0.858000, 8584
0.859000, 8583
0.859000, 8582
0.860000, 8581
0.861000, 8580
0.862000, 8579
0.862000, 8578
0.862000, 8577
0.862000, 8576
0.863000, 8575
0.863000, 8574
0.863000, 8573
0.864000, 8572
0.864000, 8571
0.864000, 8570
0.865000, 8569
0.865000, 8568
0.867000, 8567
0.868000, 8566
0.868000, 8565
0.869000, 8564
0.870000, 8563
0.871000, 8562
0.871000, 8561
0.872000, 8560
0.873000, 8559
0.874000, 8558
0.874000, 8557
0.875000, 8556
0.876000, 8555
0.877000, 8554
0.877000, 8553
0.878000, 8552
0.879000, 8551
0.879000, 8550
0.880000, 8549
0.881000, 8548
0.881000, 8547
0.881000, 8546
0.882000, 8545
0.883000, 8544
0.884000, 8543
0.884000, 8542
0.884000, 8541
0.885000, 8540
0.885000, 8539
0.886000, 8538
0.886000, 8537
0.886000, 8536
0.887000, 8535
0.889000, 8534
0.890000, 8533
0.890000, 8532
0.890000, 8531
0.891000, 8530
0.892000, 8529
0.892000, 8528
0.893000, 8527
0.893000, 8526
0.895000, 8525
0.895000, 8524
0.895000, 8523
0.896000, 8522
0.896000, 8521
0.897000, 8520
0.897000, 8519
0.898000, 8518
0.898000, 8517
0.900000, 8516
0.900000, 8515
0.900000, 8514
0.900000, 8513
0.901000, 8512
0.902000, 8511
0.902000, 8510
0.903000, 8509
0.903000, 8508
0.904000, 8507
0.904000, 8506
0.904000, 8505
0.904000, 8504
0.905000, 8503
0.905000, 8502
0.905000, 8501
0.906000, 8500
0.907000, 8499
0.908000, 8498
0.910000, 8497
0.910000, 8496
0.911000, 8495
0.912000, 8494
0.912000, 8493
0.913000, 8492
0.915000, 8491
0.915000, 8490
0.915000, 8489
0.916000, 8488
0.916000, 8487
0.916000, 8486
0.917000, 8485
0.918000, 8484
0.919000, 8483
0.919000, 8482
0.920000, 8481
0.921000, 8480
0.921000, 8479
0.922000, 8478
0.922000, 8477
0.924000, 8476
0.925000, 8475
0.925000, 8474
0.926000, 8473
0.926000, 8472
0.927000, 8471
0.927000, 8470
0.928000, 8469
0.928000, 8468
0.928000, 8467
0.928000, 8466
0.930000, 8465
0.930000, 8464
0.933000, 8463
0.933000, 8462
0.934000, 8461
0.934000, 8460
0.935000, 8459
0.935000, 8458
0.935000, 8457
0.935000, 8456
0.936000, 8455
0.937000, 8454
0.937000, 8453
0.939000, 8452
0.939000, 8451
0.940000, 8450
0.940000, 8449
0.941000, 8448
0.941000, 8447
0.943000, 8446
0.944000, 8445
0.945000, 8444
0.947000, 8443
0.947000, 8442
0.948000, 8441
0.948000, 8440
0.949000, 8439
0.949000, 8438
0.950000, 8437
0.950000, 8436
0.951000, 8435
0.951000, 8434
0.953000, 8433
0.955000, 8432
0.955000, 8431
0.956000, 8430
0.957000, 8429
0.958000, 8428
0.960000, 8427
0.960000, 8426
0.962000, 8425
0.962000, 8424
0.963000, 8423
0.964000, 8422
0.964000, 8421
0.965000, 8420
0.965000, 8419
0.965000, 8418
0.966000, 8417
0.968000, 8416
0.968000, 8415
0.968000, 8414
0.969000, 8413
0.969000, 8412
0.969000, 8411
0.970000, 8410
0.972000, 8409
0.972000, 8408
0.972000, 8407
0.975000, 8406
0.975000, 8405
0.976000, 8404
0.976000, 8403
0.976000, 8402
0.977000, 8401
0.978000, 8400
0.979000, 8399
0.980000, 8398
0.980000, 8397
0.980000, 8396
0.980000, 8395
0.980000, 8394
0.981000, 8393
0.983000, 8392
0.984000, 8391
0.985000, 8390
0.987000, 8389
0.987000, 8388
0.988000, 8387
0.988000, 8386
0.989000, 8385
0.990000, 8384
0.990000, 8383
0.991000, 8382
0.992000, 8381
0.994000, 8380
0.994000, 8379
0.994000, 8378
0.995000, 8377
0.996000, 8376
0.996000, 8375
0.997000, 8374
0.998000, 8373
0.998000, 8372
1.000000, 8371
1.000000, 8370
1.001000, 8369
1.003000, 8368
1.003000, 8367
1.004000, 8366
1.004000, 8365
1.004000, 8364
1.004000, 8363
1.005000, 8362
1.006000, 8361
1.006000, 8360
1.008000, 8359
1.008000, 8358
1.009000, 8357
1.009000, 8356
1.009000, 8355
1.010000, 8354
1.011000, 8353
1.012000, 8352
1.012000, 8351
1.013000, 8350
1.013000, 8349
1.013000, 8348
1.014000, 8347
1.014000, 8346
1.015000, 8345
1.015000, 8344
1.016000, 8343
1.016000, 8342
1.017000, 8341
1.018000, 8340
1.019000, 8339
1.021000, 8338
1.022000, 8337
1.023000, 8336
1.024000, 8335
1.025000, 8334
1.025000, 8333
1.025000, 8332
1.026000, 8331
1.026000, 8330
1.027000, 8329
1.027000, 8328
1.028000, 8327
1.028000, 8326
1.030000, 8325
1.031000, 8324
1.032000, 8323
1.033000, 8322
1.035000, 8321
1.035000, 8320
1.038000, 8319
1.040000, 8318
1.042000, 8317
1.042000, 8316
1.042000, 8315
1.043000, 8314
1.043000, 8313
1.044000, 8312
1.045000, 8311
1.046000, 8310
1.049000, 8309
1.050000, 8308
1.051000, 8307
1.051000, 8306
1.052000, 8305
1.052000, 8304
1.052000, 8303
1.053000, 8302
1.054000, 8301
1.054000, 8300
1.055000, 8299
1.055000, 8298
1.055000, 8297
1.056000, 8296
1.057000, 8295
1.057000, 8294
1.058000, 8293
1.058000, 8292
1.060000, 8291
1.061000, 8290
1.061000, 8289
1.062000, 8288
1.062000, 8287
1.063000, 8286
1.065000, 8285
1.066000, 8284
1.066000, 8283
1.067000, 8282
1.067000, 8281
1.068000, 8280
1.070000, 8279
1.071000, 8278
1.071000, 8277
1.072000, 8276
1.073000, 8275
1.074000, 8274
1.075000, 8273
1.075000, 8272
1.075000, 8271
1.076000, 8270
1.076000, 8269
1.077000, 8268
1.078000, 8267
1.078000, 8266
1.080000, 8265
1.081000, 8264
1.082000, 8263
1.082000, 8262
1.083000, 8261
1.084000, 8260
1.084000, 8259
1.085000, 8258
1.089000, 8257
1.091000, 8256
1.092000, 8255
1.093000, 8254
1.095000, 8253
1.096000, 8252
1.097000, 8251
1.098000, 8250
1.098000, 8249
1.099000, 8248
1.099000, 8247
1.099000, 8246
1.099000, 8245
1.100000, 8244
1.101000, 8243
1.102000, 8242
1.104000, 8241
1.104000, 8240
1.105000, 8239
1.106000, 8238
1.111000, 8237
1.112000, 8236
1.112000, 8235
1.113000, 8234
1.113000, 8233
1.113000, 8232
1.114000, 8231
1.114000, 8230
1.115000, 8229
1.115000, 8228
1.117000, 8227
1.117000, 8226
1.118000, 8225
1.119000, 8224
1.119000, 8223
1.120000, 8222
1.120000, 8221
1.121000, 8220
1.123000, 8219
1.123000, 8218
1.124000, 8217
1.125000, 8216
1.126000, 8215
1.126000, 8214
1.127000, 8213
1.128000, 8212
1.128000, 8211
1.129000, 8210
1.131000, 8209
1.132000, 8208
1.133000, 8207
1.133000, 8206
1.135000, 8205
1.135000, 8204
1.136000, 8203
1.136000, 8202
1.137000, 8201
1.140000, 8200
1.140000, 8199
1.140000, 8198
1.141000, 8197
1.141000, 8196
1.141000, 8195
1.143000, 8194
1.144000, 8193
1.144000, 8192
1.144000, 8191
1.145000, 8190
1.146000, 8189
1.147000, 8188
1.147000, 8187
1.148000, 8186
1.149000, 8185
1.149000, 8184
1.149000, 8183
1.151000, 8182
1.153000, 8181
1.154000, 8180
1.154000, 8179
1.154000, 8178
1.155000, 8177
1.158000, 8176
1.159000, 8175
1.160000, 8174
1.162000, 8173
1.164000, 8172
1.164000, 8171
1.166000, 8170
1.167000, 8169
1.167000, 8168
1.168000, 8167
1.170000, 8166
1.170000, 8165
1.171000, 8164
1.171000, 8163
1.171000, 8162
1.171000, 8161
1.172000, 8160
1.173000, 8159
1.173000, 8158
1.174000, 8157
1.174000, 8156
1.176000, 8155
1.176000, 8154
1.176000, 8153
1.177000, 8152
1.177000, 8151
1.178000, 8150
1.179000, 8149
1.180000, 8148
1.180000, 8147
1.182000, 8146
1.182000, 8145
1.183000, 8144
1.184000, 8143
1.184000, 8142
1.185000, 8141
1.185000, 8140
1.185000, 8139
1.187000, 8138
1.187000, 8137
1.190000, 8136
1.190000, 8135
1.191000, 8134
1.192000, 8133
1.193000, 8132
1.195000, 8131
1.196000, 8130
1.197000, 8129
1.198000, 8128
1.199000, 8127
1.200000, 8126
1.201000, 8125
1.201000, 8124
1.201000, 8123
1.201000, 8122
1.201000, 8121
1.203000, 8120
1.204000, 8119
1.205000, 8118
1.206000, 8117
1.209000, 8116
1.209000, 8115
1.210000, 8114
1.213000, 8113
1.213000, 8112
1.214000, 8111
1.214000, 8110
1.215000, 8109
1.216000, 8108
1.219000, 8107
1.219000, 8106
1.223000, 8105
1.225000, 8104
1.226000, 8103
1.227000, 8102
1.229000, 8101
1.229000, 8100
1.231000, 8099
1.231000, 8098
1.231000, 8097
1.232000, 8096
1.232000, 8095
1.234000, 8094
1.234000, 8093
1.234000, 8092
1.234000, 8091
1.235000, 8090
1.235000, 8089
1.237000, 8088
1.238000, 8087
1.239000, 8086
1.240000, 8085
1.241000, 8084
1.243000, 8083
1.243000, 8082
1.243000, 8081
1.245000, 8080
1.246000, 8079
1.248000, 8078
1.249000, 8077
1.251000, 8076
1.252000, 8075
1.257000, 8074
1.260000, 8073
1.261000, 8072
1.262000, 8071
1.263000, 8070
1.264000, 8069
1.264000, 8068
1.266000, 8067
1.267000, 8066
1.270000, 8065
1.272000, 8064
1.273000, 8063
1.274000, 8062
1.276000, 8061
1.277000, 8060
1.277000, 8059
1.277000, 8058
1.278000, 8057
1.279000, 8056
1.280000, 8055
1.280000, 8054
1.283000, 8053
1.284000, 8052
1.285000, 8051
1.285000, 8050
1.286000, 8049
1.286000, 8048
1.287000, 8047
1.290000, 8046
1.292000, 8045
1.293000, 8044
1.293000, 8043
1.294000, 8042
1.295000, 8041
1.296000, 8040
1.298000, 8039
1.298000, 8038
1.299000, 8037
1.299000, 8036
1.301000, 8035
1.302000, 8034
1.302000, 8033
1.303000, 8032
1.304000, 8031
1.305000, 8030
1.306000, 8029
1.306000, 8028
1.307000, 8027
1.307000, 8026
1.308000, 8025
1.311000, 8024
1.312000, 8023
1.313000, 8022
1.313000, 8021
1.317000, 8020
1.317000, 8019
1.318000, 8018
1.318000, 8017
1.320000, 8016
1.320000, 8015
1.320000, 8014
1.321000, 8013
1.321000, 8012
1.323000, 8011
1.327000, 8010
1.327000, 8009
1.329000, 8008
1.329000, 8007
1.334000, 8006
1.338000, 8005
1.338000, 8004
1.341000, 8003
1.342000, 8002
1.346000, 8001
1.352000, 8000
1.354000, 7999
1.354000, 7998
1.355000, 7997
1.356000, 7996
1.357000, 7995
1.358000, 7994
1.361000, 7993
1.361000, 7992
1.365000, 7991
1.365000, 7990
1.366000, 7989
1.367000, 7988
1.368000, 7987
1.370000, 7986
1.371000, 7985
1.372000, 7984
1.374000, 7983
1.375000, 7982
1.378000, 7981
1.379000, 7980
1.379000, 7979
1.379000, 7978
1.379000, 7977
1.380000, 7976
1.380000, 7975
1.382000, 7974
1.384000, 7973
1.384000, 7972
1.385000, 7971
1.385000, 7970
1.387000, 7969
1.389000, 7968
1.390000, 7967
1.392000, 7966
1.398000, 7965
1.398000, 7964
1.399000, 7963
1.399000, 7962
1.401000, 7961
1.404000, 7960
1.405000, 7959
1.410000, 7958
1.410000, 7957
1.410000, 7956
1.411000, 7955
1.412000, 7954
1.412000, 7953
1.413000, 7952
1.413000, 7951
1.415000, 7950
1.418000, 7949
1.420000, 7948
1.420000, 7947
1.421000, 7946
1.422000, 7945
1.422000, 7944
1.424000, 7943
1.425000, 7942
1.426000, 7941
1.426000, 7940
1.429000, 7939
1.431000, 7938
1.432000, 7937
1.433000, 7936
1.436000, 7935
1.438000, 7934
1.440000, 7933
1.441000, 7932
1.441000, 7931
1.442000, 7930
1.442000, 7929
1.442000, 7928
1.442000, 7927
1.444000, 7926
1.449000, 7925
1.449000, 7924
1.450000, 7923
1.451000, 7922
1.452000, 7921
1.452000, 7920
1.454000, 7919
1.456000, 7918
1.458000, 7917
1.459000, 7916
1.459000, 7915
1.460000, 7914
1.463000, 7913
1.464000, 7912
1.465000, 7911
1.467000, 7910
1.468000, 7909
1.468000, 7908
1.471000, 7907
1.472000, 7906
1.474000, 7905
1.476000, 7904
1.480000, 7903
1.482000, 7902
1.484000, 7901
1.484000, 7900
1.485000, 7899
1.488000, 7898
1.490000, 7897
1.490000, 7896
1.491000, 7895
1.492000, 7894
1.495000, 7893
1.496000, 7892
1.500000, 7891
1.503000, 7890
1.504000, 7889
1.505000, 7888
1.506000, 7887
1.506000, 7886
1.509000, 7885
1.509000, 7884
1.509000, 7883
1.510000, 7882
1.511000, 7881
1.512000, 7880
1.513000, 7879
1.513000, 7878
1.513000, 7877
1.514000, 7876
1.516000, 7875
1.517000, 7874
1.519000, 7873
1.519000, 7872
1.521000, 7871
1.523000, 7870
1.523000, 7869
1.524000, 7868
1.526000, 7867
1.526000, 7866
1.532000, 7865
1.534000, 7864
1.535000, 7863
1.537000, 7862
1.537000, 7861
1.538000, 7860
1.539000, 7859
1.539000, 7858
1.541000, 7857
1.544000, 7856
1.546000, 7855
1.547000, 7854
1.549000, 7853
1.550000, 7852
1.550000, 7851
1.552000, 7850
1.554000, 7849
1.557000, 7848
1.559000, 7847
1.559000, 7846
1.562000, 7845
1.563000, 7844
1.563000, 7843
1.564000, 7842
1.567000, 7841
1.567000, 7840
1.568000, 7839
1.568000, 7838
1.572000, 7837
1.573000, 7836
1.573000, 7835
1.579000, 7834
1.580000, 7833
1.590000, 7832
1.594000, 7831
1.603000, 7830
1.606000, 7829
1.606000, 7828
1.606000, 7827
1.607000, 7826
1.607000, 7825
1.607000, 7824
1.615000, 7823
1.617000, 7822
1.618000, 7821
1.618000, 7820
1.618000, 7819
1.624000, 7818
1.625000, 7817
1.627000, 7816
1.627000, 7815
1.628000, 7814
1.634000, 7813
1.634000, 7812
1.638000, 7811
1.639000, 7810
1.639000, 7809
1.640000, 7808
1.642000, 7807
1.643000, 7806
1.644000, 7805
1.645000, 7804
1.646000, 7803
1.647000, 7802
1.651000, 7801
1.654000, 7800
1.657000, 7799
1.659000, 7798
1.663000, 7797
1.663000, 7796
1.664000, 7795
1.668000, 7794
1.669000, 7793
1.670000, 7792
1.671000, 7791
1.676000, 7790
1.681000, 7789
1.684000, 7788
1.687000, 7787
1.691000, 7786
1.696000, 7785
1.696000, 7784
1.701000, 7783
1.703000, 7782
1.704000, 7781
1.705000, 7780
1.705000, 7779
1.711000, 7778
1.726000, 7777
1.732000, 7776
1.739000, 7775
1.740000, 7774
1.741000, 7773
1.742000, 7772
1.744000, 7771
1.745000, 7770
1.747000, 7769
1.750000, 7768
1.751000, 7767
1.753000, 7766
1.753000, 7765
1.754000, 7764
1.755000, 7763
1.758000, 7762
1.759000, 7761
1.759000, 7760
1.760000, 7759
1.760000, 7758
1.763000, 7757
1.766000, 7756
1.772000, 7755
1.775000, 7754
1.783000, 7753
1.784000, 7752
1.784000, 7751
1.785000, 7750
1.785000, 7749
1.786000, 7748
1.786000, 7747
1.790000, 7746
1.790000, 7745
1.793000, 7744
1.796000, 7743
1.797000, 7742
1.800000, 7741
1.802000, 7740
1.803000, 7739
1.811000, 7738
1.813000, 7737
1.815000, 7736
1.835000, 7735
1.837000, 7734
1.841000, 7733
1.842000, 7732
1.845000, 7731
1.845000, 7730
1.850000, 7729
1.851000, 7728
1.855000, 7727
1.861000, 7726
1.872000, 7725
1.875000, 7724
1.876000, 7723
1.879000, 7722
1.880000, 7721
1.886000, 7720
1.886000, 7719
1.888000, 7718
1.898000, 7717
1.908000, 7716
1.911000, 7715
1.915000, 7714
1.916000, 7713
1.917000, 7712
1.920000, 7711
1.921000, 7710
1.922000, 7709
1.923000, 7708
1.934000, 7707
1.934000, 7706
1.942000, 7705
1.943000, 7704
1.945000, 7703
1.948000, 7702
1.954000, 7701
1.959000, 7700
1.961000, 7699
1.961000, 7698
1.962000, 7697
1.970000, 7696
1.972000, 7695
1.974000, 7694
1.978000, 7693
1.980000, 7692
1.984000, 7691
1.985000, 7690
1.988000, 7689
1.989000, 7688
1.992000, 7687
1.998000, 7686
2.009000, 7685
2.010000, 7684
2.012000, 7683
2.032000, 7682
2.038000, 7681
2.039000, 7680
2.039000, 7679
2.049000, 7678
2.054000, 7677
2.058000, 7676
2.058000, 7675
2.059000, 7674
2.071000, 7673
2.072000, 7672
2.084000, 7671
2.090000, 7670
2.099000, 7669
2.105000, 7668
2.112000, 7667
2.123000, 7666
2.126000, 7665
2.127000, 7664
2.142000, 7663
2.145000, 7662
2.158000, 7661
2.167000, 7660
2.169000, 7659
2.170000, 7658
2.175000, 7657
2.178000, 7656
2.188000, 7655
2.201000, 7654
2.212000, 7653
2.221000, 7652
2.223000, 7651
2.246000, 7650
2.261000, 7649
2.284000, 7648
2.298000, 7647
2.307000, 7646
2.309000, 7645
2.311000, 7644
2.312000, 7643
2.319000, 7642
2.334000, 7641
2.336000, 7640
2.405000, 7639
2.417000, 7638
2.425000, 7637
2.432000, 7636
2.461000, 7635
2.473000, 7634
2.479000, 7633
2.513000, 7632
2.525000, 7631
2.540000, 7630
2.560000, 7629
2.562000, 7628
2.565000, 7627
2.575000, 7626
2.578000, 7625
2.605000, 7624
2.616000, 7623
2.616000, 7622
2.620000, 7621
2.622000, 7620
2.640000, 7619
2.642000, 7618
2.648000, 7617
2.663000, 7616
2.675000, 7615
2.678000, 7614
2.691000, 7613
2.752000, 7612
2.769000, 7611
2.796000, 7610
2.857000, 7609
2.908000, 7608
2.952000, 7607
2.969000, 7606
2.991000, 7605
2.991000, 7604
3.015000, 7603
3.034000, 7602
3.047000, 7601
3.113000, 7600
3.179000, 7599
3.259000, 7598
3.306000, 7597
3.397000, 7596
3.422000, 7595
3.431000, 7594
3.493000, 7593
3.499000, 7592
3.517000, 7591
3.575000, 7590
3.629000, 7589
3.867000, 7588
3.927000, 7587
4.140000, 7586
4.253000, 7585
4.673000, 7584
5.004000, 7583
