0.012000, 10191
0.016000, 10190
0.016000, 10189
0.017000, 10188
0.017000, 10187
0.018000, 10186
0.019000, 10185
0.020000, 10184
0.021000, 10183
0.021000, 10182
0.022000, 10181
0.022000, 10180
0.023000, 10179
0.024000, 10178
0.024000, 10177
0.025000, 10176
0.026000, 10175
0.026000, 10174
0.027000, 10173
0.028000, 10172
0.028000, 10171
0.029000, 10170
0.030000, 10169
0.030000, 10168
0.031000, 10167
0.031000, 10166
0.032000, 10165
0.032000, 10164
0.033000, 10163
0.034000, 10162
0.035000, 10161
0.036000, 10160
0.036000, 10159
0.037000, 10158
0.038000, 10157
0.038000, 10156
0.039000, 10155
0.039000, 10154
0.040000, 10153
0.040000, 10152
0.040000, 10151
0.041000, 10150
0.042000, 10149
0.042000, 10148
0.042000, 10147
0.043000, 10146
0.043000, 10145
0.043000, 10144
0.044000, 10143
0.044000, 10142
0.045000, 10141
0.045000, 10140
0.046000, 10139
0.046000, 10138
0.046000, 10137
0.047000, 10136
0.048000, 10135
0.048000, 10134
0.048000, 10133
0.050000, 10132
0.050000, 10131
0.051000, 10130
0.051000, 10129
0.051000, 10128
0.052000, 10127
0.052000, 10126
0.053000, 10125
0.053000, 10124
0.053000, 10123
0.055000, 10122
0.056000, 10121
0.056000, 10120
0.056000, 10119
0.056000, 10118
0.057000, 10117
0.058000, 10116
0.059000, 10115
0.059000, 10114
0.061000, 10113
0.061000, 10112
0.062000, 10111
0.062000, 10110
0.063000, 10109
0.063000, 10108
0.063000, 10107
0.065000, 10106
0.066000, 10105
0.066000, 10104
0.067000, 10103
0.069000, 10102
0.069000, 10101
0.070000, 10100
0.070000, 10099
0.070000, 10098
0.071000, 10097
0.071000, 10096
0.071000, 10095
0.071000, 10094
0.072000, 10093
0.073000, 10092
0.073000, 10091
0.073000, 10090
0.074000, 10089
0.075000, 10088
0.075000, 10087
0.075000, 10086
0.075000, 10085
0.076000, 10084
0.076000, 10083
0.076000, 10082
0.077000, 10081
0.077000, 10080
0.078000, 10079
0.078000, 10078
0.078000, 10077
0.079000, 10076
0.079000, 10075
0.079000, 10074
0.080000, 10073
0.081000, 10072
0.081000, 10071
0.082000, 10070
0.082000, 10069
0.083000, 10068
0.084000, 10067
0.084000, 10066
0.085000, 10065
0.085000, 10064
0.086000, 10063
0.086000, 10062
0.086000, 10061
0.087000, 10060
0.087000, 10059
0.087000, 10058
0.088000, 10057
0.088000, 10056
0.088000, 10055
0.089000, 10054
0.089000, 10053
0.090000, 10052
0.090000, 10051
0.091000, 10050
0.091000, 10049
0.092000, 10048
0.092000, 10047
0.093000, 10046
0.093000, 10045
0.093000, 10044
0.094000, 10043
0.094000, 10042
0.095000, 10041
0.096000, 10040
0.096000, 10039
0.096000, 10038
0.097000, 10037
0.097000, 10036
0.098000, 10035
0.098000, 10034
0.098000, 10033
0.099000, 10032
0.099000, 10031
0.100000, 10030
0.100000, 10029
0.101000, 10028
0.101000, 10027
0.102000, 10026
0.103000, 10025
0.103000, 10024
0.104000, 10023
0.104000, 10022
0.104000, 10021
0.105000, 10020
0.106000, 10019
0.106000, 10018
0.107000, 10017
0.108000, 10016
0.108000, 10015
0.108000, 10014
0.109000, 10013
0.110000, 10012
0.111000, 10011
0.111000, 10010
0.112000, 10009
0.113000, 10008
0.114000, 10007
0.114000, 10006
0.114000, 10005
0.115000, 10004
0.115000, 10003
0.116000, 10002
0.116000, 10001
0.117000, 10000
0.117000, 9999
0.117000, 9998
0.118000, 9997
0.118000, 9996
0.119000, 9995
0.119000, 9994
0.120000, 9993
0.120000, 9992
0.121000, 9991
0.121000, 9990
0.123000, 9989
0.124000, 9988
0.125000, 9987
0.125000, 9986
0.125000, 9985
0.126000, 9984
0.127000, 9983
0.128000, 9982
0.128000, 9981
0.128000, 9980
0.130000, 9979
0.130000, 9978
0.131000, 9977
0.131000, 9976
0.132000, 9975
0.132000, 9974
0.132000, 9973
0.132000, 9972
0.133000, 9971
0.133000, 9970
0.133000, 9969
0.134000, 9968
0.135000, 9967
0.135000, 9966
0.136000, 9965
0.136000, 9964
0.137000, 9963
0.137000, 9962
0.137000, 9961
0.138000, 9960
0.138000, 9959
0.140000, 9958
0.140000, 9957
0.141000, 9956
0.141000, 9955
0.142000, 9954
0.143000, 9953
0.143000, 9952
0.143000, 9951
0.144000, 9950
0.145000, 9949
0.145000, 9948
0.145000, 9947
0.145000, 9946
0.146000, 9945
0.146000, 9944
0.147000, 9943
0.147000, 9942
0.148000, 9941
0.148000, 9940
0.149000, 9939
0.149000, 9938
0.150000, 9937
0.150000, 9936
0.151000, 9935
0.152000, 9934
0.152000, 9933
0.153000, 9932
0.153000, 9931
0.154000, 9930
0.155000, 9929
0.157000, 9928
0.157000, 9927
0.158000, 9926
0.158000, 9925
0.159000, 9924
0.159000, 9923
0.160000, 9922
0.161000, 9921
0.162000, 9920
0.162000, 9919
0.163000, 9918
0.164000, 9917
0.164000, 9916
0.165000, 9915
0.165000, 9914
0.166000, 9913
0.167000, 9912
0.168000, 9911
0.168000, 9910
0.169000, 9909
0.169000, 9908
0.170000, 9907
0.170000, 9906
0.170000, 9905
0.171000, 9904
0.171000, 9903
0.171000, 9902
0.172000, 9901
0.172000, 9900
0.172000, 9899
0.173000, 9898
0.173000, 9897
0.174000, 9896
0.174000, 9895
0.175000, 9894
0.176000, 9893
0.176000, 9892
0.177000, 9891
0.178000, 9890
0.178000, 9889
0.179000, 9888
0.180000, 9887
0.180000, 9886
0.181000, 9885
0.182000, 9884
0.182000, 9883
0.183000, 9882
0.183000, 9881
0.184000, 9880
0.185000, 9879
0.185000, 9878
0.186000, 9877
0.187000, 9876
0.188000, 9875
0.188000, 9874
0.189000, 9873
0.189000, 9872
0.190000, 9871
0.190000, 9870
0.192000, 9869
0.192000, 9868
0.193000, 9867
0.194000, 9866
0.194000, 9865
0.194000, 9864
0.195000, 9863
0.195000, 9862
0.196000, 9861
0.196000, 9860
0.197000, 9859
0.197000, 9858
0.198000, 9857
0.198000, 9856
0.198000, 9855
0.199000, 9854
0.200000, 9853
0.200000, 9852
0.201000, 9851
0.201000, 9850
0.203000, 9849
0.203000, 9848
0.203000, 9847
0.204000, 9846
0.204000, 9845
0.205000, 9844
0.205000, 9843
0.205000, 9842
0.206000, 9841
0.206000, 9840
0.206000, 9839
0.208000, 9838
0.208000, 9837
0.208000, 9836
0.209000, 9835
0.209000, 9834
0.210000, 9833
0.211000, 9832
0.211000, 9831
0.212000, 9830
0.212000, 9829
0.212000, 9828
0.213000, 9827
0.214000, 9826
0.214000, 9825
0.214000, 9824
0.215000, 9823
0.216000, 9822
0.217000, 9821
0.217000, 9820
0.217000, 9819
0.218000, 9818
0.218000, 9817
0.218000, 9816
0.219000, 9815
0.219000, 9814
0.220000, 9813
0.221000, 9812
0.222000, 9811
0.222000, 9810
0.223000, 9809
0.223000, 9808
0.224000, 9807
0.224000, 9806
0.225000, 9805
0.225000, 9804
0.226000, 9803
0.226000, 9802
0.227000, 9801
0.227000, 9800
0.230000, 9799
0.230000, 9798
0.230000, 9797
0.232000, 9796
0.232000, 9795
0.233000, 9794
0.233000, 9793
0.234000, 9792
0.234000, 9791
0.235000, 9790
0.235000, 9789
0.236000, 9788
0.236000, 9787
0.237000, 9786
0.237000, 9785
0.238000, 9784
0.239000, 9783
0.239000, 9782
0.240000, 9781
0.240000, 9780
0.241000, 9779
0.241000, 9778
0.243000, 9777
0.244000, 9776
0.244000, 9775
0.246000, 9774
0.247000, 9773
0.247000, 9772
0.247000, 9771
0.247000, 9770
0.248000, 9769
0.248000, 9768
0.249000, 9767
0.249000, 9766
0.249000, 9765
0.250000, 9764
0.250000, 9763
0.250000, 9762
0.251000, 9761
0.252000, 9760
0.252000, 9759
0.253000, 9758
0.254000, 9757
0.254000, 9756
0.255000, 9755
0.255000, 9754
0.255000, 9753
0.256000, 9752
0.256000, 9751
0.257000, 9750
0.258000, 9749
0.258000, 9748
0.258000, 9747
0.259000, 9746
0.259000, 9745
0.260000, 9744
0.260000, 9743
0.261000, 9742
0.261000, 9741
0.262000, 9740
0.262000, 9739
0.264000, 9738
0.264000, 9737
0.264000, 9736
0.265000, 9735
0.265000, 9734
0.265000, 9733
0.266000, 9732
0.266000, 9731
0.266000, 9730
0.267000, 9729
0.268000, 9728
0.268000, 9727
0.269000, 9726
0.270000, 9725
0.271000, 9724
0.271000, 9723
0.272000, 9722
0.273000, 9721
0.274000, 9720
0.274000, 9719
0.274000, 9718
0.274000, 9717
0.275000, 9716
0.275000, 9715
0.276000, 9714
0.277000, 9713
0.277000, 9712
0.277000, 9711
0.278000, 9710
0.279000, 9709
0.280000, 9708
0.281000, 9707
0.281000, 9706
0.282000, 9705
0.282000, 9704
0.282000, 9703
0.283000, 9702
0.283000, 9701
0.284000, 9700
0.285000, 9699
0.285000, 9698
0.285000, 9697
0.287000, 9696
0.287000, 9695
0.288000, 9694
0.289000, 9693
0.290000, 9692
0.291000, 9691
0.292000, 9690
0.293000, 9689
0.294000, 9688
0.296000, 9687
0.296000, 9686
0.297000, 9685
0.297000, 9684
0.298000, 9683
0.299000, 9682
0.299000, 9681
0.300000, 9680
0.300000, 9679
0.301000, 9678
0.301000, 9677
0.302000, 9676
0.302000, 9675
0.303000, 9674
0.303000, 9673
0.305000, 9672
0.305000, 9671
0.306000, 9670
0.307000, 9669
0.308000, 9668
0.308000, 9667
0.309000, 9666
0.309000, 9665
0.310000, 9664
0.310000, 9663
0.311000, 9662
0.311000, 9661
0.312000, 9660
0.313000, 9659
0.314000, 9658
0.314000, 9657
0.316000, 9656
0.316000, 9655
0.316000, 9654
0.317000, 9653
0.317000, 9652
0.317000, 9651
0.319000, 9650
0.320000, 9649
0.320000, 9648
0.321000, 9647
0.322000, 9646
0.322000, 9645
0.322000, 9644
0.322000, 9643
0.323000, 9642
0.323000, 9641
0.324000, 9640
0.324000, 9639
0.325000, 9638
0.325000, 9637
0.326000, 9636
0.326000, 9635
0.327000, 9634
0.328000, 9633
0.329000, 9632
0.330000, 9631
0.331000, 9630
0.331000, 9629
0.331000, 9628
0.331000, 9627
0.332000, 9626
0.333000, 9625
0.333000, 9624
0.334000, 9623
0.334000, 9622
0.336000, 9621
0.336000, 9620
0.336000, 9619
0.336000, 9618
0.337000, 9617
0.337000, 9616
0.338000, 9615
0.339000, 9614
0.340000, 9613
0.341000, 9612
0.341000, 9611
0.343000, 9610
0.343000, 9609
0.344000, 9608
0.344000, 9607
0.344000, 9606
0.345000, 9605
0.345000, 9604
0.345000, 9603
0.346000, 9602
0.346000, 9601
0.346000, 9600
0.347000, 9599
0.348000, 9598
0.348000, 9597
0.349000, 9596
0.349000, 9595
0.350000, 9594
0.350000, 9593
0.351000, 9592
0.351000, 9591
0.352000, 9590
0.352000, 9589
0.353000, 9588
0.353000, 9587
0.354000, 9586
0.354000, 9585
0.354000, 9584
0.355000, 9583
0.356000, 9582
0.357000, 9581
0.357000, 9580
0.357000, 9579
0.357000, 9578
0.358000, 9577
0.358000, 9576
0.359000, 9575
0.359000, 9574
0.360000, 9573
0.361000, 9572
0.362000, 9571
0.362000, 9570
0.363000, 9569
0.363000, 9568
0.364000, 9567
0.365000, 9566
0.366000, 9565
0.367000, 9564
0.367000, 9563
0.367000, 9562
0.368000, 9561
0.369000, 9560
0.370000, 9559
0.370000, 9558
0.371000, 9557
0.371000, 9556
0.372000, 9555
0.372000, 9554
0.373000, 9553
0.373000, 9552
0.374000, 9551
0.375000, 9550
0.376000, 9549
0.377000, 9548
0.378000, 9547
0.379000, 9546
0.379000, 9545
0.380000, 9544
0.381000, 9543
0.381000, 9542
0.382000, 9541
0.382000, 9540
0.383000, 9539
0.384000, 9538
0.384000, 9537
0.385000, 9536
0.385000, 9535
0.386000, 9534
0.387000, 9533
0.388000, 9532
0.388000, 9531
0.388000, 9530
0.389000, 9529
0.389000, 9528
0.390000, 9527
0.391000, 9526
0.391000, 9525
0.392000, 9524
0.392000, 9523
0.393000, 9522
0.393000, 9521
0.394000, 9520
0.394000, 9519
0.394000, 9518
0.394000, 9517
0.395000, 9516
0.396000, 9515
0.397000, 9514
0.397000, 9513
0.397000, 9512
0.398000, 9511
0.399000, 9510
0.399000, 9509
0.400000, 9508
0.400000, 9507
0.401000, 9506
0.402000, 9505
0.402000, 9504
0.402000, 9503
0.403000, 9502
0.404000, 9501
0.404000, 9500
0.404000, 9499
0.405000, 9498
0.405000, 9497
0.405000, 9496
0.406000, 9495
0.406000, 9494
0.407000, 9493
0.407000, 9492
0.407000, 9491
0.408000, 9490
0.409000, 9489
0.409000, 9488
0.409000, 9487
0.410000, 9486
0.410000, 9485
0.411000, 9484
0.412000, 9483
0.412000, 9482
0.412000, 9481
0.413000, 9480
0.414000, 9479
0.414000, 9478
0.414000, 9477
0.416000, 9476
0.416000, 9475
0.417000, 9474
0.417000, 9473
0.418000, 9472
0.419000, 9471
0.419000, 9470
0.420000, 9469
0.420000, 9468
0.420000, 9467
0.421000, 9466
0.422000, 9465
0.423000, 9464
0.423000, 9463
0.424000, 9462
0.424000, 9461
0.425000, 9460
0.425000, 9459
0.426000, 9458
0.426000, 9457
0.427000, 9456
0.428000, 9455
0.428000, 9454
0.429000, 9453
0.429000, 9452
0.429000, 9451
0.430000, 9450
0.431000, 9449
0.433000, 9448
0.434000, 9447
0.435000, 9446
0.435000, 9445
0.435000, 9444
0.435000, 9443
0.436000, 9442
0.436000, 9441
0.437000, 9440
0.438000, 9439
0.438000, 9438
0.439000, 9437
0.439000, 9436
0.440000, 9435
0.440000, 9434
0.440000, 9433
0.441000, 9432
0.441000, 9431
0.442000, 9430
0.442000, 9429
0.442000, 9428
0.445000, 9427
0.445000, 9426
0.448000, 9425
0.448000, 9424
0.448000, 9423
0.448000, 9422
0.449000, 9421
0.449000, 9420
0.450000, 9419
0.450000, 9418
0.450000, 9417
0.451000, 9416
0.451000, 9415
0.451000, 9414
0.452000, 9413
0.452000, 9412
0.453000, 9411
0.453000, 9410
0.454000, 9409
0.454000, 9408
0.454000, 9407
0.454000, 9406
0.455000, 9405
0.456000, 9404
0.456000, 9403
0.457000, 9402
0.458000, 9401
0.458000, 9400
0.459000, 9399
0.460000, 9398
0.461000, 9397
0.462000, 9396
0.462000, 9395
0.463000, 9394
0.463000, 9393
0.464000, 9392
0.465000, 9391
0.465000, 9390
0.466000, 9389
0.467000, 9388
0.468000, 9387
0.468000, 9386
0.469000, 9385
0.470000, 9384
0.470000, 9383
0.471000, 9382
0.471000, 9381
0.472000, 9380
0.474000, 9379
0.474000, 9378
0.475000, 9377
0.475000, 9376
0.476000, 9375
0.478000, 9374
0.479000, 9373
0.479000, 9372
0.479000, 9371
0.480000, 9370
0.480000, 9369
0.480000, 9368
0.481000, 9367
0.481000, 9366
0.482000, 9365
0.483000, 9364
0.485000, 9363
0.485000, 9362
0.486000, 9361
0.488000, 9360
0.488000, 9359
0.489000, 9358
0.489000, 9357
0.489000, 9356
0.490000, 9355
0.490000, 9354
0.491000, 9353
0.492000, 9352
0.492000, 9351
0.492000, 9350
0.493000, 9349
0.494000, 9348
0.495000, 9347
0.495000, 9346
0.496000, 9345
0.496000, 9344
0.497000, 9343
0.498000, 9342
0.500000, 9341
0.500000, 9340
0.501000, 9339
0.502000, 9338
0.503000, 9337
0.503000, 9336
0.504000, 9335
0.504000, 9334
0.505000, 9333
0.506000, 9332
0.507000, 9331
0.507000, 9330
0.507000, 9329
0.508000, 9328
0.508000, 9327
0.509000, 9326
0.510000, 9325
0.511000, 9324
0.512000, 9323
0.513000, 9322
0.513000, 9321
0.514000, 9320
0.514000, 9319
0.514000, 9318
0.515000, 9317
0.516000, 9316
0.516000, 9315
0.516000, 9314
0.517000, 9313
0.518000, 9312
0.518000, 9311
0.519000, 9310
0.519000, 9309
0.520000, 9308
0.520000, 9307
0.520000, 9306
0.520000, 9305
0.521000, 9304
0.522000, 9303
0.522000, 9302
0.523000, 9301
0.523000, 9300
0.523000, 9299
0.525000, 9298
0.525000, 9297
0.526000, 9296
0.526000, 9295
0.527000, 9294
0.528000, 9293
0.528000, 9292
0.529000, 9291
0.529000, 9290
0.530000, 9289
0.531000, 9288
0.532000, 9287
0.533000, 9286
0.534000, 9285
0.535000, 9284
0.535000, 9283
0.537000, 9282
0.537000, 9281
0.538000, 9280
0.538000, 9279
0.538000, 9278
0.539000, 9277
0.539000, 9276
0.539000, 9275
0.540000, 9274
0.540000, 9273
0.541000, 9272
0.542000, 9271
0.542000, 9270
0.543000, 9269
0.544000, 9268
0.544000, 9267
0.545000, 9266
0.546000, 9265
0.546000, 9264
0.547000, 9263
0.547000, 9262
0.549000, 9261
0.550000, 9260
0.550000, 9259
0.551000, 9258
0.552000, 9257
0.552000, 9256
0.552000, 9255
0.553000, 9254
0.553000, 9253
0.553000, 9252
0.554000, 9251
0.561000, 9250
0.561000, 9249
0.562000, 9248
0.563000, 9247
0.563000, 9246
0.563000, 9245
0.564000, 9244
0.564000, 9243
0.564000, 9242
0.565000, 9241
0.565000, 9240
0.566000, 9239
0.566000, 9238
0.566000, 9237
0.566000, 9236
0.570000, 9235
0.570000, 9234
0.570000, 9233
0.570000, 9232
0.571000, 9231
0.571000, 9230
0.571000, 9229
0.572000, 9228
0.572000, 9227
0.572000, 9226
0.573000, 9225
0.573000, 9224
0.574000, 9223
0.574000, 9222
0.575000, 9221
0.576000, 9220
0.577000, 9219
0.577000, 9218
0.577000, 9217
0.578000, 9216
0.579000, 9215
0.579000, 9214
0.580000, 9213
0.581000, 9212
0.581000, 9211
0.581000, 9210
0.582000, 9209
0.582000, 9208
0.582000, 9207
0.583000, 9206
0.583000, 9205
0.584000, 9204
0.584000, 9203
0.584000, 9202
0.585000, 9201
0.585000, 9200
0.585000, 9199
0.586000, 9198
0.586000, 9197
0.586000, 9196
0.587000, 9195
0.587000, 9194
0.587000, 9193
0.588000, 9192
0.588000, 9191
0.588000, 9190
0.589000, 9189
0.589000, 9188
0.590000, 9187
0.590000, 9186
0.591000, 9185
0.592000, 9184
0.592000, 9183
0.592000, 9182
0.592000, 9181
0.593000, 9180
0.594000, 9179
0.594000, 9178
0.595000, 9177
0.595000, 9176
0.596000, 9175
0.597000, 9174
0.597000, 9173
0.597000, 9172
0.597000, 9171
0.598000, 9170
0.598000, 9169
0.599000, 9168
0.599000, 9167
0.600000, 9166
0.600000, 9165
0.600000, 9164
0.601000, 9163
0.602000, 9162
0.603000, 9161
0.604000, 9160
0.604000, 9159
0.605000, 9158
0.605000, 9157
0.605000, 9156
0.606000, 9155
0.606000, 9154
0.606000, 9153
0.607000, 9152
0.608000, 9151
0.609000, 9150
0.609000, 9149
0.609000, 9148
0.610000, 9147
0.611000, 9146
0.611000, 9145
0.611000, 9144
0.613000, 9143
0.613000, 9142
0.615000, 9141
0.615000, 9140
0.615000, 9139
0.616000, 9138
0.617000, 9137
0.617000, 9136
0.617000, 9135
0.617000, 9134
0.618000, 9133
0.618000, 9132
0.618000, 9131
0.619000, 9130
0.619000, 9129
0.620000, 9128
0.621000, 9127
0.621000, 9126
0.621000, 9125
0.622000, 9124
0.623000, 9123
0.623000, 9122
0.623000, 9121
0.624000, 9120
0.624000, 9119
0.624000, 9118
0.624000, 9117
0.625000, 9116
0.625000, 9115
0.625000, 9114
0.626000, 9113
0.627000, 9112
0.628000, 9111
0.628000, 9110
0.629000, 9109
0.629000, 9108
0.630000, 9107
0.630000, 9106
0.630000, 9105
0.631000, 9104
0.631000, 9103
0.632000, 9102
0.632000, 9101
0.633000, 9100
0.634000, 9099
0.634000, 9098
0.634000, 9097
0.635000, 9096
0.635000, 9095
0.636000, 9094
0.636000, 9093
0.636000, 9092
0.637000, 9091
0.637000, 9090
0.637000, 9089
0.637000, 9088
0.639000, 9087
0.639000, 9086
0.639000, 9085
0.640000, 9084
0.640000, 9083
0.640000, 9082
0.640000, 9081
0.641000, 9080
0.641000, 9079
0.642000, 9078
0.642000, 9077
0.642000, 9076
0.643000, 9075
0.643000, 9074
0.644000, 9073
0.645000, 9072
0.645000, 9071
0.646000, 9070
0.647000, 9069
0.648000, 9068
0.648000, 9067
0.649000, 9066
0.650000, 9065
0.650000, 9064
0.651000, 9063
0.651000, 9062
0.652000, 9061
0.652000, 9060
0.653000, 9059
0.653000, 9058
0.653000, 9057
0.654000, 9056
0.654000, 9055
0.655000, 9054
0.655000, 9053
0.655000, 9052
0.656000, 9051
0.657000, 9050
0.657000, 9049
0.657000, 9048
0.657000, 9047
0.658000, 9046
0.658000, 9045
0.659000, 9044
0.659000, 9043
0.660000, 9042
0.660000, 9041
0.661000, 9040
0.661000, 9039
0.661000, 9038
0.662000, 9037
0.663000, 9036
0.663000, 9035
0.664000, 9034
0.664000, 9033
0.664000, 9032
0.665000, 9031
0.665000, 9030
0.666000, 9029
0.666000, 9028
0.666000, 9027
0.667000, 9026
0.668000, 9025
0.668000, 9024
0.669000, 9023
0.669000, 9022
0.670000, 9021
0.670000, 9020
0.671000, 9019
0.672000, 9018
0.672000, 9017
0.672000, 9016
0.672000, 9015
0.672000, 9014
0.673000, 9013
0.673000, 9012
0.674000, 9011
0.674000, 9010
0.675000, 9009
0.675000, 9008
0.675000, 9007
0.676000, 9006
0.676000, 9005
0.676000, 9004
0.677000, 9003
0.678000, 9002
0.678000, 9001
0.679000, 9000
0.679000, 8999
0.679000, 8998
0.680000, 8997
0.680000, 8996
0.680000, 8995
0.681000, 8994
0.681000, 8993
0.682000, 8992
0.682000, 8991
0.683000, 8990
0.683000, 8989
0.684000, 8988
0.684000, 8987
0.684000, 8986
0.685000, 8985
0.686000, 8984
0.686000, 8983
0.686000, 8982
0.687000, 8981
0.687000, 8980
0.687000, 8979
0.687000, 8978
0.688000, 8977
0.688000, 8976
0.688000, 8975
0.688000, 8974
0.689000, 8973
0.689000, 8972
0.689000, 8971
0.689000, 8970
0.690000, 8969
0.690000, 8968
0.690000, 8967
0.691000, 8966
0.692000, 8965
0.692000, 8964
0.693000, 8963
0.693000, 8962
0.693000, 8961
0.693000, 8960
0.693000, 8959
0.694000, 8958
0.694000, 8957
0.695000, 8956
0.695000, 8955
0.696000, 8954
0.696000, 8953
0.697000, 8952
0.697000, 8951
0.698000, 8950
0.698000, 8949
0.699000, 8948
0.699000, 8947
0.699000, 8946
0.700000, 8945
0.700000, 8944
0.701000, 8943
0.701000, 8942
0.702000, 8941
0.702000, 8940
0.703000, 8939
0.703000, 8938
0.704000, 8937
0.705000, 8936
0.705000, 8935
0.706000, 8934
0.707000, 8933
0.708000, 8932
0.708000, 8931
0.709000, 8930
0.709000, 8929
0.709000, 8928
0.710000, 8927
0.710000, 8926
0.711000, 8925
0.711000, 8924
0.712000, 8923
0.713000, 8922
0.713000, 8921
0.714000, 8920
0.715000, 8919
0.715000, 8918
0.715000, 8917
0.715000, 8916
0.716000, 8915
0.716000, 8914
0.717000, 8913
0.718000, 8912
0.718000, 8911
0.718000, 8910
0.718000, 8909
0.720000, 8908
0.720000, 8907
0.720000, 8906
0.722000, 8905
0.722000, 8904
0.723000, 8903
0.724000, 8902
0.724000, 8901
0.725000, 8900
0.725000, 8899
0.726000, 8898
0.726000, 8897
0.727000, 8896
0.727000, 8895
0.728000, 8894
0.729000, 8893
0.730000, 8892
0.730000, 8891
0.731000, 8890
0.731000, 8889
0.732000, 8888
0.732000, 8887
0.733000, 8886
0.733000, 8885
0.733000, 8884
0.735000, 8883
0.735000, 8882
0.736000, 8881
0.737000, 8880
0.738000, 8879
0.739000, 8878
0.740000, 8877
0.740000, 8876
0.740000, 8875
0.740000, 8874
0.741000, 8873
0.742000, 8872
0.742000, 8871
0.742000, 8870
0.743000, 8869
0.744000, 8868
0.744000, 8867
0.744000, 8866
0.745000, 8865
0.745000, 8864
0.746000, 8863
0.746000, 8862
0.747000, 8861
0.748000, 8860
0.749000, 8859
0.750000, 8858
0.750000, 8857
0.750000, 8856
0.751000, 8855
0.751000, 8854
0.752000, 8853
0.754000, 8852
0.755000, 8851
0.755000, 8850
0.756000, 8849
0.757000, 8848
0.757000, 8847
0.759000, 8846
0.759000, 8845
0.759000, 8844
0.760000, 8843
0.761000, 8842
0.762000, 8841
0.762000, 8840
0.762000, 8839
0.762000, 8838
0.763000, 8837
0.763000, 8836
0.764000, 8835
0.764000, 8834
0.764000, 8833
0.765000, 8832
0.765000, 8831
0.766000, 8830
0.766000, 8829
0.767000, 8828
0.767000, 8827
0.767000, 8826
0.768000, 8825
0.768000, 8824
0.768000, 8823
0.769000, 8822
0.769000, 8821
0.769000, 8820
0.771000, 8819
0.771000, 8818
0.771000, 8817
0.772000, 8816
0.773000, 8815
0.774000, 8814
0.775000, 8813
0.777000, 8812
0.777000, 8811
0.777000, 8810
0.778000, 8809
0.778000, 8808
0.778000, 8807
0.778000, 8806
0.779000, 8805
0.781000, 8804
0.781000, 8803
0.782000, 8802
0.782000, 8801
0.783000, 8800
0.783000, 8799
0.784000, 8798
0.784000, 8797
0.784000, 8796
0.784000, 8795
0.785000, 8794
0.786000, 8793
0.786000, 8792
0.787000, 8791
0.787000, 8790
0.788000, 8789
0.789000, 8788
0.790000, 8787
0.791000, 8786
0.791000, 8785
0.791000, 8784
0.792000, 8783
0.792000, 8782
0.792000, 8781
0.793000, 8780
0.793000, 8779
0.793000, 8778
0.793000, 8777
0.794000, 8776
0.795000, 8775
0.795000, 8774
0.796000, 8773
0.796000, 8772
0.796000, 8771
0.798000, 8770
0.798000, 8769
0.799000, 8768
0.799000, 8767
0.799000, 8766
0.799000, 8765
0.799000, 8764
0.800000, 8763
0.801000, 8762
0.801000, 8761
0.802000, 8760
0.802000, 8759
0.802000, 8758
0.803000, 8757
0.803000, 8756
0.805000, 8755
0.806000, 8754
0.806000, 8753
0.807000, 8752
0.807000, 8751
0.807000, 8750
0.807000, 8749
0.808000, 8748
0.808000, 8747
0.809000, 8746
0.809000, 8745
0.809000, 8744
0.810000, 8743
0.810000, 8742
0.811000, 8741
0.812000, 8740
0.812000, 8739
0.812000, 8738
0.813000, 8737
0.814000, 8736
0.814000, 8735
0.814000, 8734
0.815000, 8733
0.815000, 8732
0.816000, 8731
0.816000, 8730
0.817000, 8729
0.818000, 8728
0.818000, 8727
0.819000, 8726
0.819000, 8725
0.819000, 8724
0.820000, 8723
0.820000, 8722
0.820000, 8721
0.821000, 8720
0.821000, 8719
0.821000, 8718
0.821000, 8717
0.822000, 8716
0.822000, 8715
0.824000, 8714
0.824000, 8713
0.824000, 8712
0.825000, 8711
0.825000, 8710
0.825000, 8709
0.826000, 8708
0.826000, 8707
0.826000, 8706
0.826000, 8705
0.828000, 8704
0.828000, 8703
0.829000, 8702
0.829000, 8701
0.829000, 8700
0.830000, 8699
0.830000, 8698
0.830000, 8697
0.830000, 8696
0.831000, 8695
0.831000, 8694
0.834000, 8693
0.834000, 8692
0.835000, 8691
0.837000, 8690
0.837000, 8689
0.839000, 8688
0.839000, 8687
0.840000, 8686
0.841000, 8685
0.842000, 8684
0.842000, 8683
0.843000, 8682
0.843000, 8681
0.844000, 8680
0.844000, 8679
0.845000, 8678
0.845000, 8677
0.845000, 8676
0.845000, 8675
0.846000, 8674
0.846000, 8673
0.846000, 8672
0.847000, 8671
0.848000, 8670
0.848000, 8669
0.848000, 8668
0.849000, 8667
0.849000, 8666
0.850000, 8665
0.850000, 8664
0.850000, 8663
0.851000, 8662
0.851000, 8661
0.852000, 8660
0.852000, 8659
0.853000, 8658
0.854000, 8657
0.854000, 8656
0.855000, 8655
0.855000, 8654
0.856000, 8653
0.857000, 8652
0.857000, 8651
0.857000, 8650
0.858000, 8649
0.859000, 8648
0.860000, 8647
0.861000, 8646
0.861000, 8645
0.861000, 8644
0.862000, 8643
0.862000, 8642
0.863000, 8641
0.863000, 8640
0.863000, 8639
0.864000, 8638
0.864000, 8637
0.865000, 8636
0.865000, 8635
0.866000, 8634
0.866000, 8633
0.867000, 8632
0.868000, 8631
0.868000, 8630
0.869000, 8629
0.870000, 8628
0.871000, 8627
0.871000, 8626
0.871000, 8625
0.872000, 8624
0.872000, 8623
0.872000, 8622
0.873000, 8621
0.874000, 8620
0.874000, 8619
0.875000, 8618
0.876000, 8617
0.876000, 8616
0.877000, 8615
0.878000, 8614
0.878000, 8613
0.878000, 8612
0.880000, 8611
0.880000, 8610
0.881000, 8609
0.887000, 8608
0.890000, 8607
0.890000, 8606
0.891000, 8605
0.892000, 8604
0.893000, 8603
0.893000, 8602
0.895000, 8601
0.895000, 8600
0.895000, 8599
0.896000, 8598
0.897000, 8597
0.897000, 8596
0.897000, 8595
0.899000, 8594
0.901000, 8593
0.901000, 8592
0.902000, 8591
0.903000, 8590
0.904000, 8589
0.904000, 8588
0.906000, 8587
0.906000, 8586
0.906000, 8585
0.907000, 8584
0.907000, 8583
0.907000, 8582
0.908000, 8581
0.908000, 8580
0.909000, 8579
0.909000, 8578
0.909000, 8577
0.911000, 8576
0.912000, 8575
0.913000, 8574
0.913000, 8573
0.913000, 8572
0.913000, 8571
0.914000, 8570
0.914000, 8569
0.914000, 8568
0.915000, 8567
0.915000, 8566
0.916000, 8565
0.916000, 8564
0.917000, 8563
0.918000, 8562
0.918000, 8561
0.919000, 8560
0.919000, 8559
0.919000, 8558
0.920000, 8557
0.921000, 8556
0.921000, 8555
0.922000, 8554
0.923000, 8553
0.923000, 8552
0.923000, 8551
0.923000, 8550
0.924000, 8549
0.925000, 8548
0.925000, 8547
0.926000, 8546
0.926000, 8545
0.927000, 8544
0.928000, 8543
0.929000, 8542
0.929000, 8541
0.930000, 8540
0.931000, 8539
0.932000, 8538
0.932000, 8537
0.934000, 8536
0.936000, 8535
0.937000, 8534
0.938000, 8533
0.938000, 8532
0.938000, 8531
0.938000, 8530
0.940000, 8529
0.940000, 8528
0.941000, 8527
0.941000, 8526
0.942000, 8525
0.942000, 8524
0.943000, 8523
0.943000, 8522
0.943000, 8521
0.944000, 8520
0.944000, 8519
0.945000, 8518
0.945000, 8517
0.947000, 8516
0.947000, 8515
0.949000, 8514
0.949000, 8513
0.949000, 8512
0.949000, 8511
0.950000, 8510
0.950000, 8509
0.951000, 8508
0.952000, 8507
0.954000, 8506
0.954000, 8505
0.955000, 8504
0.955000, 8503
0.957000, 8502
0.957000, 8501
0.957000, 8500
0.958000, 8499
0.959000, 8498
0.959000, 8497
0.959000, 8496
0.959000, 8495
0.960000, 8494
0.961000, 8493
0.963000, 8492
0.963000, 8491
0.963000, 8490
0.964000, 8489
0.964000, 8488
0.964000, 8487
0.965000, 8486
0.965000, 8485
0.967000, 8484
0.968000, 8483
0.969000, 8482
0.969000, 8481
0.969000, 8480
0.970000, 8479
0.970000, 8478
0.971000, 8477
0.971000, 8476
0.973000, 8475
0.975000, 8474
0.975000, 8473
0.976000, 8472
0.976000, 8471
0.977000, 8470
0.977000, 8469
0.978000, 8468
0.979000, 8467
0.980000, 8466
0.981000, 8465
0.982000, 8464
0.982000, 8463
0.983000, 8462
0.984000, 8461
0.985000, 8460
0.985000, 8459
0.987000, 8458
0.987000, 8457
0.988000, 8456
0.989000, 8455
0.991000, 8454
0.991000, 8453
0.991000, 8452
0.991000, 8451
0.992000, 8450
0.992000, 8449
0.993000, 8448
0.994000, 8447
0.994000, 8446
0.994000, 8445
0.995000, 8444
0.995000, 8443
0.997000, 8442
0.997000, 8441
0.997000, 8440
0.997000, 8439
0.997000, 8438
0.999000, 8437
0.999000, 8436
0.999000, 8435
0.999000, 8434
0.999000, 8433
1.000000, 8432
1.000000, 8431
1.001000, 8430
1.001000, 8429
1.002000, 8428
1.005000, 8427
1.005000, 8426
1.005000, 8425
1.006000, 8424
1.006000, 8423
1.007000, 8422
1.007000, 8421
1.008000, 8420
1.008000, 8419
1.008000, 8418
1.009000, 8417
1.009000, 8416
1.010000, 8415
1.010000, 8414
1.010000, 8413
1.011000, 8412
1.011000, 8411
1.014000, 8410
1.015000, 8409
1.015000, 8408
1.015000, 8407
1.016000, 8406
1.016000, 8405
1.017000, 8404
1.017000, 8403
1.019000, 8402
1.019000, 8401
1.019000, 8400
1.020000, 8399
1.020000, 8398
1.021000, 8397
1.021000, 8396
1.022000, 8395
1.024000, 8394
1.024000, 8393
1.025000, 8392
1.025000, 8391
1.026000, 8390
1.026000, 8389
1.027000, 8388
1.027000, 8387
1.028000, 8386
1.028000, 8385
1.029000, 8384
1.029000, 8383
1.030000, 8382
1.030000, 8381
1.031000, 8380
1.031000, 8379
1.031000, 8378
1.032000, 8377
1.032000, 8376
1.033000, 8375
1.033000, 8374
1.033000, 8373
1.034000, 8372
1.034000, 8371
1.035000, 8370
1.036000, 8369
1.037000, 8368
1.037000, 8367
1.038000, 8366
1.038000, 8365
1.039000, 8364
1.041000, 8363
1.041000, 8362
1.042000, 8361
1.043000, 8360
1.043000, 8359
1.044000, 8358
1.044000, 8357
1.044000, 8356
1.047000, 8355
1.047000, 8354
1.048000, 8353
1.048000, 8352
1.050000, 8351
1.050000, 8350
1.051000, 8349
1.051000, 8348
1.052000, 8347
1.052000, 8346
1.053000, 8345
1.053000, 8344
1.055000, 8343
1.056000, 8342
1.057000, 8341
1.057000, 8340
1.058000, 8339
1.059000, 8338
1.059000, 8337
1.060000, 8336
1.060000, 8335
1.061000, 8334
1.062000, 8333
1.062000, 8332
1.062000, 8331
1.062000, 8330
1.063000, 8329
1.065000, 8328
1.066000, 8327
1.066000, 8326
1.067000, 8325
1.067000, 8324
1.068000, 8323
1.070000, 8322
1.071000, 8321
1.072000, 8320
1.072000, 8319
1.072000, 8318
1.074000, 8317
1.074000, 8316
1.074000, 8315
1.076000, 8314
1.076000, 8313
1.076000, 8312
1.077000, 8311
1.077000, 8310
1.078000, 8309
1.080000, 8308
1.080000, 8307
1.081000, 8306
1.081000, 8305
1.082000, 8304
1.083000, 8303
1.083000, 8302
1.083000, 8301
1.084000, 8300
1.084000, 8299
1.086000, 8298
1.086000, 8297
1.086000, 8296
1.086000, 8295
1.087000, 8294
1.089000, 8293
1.090000, 8292
1.091000, 8291
1.092000, 8290
1.092000, 8289
1.094000, 8288
1.094000, 8287
1.095000, 8286
1.098000, 8285
1.098000, 8284
1.100000, 8283
1.100000, 8282
1.101000, 8281
1.103000, 8280
1.106000, 8279
1.106000, 8278
1.106000, 8277
1.107000, 8276
1.108000, 8275
1.109000, 8274
1.109000, 8273
1.110000, 8272
1.110000, 8271
1.111000, 8270
1.111000, 8269
1.111000, 8268
1.111000, 8267
1.114000, 8266
1.114000, 8265
1.114000, 8264
1.115000, 8263
1.117000, 8262
1.118000, 8261
1.119000, 8260
1.119000, 8259
1.120000, 8258
1.122000, 8257
1.123000, 8256
1.124000, 8255
1.124000, 8254
1.125000, 8253
1.125000, 8252
1.126000, 8251
1.128000, 8250
1.128000, 8249
1.129000, 8248
1.129000, 8247
1.129000, 8246
1.130000, 8245
1.131000, 8244
1.132000, 8243
1.132000, 8242
1.133000, 8241
1.133000, 8240
1.133000, 8239
1.134000, 8238
1.135000, 8237
1.136000, 8236
1.136000, 8235
1.137000, 8234
1.138000, 8233
1.138000, 8232
1.139000, 8231
1.139000, 8230
1.141000, 8229
1.141000, 8228
1.142000, 8227
1.142000, 8226
1.143000, 8225
1.143000, 8224
1.144000, 8223
1.144000, 8222
1.145000, 8221
1.146000, 8220
1.146000, 8219
1.150000, 8218
1.153000, 8217
1.153000, 8216
1.155000, 8215
1.157000, 8214
1.157000, 8213
1.159000, 8212
1.165000, 8211
1.166000, 8210
1.169000, 8209
1.169000, 8208
1.170000, 8207
1.170000, 8206
1.172000, 8205
1.172000, 8204
1.174000, 8203
1.175000, 8202
1.175000, 8201
1.175000, 8200
1.177000, 8199
1.178000, 8198
1.178000, 8197
1.179000, 8196
1.180000, 8195
1.181000, 8194
1.181000, 8193
1.182000, 8192
1.183000, 8191
1.184000, 8190
1.185000, 8189
1.185000, 8188
1.185000, 8187
1.186000, 8186
1.187000, 8185
1.187000, 8184
1.188000, 8183
1.190000, 8182
1.192000, 8181
1.194000, 8180
1.194000, 8179
1.194000, 8178
1.195000, 8177
1.196000, 8176
1.196000, 8175
1.201000, 8174
1.203000, 8173
1.203000, 8172
1.204000, 8171
1.205000, 8170
1.206000, 8169
1.207000, 8168
1.207000, 8167
1.209000, 8166
1.214000, 8165
1.215000, 8164
1.215000, 8163
1.217000, 8162
1.219000, 8161
1.219000, 8160
1.220000, 8159
1.221000, 8158
1.222000, 8157
1.224000, 8156
1.225000, 8155
1.226000, 8154
1.227000, 8153
1.227000, 8152
1.228000, 8151
1.229000, 8150
1.229000, 8149
1.231000, 8148
1.234000, 8147
1.235000, 8146
1.236000, 8145
1.236000, 8144
1.236000, 8143
1.237000, 8142
1.237000, 8141
1.237000, 8140
1.237000, 8139
1.239000, 8138
1.239000, 8137
1.242000, 8136
1.242000, 8135
1.243000, 8134
1.245000, 8133
1.246000, 8132
1.247000, 8131
1.250000, 8130
1.251000, 8129
1.252000, 8128
1.252000, 8127
1.253000, 8126
1.254000, 8125
1.256000, 8124
1.257000, 8123
1.259000, 8122
1.261000, 8121
1.263000, 8120
1.263000, 8119
1.264000, 8118
1.264000, 8117
1.264000, 8116
1.265000, 8115
1.265000, 8114
1.266000, 8113
1.266000, 8112
1.267000, 8111
1.267000, 8110
1.267000, 8109
1.270000, 8108
1.271000, 8107
1.272000, 8106
1.274000, 8105
1.274000, 8104
1.276000, 8103
1.277000, 8102
1.277000, 8101
1.279000, 8100
1.279000, 8099
1.280000, 8098
1.281000, 8097
1.282000, 8096
1.282000, 8095
1.283000, 8094
1.284000, 8093
1.285000, 8092
1.291000, 8091
1.294000, 8090
1.294000, 8089
1.295000, 8088
1.297000, 8087
1.300000, 8086
1.300000, 8085
1.300000, 8084
1.300000, 8083
1.301000, 8082
1.301000, 8081
1.302000, 8080
1.302000, 8079
1.303000, 8078
1.304000, 8077
1.306000, 8076
1.309000, 8075
1.310000, 8074
1.310000, 8073
1.312000, 8072
1.313000, 8071
1.313000, 8070
1.314000, 8069
1.316000, 8068
1.316000, 8067
1.317000, 8066
1.317000, 8065
1.318000, 8064
1.319000, 8063
1.319000, 8062
1.320000, 8061
1.320000, 8060
1.321000, 8059
1.322000, 8058
1.323000, 8057
1.323000, 8056
1.324000, 8055
1.325000, 8054
1.326000, 8053
1.326000, 8052
1.327000, 8051
1.327000, 8050
1.329000, 8049
1.330000, 8048
1.330000, 8047
1.331000, 8046
1.331000, 8045
1.333000, 8044
1.333000, 8043
1.334000, 8042
1.334000, 8041
1.335000, 8040
1.337000, 8039
1.338000, 8038
1.339000, 8037
1.340000, 8036
1.341000, 8035
1.341000, 8034
1.342000, 8033
1.342000, 8032
1.344000, 8031
1.345000, 8030
1.345000, 8029
1.345000, 8028
1.345000, 8027
1.347000, 8026
1.349000, 8025
1.352000, 8024
1.353000, 8023
1.354000, 8022
1.356000, 8021
1.356000, 8020
1.357000, 8019
1.358000, 8018
1.361000, 8017
1.362000, 8016
1.366000, 8015
1.367000, 8014
1.367000, 8013
1.367000, 8012
1.367000, 8011
1.371000, 8010
1.371000, 8009
1.373000, 8008
1.373000, 8007
1.375000, 8006
1.376000, 8005
1.377000, 8004
1.378000, 8003
1.379000, 8002
1.380000, 8001
1.380000, 8000
1.384000, 7999
1.385000, 7998
1.385000, 7997
1.387000, 7996
1.388000, 7995
1.389000, 7994
1.390000, 7993
1.391000, 7992
1.391000, 7991
1.394000, 7990
1.398000, 7989
1.398000, 7988
1.400000, 7987
1.401000, 7986
1.403000, 7985
1.403000, 7984
1.404000, 7983
1.405000, 7982
1.406000, 7981
1.406000, 7980
1.412000, 7979
1.412000, 7978
1.413000, 7977
1.413000, 7976
1.414000, 7975
1.417000, 7974
1.418000, 7973
1.420000, 7972
1.422000, 7971
1.424000, 7970
1.424000, 7969
1.427000, 7968
1.427000, 7967
1.429000, 7966
1.429000, 7965
1.429000, 7964
1.430000, 7963
1.432000, 7962
1.434000, 7961
1.435000, 7960
1.441000, 7959
1.442000, 7958
1.442000, 7957
1.443000, 7956
1.444000, 7955
1.446000, 7954
1.450000, 7953
1.451000, 7952
1.453000, 7951
1.455000, 7950
1.457000, 7949
1.458000, 7948
1.458000, 7947
1.460000, 7946
1.460000, 7945
1.462000, 7944
1.463000, 7943
1.463000, 7942
1.467000, 7941
1.469000, 7940
1.472000, 7939
1.473000, 7938
1.475000, 7937
1.476000, 7936
1.477000, 7935
1.479000, 7934
1.479000, 7933
1.480000, 7932
1.480000, 7931
1.484000, 7930
1.484000, 7929
1.487000, 7928
1.487000, 7927
1.487000, 7926
1.488000, 7925
1.489000, 7924
1.490000, 7923
1.491000, 7922
1.491000, 7921
1.492000, 7920
1.493000, 7919
1.495000, 7918
1.497000, 7917
1.498000, 7916
1.499000, 7915
1.502000, 7914
1.503000, 7913
1.505000, 7912
1.505000, 7911
1.508000, 7910
1.510000, 7909
1.511000, 7908
1.512000, 7907
1.513000, 7906
1.514000, 7905
1.514000, 7904
1.517000, 7903
1.518000, 7902
1.519000, 7901
1.522000, 7900
1.525000, 7899
1.525000, 7898
1.526000, 7897
1.528000, 7896
1.529000, 7895
1.530000, 7894
1.530000, 7893
1.531000, 7892
1.532000, 7891
1.532000, 7890
1.533000, 7889
1.534000, 7888
1.537000, 7887
1.541000, 7886
1.542000, 7885
1.543000, 7884
1.546000, 7883
1.547000, 7882
1.549000, 7881
1.549000, 7880
1.549000, 7879
1.550000, 7878
1.553000, 7877
1.555000, 7876
1.556000, 7875
1.559000, 7874
1.560000, 7873
1.560000, 7872
1.565000, 7871
1.567000, 7870
1.568000, 7869
1.569000, 7868
1.570000, 7867
1.571000, 7866
1.573000, 7865
1.574000, 7864
1.576000, 7863
1.578000, 7862
1.579000, 7861
1.582000, 7860
1.586000, 7859
1.587000, 7858
1.592000, 7857
1.592000, 7856
1.594000, 7855
1.595000, 7854
1.604000, 7853
1.606000, 7852
1.609000, 7851
1.610000, 7850
1.612000, 7849
1.613000, 7848
1.617000, 7847
1.617000, 7846
1.619000, 7845
1.621000, 7844
1.622000, 7843
1.624000, 7842
1.626000, 7841
1.628000, 7840
1.628000, 7839
1.628000, 7838
1.628000, 7837
1.636000, 7836
1.640000, 7835
1.647000, 7834
1.649000, 7833
1.650000, 7832
1.650000, 7831
1.653000, 7830
1.654000, 7829
1.656000, 7828
1.658000, 7827
1.659000, 7826
1.660000, 7825
1.661000, 7824
1.668000, 7823
1.670000, 7822
1.670000, 7821
1.671000, 7820
1.672000, 7819
1.675000, 7818
1.677000, 7817
1.677000, 7816
1.679000, 7815
1.680000, 7814
1.683000, 7813
1.685000, 7812
1.686000, 7811
1.686000, 7810
1.688000, 7809
1.690000, 7808
1.690000, 7807
1.692000, 7806
1.696000, 7805
1.703000, 7804
1.705000, 7803
1.705000, 7802
1.706000, 7801
1.708000, 7800
1.709000, 7799
1.711000, 7798
1.711000, 7797
1.713000, 7796
1.714000, 7795
1.716000, 7794
1.716000, 7793
1.717000, 7792
1.719000, 7791
1.720000, 7790
1.728000, 7789
1.731000, 7788
1.736000, 7787
1.737000, 7786
1.738000, 7785
1.739000, 7784
1.741000, 7783
1.741000, 7782
1.743000, 7781
1.746000, 7780
1.746000, 7779
1.752000, 7778
1.759000, 7777
1.760000, 7776
1.773000, 7775
1.776000, 7774
1.778000, 7773
1.780000, 7772
1.780000, 7771
1.789000, 7770
1.790000, 7769
1.795000, 7768
1.800000, 7767
1.801000, 7766
1.808000, 7765
1.812000, 7764
1.815000, 7763
1.828000, 7762
1.830000, 7761
1.830000, 7760
1.832000, 7759
1.839000, 7758
1.840000, 7757
1.841000, 7756
1.841000, 7755
1.843000, 7754
1.846000, 7753
1.848000, 7752
1.849000, 7751
1.851000, 7750
1.854000, 7749
1.871000, 7748
1.872000, 7747
1.875000, 7746
1.878000, 7745
1.881000, 7744
1.884000, 7743
1.887000, 7742
1.888000, 7741
1.896000, 7740
1.898000, 7739
1.898000, 7738
1.903000, 7737
1.904000, 7736
1.905000, 7735
1.906000, 7734
1.907000, 7733
1.910000, 7732
1.913000, 7731
1.924000, 7730
1.924000, 7729
1.932000, 7728
1.941000, 7727
1.948000, 7726
1.948000, 7725
1.953000, 7724
1.954000, 7723
1.958000, 7722
1.960000, 7721
1.964000, 7720
1.977000, 7719
1.987000, 7718
1.990000, 7717
1.991000, 7716
1.991000, 7715
1.996000, 7714
1.996000, 7713
2.000000, 7712
2.003000, 7711
2.004000, 7710
2.009000, 7709
2.011000, 7708
2.012000, 7707
2.013000, 7706
2.015000, 7705
2.020000, 7704
2.020000, 7703
2.023000, 7702
2.026000, 7701
2.037000, 7700
2.044000, 7699
2.048000, 7698
2.051000, 7697
2.066000, 7696
2.067000, 7695
2.070000, 7694
2.070000, 7693
2.089000, 7692
2.100000, 7691
2.107000, 7690
2.108000, 7689
2.116000, 7688
2.117000, 7687
2.118000, 7686
2.124000, 7685
2.128000, 7684
2.136000, 7683
2.138000, 7682
2.138000, 7681
2.153000, 7680
2.165000, 7679
2.166000, 7678
2.173000, 7677
2.189000, 7676
2.191000, 7675
2.191000, 7674
2.193000, 7673
2.199000, 7672
2.202000, 7671
2.206000, 7670
2.211000, 7669
2.222000, 7668
2.231000, 7667
2.235000, 7666
2.236000, 7665
2.255000, 7664
2.266000, 7663
2.269000, 7662
2.272000, 7661
2.276000, 7660
2.278000, 7659
2.299000, 7658
2.306000, 7657
2.317000, 7656
2.339000, 7655
2.340000, 7654
2.342000, 7653
2.346000, 7652
2.357000, 7651
2.359000, 7650
2.360000, 7649
2.378000, 7648
2.378000, 7647
2.404000, 7646
2.407000, 7645
2.413000, 7644
2.421000, 7643
2.424000, 7642
2.428000, 7641
2.431000, 7640
2.444000, 7639
2.454000, 7638
2.457000, 7637
2.459000, 7636
2.472000, 7635
2.484000, 7634
2.497000, 7633
2.519000, 7632
2.523000, 7631
2.531000, 7630
2.533000, 7629
2.541000, 7628
2.556000, 7627
2.559000, 7626
2.566000, 7625
2.567000, 7624
2.583000, 7623
2.633000, 7622
2.653000, 7621
2.660000, 7620
2.678000, 7619
2.690000, 7618
2.729000, 7617
2.730000, 7616
2.733000, 7615
2.735000, 7614
2.744000, 7613
2.750000, 7612
2.773000, 7611
2.777000, 7610
2.779000, 7609
2.789000, 7608
2.798000, 7607
2.809000, 7606
2.835000, 7605
2.852000, 7604
2.868000, 7603
2.888000, 7602
2.893000, 7601
2.930000, 7600
3.020000, 7599
3.037000, 7598
3.043000, 7597
3.061000, 7596
3.065000, 7595
3.072000, 7594
3.097000, 7593
3.191000, 7592
3.251000, 7591
3.260000, 7590
3.388000, 7589
3.398000, 7588
3.482000, 7587
3.501000, 7586
3.572000, 7585
3.637000, 7584
3.657000, 7583
3.672000, 7582
3.734000, 7581
3.763000, 7580
3.833000, 7579
3.989000, 7578
4.178000, 7577
