0.013000, 10243
0.018000, 10242
0.019000, 10241
0.020000, 10240
0.020000, 10239
0.020000, 10238
0.021000, 10237
0.022000, 10236
0.022000, 10235
0.023000, 10234
0.023000, 10233
0.025000, 10232
0.026000, 10231
0.027000, 10230
0.028000, 10229
0.029000, 10228
0.029000, 10227
0.029000, 10226
0.030000, 10225
0.030000, 10224
0.031000, 10223
0.031000, 10222
0.032000, 10221
0.032000, 10220
0.033000, 10219
0.033000, 10218
0.034000, 10217
0.034000, 10216
0.034000, 10215
0.035000, 10214
0.035000, 10213
0.035000, 10212
0.036000, 10211
0.036000, 10210
0.037000, 10209
0.037000, 10208
0.038000, 10207
0.038000, 10206
0.039000, 10205
0.039000, 10204
0.040000, 10203
0.041000, 10202
0.042000, 10201
0.042000, 10200
0.043000, 10199
0.043000, 10198
0.044000, 10197
0.044000, 10196
0.045000, 10195
0.045000, 10194
0.046000, 10193
0.047000, 10192
0.047000, 10191
0.048000, 10190
0.048000, 10189
0.049000, 10188
0.049000, 10187
0.049000, 10186
0.052000, 10185
0.053000, 10184
0.054000, 10183
0.054000, 10182
0.055000, 10181
0.055000, 10180
0.056000, 10179
0.056000, 10178
0.056000, 10177
0.056000, 10176
0.056000, 10175
0.057000, 10174
0.058000, 10173
0.058000, 10172
0.058000, 10171
0.059000, 10170
0.059000, 10169
0.059000, 10168
0.059000, 10167
0.060000, 10166
0.060000, 10165
0.060000, 10164
0.061000, 10163
0.061000, 10162
0.062000, 10161
0.062000, 10160
0.063000, 10159
0.063000, 10158
0.065000, 10157
0.065000, 10156
0.066000, 10155
0.066000, 10154
0.066000, 10153
0.066000, 10152
0.067000, 10151
0.068000, 10150
0.069000, 10149
0.069000, 10148
0.069000, 10147
0.070000, 10146
0.070000, 10145
0.071000, 10144
0.072000, 10143
0.072000, 10142
0.073000, 10141
0.074000, 10140
0.074000, 10139
0.075000, 10138
0.075000, 10137
0.076000, 10136
0.078000, 10135
0.079000, 10134
0.079000, 10133
0.079000, 10132
0.080000, 10131
0.080000, 10130
0.081000, 10129
0.085000, 10128
0.087000, 10127
0.087000, 10126
0.088000, 10125
0.088000, 10124
0.088000, 10123
0.089000, 10122
0.089000, 10121
0.089000, 10120
0.090000, 10119
0.090000, 10118
0.090000, 10117
0.091000, 10116
0.091000, 10115
0.092000, 10114
0.092000, 10113
0.093000, 10112
0.093000, 10111
0.095000, 10110
0.096000, 10109
0.096000, 10108
0.096000, 10107
0.096000, 10106
0.097000, 10105
0.098000, 10104
0.098000, 10103
0.099000, 10102
0.100000, 10101
0.100000, 10100
0.102000, 10099
0.102000, 10098
0.103000, 10097
0.103000, 10096
0.103000, 10095
0.104000, 10094
0.104000, 10093
0.105000, 10092
0.105000, 10091
0.106000, 10090
0.107000, 10089
0.108000, 10088
0.108000, 10087
0.108000, 10086
0.109000, 10085
0.110000, 10084
0.110000, 10083
0.111000, 10082
0.112000, 10081
0.113000, 10080
0.113000, 10079
0.113000, 10078
0.114000, 10077
0.114000, 10076
0.115000, 10075
0.115000, 10074
0.116000, 10073
0.117000, 10072
0.118000, 10071
0.118000, 10070
0.119000, 10069
0.120000, 10068
0.120000, 10067
0.120000, 10066
0.122000, 10065
0.122000, 10064
0.122000, 10063
0.123000, 10062
0.123000, 10061
0.124000, 10060
0.124000, 10059
0.125000, 10058
0.126000, 10057
0.126000, 10056
0.127000, 10055
0.127000, 10054
0.127000, 10053
0.128000, 10052
0.129000, 10051
0.129000, 10050
0.129000, 10049
0.130000, 10048
0.131000, 10047
0.131000, 10046
0.132000, 10045
0.133000, 10044
0.133000, 10043
0.133000, 10042
0.134000, 10041
0.134000, 10040
0.135000, 10039
0.135000, 10038
0.135000, 10037
0.136000, 10036
0.137000, 10035
0.137000, 10034
0.138000, 10033
0.138000, 10032
0.139000, 10031
0.139000, 10030
0.139000, 10029
0.140000, 10028
0.140000, 10027
0.140000, 10026
0.141000, 10025
0.141000, 10024
0.141000, 10023
0.142000, 10022
0.142000, 10021
0.143000, 10020
0.143000, 10019
0.144000, 10018
0.144000, 10017
0.145000, 10016
0.145000, 10015
0.146000, 10014
0.146000, 10013
0.147000, 10012
0.147000, 10011
0.148000, 10010
0.148000, 10009
0.148000, 10008
0.148000, 10007
0.149000, 10006
0.149000, 10005
0.150000, 10004
0.150000, 10003
0.151000, 10002
0.151000, 10001
0.151000, 10000
0.152000, 9999
0.152000, 9998
0.153000, 9997
0.153000, 9996
0.153000, 9995
0.154000, 9994
0.154000, 9993
0.155000, 9992
0.155000, 9991
0.156000, 9990
0.156000, 9989
0.156000, 9988
0.157000, 9987
0.157000, 9986
0.158000, 9985
0.158000, 9984
0.158000, 9983
0.159000, 9982
0.160000, 9981
0.160000, 9980
0.161000, 9979
0.161000, 9978
0.161000, 9977
0.162000, 9976
0.162000, 9975
0.162000, 9974
0.163000, 9973
0.163000, 9972
0.164000, 9971
0.164000, 9970
0.165000, 9969
0.165000, 9968
0.165000, 9967
0.167000, 9966
0.167000, 9965
0.167000, 9964
0.168000, 9963
0.169000, 9962
0.169000, 9961
0.169000, 9960
0.169000, 9959
0.170000, 9958
0.170000, 9957
0.170000, 9956
0.171000, 9955
0.171000, 9954
0.172000, 9953
0.172000, 9952
0.173000, 9951
0.173000, 9950
0.174000, 9949
0.174000, 9948
0.175000, 9947
0.175000, 9946
0.175000, 9945
0.176000, 9944
0.176000, 9943
0.177000, 9942
0.178000, 9941
0.179000, 9940
0.180000, 9939
0.180000, 9938
0.180000, 9937
0.181000, 9936
0.181000, 9935
0.182000, 9934
0.183000, 9933
0.183000, 9932
0.183000, 9931
0.184000, 9930
0.184000, 9929
0.184000, 9928
0.185000, 9927
0.185000, 9926
0.185000, 9925
0.187000, 9924
0.187000, 9923
0.187000, 9922
0.188000, 9921
0.188000, 9920
0.188000, 9919
0.189000, 9918
0.189000, 9917
0.190000, 9916
0.190000, 9915
0.191000, 9914
0.191000, 9913
0.191000, 9912
0.192000, 9911
0.192000, 9910
0.192000, 9909
0.193000, 9908
0.194000, 9907
0.195000, 9906
0.195000, 9905
0.196000, 9904
0.196000, 9903
0.196000, 9902
0.197000, 9901
0.197000, 9900
0.197000, 9899
0.198000, 9898
0.199000, 9897
0.199000, 9896
0.199000, 9895
0.200000, 9894
0.201000, 9893
0.203000, 9892
0.204000, 9891
0.204000, 9890
0.205000, 9889
0.205000, 9888
0.206000, 9887
0.206000, 9886
0.207000, 9885
0.207000, 9884
0.208000, 9883
0.208000, 9882
0.209000, 9881
0.209000, 9880
0.210000, 9879
0.210000, 9878
0.211000, 9877
0.211000, 9876
0.212000, 9875
0.213000, 9874
0.213000, 9873
0.213000, 9872
0.214000, 9871
0.214000, 9870
0.215000, 9869
0.215000, 9868
0.215000, 9867
0.216000, 9866
0.217000, 9865
0.217000, 9864
0.217000, 9863
0.218000, 9862
0.218000, 9861
0.219000, 9860
0.219000, 9859
0.219000, 9858
0.220000, 9857
0.221000, 9856
0.222000, 9855
0.222000, 9854
0.222000, 9853
0.223000, 9852
0.224000, 9851
0.225000, 9850
0.225000, 9849
0.226000, 9848
0.226000, 9847
0.227000, 9846
0.227000, 9845
0.227000, 9844
0.228000, 9843
0.229000, 9842
0.230000, 9841
0.230000, 9840
0.231000, 9839
0.231000, 9838
0.232000, 9837
0.233000, 9836
0.234000, 9835
0.234000, 9834
0.235000, 9833
0.235000, 9832
0.235000, 9831
0.236000, 9830
0.236000, 9829
0.237000, 9828
0.237000, 9827
0.237000, 9826
0.237000, 9825
0.238000, 9824
0.238000, 9823
0.238000, 9822
0.239000, 9821
0.239000, 9820
0.239000, 9819
0.240000, 9818
0.240000, 9817
0.241000, 9816
0.241000, 9815
0.241000, 9814
0.241000, 9813
0.242000, 9812
0.242000, 9811
0.242000, 9810
0.243000, 9809
0.244000, 9808
0.244000, 9807
0.244000, 9806
0.244000, 9805
0.245000, 9804
0.245000, 9803
0.245000, 9802
0.247000, 9801
0.248000, 9800
0.248000, 9799
0.248000, 9798
0.249000, 9797
0.250000, 9796
0.250000, 9795
0.251000, 9794
0.251000, 9793
0.253000, 9792
0.254000, 9791
0.255000, 9790
0.255000, 9789
0.255000, 9788
0.256000, 9787
0.256000, 9786
0.256000, 9785
0.257000, 9784
0.257000, 9783
0.258000, 9782
0.258000, 9781
0.259000, 9780
0.259000, 9779
0.259000, 9778
0.260000, 9777
0.260000, 9776
0.261000, 9775
0.261000, 9774
0.262000, 9773
0.262000, 9772
0.262000, 9771
0.263000, 9770
0.263000, 9769
0.264000, 9768
0.264000, 9767
0.264000, 9766
0.265000, 9765
0.265000, 9764
0.266000, 9763
0.266000, 9762
0.267000, 9761
0.268000, 9760
0.269000, 9759
0.269000, 9758
0.269000, 9757
0.271000, 9756
0.271000, 9755
0.272000, 9754
0.272000, 9753
0.273000, 9752
0.273000, 9751
0.273000, 9750
0.274000, 9749
0.275000, 9748
0.275000, 9747
0.276000, 9746
0.276000, 9745
0.276000, 9744
0.278000, 9743
0.278000, 9742
0.279000, 9741
0.279000, 9740
0.280000, 9739
0.280000, 9738
0.280000, 9737
0.280000, 9736
0.281000, 9735
0.281000, 9734
0.281000, 9733
0.282000, 9732
0.282000, 9731
0.282000, 9730
0.283000, 9729
0.284000, 9728
0.284000, 9727
0.285000, 9726
0.285000, 9725
0.286000, 9724
0.286000, 9723
0.286000, 9722
0.287000, 9721
0.287000, 9720
0.288000, 9719
0.289000, 9718
0.289000, 9717
0.289000, 9716
0.290000, 9715
0.290000, 9714
0.291000, 9713
0.292000, 9712
0.292000, 9711
0.292000, 9710
0.293000, 9709
0.293000, 9708
0.294000, 9707
0.294000, 9706
0.295000, 9705
0.295000, 9704
0.295000, 9703
0.296000, 9702
0.297000, 9701
0.297000, 9700
0.297000, 9699
0.298000, 9698
0.298000, 9697
0.298000, 9696
0.298000, 9695
0.299000, 9694
0.300000, 9693
0.301000, 9692
0.301000, 9691
0.301000, 9690
0.302000, 9689
0.303000, 9688
0.303000, 9687
0.304000, 9686
0.307000, 9685
0.308000, 9684
0.309000, 9683
0.309000, 9682
0.309000, 9681
0.310000, 9680
0.310000, 9679
0.311000, 9678
0.312000, 9677
0.313000, 9676
0.313000, 9675
0.314000, 9674
0.314000, 9673
0.315000, 9672
0.316000, 9671
0.317000, 9670
0.317000, 9669
0.318000, 9668
0.318000, 9667
0.318000, 9666
0.319000, 9665
0.319000, 9664
0.320000, 9663
0.321000, 9662
0.321000, 9661
0.322000, 9660
0.322000, 9659
0.323000, 9658
0.323000, 9657
0.323000, 9656
0.324000, 9655
0.325000, 9654
0.326000, 9653
0.326000, 9652
0.328000, 9651
0.328000, 9650
0.329000, 9649
0.329000, 9648
0.330000, 9647
0.330000, 9646
0.331000, 9645
0.332000, 9644
0.332000, 9643
0.333000, 9642
0.334000, 9641
0.334000, 9640
0.334000, 9639
0.335000, 9638
0.335000, 9637
0.336000, 9636
0.337000, 9635
0.337000, 9634
0.338000, 9633
0.339000, 9632
0.339000, 9631
0.339000, 9630
0.340000, 9629
0.341000, 9628
0.342000, 9627
0.343000, 9626
0.344000, 9625
0.344000, 9624
0.346000, 9623
0.347000, 9622
0.347000, 9621
0.347000, 9620
0.348000, 9619
0.349000, 9618
0.349000, 9617
0.350000, 9616
0.351000, 9615
0.351000, 9614
0.352000, 9613
0.353000, 9612
0.353000, 9611
0.354000, 9610
0.355000, 9609
0.356000, 9608
0.356000, 9607
0.356000, 9606
0.357000, 9605
0.358000, 9604
0.359000, 9603
0.359000, 9602
0.360000, 9601
0.360000, 9600
0.361000, 9599
0.362000, 9598
0.363000, 9597
0.363000, 9596
0.364000, 9595
0.364000, 9594
0.365000, 9593
0.365000, 9592
0.366000, 9591
0.366000, 9590
0.367000, 9589
0.367000, 9588
0.367000, 9587
0.368000, 9586
0.368000, 9585
0.369000, 9584
0.369000, 9583
0.370000, 9582
0.371000, 9581
0.371000, 9580
0.371000, 9579
0.372000, 9578
0.372000, 9577
0.372000, 9576
0.373000, 9575
0.373000, 9574
0.373000, 9573
0.374000, 9572
0.374000, 9571
0.374000, 9570
0.375000, 9569
0.375000, 9568
0.376000, 9567
0.376000, 9566
0.377000, 9565
0.377000, 9564
0.378000, 9563
0.378000, 9562
0.378000, 9561
0.378000, 9560
0.379000, 9559
0.379000, 9558
0.380000, 9557
0.380000, 9556
0.380000, 9555
0.381000, 9554
0.381000, 9553
0.382000, 9552
0.382000, 9551
0.383000, 9550
0.383000, 9549
0.383000, 9548
0.384000, 9547
0.384000, 9546
0.384000, 9545
0.384000, 9544
0.385000, 9543
0.386000, 9542
0.386000, 9541
0.387000, 9540
0.388000, 9539
0.388000, 9538
0.389000, 9537
0.389000, 9536
0.390000, 9535
0.390000, 9534
0.391000, 9533
0.391000, 9532
0.391000, 9531
0.391000, 9530
0.392000, 9529
0.392000, 9528
0.393000, 9527
0.394000, 9526
0.395000, 9525
0.395000, 9524
0.397000, 9523
0.397000, 9522
0.398000, 9521
0.398000, 9520
0.398000, 9519
0.399000, 9518
0.399000, 9517
0.400000, 9516
0.401000, 9515
0.402000, 9514
0.402000, 9513
0.403000, 9512
0.404000, 9511
0.404000, 9510
0.405000, 9509
0.405000, 9508
0.406000, 9507
0.407000, 9506
0.407000, 9505
0.408000, 9504
0.408000, 9503
0.408000, 9502
0.409000, 9501
0.409000, 9500
0.409000, 9499
0.410000, 9498
0.411000, 9497
0.411000, 9496
0.412000, 9495
0.413000, 9494
0.413000, 9493
0.413000, 9492
0.413000, 9491
0.415000, 9490
0.415000, 9489
0.416000, 9488
0.416000, 9487
0.416000, 9486
0.417000, 9485
0.417000, 9484
0.419000, 9483
0.420000, 9482
0.420000, 9481
0.420000, 9480
0.421000, 9479
0.422000, 9478
0.422000, 9477
0.423000, 9476
0.423000, 9475
0.425000, 9474
0.426000, 9473
0.427000, 9472
0.427000, 9471
0.427000, 9470
0.428000, 9469
0.428000, 9468
0.429000, 9467
0.429000, 9466
0.430000, 9465
0.430000, 9464
0.431000, 9463
0.431000, 9462
0.431000, 9461
0.432000, 9460
0.433000, 9459
0.433000, 9458
0.434000, 9457
0.436000, 9456
0.437000, 9455
0.437000, 9454
0.438000, 9453
0.439000, 9452
0.439000, 9451
0.440000, 9450
0.440000, 9449
0.441000, 9448
0.442000, 9447
0.443000, 9446
0.443000, 9445
0.443000, 9444
0.444000, 9443
0.444000, 9442
0.445000, 9441
0.447000, 9440
0.447000, 9439
0.448000, 9438
0.449000, 9437
0.449000, 9436
0.449000, 9435
0.449000, 9434
0.451000, 9433
0.452000, 9432
0.452000, 9431
0.452000, 9430
0.453000, 9429
0.453000, 9428
0.453000, 9427
0.454000, 9426
0.456000, 9425
0.456000, 9424
0.457000, 9423
0.457000, 9422
0.457000, 9421
0.458000, 9420
0.459000, 9419
0.459000, 9418
0.459000, 9417
0.460000, 9416
0.461000, 9415
0.461000, 9414
0.462000, 9413
0.463000, 9412
0.464000, 9411
0.464000, 9410
0.465000, 9409
0.466000, 9408
0.466000, 9407
0.467000, 9406
0.467000, 9405
0.468000, 9404
0.468000, 9403
0.468000, 9402
0.469000, 9401
0.469000, 9400
0.470000, 9399
0.470000, 9398
0.471000, 9397
0.471000, 9396
0.472000, 9395
0.474000, 9394
0.474000, 9393
0.475000, 9392
0.476000, 9391
0.476000, 9390
0.476000, 9389
0.477000, 9388
0.477000, 9387
0.477000, 9386
0.478000, 9385
0.479000, 9384
0.480000, 9383
0.480000, 9382
0.481000, 9381
0.481000, 9380
0.482000, 9379
0.483000, 9378
0.484000, 9377
0.485000, 9376
0.486000, 9375
0.487000, 9374
0.488000, 9373
0.489000, 9372
0.489000, 9371
0.490000, 9370
0.491000, 9369
0.491000, 9368
0.491000, 9367
0.492000, 9366
0.492000, 9365
0.492000, 9364
0.492000, 9363
0.493000, 9362
0.493000, 9361
0.494000, 9360
0.494000, 9359
0.495000, 9358
0.495000, 9357
0.495000, 9356
0.496000, 9355
0.496000, 9354
0.497000, 9353
0.497000, 9352
0.497000, 9351
0.498000, 9350
0.498000, 9349
0.499000, 9348
0.500000, 9347
0.500000, 9346
0.500000, 9345
0.501000, 9344
0.501000, 9343
0.502000, 9342
0.503000, 9341
0.503000, 9340
0.503000, 9339
0.506000, 9338
0.507000, 9337
0.508000, 9336
0.509000, 9335
0.511000, 9334
0.512000, 9333
0.512000, 9332
0.513000, 9331
0.514000, 9330
0.515000, 9329
0.515000, 9328
0.516000, 9327
0.516000, 9326
0.517000, 9325
0.518000, 9324
0.518000, 9323
0.519000, 9322
0.520000, 9321
0.521000, 9320
0.521000, 9319
0.522000, 9318
0.523000, 9317
0.523000, 9316
0.523000, 9315
0.524000, 9314
0.525000, 9313
0.525000, 9312
0.527000, 9311
0.527000, 9310
0.528000, 9309
0.529000, 9308
0.529000, 9307
0.529000, 9306
0.530000, 9305
0.531000, 9304
0.531000, 9303
0.532000, 9302
0.533000, 9301
0.533000, 9300
0.534000, 9299
0.534000, 9298
0.535000, 9297
0.535000, 9296
0.536000, 9295
0.536000, 9294
0.537000, 9293
0.538000, 9292
0.538000, 9291
0.539000, 9290
0.539000, 9289
0.540000, 9288
0.540000, 9287
0.541000, 9286
0.541000, 9285
0.541000, 9284
0.542000, 9283
0.542000, 9282
0.543000, 9281
0.544000, 9280
0.544000, 9279
0.545000, 9278
0.546000, 9277
0.546000, 9276
0.547000, 9275
0.547000, 9274
0.548000, 9273
0.548000, 9272
0.548000, 9271
0.555000, 9270
0.556000, 9269
0.556000, 9268
0.556000, 9267
0.557000, 9266
0.557000, 9265
0.558000, 9264
0.559000, 9263
0.559000, 9262
0.560000, 9261
0.560000, 9260
0.561000, 9259
0.561000, 9258
0.561000, 9257
0.562000, 9256
0.562000, 9255
0.563000, 9254
0.563000, 9253
0.564000, 9252
0.564000, 9251
0.565000, 9250
0.565000, 9249
0.565000, 9248
0.565000, 9247
0.566000, 9246
0.566000, 9245
0.566000, 9244
0.567000, 9243
0.567000, 9242
0.569000, 9241
0.569000, 9240
0.569000, 9239
0.570000, 9238
0.570000, 9237
0.570000, 9236
0.571000, 9235
0.571000, 9234
0.572000, 9233
0.573000, 9232
0.573000, 9231
0.573000, 9230
0.573000, 9229
0.574000, 9228
0.574000, 9227
0.574000, 9226
0.574000, 9225
0.575000, 9224
0.575000, 9223
0.575000, 9222
0.576000, 9221
0.577000, 9220
0.577000, 9219
0.578000, 9218
0.578000, 9217
0.578000, 9216
0.579000, 9215
0.579000, 9214
0.580000, 9213
0.580000, 9212
0.581000, 9211
0.581000, 9210
0.581000, 9209
0.582000, 9208
0.582000, 9207
0.582000, 9206
0.583000, 9205
0.583000, 9204
0.583000, 9203
0.585000, 9202
0.585000, 9201
0.585000, 9200
0.586000, 9199
0.586000, 9198
0.587000, 9197
0.587000, 9196
0.588000, 9195
0.588000, 9194
0.588000, 9193
0.589000, 9192
0.589000, 9191
0.589000, 9190
0.589000, 9189
0.590000, 9188
0.590000, 9187
0.590000, 9186
0.590000, 9185
0.591000, 9184
0.591000, 9183
0.591000, 9182
0.591000, 9181
0.592000, 9180
0.592000, 9179
0.593000, 9178
0.594000, 9177
0.594000, 9176
0.595000, 9175
0.596000, 9174
0.596000, 9173
0.598000, 9172
0.599000, 9171
0.599000, 9170
0.599000, 9169
0.600000, 9168
0.600000, 9167
0.601000, 9166
0.601000, 9165
0.602000, 9164
0.603000, 9163
0.603000, 9162
0.604000, 9161
0.604000, 9160
0.604000, 9159
0.605000, 9158
0.605000, 9157
0.606000, 9156
0.606000, 9155
0.607000, 9154
0.607000, 9153
0.607000, 9152
0.607000, 9151
0.607000, 9150
0.608000, 9149
0.608000, 9148
0.608000, 9147
0.609000, 9146
0.609000, 9145
0.609000, 9144
0.610000, 9143
0.610000, 9142
0.610000, 9141
0.611000, 9140
0.611000, 9139
0.612000, 9138
0.613000, 9137
0.613000, 9136
0.614000, 9135
0.614000, 9134
0.615000, 9133
0.615000, 9132
0.616000, 9131
0.616000, 9130
0.616000, 9129
0.617000, 9128
0.618000, 9127
0.618000, 9126
0.618000, 9125
0.619000, 9124
0.620000, 9123
0.620000, 9122
0.620000, 9121
0.621000, 9120
0.621000, 9119
0.622000, 9118
0.622000, 9117
0.622000, 9116
0.623000, 9115
0.624000, 9114
0.625000, 9113
0.625000, 9112
0.626000, 9111
0.627000, 9110
0.627000, 9109
0.628000, 9108
0.628000, 9107
0.629000, 9106
0.629000, 9105
0.629000, 9104
0.630000, 9103
0.630000, 9102
0.630000, 9101
0.631000, 9100
0.631000, 9099
0.632000, 9098
0.632000, 9097
0.633000, 9096
0.633000, 9095
0.633000, 9094
0.633000, 9093
0.634000, 9092
0.634000, 9091
0.634000, 9090
0.635000, 9089
0.636000, 9088
0.636000, 9087
0.637000, 9086
0.637000, 9085
0.637000, 9084
0.638000, 9083
0.638000, 9082
0.638000, 9081
0.639000, 9080
0.640000, 9079
0.640000, 9078
0.641000, 9077
0.641000, 9076
0.642000, 9075
0.642000, 9074
0.642000, 9073
0.643000, 9072
0.643000, 9071
0.643000, 9070
0.643000, 9069
0.644000, 9068
0.644000, 9067
0.645000, 9066
0.645000, 9065
0.646000, 9064
0.647000, 9063
0.647000, 9062
0.648000, 9061
0.648000, 9060
0.648000, 9059
0.649000, 9058
0.649000, 9057
0.649000, 9056
0.650000, 9055
0.651000, 9054
0.651000, 9053
0.651000, 9052
0.651000, 9051
0.652000, 9050
0.652000, 9049
0.653000, 9048
0.653000, 9047
0.654000, 9046
0.654000, 9045
0.654000, 9044
0.655000, 9043
0.655000, 9042
0.656000, 9041
0.656000, 9040
0.657000, 9039
0.657000, 9038
0.658000, 9037
0.659000, 9036
0.659000, 9035
0.660000, 9034
0.661000, 9033
0.661000, 9032
0.661000, 9031
0.662000, 9030
0.663000, 9029
0.663000, 9028
0.663000, 9027
0.664000, 9026
0.664000, 9025
0.665000, 9024
0.665000, 9023
0.665000, 9022
0.666000, 9021
0.666000, 9020
0.668000, 9019
0.669000, 9018
0.669000, 9017
0.670000, 9016
0.670000, 9015
0.670000, 9014
0.671000, 9013
0.672000, 9012
0.672000, 9011
0.673000, 9010
0.673000, 9009
0.674000, 9008
0.674000, 9007
0.675000, 9006
0.675000, 9005
0.675000, 9004
0.676000, 9003
0.676000, 9002
0.676000, 9001
0.676000, 9000
0.677000, 8999
0.677000, 8998
0.678000, 8997
0.678000, 8996
0.678000, 8995
0.679000, 8994
0.680000, 8993
0.681000, 8992
0.681000, 8991
0.682000, 8990
0.682000, 8989
0.682000, 8988
0.683000, 8987
0.683000, 8986
0.683000, 8985
0.684000, 8984
0.685000, 8983
0.686000, 8982
0.686000, 8981
0.686000, 8980
0.687000, 8979
0.687000, 8978
0.687000, 8977
0.688000, 8976
0.688000, 8975
0.688000, 8974
0.689000, 8973
0.689000, 8972
0.690000, 8971
0.690000, 8970
0.692000, 8969
0.692000, 8968
0.694000, 8967
0.694000, 8966
0.694000, 8965
0.694000, 8964
0.696000, 8963
0.696000, 8962
0.696000, 8961
0.696000, 8960
0.697000, 8959
0.697000, 8958
0.698000, 8957
0.699000, 8956
0.700000, 8955
0.701000, 8954
0.702000, 8953
0.702000, 8952
0.703000, 8951
0.703000, 8950
0.704000, 8949
0.704000, 8948
0.704000, 8947
0.705000, 8946
0.705000, 8945
0.705000, 8944
0.706000, 8943
0.706000, 8942
0.707000, 8941
0.707000, 8940
0.708000, 8939
0.709000, 8938
0.710000, 8937
0.710000, 8936
0.711000, 8935
0.711000, 8934
0.712000, 8933
0.713000, 8932
0.713000, 8931
0.713000, 8930
0.714000, 8929
0.714000, 8928
0.714000, 8927
0.714000, 8926
0.715000, 8925
0.715000, 8924
0.715000, 8923
0.716000, 8922
0.716000, 8921
0.717000, 8920
0.718000, 8919
0.718000, 8918
0.719000, 8917
0.719000, 8916
0.720000, 8915
0.720000, 8914
0.721000, 8913
0.721000, 8912
0.721000, 8911
0.722000, 8910
0.722000, 8909
0.722000, 8908
0.724000, 8907
0.724000, 8906
0.724000, 8905
0.725000, 8904
0.725000, 8903
0.725000, 8902
0.726000, 8901
0.726000, 8900
0.727000, 8899
0.727000, 8898
0.728000, 8897
0.729000, 8896
0.729000, 8895
0.729000, 8894
0.731000, 8893
0.731000, 8892
0.732000, 8891
0.732000, 8890
0.733000, 8889
0.734000, 8888
0.734000, 8887
0.734000, 8886
0.735000, 8885
0.736000, 8884
0.736000, 8883
0.737000, 8882
0.738000, 8881
0.738000, 8880
0.738000, 8879
0.739000, 8878
0.739000, 8877
0.739000, 8876
0.740000, 8875
0.741000, 8874
0.743000, 8873
0.744000, 8872
0.745000, 8871
0.745000, 8870
0.746000, 8869
0.747000, 8868
0.747000, 8867
0.748000, 8866
0.750000, 8865
0.751000, 8864
0.751000, 8863
0.752000, 8862
0.752000, 8861
0.752000, 8860
0.753000, 8859
0.753000, 8858
0.754000, 8857
0.754000, 8856
0.755000, 8855
0.755000, 8854
0.755000, 8853
0.756000, 8852
0.756000, 8851
0.756000, 8850
0.756000, 8849
0.757000, 8848
0.758000, 8847
0.758000, 8846
0.759000, 8845
0.759000, 8844
0.759000, 8843
0.760000, 8842
0.760000, 8841
0.761000, 8840
0.762000, 8839
0.762000, 8838
0.762000, 8837
0.764000, 8836
0.766000, 8835
0.766000, 8834
0.767000, 8833
0.767000, 8832
0.767000, 8831
0.768000, 8830
0.768000, 8829
0.768000, 8828
0.769000, 8827
0.769000, 8826
0.769000, 8825
0.770000, 8824
0.770000, 8823
0.771000, 8822
0.772000, 8821
0.773000, 8820
0.773000, 8819
0.774000, 8818
0.774000, 8817
0.774000, 8816
0.774000, 8815
0.775000, 8814
0.775000, 8813
0.776000, 8812
0.776000, 8811
0.777000, 8810
0.777000, 8809
0.778000, 8808
0.779000, 8807
0.780000, 8806
0.780000, 8805
0.780000, 8804
0.781000, 8803
0.782000, 8802
0.783000, 8801
0.783000, 8800
0.785000, 8799
0.787000, 8798
0.787000, 8797
0.787000, 8796
0.788000, 8795
0.789000, 8794
0.789000, 8793
0.789000, 8792
0.791000, 8791
0.791000, 8790
0.792000, 8789
0.792000, 8788
0.792000, 8787
0.793000, 8786
0.793000, 8785
0.793000, 8784
0.794000, 8783
0.795000, 8782
0.795000, 8781
0.795000, 8780
0.797000, 8779
0.797000, 8778
0.799000, 8777
0.799000, 8776
0.799000, 8775
0.800000, 8774
0.801000, 8773
0.802000, 8772
0.802000, 8771
0.802000, 8770
0.804000, 8769
0.804000, 8768
0.806000, 8767
0.806000, 8766
0.806000, 8765
0.807000, 8764
0.808000, 8763
0.808000, 8762
0.809000, 8761
0.809000, 8760
0.809000, 8759
0.810000, 8758
0.812000, 8757
0.813000, 8756
0.813000, 8755
0.813000, 8754
0.814000, 8753
0.814000, 8752
0.816000, 8751
0.817000, 8750
0.818000, 8749
0.818000, 8748
0.818000, 8747
0.819000, 8746
0.819000, 8745
0.819000, 8744
0.820000, 8743
0.820000, 8742
0.821000, 8741
0.822000, 8740
0.822000, 8739
0.822000, 8738
0.823000, 8737
0.824000, 8736
0.825000, 8735
0.825000, 8734
0.826000, 8733
0.826000, 8732
0.826000, 8731
0.827000, 8730
0.827000, 8729
0.829000, 8728
0.830000, 8727
0.830000, 8726
0.831000, 8725
0.831000, 8724
0.831000, 8723
0.832000, 8722
0.833000, 8721
0.833000, 8720
0.834000, 8719
0.834000, 8718
0.834000, 8717
0.835000, 8716
0.835000, 8715
0.835000, 8714
0.836000, 8713
0.836000, 8712
0.837000, 8711
0.839000, 8710
0.839000, 8709
0.839000, 8708
0.840000, 8707
0.840000, 8706
0.840000, 8705
0.841000, 8704
0.841000, 8703
0.842000, 8702
0.843000, 8701
0.843000, 8700
0.843000, 8699
0.846000, 8698
0.846000, 8697
0.846000, 8696
0.847000, 8695
0.847000, 8694
0.847000, 8693
0.848000, 8692
0.850000, 8691
0.851000, 8690
0.851000, 8689
0.851000, 8688
0.852000, 8687
0.852000, 8686
0.853000, 8685
0.853000, 8684
0.853000, 8683
0.854000, 8682
0.854000, 8681
0.855000, 8680
0.856000, 8679
0.856000, 8678
0.857000, 8677
0.857000, 8676
0.857000, 8675
0.857000, 8674
0.857000, 8673
0.858000, 8672
0.858000, 8671
0.858000, 8670
0.859000, 8669
0.859000, 8668
0.859000, 8667
0.860000, 8666
0.860000, 8665
0.860000, 8664
0.861000, 8663
0.861000, 8662
0.862000, 8661
0.863000, 8660
0.864000, 8659
0.865000, 8658
0.872000, 8657
0.872000, 8656
0.873000, 8655
0.874000, 8654
0.874000, 8653
0.875000, 8652
0.875000, 8651
0.877000, 8650
0.877000, 8649
0.878000, 8648
0.878000, 8647
0.879000, 8646
0.880000, 8645
0.880000, 8644
0.882000, 8643
0.882000, 8642
0.883000, 8641
0.884000, 8640
0.885000, 8639
0.885000, 8638
0.885000, 8637
0.886000, 8636
0.886000, 8635
0.887000, 8634
0.887000, 8633
0.887000, 8632
0.888000, 8631
0.888000, 8630
0.888000, 8629
0.889000, 8628
0.889000, 8627
0.889000, 8626
0.890000, 8625
0.890000, 8624
0.892000, 8623
0.892000, 8622
0.893000, 8621
0.893000, 8620
0.894000, 8619
0.894000, 8618
0.894000, 8617
0.895000, 8616
0.897000, 8615
0.897000, 8614
0.899000, 8613
0.899000, 8612
0.899000, 8611
0.900000, 8610
0.902000, 8609
0.902000, 8608
0.903000, 8607
0.904000, 8606
0.904000, 8605
0.905000, 8604
0.906000, 8603
0.907000, 8602
0.908000, 8601
0.909000, 8600
0.910000, 8599
0.912000, 8598
0.912000, 8597
0.912000, 8596
0.913000, 8595
0.913000, 8594
0.913000, 8593
0.914000, 8592
0.915000, 8591
0.915000, 8590
0.915000, 8589
0.915000, 8588
0.916000, 8587
0.916000, 8586
0.917000, 8585
0.918000, 8584
0.919000, 8583
0.920000, 8582
0.920000, 8581
0.921000, 8580
0.921000, 8579
0.921000, 8578
0.922000, 8577
0.922000, 8576
0.923000, 8575
0.924000, 8574
0.924000, 8573
0.925000, 8572
0.926000, 8571
0.926000, 8570
0.927000, 8569
0.927000, 8568
0.927000, 8567
0.929000, 8566
0.930000, 8565
0.931000, 8564
0.931000, 8563
0.931000, 8562
0.933000, 8561
0.933000, 8560
0.933000, 8559
0.934000, 8558
0.935000, 8557
0.936000, 8556
0.936000, 8555
0.938000, 8554
0.938000, 8553
0.939000, 8552
0.940000, 8551
0.940000, 8550
0.940000, 8549
0.941000, 8548
0.941000, 8547
0.941000, 8546
0.941000, 8545
0.941000, 8544
0.941000, 8543
0.943000, 8542
0.943000, 8541
0.944000, 8540
0.944000, 8539
0.944000, 8538
0.945000, 8537
0.945000, 8536
0.945000, 8535
0.947000, 8534
0.947000, 8533
0.947000, 8532
0.947000, 8531
0.947000, 8530
0.948000, 8529
0.949000, 8528
0.950000, 8527
0.950000, 8526
0.950000, 8525
0.950000, 8524
0.950000, 8523
0.952000, 8522
0.952000, 8521
0.953000, 8520
0.954000, 8519
0.954000, 8518
0.954000, 8517
0.954000, 8516
0.955000, 8515
0.955000, 8514
0.955000, 8513
0.956000, 8512
0.956000, 8511
0.956000, 8510
0.959000, 8509
0.960000, 8508
0.962000, 8507
0.963000, 8506
0.963000, 8505
0.963000, 8504
0.964000, 8503
0.965000, 8502
0.965000, 8501
0.966000, 8500
0.966000, 8499
0.966000, 8498
0.967000, 8497
0.967000, 8496
0.968000, 8495
0.968000, 8494
0.969000, 8493
0.970000, 8492
0.970000, 8491
0.972000, 8490
0.972000, 8489
0.973000, 8488
0.974000, 8487
0.975000, 8486
0.977000, 8485
0.978000, 8484
0.979000, 8483
0.980000, 8482
0.981000, 8481
0.981000, 8480
0.981000, 8479
0.981000, 8478
0.982000, 8477
0.982000, 8476
0.983000, 8475
0.983000, 8474
0.983000, 8473
0.984000, 8472
0.984000, 8471
0.985000, 8470
0.986000, 8469
0.987000, 8468
0.988000, 8467
0.990000, 8466
0.991000, 8465
0.992000, 8464
0.992000, 8463
0.992000, 8462
0.994000, 8461
0.994000, 8460
0.996000, 8459
0.996000, 8458
0.996000, 8457
0.997000, 8456
0.997000, 8455
0.998000, 8454
0.999000, 8453
0.999000, 8452
1.001000, 8451
1.001000, 8450
1.002000, 8449
1.002000, 8448
1.003000, 8447
1.003000, 8446
1.003000, 8445
1.003000, 8444
1.004000, 8443
1.004000, 8442
1.004000, 8441
1.007000, 8440
1.007000, 8439
1.009000, 8438
1.009000, 8437
1.010000, 8436
1.011000, 8435
1.011000, 8434
1.011000, 8433
1.012000, 8432
1.012000, 8431
1.013000, 8430
1.013000, 8429
1.014000, 8428
1.015000, 8427
1.018000, 8426
1.019000, 8425
1.019000, 8424
1.020000, 8423
1.021000, 8422
1.021000, 8421
1.022000, 8420
1.023000, 8419
1.023000, 8418
1.024000, 8417
1.024000, 8416
1.025000, 8415
1.026000, 8414
1.026000, 8413
1.027000, 8412
1.027000, 8411
1.029000, 8410
1.030000, 8409
1.031000, 8408
1.031000, 8407
1.032000, 8406
1.032000, 8405
1.033000, 8404
1.034000, 8403
1.034000, 8402
1.036000, 8401
1.037000, 8400
1.037000, 8399
1.039000, 8398
1.039000, 8397
1.039000, 8396
1.040000, 8395
1.041000, 8394
1.042000, 8393
1.044000, 8392
1.044000, 8391
1.047000, 8390
1.047000, 8389
1.049000, 8388
1.049000, 8387
1.050000, 8386
1.051000, 8385
1.051000, 8384
1.052000, 8383
1.052000, 8382
1.053000, 8381
1.054000, 8380
1.054000, 8379
1.054000, 8378
1.055000, 8377
1.056000, 8376
1.056000, 8375
1.056000, 8374
1.057000, 8373
1.059000, 8372
1.059000, 8371
1.060000, 8370
1.061000, 8369
1.061000, 8368
1.062000, 8367
1.063000, 8366
1.063000, 8365
1.065000, 8364
1.065000, 8363
1.066000, 8362
1.066000, 8361
1.066000, 8360
1.067000, 8359
1.071000, 8358
1.071000, 8357
1.072000, 8356
1.072000, 8355
1.073000, 8354
1.075000, 8353
1.076000, 8352
1.076000, 8351
1.076000, 8350
1.079000, 8349
1.081000, 8348
1.081000, 8347
1.082000, 8346
1.084000, 8345
1.084000, 8344
1.086000, 8343
1.087000, 8342
1.088000, 8341
1.089000, 8340
1.091000, 8339
1.091000, 8338
1.092000, 8337
1.092000, 8336
1.092000, 8335
1.094000, 8334
1.094000, 8333
1.095000, 8332
1.095000, 8331
1.097000, 8330
1.097000, 8329
1.098000, 8328
1.098000, 8327
1.099000, 8326
1.099000, 8325
1.100000, 8324
1.100000, 8323
1.100000, 8322
1.101000, 8321
1.101000, 8320
1.103000, 8319
1.104000, 8318
1.104000, 8317
1.105000, 8316
1.107000, 8315
1.108000, 8314
1.109000, 8313
1.110000, 8312
1.110000, 8311
1.111000, 8310
1.111000, 8309
1.113000, 8308
1.113000, 8307
1.115000, 8306
1.117000, 8305
1.117000, 8304
1.118000, 8303
1.120000, 8302
1.120000, 8301
1.121000, 8300
1.121000, 8299
1.121000, 8298
1.123000, 8297
1.124000, 8296
1.124000, 8295
1.126000, 8294
1.126000, 8293
1.127000, 8292
1.127000, 8291
1.127000, 8290
1.128000, 8289
1.130000, 8288
1.131000, 8287
1.131000, 8286
1.132000, 8285
1.133000, 8284
1.134000, 8283
1.139000, 8282
1.140000, 8281
1.140000, 8280
1.140000, 8279
1.141000, 8278
1.141000, 8277
1.141000, 8276
1.143000, 8275
1.144000, 8274
1.144000, 8273
1.145000, 8272
1.145000, 8271
1.146000, 8270
1.146000, 8269
1.147000, 8268
1.147000, 8267
1.147000, 8266
1.148000, 8265
1.148000, 8264
1.153000, 8263
1.154000, 8262
1.154000, 8261
1.155000, 8260
1.155000, 8259
1.156000, 8258
1.157000, 8257
1.158000, 8256
1.160000, 8255
1.160000, 8254
1.160000, 8253
1.162000, 8252
1.164000, 8251
1.165000, 8250
1.165000, 8249
1.165000, 8248
1.165000, 8247
1.166000, 8246
1.166000, 8245
1.167000, 8244
1.168000, 8243
1.170000, 8242
1.172000, 8241
1.172000, 8240
1.173000, 8239
1.174000, 8238
1.175000, 8237
1.176000, 8236
1.176000, 8235
1.177000, 8234
1.178000, 8233
1.179000, 8232
1.181000, 8231
1.181000, 8230
1.181000, 8229
1.182000, 8228
1.183000, 8227
1.184000, 8226
1.185000, 8225
1.185000, 8224
1.186000, 8223
1.188000, 8222
1.188000, 8221
1.190000, 8220
1.191000, 8219
1.192000, 8218
1.193000, 8217
1.193000, 8216
1.194000, 8215
1.195000, 8214
1.195000, 8213
1.196000, 8212
1.197000, 8211
1.197000, 8210
1.199000, 8209
1.199000, 8208
1.200000, 8207
1.201000, 8206
1.201000, 8205
1.202000, 8204
1.203000, 8203
1.203000, 8202
1.204000, 8201
1.206000, 8200
1.207000, 8199
1.207000, 8198
1.208000, 8197
1.210000, 8196
1.211000, 8195
1.211000, 8194
1.211000, 8193
1.212000, 8192
1.214000, 8191
1.214000, 8190
1.214000, 8189
1.215000, 8188
1.216000, 8187
1.218000, 8186
1.223000, 8185
1.224000, 8184
1.226000, 8183
1.226000, 8182
1.228000, 8181
1.228000, 8180
1.231000, 8179
1.231000, 8178
1.232000, 8177
1.232000, 8176
1.236000, 8175
1.237000, 8174
1.237000, 8173
1.238000, 8172
1.241000, 8171
1.242000, 8170
1.242000, 8169
1.244000, 8168
1.245000, 8167
1.247000, 8166
1.247000, 8165
1.248000, 8164
1.249000, 8163
1.251000, 8162
1.251000, 8161
1.252000, 8160
1.252000, 8159
1.254000, 8158
1.255000, 8157
1.255000, 8156
1.255000, 8155
1.256000, 8154
1.257000, 8153
1.258000, 8152
1.258000, 8151
1.259000, 8150
1.259000, 8149
1.260000, 8148
1.261000, 8147
1.262000, 8146
1.262000, 8145
1.263000, 8144
1.263000, 8143
1.263000, 8142
1.263000, 8141
1.263000, 8140
1.264000, 8139
1.265000, 8138
1.266000, 8137
1.267000, 8136
1.269000, 8135
1.272000, 8134
1.274000, 8133
1.274000, 8132
1.274000, 8131
1.280000, 8130
1.280000, 8129
1.281000, 8128
1.284000, 8127
1.285000, 8126
1.287000, 8125
1.287000, 8124
1.288000, 8123
1.288000, 8122
1.289000, 8121
1.289000, 8120
1.289000, 8119
1.291000, 8118
1.291000, 8117
1.291000, 8116
1.291000, 8115
1.292000, 8114
1.292000, 8113
1.293000, 8112
1.296000, 8111
1.296000, 8110
1.297000, 8109
1.298000, 8108
1.298000, 8107
1.300000, 8106
1.301000, 8105
1.307000, 8104
1.307000, 8103
1.307000, 8102
1.308000, 8101
1.309000, 8100
1.309000, 8099
1.310000, 8098
1.311000, 8097
1.312000, 8096
1.313000, 8095
1.315000, 8094
1.316000, 8093
1.318000, 8092
1.319000, 8091
1.319000, 8090
1.320000, 8089
1.323000, 8088
1.323000, 8087
1.323000, 8086
1.324000, 8085
1.325000, 8084
1.325000, 8083
1.327000, 8082
1.328000, 8081
1.328000, 8080
1.329000, 8079
1.329000, 8078
1.329000, 8077
1.329000, 8076
1.331000, 8075
1.333000, 8074
1.335000, 8073
1.336000, 8072
1.339000, 8071
1.339000, 8070
1.340000, 8069
1.341000, 8068
1.345000, 8067
1.346000, 8066
1.346000, 8065
1.348000, 8064
1.349000, 8063
1.349000, 8062
1.350000, 8061
1.351000, 8060
1.352000, 8059
1.352000, 8058
1.352000, 8057
1.356000, 8056
1.357000, 8055
1.358000, 8054
1.358000, 8053
1.358000, 8052
1.359000, 8051
1.360000, 8050
1.362000, 8049
1.364000, 8048
1.365000, 8047
1.366000, 8046
1.368000, 8045
1.368000, 8044
1.368000, 8043
1.369000, 8042
1.370000, 8041
1.370000, 8040
1.376000, 8039
1.378000, 8038
1.385000, 8037
1.387000, 8036
1.389000, 8035
1.389000, 8034
1.391000, 8033
1.391000, 8032
1.392000, 8031
1.393000, 8030
1.396000, 8029
1.396000, 8028
1.398000, 8027
1.398000, 8026
1.398000, 8025
1.399000, 8024
1.400000, 8023
1.400000, 8022
1.402000, 8021
1.402000, 8020
1.403000, 8019
1.406000, 8018
1.407000, 8017
1.407000, 8016
1.408000, 8015
1.409000, 8014
1.410000, 8013
1.411000, 8012
1.411000, 8011
1.412000, 8010
1.414000, 8009
1.415000, 8008
1.418000, 8007
1.420000, 8006
1.421000, 8005
1.423000, 8004
1.423000, 8003
1.424000, 8002
1.425000, 8001
1.426000, 8000
1.426000, 7999
1.428000, 7998
1.432000, 7997
1.436000, 7996
1.438000, 7995
1.438000, 7994
1.439000, 7993
1.441000, 7992
1.448000, 7991
1.449000, 7990
1.450000, 7989
1.451000, 7988
1.454000, 7987
1.455000, 7986
1.456000, 7985
1.457000, 7984
1.459000, 7983
1.459000, 7982
1.460000, 7981
1.460000, 7980
1.461000, 7979
1.464000, 7978
1.470000, 7977
1.470000, 7976
1.471000, 7975
1.472000, 7974
1.475000, 7973
1.476000, 7972
1.477000, 7971
1.479000, 7970
1.480000, 7969
1.482000, 7968
1.483000, 7967
1.484000, 7966
1.484000, 7965
1.485000, 7964
1.486000, 7963
1.488000, 7962
1.489000, 7961
1.492000, 7960
1.494000, 7959
1.496000, 7958
1.498000, 7957
1.498000, 7956
1.500000, 7955
1.500000, 7954
1.500000, 7953
1.501000, 7952
1.502000, 7951
1.502000, 7950
1.504000, 7949
1.504000, 7948
1.504000, 7947
1.505000, 7946
1.507000, 7945
1.507000, 7944
1.509000, 7943
1.509000, 7942
1.511000, 7941
1.513000, 7940
1.513000, 7939
1.513000, 7938
1.514000, 7937
1.516000, 7936
1.517000, 7935
1.518000, 7934
1.518000, 7933
1.519000, 7932
1.520000, 7931
1.522000, 7930
1.523000, 7929
1.524000, 7928
1.525000, 7927
1.527000, 7926
1.528000, 7925
1.529000, 7924
1.532000, 7923
1.534000, 7922
1.535000, 7921
1.536000, 7920
1.539000, 7919
1.540000, 7918
1.544000, 7917
1.548000, 7916
1.550000, 7915
1.552000, 7914
1.554000, 7913
1.557000, 7912
1.559000, 7911
1.561000, 7910
1.561000, 7909
1.563000, 7908
1.563000, 7907
1.564000, 7906
1.564000, 7905
1.564000, 7904
1.565000, 7903
1.566000, 7902
1.569000, 7901
1.571000, 7900
1.572000, 7899
1.573000, 7898
1.575000, 7897
1.581000, 7896
1.581000, 7895
1.582000, 7894
1.587000, 7893
1.589000, 7892
1.589000, 7891
1.593000, 7890
1.594000, 7889
1.595000, 7888
1.596000, 7887
1.599000, 7886
1.600000, 7885
1.602000, 7884
1.602000, 7883
1.603000, 7882
1.605000, 7881
1.607000, 7880
1.608000, 7879
1.611000, 7878
1.611000, 7877
1.612000, 7876
1.613000, 7875
1.614000, 7874
1.616000, 7873
1.616000, 7872
1.618000, 7871
1.620000, 7870
1.621000, 7869
1.625000, 7868
1.625000, 7867
1.626000, 7866
1.629000, 7865
1.632000, 7864
1.634000, 7863
1.637000, 7862
1.640000, 7861
1.641000, 7860
1.642000, 7859
1.643000, 7858
1.645000, 7857
1.645000, 7856
1.646000, 7855
1.652000, 7854
1.653000, 7853
1.653000, 7852
1.656000, 7851
1.658000, 7850
1.660000, 7849
1.662000, 7848
1.664000, 7847
1.665000, 7846
1.666000, 7845
1.667000, 7844
1.670000, 7843
1.675000, 7842
1.677000, 7841
1.688000, 7840
1.690000, 7839
1.691000, 7838
1.693000, 7837
1.697000, 7836
1.697000, 7835
1.706000, 7834
1.710000, 7833
1.713000, 7832
1.713000, 7831
1.718000, 7830
1.725000, 7829
1.727000, 7828
1.728000, 7827
1.730000, 7826
1.731000, 7825
1.732000, 7824
1.735000, 7823
1.737000, 7822
1.738000, 7821
1.738000, 7820
1.740000, 7819
1.743000, 7818
1.750000, 7817
1.758000, 7816
1.759000, 7815
1.759000, 7814
1.765000, 7813
1.775000, 7812
1.777000, 7811
1.780000, 7810
1.780000, 7809
1.781000, 7808
1.782000, 7807
1.782000, 7806
1.783000, 7805
1.784000, 7804
1.788000, 7803
1.791000, 7802
1.794000, 7801
1.796000, 7800
1.799000, 7799
1.800000, 7798
1.810000, 7797
1.811000, 7796
1.812000, 7795
1.813000, 7794
1.816000, 7793
1.818000, 7792
1.828000, 7791
1.828000, 7790
1.831000, 7789
1.832000, 7788
1.843000, 7787
1.843000, 7786
1.844000, 7785
1.847000, 7784
1.848000, 7783
1.849000, 7782
1.849000, 7781
1.850000, 7780
1.856000, 7779
1.857000, 7778
1.860000, 7777
1.862000, 7776
1.865000, 7775
1.869000, 7774
1.871000, 7773
1.873000, 7772
1.874000, 7771
1.877000, 7770
1.878000, 7769
1.878000, 7768
1.883000, 7767
1.884000, 7766
1.884000, 7765
1.886000, 7764
1.888000, 7763
1.890000, 7762
1.892000, 7761
1.892000, 7760
1.895000, 7759
1.900000, 7758
1.903000, 7757
1.906000, 7756
1.911000, 7755
1.912000, 7754
1.918000, 7753
1.922000, 7752
1.923000, 7751
1.924000, 7750
1.928000, 7749
1.929000, 7748
1.929000, 7747
1.933000, 7746
1.934000, 7745
1.935000, 7744
1.940000, 7743
1.941000, 7742
1.944000, 7741
1.947000, 7740
1.949000, 7739
1.951000, 7738
1.954000, 7737
1.956000, 7736
1.958000, 7735
1.959000, 7734
1.961000, 7733
1.969000, 7732
1.970000, 7731
1.980000, 7730
1.982000, 7729
1.987000, 7728
1.988000, 7727
1.988000, 7726
1.993000, 7725
1.998000, 7724
2.001000, 7723
2.003000, 7722
2.008000, 7721
2.008000, 7720
2.011000, 7719
2.014000, 7718
2.017000, 7717
2.020000, 7716
2.023000, 7715
2.025000, 7714
2.034000, 7713
2.037000, 7712
2.040000, 7711
2.040000, 7710
2.043000, 7709
2.044000, 7708
2.045000, 7707
2.045000, 7706
2.047000, 7705
2.050000, 7704
2.051000, 7703
2.064000, 7702
2.071000, 7701
2.084000, 7700
2.085000, 7699
2.091000, 7698
2.092000, 7697
2.099000, 7696
2.102000, 7695
2.105000, 7694
2.106000, 7693
2.110000, 7692
2.114000, 7691
2.117000, 7690
2.122000, 7689
2.128000, 7688
2.129000, 7687
2.130000, 7686
2.131000, 7685
2.135000, 7684
2.135000, 7683
2.139000, 7682
2.141000, 7681
2.141000, 7680
2.145000, 7679
2.151000, 7678
2.156000, 7677
2.157000, 7676
2.159000, 7675
2.164000, 7674
2.183000, 7673
2.200000, 7672
2.208000, 7671
2.213000, 7670
2.222000, 7669
2.223000, 7668
2.225000, 7667
2.228000, 7666
2.238000, 7665
2.239000, 7664
2.249000, 7663
2.250000, 7662
2.260000, 7661
2.276000, 7660
2.288000, 7659
2.294000, 7658
2.297000, 7657
2.298000, 7656
2.309000, 7655
2.323000, 7654
2.325000, 7653
2.331000, 7652
2.349000, 7651
2.353000, 7650
2.379000, 7649
2.382000, 7648
2.387000, 7647
2.392000, 7646
2.395000, 7645
2.408000, 7644
2.419000, 7643
2.421000, 7642
2.425000, 7641
2.433000, 7640
2.434000, 7639
2.439000, 7638
2.446000, 7637
2.447000, 7636
2.449000, 7635
2.458000, 7634
2.465000, 7633
2.470000, 7632
2.470000, 7631
2.512000, 7630
2.519000, 7629
2.525000, 7628
2.532000, 7627
2.533000, 7626
2.542000, 7625
2.568000, 7624
2.578000, 7623
2.591000, 7622
2.602000, 7621
2.602000, 7620
2.604000, 7619
2.610000, 7618
2.630000, 7617
2.635000, 7616
2.643000, 7615
2.643000, 7614
2.655000, 7613
2.689000, 7612
2.699000, 7611
2.706000, 7610
2.710000, 7609
2.726000, 7608
2.740000, 7607
2.761000, 7606
2.768000, 7605
2.774000, 7604
2.793000, 7603
2.810000, 7602
2.915000, 7601
2.920000, 7600
2.922000, 7599
2.931000, 7598
2.972000, 7597
2.983000, 7596
2.998000, 7595
3.003000, 7594
3.017000, 7593
3.041000, 7592
3.049000, 7591
3.067000, 7590
3.088000, 7589
3.096000, 7588
3.123000, 7587
3.150000, 7586
3.168000, 7585
3.232000, 7584
3.265000, 7583
3.381000, 7582
3.433000, 7581
3.452000, 7580
3.610000, 7579
3.623000, 7578
3.639000, 7577
3.660000, 7576
3.683000, 7575
3.696000, 7574
3.881000, 7573
3.916000, 7572
3.950000, 7571
3.974000, 7570
4.006000, 7569
4.197000, 7568
4.214000, 7567
4.215000, 7566
4.423000, 7565
4.523000, 7564
4.567000, 7563
5.013000, 7562
5.023000, 7561
5.373000, 7560
