0.012000, 10255
0.015000, 10254
0.016000, 10253
0.017000, 10252
0.018000, 10251
0.018000, 10250
0.018000, 10249
0.019000, 10248
0.019000, 10247
0.019000, 10246
0.020000, 10245
0.020000, 10244
0.021000, 10243
0.021000, 10242
0.023000, 10241
0.023000, 10240
0.024000, 10239
0.024000, 10238
0.025000, 10237
0.025000, 10236
0.025000, 10235
0.025000, 10234
0.026000, 10233
0.026000, 10232
0.027000, 10231
0.027000, 10230
0.027000, 10229
0.028000, 10228
0.028000, 10227
0.029000, 10226
0.029000, 10225
0.029000, 10224
0.030000, 10223
0.031000, 10222
0.031000, 10221
0.031000, 10220
0.032000, 10219
0.032000, 10218
0.033000, 10217
0.033000, 10216
0.034000, 10215
0.034000, 10214
0.035000, 10213
0.035000, 10212
0.035000, 10211
0.036000, 10210
0.036000, 10209
0.036000, 10208
0.037000, 10207
0.037000, 10206
0.038000, 10205
0.038000, 10204
0.038000, 10203
0.039000, 10202
0.039000, 10201
0.040000, 10200
0.040000, 10199
0.040000, 10198
0.041000, 10197
0.041000, 10196
0.041000, 10195
0.044000, 10194
0.045000, 10193
0.045000, 10192
0.046000, 10191
0.048000, 10190
0.048000, 10189
0.049000, 10188
0.050000, 10187
0.051000, 10186
0.051000, 10185
0.052000, 10184
0.052000, 10183
0.052000, 10182
0.053000, 10181
0.054000, 10180
0.054000, 10179
0.055000, 10178
0.055000, 10177
0.055000, 10176
0.056000, 10175
0.058000, 10174
0.058000, 10173
0.058000, 10172
0.059000, 10171
0.059000, 10170
0.060000, 10169
0.061000, 10168
0.061000, 10167
0.062000, 10166
0.062000, 10165
0.063000, 10164
0.063000, 10163
0.063000, 10162
0.064000, 10161
0.064000, 10160
0.065000, 10159
0.066000, 10158
0.066000, 10157
0.067000, 10156
0.067000, 10155
0.067000, 10154
0.068000, 10153
0.068000, 10152
0.069000, 10151
0.069000, 10150
0.070000, 10149
0.070000, 10148
0.071000, 10147
0.071000, 10146
0.071000, 10145
0.072000, 10144
0.072000, 10143
0.072000, 10142
0.073000, 10141
0.073000, 10140
0.074000, 10139
0.074000, 10138
0.074000, 10137
0.076000, 10136
0.077000, 10135
0.078000, 10134
0.078000, 10133
0.079000, 10132
0.079000, 10131
0.079000, 10130
0.080000, 10129
0.081000, 10128
0.082000, 10127
0.082000, 10126
0.083000, 10125
0.083000, 10124
0.084000, 10123
0.085000, 10122
0.085000, 10121
0.086000, 10120
0.086000, 10119
0.087000, 10118
0.087000, 10117
0.088000, 10116
0.088000, 10115
0.089000, 10114
0.089000, 10113
0.089000, 10112
0.091000, 10111
0.091000, 10110
0.091000, 10109
0.092000, 10108
0.092000, 10107
0.092000, 10106
0.093000, 10105
0.094000, 10104
0.094000, 10103
0.097000, 10102
0.098000, 10101
0.098000, 10100
0.099000, 10099
0.099000, 10098
0.099000, 10097
0.100000, 10096
0.101000, 10095
0.101000, 10094
0.101000, 10093
0.102000, 10092
0.103000, 10091
0.103000, 10090
0.104000, 10089
0.105000, 10088
0.105000, 10087
0.105000, 10086
0.105000, 10085
0.106000, 10084
0.107000, 10083
0.108000, 10082
0.108000, 10081
0.109000, 10080
0.109000, 10079
0.110000, 10078
0.110000, 10077
0.111000, 10076
0.112000, 10075
0.112000, 10074
0.113000, 10073
0.114000, 10072
0.114000, 10071
0.115000, 10070
0.115000, 10069
0.116000, 10068
0.116000, 10067
0.116000, 10066
0.117000, 10065
0.117000, 10064
0.117000, 10063
0.119000, 10062
0.120000, 10061
0.121000, 10060
0.121000, 10059
0.121000, 10058
0.121000, 10057
0.122000, 10056
0.122000, 10055
0.123000, 10054
0.124000, 10053
0.124000, 10052
0.125000, 10051
0.125000, 10050
0.126000, 10049
0.127000, 10048
0.127000, 10047
0.128000, 10046
0.128000, 10045
0.128000, 10044
0.129000, 10043
0.129000, 10042
0.129000, 10041
0.130000, 10040
0.130000, 10039
0.131000, 10038
0.131000, 10037
0.131000, 10036
0.131000, 10035
0.131000, 10034
0.132000, 10033
0.132000, 10032
0.133000, 10031
0.133000, 10030
0.134000, 10029
0.135000, 10028
0.135000, 10027
0.135000, 10026
0.136000, 10025
0.137000, 10024
0.138000, 10023
0.138000, 10022
0.138000, 10021
0.139000, 10020
0.140000, 10019
0.140000, 10018
0.141000, 10017
0.142000, 10016
0.142000, 10015
0.143000, 10014
0.143000, 10013
0.144000, 10012
0.144000, 10011
0.144000, 10010
0.145000, 10009
0.145000, 10008
0.146000, 10007
0.146000, 10006
0.146000, 10005
0.147000, 10004
0.147000, 10003
0.149000, 10002
0.149000, 10001
0.150000, 10000
0.150000, 9999
0.150000, 9998
0.151000, 9997
0.151000, 9996
0.151000, 9995
0.152000, 9994
0.152000, 9993
0.153000, 9992
0.153000, 9991
0.154000, 9990
0.155000, 9989
0.155000, 9988
0.155000, 9987
0.156000, 9986
0.156000, 9985
0.156000, 9984
0.157000, 9983
0.157000, 9982
0.157000, 9981
0.158000, 9980
0.158000, 9979
0.158000, 9978
0.159000, 9977
0.160000, 9976
0.160000, 9975
0.160000, 9974
0.161000, 9973
0.162000, 9972
0.162000, 9971
0.163000, 9970
0.163000, 9969
0.164000, 9968
0.164000, 9967
0.165000, 9966
0.165000, 9965
0.166000, 9964
0.166000, 9963
0.167000, 9962
0.167000, 9961
0.168000, 9960
0.169000, 9959
0.170000, 9958
0.170000, 9957
0.171000, 9956
0.171000, 9955
0.172000, 9954
0.172000, 9953
0.172000, 9952
0.173000, 9951
0.173000, 9950
0.174000, 9949
0.174000, 9948
0.175000, 9947
0.175000, 9946
0.175000, 9945
0.175000, 9944
0.176000, 9943
0.176000, 9942
0.178000, 9941
0.178000, 9940
0.178000, 9939
0.179000, 9938
0.179000, 9937
0.179000, 9936
0.180000, 9935
0.181000, 9934
0.181000, 9933
0.182000, 9932
0.182000, 9931
0.183000, 9930
0.183000, 9929
0.183000, 9928
0.184000, 9927
0.185000, 9926
0.185000, 9925
0.185000, 9924
0.186000, 9923
0.186000, 9922
0.187000, 9921
0.187000, 9920
0.188000, 9919
0.189000, 9918
0.190000, 9917
0.190000, 9916
0.190000, 9915
0.191000, 9914
0.191000, 9913
0.192000, 9912
0.193000, 9911
0.193000, 9910
0.193000, 9909
0.194000, 9908
0.194000, 9907
0.194000, 9906
0.195000, 9905
0.195000, 9904
0.196000, 9903
0.196000, 9902
0.197000, 9901
0.198000, 9900
0.198000, 9899
0.198000, 9898
0.199000, 9897
0.199000, 9896
0.200000, 9895
0.201000, 9894
0.201000, 9893
0.202000, 9892
0.202000, 9891
0.203000, 9890
0.203000, 9889
0.204000, 9888
0.204000, 9887
0.204000, 9886
0.204000, 9885
0.205000, 9884
0.205000, 9883
0.206000, 9882
0.206000, 9881
0.206000, 9880
0.207000, 9879
0.207000, 9878
0.207000, 9877
0.208000, 9876
0.209000, 9875
0.209000, 9874
0.209000, 9873
0.210000, 9872
0.211000, 9871
0.212000, 9870
0.213000, 9869
0.213000, 9868
0.214000, 9867
0.214000, 9866
0.215000, 9865
0.216000, 9864
0.216000, 9863
0.216000, 9862
0.217000, 9861
0.218000, 9860
0.219000, 9859
0.220000, 9858
0.221000, 9857
0.221000, 9856
0.222000, 9855
0.222000, 9854
0.223000, 9853
0.224000, 9852
0.224000, 9851
0.225000, 9850
0.226000, 9849
0.226000, 9848
0.227000, 9847
0.228000, 9846
0.228000, 9845
0.229000, 9844
0.229000, 9843
0.229000, 9842
0.230000, 9841
0.231000, 9840
0.232000, 9839
0.232000, 9838
0.233000, 9837
0.233000, 9836
0.233000, 9835
0.234000, 9834
0.234000, 9833
0.235000, 9832
0.236000, 9831
0.237000, 9830
0.237000, 9829
0.238000, 9828
0.238000, 9827
0.239000, 9826
0.239000, 9825
0.239000, 9824
0.240000, 9823
0.241000, 9822
0.241000, 9821
0.243000, 9820
0.243000, 9819
0.244000, 9818
0.244000, 9817
0.245000, 9816
0.245000, 9815
0.246000, 9814
0.246000, 9813
0.247000, 9812
0.247000, 9811
0.247000, 9810
0.248000, 9809
0.249000, 9808
0.249000, 9807
0.249000, 9806
0.251000, 9805
0.252000, 9804
0.252000, 9803
0.252000, 9802
0.253000, 9801
0.253000, 9800
0.254000, 9799
0.254000, 9798
0.255000, 9797
0.256000, 9796
0.257000, 9795
0.257000, 9794
0.257000, 9793
0.258000, 9792
0.258000, 9791
0.258000, 9790
0.259000, 9789
0.260000, 9788
0.260000, 9787
0.262000, 9786
0.263000, 9785
0.263000, 9784
0.264000, 9783
0.265000, 9782
0.265000, 9781
0.265000, 9780
0.266000, 9779
0.266000, 9778
0.266000, 9777
0.266000, 9776
0.267000, 9775
0.269000, 9774
0.270000, 9773
0.270000, 9772
0.270000, 9771
0.271000, 9770
0.271000, 9769
0.272000, 9768
0.272000, 9767
0.272000, 9766
0.273000, 9765
0.273000, 9764
0.273000, 9763
0.273000, 9762
0.274000, 9761
0.274000, 9760
0.275000, 9759
0.275000, 9758
0.275000, 9757
0.276000, 9756
0.277000, 9755
0.278000, 9754
0.278000, 9753
0.279000, 9752
0.281000, 9751
0.281000, 9750
0.282000, 9749
0.282000, 9748
0.283000, 9747
0.284000, 9746
0.284000, 9745
0.285000, 9744
0.285000, 9743
0.285000, 9742
0.286000, 9741
0.287000, 9740
0.287000, 9739
0.287000, 9738
0.287000, 9737
0.288000, 9736
0.289000, 9735
0.289000, 9734
0.289000, 9733
0.290000, 9732
0.290000, 9731
0.290000, 9730
0.290000, 9729
0.291000, 9728
0.291000, 9727
0.292000, 9726
0.293000, 9725
0.294000, 9724
0.295000, 9723
0.295000, 9722
0.296000, 9721
0.296000, 9720
0.297000, 9719
0.297000, 9718
0.298000, 9717
0.298000, 9716
0.298000, 9715
0.299000, 9714
0.300000, 9713
0.300000, 9712
0.301000, 9711
0.301000, 9710
0.301000, 9709
0.302000, 9708
0.302000, 9707
0.302000, 9706
0.304000, 9705
0.304000, 9704
0.305000, 9703
0.305000, 9702
0.306000, 9701
0.306000, 9700
0.306000, 9699
0.306000, 9698
0.307000, 9697
0.308000, 9696
0.309000, 9695
0.309000, 9694
0.310000, 9693
0.311000, 9692
0.312000, 9691
0.313000, 9690
0.313000, 9689
0.314000, 9688
0.315000, 9687
0.315000, 9686
0.315000, 9685
0.316000, 9684
0.317000, 9683
0.317000, 9682
0.318000, 9681
0.318000, 9680
0.318000, 9679
0.319000, 9678
0.320000, 9677
0.321000, 9676
0.321000, 9675
0.321000, 9674
0.322000, 9673
0.322000, 9672
0.323000, 9671
0.323000, 9670
0.323000, 9669
0.324000, 9668
0.324000, 9667
0.325000, 9666
0.327000, 9665
0.327000, 9664
0.328000, 9663
0.328000, 9662
0.328000, 9661
0.329000, 9660
0.329000, 9659
0.330000, 9658
0.330000, 9657
0.331000, 9656
0.331000, 9655
0.332000, 9654
0.332000, 9653
0.332000, 9652
0.333000, 9651
0.333000, 9650
0.334000, 9649
0.334000, 9648
0.335000, 9647
0.336000, 9646
0.337000, 9645
0.337000, 9644
0.338000, 9643
0.339000, 9642
0.339000, 9641
0.339000, 9640
0.340000, 9639
0.340000, 9638
0.340000, 9637
0.341000, 9636
0.342000, 9635
0.343000, 9634
0.343000, 9633
0.344000, 9632
0.344000, 9631
0.345000, 9630
0.345000, 9629
0.345000, 9628
0.346000, 9627
0.346000, 9626
0.347000, 9625
0.348000, 9624
0.348000, 9623
0.349000, 9622
0.349000, 9621
0.350000, 9620
0.350000, 9619
0.350000, 9618
0.352000, 9617
0.352000, 9616
0.352000, 9615
0.353000, 9614
0.353000, 9613
0.354000, 9612
0.355000, 9611
0.355000, 9610
0.355000, 9609
0.356000, 9608
0.356000, 9607
0.358000, 9606
0.359000, 9605
0.359000, 9604
0.360000, 9603
0.360000, 9602
0.360000, 9601
0.360000, 9600
0.361000, 9599
0.361000, 9598
0.362000, 9597
0.362000, 9596
0.363000, 9595
0.363000, 9594
0.364000, 9593
0.365000, 9592
0.365000, 9591
0.365000, 9590
0.366000, 9589
0.366000, 9588
0.367000, 9587
0.367000, 9586
0.367000, 9585
0.368000, 9584
0.368000, 9583
0.368000, 9582
0.369000, 9581
0.369000, 9580
0.370000, 9579
0.370000, 9578
0.371000, 9577
0.372000, 9576
0.372000, 9575
0.373000, 9574
0.373000, 9573
0.374000, 9572
0.375000, 9571
0.376000, 9570
0.377000, 9569
0.378000, 9568
0.378000, 9567
0.379000, 9566
0.379000, 9565
0.380000, 9564
0.380000, 9563
0.381000, 9562
0.381000, 9561
0.382000, 9560
0.382000, 9559
0.383000, 9558
0.383000, 9557
0.383000, 9556
0.384000, 9555
0.384000, 9554
0.384000, 9553
0.385000, 9552
0.385000, 9551
0.386000, 9550
0.386000, 9549
0.386000, 9548
0.387000, 9547
0.387000, 9546
0.388000, 9545
0.388000, 9544
0.388000, 9543
0.389000, 9542
0.390000, 9541
0.391000, 9540
0.391000, 9539
0.391000, 9538
0.392000, 9537
0.392000, 9536
0.392000, 9535
0.393000, 9534
0.394000, 9533
0.395000, 9532
0.396000, 9531
0.396000, 9530
0.397000, 9529
0.397000, 9528
0.397000, 9527
0.399000, 9526
0.400000, 9525
0.400000, 9524
0.401000, 9523
0.401000, 9522
0.403000, 9521
0.404000, 9520
0.404000, 9519
0.405000, 9518
0.406000, 9517
0.406000, 9516
0.406000, 9515
0.407000, 9514
0.408000, 9513
0.408000, 9512
0.409000, 9511
0.409000, 9510
0.411000, 9509
0.411000, 9508
0.411000, 9507
0.412000, 9506
0.413000, 9505
0.415000, 9504
0.415000, 9503
0.415000, 9502
0.415000, 9501
0.416000, 9500
0.416000, 9499
0.416000, 9498
0.416000, 9497
0.418000, 9496
0.418000, 9495
0.419000, 9494
0.419000, 9493
0.420000, 9492
0.421000, 9491
0.422000, 9490
0.422000, 9489
0.422000, 9488
0.423000, 9487
0.423000, 9486
0.423000, 9485
0.424000, 9484
0.426000, 9483
0.426000, 9482
0.426000, 9481
0.427000, 9480
0.427000, 9479
0.429000, 9478
0.430000, 9477
0.430000, 9476
0.430000, 9475
0.431000, 9474
0.431000, 9473
0.432000, 9472
0.433000, 9471
0.434000, 9470
0.434000, 9469
0.435000, 9468
0.435000, 9467
0.436000, 9466
0.437000, 9465
0.437000, 9464
0.438000, 9463
0.438000, 9462
0.439000, 9461
0.440000, 9460
0.440000, 9459
0.441000, 9458
0.442000, 9457
0.442000, 9456
0.442000, 9455
0.443000, 9454
0.443000, 9453
0.445000, 9452
0.445000, 9451
0.445000, 9450
0.447000, 9449
0.447000, 9448
0.447000, 9447
0.448000, 9446
0.449000, 9445
0.449000, 9444
0.449000, 9443
0.450000, 9442
0.451000, 9441
0.451000, 9440
0.452000, 9439
0.452000, 9438
0.454000, 9437
0.454000, 9436
0.455000, 9435
0.457000, 9434
0.458000, 9433
0.458000, 9432
0.460000, 9431
0.461000, 9430
0.461000, 9429
0.461000, 9428
0.461000, 9427
0.462000, 9426
0.463000, 9425
0.464000, 9424
0.464000, 9423
0.465000, 9422
0.466000, 9421
0.467000, 9420
0.467000, 9419
0.468000, 9418
0.468000, 9417
0.469000, 9416
0.470000, 9415
0.471000, 9414
0.471000, 9413
0.471000, 9412
0.471000, 9411
0.472000, 9410
0.473000, 9409
0.473000, 9408
0.474000, 9407
0.474000, 9406
0.475000, 9405
0.475000, 9404
0.476000, 9403
0.477000, 9402
0.477000, 9401
0.477000, 9400
0.478000, 9399
0.478000, 9398
0.479000, 9397
0.480000, 9396
0.481000, 9395
0.481000, 9394
0.482000, 9393
0.482000, 9392
0.482000, 9391
0.483000, 9390
0.484000, 9389
0.486000, 9388
0.486000, 9387
0.486000, 9386
0.487000, 9385
0.487000, 9384
0.487000, 9383
0.488000, 9382
0.489000, 9381
0.489000, 9380
0.491000, 9379
0.491000, 9378
0.492000, 9377
0.493000, 9376
0.493000, 9375
0.494000, 9374
0.495000, 9373
0.496000, 9372
0.497000, 9371
0.497000, 9370
0.498000, 9369
0.499000, 9368
0.499000, 9367
0.499000, 9366
0.500000, 9365
0.501000, 9364
0.502000, 9363
0.502000, 9362
0.502000, 9361
0.502000, 9360
0.504000, 9359
0.505000, 9358
0.505000, 9357
0.506000, 9356
0.506000, 9355
0.507000, 9354
0.508000, 9353
0.508000, 9352
0.509000, 9351
0.509000, 9350
0.509000, 9349
0.510000, 9348
0.511000, 9347
0.511000, 9346
0.513000, 9345
0.513000, 9344
0.514000, 9343
0.514000, 9342
0.515000, 9341
0.516000, 9340
0.516000, 9339
0.517000, 9338
0.517000, 9337
0.518000, 9336
0.519000, 9335
0.519000, 9334
0.520000, 9333
0.520000, 9332
0.520000, 9331
0.521000, 9330
0.521000, 9329
0.522000, 9328
0.523000, 9327
0.523000, 9326
0.523000, 9325
0.525000, 9324
0.525000, 9323
0.526000, 9322
0.526000, 9321
0.527000, 9320
0.527000, 9319
0.529000, 9318
0.529000, 9317
0.530000, 9316
0.531000, 9315
0.531000, 9314
0.532000, 9313
0.532000, 9312
0.533000, 9311
0.533000, 9310
0.534000, 9309
0.536000, 9308
0.537000, 9307
0.538000, 9306
0.538000, 9305
0.538000, 9304
0.539000, 9303
0.539000, 9302
0.540000, 9301
0.540000, 9300
0.541000, 9299
0.541000, 9298
0.541000, 9297
0.542000, 9296
0.542000, 9295
0.542000, 9294
0.544000, 9293
0.544000, 9292
0.545000, 9291
0.545000, 9290
0.546000, 9289
0.547000, 9288
0.548000, 9287
0.548000, 9286
0.549000, 9285
0.549000, 9284
0.550000, 9283
0.551000, 9282
0.551000, 9281
0.552000, 9280
0.552000, 9279
0.553000, 9278
0.553000, 9277
0.554000, 9276
0.554000, 9275
0.555000, 9274
0.557000, 9273
0.557000, 9272
0.564000, 9271
0.564000, 9270
0.565000, 9269
0.565000, 9268
0.565000, 9267
0.566000, 9266
0.566000, 9265
0.567000, 9264
0.567000, 9263
0.568000, 9262
0.568000, 9261
0.568000, 9260
0.569000, 9259
0.570000, 9258
0.570000, 9257
0.571000, 9256
0.571000, 9255
0.572000, 9254
0.572000, 9253
0.572000, 9252
0.573000, 9251
0.574000, 9250
0.574000, 9249
0.575000, 9248
0.575000, 9247
0.575000, 9246
0.575000, 9245
0.576000, 9244
0.576000, 9243
0.577000, 9242
0.577000, 9241
0.577000, 9240
0.578000, 9239
0.578000, 9238
0.578000, 9237
0.579000, 9236
0.580000, 9235
0.580000, 9234
0.581000, 9233
0.581000, 9232
0.581000, 9231
0.582000, 9230
0.583000, 9229
0.583000, 9228
0.583000, 9227
0.584000, 9226
0.584000, 9225
0.585000, 9224
0.586000, 9223
0.586000, 9222
0.587000, 9221
0.587000, 9220
0.589000, 9219
0.589000, 9218
0.590000, 9217
0.590000, 9216
0.590000, 9215
0.590000, 9214
0.591000, 9213
0.592000, 9212
0.592000, 9211
0.593000, 9210
0.593000, 9209
0.595000, 9208
0.595000, 9207
0.595000, 9206
0.596000, 9205
0.597000, 9204
0.598000, 9203
0.598000, 9202
0.598000, 9201
0.598000, 9200
0.599000, 9199
0.599000, 9198
0.600000, 9197
0.600000, 9196
0.600000, 9195
0.601000, 9194
0.601000, 9193
0.601000, 9192
0.602000, 9191
0.602000, 9190
0.603000, 9189
0.604000, 9188
0.604000, 9187
0.604000, 9186
0.604000, 9185
0.605000, 9184
0.606000, 9183
0.606000, 9182
0.606000, 9181
0.607000, 9180
0.607000, 9179
0.608000, 9178
0.608000, 9177
0.609000, 9176
0.609000, 9175
0.610000, 9174
0.611000, 9173
0.611000, 9172
0.612000, 9171
0.613000, 9170
0.615000, 9169
0.616000, 9168
0.616000, 9167
0.617000, 9166
0.617000, 9165
0.618000, 9164
0.619000, 9163
0.619000, 9162
0.620000, 9161
0.620000, 9160
0.622000, 9159
0.623000, 9158
0.623000, 9157
0.624000, 9156
0.625000, 9155
0.626000, 9154
0.626000, 9153
0.627000, 9152
0.627000, 9151
0.628000, 9150
0.630000, 9149
0.630000, 9148
0.631000, 9147
0.634000, 9146
0.635000, 9145
0.635000, 9144
0.636000, 9143
0.636000, 9142
0.637000, 9141
0.637000, 9140
0.637000, 9139
0.637000, 9138
0.638000, 9137
0.638000, 9136
0.639000, 9135
0.639000, 9134
0.639000, 9133
0.639000, 9132
0.640000, 9131
0.640000, 9130
0.640000, 9129
0.641000, 9128
0.642000, 9127
0.643000, 9126
0.644000, 9125
0.644000, 9124
0.645000, 9123
0.645000, 9122
0.645000, 9121
0.646000, 9120
0.646000, 9119
0.647000, 9118
0.647000, 9117
0.648000, 9116
0.648000, 9115
0.649000, 9114
0.650000, 9113
0.650000, 9112
0.650000, 9111
0.652000, 9110
0.652000, 9109
0.652000, 9108
0.653000, 9107
0.653000, 9106
0.654000, 9105
0.654000, 9104
0.654000, 9103
0.655000, 9102
0.655000, 9101
0.655000, 9100
0.655000, 9099
0.656000, 9098
0.656000, 9097
0.657000, 9096
0.658000, 9095
0.658000, 9094
0.658000, 9093
0.659000, 9092
0.659000, 9091
0.660000, 9090
0.660000, 9089
0.660000, 9088
0.661000, 9087
0.661000, 9086
0.662000, 9085
0.662000, 9084
0.663000, 9083
0.663000, 9082
0.663000, 9081
0.664000, 9080
0.665000, 9079
0.665000, 9078
0.666000, 9077
0.666000, 9076
0.666000, 9075
0.667000, 9074
0.667000, 9073
0.668000, 9072
0.669000, 9071
0.669000, 9070
0.670000, 9069
0.671000, 9068
0.671000, 9067
0.672000, 9066
0.673000, 9065
0.673000, 9064
0.674000, 9063
0.675000, 9062
0.675000, 9061
0.675000, 9060
0.676000, 9059
0.676000, 9058
0.677000, 9057
0.677000, 9056
0.678000, 9055
0.678000, 9054
0.679000, 9053
0.679000, 9052
0.679000, 9051
0.680000, 9050
0.680000, 9049
0.681000, 9048
0.681000, 9047
0.682000, 9046
0.683000, 9045
0.683000, 9044
0.683000, 9043
0.683000, 9042
0.684000, 9041
0.684000, 9040
0.685000, 9039
0.685000, 9038
0.685000, 9037
0.686000, 9036
0.686000, 9035
0.686000, 9034
0.687000, 9033
0.688000, 9032
0.688000, 9031
0.688000, 9030
0.688000, 9029
0.689000, 9028
0.690000, 9027
0.690000, 9026
0.690000, 9025
0.691000, 9024
0.692000, 9023
0.692000, 9022
0.693000, 9021
0.693000, 9020
0.694000, 9019
0.694000, 9018
0.694000, 9017
0.695000, 9016
0.695000, 9015
0.695000, 9014
0.696000, 9013
0.696000, 9012
0.696000, 9011
0.696000, 9010
0.698000, 9009
0.699000, 9008
0.699000, 9007
0.700000, 9006
0.700000, 9005
0.700000, 9004
0.700000, 9003
0.700000, 9002
0.701000, 9001
0.701000, 9000
0.701000, 8999
0.701000, 8998
0.702000, 8997
0.702000, 8996
0.703000, 8995
0.703000, 8994
0.703000, 8993
0.704000, 8992
0.704000, 8991
0.705000, 8990
0.705000, 8989
0.706000, 8988
0.707000, 8987
0.708000, 8986
0.708000, 8985
0.708000, 8984
0.709000, 8983
0.709000, 8982
0.710000, 8981
0.711000, 8980
0.711000, 8979
0.711000, 8978
0.712000, 8977
0.712000, 8976
0.712000, 8975
0.713000, 8974
0.713000, 8973
0.713000, 8972
0.714000, 8971
0.715000, 8970
0.715000, 8969
0.716000, 8968
0.717000, 8967
0.717000, 8966
0.718000, 8965
0.718000, 8964
0.718000, 8963
0.719000, 8962
0.719000, 8961
0.719000, 8960
0.720000, 8959
0.722000, 8958
0.722000, 8957
0.722000, 8956
0.723000, 8955
0.723000, 8954
0.724000, 8953
0.724000, 8952
0.724000, 8951
0.724000, 8950
0.725000, 8949
0.725000, 8948
0.725000, 8947
0.726000, 8946
0.727000, 8945
0.727000, 8944
0.728000, 8943
0.728000, 8942
0.729000, 8941
0.729000, 8940
0.729000, 8939
0.730000, 8938
0.730000, 8937
0.731000, 8936
0.731000, 8935
0.731000, 8934
0.732000, 8933
0.732000, 8932
0.732000, 8931
0.733000, 8930
0.734000, 8929
0.734000, 8928
0.734000, 8927
0.734000, 8926
0.735000, 8925
0.735000, 8924
0.736000, 8923
0.737000, 8922
0.738000, 8921
0.738000, 8920
0.739000, 8919
0.739000, 8918
0.740000, 8917
0.740000, 8916
0.742000, 8915
0.742000, 8914
0.743000, 8913
0.744000, 8912
0.744000, 8911
0.745000, 8910
0.745000, 8909
0.747000, 8908
0.747000, 8907
0.748000, 8906
0.748000, 8905
0.749000, 8904
0.749000, 8903
0.750000, 8902
0.750000, 8901
0.751000, 8900
0.751000, 8899
0.751000, 8898
0.752000, 8897
0.752000, 8896
0.752000, 8895
0.753000, 8894
0.753000, 8893
0.754000, 8892
0.754000, 8891
0.755000, 8890
0.756000, 8889
0.756000, 8888
0.757000, 8887
0.757000, 8886
0.757000, 8885
0.757000, 8884
0.757000, 8883
0.758000, 8882
0.759000, 8881
0.759000, 8880
0.759000, 8879
0.759000, 8878
0.760000, 8877
0.760000, 8876
0.761000, 8875
0.761000, 8874
0.763000, 8873
0.763000, 8872
0.764000, 8871
0.765000, 8870
0.765000, 8869
0.765000, 8868
0.765000, 8867
0.766000, 8866
0.767000, 8865
0.768000, 8864
0.768000, 8863
0.769000, 8862
0.769000, 8861
0.770000, 8860
0.770000, 8859
0.770000, 8858
0.771000, 8857
0.771000, 8856
0.771000, 8855
0.772000, 8854
0.773000, 8853
0.773000, 8852
0.775000, 8851
0.778000, 8850
0.779000, 8849
0.779000, 8848
0.780000, 8847
0.780000, 8846
0.781000, 8845
0.781000, 8844
0.782000, 8843
0.782000, 8842
0.783000, 8841
0.783000, 8840
0.783000, 8839
0.784000, 8838
0.785000, 8837
0.786000, 8836
0.786000, 8835
0.787000, 8834
0.787000, 8833
0.787000, 8832
0.788000, 8831
0.789000, 8830
0.789000, 8829
0.790000, 8828
0.791000, 8827
0.791000, 8826
0.791000, 8825
0.791000, 8824
0.791000, 8823
0.792000, 8822
0.793000, 8821
0.793000, 8820
0.793000, 8819
0.793000, 8818
0.794000, 8817
0.794000, 8816
0.795000, 8815
0.796000, 8814
0.796000, 8813
0.797000, 8812
0.797000, 8811
0.800000, 8810
0.801000, 8809
0.802000, 8808
0.802000, 8807
0.803000, 8806
0.803000, 8805
0.804000, 8804
0.804000, 8803
0.804000, 8802
0.804000, 8801
0.805000, 8800
0.806000, 8799
0.807000, 8798
0.807000, 8797
0.808000, 8796
0.809000, 8795
0.809000, 8794
0.811000, 8793
0.811000, 8792
0.811000, 8791
0.812000, 8790
0.812000, 8789
0.813000, 8788
0.813000, 8787
0.813000, 8786
0.813000, 8785
0.813000, 8784
0.814000, 8783
0.814000, 8782
0.814000, 8781
0.814000, 8780
0.816000, 8779
0.816000, 8778
0.817000, 8777
0.817000, 8776
0.818000, 8775
0.818000, 8774
0.819000, 8773
0.819000, 8772
0.819000, 8771
0.820000, 8770
0.820000, 8769
0.820000, 8768
0.820000, 8767
0.821000, 8766
0.821000, 8765
0.822000, 8764
0.822000, 8763
0.822000, 8762
0.822000, 8761
0.823000, 8760
0.824000, 8759
0.824000, 8758
0.825000, 8757
0.826000, 8756
0.826000, 8755
0.827000, 8754
0.827000, 8753
0.827000, 8752
0.828000, 8751
0.828000, 8750
0.829000, 8749
0.829000, 8748
0.829000, 8747
0.830000, 8746
0.830000, 8745
0.830000, 8744
0.830000, 8743
0.831000, 8742
0.831000, 8741
0.831000, 8740
0.831000, 8739
0.833000, 8738
0.833000, 8737
0.834000, 8736
0.835000, 8735
0.835000, 8734
0.836000, 8733
0.836000, 8732
0.836000, 8731
0.837000, 8730
0.837000, 8729
0.837000, 8728
0.838000, 8727
0.838000, 8726
0.839000, 8725
0.839000, 8724
0.839000, 8723
0.839000, 8722
0.840000, 8721
0.841000, 8720
0.842000, 8719
0.843000, 8718
0.843000, 8717
0.843000, 8716
0.844000, 8715
0.845000, 8714
0.845000, 8713
0.845000, 8712
0.846000, 8711
0.846000, 8710
0.847000, 8709
0.847000, 8708
0.849000, 8707
0.849000, 8706
0.850000, 8705
0.850000, 8704
0.850000, 8703
0.851000, 8702
0.851000, 8701
0.851000, 8700
0.851000, 8699
0.853000, 8698
0.854000, 8697
0.854000, 8696
0.857000, 8695
0.857000, 8694
0.857000, 8693
0.857000, 8692
0.857000, 8691
0.859000, 8690
0.860000, 8689
0.860000, 8688
0.860000, 8687
0.861000, 8686
0.862000, 8685
0.862000, 8684
0.862000, 8683
0.863000, 8682
0.863000, 8681
0.863000, 8680
0.864000, 8679
0.864000, 8678
0.866000, 8677
0.866000, 8676
0.866000, 8675
0.867000, 8674
0.867000, 8673
0.867000, 8672
0.868000, 8671
0.869000, 8670
0.869000, 8669
0.870000, 8668
0.871000, 8667
0.871000, 8666
0.872000, 8665
0.872000, 8664
0.872000, 8663
0.872000, 8662
0.873000, 8661
0.875000, 8660
0.875000, 8659
0.876000, 8658
0.876000, 8657
0.877000, 8656
0.878000, 8655
0.878000, 8654
0.879000, 8653
0.880000, 8652
0.881000, 8651
0.882000, 8650
0.882000, 8649
0.882000, 8648
0.885000, 8647
0.886000, 8646
0.887000, 8645
0.887000, 8644
0.888000, 8643
0.888000, 8642
0.889000, 8641
0.890000, 8640
0.891000, 8639
0.892000, 8638
0.892000, 8637
0.893000, 8636
0.894000, 8635
0.894000, 8634
0.895000, 8633
0.900000, 8632
0.901000, 8631
0.902000, 8630
0.902000, 8629
0.903000, 8628
0.904000, 8627
0.905000, 8626
0.905000, 8625
0.905000, 8624
0.906000, 8623
0.906000, 8622
0.907000, 8621
0.907000, 8620
0.907000, 8619
0.909000, 8618
0.909000, 8617
0.909000, 8616
0.909000, 8615
0.910000, 8614
0.911000, 8613
0.912000, 8612
0.912000, 8611
0.913000, 8610
0.914000, 8609
0.914000, 8608
0.915000, 8607
0.915000, 8606
0.916000, 8605
0.916000, 8604
0.917000, 8603
0.917000, 8602
0.917000, 8601
0.917000, 8600
0.918000, 8599
0.918000, 8598
0.918000, 8597
0.918000, 8596
0.920000, 8595
0.920000, 8594
0.921000, 8593
0.921000, 8592
0.921000, 8591
0.922000, 8590
0.923000, 8589
0.923000, 8588
0.924000, 8587
0.926000, 8586
0.927000, 8585
0.927000, 8584
0.928000, 8583
0.929000, 8582
0.929000, 8581
0.930000, 8580
0.932000, 8579
0.932000, 8578
0.933000, 8577
0.933000, 8576
0.934000, 8575
0.934000, 8574
0.934000, 8573
0.935000, 8572
0.936000, 8571
0.936000, 8570
0.936000, 8569
0.938000, 8568
0.938000, 8567
0.939000, 8566
0.940000, 8565
0.941000, 8564
0.942000, 8563
0.942000, 8562
0.944000, 8561
0.945000, 8560
0.945000, 8559
0.946000, 8558
0.946000, 8557
0.947000, 8556
0.948000, 8555
0.949000, 8554
0.949000, 8553
0.950000, 8552
0.951000, 8551
0.952000, 8550
0.952000, 8549
0.953000, 8548
0.954000, 8547
0.954000, 8546
0.955000, 8545
0.955000, 8544
0.955000, 8543
0.956000, 8542
0.957000, 8541
0.957000, 8540
0.958000, 8539
0.959000, 8538
0.959000, 8537
0.959000, 8536
0.960000, 8535
0.960000, 8534
0.961000, 8533
0.961000, 8532
0.962000, 8531
0.963000, 8530
0.963000, 8529
0.963000, 8528
0.965000, 8527
0.965000, 8526
0.966000, 8525
0.967000, 8524
0.967000, 8523
0.968000, 8522
0.968000, 8521
0.969000, 8520
0.969000, 8519
0.970000, 8518
0.971000, 8517
0.971000, 8516
0.972000, 8515
0.972000, 8514
0.973000, 8513
0.974000, 8512
0.974000, 8511
0.975000, 8510
0.975000, 8509
0.976000, 8508
0.976000, 8507
0.977000, 8506
0.979000, 8505
0.980000, 8504
0.981000, 8503
0.981000, 8502
0.982000, 8501
0.982000, 8500
0.983000, 8499
0.983000, 8498
0.985000, 8497
0.985000, 8496
0.986000, 8495
0.986000, 8494
0.986000, 8493
0.986000, 8492
0.987000, 8491
0.987000, 8490
0.988000, 8489
0.988000, 8488
0.988000, 8487
0.989000, 8486
0.989000, 8485
0.991000, 8484
0.992000, 8483
0.993000, 8482
0.994000, 8481
0.994000, 8480
0.994000, 8479
0.994000, 8478
0.995000, 8477
0.995000, 8476
0.996000, 8475
0.996000, 8474
0.997000, 8473
0.998000, 8472
0.998000, 8471
0.999000, 8470
1.000000, 8469
1.000000, 8468
1.000000, 8467
1.000000, 8466
1.002000, 8465
1.002000, 8464
1.002000, 8463
1.004000, 8462
1.005000, 8461
1.005000, 8460
1.006000, 8459
1.006000, 8458
1.007000, 8457
1.008000, 8456
1.009000, 8455
1.011000, 8454
1.011000, 8453
1.014000, 8452
1.014000, 8451
1.015000, 8450
1.015000, 8449
1.015000, 8448
1.015000, 8447
1.016000, 8446
1.017000, 8445
1.017000, 8444
1.018000, 8443
1.018000, 8442
1.020000, 8441
1.020000, 8440
1.020000, 8439
1.021000, 8438
1.022000, 8437
1.022000, 8436
1.024000, 8435
1.026000, 8434
1.027000, 8433
1.029000, 8432
1.030000, 8431
1.031000, 8430
1.031000, 8429
1.032000, 8428
1.032000, 8427
1.033000, 8426
1.033000, 8425
1.033000, 8424
1.034000, 8423
1.034000, 8422
1.035000, 8421
1.036000, 8420
1.036000, 8419
1.037000, 8418
1.037000, 8417
1.038000, 8416
1.038000, 8415
1.039000, 8414
1.039000, 8413
1.040000, 8412
1.041000, 8411
1.041000, 8410
1.042000, 8409
1.042000, 8408
1.042000, 8407
1.043000, 8406
1.045000, 8405
1.046000, 8404
1.046000, 8403
1.046000, 8402
1.047000, 8401
1.048000, 8400
1.048000, 8399
1.048000, 8398
1.048000, 8397
1.049000, 8396
1.049000, 8395
1.053000, 8394
1.054000, 8393
1.056000, 8392
1.056000, 8391
1.056000, 8390
1.057000, 8389
1.058000, 8388
1.059000, 8387
1.060000, 8386
1.062000, 8385
1.063000, 8384
1.063000, 8383
1.064000, 8382
1.065000, 8381
1.066000, 8380
1.066000, 8379
1.067000, 8378
1.067000, 8377
1.068000, 8376
1.068000, 8375
1.069000, 8374
1.069000, 8373
1.069000, 8372
1.070000, 8371
1.070000, 8370
1.071000, 8369
1.071000, 8368
1.071000, 8367
1.072000, 8366
1.072000, 8365
1.076000, 8364
1.077000, 8363
1.077000, 8362
1.078000, 8361
1.080000, 8360
1.081000, 8359
1.082000, 8358
1.082000, 8357
1.083000, 8356
1.083000, 8355
1.084000, 8354
1.084000, 8353
1.085000, 8352
1.085000, 8351
1.086000, 8350
1.087000, 8349
1.087000, 8348
1.089000, 8347
1.089000, 8346
1.090000, 8345
1.090000, 8344
1.091000, 8343
1.092000, 8342
1.093000, 8341
1.094000, 8340
1.094000, 8339
1.094000, 8338
1.095000, 8337
1.096000, 8336
1.096000, 8335
1.097000, 8334
1.098000, 8333
1.099000, 8332
1.099000, 8331
1.101000, 8330
1.101000, 8329
1.101000, 8328
1.102000, 8327
1.103000, 8326
1.104000, 8325
1.104000, 8324
1.105000, 8323
1.105000, 8322
1.106000, 8321
1.107000, 8320
1.107000, 8319
1.108000, 8318
1.109000, 8317
1.110000, 8316
1.110000, 8315
1.111000, 8314
1.112000, 8313
1.115000, 8312
1.117000, 8311
1.117000, 8310
1.117000, 8309
1.119000, 8308
1.120000, 8307
1.121000, 8306
1.121000, 8305
1.121000, 8304
1.122000, 8303
1.122000, 8302
1.123000, 8301
1.123000, 8300
1.123000, 8299
1.125000, 8298
1.128000, 8297
1.128000, 8296
1.129000, 8295
1.129000, 8294
1.129000, 8293
1.129000, 8292
1.132000, 8291
1.133000, 8290
1.133000, 8289
1.134000, 8288
1.134000, 8287
1.134000, 8286
1.134000, 8285
1.135000, 8284
1.136000, 8283
1.136000, 8282
1.137000, 8281
1.138000, 8280
1.140000, 8279
1.140000, 8278
1.141000, 8277
1.142000, 8276
1.142000, 8275
1.142000, 8274
1.143000, 8273
1.144000, 8272
1.144000, 8271
1.146000, 8270
1.146000, 8269
1.148000, 8268
1.148000, 8267
1.150000, 8266
1.150000, 8265
1.153000, 8264
1.153000, 8263
1.155000, 8262
1.158000, 8261
1.160000, 8260
1.161000, 8259
1.162000, 8258
1.165000, 8257
1.165000, 8256
1.166000, 8255
1.166000, 8254
1.166000, 8253
1.167000, 8252
1.173000, 8251
1.175000, 8250
1.176000, 8249
1.177000, 8248
1.179000, 8247
1.179000, 8246
1.180000, 8245
1.181000, 8244
1.181000, 8243
1.182000, 8242
1.182000, 8241
1.184000, 8240
1.187000, 8239
1.187000, 8238
1.188000, 8237
1.191000, 8236
1.194000, 8235
1.195000, 8234
1.195000, 8233
1.196000, 8232
1.199000, 8231
1.200000, 8230
1.201000, 8229
1.201000, 8228
1.202000, 8227
1.204000, 8226
1.205000, 8225
1.205000, 8224
1.205000, 8223
1.206000, 8222
1.207000, 8221
1.211000, 8220
1.212000, 8219
1.214000, 8218
1.214000, 8217
1.215000, 8216
1.215000, 8215
1.216000, 8214
1.216000, 8213
1.218000, 8212
1.221000, 8211
1.222000, 8210
1.223000, 8209
1.223000, 8208
1.223000, 8207
1.224000, 8206
1.225000, 8205
1.226000, 8204
1.226000, 8203
1.227000, 8202
1.227000, 8201
1.228000, 8200
1.230000, 8199
1.230000, 8198
1.231000, 8197
1.232000, 8196
1.233000, 8195
1.233000, 8194
1.234000, 8193
1.234000, 8192
1.235000, 8191
1.236000, 8190
1.236000, 8189
1.237000, 8188
1.237000, 8187
1.238000, 8186
1.238000, 8185
1.239000, 8184
1.241000, 8183
1.241000, 8182
1.242000, 8181
1.243000, 8180
1.243000, 8179
1.244000, 8178
1.244000, 8177
1.245000, 8176
1.245000, 8175
1.245000, 8174
1.246000, 8173
1.247000, 8172
1.248000, 8171
1.249000, 8170
1.249000, 8169
1.249000, 8168
1.250000, 8167
1.252000, 8166
1.253000, 8165
1.254000, 8164
1.256000, 8163
1.257000, 8162
1.259000, 8161
1.260000, 8160
1.260000, 8159
1.261000, 8158
1.261000, 8157
1.262000, 8156
1.263000, 8155
1.265000, 8154
1.265000, 8153
1.266000, 8152
1.266000, 8151
1.269000, 8150
1.273000, 8149
1.274000, 8148
1.274000, 8147
1.274000, 8146
1.275000, 8145
1.276000, 8144
1.277000, 8143
1.277000, 8142
1.279000, 8141
1.280000, 8140
1.280000, 8139
1.281000, 8138
1.283000, 8137
1.284000, 8136
1.285000, 8135
1.286000, 8134
1.286000, 8133
1.286000, 8132
1.287000, 8131
1.288000, 8130
1.289000, 8129
1.289000, 8128
1.290000, 8127
1.290000, 8126
1.290000, 8125
1.291000, 8124
1.292000, 8123
1.292000, 8122
1.292000, 8121
1.293000, 8120
1.294000, 8119
1.295000, 8118
1.295000, 8117
1.297000, 8116
1.297000, 8115
1.298000, 8114
1.299000, 8113
1.299000, 8112
1.302000, 8111
1.303000, 8110
1.305000, 8109
1.308000, 8108
1.308000, 8107
1.310000, 8106
1.311000, 8105
1.311000, 8104
1.313000, 8103
1.320000, 8102
1.324000, 8101
1.324000, 8100
1.325000, 8099
1.326000, 8098
1.326000, 8097
1.327000, 8096
1.328000, 8095
1.328000, 8094
1.329000, 8093
1.330000, 8092
1.330000, 8091
1.333000, 8090
1.333000, 8089
1.334000, 8088
1.334000, 8087
1.335000, 8086
1.338000, 8085
1.339000, 8084
1.340000, 8083
1.341000, 8082
1.341000, 8081
1.342000, 8080
1.344000, 8079
1.344000, 8078
1.346000, 8077
1.348000, 8076
1.349000, 8075
1.353000, 8074
1.353000, 8073
1.354000, 8072
1.356000, 8071
1.358000, 8070
1.359000, 8069
1.362000, 8068
1.362000, 8067
1.363000, 8066
1.363000, 8065
1.364000, 8064
1.365000, 8063
1.369000, 8062
1.369000, 8061
1.370000, 8060
1.370000, 8059
1.371000, 8058
1.372000, 8057
1.372000, 8056
1.373000, 8055
1.373000, 8054
1.375000, 8053
1.376000, 8052
1.377000, 8051
1.380000, 8050
1.381000, 8049
1.388000, 8048
1.389000, 8047
1.390000, 8046
1.390000, 8045
1.391000, 8044
1.393000, 8043
1.393000, 8042
1.394000, 8041
1.395000, 8040
1.398000, 8039
1.398000, 8038
1.399000, 8037
1.399000, 8036
1.400000, 8035
1.400000, 8034
1.402000, 8033
1.402000, 8032
1.404000, 8031
1.404000, 8030
1.406000, 8029
1.407000, 8028
1.409000, 8027
1.410000, 8026
1.411000, 8025
1.412000, 8024
1.412000, 8023
1.413000, 8022
1.415000, 8021
1.416000, 8020
1.417000, 8019
1.418000, 8018
1.420000, 8017
1.420000, 8016
1.421000, 8015
1.427000, 8014
1.429000, 8013
1.429000, 8012
1.430000, 8011
1.431000, 8010
1.432000, 8009
1.433000, 8008
1.434000, 8007
1.437000, 8006
1.438000, 8005
1.438000, 8004
1.440000, 8003
1.441000, 8002
1.441000, 8001
1.442000, 8000
1.443000, 7999
1.443000, 7998
1.444000, 7997
1.444000, 7996
1.446000, 7995
1.449000, 7994
1.450000, 7993
1.451000, 7992
1.453000, 7991
1.454000, 7990
1.454000, 7989
1.454000, 7988
1.455000, 7987
1.455000, 7986
1.456000, 7985
1.456000, 7984
1.459000, 7983
1.460000, 7982
1.460000, 7981
1.461000, 7980
1.463000, 7979
1.463000, 7978
1.464000, 7977
1.464000, 7976
1.465000, 7975
1.466000, 7974
1.467000, 7973
1.470000, 7972
1.470000, 7971
1.474000, 7970
1.477000, 7969
1.477000, 7968
1.477000, 7967
1.478000, 7966
1.478000, 7965
1.480000, 7964
1.481000, 7963
1.482000, 7962
1.483000, 7961
1.483000, 7960
1.484000, 7959
1.485000, 7958
1.487000, 7957
1.489000, 7956
1.489000, 7955
1.491000, 7954
1.491000, 7953
1.492000, 7952
1.494000, 7951
1.495000, 7950
1.497000, 7949
1.499000, 7948
1.500000, 7947
1.502000, 7946
1.502000, 7945
1.504000, 7944
1.504000, 7943
1.506000, 7942
1.508000, 7941
1.508000, 7940
1.509000, 7939
1.509000, 7938
1.510000, 7937
1.512000, 7936
1.516000, 7935
1.516000, 7934
1.517000, 7933
1.518000, 7932
1.520000, 7931
1.522000, 7930
1.523000, 7929
1.527000, 7928
1.527000, 7927
1.528000, 7926
1.536000, 7925
1.536000, 7924
1.538000, 7923
1.539000, 7922
1.540000, 7921
1.541000, 7920
1.542000, 7919
1.544000, 7918
1.546000, 7917
1.547000, 7916
1.550000, 7915
1.551000, 7914
1.552000, 7913
1.553000, 7912
1.554000, 7911
1.554000, 7910
1.555000, 7909
1.555000, 7908
1.563000, 7907
1.566000, 7906
1.567000, 7905
1.567000, 7904
1.568000, 7903
1.570000, 7902
1.570000, 7901
1.571000, 7900
1.571000, 7899
1.572000, 7898
1.573000, 7897
1.574000, 7896
1.580000, 7895
1.580000, 7894
1.580000, 7893
1.582000, 7892
1.582000, 7891
1.583000, 7890
1.586000, 7889
1.586000, 7888
1.589000, 7887
1.589000, 7886
1.594000, 7885
1.594000, 7884
1.597000, 7883
1.598000, 7882
1.598000, 7881
1.602000, 7880
1.602000, 7879
1.608000, 7878
1.613000, 7877
1.617000, 7876
1.617000, 7875
1.619000, 7874
1.619000, 7873
1.621000, 7872
1.625000, 7871
1.626000, 7870
1.628000, 7869
1.633000, 7868
1.633000, 7867
1.634000, 7866
1.634000, 7865
1.637000, 7864
1.638000, 7863
1.638000, 7862
1.639000, 7861
1.641000, 7860
1.642000, 7859
1.644000, 7858
1.655000, 7857
1.657000, 7856
1.657000, 7855
1.658000, 7854
1.659000, 7853
1.659000, 7852
1.660000, 7851
1.663000, 7850
1.664000, 7849
1.666000, 7848
1.667000, 7847
1.673000, 7846
1.674000, 7845
1.674000, 7844
1.677000, 7843
1.679000, 7842
1.681000, 7841
1.688000, 7840
1.690000, 7839
1.692000, 7838
1.692000, 7837
1.693000, 7836
1.695000, 7835
1.697000, 7834
1.700000, 7833
1.703000, 7832
1.705000, 7831
1.706000, 7830
1.708000, 7829
1.710000, 7828
1.711000, 7827
1.712000, 7826
1.713000, 7825
1.715000, 7824
1.716000, 7823
1.716000, 7822
1.717000, 7821
1.718000, 7820
1.719000, 7819
1.721000, 7818
1.723000, 7817
1.724000, 7816
1.737000, 7815
1.742000, 7814
1.742000, 7813
1.743000, 7812
1.746000, 7811
1.747000, 7810
1.747000, 7809
1.747000, 7808
1.748000, 7807
1.751000, 7806
1.751000, 7805
1.753000, 7804
1.754000, 7803
1.756000, 7802
1.757000, 7801
1.758000, 7800
1.759000, 7799
1.763000, 7798
1.763000, 7797
1.767000, 7796
1.768000, 7795
1.770000, 7794
1.771000, 7793
1.774000, 7792
1.774000, 7791
1.775000, 7790
1.779000, 7789
1.783000, 7788
1.785000, 7787
1.786000, 7786
1.787000, 7785
1.788000, 7784
1.791000, 7783
1.792000, 7782
1.795000, 7781
1.798000, 7780
1.802000, 7779
1.802000, 7778
1.806000, 7777
1.807000, 7776
1.808000, 7775
1.809000, 7774
1.811000, 7773
1.811000, 7772
1.814000, 7771
1.822000, 7770
1.826000, 7769
1.828000, 7768
1.830000, 7767
1.833000, 7766
1.835000, 7765
1.839000, 7764
1.840000, 7763
1.845000, 7762
1.847000, 7761
1.851000, 7760
1.856000, 7759
1.857000, 7758
1.859000, 7757
1.862000, 7756
1.866000, 7755
1.866000, 7754
1.868000, 7753
1.869000, 7752
1.869000, 7751
1.870000, 7750
1.871000, 7749
1.872000, 7748
1.883000, 7747
1.887000, 7746
1.889000, 7745
1.892000, 7744
1.892000, 7743
1.903000, 7742
1.905000, 7741
1.908000, 7740
1.912000, 7739
1.915000, 7738
1.919000, 7737
1.923000, 7736
1.925000, 7735
1.927000, 7734
1.930000, 7733
1.932000, 7732
1.934000, 7731
1.936000, 7730
1.937000, 7729
1.949000, 7728
1.950000, 7727
1.955000, 7726
1.956000, 7725
1.963000, 7724
1.969000, 7723
1.971000, 7722
1.975000, 7721
1.976000, 7720
1.980000, 7719
1.981000, 7718
1.983000, 7717
1.993000, 7716
1.994000, 7715
2.004000, 7714
2.005000, 7713
2.025000, 7712
2.027000, 7711
2.032000, 7710
2.038000, 7709
2.039000, 7708
2.039000, 7707
2.040000, 7706
2.041000, 7705
2.057000, 7704
2.062000, 7703
2.064000, 7702
2.080000, 7701
2.085000, 7700
2.085000, 7699
2.090000, 7698
2.091000, 7697
2.092000, 7696
2.092000, 7695
2.093000, 7694
2.098000, 7693
2.099000, 7692
2.102000, 7691
2.104000, 7690
2.105000, 7689
2.107000, 7688
2.109000, 7687
2.109000, 7686
2.112000, 7685
2.113000, 7684
2.117000, 7683
2.125000, 7682
2.126000, 7681
2.129000, 7680
2.144000, 7679
2.145000, 7678
2.145000, 7677
2.146000, 7676
2.148000, 7675
2.149000, 7674
2.151000, 7673
2.157000, 7672
2.173000, 7671
2.178000, 7670
2.178000, 7669
2.188000, 7668
2.211000, 7667
2.227000, 7666
2.231000, 7665
2.232000, 7664
2.243000, 7663
2.243000, 7662
2.251000, 7661
2.261000, 7660
2.267000, 7659
2.275000, 7658
2.281000, 7657
2.282000, 7656
2.287000, 7655
2.303000, 7654
2.306000, 7653
2.306000, 7652
2.316000, 7651
2.326000, 7650
2.338000, 7649
2.341000, 7648
2.342000, 7647
2.353000, 7646
2.363000, 7645
2.380000, 7644
2.385000, 7643
2.389000, 7642
2.395000, 7641
2.398000, 7640
2.400000, 7639
2.406000, 7638
2.408000, 7637
2.415000, 7636
2.416000, 7635
2.418000, 7634
2.443000, 7633
2.445000, 7632
2.445000, 7631
2.461000, 7630
2.470000, 7629
2.472000, 7628
2.495000, 7627
2.545000, 7626
2.550000, 7625
2.554000, 7624
2.559000, 7623
2.561000, 7622
2.570000, 7621
2.587000, 7620
2.600000, 7619
2.612000, 7618
2.623000, 7617
2.625000, 7616
2.658000, 7615
2.665000, 7614
2.702000, 7613
2.726000, 7612
2.740000, 7611
2.794000, 7610
2.825000, 7609
2.826000, 7608
2.855000, 7607
2.861000, 7606
2.875000, 7605
2.888000, 7604
2.891000, 7603
2.893000, 7602
2.894000, 7601
2.943000, 7600
2.968000, 7599
2.981000, 7598
2.993000, 7597
3.003000, 7596
3.007000, 7595
3.081000, 7594
3.088000, 7593
3.093000, 7592
3.121000, 7591
3.134000, 7590
3.180000, 7589
3.201000, 7588
3.236000, 7587
3.283000, 7586
3.342000, 7585
3.392000, 7584
3.436000, 7583
3.450000, 7582
3.486000, 7581
3.488000, 7580
3.496000, 7579
3.551000, 7578
3.653000, 7577
3.721000, 7576
3.763000, 7575
3.776000, 7574
3.777000, 7573
3.784000, 7572
3.826000, 7571
3.834000, 7570
3.953000, 7569
4.087000, 7568
4.117000, 7567
4.326000, 7566
4.416000, 7565
4.462000, 7564
4.489000, 7563
4.586000, 7562
5.040000, 7561
