0.078000, 4862
0.609000, 4861
0.609000, 4860
0.609000, 4859
0.625000, 4858
0.625000, 4857
0.625000, 4856
0.640000, 4855
0.922000, 4854
0.922000, 4853
1.359000, 4852
1.359000, 4851
1.375000, 4850
1.375000, 4849
1.375000, 4848
1.375000, 4847
1.390000, 4846
1.390000, 4845
1.390000, 4844
1.406000, 4843
2.078000, 4842
2.078000, 4841
2.078000, 4840
2.094000, 4839
2.094000, 4838
2.109000, 4837
2.109000, 4836
2.109000, 4835
2.109000, 4834
2.125000, 4833
2.125000, 4832
2.125000, 4831
2.469000, 4830
2.469000, 4829
2.484000, 4828
3.031000, 4827
3.031000, 4826
3.047000, 4825
3.047000, 4824
3.047000, 4823
3.062000, 4822
3.062000, 4821
3.062000, 4820
3.078000, 4819
3.078000, 4818
3.078000, 4817
3.094000, 4816
3.672000, 4815
3.672000, 4814
3.687000, 4813
3.687000, 4812
3.703000, 4811
3.703000, 4810
3.703000, 4809
5.015000, 4808
5.015000, 4807
5.031000, 4806
5.031000, 4805
5.031000, 4804
5.031000, 4803
5.047000, 4802
5.047000, 4801
5.047000, 4800
5.062000, 4799
5.062000, 4798
5.828000, 4797
5.828000, 4796
5.828000, 4795
5.844000, 4794
5.844000, 4793
5.844000, 4792
5.859000, 4791
6.281000, 4790
6.281000, 4789
6.281000, 4788
7.141000, 4787
7.141000, 4786
7.156000, 4785
7.156000, 4784
7.156000, 4783
7.625000, 4782
7.625000, 4781
7.625000, 4780
7.859000, 4779
8.562000, 4778
8.562000, 4777
9.016000, 4776
9.016000, 4775
11.422000, 4774
11.437000, 4773
11.437000, 4772
11.437000, 4771
11.453000, 4770
11.453000, 4769
11.453000, 4768
11.469000, 4767
11.469000, 4766
11.469000, 4765
12.281000, 4764
12.281000, 4763
13.703000, 4762
13.703000, 4761
13.719000, 4760
15.922000, 4759
15.922000, 4758
15.937000, 4757
15.937000, 4756
15.937000, 4755
15.953000, 4754
15.953000, 4753
15.953000, 4752
15.969000, 4751
15.969000, 4750
17.594000, 4749
17.608999, 4748
17.608999, 4747
17.608999, 4746
17.625000, 4745
17.625000, 4744
18.344000, 4743
21.547001, 4742
21.547001, 4741
21.563000, 4740
22.422001, 4739
22.438000, 4738
22.438000, 4737
24.891001, 4736
24.906000, 4735
24.906000, 4734
24.906000, 4733
25.594000, 4732
27.531000, 4731
27.531000, 4730
27.531000, 4729
27.547001, 4728
27.547001, 4727
28.281000, 4726
30.281000, 4725
30.297001, 4724
30.297001, 4723
32.360001, 4722
35.094002, 4721
41.797001, 4720
41.797001, 4719
44.782001, 4718
48.063000, 4717
48.077999, 4716
54.625000, 4715
87.126999, 4714
329.847992, 4713
414.821014, 4712
421.398987, 4711
514.650024, 4710
519.760010, 4709
537.260010, 4708
598.164001, 4707
