0.078000, 4862
0.703000, 4861
0.719000, 4860
1.531000, 4859
1.547000, 4858
1.547000, 4857
1.547000, 4856
1.844000, 4855
1.844000, 4854
1.859000, 4853
1.859000, 4852
1.859000, 4851
1.875000, 4850
1.875000, 4849
1.875000, 4848
1.891000, 4847
2.469000, 4846
2.469000, 4845
2.469000, 4844
3.625000, 4843
3.641000, 4842
3.641000, 4841
3.641000, 4840
3.656000, 4839
3.656000, 4838
3.656000, 4837
3.672000, 4836
3.672000, 4835
3.672000, 4834
3.687000, 4833
3.687000, 4832
4.172000, 4831
4.172000, 4830
4.172000, 4829
4.187000, 4828
4.187000, 4827
5.656000, 4826
5.672000, 4825
5.672000, 4824
5.672000, 4823
5.687000, 4822
5.687000, 4821
5.687000, 4820
5.703000, 4819
5.703000, 4818
5.703000, 4817
5.719000, 4816
5.719000, 4815
5.719000, 4814
5.734000, 4813
5.734000, 4812
5.734000, 4811
6.656000, 4810
6.656000, 4809
6.672000, 4808
7.984000, 4807
7.984000, 4806
8.000000, 4805
8.000000, 4804
8.000000, 4803
8.016000, 4802
8.984000, 4801
9.000000, 4800
9.000000, 4799
9.000000, 4798
9.016000, 4797
9.016000, 4796
9.016000, 4795
9.516000, 4794
9.531000, 4793
9.531000, 4792
9.531000, 4791
10.672000, 4790
10.688000, 4789
10.688000, 4788
10.688000, 4787
10.703000, 4786
12.422000, 4785
12.422000, 4784
12.422000, 4783
12.438000, 4782
12.438000, 4781
12.438000, 4780
12.453000, 4779
12.453000, 4778
12.453000, 4777
12.469000, 4776
12.469000, 4775
12.469000, 4774
12.484000, 4773
12.484000, 4772
13.656000, 4771
13.656000, 4770
13.656000, 4769
14.547000, 4768
14.547000, 4767
14.547000, 4766
14.563000, 4765
14.563000, 4764
15.250000, 4763
16.250000, 4762
16.266001, 4761
16.656000, 4760
19.422001, 4759
19.438000, 4758
19.438000, 4757
19.438000, 4756
19.452999, 4755
19.452999, 4754
20.188000, 4753
20.202999, 4752
20.891001, 4751
20.891001, 4750
20.891001, 4749
20.906000, 4748
20.906000, 4747
21.485001, 4746
21.485001, 4745
22.016001, 4744
22.016001, 4743
25.247999, 4742
25.254000, 4741
25.260000, 4740
25.264999, 4739
25.271999, 4738
25.278000, 4737
27.184999, 4736
27.194000, 4735
27.200001, 4734
27.205000, 4733
29.330000, 4732
30.325001, 4731
30.341000, 4730
34.772999, 4729
34.778999, 4728
37.832001, 4727
37.832001, 4726
37.847000, 4725
37.847000, 4724
40.012001, 4723
40.028000, 4722
40.028000, 4721
42.554001, 4720
42.554001, 4719
42.554001, 4718
42.569000, 4717
44.368999, 4716
44.373001, 4715
44.373001, 4714
48.139000, 4713
59.272999, 4712
59.272999, 4711
59.272999, 4710
88.418999, 4709
492.549988, 4708
533.909973, 4707
551.862976, 4706
