0.078000, 4862
0.797000, 4861
0.797000, 4860
0.797000, 4859
0.812000, 4858
0.812000, 4857
0.812000, 4856
0.828000, 4855
0.828000, 4854
1.547000, 4853
1.547000, 4852
1.547000, 4851
1.562000, 4850
1.562000, 4849
1.562000, 4848
1.578000, 4847
1.578000, 4846
1.578000, 4845
1.594000, 4844
1.594000, 4843
2.047000, 4842
2.906000, 4841
2.906000, 4840
2.906000, 4839
2.922000, 4838
2.922000, 4837
2.922000, 4836
2.922000, 4835
2.937000, 4834
2.937000, 4833
3.797000, 4832
3.812000, 4831
3.812000, 4830
3.812000, 4829
3.828000, 4828
3.828000, 4827
3.828000, 4826
3.844000, 4825
3.844000, 4824
3.844000, 4823
3.859000, 4822
3.859000, 4821
3.859000, 4820
3.875000, 4819
5.078000, 4818
5.094000, 4817
5.094000, 4816
5.094000, 4815
5.109000, 4814
5.109000, 4813
5.109000, 4812
5.422000, 4811
5.437000, 4810
5.437000, 4809
5.437000, 4808
5.453000, 4807
5.453000, 4806
5.453000, 4805
6.016000, 4804
6.031000, 4803
6.031000, 4802
6.031000, 4801
6.047000, 4800
6.047000, 4799
6.500000, 4798
6.500000, 4797
7.562000, 4796
7.562000, 4795
7.578000, 4794
7.578000, 4793
7.578000, 4792
7.594000, 4791
7.594000, 4790
8.687000, 4789
8.687000, 4788
8.687000, 4787
8.703000, 4786
8.703000, 4785
9.828000, 4784
9.828000, 4783
9.828000, 4782
9.844000, 4781
9.844000, 4780
11.125000, 4779
11.141000, 4778
11.141000, 4777
11.141000, 4776
11.156000, 4775
11.156000, 4774
11.156000, 4773
12.219000, 4772
12.219000, 4771
12.234000, 4770
13.437000, 4769
13.437000, 4768
13.453000, 4767
13.453000, 4766
13.453000, 4765
13.469000, 4764
13.469000, 4763
13.469000, 4762
14.359000, 4761
14.359000, 4760
14.531000, 4759
16.452999, 4758
16.452999, 4757
16.452999, 4756
16.469000, 4755
16.469000, 4754
16.469000, 4753
16.844000, 4752
18.672001, 4751
18.688000, 4750
18.688000, 4749
18.688000, 4748
18.702999, 4747
18.702999, 4746
19.797001, 4745
19.797001, 4744
19.797001, 4743
19.983999, 4742
20.000000, 4741
22.108999, 4740
22.125000, 4739
22.125000, 4738
22.125000, 4737
22.141001, 4736
23.391001, 4735
23.391001, 4734
23.406000, 4733
23.406000, 4732
26.172001, 4731
26.188000, 4730
26.188000, 4729
26.188000, 4728
26.202999, 4727
26.202999, 4726
29.219000, 4725
29.235001, 4724
29.235001, 4723
30.125000, 4722
30.125000, 4721
33.077999, 4720
33.094002, 4719
33.094002, 4718
33.094002, 4717
33.110001, 4716
33.110001, 4715
35.577999, 4714
35.577999, 4713
40.189999, 4712
40.189999, 4711
40.189999, 4710
40.205002, 4709
42.719002, 4708
42.724998, 4707
56.501999, 4706
56.501999, 4705
58.023998, 4704
58.028999, 4703
82.704002, 4702
352.863007, 4701
405.691986, 4700
405.691986, 4699
467.333008, 4698
558.521973, 4697
568.193970, 4696
