0.078000, 4862
0.953000, 4861
0.953000, 4860
0.968000, 4859
0.968000, 4858
0.968000, 4857
0.968000, 4856
0.984000, 4855
1.453000, 4854
1.453000, 4853
1.453000, 4852
1.468000, 4851
1.468000, 4850
1.468000, 4849
1.484000, 4848
1.484000, 4847
2.468000, 4846
2.484000, 4845
2.484000, 4844
2.484000, 4843
2.500000, 4842
2.500000, 4841
2.500000, 4840
3.015000, 4839
3.015000, 4838
3.015000, 4837
3.031000, 4836
3.031000, 4835
3.031000, 4834
3.047000, 4833
3.047000, 4832
3.047000, 4831
3.640000, 4830
3.656000, 4829
3.656000, 4828
3.656000, 4827
3.672000, 4826
4.625000, 4825
4.625000, 4824
4.625000, 4823
4.640000, 4822
4.640000, 4821
4.640000, 4820
4.656000, 4819
6.265000, 4818
6.265000, 4817
6.281000, 4816
6.281000, 4815
6.281000, 4814
6.297000, 4813
6.297000, 4812
6.297000, 4811
6.312000, 4810
7.234000, 4809
7.250000, 4808
7.250000, 4807
7.250000, 4806
7.265000, 4805
7.265000, 4804
7.265000, 4803
7.281000, 4802
7.281000, 4801
7.281000, 4800
7.297000, 4799
7.297000, 4798
7.937000, 4797
7.937000, 4796
7.937000, 4795
7.953000, 4794
7.953000, 4793
7.953000, 4792
8.437000, 4791
8.437000, 4790
8.640000, 4789
8.656000, 4788
8.656000, 4787
8.656000, 4786
8.672000, 4785
9.547000, 4784
9.562000, 4783
9.562000, 4782
9.562000, 4781
9.578000, 4780
9.890000, 4779
9.906000, 4778
9.906000, 4777
9.906000, 4776
9.906000, 4775
10.484000, 4774
10.484000, 4773
10.484000, 4772
10.500000, 4771
10.500000, 4770
10.500000, 4769
10.875000, 4768
10.875000, 4767
11.875000, 4766
11.875000, 4765
11.890000, 4764
11.890000, 4763
11.890000, 4762
13.093000, 4761
13.093000, 4760
13.093000, 4759
13.109000, 4758
14.234000, 4757
14.234000, 4756
14.250000, 4755
15.469000, 4754
15.469000, 4753
15.469000, 4752
15.484000, 4751
17.202999, 4750
17.202999, 4749
17.202999, 4748
17.219000, 4747
17.219000, 4746
17.219000, 4745
17.858999, 4744
17.858999, 4743
18.608999, 4742
18.625000, 4741
20.625000, 4740
20.639999, 4739
20.639999, 4738
20.639999, 4737
23.358999, 4736
23.375000, 4735
23.375000, 4734
23.375000, 4733
23.389999, 4732
23.389999, 4731
24.139999, 4730
24.139999, 4729
24.156000, 4728
26.297001, 4727
26.297001, 4726
26.297001, 4725
27.500000, 4724
27.500000, 4723
27.516001, 4722
27.516001, 4721
30.516001, 4720
30.516001, 4719
30.516001, 4718
31.000000, 4717
31.000000, 4716
32.719002, 4715
33.655998, 4714
36.062000, 4713
36.062000, 4712
36.077999, 4711
36.077999, 4710
38.547001, 4709
39.515999, 4708
39.515999, 4707
43.625000, 4706
47.922001, 4705
47.922001, 4704
78.813004, 4703
98.890999, 4702
109.713997, 4701
249.959000, 4700
