0.084000, 4862
0.469000, 4861
0.477000, 4860
0.481000, 4859
0.485000, 4858
1.076000, 4857
1.080000, 4856
1.618000, 4855
1.622000, 4854
1.626000, 4853
1.634000, 4852
1.638000, 4851
1.642000, 4850
2.324000, 4849
2.324000, 4848
2.324000, 4847
2.340000, 4846
2.340000, 4845
2.340000, 4844
2.356000, 4843
2.356000, 4842
2.371000, 4841
2.559000, 4840
2.574000, 4839
2.574000, 4838
2.762000, 4837
3.574000, 4836
3.574000, 4835
3.574000, 4834
3.589000, 4833
3.589000, 4832
3.589000, 4831
3.605000, 4830
3.605000, 4829
4.085000, 4828
4.100000, 4827
4.100000, 4826
5.407000, 4825
5.422000, 4824
5.422000, 4823
5.422000, 4822
5.438000, 4821
5.438000, 4820
5.454000, 4819
5.454000, 4818
5.454000, 4817
5.469000, 4816
5.469000, 4815
5.469000, 4814
5.485000, 4813
5.485000, 4812
5.485000, 4811
6.272000, 4810
6.272000, 4809
6.288000, 4808
7.434000, 4807
7.434000, 4806
7.434000, 4805
7.450000, 4804
7.450000, 4803
7.450000, 4802
7.465000, 4801
7.465000, 4800
7.465000, 4799
7.481000, 4798
8.058000, 4797
8.058000, 4796
8.073000, 4795
8.073000, 4794
8.761000, 4793
8.761000, 4792
8.761000, 4791
8.777000, 4790
8.777000, 4789
10.636000, 4788
10.652000, 4787
10.652000, 4786
10.652000, 4785
10.667000, 4784
10.667000, 4783
10.667000, 4782
12.321000, 4781
12.326000, 4780
12.332000, 4779
12.337000, 4778
12.343000, 4777
12.344000, 4776
13.022000, 4775
13.038000, 4774
13.038000, 4773
13.038000, 4772
13.594000, 4771
13.594000, 4770
13.609000, 4769
13.625000, 4768
13.625000, 4767
13.640000, 4766
13.991000, 4765
14.007000, 4764
14.007000, 4763
14.682000, 4762
14.682000, 4761
14.698000, 4760
15.132000, 4759
15.639000, 4758
15.645000, 4757
17.698999, 4756
17.705000, 4755
17.711000, 4754
17.716000, 4753
17.721001, 4752
19.323000, 4751
19.323000, 4750
20.980000, 4749
20.995001, 4748
20.995001, 4747
20.995001, 4746
21.011000, 4745
21.011000, 4744
22.813000, 4743
22.813000, 4742
22.813000, 4741
23.243999, 4740
24.944000, 4739
24.959999, 4738
24.959999, 4737
24.959999, 4736
24.976000, 4735
24.976000, 4734
26.745001, 4733
26.745001, 4732
26.745001, 4731
26.761000, 4730
28.698000, 4729
28.698000, 4728
28.714001, 4727
30.959999, 4726
30.959999, 4725
30.975000, 4724
30.975000, 4723
33.806999, 4722
33.823002, 4721
33.823002, 4720
33.823002, 4719
35.375000, 4718
38.375999, 4717
38.375999, 4716
40.022999, 4715
40.022999, 4714
40.037998, 4713
41.474998, 4712
43.296001, 4711
49.323002, 4710
78.975998, 4709
78.990997, 4708
347.819000, 4707
355.658997, 4706
544.887024, 4705
