0.078000, 4862
0.625000, 4861
0.625000, 4860
0.641000, 4859
0.641000, 4858
1.759000, 4857
1.766000, 4856
1.772000, 4855
1.778000, 4854
1.783000, 4853
1.788000, 4852
1.794000, 4851
1.799000, 4850
3.473000, 4849
3.473000, 4848
3.473000, 4847
3.489000, 4846
3.489000, 4845
3.504000, 4844
3.504000, 4843
3.504000, 4842
3.504000, 4841
3.520000, 4840
3.520000, 4839
3.535000, 4838
3.535000, 4837
3.535000, 4836
3.551000, 4835
3.551000, 4834
3.551000, 4833
3.567000, 4832
4.879000, 4831
4.879000, 4830
4.879000, 4829
4.895000, 4828
4.895000, 4827
4.895000, 4826
4.910000, 4825
4.910000, 4824
4.910000, 4823
4.926000, 4822
5.176000, 4821
5.176000, 4820
5.176000, 4819
5.192000, 4818
5.192000, 4817
5.192000, 4816
5.192000, 4815
5.207000, 4814
5.754000, 4813
5.754000, 4812
5.770000, 4811
5.770000, 4810
5.770000, 4809
5.785000, 4808
6.551000, 4807
6.567000, 4806
6.567000, 4805
6.567000, 4804
6.582000, 4803
6.582000, 4802
6.582000, 4801
6.598000, 4800
6.598000, 4799
7.957000, 4798
7.973000, 4797
7.973000, 4796
7.973000, 4795
7.989000, 4794
7.989000, 4793
7.989000, 4792
8.004000, 4791
8.004000, 4790
8.004000, 4789
8.020000, 4788
8.020000, 4787
8.020000, 4786
8.036000, 4785
8.036000, 4784
9.817000, 4783
9.832000, 4782
9.832000, 4781
9.832000, 4780
9.848000, 4779
9.848000, 4778
9.848000, 4777
9.864000, 4776
10.895000, 4775
10.895000, 4774
10.911000, 4773
10.911000, 4772
10.911000, 4771
10.926000, 4770
10.926000, 4769
10.926000, 4768
10.942000, 4767
10.942000, 4766
10.942000, 4765
13.364000, 4764
13.379000, 4763
13.379000, 4762
13.379000, 4761
14.067000, 4760
14.082000, 4759
14.911000, 4758
14.926000, 4757
14.926000, 4756
16.739000, 4755
16.739000, 4754
16.754000, 4753
16.754000, 4752
16.754000, 4751
16.770000, 4750
16.770000, 4749
16.770000, 4748
16.785999, 4747
17.473000, 4746
17.473000, 4745
18.211000, 4744
18.216999, 4743
19.193001, 4742
19.618999, 4741
20.040001, 4740
21.855000, 4739
22.694000, 4738
22.700001, 4737
22.705000, 4736
23.089001, 4735
23.097000, 4734
24.236000, 4733
24.236000, 4732
24.252001, 4731
24.252001, 4730
24.252001, 4729
24.268000, 4728
29.410999, 4727
29.427000, 4726
29.427000, 4725
29.427000, 4724
29.443001, 4723
29.443001, 4722
32.755001, 4721
32.755001, 4720
32.771000, 4719
36.571999, 4718
39.916000, 4717
39.916000, 4716
43.071999, 4715
43.071999, 4714
43.088001, 4713
52.118999, 4712
52.134998, 4711
59.541000, 4710
59.541000, 4709
63.509998, 4708
73.978996, 4707
78.978996, 4706
319.785004, 4705
369.640015, 4704
