0.062000, 4862
0.906000, 4861
0.906000, 4860
0.922000, 4859
0.922000, 4858
0.922000, 4857
0.937000, 4856
0.937000, 4855
1.359000, 4854
1.375000, 4853
1.375000, 4852
1.375000, 4851
1.390000, 4850
2.047000, 4849
2.047000, 4848
2.062000, 4847
2.062000, 4846
2.062000, 4845
2.078000, 4844
2.078000, 4843
2.078000, 4842
2.094000, 4841
2.094000, 4840
2.094000, 4839
2.109000, 4838
2.500000, 4837
2.500000, 4836
2.500000, 4835
2.515000, 4834
2.515000, 4833
2.515000, 4832
2.531000, 4831
3.656000, 4830
3.672000, 4829
3.672000, 4828
3.672000, 4827
3.687000, 4826
3.687000, 4825
3.687000, 4824
3.703000, 4823
3.703000, 4822
3.703000, 4821
4.875000, 4820
4.875000, 4819
4.875000, 4818
4.891000, 4817
4.891000, 4816
5.250000, 4815
5.250000, 4814
5.266000, 4813
5.266000, 4812
6.125000, 4811
6.141000, 4810
6.141000, 4809
6.141000, 4808
6.156000, 4807
6.156000, 4806
6.156000, 4805
7.422000, 4804
7.422000, 4803
7.437000, 4802
7.437000, 4801
7.437000, 4800
7.453000, 4799
7.453000, 4798
7.453000, 4797
7.453000, 4796
8.703000, 4795
8.703000, 4794
8.719000, 4793
8.719000, 4792
8.719000, 4791
8.734000, 4790
8.734000, 4789
9.906000, 4788
9.922000, 4787
9.922000, 4786
9.922000, 4785
9.937000, 4784
11.219000, 4783
11.234000, 4782
11.234000, 4781
11.234000, 4780
11.250000, 4779
11.250000, 4778
11.250000, 4777
11.266000, 4776
11.547000, 4775
12.125000, 4774
12.141000, 4773
12.969000, 4772
12.984000, 4771
12.984000, 4770
13.203000, 4769
13.203000, 4768
14.469000, 4767
14.469000, 4766
14.484000, 4765
14.484000, 4764
17.031000, 4763
17.031000, 4762
17.047001, 4761
17.047001, 4760
17.047001, 4759
17.063000, 4758
17.063000, 4757
17.063000, 4756
18.375000, 4755
18.391001, 4754
18.391001, 4753
18.391001, 4752
19.469000, 4751
19.469000, 4750
19.483999, 4749
21.313000, 4748
21.313000, 4747
21.327999, 4746
21.327999, 4745
22.202999, 4744
22.202999, 4743
23.672001, 4742
23.688000, 4741
24.608999, 4740
24.625000, 4739
24.625000, 4738
24.625000, 4737
24.641001, 4736
24.641001, 4735
25.500000, 4734
25.500000, 4733
27.235001, 4732
27.235001, 4731
28.922001, 4730
28.922001, 4729
28.938000, 4728
28.938000, 4727
28.938000, 4726
30.656000, 4725
30.656000, 4724
32.985001, 4723
34.577999, 4722
34.577999, 4721
34.797001, 4720
35.905998, 4719
37.610001, 4718
37.610001, 4717
38.735001, 4716
44.452999, 4715
44.452999, 4714
47.563000, 4713
49.047001, 4712
51.828999, 4711
65.829002, 4710
65.844002, 4709
82.000999, 4708
89.875999, 4707
286.915985, 4706
338.329010, 4705
539.681030, 4704
539.684998, 4703
577.817993, 4702
597.291016, 4701
