0.082000, 4862
0.992000, 4861
0.998000, 4860
1.005000, 4859
1.012000, 4858
1.017000, 4857
1.023000, 4856
1.028000, 4855
1.034000, 4854
1.848000, 4853
1.854000, 4852
1.860000, 4851
1.869000, 4850
1.877000, 4849
1.883000, 4848
1.889000, 4847
1.895000, 4846
1.900000, 4845
1.908000, 4844
1.914000, 4843
1.921000, 4842
1.926000, 4841
1.932000, 4840
3.433000, 4839
3.439000, 4838
3.447000, 4837
3.452000, 4836
3.458000, 4835
3.464000, 4834
3.469000, 4833
3.475000, 4832
3.481000, 4831
3.487000, 4830
4.198000, 4829
4.203000, 4828
4.209000, 4827
4.214000, 4826
4.220000, 4825
4.227000, 4824
4.233000, 4823
4.238000, 4822
6.731000, 4821
6.736000, 4820
6.744000, 4819
6.750000, 4818
6.756000, 4817
6.762000, 4816
6.767000, 4815
6.773000, 4814
6.778000, 4813
6.784000, 4812
6.790000, 4811
6.796000, 4810
6.801000, 4809
6.807000, 4808
7.291000, 4807
7.297000, 4806
8.031000, 4805
8.037000, 4804
8.042000, 4803
8.048000, 4802
8.053000, 4801
8.058000, 4800
8.065000, 4799
8.749000, 4798
8.755000, 4797
8.761000, 4796
8.766000, 4795
9.230000, 4794
10.572000, 4793
10.578000, 4792
10.583000, 4791
10.589000, 4790
10.594000, 4789
10.600000, 4788
10.605000, 4787
10.611000, 4786
12.170000, 4785
12.176000, 4784
12.181000, 4783
12.186000, 4782
12.192000, 4781
14.843000, 4780
14.848000, 4779
14.854000, 4778
14.860000, 4777
14.869000, 4776
14.876000, 4775
14.882000, 4774
14.888000, 4773
14.894000, 4772
14.899000, 4771
14.905000, 4770
14.911000, 4769
16.826000, 4768
16.832001, 4767
16.837999, 4766
19.495001, 4765
19.500999, 4764
19.507000, 4763
19.513000, 4762
19.518999, 4761
19.525999, 4760
19.533001, 4759
19.538000, 4758
19.544001, 4757
19.549000, 4756
19.555000, 4755
19.561001, 4754
19.566999, 4753
20.368000, 4752
20.372999, 4751
20.379000, 4750
20.384001, 4749
20.938000, 4748
20.944000, 4747
22.191999, 4746
22.198000, 4745
22.204000, 4744
25.068001, 4743
25.075001, 4742
25.080999, 4741
25.087000, 4740
29.954000, 4739
29.959999, 4738
29.966999, 4737
31.465000, 4736
31.471001, 4735
33.202999, 4734
35.202999, 4733
35.209000, 4732
35.215000, 4731
35.866001, 4730
35.872002, 4729
38.952999, 4728
38.958000, 4727
44.166000, 4726
44.171001, 4725
48.279999, 4724
49.784000, 4723
49.789001, 4722
51.365002, 4721
51.369999, 4720
51.375000, 4719
56.486000, 4718
56.491001, 4717
66.045998, 4716
66.052002, 4715
66.056999, 4714
66.588997, 4713
71.087997, 4712
81.105003, 4711
363.484009, 4710
432.299011, 4709
477.972992, 4708
