0.078000, 4862
0.484000, 4861
0.484000, 4860
0.500000, 4859
0.500000, 4858
1.000000, 4857
1.000000, 4856
1.000000, 4855
1.016000, 4854
1.016000, 4853
1.312000, 4852
1.328000, 4851
1.328000, 4850
1.328000, 4849
1.344000, 4848
1.344000, 4847
1.344000, 4846
1.969000, 4845
1.984000, 4844
1.984000, 4843
1.984000, 4842
2.000000, 4841
2.000000, 4840
2.281000, 4839
2.297000, 4838
2.297000, 4837
2.297000, 4836
3.172000, 4835
3.172000, 4834
3.188000, 4833
3.188000, 4832
3.188000, 4831
3.203000, 4830
4.234000, 4829
4.234000, 4828
4.250000, 4827
4.250000, 4826
4.250000, 4825
4.266000, 4824
4.266000, 4823
4.266000, 4822
4.750000, 4821
4.750000, 4820
4.750000, 4819
4.766000, 4818
4.766000, 4817
4.766000, 4816
5.531000, 4815
5.531000, 4814
5.531000, 4813
5.547000, 4812
5.547000, 4811
5.547000, 4810
5.563000, 4809
5.563000, 4808
5.563000, 4807
6.578000, 4806
6.578000, 4805
6.578000, 4804
6.594000, 4803
6.594000, 4802
7.297000, 4801
7.297000, 4800
7.297000, 4799
8.438000, 4798
8.438000, 4797
8.453000, 4796
8.453000, 4795
8.453000, 4794
8.469000, 4793
8.469000, 4792
8.732000, 4791
8.738000, 4790
8.743000, 4789
8.749000, 4788
9.146000, 4787
9.150000, 4786
9.157000, 4785
9.162000, 4784
9.168000, 4783
9.173000, 4782
10.647000, 4781
10.647000, 4780
10.647000, 4779
10.662000, 4778
10.662000, 4777
10.662000, 4776
10.678000, 4775
10.678000, 4774
10.678000, 4773
10.694000, 4772
11.959000, 4771
11.959000, 4770
11.975000, 4769
11.975000, 4768
11.991000, 4767
11.991000, 4766
11.991000, 4765
12.006000, 4764
12.006000, 4763
12.006000, 4762
12.272000, 4761
14.319000, 4760
14.319000, 4759
14.319000, 4758
14.319000, 4757
14.334000, 4756
14.334000, 4755
14.334000, 4754
14.350000, 4753
14.350000, 4752
14.350000, 4751
14.366000, 4750
15.428000, 4749
15.428000, 4748
15.428000, 4747
15.444000, 4746
15.444000, 4745
15.444000, 4744
15.459000, 4743
17.412001, 4742
17.412001, 4741
17.427999, 4740
17.427999, 4739
17.427999, 4738
17.444000, 4737
18.990999, 4736
18.990999, 4735
19.006001, 4734
19.475000, 4733
19.490999, 4732
21.663000, 4731
21.663000, 4730
21.663000, 4729
21.677999, 4728
22.740999, 4727
22.756001, 4726
24.990999, 4725
24.990999, 4724
25.006001, 4723
26.146999, 4722
26.146999, 4721
26.163000, 4720
27.069000, 4719
27.084000, 4718
28.427999, 4717
28.427999, 4716
31.084999, 4715
31.084999, 4714
31.100000, 4713
34.756001, 4712
37.256001, 4711
37.256001, 4710
50.396999, 4709
50.396999, 4708
51.334999, 4707
55.257000, 4706
73.897003, 4705
106.789001, 4704
106.789001, 4703
164.128006, 4702
213.169998, 4701
243.283005, 4700
324.174988, 4699
418.808014, 4698
418.808014, 4697
479.746002, 4696
524.773987, 4695
