0.078000, 4862
0.640000, 4861
0.640000, 4860
0.640000, 4859
0.656000, 4858
0.656000, 4857
0.656000, 4856
0.672000, 4855
0.672000, 4854
1.093000, 4853
1.093000, 4852
1.093000, 4851
1.093000, 4850
1.109000, 4849
1.109000, 4848
1.765000, 4847
1.765000, 4846
1.765000, 4845
1.781000, 4844
1.781000, 4843
1.781000, 4842
1.797000, 4841
2.203000, 4840
2.218000, 4839
2.218000, 4838
2.218000, 4837
2.640000, 4836
2.656000, 4835
2.656000, 4834
2.656000, 4833
2.656000, 4832
2.672000, 4831
2.906000, 4830
2.906000, 4829
2.922000, 4828
2.922000, 4827
2.922000, 4826
3.718000, 4825
3.718000, 4824
3.734000, 4823
3.734000, 4822
3.734000, 4821
3.750000, 4820
3.750000, 4819
3.750000, 4818
3.765000, 4817
4.609000, 4816
4.609000, 4815
4.609000, 4814
5.547000, 4813
5.562000, 4812
5.562000, 4811
5.562000, 4810
7.484000, 4809
7.484000, 4808
7.500000, 4807
7.500000, 4806
7.500000, 4805
7.515000, 4804
7.515000, 4803
7.515000, 4802
7.531000, 4801
7.531000, 4800
7.531000, 4799
7.531000, 4798
7.547000, 4797
7.547000, 4796
7.547000, 4795
7.562000, 4794
8.719000, 4793
8.734000, 4792
8.734000, 4791
8.734000, 4790
10.922000, 4789
10.922000, 4788
10.922000, 4787
10.937000, 4786
10.937000, 4785
10.937000, 4784
10.953000, 4783
10.953000, 4782
10.953000, 4781
10.969000, 4780
10.969000, 4779
12.265000, 4778
12.281000, 4777
12.281000, 4776
12.281000, 4775
12.297000, 4774
12.297000, 4773
12.297000, 4772
12.297000, 4771
12.312000, 4770
12.312000, 4769
12.312000, 4768
13.953000, 4767
13.953000, 4766
13.969000, 4765
13.969000, 4764
13.969000, 4763
13.969000, 4762
13.984000, 4761
13.984000, 4760
15.406000, 4759
15.406000, 4758
15.422000, 4757
16.547001, 4756
16.562000, 4755
16.562000, 4754
16.562000, 4753
17.094000, 4752
18.483999, 4751
18.483999, 4750
18.500000, 4749
18.889999, 4748
20.672001, 4747
20.672001, 4746
20.672001, 4745
20.672001, 4744
20.687000, 4743
23.608999, 4742
23.625000, 4741
23.625000, 4740
23.625000, 4739
23.641001, 4738
23.641001, 4737
25.233999, 4736
25.233999, 4735
25.233999, 4734
25.250000, 4733
25.250000, 4732
25.250000, 4731
26.672001, 4730
26.672001, 4729
26.687000, 4728
29.000000, 4727
29.000000, 4726
34.172001, 4725
34.172001, 4724
34.172001, 4723
34.172001, 4722
34.188000, 4721
41.000000, 4720
41.000000, 4719
41.000000, 4718
41.015999, 4717
41.015999, 4716
41.015999, 4715
47.780998, 4714
49.422001, 4713
49.422001, 4712
49.422001, 4711
52.485001, 4710
53.938000, 4709
61.657001, 4708
249.820007, 4707
298.101990, 4706
339.351990, 4705
