0.015000, 5789
0.015000, 5788
0.015000, 5787
0.015000, 5786
0.015000, 5785
0.015000, 5784
0.015000, 5783
0.015000, 5782
0.015000, 5781
0.015000, 5780
0.015000, 5779
0.015000, 5778
0.031000, 5777
0.031000, 5776
0.031000, 5775
0.031000, 5774
0.031000, 5773
0.031000, 5772
0.031000, 5771
0.031000, 5770
0.031000, 5769
0.031000, 5768
0.031000, 5767
0.031000, 5766
0.031000, 5765
0.031000, 5764
0.031000, 5763
0.031000, 5762
0.031000, 5761
0.031000, 5760
0.031000, 5759
0.031000, 5758
0.031000, 5757
0.047000, 5756
0.047000, 5755
0.047000, 5754
0.047000, 5753
0.047000, 5752
0.047000, 5751
0.047000, 5750
0.047000, 5749
0.047000, 5748
0.047000, 5747
0.047000, 5746
0.047000, 5745
0.047000, 5744
0.047000, 5743
0.047000, 5742
0.047000, 5741
0.047000, 5740
0.047000, 5739
0.047000, 5738
0.047000, 5737
0.047000, 5736
0.047000, 5735
0.047000, 5734
0.047000, 5733
0.047000, 5732
0.047000, 5731
0.047000, 5730
0.047000, 5729
0.047000, 5728
0.047000, 5727
0.047000, 5726
0.047000, 5725
0.047000, 5724
0.047000, 5723
0.047000, 5722
0.047000, 5721
0.047000, 5720
0.047000, 5719
0.047000, 5718
0.047000, 5717
0.047000, 5716
0.047000, 5715
0.047000, 5714
0.062000, 5713
0.062000, 5712
0.062000, 5711
0.062000, 5710
0.062000, 5709
0.062000, 5708
0.062000, 5707
0.062000, 5706
0.062000, 5705
0.062000, 5704
0.062000, 5703
0.062000, 5702
0.062000, 5701
0.062000, 5700
0.062000, 5699
0.062000, 5698
0.062000, 5697
0.062000, 5696
0.062000, 5695
0.062000, 5694
0.062000, 5693
0.062000, 5692
0.062000, 5691
0.062000, 5690
0.062000, 5689
0.062000, 5688
0.062000, 5687
0.062000, 5686
0.062000, 5685
0.062000, 5684
0.062000, 5683
0.062000, 5682
0.062000, 5681
0.062000, 5680
0.062000, 5679
0.062000, 5678
0.062000, 5677
0.062000, 5676
0.062000, 5675
0.062000, 5674
0.062000, 5673
0.062000, 5672
0.062000, 5671
0.062000, 5670
0.062000, 5669
0.062000, 5668
0.062000, 5667
0.062000, 5666
0.062000, 5665
0.078000, 5664
0.078000, 5663
0.078000, 5662
0.078000, 5661
0.078000, 5660
0.078000, 5659
0.078000, 5658
0.078000, 5657
0.078000, 5656
0.078000, 5655
0.078000, 5654
0.078000, 5653
0.078000, 5652
0.078000, 5651
0.078000, 5650
0.078000, 5649
0.078000, 5648
0.078000, 5647
0.078000, 5646
0.078000, 5645
0.078000, 5644
0.078000, 5643
0.078000, 5642
0.078000, 5641
0.078000, 5640
0.078000, 5639
0.078000, 5638
0.078000, 5637
0.078000, 5636
0.078000, 5635
0.078000, 5634
0.078000, 5633
0.078000, 5632
0.078000, 5631
0.078000, 5630
0.078000, 5629
0.078000, 5628
0.078000, 5627
0.078000, 5626
0.078000, 5625
0.078000, 5624
0.078000, 5623
0.094000, 5622
0.094000, 5621
0.094000, 5620
0.094000, 5619
0.094000, 5618
0.094000, 5617
0.094000, 5616
0.094000, 5615
0.094000, 5614
0.094000, 5613
0.094000, 5612
0.094000, 5611
0.094000, 5610
0.094000, 5609
0.094000, 5608
0.094000, 5607
0.094000, 5606
0.094000, 5605
0.094000, 5604
0.094000, 5603
0.094000, 5602
0.094000, 5601
0.094000, 5600
0.094000, 5599
0.094000, 5598
0.094000, 5597
0.094000, 5596
0.094000, 5595
0.094000, 5594
0.094000, 5593
0.094000, 5592
0.094000, 5591
0.094000, 5590
0.094000, 5589
0.094000, 5588
0.094000, 5587
0.094000, 5586
0.094000, 5585
0.094000, 5584
0.094000, 5583
0.094000, 5582
0.094000, 5581
0.094000, 5580
0.094000, 5579
0.094000, 5578
0.094000, 5577
0.109000, 5576
0.109000, 5575
0.109000, 5574
0.109000, 5573
0.109000, 5572
0.109000, 5571
0.109000, 5570
0.109000, 5569
0.109000, 5568
0.109000, 5567
0.109000, 5566
0.109000, 5565
0.109000, 5564
0.109000, 5563
0.109000, 5562
0.109000, 5561
0.109000, 5560
0.109000, 5559
0.109000, 5558
0.109000, 5557
0.109000, 5556
0.109000, 5555
0.109000, 5554
0.109000, 5553
0.109000, 5552
0.109000, 5551
0.109000, 5550
0.109000, 5549
0.109000, 5548
0.109000, 5547
0.109000, 5546
0.109000, 5545
0.109000, 5544
0.109000, 5543
0.109000, 5542
0.109000, 5541
0.109000, 5540
0.109000, 5539
0.109000, 5538
0.109000, 5537
0.109000, 5536
0.109000, 5535
0.109000, 5534
0.109000, 5533
0.109000, 5532
0.109000, 5531
0.109000, 5530
0.125000, 5529
0.125000, 5528
0.125000, 5527
0.125000, 5526
0.125000, 5525
0.125000, 5524
0.125000, 5523
0.125000, 5522
0.125000, 5521
0.125000, 5520
0.125000, 5519
0.125000, 5518
0.125000, 5517
0.125000, 5516
0.125000, 5515
0.125000, 5514
0.125000, 5513
0.125000, 5512
0.125000, 5511
0.125000, 5510
0.125000, 5509
0.125000, 5508
0.125000, 5507
0.125000, 5506
0.125000, 5505
0.125000, 5504
0.125000, 5503
0.125000, 5502
0.125000, 5501
0.125000, 5500
0.125000, 5499
0.125000, 5498
0.125000, 5497
0.125000, 5496
0.125000, 5495
0.125000, 5494
0.125000, 5493
0.125000, 5492
0.125000, 5491
0.125000, 5490
0.125000, 5489
0.125000, 5488
0.125000, 5487
0.125000, 5486
0.125000, 5485
0.125000, 5484
0.125000, 5483
0.125000, 5482
0.125000, 5481
0.125000, 5480
0.125000, 5479
0.140000, 5478
0.140000, 5477
0.140000, 5476
0.140000, 5475
0.140000, 5474
0.140000, 5473
0.140000, 5472
0.140000, 5471
0.140000, 5470
0.140000, 5469
0.140000, 5468
0.140000, 5467
0.140000, 5466
0.140000, 5465
0.140000, 5464
0.140000, 5463
0.140000, 5462
0.140000, 5461
0.140000, 5460
0.140000, 5459
0.140000, 5458
0.140000, 5457
0.140000, 5456
0.140000, 5455
0.140000, 5454
0.140000, 5453
0.140000, 5452
0.140000, 5451
0.140000, 5450
0.140000, 5449
0.140000, 5448
0.140000, 5447
0.140000, 5446
0.140000, 5445
0.140000, 5444
0.140000, 5443
0.140000, 5442
0.140000, 5441
0.140000, 5440
0.140000, 5439
0.140000, 5438
0.140000, 5437
0.140000, 5436
0.140000, 5435
0.140000, 5434
0.156000, 5433
0.156000, 5432
0.156000, 5431
0.156000, 5430
0.156000, 5429
0.156000, 5428
0.156000, 5427
0.156000, 5426
0.156000, 5425
0.156000, 5424
0.156000, 5423
0.156000, 5422
0.156000, 5421
0.156000, 5420
0.156000, 5419
0.156000, 5418
0.156000, 5417
0.156000, 5416
0.156000, 5415
0.156000, 5414
0.156000, 5413
0.156000, 5412
0.156000, 5411
0.156000, 5410
0.156000, 5409
0.156000, 5408
0.156000, 5407
0.156000, 5406
0.156000, 5405
0.156000, 5404
0.156000, 5403
0.156000, 5402
0.156000, 5401
0.156000, 5400
0.156000, 5399
0.156000, 5398
0.156000, 5397
0.156000, 5396
0.156000, 5395
0.156000, 5394
0.156000, 5393
0.172000, 5392
0.172000, 5391
0.172000, 5390
0.172000, 5389
0.172000, 5388
0.172000, 5387
0.172000, 5386
0.172000, 5385
0.172000, 5384
0.172000, 5383
0.172000, 5382
0.172000, 5381
0.172000, 5380
0.172000, 5379
0.172000, 5378
0.172000, 5377
0.172000, 5376
0.172000, 5375
0.172000, 5374
0.172000, 5373
0.172000, 5372
0.172000, 5371
0.172000, 5370
0.172000, 5369
0.172000, 5368
0.172000, 5367
0.172000, 5366
0.172000, 5365
0.172000, 5364
0.172000, 5363
0.172000, 5362
0.172000, 5361
0.172000, 5360
0.172000, 5359
0.172000, 5358
0.172000, 5357
0.172000, 5356
0.172000, 5355
0.172000, 5354
0.172000, 5353
0.172000, 5352
0.172000, 5351
0.172000, 5350
0.172000, 5349
0.172000, 5348
0.187000, 5347
0.187000, 5346
0.187000, 5345
0.187000, 5344
0.187000, 5343
0.187000, 5342
0.187000, 5341
0.187000, 5340
0.187000, 5339
0.187000, 5338
0.187000, 5337
0.187000, 5336
0.187000, 5335
0.187000, 5334
0.187000, 5333
0.187000, 5332
0.187000, 5331
0.187000, 5330
0.187000, 5329
0.187000, 5328
0.187000, 5327
0.187000, 5326
0.187000, 5325
0.187000, 5324
0.187000, 5323
0.187000, 5322
0.187000, 5321
0.187000, 5320
0.187000, 5319
0.187000, 5318
0.187000, 5317
0.187000, 5316
0.187000, 5315
0.187000, 5314
0.187000, 5313
0.187000, 5312
0.187000, 5311
0.187000, 5310
0.187000, 5309
0.187000, 5308
0.187000, 5307
0.187000, 5306
0.203000, 5305
0.203000, 5304
0.203000, 5303
0.203000, 5302
0.203000, 5301
0.203000, 5300
0.203000, 5299
0.203000, 5298
0.203000, 5297
0.203000, 5296
0.203000, 5295
0.203000, 5294
0.203000, 5293
0.203000, 5292
0.203000, 5291
0.203000, 5290
0.203000, 5289
0.203000, 5288
0.203000, 5287
0.203000, 5286
0.203000, 5285
0.203000, 5284
0.203000, 5283
0.203000, 5282
0.203000, 5281
0.203000, 5280
0.203000, 5279
0.203000, 5278
0.203000, 5277
0.203000, 5276
0.203000, 5275
0.203000, 5274
0.203000, 5273
0.203000, 5272
0.203000, 5271
0.203000, 5270
0.203000, 5269
0.203000, 5268
0.203000, 5267
0.203000, 5266
0.203000, 5265
0.203000, 5264
0.203000, 5263
0.203000, 5262
0.219000, 5261
0.219000, 5260
0.219000, 5259
0.219000, 5258
0.219000, 5257
0.219000, 5256
0.219000, 5255
0.219000, 5254
0.219000, 5253
0.219000, 5252
0.219000, 5251
0.219000, 5250
0.219000, 5249
0.219000, 5248
0.219000, 5247
0.219000, 5246
0.219000, 5245
0.219000, 5244
0.219000, 5243
0.219000, 5242
0.219000, 5241
0.219000, 5240
0.219000, 5239
0.219000, 5238
0.219000, 5237
0.219000, 5236
0.219000, 5235
0.219000, 5234
0.219000, 5233
0.219000, 5232
0.219000, 5231
0.219000, 5230
0.219000, 5229
0.219000, 5228
0.219000, 5227
0.219000, 5226
0.219000, 5225
0.219000, 5224
0.219000, 5223
0.219000, 5222
0.219000, 5221
0.219000, 5220
0.219000, 5219
0.219000, 5218
0.219000, 5217
0.219000, 5216
0.234000, 5215
0.234000, 5214
0.234000, 5213
0.234000, 5212
0.234000, 5211
0.234000, 5210
0.234000, 5209
0.234000, 5208
0.234000, 5207
0.234000, 5206
0.234000, 5205
0.234000, 5204
0.234000, 5203
0.234000, 5202
0.234000, 5201
0.234000, 5200
0.234000, 5199
0.234000, 5198
0.234000, 5197
0.234000, 5196
0.234000, 5195
0.234000, 5194
0.234000, 5193
0.234000, 5192
0.234000, 5191
0.234000, 5190
0.234000, 5189
0.234000, 5188
0.234000, 5187
0.234000, 5186
0.234000, 5185
0.234000, 5184
0.234000, 5183
0.234000, 5182
0.234000, 5181
0.234000, 5180
0.234000, 5179
0.234000, 5178
0.250000, 5177
0.250000, 5176
0.250000, 5175
0.250000, 5174
0.250000, 5173
0.250000, 5172
0.250000, 5171
0.250000, 5170
0.250000, 5169
0.250000, 5168
0.250000, 5167
0.250000, 5166
0.250000, 5165
0.250000, 5164
0.250000, 5163
0.250000, 5162
0.250000, 5161
0.250000, 5160
0.250000, 5159
0.250000, 5158
0.250000, 5157
0.250000, 5156
0.250000, 5155
0.250000, 5154
0.250000, 5153
0.250000, 5152
0.250000, 5151
0.250000, 5150
0.250000, 5149
0.250000, 5148
0.250000, 5147
0.250000, 5146
0.250000, 5145
0.265000, 5144
0.265000, 5143
0.265000, 5142
0.265000, 5141
0.265000, 5140
0.265000, 5139
0.265000, 5138
0.265000, 5137
0.265000, 5136
0.265000, 5135
0.265000, 5134
0.265000, 5133
0.265000, 5132
0.265000, 5131
0.265000, 5130
0.265000, 5129
0.265000, 5128
0.265000, 5127
0.265000, 5126
0.265000, 5125
0.265000, 5124
0.265000, 5123
0.265000, 5122
0.265000, 5121
0.265000, 5120
0.265000, 5119
0.265000, 5118
0.265000, 5117
0.265000, 5116
0.265000, 5115
0.265000, 5114
0.265000, 5113
0.265000, 5112
0.265000, 5111
0.265000, 5110
0.265000, 5109
0.265000, 5108
0.265000, 5107
0.265000, 5106
0.281000, 5105
0.281000, 5104
0.281000, 5103
0.281000, 5102
0.281000, 5101
0.281000, 5100
0.281000, 5099
0.281000, 5098
0.281000, 5097
0.281000, 5096
0.281000, 5095
0.281000, 5094
0.281000, 5093
0.281000, 5092
0.281000, 5091
0.281000, 5090
0.281000, 5089
0.281000, 5088
0.281000, 5087
0.281000, 5086
0.281000, 5085
0.281000, 5084
0.281000, 5083
0.281000, 5082
0.281000, 5081
0.281000, 5080
0.281000, 5079
0.281000, 5078
0.281000, 5077
0.281000, 5076
0.281000, 5075
0.281000, 5074
0.281000, 5073
0.281000, 5072
0.281000, 5071
0.281000, 5070
0.281000, 5069
0.281000, 5068
0.297000, 5067
0.297000, 5066
0.297000, 5065
0.297000, 5064
0.297000, 5063
0.297000, 5062
0.297000, 5061
0.297000, 5060
0.297000, 5059
0.297000, 5058
0.297000, 5057
0.297000, 5056
0.297000, 5055
0.297000, 5054
0.297000, 5053
0.297000, 5052
0.297000, 5051
0.297000, 5050
0.297000, 5049
0.297000, 5048
0.297000, 5047
0.297000, 5046
0.297000, 5045
0.297000, 5044
0.297000, 5043
0.297000, 5042
0.297000, 5041
0.297000, 5040
0.297000, 5039
0.297000, 5038
0.297000, 5037
0.297000, 5036
0.297000, 5035
0.297000, 5034
0.297000, 5033
0.297000, 5032
0.297000, 5031
0.297000, 5030
0.297000, 5029
0.297000, 5028
0.297000, 5027
0.297000, 5026
0.297000, 5025
0.297000, 5024
0.312000, 5023
0.312000, 5022
0.312000, 5021
0.312000, 5020
0.312000, 5019
0.312000, 5018
0.312000, 5017
0.312000, 5016
0.312000, 5015
0.312000, 5014
0.312000, 5013
0.312000, 5012
0.312000, 5011
0.312000, 5010
0.312000, 5009
0.312000, 5008
0.312000, 5007
0.312000, 5006
0.312000, 5005
0.312000, 5004
0.312000, 5003
0.312000, 5002
0.312000, 5001
0.312000, 5000
0.312000, 4999
0.312000, 4998
0.312000, 4997
0.312000, 4996
0.312000, 4995
0.312000, 4994
0.312000, 4993
0.312000, 4992
0.312000, 4991
0.328000, 4990
0.328000, 4989
0.328000, 4988
0.328000, 4987
0.328000, 4986
0.328000, 4985
0.328000, 4984
0.328000, 4983
0.328000, 4982
0.328000, 4981
0.328000, 4980
0.328000, 4979
0.328000, 4978
0.328000, 4977
0.328000, 4976
0.328000, 4975
0.328000, 4974
0.328000, 4973
0.328000, 4972
0.328000, 4971
0.328000, 4970
0.328000, 4969
0.328000, 4968
0.328000, 4967
0.328000, 4966
0.328000, 4965
0.328000, 4964
0.328000, 4963
0.328000, 4962
0.328000, 4961
0.328000, 4960
0.328000, 4959
0.328000, 4958
0.328000, 4957
0.328000, 4956
0.328000, 4955
0.328000, 4954
0.328000, 4953
0.344000, 4952
0.344000, 4951
0.344000, 4950
0.344000, 4949
0.344000, 4948
0.344000, 4947
0.344000, 4946
0.344000, 4945
0.344000, 4944
0.344000, 4943
0.344000, 4942
0.344000, 4941
0.344000, 4940
0.344000, 4939
0.344000, 4938
0.344000, 4937
0.344000, 4936
0.344000, 4935
0.344000, 4934
0.344000, 4933
0.344000, 4932
0.344000, 4931
0.344000, 4930
0.344000, 4929
0.344000, 4928
0.344000, 4927
0.344000, 4926
0.344000, 4925
0.344000, 4924
0.344000, 4923
0.344000, 4922
0.344000, 4921
0.344000, 4920
0.344000, 4919
0.344000, 4918
0.344000, 4917
0.344000, 4916
0.359000, 4915
0.359000, 4914
0.359000, 4913
0.359000, 4912
0.359000, 4911
0.359000, 4910
0.359000, 4909
0.359000, 4908
0.359000, 4907
0.359000, 4906
0.359000, 4905
0.359000, 4904
0.359000, 4903
0.359000, 4902
0.359000, 4901
0.359000, 4900
0.359000, 4899
0.359000, 4898
0.359000, 4897
0.359000, 4896
0.359000, 4895
0.359000, 4894
0.359000, 4893
0.359000, 4892
0.359000, 4891
0.359000, 4890
0.359000, 4889
0.359000, 4888
0.359000, 4887
0.359000, 4886
0.359000, 4885
0.359000, 4884
0.359000, 4883
0.359000, 4882
0.359000, 4881
0.359000, 4880
0.359000, 4879
0.359000, 4878
0.359000, 4877
0.359000, 4876
0.359000, 4875
0.359000, 4874
0.359000, 4873
0.359000, 4872
0.359000, 4871
0.359000, 4870
0.359000, 4869
0.359000, 4868
0.375000, 4867
0.375000, 4866
0.375000, 4865
0.375000, 4864
0.375000, 4863
0.375000, 4862
0.375000, 4861
0.375000, 4860
0.375000, 4859
0.375000, 4858
0.375000, 4857
0.375000, 4856
0.375000, 4855
0.375000, 4854
0.375000, 4853
0.375000, 4852
0.375000, 4851
0.375000, 4850
0.375000, 4849
0.375000, 4848
0.375000, 4847
0.375000, 4846
0.375000, 4845
0.375000, 4844
0.375000, 4843
0.375000, 4842
0.375000, 4841
0.375000, 4840
0.375000, 4839
0.375000, 4838
0.375000, 4837
0.375000, 4836
0.375000, 4835
0.375000, 4834
0.375000, 4833
0.375000, 4832
0.375000, 4831
0.375000, 4830
0.375000, 4829
0.375000, 4828
0.375000, 4827
0.375000, 4826
0.375000, 4825
0.375000, 4824
0.390000, 4823
0.390000, 4822
0.390000, 4821
0.390000, 4820
0.390000, 4819
0.390000, 4818
0.390000, 4817
0.390000, 4816
0.390000, 4815
0.390000, 4814
0.390000, 4813
0.390000, 4812
0.390000, 4811
0.390000, 4810
0.390000, 4809
0.390000, 4808
0.390000, 4807
0.390000, 4806
0.390000, 4805
0.390000, 4804
0.390000, 4803
0.390000, 4802
0.390000, 4801
0.390000, 4800
0.390000, 4799
0.390000, 4798
0.390000, 4797
0.390000, 4796
0.390000, 4795
0.390000, 4794
0.390000, 4793
0.390000, 4792
0.390000, 4791
0.390000, 4790
0.390000, 4789
0.390000, 4788
0.390000, 4787
0.390000, 4786
0.390000, 4785
0.390000, 4784
0.406000, 4783
0.406000, 4782
0.406000, 4781
0.406000, 4780
0.406000, 4779
0.406000, 4778
0.406000, 4777
0.406000, 4776
0.406000, 4775
0.406000, 4774
0.406000, 4773
0.406000, 4772
0.406000, 4771
0.406000, 4770
0.406000, 4769
0.406000, 4768
0.406000, 4767
0.406000, 4766
0.406000, 4765
0.406000, 4764
0.406000, 4763
0.406000, 4762
0.406000, 4761
0.406000, 4760
0.406000, 4759
0.406000, 4758
0.406000, 4757
0.406000, 4756
0.406000, 4755
0.406000, 4754
0.406000, 4753
0.406000, 4752
0.406000, 4751
0.406000, 4750
0.406000, 4749
0.406000, 4748
0.406000, 4747
0.406000, 4746
0.406000, 4745
0.406000, 4744
0.406000, 4743
0.422000, 4742
0.422000, 4741
0.422000, 4740
0.422000, 4739
0.422000, 4738
0.422000, 4737
0.422000, 4736
0.422000, 4735
0.422000, 4734
0.422000, 4733
0.422000, 4732
0.422000, 4731
0.422000, 4730
0.422000, 4729
0.422000, 4728
0.422000, 4727
0.422000, 4726
0.422000, 4725
0.422000, 4724
0.422000, 4723
0.422000, 4722
0.422000, 4721
0.422000, 4720
0.422000, 4719
0.422000, 4718
0.422000, 4717
0.422000, 4716
0.422000, 4715
0.422000, 4714
0.422000, 4713
0.422000, 4712
0.422000, 4711
0.422000, 4710
0.422000, 4709
0.422000, 4708
0.422000, 4707
0.437000, 4706
0.437000, 4705
0.437000, 4704
0.437000, 4703
0.437000, 4702
0.437000, 4701
0.437000, 4700
0.437000, 4699
0.437000, 4698
0.437000, 4697
0.437000, 4696
0.437000, 4695
0.437000, 4694
0.437000, 4693
0.437000, 4692
0.437000, 4691
0.437000, 4690
0.437000, 4689
0.437000, 4688
0.437000, 4687
0.437000, 4686
0.437000, 4685
0.437000, 4684
0.437000, 4683
0.437000, 4682
0.437000, 4681
0.437000, 4680
0.437000, 4679
0.437000, 4678
0.437000, 4677
0.437000, 4676
0.437000, 4675
0.437000, 4674
0.437000, 4673
0.437000, 4672
0.437000, 4671
0.437000, 4670
0.437000, 4669
0.437000, 4668
0.437000, 4667
0.437000, 4666
0.437000, 4665
0.437000, 4664
0.437000, 4663
0.453000, 4662
0.453000, 4661
0.453000, 4660
0.453000, 4659
0.453000, 4658
0.453000, 4657
0.453000, 4656
0.453000, 4655
0.453000, 4654
0.453000, 4653
0.453000, 4652
0.453000, 4651
0.453000, 4650
0.453000, 4649
0.453000, 4648
0.453000, 4647
0.453000, 4646
0.453000, 4645
0.453000, 4644
0.453000, 4643
0.453000, 4642
0.453000, 4641
0.453000, 4640
0.453000, 4639
0.453000, 4638
0.453000, 4637
0.453000, 4636
0.453000, 4635
0.453000, 4634
0.453000, 4633
0.453000, 4632
0.469000, 4631
0.469000, 4630
0.469000, 4629
0.469000, 4628
0.469000, 4627
0.469000, 4626
0.469000, 4625
0.469000, 4624
0.469000, 4623
0.469000, 4622
0.469000, 4621
0.469000, 4620
0.469000, 4619
0.469000, 4618
0.469000, 4617
0.469000, 4616
0.469000, 4615
0.469000, 4614
0.469000, 4613
0.469000, 4612
0.469000, 4611
0.469000, 4610
0.469000, 4609
0.469000, 4608
0.469000, 4607
0.469000, 4606
0.469000, 4605
0.469000, 4604
0.469000, 4603
0.469000, 4602
0.469000, 4601
0.484000, 4600
0.484000, 4599
0.484000, 4598
0.484000, 4597
0.484000, 4596
0.484000, 4595
0.484000, 4594
0.484000, 4593
0.484000, 4592
0.484000, 4591
0.484000, 4590
0.484000, 4589
0.484000, 4588
0.484000, 4587
0.484000, 4586
0.484000, 4585
0.484000, 4584
0.484000, 4583
0.484000, 4582
0.484000, 4581
0.484000, 4580
0.484000, 4579
0.484000, 4578
0.484000, 4577
0.484000, 4576
0.484000, 4575
0.484000, 4574
0.484000, 4573
0.484000, 4572
0.500000, 4571
0.500000, 4570
0.500000, 4569
0.500000, 4568
0.500000, 4567
0.500000, 4566
0.500000, 4565
0.500000, 4564
0.500000, 4563
0.500000, 4562
0.500000, 4561
0.500000, 4560
0.500000, 4559
0.500000, 4558
0.500000, 4557
0.500000, 4556
0.500000, 4555
0.500000, 4554
0.500000, 4553
0.500000, 4552
0.500000, 4551
0.500000, 4550
0.500000, 4549
0.500000, 4548
0.500000, 4547
0.500000, 4546
0.500000, 4545
0.500000, 4544
0.500000, 4543
0.515000, 4542
0.515000, 4541
0.515000, 4540
0.515000, 4539
0.515000, 4538
0.515000, 4537
0.515000, 4536
0.515000, 4535
0.515000, 4534
0.515000, 4533
0.515000, 4532
0.515000, 4531
0.515000, 4530
0.515000, 4529
0.515000, 4528
0.515000, 4527
0.515000, 4526
0.515000, 4525
0.515000, 4524
0.515000, 4523
0.515000, 4522
0.515000, 4521
0.515000, 4520
0.515000, 4519
0.515000, 4518
0.515000, 4517
0.515000, 4516
0.515000, 4515
0.515000, 4514
0.515000, 4513
0.515000, 4512
0.531000, 4511
0.531000, 4510
0.531000, 4509
0.531000, 4508
0.531000, 4507
0.531000, 4506
0.531000, 4505
0.531000, 4504
0.531000, 4503
0.531000, 4502
0.531000, 4501
0.531000, 4500
0.531000, 4499
0.531000, 4498
0.531000, 4497
0.531000, 4496
0.531000, 4495
0.531000, 4494
0.531000, 4493
0.531000, 4492
0.531000, 4491
0.531000, 4490
0.531000, 4489
0.531000, 4488
0.531000, 4487
0.547000, 4486
0.547000, 4485
0.547000, 4484
0.547000, 4483
0.547000, 4482
0.547000, 4481
0.547000, 4480
0.547000, 4479
0.547000, 4478
0.547000, 4477
0.547000, 4476
0.547000, 4475
0.547000, 4474
0.547000, 4473
0.547000, 4472
0.547000, 4471
0.547000, 4470
0.547000, 4469
0.547000, 4468
0.547000, 4467
0.547000, 4466
0.547000, 4465
0.547000, 4464
0.547000, 4463
0.547000, 4462
0.547000, 4461
0.547000, 4460
0.547000, 4459
0.547000, 4458
0.562000, 4457
0.562000, 4456
0.562000, 4455
0.562000, 4454
0.562000, 4453
0.562000, 4452
0.562000, 4451
0.562000, 4450
0.562000, 4449
0.562000, 4448
0.562000, 4447
0.562000, 4446
0.562000, 4445
0.562000, 4444
0.562000, 4443
0.562000, 4442
0.562000, 4441
0.562000, 4440
0.562000, 4439
0.562000, 4438
0.562000, 4437
0.562000, 4436
0.562000, 4435
0.562000, 4434
0.562000, 4433
0.562000, 4432
0.562000, 4431
0.562000, 4430
0.562000, 4429
0.562000, 4428
0.578000, 4427
0.578000, 4426
0.578000, 4425
0.578000, 4424
0.578000, 4423
0.578000, 4422
0.578000, 4421
0.578000, 4420
0.578000, 4419
0.578000, 4418
0.578000, 4417
0.578000, 4416
0.578000, 4415
0.578000, 4414
0.578000, 4413
0.578000, 4412
0.578000, 4411
0.578000, 4410
0.578000, 4409
0.578000, 4408
0.594000, 4407
0.594000, 4406
0.594000, 4405
0.594000, 4404
0.594000, 4403
0.594000, 4402
0.594000, 4401
0.594000, 4400
0.594000, 4399
0.594000, 4398
0.594000, 4397
0.594000, 4396
0.594000, 4395
0.594000, 4394
0.594000, 4393
0.594000, 4392
0.594000, 4391
0.594000, 4390
0.594000, 4389
0.594000, 4388
0.594000, 4387
0.594000, 4386
0.594000, 4385
0.609000, 4384
0.609000, 4383
0.609000, 4382
0.609000, 4381
0.609000, 4380
0.609000, 4379
0.609000, 4378
0.609000, 4377
0.609000, 4376
0.609000, 4375
0.609000, 4374
0.609000, 4373
0.609000, 4372
0.625000, 4371
0.625000, 4370
0.625000, 4369
0.625000, 4368
0.625000, 4367
0.625000, 4366
0.625000, 4365
0.625000, 4364
0.625000, 4363
0.625000, 4362
0.625000, 4361
0.625000, 4360
0.625000, 4359
0.625000, 4358
0.625000, 4357
0.625000, 4356
0.625000, 4355
0.640000, 4354
0.640000, 4353
0.640000, 4352
0.640000, 4351
0.640000, 4350
0.640000, 4349
0.640000, 4348
0.640000, 4347
0.640000, 4346
0.640000, 4345
0.640000, 4344
0.640000, 4343
0.640000, 4342
0.640000, 4341
0.640000, 4340
0.640000, 4339
0.656000, 4338
0.656000, 4337
0.656000, 4336
0.656000, 4335
0.656000, 4334
0.656000, 4333
0.656000, 4332
0.656000, 4331
0.656000, 4330
0.656000, 4329
0.656000, 4328
0.656000, 4327
0.656000, 4326
0.656000, 4325
0.656000, 4324
0.672000, 4323
0.672000, 4322
0.672000, 4321
0.672000, 4320
0.672000, 4319
0.672000, 4318
0.672000, 4317
0.672000, 4316
0.672000, 4315
0.672000, 4314
0.672000, 4313
0.672000, 4312
0.672000, 4311
0.672000, 4310
0.672000, 4309
0.672000, 4308
0.672000, 4307
0.687000, 4306
0.687000, 4305
0.687000, 4304
0.687000, 4303
0.687000, 4302
0.687000, 4301
0.687000, 4300
0.687000, 4299
0.687000, 4298
0.687000, 4297
0.687000, 4296
0.687000, 4295
0.687000, 4294
0.687000, 4293
0.687000, 4292
0.703000, 4291
0.703000, 4290
0.703000, 4289
0.703000, 4288
0.703000, 4287
0.703000, 4286
0.703000, 4285
0.703000, 4284
0.703000, 4283
0.703000, 4282
0.703000, 4281
0.703000, 4280
0.719000, 4279
0.719000, 4278
0.719000, 4277
0.719000, 4276
0.719000, 4275
0.719000, 4274
0.719000, 4273
0.719000, 4272
0.719000, 4271
0.719000, 4270
0.719000, 4269
0.719000, 4268
0.719000, 4267
0.734000, 4266
0.734000, 4265
0.734000, 4264
0.734000, 4263
0.734000, 4262
0.734000, 4261
0.734000, 4260
0.734000, 4259
0.734000, 4258
0.734000, 4257
0.734000, 4256
0.734000, 4255
0.734000, 4254
0.750000, 4253
0.750000, 4252
0.750000, 4251
0.750000, 4250
0.750000, 4249
0.750000, 4248
0.750000, 4247
0.750000, 4246
0.750000, 4245
0.750000, 4244
0.750000, 4243
0.750000, 4242
0.750000, 4241
0.750000, 4240
0.750000, 4239
0.750000, 4238
0.750000, 4237
0.750000, 4236
0.750000, 4235
0.750000, 4234
0.750000, 4233
0.765000, 4232
0.765000, 4231
0.765000, 4230
0.765000, 4229
0.765000, 4228
0.765000, 4227
0.765000, 4226
0.765000, 4225
0.781000, 4224
0.781000, 4223
0.781000, 4222
0.781000, 4221
0.781000, 4220
0.797000, 4219
0.797000, 4218
0.797000, 4217
0.797000, 4216
0.797000, 4215
0.797000, 4214
0.797000, 4213
0.797000, 4212
0.797000, 4211
0.797000, 4210
0.797000, 4209
0.812000, 4208
0.812000, 4207
0.812000, 4206
0.812000, 4205
0.812000, 4204
0.812000, 4203
0.812000, 4202
0.812000, 4201
0.828000, 4200
0.828000, 4199
0.828000, 4198
0.828000, 4197
0.828000, 4196
0.828000, 4195
0.844000, 4194
0.844000, 4193
0.844000, 4192
0.844000, 4191
0.844000, 4190
0.844000, 4189
0.844000, 4188
0.859000, 4187
0.859000, 4186
0.859000, 4185
0.875000, 4184
0.875000, 4183
0.875000, 4182
0.875000, 4181
0.875000, 4180
0.875000, 4179
0.875000, 4178
0.875000, 4177
0.875000, 4176
0.875000, 4175
0.875000, 4174
0.890000, 4173
0.906000, 4172
0.906000, 4171
0.906000, 4170
0.906000, 4169
0.906000, 4168
0.906000, 4167
0.922000, 4166
0.937000, 4165
0.953000, 4164
0.953000, 4163
0.953000, 4162
0.953000, 4161
0.969000, 4160
0.969000, 4159
0.969000, 4158
0.969000, 4157
0.969000, 4156
0.969000, 4155
0.984000, 4154
0.984000, 4153
0.984000, 4152
0.984000, 4151
1.000000, 4150
1.000000, 4149
1.000000, 4148
1.000000, 4147
1.015000, 4146
1.015000, 4145
1.015000, 4144
1.031000, 4143
1.031000, 4142
1.031000, 4141
1.031000, 4140
1.031000, 4139
1.031000, 4138
1.031000, 4137
1.047000, 4136
1.047000, 4135
1.062000, 4134
1.094000, 4133
1.094000, 4132
1.094000, 4131
1.094000, 4130
1.094000, 4129
1.094000, 4128
1.109000, 4127
1.109000, 4126
1.109000, 4125
1.109000, 4124
1.125000, 4123
1.125000, 4122
1.125000, 4121
1.125000, 4120
1.140000, 4119
1.140000, 4118
1.156000, 4117
1.156000, 4116
1.156000, 4115
1.156000, 4114
1.156000, 4113
1.172000, 4112
1.187000, 4111
1.187000, 4110
1.187000, 4109
1.187000, 4108
1.203000, 4107
1.203000, 4106
1.203000, 4105
1.203000, 4104
1.234000, 4103
1.234000, 4102
1.234000, 4101
1.234000, 4100
1.250000, 4099
1.250000, 4098
1.250000, 4097
1.265000, 4096
1.281000, 4095
1.281000, 4094
1.297000, 4093
1.297000, 4092
1.297000, 4091
1.312000, 4090
1.344000, 4089
1.359000, 4088
1.359000, 4087
1.359000, 4086
1.375000, 4085
1.422000, 4084
1.437000, 4083
1.500000, 4082
1.578000, 4081
1.578000, 4080
1.594000, 4079
1.672000, 4078
1.969000, 4077
2.469000, 4076
