0.010000, 5781
0.013000, 5780
0.014000, 5779
0.015000, 5778
0.015000, 5777
0.016000, 5776
0.016000, 5775
0.016000, 5774
0.017000, 5773
0.017000, 5772
0.018000, 5771
0.018000, 5770
0.019000, 5769
0.019000, 5768
0.019000, 5767
0.020000, 5766
0.021000, 5765
0.022000, 5764
0.022000, 5763
0.022000, 5762
0.023000, 5761
0.023000, 5760
0.024000, 5759
0.024000, 5758
0.035000, 5757
0.036000, 5756
0.036000, 5755
0.036000, 5754
0.036000, 5753
0.037000, 5752
0.037000, 5751
0.039000, 5750
0.040000, 5749
0.040000, 5748
0.040000, 5747
0.041000, 5746
0.041000, 5745
0.041000, 5744
0.042000, 5743
0.042000, 5742
0.043000, 5741
0.043000, 5740
0.043000, 5739
0.044000, 5738
0.044000, 5737
0.044000, 5736
0.045000, 5735
0.045000, 5734
0.045000, 5733
0.045000, 5732
0.046000, 5731
0.046000, 5730
0.046000, 5729
0.047000, 5728
0.047000, 5727
0.047000, 5726
0.048000, 5725
0.048000, 5724
0.048000, 5723
0.048000, 5722
0.049000, 5721
0.049000, 5720
0.050000, 5719
0.050000, 5718
0.050000, 5717
0.051000, 5716
0.051000, 5715
0.051000, 5714
0.052000, 5713
0.052000, 5712
0.053000, 5711
0.053000, 5710
0.053000, 5709
0.053000, 5708
0.054000, 5707
0.054000, 5706
0.054000, 5705
0.054000, 5704
0.055000, 5703
0.055000, 5702
0.055000, 5701
0.056000, 5700
0.056000, 5699
0.056000, 5698
0.056000, 5697
0.056000, 5696
0.057000, 5695
0.057000, 5694
0.057000, 5693
0.058000, 5692
0.058000, 5691
0.059000, 5690
0.059000, 5689
0.060000, 5688
0.060000, 5687
0.060000, 5686
0.061000, 5685
0.061000, 5684
0.062000, 5683
0.062000, 5682
0.062000, 5681
0.062000, 5680
0.062000, 5679
0.063000, 5678
0.063000, 5677
0.063000, 5676
0.063000, 5675
0.064000, 5674
0.064000, 5673
0.064000, 5672
0.064000, 5671
0.064000, 5670
0.065000, 5669
0.065000, 5668
0.065000, 5667
0.065000, 5666
0.066000, 5665
0.066000, 5664
0.066000, 5663
0.066000, 5662
0.067000, 5661
0.067000, 5660
0.067000, 5659
0.068000, 5658
0.068000, 5657
0.068000, 5656
0.069000, 5655
0.069000, 5654
0.069000, 5653
0.069000, 5652
0.070000, 5651
0.070000, 5650
0.070000, 5649
0.071000, 5648
0.071000, 5647
0.072000, 5646
0.073000, 5645
0.073000, 5644
0.073000, 5643
0.073000, 5642
0.073000, 5641
0.074000, 5640
0.075000, 5639
0.075000, 5638
0.075000, 5637
0.076000, 5636
0.076000, 5635
0.076000, 5634
0.076000, 5633
0.076000, 5632
0.077000, 5631
0.077000, 5630
0.078000, 5629
0.078000, 5628
0.078000, 5627
0.079000, 5626
0.079000, 5625
0.079000, 5624
0.079000, 5623
0.080000, 5622
0.080000, 5621
0.080000, 5620
0.080000, 5619
0.081000, 5618
0.081000, 5617
0.082000, 5616
0.082000, 5615
0.082000, 5614
0.082000, 5613
0.082000, 5612
0.083000, 5611
0.083000, 5610
0.083000, 5609
0.084000, 5608
0.084000, 5607
0.084000, 5606
0.085000, 5605
0.085000, 5604
0.085000, 5603
0.086000, 5602
0.086000, 5601
0.086000, 5600
0.086000, 5599
0.087000, 5598
0.087000, 5597
0.088000, 5596
0.088000, 5595
0.088000, 5594
0.089000, 5593
0.089000, 5592
0.089000, 5591
0.090000, 5590
0.090000, 5589
0.090000, 5588
0.090000, 5587
0.091000, 5586
0.091000, 5585
0.091000, 5584
0.092000, 5583
0.092000, 5582
0.092000, 5581
0.093000, 5580
0.093000, 5579
0.093000, 5578
0.093000, 5577
0.094000, 5576
0.094000, 5575
0.094000, 5574
0.095000, 5573
0.095000, 5572
0.096000, 5571
0.096000, 5570
0.097000, 5569
0.097000, 5568
0.097000, 5567
0.097000, 5566
0.097000, 5565
0.098000, 5564
0.098000, 5563
0.099000, 5562
0.099000, 5561
0.100000, 5560
0.100000, 5559
0.100000, 5558
0.100000, 5557
0.101000, 5556
0.101000, 5555
0.101000, 5554
0.102000, 5553
0.102000, 5552
0.102000, 5551
0.102000, 5550
0.103000, 5549
0.103000, 5548
0.103000, 5547
0.104000, 5546
0.104000, 5545
0.105000, 5544
0.105000, 5543
0.105000, 5542
0.106000, 5541
0.106000, 5540
0.106000, 5539
0.107000, 5538
0.107000, 5537
0.107000, 5536
0.107000, 5535
0.108000, 5534
0.108000, 5533
0.108000, 5532
0.109000, 5531
0.109000, 5530
0.110000, 5529
0.110000, 5528
0.110000, 5527
0.111000, 5526
0.111000, 5525
0.111000, 5524
0.111000, 5523
0.112000, 5522
0.112000, 5521
0.112000, 5520
0.112000, 5519
0.112000, 5518
0.113000, 5517
0.114000, 5516
0.114000, 5515
0.115000, 5514
0.115000, 5513
0.115000, 5512
0.116000, 5511
0.116000, 5510
0.116000, 5509
0.116000, 5508
0.116000, 5507
0.117000, 5506
0.117000, 5505
0.117000, 5504
0.117000, 5503
0.118000, 5502
0.118000, 5501
0.119000, 5500
0.119000, 5499
0.119000, 5498
0.120000, 5497
0.120000, 5496
0.120000, 5495
0.121000, 5494
0.121000, 5493
0.122000, 5492
0.122000, 5491
0.123000, 5490
0.123000, 5489
0.123000, 5488
0.123000, 5487
0.123000, 5486
0.124000, 5485
0.124000, 5484
0.124000, 5483
0.124000, 5482
0.124000, 5481
0.125000, 5480
0.126000, 5479
0.126000, 5478
0.127000, 5477
0.127000, 5476
0.127000, 5475
0.128000, 5474
0.129000, 5473
0.129000, 5472
0.129000, 5471
0.129000, 5470
0.129000, 5469
0.130000, 5468
0.130000, 5467
0.130000, 5466
0.131000, 5465
0.131000, 5464
0.131000, 5463
0.132000, 5462
0.132000, 5461
0.133000, 5460
0.133000, 5459
0.133000, 5458
0.134000, 5457
0.134000, 5456
0.134000, 5455
0.135000, 5454
0.135000, 5453
0.135000, 5452
0.136000, 5451
0.136000, 5450
0.137000, 5449
0.138000, 5448
0.138000, 5447
0.138000, 5446
0.138000, 5445
0.139000, 5444
0.139000, 5443
0.139000, 5442
0.140000, 5441
0.140000, 5440
0.140000, 5439
0.141000, 5438
0.141000, 5437
0.142000, 5436
0.142000, 5435
0.142000, 5434
0.142000, 5433
0.142000, 5432
0.143000, 5431
0.144000, 5430
0.144000, 5429
0.144000, 5428
0.145000, 5427
0.145000, 5426
0.146000, 5425
0.146000, 5424
0.146000, 5423
0.147000, 5422
0.147000, 5421
0.147000, 5420
0.147000, 5419
0.148000, 5418
0.148000, 5417
0.149000, 5416
0.149000, 5415
0.149000, 5414
0.149000, 5413
0.150000, 5412
0.150000, 5411
0.150000, 5410
0.150000, 5409
0.151000, 5408
0.151000, 5407
0.152000, 5406
0.152000, 5405
0.152000, 5404
0.153000, 5403
0.153000, 5402
0.154000, 5401
0.155000, 5400
0.156000, 5399
0.156000, 5398
0.157000, 5397
0.157000, 5396
0.157000, 5395
0.158000, 5394
0.158000, 5393
0.159000, 5392
0.159000, 5391
0.159000, 5390
0.159000, 5389
0.160000, 5388
0.160000, 5387
0.161000, 5386
0.161000, 5385
0.161000, 5384
0.161000, 5383
0.162000, 5382
0.162000, 5381
0.163000, 5380
0.163000, 5379
0.163000, 5378
0.163000, 5377
0.164000, 5376
0.165000, 5375
0.165000, 5374
0.166000, 5373
0.166000, 5372
0.166000, 5371
0.166000, 5370
0.167000, 5369
0.167000, 5368
0.168000, 5367
0.168000, 5366
0.169000, 5365
0.169000, 5364
0.169000, 5363
0.169000, 5362
0.170000, 5361
0.170000, 5360
0.170000, 5359
0.171000, 5358
0.171000, 5357
0.172000, 5356
0.172000, 5355
0.173000, 5354
0.173000, 5353
0.173000, 5352
0.174000, 5351
0.174000, 5350
0.174000, 5349
0.175000, 5348
0.176000, 5347
0.176000, 5346
0.177000, 5345
0.178000, 5344
0.178000, 5343
0.179000, 5342
0.179000, 5341
0.180000, 5340
0.180000, 5339
0.180000, 5338
0.181000, 5337
0.181000, 5336
0.181000, 5335
0.181000, 5334
0.182000, 5333
0.182000, 5332
0.182000, 5331
0.182000, 5330
0.183000, 5329
0.183000, 5328
0.183000, 5327
0.184000, 5326
0.184000, 5325
0.184000, 5324
0.184000, 5323
0.185000, 5322
0.185000, 5321
0.185000, 5320
0.185000, 5319
0.186000, 5318
0.186000, 5317
0.186000, 5316
0.187000, 5315
0.187000, 5314
0.187000, 5313
0.188000, 5312
0.188000, 5311
0.188000, 5310
0.188000, 5309
0.189000, 5308
0.189000, 5307
0.189000, 5306
0.189000, 5305
0.190000, 5304
0.190000, 5303
0.190000, 5302
0.191000, 5301
0.191000, 5300
0.191000, 5299
0.192000, 5298
0.192000, 5297
0.193000, 5296
0.193000, 5295
0.193000, 5294
0.194000, 5293
0.194000, 5292
0.195000, 5291
0.196000, 5290
0.196000, 5289
0.196000, 5288
0.197000, 5287
0.197000, 5286
0.197000, 5285
0.197000, 5284
0.198000, 5283
0.198000, 5282
0.198000, 5281
0.199000, 5280
0.199000, 5279
0.200000, 5278
0.200000, 5277
0.200000, 5276
0.200000, 5275
0.201000, 5274
0.201000, 5273
0.203000, 5272
0.203000, 5271
0.203000, 5270
0.204000, 5269
0.204000, 5268
0.204000, 5267
0.205000, 5266
0.205000, 5265
0.205000, 5264
0.206000, 5263
0.206000, 5262
0.206000, 5261
0.207000, 5260
0.207000, 5259
0.208000, 5258
0.208000, 5257
0.208000, 5256
0.209000, 5255
0.209000, 5254
0.210000, 5253
0.210000, 5252
0.210000, 5251
0.211000, 5250
0.211000, 5249
0.211000, 5248
0.211000, 5247
0.212000, 5246
0.212000, 5245
0.213000, 5244
0.213000, 5243
0.214000, 5242
0.214000, 5241
0.214000, 5240
0.214000, 5239
0.215000, 5238
0.215000, 5237
0.216000, 5236
0.216000, 5235
0.217000, 5234
0.218000, 5233
0.218000, 5232
0.219000, 5231
0.219000, 5230
0.220000, 5229
0.220000, 5228
0.222000, 5227
0.222000, 5226
0.222000, 5225
0.223000, 5224
0.223000, 5223
0.223000, 5222
0.224000, 5221
0.224000, 5220
0.225000, 5219
0.226000, 5218
0.226000, 5217
0.226000, 5216
0.226000, 5215
0.226000, 5214
0.227000, 5213
0.227000, 5212
0.227000, 5211
0.228000, 5210
0.228000, 5209
0.230000, 5208
0.230000, 5207
0.231000, 5206
0.231000, 5205
0.231000, 5204
0.232000, 5203
0.232000, 5202
0.233000, 5201
0.233000, 5200
0.234000, 5199
0.234000, 5198
0.235000, 5197
0.235000, 5196
0.235000, 5195
0.236000, 5194
0.236000, 5193
0.236000, 5192
0.236000, 5191
0.237000, 5190
0.237000, 5189
0.238000, 5188
0.238000, 5187
0.238000, 5186
0.239000, 5185
0.239000, 5184
0.239000, 5183
0.240000, 5182
0.241000, 5181
0.241000, 5180
0.241000, 5179
0.241000, 5178
0.242000, 5177
0.242000, 5176
0.242000, 5175
0.242000, 5174
0.243000, 5173
0.243000, 5172
0.243000, 5171
0.244000, 5170
0.244000, 5169
0.245000, 5168
0.245000, 5167
0.245000, 5166
0.246000, 5165
0.246000, 5164
0.247000, 5163
0.247000, 5162
0.248000, 5161
0.248000, 5160
0.249000, 5159
0.250000, 5158
0.251000, 5157
0.251000, 5156
0.252000, 5155
0.253000, 5154
0.253000, 5153
0.253000, 5152
0.254000, 5151
0.254000, 5150
0.254000, 5149
0.254000, 5148
0.254000, 5147
0.255000, 5146
0.255000, 5145
0.255000, 5144
0.255000, 5143
0.255000, 5142
0.256000, 5141
0.256000, 5140
0.256000, 5139
0.256000, 5138
0.257000, 5137
0.257000, 5136
0.257000, 5135
0.257000, 5134
0.257000, 5133
0.258000, 5132
0.258000, 5131
0.258000, 5130
0.258000, 5129
0.258000, 5128
0.259000, 5127
0.259000, 5126
0.260000, 5125
0.261000, 5124
0.261000, 5123
0.261000, 5122
0.261000, 5121
0.262000, 5120
0.262000, 5119
0.263000, 5118
0.263000, 5117
0.264000, 5116
0.264000, 5115
0.265000, 5114
0.265000, 5113
0.265000, 5112
0.265000, 5111
0.266000, 5110
0.266000, 5109
0.266000, 5108
0.267000, 5107
0.267000, 5106
0.268000, 5105
0.268000, 5104
0.269000, 5103
0.270000, 5102
0.271000, 5101
0.271000, 5100
0.272000, 5099
0.272000, 5098
0.272000, 5097
0.272000, 5096
0.273000, 5095
0.273000, 5094
0.273000, 5093
0.274000, 5092
0.274000, 5091
0.274000, 5090
0.275000, 5089
0.275000, 5088
0.275000, 5087
0.275000, 5086
0.276000, 5085
0.276000, 5084
0.276000, 5083
0.276000, 5082
0.276000, 5081
0.277000, 5080
0.277000, 5079
0.278000, 5078
0.278000, 5077
0.279000, 5076
0.279000, 5075
0.280000, 5074
0.280000, 5073
0.281000, 5072
0.282000, 5071
0.282000, 5070
0.282000, 5069
0.283000, 5068
0.283000, 5067
0.285000, 5066
0.285000, 5065
0.286000, 5064
0.286000, 5063
0.286000, 5062
0.287000, 5061
0.287000, 5060
0.287000, 5059
0.289000, 5058
0.289000, 5057
0.289000, 5056
0.289000, 5055
0.289000, 5054
0.289000, 5053
0.290000, 5052
0.290000, 5051
0.290000, 5050
0.290000, 5049
0.292000, 5048
0.292000, 5047
0.292000, 5046
0.293000, 5045
0.294000, 5044
0.295000, 5043
0.295000, 5042
0.295000, 5041
0.295000, 5040
0.296000, 5039
0.297000, 5038
0.297000, 5037
0.297000, 5036
0.298000, 5035
0.298000, 5034
0.298000, 5033
0.299000, 5032
0.299000, 5031
0.299000, 5030
0.300000, 5029
0.301000, 5028
0.301000, 5027
0.302000, 5026
0.303000, 5025
0.303000, 5024
0.304000, 5023
0.304000, 5022
0.305000, 5021
0.305000, 5020
0.306000, 5019
0.306000, 5018
0.306000, 5017
0.307000, 5016
0.308000, 5015
0.308000, 5014
0.309000, 5013
0.309000, 5012
0.309000, 5011
0.309000, 5010
0.310000, 5009
0.310000, 5008
0.310000, 5007
0.310000, 5006
0.310000, 5005
0.310000, 5004
0.310000, 5003
0.311000, 5002
0.312000, 5001
0.312000, 5000
0.312000, 4999
0.312000, 4998
0.313000, 4997
0.313000, 4996
0.314000, 4995
0.314000, 4994
0.314000, 4993
0.315000, 4992
0.315000, 4991
0.315000, 4990
0.315000, 4989
0.316000, 4988
0.316000, 4987
0.317000, 4986
0.317000, 4985
0.317000, 4984
0.317000, 4983
0.318000, 4982
0.319000, 4981
0.319000, 4980
0.320000, 4979
0.320000, 4978
0.320000, 4977
0.321000, 4976
0.321000, 4975
0.322000, 4974
0.322000, 4973
0.323000, 4972
0.324000, 4971
0.324000, 4970
0.324000, 4969
0.325000, 4968
0.325000, 4967
0.326000, 4966
0.326000, 4965
0.326000, 4964
0.327000, 4963
0.327000, 4962
0.328000, 4961
0.328000, 4960
0.330000, 4959
0.330000, 4958
0.331000, 4957
0.331000, 4956
0.332000, 4955
0.332000, 4954
0.333000, 4953
0.333000, 4952
0.334000, 4951
0.335000, 4950
0.336000, 4949
0.336000, 4948
0.336000, 4947
0.337000, 4946
0.337000, 4945
0.337000, 4944
0.337000, 4943
0.339000, 4942
0.339000, 4941
0.340000, 4940
0.340000, 4939
0.340000, 4938
0.341000, 4937
0.341000, 4936
0.342000, 4935
0.343000, 4934
0.344000, 4933
0.344000, 4932
0.344000, 4931
0.344000, 4930
0.345000, 4929
0.345000, 4928
0.346000, 4927
0.347000, 4926
0.347000, 4925
0.347000, 4924
0.348000, 4923
0.349000, 4922
0.349000, 4921
0.349000, 4920
0.349000, 4919
0.351000, 4918
0.351000, 4917
0.351000, 4916
0.352000, 4915
0.352000, 4914
0.352000, 4913
0.353000, 4912
0.353000, 4911
0.354000, 4910
0.354000, 4909
0.358000, 4908
0.358000, 4907
0.358000, 4906
0.359000, 4905
0.359000, 4904
0.360000, 4903
0.360000, 4902
0.360000, 4901
0.361000, 4900
0.362000, 4899
0.362000, 4898
0.363000, 4897
0.363000, 4896
0.363000, 4895
0.363000, 4894
0.364000, 4893
0.365000, 4892
0.366000, 4891
0.366000, 4890
0.366000, 4889
0.367000, 4888
0.367000, 4887
0.367000, 4886
0.368000, 4885
0.368000, 4884
0.368000, 4883
0.369000, 4882
0.369000, 4881
0.370000, 4880
0.370000, 4879
0.371000, 4878
0.371000, 4877
0.371000, 4876
0.371000, 4875
0.372000, 4874
0.372000, 4873
0.372000, 4872
0.372000, 4871
0.374000, 4870
0.374000, 4869
0.374000, 4868
0.374000, 4867
0.375000, 4866
0.375000, 4865
0.375000, 4864
0.376000, 4863
0.376000, 4862
0.376000, 4861
0.376000, 4860
0.377000, 4859
0.377000, 4858
0.378000, 4857
0.378000, 4856
0.379000, 4855
0.379000, 4854
0.379000, 4853
0.380000, 4852
0.380000, 4851
0.381000, 4850
0.381000, 4849
0.381000, 4848
0.382000, 4847
0.382000, 4846
0.382000, 4845
0.382000, 4844
0.382000, 4843
0.383000, 4842
0.383000, 4841
0.384000, 4840
0.385000, 4839
0.385000, 4838
0.386000, 4837
0.386000, 4836
0.387000, 4835
0.387000, 4834
0.387000, 4833
0.387000, 4832
0.388000, 4831
0.388000, 4830
0.389000, 4829
0.389000, 4828
0.390000, 4827
0.390000, 4826
0.390000, 4825
0.391000, 4824
0.391000, 4823
0.391000, 4822
0.392000, 4821
0.392000, 4820
0.393000, 4819
0.393000, 4818
0.393000, 4817
0.393000, 4816
0.393000, 4815
0.394000, 4814
0.394000, 4813
0.394000, 4812
0.395000, 4811
0.395000, 4810
0.395000, 4809
0.395000, 4808
0.395000, 4807
0.396000, 4806
0.396000, 4805
0.397000, 4804
0.397000, 4803
0.397000, 4802
0.397000, 4801
0.398000, 4800
0.398000, 4799
0.398000, 4798
0.398000, 4797
0.399000, 4796
0.399000, 4795
0.400000, 4794
0.400000, 4793
0.400000, 4792
0.401000, 4791
0.401000, 4790
0.401000, 4789
0.402000, 4788
0.403000, 4787
0.403000, 4786
0.404000, 4785
0.404000, 4784
0.404000, 4783
0.405000, 4782
0.405000, 4781
0.406000, 4780
0.406000, 4779
0.406000, 4778
0.407000, 4777
0.408000, 4776
0.408000, 4775
0.408000, 4774
0.408000, 4773
0.409000, 4772
0.409000, 4771
0.410000, 4770
0.410000, 4769
0.411000, 4768
0.412000, 4767
0.412000, 4766
0.412000, 4765
0.413000, 4764
0.414000, 4763
0.414000, 4762
0.414000, 4761
0.415000, 4760
0.415000, 4759
0.415000, 4758
0.416000, 4757
0.417000, 4756
0.417000, 4755
0.418000, 4754
0.419000, 4753
0.420000, 4752
0.420000, 4751
0.421000, 4750
0.421000, 4749
0.422000, 4748
0.423000, 4747
0.423000, 4746
0.423000, 4745
0.424000, 4744
0.424000, 4743
0.424000, 4742
0.425000, 4741
0.426000, 4740
0.427000, 4739
0.427000, 4738
0.427000, 4737
0.427000, 4736
0.427000, 4735
0.428000, 4734
0.428000, 4733
0.429000, 4732
0.429000, 4731
0.429000, 4730
0.430000, 4729
0.431000, 4728
0.431000, 4727
0.431000, 4726
0.431000, 4725
0.431000, 4724
0.432000, 4723
0.432000, 4722
0.433000, 4721
0.433000, 4720
0.434000, 4719
0.434000, 4718
0.434000, 4717
0.434000, 4716
0.435000, 4715
0.435000, 4714
0.435000, 4713
0.436000, 4712
0.436000, 4711
0.436000, 4710
0.437000, 4709
0.437000, 4708
0.437000, 4707
0.437000, 4706
0.438000, 4705
0.438000, 4704
0.438000, 4703
0.439000, 4702
0.439000, 4701
0.440000, 4700
0.440000, 4699
0.441000, 4698
0.441000, 4697
0.442000, 4696
0.442000, 4695
0.442000, 4694
0.442000, 4693
0.443000, 4692
0.444000, 4691
0.445000, 4690
0.446000, 4689
0.447000, 4688
0.448000, 4687
0.448000, 4686
0.449000, 4685
0.449000, 4684
0.449000, 4683
0.449000, 4682
0.449000, 4681
0.450000, 4680
0.450000, 4679
0.451000, 4678
0.451000, 4677
0.451000, 4676
0.453000, 4675
0.453000, 4674
0.454000, 4673
0.454000, 4672
0.454000, 4671
0.455000, 4670
0.455000, 4669
0.455000, 4668
0.456000, 4667
0.457000, 4666
0.457000, 4665
0.458000, 4664
0.458000, 4663
0.459000, 4662
0.459000, 4661
0.459000, 4660
0.460000, 4659
0.460000, 4658
0.460000, 4657
0.461000, 4656
0.461000, 4655
0.461000, 4654
0.462000, 4653
0.462000, 4652
0.463000, 4651
0.464000, 4650
0.465000, 4649
0.465000, 4648
0.465000, 4647
0.466000, 4646
0.466000, 4645
0.467000, 4644
0.467000, 4643
0.467000, 4642
0.468000, 4641
0.469000, 4640
0.469000, 4639
0.469000, 4638
0.470000, 4637
0.470000, 4636
0.470000, 4635
0.471000, 4634
0.471000, 4633
0.472000, 4632
0.472000, 4631
0.473000, 4630
0.473000, 4629
0.473000, 4628
0.473000, 4627
0.474000, 4626
0.475000, 4625
0.475000, 4624
0.475000, 4623
0.476000, 4622
0.476000, 4621
0.477000, 4620
0.477000, 4619
0.478000, 4618
0.478000, 4617
0.479000, 4616
0.482000, 4615
0.482000, 4614
0.482000, 4613
0.483000, 4612
0.483000, 4611
0.483000, 4610
0.484000, 4609
0.484000, 4608
0.484000, 4607
0.485000, 4606
0.485000, 4605
0.486000, 4604
0.486000, 4603
0.486000, 4602
0.486000, 4601
0.487000, 4600
0.487000, 4599
0.488000, 4598
0.489000, 4597
0.489000, 4596
0.489000, 4595
0.490000, 4594
0.491000, 4593
0.491000, 4592
0.491000, 4591
0.493000, 4590
0.493000, 4589
0.493000, 4588
0.494000, 4587
0.494000, 4586
0.496000, 4585
0.496000, 4584
0.497000, 4583
0.497000, 4582
0.498000, 4581
0.498000, 4580
0.499000, 4579
0.499000, 4578
0.499000, 4577
0.499000, 4576
0.499000, 4575
0.500000, 4574
0.500000, 4573
0.500000, 4572
0.502000, 4571
0.502000, 4570
0.502000, 4569
0.502000, 4568
0.504000, 4567
0.504000, 4566
0.505000, 4565
0.505000, 4564
0.506000, 4563
0.507000, 4562
0.507000, 4561
0.508000, 4560
0.508000, 4559
0.509000, 4558
0.509000, 4557
0.510000, 4556
0.510000, 4555
0.511000, 4554
0.511000, 4553
0.511000, 4552
0.511000, 4551
0.513000, 4550
0.514000, 4549
0.514000, 4548
0.515000, 4547
0.516000, 4546
0.516000, 4545
0.516000, 4544
0.517000, 4543
0.517000, 4542
0.517000, 4541
0.518000, 4540
0.519000, 4539
0.519000, 4538
0.519000, 4537
0.520000, 4536
0.520000, 4535
0.520000, 4534
0.520000, 4533
0.521000, 4532
0.523000, 4531
0.523000, 4530
0.524000, 4529
0.524000, 4528
0.524000, 4527
0.525000, 4526
0.525000, 4525
0.526000, 4524
0.526000, 4523
0.527000, 4522
0.528000, 4521
0.528000, 4520
0.529000, 4519
0.529000, 4518
0.530000, 4517
0.530000, 4516
0.531000, 4515
0.531000, 4514
0.533000, 4513
0.535000, 4512
0.535000, 4511
0.538000, 4510
0.539000, 4509
0.539000, 4508
0.542000, 4507
0.543000, 4506
0.543000, 4505
0.544000, 4504
0.545000, 4503
0.545000, 4502
0.546000, 4501
0.546000, 4500
0.546000, 4499
0.547000, 4498
0.547000, 4497
0.548000, 4496
0.549000, 4495
0.550000, 4494
0.550000, 4493
0.551000, 4492
0.551000, 4491
0.552000, 4490
0.553000, 4489
0.553000, 4488
0.553000, 4487
0.554000, 4486
0.555000, 4485
0.555000, 4484
0.556000, 4483
0.557000, 4482
0.557000, 4481
0.558000, 4480
0.559000, 4479
0.559000, 4478
0.560000, 4477
0.561000, 4476
0.561000, 4475
0.562000, 4474
0.563000, 4473
0.564000, 4472
0.564000, 4471
0.565000, 4470
0.565000, 4469
0.566000, 4468
0.567000, 4467
0.567000, 4466
0.569000, 4465
0.570000, 4464
0.571000, 4463
0.571000, 4462
0.572000, 4461
0.572000, 4460
0.573000, 4459
0.573000, 4458
0.574000, 4457
0.575000, 4456
0.576000, 4455
0.577000, 4454
0.577000, 4453
0.581000, 4452
0.582000, 4451
0.582000, 4450
0.582000, 4449
0.584000, 4448
0.584000, 4447
0.584000, 4446
0.585000, 4445
0.585000, 4444
0.586000, 4443
0.589000, 4442
0.591000, 4441
0.592000, 4440
0.592000, 4439
0.593000, 4438
0.594000, 4437
0.594000, 4436
0.595000, 4435
0.596000, 4434
0.596000, 4433
0.596000, 4432
0.598000, 4431
0.599000, 4430
0.600000, 4429
0.600000, 4428
0.603000, 4427
0.604000, 4426
0.606000, 4425
0.607000, 4424
0.608000, 4423
0.608000, 4422
0.610000, 4421
0.611000, 4420
0.612000, 4419
0.612000, 4418
0.614000, 4417
0.614000, 4416
0.615000, 4415
0.616000, 4414
0.617000, 4413
0.618000, 4412
0.619000, 4411
0.619000, 4410
0.622000, 4409
0.624000, 4408
0.624000, 4407
0.624000, 4406
0.625000, 4405
0.627000, 4404
0.627000, 4403
0.628000, 4402
0.628000, 4401
0.629000, 4400
0.630000, 4399
0.630000, 4398
0.630000, 4397
0.632000, 4396
0.633000, 4395
0.634000, 4394
0.634000, 4393
0.635000, 4392
0.640000, 4391
0.641000, 4390
0.642000, 4389
0.643000, 4388
0.643000, 4387
0.643000, 4386
0.644000, 4385
0.645000, 4384
0.646000, 4383
0.646000, 4382
0.648000, 4381
0.648000, 4380
0.649000, 4379
0.650000, 4378
0.651000, 4377
0.653000, 4376
0.653000, 4375
0.653000, 4374
0.653000, 4373
0.656000, 4372
0.660000, 4371
0.660000, 4370
0.661000, 4369
0.663000, 4368
0.664000, 4367
0.664000, 4366
0.665000, 4365
0.666000, 4364
0.666000, 4363
0.667000, 4362
0.670000, 4361
0.671000, 4360
0.672000, 4359
0.673000, 4358
0.674000, 4357
0.675000, 4356
0.675000, 4355
0.676000, 4354
0.678000, 4353
0.679000, 4352
0.679000, 4351
0.681000, 4350
0.681000, 4349
0.684000, 4348
0.685000, 4347
0.686000, 4346
0.687000, 4345
0.688000, 4344
0.689000, 4343
0.689000, 4342
0.690000, 4341
0.691000, 4340
0.692000, 4339
0.693000, 4338
0.695000, 4337
0.696000, 4336
0.697000, 4335
0.698000, 4334
0.698000, 4333
0.701000, 4332
0.701000, 4331
0.702000, 4330
0.703000, 4329
0.705000, 4328
0.705000, 4327
0.706000, 4326
0.706000, 4325
0.708000, 4324
0.710000, 4323
0.712000, 4322
0.713000, 4321
0.713000, 4320
0.713000, 4319
0.714000, 4318
0.715000, 4317
0.718000, 4316
0.718000, 4315
0.719000, 4314
0.720000, 4313
0.721000, 4312
0.722000, 4311
0.723000, 4310
0.727000, 4309
0.730000, 4308
0.731000, 4307
0.732000, 4306
0.732000, 4305
0.733000, 4304
0.734000, 4303
0.736000, 4302
0.737000, 4301
0.737000, 4300
0.737000, 4299
0.739000, 4298
0.740000, 4297
0.741000, 4296
0.743000, 4295
0.744000, 4294
0.745000, 4293
0.746000, 4292
0.747000, 4291
0.747000, 4290
0.749000, 4289
0.750000, 4288
0.750000, 4287
0.750000, 4286
0.750000, 4285
0.752000, 4284
0.752000, 4283
0.753000, 4282
0.755000, 4281
0.755000, 4280
0.755000, 4279
0.756000, 4278
0.758000, 4277
0.759000, 4276
0.760000, 4275
0.761000, 4274
0.762000, 4273
0.767000, 4272
0.771000, 4271
0.773000, 4270
0.773000, 4269
0.774000, 4268
0.776000, 4267
0.777000, 4266
0.778000, 4265
0.778000, 4264
0.779000, 4263
0.779000, 4262
0.782000, 4261
0.782000, 4260
0.782000, 4259
0.783000, 4258
0.784000, 4257
0.785000, 4256
0.785000, 4255
0.787000, 4254
0.788000, 4253
0.789000, 4252
0.789000, 4251
0.792000, 4250
0.792000, 4249
0.794000, 4248
0.796000, 4247
0.800000, 4246
0.803000, 4245
0.806000, 4244
0.808000, 4243
0.809000, 4242
0.811000, 4241
0.811000, 4240
0.812000, 4239
0.813000, 4238
0.815000, 4237
0.817000, 4236
0.818000, 4235
0.820000, 4234
0.820000, 4233
0.820000, 4232
0.824000, 4231
0.825000, 4230
0.827000, 4229
0.829000, 4228
0.831000, 4227
0.834000, 4226
0.836000, 4225
0.837000, 4224
0.837000, 4223
0.837000, 4222
0.839000, 4221
0.842000, 4220
0.843000, 4219
0.846000, 4218
0.848000, 4217
0.851000, 4216
0.851000, 4215
0.853000, 4214
0.862000, 4213
0.864000, 4212
0.864000, 4211
0.871000, 4210
0.872000, 4209
0.876000, 4208
0.888000, 4207
0.892000, 4206
0.901000, 4205
0.901000, 4204
0.903000, 4203
0.904000, 4202
0.905000, 4201
0.911000, 4200
0.912000, 4199
0.916000, 4198
0.919000, 4197
0.921000, 4196
0.925000, 4195
0.925000, 4194
0.926000, 4193
0.929000, 4192
0.930000, 4191
0.931000, 4190
0.931000, 4189
0.933000, 4188
0.935000, 4187
0.935000, 4186
0.942000, 4185
0.943000, 4184
0.944000, 4183
0.944000, 4182
0.944000, 4181
0.947000, 4180
0.951000, 4179
0.955000, 4178
0.959000, 4177
0.961000, 4176
0.962000, 4175
0.966000, 4174
0.970000, 4173
0.973000, 4172
0.977000, 4171
0.983000, 4170
0.990000, 4169
0.996000, 4168
0.999000, 4167
1.006000, 4166
1.011000, 4165
1.011000, 4164
1.015000, 4163
1.024000, 4162
1.034000, 4161
1.035000, 4160
1.049000, 4159
1.049000, 4158
1.055000, 4157
1.056000, 4156
1.065000, 4155
1.065000, 4154
1.073000, 4153
1.075000, 4152
1.076000, 4151
1.079000, 4150
1.095000, 4149
1.113000, 4148
1.113000, 4147
1.115000, 4146
1.116000, 4145
1.120000, 4144
1.125000, 4143
1.129000, 4142
1.136000, 4141
1.137000, 4140
1.137000, 4139
1.139000, 4138
1.143000, 4137
1.146000, 4136
1.149000, 4135
1.153000, 4134
1.155000, 4133
1.157000, 4132
1.158000, 4131
1.166000, 4130
1.172000, 4129
1.181000, 4128
1.183000, 4127
1.186000, 4126
1.192000, 4125
1.205000, 4124
1.207000, 4123
1.208000, 4122
1.222000, 4121
1.235000, 4120
1.243000, 4119
1.251000, 4118
1.252000, 4117
1.253000, 4116
1.257000, 4115
1.285000, 4114
1.305000, 4113
1.319000, 4112
1.326000, 4111
1.330000, 4110
1.335000, 4109
1.361000, 4108
1.363000, 4107
1.363000, 4106
1.389000, 4105
1.393000, 4104
1.414000, 4103
1.441000, 4102
1.445000, 4101
1.499000, 4100
1.596000, 4099
1.604000, 4098
1.642000, 4097
1.677000, 4096
1.720000, 4095
1.731000, 4094
1.795000, 4093
1.844000, 4092
2.011000, 4091
