0.015000, 5815
0.031000, 5814
0.031000, 5813
0.031000, 5812
0.031000, 5811
0.031000, 5810
0.031000, 5809
0.031000, 5808
0.031000, 5807
0.031000, 5806
0.031000, 5805
0.031000, 5804
0.031000, 5803
0.031000, 5802
0.031000, 5801
0.031000, 5800
0.046000, 5799
0.046000, 5798
0.046000, 5797
0.046000, 5796
0.046000, 5795
0.046000, 5794
0.046000, 5793
0.046000, 5792
0.046000, 5791
0.046000, 5790
0.046000, 5789
0.046000, 5788
0.046000, 5787
0.046000, 5786
0.046000, 5785
0.046000, 5784
0.046000, 5783
0.046000, 5782
0.046000, 5781
0.046000, 5780
0.046000, 5779
0.046000, 5778
0.046000, 5777
0.046000, 5776
0.046000, 5775
0.046000, 5774
0.046000, 5773
0.046000, 5772
0.046000, 5771
0.046000, 5770
0.046000, 5769
0.046000, 5768
0.046000, 5767
0.046000, 5766
0.046000, 5765
0.046000, 5764
0.046000, 5763
0.046000, 5762
0.046000, 5761
0.046000, 5760
0.046000, 5759
0.046000, 5758
0.046000, 5757
0.046000, 5756
0.046000, 5755
0.046000, 5754
0.046000, 5753
0.046000, 5752
0.046000, 5751
0.046000, 5750
0.062000, 5749
0.062000, 5748
0.062000, 5747
0.062000, 5746
0.062000, 5745
0.062000, 5744
0.062000, 5743
0.062000, 5742
0.062000, 5741
0.062000, 5740
0.062000, 5739
0.062000, 5738
0.062000, 5737
0.062000, 5736
0.062000, 5735
0.062000, 5734
0.062000, 5733
0.062000, 5732
0.062000, 5731
0.062000, 5730
0.062000, 5729
0.062000, 5728
0.062000, 5727
0.062000, 5726
0.062000, 5725
0.062000, 5724
0.062000, 5723
0.062000, 5722
0.062000, 5721
0.062000, 5720
0.062000, 5719
0.062000, 5718
0.062000, 5717
0.062000, 5716
0.062000, 5715
0.062000, 5714
0.062000, 5713
0.062000, 5712
0.062000, 5711
0.062000, 5710
0.062000, 5709
0.062000, 5708
0.062000, 5707
0.062000, 5706
0.062000, 5705
0.062000, 5704
0.062000, 5703
0.062000, 5702
0.062000, 5701
0.078000, 5700
0.078000, 5699
0.078000, 5698
0.078000, 5697
0.078000, 5696
0.078000, 5695
0.078000, 5694
0.078000, 5693
0.078000, 5692
0.078000, 5691
0.078000, 5690
0.078000, 5689
0.078000, 5688
0.078000, 5687
0.078000, 5686
0.078000, 5685
0.078000, 5684
0.078000, 5683
0.078000, 5682
0.078000, 5681
0.078000, 5680
0.078000, 5679
0.078000, 5678
0.078000, 5677
0.078000, 5676
0.078000, 5675
0.078000, 5674
0.078000, 5673
0.078000, 5672
0.078000, 5671
0.078000, 5670
0.078000, 5669
0.078000, 5668
0.078000, 5667
0.078000, 5666
0.078000, 5665
0.078000, 5664
0.078000, 5663
0.078000, 5662
0.078000, 5661
0.078000, 5660
0.078000, 5659
0.078000, 5658
0.078000, 5657
0.078000, 5656
0.078000, 5655
0.078000, 5654
0.078000, 5653
0.078000, 5652
0.078000, 5651
0.078000, 5650
0.093000, 5649
0.093000, 5648
0.093000, 5647
0.093000, 5646
0.093000, 5645
0.093000, 5644
0.093000, 5643
0.093000, 5642
0.093000, 5641
0.093000, 5640
0.093000, 5639
0.093000, 5638
0.093000, 5637
0.093000, 5636
0.093000, 5635
0.093000, 5634
0.093000, 5633
0.093000, 5632
0.093000, 5631
0.093000, 5630
0.093000, 5629
0.093000, 5628
0.093000, 5627
0.093000, 5626
0.093000, 5625
0.093000, 5624
0.093000, 5623
0.093000, 5622
0.093000, 5621
0.093000, 5620
0.093000, 5619
0.093000, 5618
0.093000, 5617
0.093000, 5616
0.093000, 5615
0.093000, 5614
0.093000, 5613
0.093000, 5612
0.093000, 5611
0.093000, 5610
0.093000, 5609
0.093000, 5608
0.093000, 5607
0.093000, 5606
0.093000, 5605
0.093000, 5604
0.093000, 5603
0.093000, 5602
0.093000, 5601
0.093000, 5600
0.093000, 5599
0.109000, 5598
0.109000, 5597
0.109000, 5596
0.109000, 5595
0.109000, 5594
0.109000, 5593
0.109000, 5592
0.109000, 5591
0.109000, 5590
0.109000, 5589
0.109000, 5588
0.109000, 5587
0.109000, 5586
0.109000, 5585
0.109000, 5584
0.109000, 5583
0.109000, 5582
0.109000, 5581
0.109000, 5580
0.109000, 5579
0.109000, 5578
0.109000, 5577
0.109000, 5576
0.109000, 5575
0.109000, 5574
0.109000, 5573
0.109000, 5572
0.109000, 5571
0.109000, 5570
0.109000, 5569
0.109000, 5568
0.109000, 5567
0.109000, 5566
0.109000, 5565
0.109000, 5564
0.109000, 5563
0.109000, 5562
0.109000, 5561
0.109000, 5560
0.109000, 5559
0.109000, 5558
0.109000, 5557
0.109000, 5556
0.109000, 5555
0.109000, 5554
0.109000, 5553
0.109000, 5552
0.109000, 5551
0.125000, 5550
0.125000, 5549
0.125000, 5548
0.125000, 5547
0.125000, 5546
0.125000, 5545
0.125000, 5544
0.125000, 5543
0.125000, 5542
0.125000, 5541
0.125000, 5540
0.125000, 5539
0.125000, 5538
0.125000, 5537
0.125000, 5536
0.125000, 5535
0.125000, 5534
0.125000, 5533
0.125000, 5532
0.125000, 5531
0.125000, 5530
0.125000, 5529
0.125000, 5528
0.125000, 5527
0.125000, 5526
0.125000, 5525
0.125000, 5524
0.125000, 5523
0.125000, 5522
0.125000, 5521
0.125000, 5520
0.125000, 5519
0.125000, 5518
0.125000, 5517
0.125000, 5516
0.125000, 5515
0.125000, 5514
0.125000, 5513
0.125000, 5512
0.125000, 5511
0.125000, 5510
0.125000, 5509
0.125000, 5508
0.125000, 5507
0.125000, 5506
0.125000, 5505
0.125000, 5504
0.140000, 5503
0.140000, 5502
0.140000, 5501
0.140000, 5500
0.140000, 5499
0.140000, 5498
0.140000, 5497
0.140000, 5496
0.140000, 5495
0.140000, 5494
0.140000, 5493
0.140000, 5492
0.140000, 5491
0.140000, 5490
0.140000, 5489
0.140000, 5488
0.140000, 5487
0.140000, 5486
0.140000, 5485
0.140000, 5484
0.140000, 5483
0.140000, 5482
0.140000, 5481
0.140000, 5480
0.140000, 5479
0.140000, 5478
0.140000, 5477
0.140000, 5476
0.140000, 5475
0.140000, 5474
0.140000, 5473
0.140000, 5472
0.140000, 5471
0.140000, 5470
0.140000, 5469
0.140000, 5468
0.140000, 5467
0.140000, 5466
0.140000, 5465
0.140000, 5464
0.140000, 5463
0.140000, 5462
0.140000, 5461
0.140000, 5460
0.140000, 5459
0.156000, 5458
0.156000, 5457
0.156000, 5456
0.156000, 5455
0.156000, 5454
0.156000, 5453
0.156000, 5452
0.156000, 5451
0.156000, 5450
0.156000, 5449
0.156000, 5448
0.156000, 5447
0.156000, 5446
0.156000, 5445
0.156000, 5444
0.156000, 5443
0.156000, 5442
0.156000, 5441
0.156000, 5440
0.156000, 5439
0.156000, 5438
0.156000, 5437
0.156000, 5436
0.156000, 5435
0.156000, 5434
0.156000, 5433
0.156000, 5432
0.156000, 5431
0.156000, 5430
0.156000, 5429
0.156000, 5428
0.156000, 5427
0.156000, 5426
0.156000, 5425
0.156000, 5424
0.156000, 5423
0.156000, 5422
0.156000, 5421
0.171000, 5420
0.171000, 5419
0.171000, 5418
0.171000, 5417
0.171000, 5416
0.171000, 5415
0.171000, 5414
0.171000, 5413
0.171000, 5412
0.171000, 5411
0.171000, 5410
0.171000, 5409
0.171000, 5408
0.171000, 5407
0.171000, 5406
0.171000, 5405
0.171000, 5404
0.171000, 5403
0.171000, 5402
0.171000, 5401
0.171000, 5400
0.171000, 5399
0.171000, 5398
0.171000, 5397
0.171000, 5396
0.171000, 5395
0.171000, 5394
0.171000, 5393
0.171000, 5392
0.171000, 5391
0.171000, 5390
0.171000, 5389
0.171000, 5388
0.171000, 5387
0.171000, 5386
0.171000, 5385
0.171000, 5384
0.171000, 5383
0.171000, 5382
0.171000, 5381
0.171000, 5380
0.171000, 5379
0.171000, 5378
0.171000, 5377
0.187000, 5376
0.187000, 5375
0.187000, 5374
0.187000, 5373
0.187000, 5372
0.187000, 5371
0.187000, 5370
0.187000, 5369
0.187000, 5368
0.187000, 5367
0.187000, 5366
0.187000, 5365
0.187000, 5364
0.187000, 5363
0.187000, 5362
0.187000, 5361
0.187000, 5360
0.187000, 5359
0.187000, 5358
0.187000, 5357
0.187000, 5356
0.187000, 5355
0.187000, 5354
0.187000, 5353
0.187000, 5352
0.187000, 5351
0.187000, 5350
0.187000, 5349
0.187000, 5348
0.187000, 5347
0.187000, 5346
0.187000, 5345
0.187000, 5344
0.187000, 5343
0.187000, 5342
0.187000, 5341
0.187000, 5340
0.187000, 5339
0.187000, 5338
0.187000, 5337
0.187000, 5336
0.187000, 5335
0.187000, 5334
0.187000, 5333
0.187000, 5332
0.203000, 5331
0.203000, 5330
0.203000, 5329
0.203000, 5328
0.203000, 5327
0.203000, 5326
0.203000, 5325
0.203000, 5324
0.203000, 5323
0.203000, 5322
0.203000, 5321
0.203000, 5320
0.203000, 5319
0.203000, 5318
0.203000, 5317
0.203000, 5316
0.203000, 5315
0.203000, 5314
0.203000, 5313
0.203000, 5312
0.203000, 5311
0.203000, 5310
0.203000, 5309
0.203000, 5308
0.203000, 5307
0.203000, 5306
0.203000, 5305
0.203000, 5304
0.203000, 5303
0.203000, 5302
0.203000, 5301
0.203000, 5300
0.203000, 5299
0.203000, 5298
0.203000, 5297
0.203000, 5296
0.203000, 5295
0.203000, 5294
0.203000, 5293
0.203000, 5292
0.203000, 5291
0.203000, 5290
0.203000, 5289
0.218000, 5288
0.218000, 5287
0.218000, 5286
0.218000, 5285
0.218000, 5284
0.218000, 5283
0.218000, 5282
0.218000, 5281
0.218000, 5280
0.218000, 5279
0.218000, 5278
0.218000, 5277
0.218000, 5276
0.218000, 5275
0.218000, 5274
0.218000, 5273
0.218000, 5272
0.218000, 5271
0.218000, 5270
0.218000, 5269
0.218000, 5268
0.218000, 5267
0.218000, 5266
0.218000, 5265
0.218000, 5264
0.218000, 5263
0.218000, 5262
0.234000, 5261
0.234000, 5260
0.234000, 5259
0.234000, 5258
0.234000, 5257
0.234000, 5256
0.234000, 5255
0.234000, 5254
0.234000, 5253
0.234000, 5252
0.234000, 5251
0.234000, 5250
0.234000, 5249
0.234000, 5248
0.234000, 5247
0.234000, 5246
0.234000, 5245
0.234000, 5244
0.234000, 5243
0.234000, 5242
0.234000, 5241
0.234000, 5240
0.234000, 5239
0.234000, 5238
0.234000, 5237
0.234000, 5236
0.234000, 5235
0.234000, 5234
0.234000, 5233
0.234000, 5232
0.234000, 5231
0.234000, 5230
0.234000, 5229
0.234000, 5228
0.234000, 5227
0.234000, 5226
0.234000, 5225
0.234000, 5224
0.234000, 5223
0.234000, 5222
0.234000, 5221
0.234000, 5220
0.234000, 5219
0.234000, 5218
0.234000, 5217
0.250000, 5216
0.250000, 5215
0.250000, 5214
0.250000, 5213
0.250000, 5212
0.250000, 5211
0.250000, 5210
0.250000, 5209
0.250000, 5208
0.250000, 5207
0.250000, 5206
0.250000, 5205
0.250000, 5204
0.250000, 5203
0.250000, 5202
0.250000, 5201
0.250000, 5200
0.250000, 5199
0.250000, 5198
0.250000, 5197
0.250000, 5196
0.250000, 5195
0.250000, 5194
0.250000, 5193
0.250000, 5192
0.250000, 5191
0.250000, 5190
0.250000, 5189
0.250000, 5188
0.250000, 5187
0.250000, 5186
0.250000, 5185
0.265000, 5184
0.265000, 5183
0.265000, 5182
0.265000, 5181
0.265000, 5180
0.265000, 5179
0.265000, 5178
0.265000, 5177
0.265000, 5176
0.265000, 5175
0.265000, 5174
0.265000, 5173
0.265000, 5172
0.265000, 5171
0.265000, 5170
0.265000, 5169
0.265000, 5168
0.265000, 5167
0.265000, 5166
0.265000, 5165
0.265000, 5164
0.265000, 5163
0.265000, 5162
0.265000, 5161
0.265000, 5160
0.265000, 5159
0.265000, 5158
0.265000, 5157
0.265000, 5156
0.265000, 5155
0.265000, 5154
0.265000, 5153
0.265000, 5152
0.265000, 5151
0.265000, 5150
0.265000, 5149
0.265000, 5148
0.265000, 5147
0.265000, 5146
0.265000, 5145
0.265000, 5144
0.281000, 5143
0.281000, 5142
0.281000, 5141
0.281000, 5140
0.281000, 5139
0.281000, 5138
0.281000, 5137
0.281000, 5136
0.281000, 5135
0.281000, 5134
0.281000, 5133
0.281000, 5132
0.281000, 5131
0.281000, 5130
0.281000, 5129
0.281000, 5128
0.281000, 5127
0.281000, 5126
0.281000, 5125
0.281000, 5124
0.281000, 5123
0.281000, 5122
0.281000, 5121
0.281000, 5120
0.281000, 5119
0.281000, 5118
0.281000, 5117
0.281000, 5116
0.281000, 5115
0.281000, 5114
0.281000, 5113
0.281000, 5112
0.281000, 5111
0.281000, 5110
0.281000, 5109
0.281000, 5108
0.281000, 5107
0.281000, 5106
0.281000, 5105
0.281000, 5104
0.296000, 5103
0.296000, 5102
0.296000, 5101
0.296000, 5100
0.296000, 5099
0.296000, 5098
0.296000, 5097
0.296000, 5096
0.296000, 5095
0.296000, 5094
0.296000, 5093
0.296000, 5092
0.296000, 5091
0.296000, 5090
0.296000, 5089
0.296000, 5088
0.296000, 5087
0.296000, 5086
0.296000, 5085
0.296000, 5084
0.296000, 5083
0.296000, 5082
0.296000, 5081
0.296000, 5080
0.296000, 5079
0.296000, 5078
0.296000, 5077
0.296000, 5076
0.296000, 5075
0.296000, 5074
0.296000, 5073
0.296000, 5072
0.296000, 5071
0.296000, 5070
0.296000, 5069
0.296000, 5068
0.296000, 5067
0.296000, 5066
0.296000, 5065
0.312000, 5064
0.312000, 5063
0.312000, 5062
0.312000, 5061
0.312000, 5060
0.312000, 5059
0.312000, 5058
0.312000, 5057
0.312000, 5056
0.312000, 5055
0.312000, 5054
0.312000, 5053
0.312000, 5052
0.312000, 5051
0.312000, 5050
0.312000, 5049
0.312000, 5048
0.312000, 5047
0.312000, 5046
0.312000, 5045
0.312000, 5044
0.312000, 5043
0.312000, 5042
0.312000, 5041
0.312000, 5040
0.312000, 5039
0.312000, 5038
0.312000, 5037
0.312000, 5036
0.312000, 5035
0.312000, 5034
0.312000, 5033
0.312000, 5032
0.312000, 5031
0.312000, 5030
0.312000, 5029
0.312000, 5028
0.312000, 5027
0.312000, 5026
0.312000, 5025
0.312000, 5024
0.328000, 5023
0.328000, 5022
0.328000, 5021
0.328000, 5020
0.328000, 5019
0.328000, 5018
0.328000, 5017
0.328000, 5016
0.328000, 5015
0.328000, 5014
0.328000, 5013
0.328000, 5012
0.328000, 5011
0.328000, 5010
0.328000, 5009
0.328000, 5008
0.328000, 5007
0.328000, 5006
0.328000, 5005
0.328000, 5004
0.328000, 5003
0.328000, 5002
0.328000, 5001
0.328000, 5000
0.328000, 4999
0.328000, 4998
0.328000, 4997
0.328000, 4996
0.328000, 4995
0.328000, 4994
0.328000, 4993
0.328000, 4992
0.328000, 4991
0.328000, 4990
0.328000, 4989
0.328000, 4988
0.328000, 4987
0.328000, 4986
0.328000, 4985
0.328000, 4984
0.343000, 4983
0.343000, 4982
0.343000, 4981
0.343000, 4980
0.343000, 4979
0.343000, 4978
0.343000, 4977
0.343000, 4976
0.343000, 4975
0.343000, 4974
0.343000, 4973
0.343000, 4972
0.343000, 4971
0.343000, 4970
0.343000, 4969
0.343000, 4968
0.343000, 4967
0.343000, 4966
0.343000, 4965
0.343000, 4964
0.343000, 4963
0.343000, 4962
0.343000, 4961
0.343000, 4960
0.359000, 4959
0.359000, 4958
0.359000, 4957
0.359000, 4956
0.359000, 4955
0.359000, 4954
0.359000, 4953
0.359000, 4952
0.359000, 4951
0.359000, 4950
0.359000, 4949
0.359000, 4948
0.359000, 4947
0.359000, 4946
0.359000, 4945
0.359000, 4944
0.359000, 4943
0.359000, 4942
0.359000, 4941
0.359000, 4940
0.359000, 4939
0.359000, 4938
0.359000, 4937
0.359000, 4936
0.359000, 4935
0.359000, 4934
0.359000, 4933
0.359000, 4932
0.359000, 4931
0.359000, 4930
0.359000, 4929
0.359000, 4928
0.359000, 4927
0.359000, 4926
0.359000, 4925
0.359000, 4924
0.359000, 4923
0.359000, 4922
0.359000, 4921
0.359000, 4920
0.359000, 4919
0.359000, 4918
0.359000, 4917
0.359000, 4916
0.359000, 4915
0.359000, 4914
0.359000, 4913
0.359000, 4912
0.359000, 4911
0.359000, 4910
0.359000, 4909
0.359000, 4908
0.359000, 4907
0.359000, 4906
0.359000, 4905
0.359000, 4904
0.359000, 4903
0.359000, 4902
0.359000, 4901
0.375000, 4900
0.375000, 4899
0.375000, 4898
0.375000, 4897
0.375000, 4896
0.375000, 4895
0.375000, 4894
0.375000, 4893
0.375000, 4892
0.375000, 4891
0.375000, 4890
0.375000, 4889
0.375000, 4888
0.375000, 4887
0.375000, 4886
0.375000, 4885
0.375000, 4884
0.375000, 4883
0.375000, 4882
0.375000, 4881
0.375000, 4880
0.375000, 4879
0.375000, 4878
0.375000, 4877
0.375000, 4876
0.375000, 4875
0.375000, 4874
0.375000, 4873
0.375000, 4872
0.375000, 4871
0.375000, 4870
0.375000, 4869
0.375000, 4868
0.375000, 4867
0.375000, 4866
0.375000, 4865
0.375000, 4864
0.375000, 4863
0.375000, 4862
0.375000, 4861
0.375000, 4860
0.375000, 4859
0.375000, 4858
0.375000, 4857
0.375000, 4856
0.375000, 4855
0.375000, 4854
0.375000, 4853
0.375000, 4852
0.390000, 4851
0.390000, 4850
0.390000, 4849
0.390000, 4848
0.390000, 4847
0.390000, 4846
0.390000, 4845
0.390000, 4844
0.390000, 4843
0.390000, 4842
0.390000, 4841
0.390000, 4840
0.390000, 4839
0.390000, 4838
0.390000, 4837
0.390000, 4836
0.390000, 4835
0.390000, 4834
0.390000, 4833
0.390000, 4832
0.390000, 4831
0.390000, 4830
0.390000, 4829
0.390000, 4828
0.390000, 4827
0.390000, 4826
0.390000, 4825
0.390000, 4824
0.390000, 4823
0.390000, 4822
0.390000, 4821
0.390000, 4820
0.390000, 4819
0.390000, 4818
0.390000, 4817
0.390000, 4816
0.390000, 4815
0.390000, 4814
0.390000, 4813
0.390000, 4812
0.390000, 4811
0.390000, 4810
0.390000, 4809
0.406000, 4808
0.406000, 4807
0.406000, 4806
0.406000, 4805
0.406000, 4804
0.406000, 4803
0.406000, 4802
0.406000, 4801
0.406000, 4800
0.406000, 4799
0.406000, 4798
0.406000, 4797
0.406000, 4796
0.406000, 4795
0.406000, 4794
0.406000, 4793
0.406000, 4792
0.406000, 4791
0.406000, 4790
0.406000, 4789
0.406000, 4788
0.406000, 4787
0.406000, 4786
0.406000, 4785
0.406000, 4784
0.406000, 4783
0.406000, 4782
0.406000, 4781
0.406000, 4780
0.406000, 4779
0.406000, 4778
0.406000, 4777
0.406000, 4776
0.406000, 4775
0.406000, 4774
0.406000, 4773
0.406000, 4772
0.406000, 4771
0.406000, 4770
0.406000, 4769
0.406000, 4768
0.406000, 4767
0.406000, 4766
0.406000, 4765
0.406000, 4764
0.406000, 4763
0.406000, 4762
0.406000, 4761
0.406000, 4760
0.406000, 4759
0.406000, 4758
0.406000, 4757
0.406000, 4756
0.421000, 4755
0.421000, 4754
0.421000, 4753
0.421000, 4752
0.421000, 4751
0.421000, 4750
0.421000, 4749
0.421000, 4748
0.421000, 4747
0.421000, 4746
0.421000, 4745
0.421000, 4744
0.421000, 4743
0.421000, 4742
0.421000, 4741
0.421000, 4740
0.421000, 4739
0.421000, 4738
0.421000, 4737
0.421000, 4736
0.421000, 4735
0.421000, 4734
0.421000, 4733
0.421000, 4732
0.421000, 4731
0.421000, 4730
0.421000, 4729
0.421000, 4728
0.421000, 4727
0.421000, 4726
0.421000, 4725
0.421000, 4724
0.421000, 4723
0.421000, 4722
0.421000, 4721
0.421000, 4720
0.421000, 4719
0.421000, 4718
0.421000, 4717
0.421000, 4716
0.421000, 4715
0.421000, 4714
0.421000, 4713
0.421000, 4712
0.437000, 4711
0.437000, 4710
0.437000, 4709
0.437000, 4708
0.437000, 4707
0.437000, 4706
0.437000, 4705
0.437000, 4704
0.437000, 4703
0.437000, 4702
0.437000, 4701
0.437000, 4700
0.437000, 4699
0.437000, 4698
0.437000, 4697
0.437000, 4696
0.437000, 4695
0.437000, 4694
0.437000, 4693
0.437000, 4692
0.437000, 4691
0.437000, 4690
0.437000, 4689
0.437000, 4688
0.437000, 4687
0.437000, 4686
0.437000, 4685
0.437000, 4684
0.437000, 4683
0.437000, 4682
0.437000, 4681
0.437000, 4680
0.437000, 4679
0.437000, 4678
0.437000, 4677
0.437000, 4676
0.437000, 4675
0.437000, 4674
0.437000, 4673
0.437000, 4672
0.437000, 4671
0.453000, 4670
0.453000, 4669
0.453000, 4668
0.453000, 4667
0.453000, 4666
0.453000, 4665
0.453000, 4664
0.453000, 4663
0.453000, 4662
0.453000, 4661
0.453000, 4660
0.453000, 4659
0.453000, 4658
0.453000, 4657
0.453000, 4656
0.453000, 4655
0.453000, 4654
0.453000, 4653
0.453000, 4652
0.453000, 4651
0.453000, 4650
0.453000, 4649
0.453000, 4648
0.453000, 4647
0.453000, 4646
0.453000, 4645
0.453000, 4644
0.453000, 4643
0.453000, 4642
0.453000, 4641
0.453000, 4640
0.453000, 4639
0.453000, 4638
0.453000, 4637
0.453000, 4636
0.453000, 4635
0.453000, 4634
0.453000, 4633
0.453000, 4632
0.453000, 4631
0.453000, 4630
0.453000, 4629
0.453000, 4628
0.468000, 4627
0.468000, 4626
0.468000, 4625
0.468000, 4624
0.468000, 4623
0.468000, 4622
0.468000, 4621
0.468000, 4620
0.468000, 4619
0.468000, 4618
0.468000, 4617
0.468000, 4616
0.468000, 4615
0.468000, 4614
0.468000, 4613
0.468000, 4612
0.468000, 4611
0.468000, 4610
0.468000, 4609
0.468000, 4608
0.468000, 4607
0.468000, 4606
0.468000, 4605
0.468000, 4604
0.468000, 4603
0.468000, 4602
0.468000, 4601
0.468000, 4600
0.468000, 4599
0.468000, 4598
0.468000, 4597
0.468000, 4596
0.468000, 4595
0.468000, 4594
0.468000, 4593
0.468000, 4592
0.468000, 4591
0.468000, 4590
0.468000, 4589
0.468000, 4588
0.468000, 4587
0.468000, 4586
0.484000, 4585
0.484000, 4584
0.484000, 4583
0.484000, 4582
0.484000, 4581
0.484000, 4580
0.484000, 4579
0.484000, 4578
0.484000, 4577
0.484000, 4576
0.484000, 4575
0.484000, 4574
0.484000, 4573
0.484000, 4572
0.484000, 4571
0.484000, 4570
0.484000, 4569
0.484000, 4568
0.484000, 4567
0.484000, 4566
0.484000, 4565
0.484000, 4564
0.484000, 4563
0.484000, 4562
0.484000, 4561
0.484000, 4560
0.484000, 4559
0.484000, 4558
0.500000, 4557
0.500000, 4556
0.500000, 4555
0.500000, 4554
0.500000, 4553
0.500000, 4552
0.500000, 4551
0.500000, 4550
0.500000, 4549
0.500000, 4548
0.500000, 4547
0.500000, 4546
0.500000, 4545
0.500000, 4544
0.500000, 4543
0.500000, 4542
0.500000, 4541
0.500000, 4540
0.500000, 4539
0.500000, 4538
0.500000, 4537
0.500000, 4536
0.500000, 4535
0.500000, 4534
0.500000, 4533
0.500000, 4532
0.500000, 4531
0.500000, 4530
0.500000, 4529
0.500000, 4528
0.500000, 4527
0.500000, 4526
0.500000, 4525
0.500000, 4524
0.500000, 4523
0.515000, 4522
0.515000, 4521
0.515000, 4520
0.515000, 4519
0.515000, 4518
0.515000, 4517
0.515000, 4516
0.515000, 4515
0.515000, 4514
0.515000, 4513
0.515000, 4512
0.515000, 4511
0.515000, 4510
0.515000, 4509
0.515000, 4508
0.515000, 4507
0.515000, 4506
0.515000, 4505
0.515000, 4504
0.515000, 4503
0.515000, 4502
0.515000, 4501
0.515000, 4500
0.515000, 4499
0.515000, 4498
0.515000, 4497
0.515000, 4496
0.515000, 4495
0.515000, 4494
0.515000, 4493
0.515000, 4492
0.515000, 4491
0.515000, 4490
0.531000, 4489
0.531000, 4488
0.531000, 4487
0.531000, 4486
0.531000, 4485
0.531000, 4484
0.531000, 4483
0.531000, 4482
0.531000, 4481
0.531000, 4480
0.531000, 4479
0.531000, 4478
0.531000, 4477
0.531000, 4476
0.531000, 4475
0.531000, 4474
0.531000, 4473
0.531000, 4472
0.531000, 4471
0.531000, 4470
0.531000, 4469
0.531000, 4468
0.531000, 4467
0.531000, 4466
0.531000, 4465
0.546000, 4464
0.546000, 4463
0.546000, 4462
0.546000, 4461
0.546000, 4460
0.546000, 4459
0.546000, 4458
0.546000, 4457
0.546000, 4456
0.546000, 4455
0.546000, 4454
0.546000, 4453
0.546000, 4452
0.546000, 4451
0.546000, 4450
0.546000, 4449
0.546000, 4448
0.546000, 4447
0.546000, 4446
0.546000, 4445
0.546000, 4444
0.546000, 4443
0.546000, 4442
0.546000, 4441
0.546000, 4440
0.546000, 4439
0.546000, 4438
0.562000, 4437
0.562000, 4436
0.562000, 4435
0.562000, 4434
0.562000, 4433
0.562000, 4432
0.562000, 4431
0.562000, 4430
0.562000, 4429
0.562000, 4428
0.562000, 4427
0.562000, 4426
0.562000, 4425
0.562000, 4424
0.562000, 4423
0.562000, 4422
0.562000, 4421
0.562000, 4420
0.562000, 4419
0.562000, 4418
0.578000, 4417
0.578000, 4416
0.578000, 4415
0.578000, 4414
0.578000, 4413
0.578000, 4412
0.578000, 4411
0.578000, 4410
0.578000, 4409
0.578000, 4408
0.578000, 4407
0.578000, 4406
0.578000, 4405
0.578000, 4404
0.578000, 4403
0.578000, 4402
0.578000, 4401
0.578000, 4400
0.578000, 4399
0.578000, 4398
0.578000, 4397
0.578000, 4396
0.578000, 4395
0.578000, 4394
0.578000, 4393
0.578000, 4392
0.593000, 4391
0.593000, 4390
0.593000, 4389
0.593000, 4388
0.593000, 4387
0.593000, 4386
0.593000, 4385
0.593000, 4384
0.593000, 4383
0.593000, 4382
0.593000, 4381
0.593000, 4380
0.593000, 4379
0.593000, 4378
0.593000, 4377
0.593000, 4376
0.593000, 4375
0.593000, 4374
0.593000, 4373
0.593000, 4372
0.593000, 4371
0.609000, 4370
0.609000, 4369
0.609000, 4368
0.609000, 4367
0.609000, 4366
0.609000, 4365
0.609000, 4364
0.609000, 4363
0.609000, 4362
0.609000, 4361
0.609000, 4360
0.609000, 4359
0.609000, 4358
0.609000, 4357
0.609000, 4356
0.609000, 4355
0.609000, 4354
0.609000, 4353
0.609000, 4352
0.625000, 4351
0.625000, 4350
0.625000, 4349
0.625000, 4348
0.625000, 4347
0.625000, 4346
0.625000, 4345
0.625000, 4344
0.625000, 4343
0.625000, 4342
0.625000, 4341
0.625000, 4340
0.625000, 4339
0.625000, 4338
0.625000, 4337
0.625000, 4336
0.640000, 4335
0.640000, 4334
0.640000, 4333
0.640000, 4332
0.640000, 4331
0.640000, 4330
0.640000, 4329
0.640000, 4328
0.640000, 4327
0.640000, 4326
0.640000, 4325
0.640000, 4324
0.640000, 4323
0.640000, 4322
0.640000, 4321
0.640000, 4320
0.640000, 4319
0.656000, 4318
0.656000, 4317
0.656000, 4316
0.656000, 4315
0.656000, 4314
0.656000, 4313
0.656000, 4312
0.656000, 4311
0.656000, 4310
0.656000, 4309
0.656000, 4308
0.656000, 4307
0.656000, 4306
0.656000, 4305
0.656000, 4304
0.656000, 4303
0.656000, 4302
0.656000, 4301
0.656000, 4300
0.656000, 4299
0.656000, 4298
0.656000, 4297
0.672000, 4296
0.672000, 4295
0.672000, 4294
0.672000, 4293
0.672000, 4292
0.672000, 4291
0.672000, 4290
0.672000, 4289
0.672000, 4288
0.672000, 4287
0.672000, 4286
0.672000, 4285
0.672000, 4284
0.672000, 4283
0.672000, 4282
0.672000, 4281
0.672000, 4280
0.672000, 4279
0.672000, 4278
0.672000, 4277
0.687000, 4276
0.687000, 4275
0.687000, 4274
0.687000, 4273
0.687000, 4272
0.687000, 4271
0.687000, 4270
0.687000, 4269
0.687000, 4268
0.687000, 4267
0.687000, 4266
0.703000, 4265
0.703000, 4264
0.703000, 4263
0.703000, 4262
0.703000, 4261
0.703000, 4260
0.703000, 4259
0.703000, 4258
0.703000, 4257
0.703000, 4256
0.703000, 4255
0.703000, 4254
0.703000, 4253
0.703000, 4252
0.703000, 4251
0.703000, 4250
0.703000, 4249
0.703000, 4248
0.718000, 4247
0.718000, 4246
0.718000, 4245
0.718000, 4244
0.718000, 4243
0.718000, 4242
0.718000, 4241
0.718000, 4240
0.718000, 4239
0.718000, 4238
0.734000, 4237
0.734000, 4236
0.734000, 4235
0.734000, 4234
0.734000, 4233
0.734000, 4232
0.734000, 4231
0.734000, 4230
0.734000, 4229
0.734000, 4228
0.734000, 4227
0.734000, 4226
0.750000, 4225
0.750000, 4224
0.750000, 4223
0.750000, 4222
0.750000, 4221
0.750000, 4220
0.750000, 4219
0.750000, 4218
0.765000, 4217
0.765000, 4216
0.765000, 4215
0.765000, 4214
0.765000, 4213
0.781000, 4212
0.781000, 4211
0.781000, 4210
0.781000, 4209
0.781000, 4208
0.781000, 4207
0.781000, 4206
0.781000, 4205
0.797000, 4204
0.797000, 4203
0.797000, 4202
0.797000, 4201
0.812000, 4200
0.812000, 4199
0.812000, 4198
0.812000, 4197
0.812000, 4196
0.812000, 4195
0.812000, 4194
0.812000, 4193
0.812000, 4192
0.828000, 4191
0.828000, 4190
0.828000, 4189
0.828000, 4188
0.843000, 4187
0.843000, 4186
0.843000, 4185
0.843000, 4184
0.843000, 4183
0.843000, 4182
0.843000, 4181
0.843000, 4180
0.859000, 4179
0.859000, 4178
0.859000, 4177
0.859000, 4176
0.859000, 4175
0.859000, 4174
0.859000, 4173
0.859000, 4172
0.859000, 4171
0.859000, 4170
0.859000, 4169
0.859000, 4168
0.875000, 4167
0.875000, 4166
0.875000, 4165
0.875000, 4164
0.875000, 4163
0.875000, 4162
0.875000, 4161
0.875000, 4160
0.875000, 4159
0.890000, 4158
0.890000, 4157
0.906000, 4156
0.906000, 4155
0.906000, 4154
0.906000, 4153
0.906000, 4152
0.906000, 4151
0.906000, 4150
0.906000, 4149
0.906000, 4148
0.906000, 4147
0.937000, 4146
0.937000, 4145
0.953000, 4144
0.953000, 4143
0.953000, 4142
0.953000, 4141
0.968000, 4140
0.968000, 4139
0.968000, 4138
0.968000, 4137
0.984000, 4136
0.984000, 4135
0.984000, 4134
0.984000, 4133
1.000000, 4132
1.015000, 4131
1.015000, 4130
1.015000, 4129
1.031000, 4128
1.031000, 4127
1.031000, 4126
1.046000, 4125
1.046000, 4124
1.046000, 4123
1.062000, 4122
1.062000, 4121
1.078000, 4120
1.078000, 4119
1.078000, 4118
1.078000, 4117
1.093000, 4116
1.093000, 4115
1.093000, 4114
1.093000, 4113
1.093000, 4112
1.109000, 4111
1.109000, 4110
1.109000, 4109
1.125000, 4108
1.125000, 4107
1.125000, 4106
1.125000, 4105
1.140000, 4104
1.140000, 4103
1.156000, 4102
1.156000, 4101
1.156000, 4100
1.187000, 4099
1.187000, 4098
1.203000, 4097
1.218000, 4096
1.234000, 4095
1.234000, 4094
1.250000, 4093
1.250000, 4092
1.250000, 4091
1.281000, 4090
1.297000, 4089
1.312000, 4088
1.312000, 4087
1.343000, 4086
1.359000, 4085
1.375000, 4084
1.390000, 4083
1.422000, 4082
1.547000, 4081
1.781000, 4080
1.906000, 4079
1.968000, 4078
2.156000, 4077
