0.012000, 5799
0.015000, 5798
0.016000, 5797
0.016000, 5796
0.016000, 5795
0.019000, 5794
0.019000, 5793
0.020000, 5792
0.020000, 5791
0.020000, 5790
0.023000, 5789
0.023000, 5788
0.023000, 5787
0.024000, 5786
0.024000, 5785
0.025000, 5784
0.026000, 5783
0.039000, 5782
0.040000, 5781
0.040000, 5780
0.040000, 5779
0.041000, 5778
0.041000, 5777
0.041000, 5776
0.042000, 5775
0.042000, 5774
0.043000, 5773
0.043000, 5772
0.043000, 5771
0.044000, 5770
0.044000, 5769
0.044000, 5768
0.044000, 5767
0.045000, 5766
0.045000, 5765
0.045000, 5764
0.045000, 5763
0.046000, 5762
0.046000, 5761
0.046000, 5760
0.046000, 5759
0.046000, 5758
0.047000, 5757
0.047000, 5756
0.047000, 5755
0.049000, 5754
0.049000, 5753
0.049000, 5752
0.049000, 5751
0.050000, 5750
0.050000, 5749
0.051000, 5748
0.051000, 5747
0.051000, 5746
0.052000, 5745
0.052000, 5744
0.052000, 5743
0.052000, 5742
0.052000, 5741
0.053000, 5740
0.053000, 5739
0.053000, 5738
0.054000, 5737
0.054000, 5736
0.054000, 5735
0.054000, 5734
0.055000, 5733
0.055000, 5732
0.056000, 5731
0.056000, 5730
0.056000, 5729
0.057000, 5728
0.057000, 5727
0.057000, 5726
0.057000, 5725
0.058000, 5724
0.058000, 5723
0.059000, 5722
0.059000, 5721
0.059000, 5720
0.060000, 5719
0.060000, 5718
0.060000, 5717
0.061000, 5716
0.061000, 5715
0.061000, 5714
0.062000, 5713
0.062000, 5712
0.062000, 5711
0.063000, 5710
0.063000, 5709
0.064000, 5708
0.064000, 5707
0.064000, 5706
0.064000, 5705
0.065000, 5704
0.065000, 5703
0.065000, 5702
0.065000, 5701
0.066000, 5700
0.066000, 5699
0.067000, 5698
0.067000, 5697
0.067000, 5696
0.067000, 5695
0.068000, 5694
0.068000, 5693
0.068000, 5692
0.068000, 5691
0.069000, 5690
0.069000, 5689
0.069000, 5688
0.070000, 5687
0.070000, 5686
0.070000, 5685
0.070000, 5684
0.071000, 5683
0.071000, 5682
0.072000, 5681
0.072000, 5680
0.072000, 5679
0.072000, 5678
0.073000, 5677
0.073000, 5676
0.073000, 5675
0.073000, 5674
0.074000, 5673
0.074000, 5672
0.074000, 5671
0.075000, 5670
0.075000, 5669
0.075000, 5668
0.075000, 5667
0.076000, 5666
0.076000, 5665
0.076000, 5664
0.077000, 5663
0.077000, 5662
0.077000, 5661
0.077000, 5660
0.078000, 5659
0.078000, 5658
0.078000, 5657
0.078000, 5656
0.078000, 5655
0.079000, 5654
0.079000, 5653
0.079000, 5652
0.080000, 5651
0.080000, 5650
0.081000, 5649
0.081000, 5648
0.082000, 5647
0.082000, 5646
0.082000, 5645
0.083000, 5644
0.083000, 5643
0.083000, 5642
0.083000, 5641
0.084000, 5640
0.084000, 5639
0.084000, 5638
0.084000, 5637
0.085000, 5636
0.085000, 5635
0.085000, 5634
0.085000, 5633
0.086000, 5632
0.086000, 5631
0.086000, 5630
0.087000, 5629
0.087000, 5628
0.087000, 5627
0.088000, 5626
0.088000, 5625
0.088000, 5624
0.089000, 5623
0.089000, 5622
0.089000, 5621
0.090000, 5620
0.090000, 5619
0.090000, 5618
0.090000, 5617
0.090000, 5616
0.091000, 5615
0.091000, 5614
0.091000, 5613
0.092000, 5612
0.092000, 5611
0.092000, 5610
0.092000, 5609
0.093000, 5608
0.093000, 5607
0.093000, 5606
0.094000, 5605
0.094000, 5604
0.094000, 5603
0.094000, 5602
0.095000, 5601
0.095000, 5600
0.095000, 5599
0.096000, 5598
0.096000, 5597
0.097000, 5596
0.097000, 5595
0.097000, 5594
0.098000, 5593
0.098000, 5592
0.098000, 5591
0.098000, 5590
0.099000, 5589
0.099000, 5588
0.099000, 5587
0.100000, 5586
0.100000, 5585
0.100000, 5584
0.101000, 5583
0.101000, 5582
0.101000, 5581
0.101000, 5580
0.102000, 5579
0.102000, 5578
0.103000, 5577
0.103000, 5576
0.103000, 5575
0.103000, 5574
0.104000, 5573
0.104000, 5572
0.104000, 5571
0.104000, 5570
0.105000, 5569
0.105000, 5568
0.106000, 5567
0.106000, 5566
0.106000, 5565
0.106000, 5564
0.107000, 5563
0.107000, 5562
0.107000, 5561
0.107000, 5560
0.108000, 5559
0.108000, 5558
0.108000, 5557
0.109000, 5556
0.109000, 5555
0.109000, 5554
0.109000, 5553
0.109000, 5552
0.110000, 5551
0.110000, 5550
0.111000, 5549
0.111000, 5548
0.111000, 5547
0.112000, 5546
0.112000, 5545
0.112000, 5544
0.112000, 5543
0.113000, 5542
0.113000, 5541
0.114000, 5540
0.114000, 5539
0.114000, 5538
0.114000, 5537
0.115000, 5536
0.115000, 5535
0.115000, 5534
0.115000, 5533
0.115000, 5532
0.115000, 5531
0.116000, 5530
0.116000, 5529
0.117000, 5528
0.118000, 5527
0.118000, 5526
0.119000, 5525
0.119000, 5524
0.119000, 5523
0.119000, 5522
0.119000, 5521
0.120000, 5520
0.120000, 5519
0.120000, 5518
0.121000, 5517
0.121000, 5516
0.121000, 5515
0.121000, 5514
0.122000, 5513
0.122000, 5512
0.122000, 5511
0.122000, 5510
0.122000, 5509
0.123000, 5508
0.123000, 5507
0.123000, 5506
0.124000, 5505
0.124000, 5504
0.124000, 5503
0.124000, 5502
0.125000, 5501
0.125000, 5500
0.126000, 5499
0.126000, 5498
0.126000, 5497
0.127000, 5496
0.127000, 5495
0.127000, 5494
0.128000, 5493
0.128000, 5492
0.129000, 5491
0.129000, 5490
0.130000, 5489
0.130000, 5488
0.130000, 5487
0.131000, 5486
0.131000, 5485
0.131000, 5484
0.132000, 5483
0.132000, 5482
0.133000, 5481
0.134000, 5480
0.134000, 5479
0.134000, 5478
0.135000, 5477
0.135000, 5476
0.135000, 5475
0.136000, 5474
0.137000, 5473
0.138000, 5472
0.138000, 5471
0.139000, 5470
0.139000, 5469
0.140000, 5468
0.140000, 5467
0.140000, 5466
0.141000, 5465
0.141000, 5464
0.142000, 5463
0.143000, 5462
0.143000, 5461
0.143000, 5460
0.144000, 5459
0.144000, 5458
0.144000, 5457
0.145000, 5456
0.145000, 5455
0.145000, 5454
0.146000, 5453
0.146000, 5452
0.147000, 5451
0.147000, 5450
0.147000, 5449
0.147000, 5448
0.148000, 5447
0.148000, 5446
0.149000, 5445
0.149000, 5444
0.149000, 5443
0.150000, 5442
0.150000, 5441
0.150000, 5440
0.150000, 5439
0.151000, 5438
0.151000, 5437
0.152000, 5436
0.152000, 5435
0.152000, 5434
0.153000, 5433
0.153000, 5432
0.154000, 5431
0.154000, 5430
0.154000, 5429
0.154000, 5428
0.155000, 5427
0.155000, 5426
0.155000, 5425
0.156000, 5424
0.156000, 5423
0.156000, 5422
0.157000, 5421
0.157000, 5420
0.157000, 5419
0.158000, 5418
0.158000, 5417
0.159000, 5416
0.159000, 5415
0.159000, 5414
0.160000, 5413
0.160000, 5412
0.161000, 5411
0.161000, 5410
0.161000, 5409
0.162000, 5408
0.163000, 5407
0.163000, 5406
0.163000, 5405
0.163000, 5404
0.164000, 5403
0.164000, 5402
0.165000, 5401
0.165000, 5400
0.166000, 5399
0.166000, 5398
0.166000, 5397
0.167000, 5396
0.168000, 5395
0.168000, 5394
0.168000, 5393
0.168000, 5392
0.169000, 5391
0.169000, 5390
0.169000, 5389
0.169000, 5388
0.170000, 5387
0.170000, 5386
0.170000, 5385
0.171000, 5384
0.171000, 5383
0.171000, 5382
0.172000, 5381
0.172000, 5380
0.172000, 5379
0.172000, 5378
0.173000, 5377
0.173000, 5376
0.173000, 5375
0.174000, 5374
0.174000, 5373
0.175000, 5372
0.175000, 5371
0.175000, 5370
0.175000, 5369
0.176000, 5368
0.176000, 5367
0.176000, 5366
0.176000, 5365
0.177000, 5364
0.177000, 5363
0.177000, 5362
0.177000, 5361
0.177000, 5360
0.178000, 5359
0.178000, 5358
0.178000, 5357
0.179000, 5356
0.179000, 5355
0.179000, 5354
0.179000, 5353
0.180000, 5352
0.180000, 5351
0.181000, 5350
0.181000, 5349
0.182000, 5348
0.182000, 5347
0.183000, 5346
0.183000, 5345
0.184000, 5344
0.184000, 5343
0.184000, 5342
0.184000, 5341
0.185000, 5340
0.185000, 5339
0.186000, 5338
0.186000, 5337
0.187000, 5336
0.187000, 5335
0.187000, 5334
0.188000, 5333
0.189000, 5332
0.189000, 5331
0.189000, 5330
0.190000, 5329
0.190000, 5328
0.190000, 5327
0.190000, 5326
0.191000, 5325
0.191000, 5324
0.191000, 5323
0.192000, 5322
0.192000, 5321
0.193000, 5320
0.193000, 5319
0.193000, 5318
0.194000, 5317
0.195000, 5316
0.195000, 5315
0.195000, 5314
0.195000, 5313
0.196000, 5312
0.196000, 5311
0.196000, 5310
0.197000, 5309
0.197000, 5308
0.197000, 5307
0.199000, 5306
0.199000, 5305
0.200000, 5304
0.201000, 5303
0.201000, 5302
0.201000, 5301
0.201000, 5300
0.202000, 5299
0.202000, 5298
0.202000, 5297
0.203000, 5296
0.203000, 5295
0.203000, 5294
0.203000, 5293
0.204000, 5292
0.204000, 5291
0.204000, 5290
0.205000, 5289
0.206000, 5288
0.206000, 5287
0.207000, 5286
0.207000, 5285
0.208000, 5284
0.208000, 5283
0.208000, 5282
0.209000, 5281
0.209000, 5280
0.210000, 5279
0.210000, 5278
0.210000, 5277
0.211000, 5276
0.211000, 5275
0.211000, 5274
0.211000, 5273
0.212000, 5272
0.212000, 5271
0.212000, 5270
0.212000, 5269
0.213000, 5268
0.213000, 5267
0.213000, 5266
0.213000, 5265
0.214000, 5264
0.214000, 5263
0.215000, 5262
0.216000, 5261
0.216000, 5260
0.216000, 5259
0.216000, 5258
0.217000, 5257
0.217000, 5256
0.217000, 5255
0.218000, 5254
0.218000, 5253
0.219000, 5252
0.220000, 5251
0.221000, 5250
0.221000, 5249
0.221000, 5248
0.222000, 5247
0.223000, 5246
0.223000, 5245
0.223000, 5244
0.224000, 5243
0.224000, 5242
0.225000, 5241
0.225000, 5240
0.225000, 5239
0.226000, 5238
0.226000, 5237
0.226000, 5236
0.227000, 5235
0.227000, 5234
0.227000, 5233
0.228000, 5232
0.228000, 5231
0.228000, 5230
0.228000, 5229
0.228000, 5228
0.229000, 5227
0.229000, 5226
0.229000, 5225
0.229000, 5224
0.230000, 5223
0.230000, 5222
0.230000, 5221
0.230000, 5220
0.231000, 5219
0.232000, 5218
0.233000, 5217
0.233000, 5216
0.233000, 5215
0.234000, 5214
0.234000, 5213
0.234000, 5212
0.234000, 5211
0.235000, 5210
0.236000, 5209
0.236000, 5208
0.236000, 5207
0.236000, 5206
0.237000, 5205
0.237000, 5204
0.238000, 5203
0.238000, 5202
0.238000, 5201
0.239000, 5200
0.239000, 5199
0.240000, 5198
0.241000, 5197
0.241000, 5196
0.241000, 5195
0.242000, 5194
0.242000, 5193
0.242000, 5192
0.243000, 5191
0.243000, 5190
0.243000, 5189
0.244000, 5188
0.245000, 5187
0.246000, 5186
0.246000, 5185
0.247000, 5184
0.248000, 5183
0.248000, 5182
0.249000, 5181
0.249000, 5180
0.249000, 5179
0.250000, 5178
0.250000, 5177
0.251000, 5176
0.251000, 5175
0.251000, 5174
0.251000, 5173
0.252000, 5172
0.253000, 5171
0.253000, 5170
0.253000, 5169
0.253000, 5168
0.254000, 5167
0.255000, 5166
0.256000, 5165
0.256000, 5164
0.256000, 5163
0.256000, 5162
0.257000, 5161
0.257000, 5160
0.257000, 5159
0.258000, 5158
0.259000, 5157
0.259000, 5156
0.260000, 5155
0.260000, 5154
0.260000, 5153
0.260000, 5152
0.261000, 5151
0.261000, 5150
0.261000, 5149
0.262000, 5148
0.262000, 5147
0.262000, 5146
0.263000, 5145
0.264000, 5144
0.265000, 5143
0.265000, 5142
0.265000, 5141
0.266000, 5140
0.266000, 5139
0.266000, 5138
0.266000, 5137
0.267000, 5136
0.267000, 5135
0.268000, 5134
0.268000, 5133
0.268000, 5132
0.268000, 5131
0.268000, 5130
0.269000, 5129
0.269000, 5128
0.270000, 5127
0.270000, 5126
0.270000, 5125
0.271000, 5124
0.271000, 5123
0.271000, 5122
0.271000, 5121
0.272000, 5120
0.272000, 5119
0.273000, 5118
0.273000, 5117
0.274000, 5116
0.275000, 5115
0.275000, 5114
0.275000, 5113
0.275000, 5112
0.276000, 5111
0.276000, 5110
0.277000, 5109
0.277000, 5108
0.277000, 5107
0.277000, 5106
0.278000, 5105
0.278000, 5104
0.278000, 5103
0.278000, 5102
0.278000, 5101
0.278000, 5100
0.279000, 5099
0.279000, 5098
0.279000, 5097
0.279000, 5096
0.280000, 5095
0.281000, 5094
0.281000, 5093
0.281000, 5092
0.281000, 5091
0.282000, 5090
0.282000, 5089
0.282000, 5088
0.283000, 5087
0.283000, 5086
0.283000, 5085
0.284000, 5084
0.284000, 5083
0.284000, 5082
0.285000, 5081
0.285000, 5080
0.286000, 5079
0.286000, 5078
0.287000, 5077
0.287000, 5076
0.287000, 5075
0.288000, 5074
0.288000, 5073
0.289000, 5072
0.289000, 5071
0.289000, 5070
0.290000, 5069
0.290000, 5068
0.290000, 5067
0.290000, 5066
0.291000, 5065
0.292000, 5064
0.292000, 5063
0.292000, 5062
0.293000, 5061
0.293000, 5060
0.293000, 5059
0.294000, 5058
0.294000, 5057
0.295000, 5056
0.296000, 5055
0.296000, 5054
0.297000, 5053
0.299000, 5052
0.299000, 5051
0.299000, 5050
0.299000, 5049
0.300000, 5048
0.300000, 5047
0.300000, 5046
0.301000, 5045
0.301000, 5044
0.302000, 5043
0.302000, 5042
0.302000, 5041
0.302000, 5040
0.303000, 5039
0.303000, 5038
0.304000, 5037
0.305000, 5036
0.305000, 5035
0.305000, 5034
0.305000, 5033
0.306000, 5032
0.306000, 5031
0.307000, 5030
0.308000, 5029
0.308000, 5028
0.308000, 5027
0.309000, 5026
0.309000, 5025
0.309000, 5024
0.309000, 5023
0.310000, 5022
0.310000, 5021
0.310000, 5020
0.311000, 5019
0.311000, 5018
0.312000, 5017
0.313000, 5016
0.313000, 5015
0.313000, 5014
0.314000, 5013
0.314000, 5012
0.314000, 5011
0.315000, 5010
0.315000, 5009
0.316000, 5008
0.316000, 5007
0.316000, 5006
0.316000, 5005
0.317000, 5004
0.319000, 5003
0.319000, 5002
0.319000, 5001
0.319000, 5000
0.321000, 4999
0.322000, 4998
0.322000, 4997
0.322000, 4996
0.322000, 4995
0.323000, 4994
0.324000, 4993
0.324000, 4992
0.325000, 4991
0.325000, 4990
0.325000, 4989
0.326000, 4988
0.326000, 4987
0.327000, 4986
0.327000, 4985
0.327000, 4984
0.328000, 4983
0.329000, 4982
0.329000, 4981
0.329000, 4980
0.329000, 4979
0.330000, 4978
0.330000, 4977
0.331000, 4976
0.331000, 4975
0.331000, 4974
0.332000, 4973
0.332000, 4972
0.333000, 4971
0.333000, 4970
0.333000, 4969
0.334000, 4968
0.334000, 4967
0.334000, 4966
0.335000, 4965
0.335000, 4964
0.336000, 4963
0.337000, 4962
0.337000, 4961
0.338000, 4960
0.338000, 4959
0.339000, 4958
0.339000, 4957
0.340000, 4956
0.340000, 4955
0.341000, 4954
0.342000, 4953
0.342000, 4952
0.342000, 4951
0.342000, 4950
0.343000, 4949
0.343000, 4948
0.344000, 4947
0.344000, 4946
0.344000, 4945
0.344000, 4944
0.345000, 4943
0.345000, 4942
0.345000, 4941
0.345000, 4940
0.347000, 4939
0.347000, 4938
0.347000, 4937
0.347000, 4936
0.347000, 4935
0.349000, 4934
0.349000, 4933
0.349000, 4932
0.349000, 4931
0.350000, 4930
0.351000, 4929
0.351000, 4928
0.352000, 4927
0.352000, 4926
0.353000, 4925
0.353000, 4924
0.354000, 4923
0.354000, 4922
0.354000, 4921
0.354000, 4920
0.355000, 4919
0.355000, 4918
0.355000, 4917
0.356000, 4916
0.356000, 4915
0.359000, 4914
0.359000, 4913
0.362000, 4912
0.363000, 4911
0.363000, 4910
0.364000, 4909
0.364000, 4908
0.365000, 4907
0.365000, 4906
0.365000, 4905
0.365000, 4904
0.366000, 4903
0.366000, 4902
0.367000, 4901
0.367000, 4900
0.368000, 4899
0.368000, 4898
0.368000, 4897
0.368000, 4896
0.369000, 4895
0.369000, 4894
0.369000, 4893
0.370000, 4892
0.370000, 4891
0.370000, 4890
0.370000, 4889
0.371000, 4888
0.371000, 4887
0.371000, 4886
0.371000, 4885
0.371000, 4884
0.371000, 4883
0.372000, 4882
0.372000, 4881
0.373000, 4880
0.373000, 4879
0.373000, 4878
0.373000, 4877
0.374000, 4876
0.374000, 4875
0.375000, 4874
0.375000, 4873
0.376000, 4872
0.377000, 4871
0.377000, 4870
0.377000, 4869
0.377000, 4868
0.378000, 4867
0.378000, 4866
0.378000, 4865
0.379000, 4864
0.379000, 4863
0.380000, 4862
0.380000, 4861
0.381000, 4860
0.381000, 4859
0.381000, 4858
0.382000, 4857
0.383000, 4856
0.383000, 4855
0.383000, 4854
0.384000, 4853
0.384000, 4852
0.384000, 4851
0.384000, 4850
0.384000, 4849
0.385000, 4848
0.385000, 4847
0.385000, 4846
0.386000, 4845
0.386000, 4844
0.386000, 4843
0.386000, 4842
0.387000, 4841
0.387000, 4840
0.388000, 4839
0.388000, 4838
0.388000, 4837
0.389000, 4836
0.389000, 4835
0.390000, 4834
0.390000, 4833
0.391000, 4832
0.392000, 4831
0.392000, 4830
0.392000, 4829
0.392000, 4828
0.393000, 4827
0.393000, 4826
0.393000, 4825
0.394000, 4824
0.395000, 4823
0.395000, 4822
0.396000, 4821
0.397000, 4820
0.397000, 4819
0.398000, 4818
0.398000, 4817
0.398000, 4816
0.398000, 4815
0.398000, 4814
0.399000, 4813
0.400000, 4812
0.400000, 4811
0.401000, 4810
0.401000, 4809
0.402000, 4808
0.402000, 4807
0.402000, 4806
0.403000, 4805
0.403000, 4804
0.404000, 4803
0.404000, 4802
0.404000, 4801
0.404000, 4800
0.405000, 4799
0.405000, 4798
0.405000, 4797
0.406000, 4796
0.406000, 4795
0.406000, 4794
0.406000, 4793
0.408000, 4792
0.408000, 4791
0.408000, 4790
0.408000, 4789
0.408000, 4788
0.409000, 4787
0.410000, 4786
0.410000, 4785
0.410000, 4784
0.411000, 4783
0.411000, 4782
0.411000, 4781
0.411000, 4780
0.412000, 4779
0.412000, 4778
0.412000, 4777
0.412000, 4776
0.413000, 4775
0.413000, 4774
0.413000, 4773
0.414000, 4772
0.415000, 4771
0.415000, 4770
0.415000, 4769
0.416000, 4768
0.417000, 4767
0.417000, 4766
0.418000, 4765
0.419000, 4764
0.419000, 4763
0.419000, 4762
0.419000, 4761
0.420000, 4760
0.420000, 4759
0.420000, 4758
0.420000, 4757
0.420000, 4756
0.420000, 4755
0.421000, 4754
0.421000, 4753
0.421000, 4752
0.421000, 4751
0.421000, 4750
0.422000, 4749
0.422000, 4748
0.422000, 4747
0.424000, 4746
0.424000, 4745
0.425000, 4744
0.426000, 4743
0.426000, 4742
0.427000, 4741
0.428000, 4740
0.428000, 4739
0.428000, 4738
0.428000, 4737
0.429000, 4736
0.430000, 4735
0.430000, 4734
0.430000, 4733
0.430000, 4732
0.430000, 4731
0.431000, 4730
0.431000, 4729
0.432000, 4728
0.432000, 4727
0.434000, 4726
0.434000, 4725
0.435000, 4724
0.436000, 4723
0.437000, 4722
0.438000, 4721
0.438000, 4720
0.438000, 4719
0.439000, 4718
0.439000, 4717
0.439000, 4716
0.439000, 4715
0.440000, 4714
0.441000, 4713
0.441000, 4712
0.441000, 4711
0.442000, 4710
0.442000, 4709
0.442000, 4708
0.443000, 4707
0.443000, 4706
0.444000, 4705
0.444000, 4704
0.445000, 4703
0.446000, 4702
0.447000, 4701
0.447000, 4700
0.447000, 4699
0.448000, 4698
0.448000, 4697
0.448000, 4696
0.449000, 4695
0.449000, 4694
0.449000, 4693
0.449000, 4692
0.449000, 4691
0.450000, 4690
0.451000, 4689
0.451000, 4688
0.452000, 4687
0.452000, 4686
0.453000, 4685
0.453000, 4684
0.454000, 4683
0.454000, 4682
0.454000, 4681
0.454000, 4680
0.455000, 4679
0.455000, 4678
0.456000, 4677
0.457000, 4676
0.457000, 4675
0.458000, 4674
0.458000, 4673
0.458000, 4672
0.459000, 4671
0.459000, 4670
0.459000, 4669
0.459000, 4668
0.460000, 4667
0.460000, 4666
0.460000, 4665
0.461000, 4664
0.462000, 4663
0.462000, 4662
0.462000, 4661
0.463000, 4660
0.463000, 4659
0.463000, 4658
0.463000, 4657
0.464000, 4656
0.464000, 4655
0.464000, 4654
0.465000, 4653
0.465000, 4652
0.465000, 4651
0.465000, 4650
0.466000, 4649
0.466000, 4648
0.467000, 4647
0.468000, 4646
0.469000, 4645
0.469000, 4644
0.469000, 4643
0.470000, 4642
0.471000, 4641
0.471000, 4640
0.471000, 4639
0.472000, 4638
0.472000, 4637
0.472000, 4636
0.472000, 4635
0.472000, 4634
0.473000, 4633
0.474000, 4632
0.474000, 4631
0.475000, 4630
0.475000, 4629
0.476000, 4628
0.476000, 4627
0.477000, 4626
0.477000, 4625
0.479000, 4624
0.479000, 4623
0.480000, 4622
0.480000, 4621
0.480000, 4620
0.480000, 4619
0.481000, 4618
0.481000, 4617
0.482000, 4616
0.482000, 4615
0.482000, 4614
0.483000, 4613
0.483000, 4612
0.484000, 4611
0.485000, 4610
0.486000, 4609
0.486000, 4608
0.487000, 4607
0.487000, 4606
0.487000, 4605
0.488000, 4604
0.488000, 4603
0.488000, 4602
0.488000, 4601
0.489000, 4600
0.489000, 4599
0.489000, 4598
0.490000, 4597
0.490000, 4596
0.491000, 4595
0.491000, 4594
0.491000, 4593
0.492000, 4592
0.492000, 4591
0.492000, 4590
0.493000, 4589
0.493000, 4588
0.495000, 4587
0.495000, 4586
0.495000, 4585
0.496000, 4584
0.496000, 4583
0.496000, 4582
0.496000, 4581
0.497000, 4580
0.498000, 4579
0.499000, 4578
0.499000, 4577
0.499000, 4576
0.499000, 4575
0.501000, 4574
0.501000, 4573
0.502000, 4572
0.502000, 4571
0.502000, 4570
0.504000, 4569
0.504000, 4568
0.504000, 4567
0.505000, 4566
0.505000, 4565
0.506000, 4564
0.506000, 4563
0.507000, 4562
0.507000, 4561
0.508000, 4560
0.508000, 4559
0.509000, 4558
0.510000, 4557
0.511000, 4556
0.512000, 4555
0.513000, 4554
0.513000, 4553
0.514000, 4552
0.514000, 4551
0.515000, 4550
0.516000, 4549
0.516000, 4548
0.517000, 4547
0.517000, 4546
0.518000, 4545
0.519000, 4544
0.519000, 4543
0.520000, 4542
0.520000, 4541
0.521000, 4540
0.521000, 4539
0.522000, 4538
0.522000, 4537
0.522000, 4536
0.523000, 4535
0.523000, 4534
0.525000, 4533
0.526000, 4532
0.526000, 4531
0.527000, 4530
0.528000, 4529
0.528000, 4528
0.530000, 4527
0.530000, 4526
0.531000, 4525
0.531000, 4524
0.531000, 4523
0.532000, 4522
0.532000, 4521
0.532000, 4520
0.533000, 4519
0.534000, 4518
0.534000, 4517
0.534000, 4516
0.535000, 4515
0.536000, 4514
0.538000, 4513
0.538000, 4512
0.539000, 4511
0.539000, 4510
0.540000, 4509
0.541000, 4508
0.542000, 4507
0.543000, 4506
0.543000, 4505
0.545000, 4504
0.545000, 4503
0.546000, 4502
0.549000, 4501
0.550000, 4500
0.551000, 4499
0.551000, 4498
0.551000, 4497
0.552000, 4496
0.552000, 4495
0.555000, 4494
0.555000, 4493
0.558000, 4492
0.558000, 4491
0.558000, 4490
0.558000, 4489
0.559000, 4488
0.560000, 4487
0.560000, 4486
0.561000, 4485
0.562000, 4484
0.562000, 4483
0.562000, 4482
0.564000, 4481
0.565000, 4480
0.566000, 4479
0.566000, 4478
0.566000, 4477
0.567000, 4476
0.567000, 4475
0.567000, 4474
0.567000, 4473
0.567000, 4472
0.568000, 4471
0.568000, 4470
0.569000, 4469
0.569000, 4468
0.570000, 4467
0.570000, 4466
0.570000, 4465
0.571000, 4464
0.571000, 4463
0.573000, 4462
0.574000, 4461
0.574000, 4460
0.574000, 4459
0.575000, 4458
0.575000, 4457
0.578000, 4456
0.578000, 4455
0.578000, 4454
0.579000, 4453
0.579000, 4452
0.580000, 4451
0.580000, 4450
0.581000, 4449
0.582000, 4448
0.582000, 4447
0.584000, 4446
0.584000, 4445
0.585000, 4444
0.586000, 4443
0.586000, 4442
0.586000, 4441
0.587000, 4440
0.588000, 4439
0.588000, 4438
0.588000, 4437
0.589000, 4436
0.589000, 4435
0.589000, 4434
0.589000, 4433
0.590000, 4432
0.590000, 4431
0.590000, 4430
0.591000, 4429
0.591000, 4428
0.592000, 4427
0.595000, 4426
0.595000, 4425
0.596000, 4424
0.596000, 4423
0.597000, 4422
0.597000, 4421
0.597000, 4420
0.598000, 4419
0.599000, 4418
0.600000, 4417
0.602000, 4416
0.602000, 4415
0.603000, 4414
0.603000, 4413
0.604000, 4412
0.606000, 4411
0.606000, 4410
0.606000, 4409
0.608000, 4408
0.608000, 4407
0.608000, 4406
0.608000, 4405
0.610000, 4404
0.611000, 4403
0.612000, 4402
0.613000, 4401
0.613000, 4400
0.615000, 4399
0.617000, 4398
0.617000, 4397
0.618000, 4396
0.619000, 4395
0.619000, 4394
0.619000, 4393
0.619000, 4392
0.619000, 4391
0.620000, 4390
0.621000, 4389
0.621000, 4388
0.622000, 4387
0.623000, 4386
0.624000, 4385
0.626000, 4384
0.627000, 4383
0.627000, 4382
0.627000, 4381
0.628000, 4380
0.628000, 4379
0.628000, 4378
0.629000, 4377
0.629000, 4376
0.630000, 4375
0.630000, 4374
0.631000, 4373
0.631000, 4372
0.631000, 4371
0.632000, 4370
0.633000, 4369
0.634000, 4368
0.636000, 4367
0.637000, 4366
0.639000, 4365
0.640000, 4364
0.640000, 4363
0.642000, 4362
0.642000, 4361
0.642000, 4360
0.643000, 4359
0.643000, 4358
0.644000, 4357
0.646000, 4356
0.647000, 4355
0.647000, 4354
0.649000, 4353
0.651000, 4352
0.654000, 4351
0.654000, 4350
0.654000, 4349
0.654000, 4348
0.656000, 4347
0.657000, 4346
0.658000, 4345
0.659000, 4344
0.659000, 4343
0.660000, 4342
0.661000, 4341
0.661000, 4340
0.661000, 4339
0.663000, 4338
0.664000, 4337
0.666000, 4336
0.668000, 4335
0.669000, 4334
0.669000, 4333
0.669000, 4332
0.671000, 4331
0.673000, 4330
0.675000, 4329
0.676000, 4328
0.679000, 4327
0.679000, 4326
0.683000, 4325
0.683000, 4324
0.684000, 4323
0.686000, 4322
0.687000, 4321
0.687000, 4320
0.688000, 4319
0.689000, 4318
0.692000, 4317
0.693000, 4316
0.693000, 4315
0.694000, 4314
0.694000, 4313
0.695000, 4312
0.696000, 4311
0.698000, 4310
0.699000, 4309
0.700000, 4308
0.701000, 4307
0.702000, 4306
0.703000, 4305
0.703000, 4304
0.706000, 4303
0.707000, 4302
0.709000, 4301
0.710000, 4300
0.710000, 4299
0.710000, 4298
0.711000, 4297
0.713000, 4296
0.713000, 4295
0.720000, 4294
0.722000, 4293
0.722000, 4292
0.723000, 4291
0.723000, 4290
0.726000, 4289
0.728000, 4288
0.728000, 4287
0.730000, 4286
0.733000, 4285
0.733000, 4284
0.734000, 4283
0.734000, 4282
0.735000, 4281
0.735000, 4280
0.736000, 4279
0.736000, 4278
0.736000, 4277
0.737000, 4276
0.739000, 4275
0.742000, 4274
0.743000, 4273
0.743000, 4272
0.744000, 4271
0.745000, 4270
0.747000, 4269
0.748000, 4268
0.748000, 4267
0.749000, 4266
0.751000, 4265
0.752000, 4264
0.753000, 4263
0.755000, 4262
0.755000, 4261
0.756000, 4260
0.763000, 4259
0.764000, 4258
0.765000, 4257
0.765000, 4256
0.766000, 4255
0.766000, 4254
0.771000, 4253
0.774000, 4252
0.776000, 4251
0.776000, 4250
0.779000, 4249
0.781000, 4248
0.782000, 4247
0.786000, 4246
0.786000, 4245
0.787000, 4244
0.787000, 4243
0.788000, 4242
0.789000, 4241
0.794000, 4240
0.796000, 4239
0.797000, 4238
0.799000, 4237
0.800000, 4236
0.801000, 4235
0.809000, 4234
0.810000, 4233
0.810000, 4232
0.811000, 4231
0.813000, 4230
0.817000, 4229
0.818000, 4228
0.818000, 4227
0.819000, 4226
0.820000, 4225
0.821000, 4224
0.827000, 4223
0.827000, 4222
0.828000, 4221
0.828000, 4220
0.828000, 4219
0.832000, 4218
0.837000, 4217
0.838000, 4216
0.842000, 4215
0.842000, 4214
0.844000, 4213
0.844000, 4212
0.846000, 4211
0.847000, 4210
0.849000, 4209
0.850000, 4208
0.850000, 4207
0.854000, 4206
0.855000, 4205
0.856000, 4204
0.857000, 4203
0.858000, 4202
0.859000, 4201
0.861000, 4200
0.861000, 4199
0.864000, 4198
0.869000, 4197
0.873000, 4196
0.875000, 4195
0.881000, 4194
0.882000, 4193
0.892000, 4192
0.899000, 4191
0.903000, 4190
0.905000, 4189
0.907000, 4188
0.908000, 4187
0.909000, 4186
0.909000, 4185
0.912000, 4184
0.913000, 4183
0.916000, 4182
0.917000, 4181
0.919000, 4180
0.920000, 4179
0.923000, 4178
0.924000, 4177
0.924000, 4176
0.925000, 4175
0.930000, 4174
0.930000, 4173
0.936000, 4172
0.942000, 4171
0.944000, 4170
0.947000, 4169
0.948000, 4168
0.951000, 4167
0.955000, 4166
0.961000, 4165
0.967000, 4164
0.970000, 4163
0.976000, 4162
0.981000, 4161
0.989000, 4160
0.992000, 4159
0.993000, 4158
0.994000, 4157
1.001000, 4156
1.004000, 4155
1.005000, 4154
1.008000, 4153
1.011000, 4152
1.014000, 4151
1.017000, 4150
1.018000, 4149
1.022000, 4148
1.023000, 4147
1.023000, 4146
1.030000, 4145
1.033000, 4144
1.038000, 4143
1.040000, 4142
1.043000, 4141
1.045000, 4140
1.049000, 4139
1.059000, 4138
1.059000, 4137
1.065000, 4136
1.068000, 4135
1.081000, 4134
1.089000, 4133
1.095000, 4132
1.101000, 4131
1.110000, 4130
1.111000, 4129
1.111000, 4128
1.112000, 4127
1.122000, 4126
1.124000, 4125
1.130000, 4124
1.131000, 4123
1.146000, 4122
1.149000, 4121
1.152000, 4120
1.153000, 4119
1.186000, 4118
1.197000, 4117
1.201000, 4116
1.201000, 4115
1.205000, 4114
1.210000, 4113
1.215000, 4112
1.227000, 4111
1.228000, 4110
1.237000, 4109
1.239000, 4108
1.265000, 4107
1.268000, 4106
1.279000, 4105
1.296000, 4104
1.307000, 4103
1.336000, 4102
1.340000, 4101
1.341000, 4100
1.344000, 4099
1.346000, 4098
1.349000, 4097
1.387000, 4096
1.390000, 4095
1.390000, 4094
1.436000, 4093
1.464000, 4092
1.488000, 4091
1.506000, 4090
1.512000, 4089
1.553000, 4088
1.575000, 4087
1.588000, 4086
1.620000, 4085
1.842000, 4084
