0.012000, 5773
0.015000, 5772
0.015000, 5771
0.016000, 5770
0.017000, 5769
0.017000, 5768
0.022000, 5767
0.022000, 5766
0.023000, 5765
0.028000, 5764
0.028000, 5763
0.029000, 5762
0.032000, 5761
0.032000, 5760
0.033000, 5759
0.033000, 5758
0.036000, 5757
0.036000, 5756
0.037000, 5755
0.038000, 5754
0.038000, 5753
0.039000, 5752
0.039000, 5751
0.040000, 5750
0.041000, 5749
0.041000, 5748
0.041000, 5747
0.041000, 5746
0.042000, 5745
0.042000, 5744
0.042000, 5743
0.043000, 5742
0.043000, 5741
0.043000, 5740
0.044000, 5739
0.044000, 5738
0.044000, 5737
0.044000, 5736
0.045000, 5735
0.045000, 5734
0.045000, 5733
0.046000, 5732
0.046000, 5731
0.046000, 5730
0.047000, 5729
0.047000, 5728
0.048000, 5727
0.048000, 5726
0.049000, 5725
0.049000, 5724
0.049000, 5723
0.050000, 5722
0.050000, 5721
0.050000, 5720
0.050000, 5719
0.051000, 5718
0.051000, 5717
0.051000, 5716
0.051000, 5715
0.052000, 5714
0.052000, 5713
0.052000, 5712
0.052000, 5711
0.054000, 5710
0.054000, 5709
0.055000, 5708
0.055000, 5707
0.055000, 5706
0.056000, 5705
0.056000, 5704
0.057000, 5703
0.058000, 5702
0.058000, 5701
0.058000, 5700
0.058000, 5699
0.058000, 5698
0.059000, 5697
0.059000, 5696
0.059000, 5695
0.059000, 5694
0.060000, 5693
0.060000, 5692
0.060000, 5691
0.061000, 5690
0.062000, 5689
0.062000, 5688
0.063000, 5687
0.063000, 5686
0.063000, 5685
0.064000, 5684
0.064000, 5683
0.064000, 5682
0.065000, 5681
0.066000, 5680
0.066000, 5679
0.066000, 5678
0.067000, 5677
0.067000, 5676
0.067000, 5675
0.068000, 5674
0.068000, 5673
0.068000, 5672
0.069000, 5671
0.069000, 5670
0.069000, 5669
0.069000, 5668
0.070000, 5667
0.070000, 5666
0.070000, 5665
0.070000, 5664
0.071000, 5663
0.071000, 5662
0.072000, 5661
0.072000, 5660
0.073000, 5659
0.073000, 5658
0.073000, 5657
0.074000, 5656
0.074000, 5655
0.074000, 5654
0.074000, 5653
0.075000, 5652
0.075000, 5651
0.075000, 5650
0.076000, 5649
0.076000, 5648
0.076000, 5647
0.077000, 5646
0.077000, 5645
0.078000, 5644
0.078000, 5643
0.078000, 5642
0.078000, 5641
0.079000, 5640
0.079000, 5639
0.080000, 5638
0.080000, 5637
0.080000, 5636
0.081000, 5635
0.081000, 5634
0.081000, 5633
0.082000, 5632
0.082000, 5631
0.082000, 5630
0.083000, 5629
0.083000, 5628
0.083000, 5627
0.084000, 5626
0.084000, 5625
0.084000, 5624
0.084000, 5623
0.084000, 5622
0.085000, 5621
0.085000, 5620
0.086000, 5619
0.086000, 5618
0.086000, 5617
0.086000, 5616
0.087000, 5615
0.087000, 5614
0.088000, 5613
0.088000, 5612
0.088000, 5611
0.089000, 5610
0.089000, 5609
0.089000, 5608
0.090000, 5607
0.090000, 5606
0.091000, 5605
0.091000, 5604
0.091000, 5603
0.091000, 5602
0.091000, 5601
0.091000, 5600
0.092000, 5599
0.092000, 5598
0.092000, 5597
0.093000, 5596
0.093000, 5595
0.093000, 5594
0.093000, 5593
0.094000, 5592
0.094000, 5591
0.094000, 5590
0.095000, 5589
0.095000, 5588
0.095000, 5587
0.096000, 5586
0.096000, 5585
0.096000, 5584
0.096000, 5583
0.096000, 5582
0.097000, 5581
0.097000, 5580
0.097000, 5579
0.098000, 5578
0.098000, 5577
0.098000, 5576
0.099000, 5575
0.099000, 5574
0.099000, 5573
0.099000, 5572
0.100000, 5571
0.100000, 5570
0.100000, 5569
0.101000, 5568
0.101000, 5567
0.102000, 5566
0.102000, 5565
0.102000, 5564
0.102000, 5563
0.103000, 5562
0.103000, 5561
0.103000, 5560
0.103000, 5559
0.104000, 5558
0.104000, 5557
0.104000, 5556
0.105000, 5555
0.105000, 5554
0.105000, 5553
0.105000, 5552
0.105000, 5551
0.106000, 5550
0.106000, 5549
0.106000, 5548
0.107000, 5547
0.107000, 5546
0.108000, 5545
0.108000, 5544
0.108000, 5543
0.109000, 5542
0.109000, 5541
0.109000, 5540
0.109000, 5539
0.109000, 5538
0.110000, 5537
0.110000, 5536
0.110000, 5535
0.111000, 5534
0.112000, 5533
0.112000, 5532
0.112000, 5531
0.113000, 5530
0.113000, 5529
0.113000, 5528
0.113000, 5527
0.113000, 5526
0.114000, 5525
0.114000, 5524
0.114000, 5523
0.115000, 5522
0.115000, 5521
0.115000, 5520
0.116000, 5519
0.116000, 5518
0.116000, 5517
0.117000, 5516
0.117000, 5515
0.117000, 5514
0.118000, 5513
0.118000, 5512
0.118000, 5511
0.118000, 5510
0.119000, 5509
0.119000, 5508
0.119000, 5507
0.119000, 5506
0.120000, 5505
0.121000, 5504
0.121000, 5503
0.122000, 5502
0.122000, 5501
0.122000, 5500
0.122000, 5499
0.123000, 5498
0.123000, 5497
0.124000, 5496
0.124000, 5495
0.124000, 5494
0.124000, 5493
0.125000, 5492
0.125000, 5491
0.125000, 5490
0.126000, 5489
0.126000, 5488
0.126000, 5487
0.127000, 5486
0.127000, 5485
0.127000, 5484
0.128000, 5483
0.128000, 5482
0.128000, 5481
0.128000, 5480
0.129000, 5479
0.129000, 5478
0.130000, 5477
0.130000, 5476
0.130000, 5475
0.132000, 5474
0.132000, 5473
0.132000, 5472
0.132000, 5471
0.132000, 5470
0.133000, 5469
0.133000, 5468
0.133000, 5467
0.134000, 5466
0.134000, 5465
0.134000, 5464
0.135000, 5463
0.136000, 5462
0.136000, 5461
0.137000, 5460
0.137000, 5459
0.137000, 5458
0.138000, 5457
0.138000, 5456
0.139000, 5455
0.139000, 5454
0.139000, 5453
0.139000, 5452
0.139000, 5451
0.140000, 5450
0.140000, 5449
0.140000, 5448
0.141000, 5447
0.141000, 5446
0.141000, 5445
0.142000, 5444
0.142000, 5443
0.142000, 5442
0.143000, 5441
0.143000, 5440
0.143000, 5439
0.144000, 5438
0.144000, 5437
0.145000, 5436
0.146000, 5435
0.146000, 5434
0.146000, 5433
0.147000, 5432
0.147000, 5431
0.147000, 5430
0.147000, 5429
0.148000, 5428
0.148000, 5427
0.148000, 5426
0.149000, 5425
0.149000, 5424
0.149000, 5423
0.150000, 5422
0.150000, 5421
0.150000, 5420
0.150000, 5419
0.151000, 5418
0.151000, 5417
0.151000, 5416
0.151000, 5415
0.152000, 5414
0.153000, 5413
0.154000, 5412
0.154000, 5411
0.155000, 5410
0.155000, 5409
0.156000, 5408
0.156000, 5407
0.156000, 5406
0.157000, 5405
0.157000, 5404
0.158000, 5403
0.160000, 5402
0.160000, 5401
0.160000, 5400
0.160000, 5399
0.161000, 5398
0.161000, 5397
0.161000, 5396
0.161000, 5395
0.162000, 5394
0.162000, 5393
0.162000, 5392
0.163000, 5391
0.164000, 5390
0.164000, 5389
0.164000, 5388
0.164000, 5387
0.164000, 5386
0.165000, 5385
0.165000, 5384
0.166000, 5383
0.166000, 5382
0.167000, 5381
0.167000, 5380
0.167000, 5379
0.168000, 5378
0.168000, 5377
0.169000, 5376
0.169000, 5375
0.169000, 5374
0.170000, 5373
0.170000, 5372
0.171000, 5371
0.171000, 5370
0.172000, 5369
0.172000, 5368
0.172000, 5367
0.173000, 5366
0.173000, 5365
0.174000, 5364
0.175000, 5363
0.176000, 5362
0.176000, 5361
0.176000, 5360
0.177000, 5359
0.178000, 5358
0.178000, 5357
0.178000, 5356
0.178000, 5355
0.179000, 5354
0.179000, 5353
0.180000, 5352
0.180000, 5351
0.180000, 5350
0.181000, 5349
0.181000, 5348
0.181000, 5347
0.181000, 5346
0.182000, 5345
0.182000, 5344
0.182000, 5343
0.183000, 5342
0.183000, 5341
0.183000, 5340
0.184000, 5339
0.184000, 5338
0.184000, 5337
0.185000, 5336
0.185000, 5335
0.185000, 5334
0.185000, 5333
0.185000, 5332
0.186000, 5331
0.186000, 5330
0.186000, 5329
0.187000, 5328
0.187000, 5327
0.187000, 5326
0.188000, 5325
0.188000, 5324
0.188000, 5323
0.189000, 5322
0.189000, 5321
0.189000, 5320
0.189000, 5319
0.190000, 5318
0.190000, 5317
0.191000, 5316
0.191000, 5315
0.191000, 5314
0.192000, 5313
0.192000, 5312
0.192000, 5311
0.193000, 5310
0.193000, 5309
0.194000, 5308
0.194000, 5307
0.195000, 5306
0.195000, 5305
0.195000, 5304
0.196000, 5303
0.197000, 5302
0.197000, 5301
0.197000, 5300
0.198000, 5299
0.198000, 5298
0.198000, 5297
0.198000, 5296
0.199000, 5295
0.199000, 5294
0.200000, 5293
0.200000, 5292
0.201000, 5291
0.201000, 5290
0.201000, 5289
0.202000, 5288
0.202000, 5287
0.203000, 5286
0.203000, 5285
0.203000, 5284
0.204000, 5283
0.204000, 5282
0.204000, 5281
0.205000, 5280
0.206000, 5279
0.206000, 5278
0.207000, 5277
0.207000, 5276
0.207000, 5275
0.207000, 5274
0.209000, 5273
0.209000, 5272
0.210000, 5271
0.210000, 5270
0.211000, 5269
0.211000, 5268
0.212000, 5267
0.212000, 5266
0.212000, 5265
0.212000, 5264
0.213000, 5263
0.213000, 5262
0.213000, 5261
0.214000, 5260
0.214000, 5259
0.215000, 5258
0.215000, 5257
0.216000, 5256
0.216000, 5255
0.217000, 5254
0.217000, 5253
0.217000, 5252
0.218000, 5251
0.218000, 5250
0.218000, 5249
0.219000, 5248
0.219000, 5247
0.219000, 5246
0.220000, 5245
0.220000, 5244
0.220000, 5243
0.221000, 5242
0.221000, 5241
0.222000, 5240
0.222000, 5239
0.223000, 5238
0.223000, 5237
0.223000, 5236
0.224000, 5235
0.224000, 5234
0.224000, 5233
0.224000, 5232
0.224000, 5231
0.225000, 5230
0.225000, 5229
0.226000, 5228
0.226000, 5227
0.226000, 5226
0.226000, 5225
0.228000, 5224
0.228000, 5223
0.228000, 5222
0.229000, 5221
0.229000, 5220
0.229000, 5219
0.230000, 5218
0.230000, 5217
0.231000, 5216
0.231000, 5215
0.231000, 5214
0.232000, 5213
0.232000, 5212
0.233000, 5211
0.233000, 5210
0.233000, 5209
0.233000, 5208
0.233000, 5207
0.234000, 5206
0.234000, 5205
0.235000, 5204
0.235000, 5203
0.235000, 5202
0.236000, 5201
0.236000, 5200
0.236000, 5199
0.237000, 5198
0.237000, 5197
0.238000, 5196
0.238000, 5195
0.238000, 5194
0.239000, 5193
0.239000, 5192
0.239000, 5191
0.240000, 5190
0.240000, 5189
0.240000, 5188
0.241000, 5187
0.242000, 5186
0.242000, 5185
0.243000, 5184
0.243000, 5183
0.243000, 5182
0.244000, 5181
0.244000, 5180
0.244000, 5179
0.245000, 5178
0.245000, 5177
0.245000, 5176
0.246000, 5175
0.246000, 5174
0.246000, 5173
0.247000, 5172
0.247000, 5171
0.247000, 5170
0.248000, 5169
0.248000, 5168
0.249000, 5167
0.249000, 5166
0.249000, 5165
0.250000, 5164
0.250000, 5163
0.251000, 5162
0.251000, 5161
0.252000, 5160
0.252000, 5159
0.252000, 5158
0.252000, 5157
0.253000, 5156
0.253000, 5155
0.253000, 5154
0.254000, 5153
0.254000, 5152
0.254000, 5151
0.254000, 5150
0.255000, 5149
0.255000, 5148
0.256000, 5147
0.256000, 5146
0.256000, 5145
0.257000, 5144
0.257000, 5143
0.258000, 5142
0.259000, 5141
0.259000, 5140
0.259000, 5139
0.259000, 5138
0.259000, 5137
0.260000, 5136
0.260000, 5135
0.260000, 5134
0.260000, 5133
0.260000, 5132
0.261000, 5131
0.261000, 5130
0.263000, 5129
0.263000, 5128
0.263000, 5127
0.264000, 5126
0.264000, 5125
0.265000, 5124
0.266000, 5123
0.266000, 5122
0.267000, 5121
0.267000, 5120
0.267000, 5119
0.268000, 5118
0.268000, 5117
0.269000, 5116
0.269000, 5115
0.270000, 5114
0.270000, 5113
0.271000, 5112
0.272000, 5111
0.272000, 5110
0.273000, 5109
0.273000, 5108
0.273000, 5107
0.274000, 5106
0.275000, 5105
0.275000, 5104
0.275000, 5103
0.275000, 5102
0.275000, 5101
0.276000, 5100
0.277000, 5099
0.277000, 5098
0.277000, 5097
0.277000, 5096
0.278000, 5095
0.278000, 5094
0.278000, 5093
0.279000, 5092
0.279000, 5091
0.279000, 5090
0.280000, 5089
0.280000, 5088
0.280000, 5087
0.281000, 5086
0.282000, 5085
0.282000, 5084
0.282000, 5083
0.282000, 5082
0.283000, 5081
0.283000, 5080
0.283000, 5079
0.284000, 5078
0.284000, 5077
0.284000, 5076
0.285000, 5075
0.287000, 5074
0.288000, 5073
0.289000, 5072
0.289000, 5071
0.290000, 5070
0.290000, 5069
0.290000, 5068
0.290000, 5067
0.291000, 5066
0.291000, 5065
0.292000, 5064
0.293000, 5063
0.293000, 5062
0.293000, 5061
0.294000, 5060
0.294000, 5059
0.294000, 5058
0.295000, 5057
0.295000, 5056
0.295000, 5055
0.296000, 5054
0.296000, 5053
0.297000, 5052
0.298000, 5051
0.298000, 5050
0.298000, 5049
0.299000, 5048
0.299000, 5047
0.299000, 5046
0.299000, 5045
0.300000, 5044
0.300000, 5043
0.300000, 5042
0.301000, 5041
0.301000, 5040
0.301000, 5039
0.302000, 5038
0.302000, 5037
0.303000, 5036
0.303000, 5035
0.304000, 5034
0.304000, 5033
0.305000, 5032
0.306000, 5031
0.306000, 5030
0.307000, 5029
0.307000, 5028
0.307000, 5027
0.307000, 5026
0.307000, 5025
0.308000, 5024
0.309000, 5023
0.309000, 5022
0.309000, 5021
0.309000, 5020
0.309000, 5019
0.310000, 5018
0.310000, 5017
0.311000, 5016
0.311000, 5015
0.311000, 5014
0.312000, 5013
0.312000, 5012
0.313000, 5011
0.313000, 5010
0.314000, 5009
0.315000, 5008
0.315000, 5007
0.316000, 5006
0.316000, 5005
0.316000, 5004
0.317000, 5003
0.317000, 5002
0.317000, 5001
0.317000, 5000
0.318000, 4999
0.318000, 4998
0.318000, 4997
0.319000, 4996
0.319000, 4995
0.321000, 4994
0.321000, 4993
0.321000, 4992
0.321000, 4991
0.321000, 4990
0.322000, 4989
0.322000, 4988
0.322000, 4987
0.322000, 4986
0.322000, 4985
0.324000, 4984
0.324000, 4983
0.325000, 4982
0.325000, 4981
0.327000, 4980
0.328000, 4979
0.329000, 4978
0.330000, 4977
0.330000, 4976
0.331000, 4975
0.331000, 4974
0.332000, 4973
0.333000, 4972
0.334000, 4971
0.334000, 4970
0.334000, 4969
0.335000, 4968
0.336000, 4967
0.336000, 4966
0.336000, 4965
0.337000, 4964
0.337000, 4963
0.339000, 4962
0.339000, 4961
0.339000, 4960
0.339000, 4959
0.340000, 4958
0.340000, 4957
0.341000, 4956
0.341000, 4955
0.343000, 4954
0.343000, 4953
0.345000, 4952
0.346000, 4951
0.346000, 4950
0.347000, 4949
0.347000, 4948
0.347000, 4947
0.347000, 4946
0.348000, 4945
0.349000, 4944
0.349000, 4943
0.350000, 4942
0.350000, 4941
0.350000, 4940
0.351000, 4939
0.351000, 4938
0.351000, 4937
0.352000, 4936
0.352000, 4935
0.353000, 4934
0.357000, 4933
0.357000, 4932
0.357000, 4931
0.358000, 4930
0.358000, 4929
0.359000, 4928
0.359000, 4927
0.359000, 4926
0.360000, 4925
0.360000, 4924
0.360000, 4923
0.360000, 4922
0.360000, 4921
0.361000, 4920
0.361000, 4919
0.361000, 4918
0.362000, 4917
0.362000, 4916
0.363000, 4915
0.363000, 4914
0.364000, 4913
0.364000, 4912
0.364000, 4911
0.364000, 4910
0.365000, 4909
0.366000, 4908
0.367000, 4907
0.367000, 4906
0.368000, 4905
0.368000, 4904
0.368000, 4903
0.368000, 4902
0.369000, 4901
0.369000, 4900
0.370000, 4899
0.370000, 4898
0.370000, 4897
0.370000, 4896
0.371000, 4895
0.371000, 4894
0.371000, 4893
0.372000, 4892
0.372000, 4891
0.373000, 4890
0.373000, 4889
0.373000, 4888
0.374000, 4887
0.375000, 4886
0.375000, 4885
0.375000, 4884
0.375000, 4883
0.376000, 4882
0.376000, 4881
0.377000, 4880
0.377000, 4879
0.378000, 4878
0.378000, 4877
0.379000, 4876
0.380000, 4875
0.380000, 4874
0.381000, 4873
0.381000, 4872
0.381000, 4871
0.381000, 4870
0.382000, 4869
0.382000, 4868
0.382000, 4867
0.382000, 4866
0.383000, 4865
0.383000, 4864
0.383000, 4863
0.384000, 4862
0.384000, 4861
0.384000, 4860
0.385000, 4859
0.385000, 4858
0.386000, 4857
0.386000, 4856
0.387000, 4855
0.387000, 4854
0.388000, 4853
0.388000, 4852
0.388000, 4851
0.388000, 4850
0.388000, 4849
0.389000, 4848
0.389000, 4847
0.389000, 4846
0.390000, 4845
0.391000, 4844
0.391000, 4843
0.392000, 4842
0.392000, 4841
0.392000, 4840
0.392000, 4839
0.393000, 4838
0.393000, 4837
0.394000, 4836
0.395000, 4835
0.395000, 4834
0.395000, 4833
0.395000, 4832
0.395000, 4831
0.396000, 4830
0.396000, 4829
0.396000, 4828
0.397000, 4827
0.397000, 4826
0.398000, 4825
0.398000, 4824
0.398000, 4823
0.399000, 4822
0.399000, 4821
0.400000, 4820
0.400000, 4819
0.400000, 4818
0.400000, 4817
0.401000, 4816
0.401000, 4815
0.402000, 4814
0.402000, 4813
0.403000, 4812
0.403000, 4811
0.403000, 4810
0.404000, 4809
0.404000, 4808
0.405000, 4807
0.405000, 4806
0.406000, 4805
0.406000, 4804
0.406000, 4803
0.407000, 4802
0.407000, 4801
0.408000, 4800
0.408000, 4799
0.408000, 4798
0.408000, 4797
0.408000, 4796
0.409000, 4795
0.409000, 4794
0.409000, 4793
0.409000, 4792
0.409000, 4791
0.409000, 4790
0.410000, 4789
0.410000, 4788
0.410000, 4787
0.411000, 4786
0.411000, 4785
0.411000, 4784
0.412000, 4783
0.412000, 4782
0.412000, 4781
0.413000, 4780
0.413000, 4779
0.413000, 4778
0.416000, 4777
0.416000, 4776
0.416000, 4775
0.417000, 4774
0.417000, 4773
0.417000, 4772
0.417000, 4771
0.417000, 4770
0.417000, 4769
0.417000, 4768
0.418000, 4767
0.418000, 4766
0.419000, 4765
0.419000, 4764
0.419000, 4763
0.419000, 4762
0.420000, 4761
0.420000, 4760
0.421000, 4759
0.421000, 4758
0.422000, 4757
0.422000, 4756
0.422000, 4755
0.423000, 4754
0.423000, 4753
0.423000, 4752
0.423000, 4751
0.424000, 4750
0.424000, 4749
0.424000, 4748
0.424000, 4747
0.424000, 4746
0.425000, 4745
0.425000, 4744
0.426000, 4743
0.426000, 4742
0.426000, 4741
0.427000, 4740
0.427000, 4739
0.428000, 4738
0.428000, 4737
0.429000, 4736
0.429000, 4735
0.430000, 4734
0.430000, 4733
0.430000, 4732
0.430000, 4731
0.430000, 4730
0.431000, 4729
0.431000, 4728
0.431000, 4727
0.431000, 4726
0.432000, 4725
0.432000, 4724
0.432000, 4723
0.433000, 4722
0.434000, 4721
0.435000, 4720
0.435000, 4719
0.435000, 4718
0.435000, 4717
0.436000, 4716
0.436000, 4715
0.436000, 4714
0.437000, 4713
0.438000, 4712
0.438000, 4711
0.438000, 4710
0.439000, 4709
0.439000, 4708
0.439000, 4707
0.440000, 4706
0.441000, 4705
0.441000, 4704
0.441000, 4703
0.441000, 4702
0.442000, 4701
0.442000, 4700
0.443000, 4699
0.443000, 4698
0.443000, 4697
0.444000, 4696
0.444000, 4695
0.444000, 4694
0.445000, 4693
0.445000, 4692
0.445000, 4691
0.445000, 4690
0.446000, 4689
0.447000, 4688
0.447000, 4687
0.448000, 4686
0.448000, 4685
0.449000, 4684
0.449000, 4683
0.449000, 4682
0.450000, 4681
0.450000, 4680
0.450000, 4679
0.450000, 4678
0.451000, 4677
0.451000, 4676
0.451000, 4675
0.452000, 4674
0.452000, 4673
0.452000, 4672
0.452000, 4671
0.453000, 4670
0.453000, 4669
0.453000, 4668
0.453000, 4667
0.454000, 4666
0.454000, 4665
0.454000, 4664
0.454000, 4663
0.455000, 4662
0.455000, 4661
0.455000, 4660
0.455000, 4659
0.456000, 4658
0.456000, 4657
0.457000, 4656
0.457000, 4655
0.458000, 4654
0.458000, 4653
0.458000, 4652
0.460000, 4651
0.460000, 4650
0.460000, 4649
0.461000, 4648
0.461000, 4647
0.461000, 4646
0.461000, 4645
0.462000, 4644
0.462000, 4643
0.462000, 4642
0.462000, 4641
0.462000, 4640
0.463000, 4639
0.464000, 4638
0.465000, 4637
0.465000, 4636
0.466000, 4635
0.466000, 4634
0.467000, 4633
0.467000, 4632
0.467000, 4631
0.468000, 4630
0.468000, 4629
0.469000, 4628
0.469000, 4627
0.469000, 4626
0.470000, 4625
0.470000, 4624
0.470000, 4623
0.471000, 4622
0.471000, 4621
0.472000, 4620
0.472000, 4619
0.473000, 4618
0.473000, 4617
0.473000, 4616
0.474000, 4615
0.474000, 4614
0.475000, 4613
0.475000, 4612
0.475000, 4611
0.476000, 4610
0.477000, 4609
0.477000, 4608
0.477000, 4607
0.478000, 4606
0.479000, 4605
0.480000, 4604
0.480000, 4603
0.481000, 4602
0.481000, 4601
0.482000, 4600
0.482000, 4599
0.482000, 4598
0.483000, 4597
0.483000, 4596
0.483000, 4595
0.484000, 4594
0.484000, 4593
0.485000, 4592
0.485000, 4591
0.486000, 4590
0.486000, 4589
0.487000, 4588
0.488000, 4587
0.488000, 4586
0.488000, 4585
0.489000, 4584
0.489000, 4583
0.490000, 4582
0.490000, 4581
0.490000, 4580
0.492000, 4579
0.492000, 4578
0.493000, 4577
0.494000, 4576
0.495000, 4575
0.496000, 4574
0.496000, 4573
0.496000, 4572
0.497000, 4571
0.497000, 4570
0.498000, 4569
0.498000, 4568
0.499000, 4567
0.499000, 4566
0.499000, 4565
0.500000, 4564
0.500000, 4563
0.501000, 4562
0.501000, 4561
0.501000, 4560
0.502000, 4559
0.502000, 4558
0.503000, 4557
0.504000, 4556
0.504000, 4555
0.504000, 4554
0.505000, 4553
0.506000, 4552
0.507000, 4551
0.507000, 4550
0.507000, 4549
0.508000, 4548
0.508000, 4547
0.509000, 4546
0.510000, 4545
0.510000, 4544
0.510000, 4543
0.512000, 4542
0.512000, 4541
0.512000, 4540
0.512000, 4539
0.513000, 4538
0.515000, 4537
0.515000, 4536
0.516000, 4535
0.516000, 4534
0.517000, 4533
0.519000, 4532
0.519000, 4531
0.520000, 4530
0.521000, 4529
0.521000, 4528
0.522000, 4527
0.523000, 4526
0.523000, 4525
0.524000, 4524
0.525000, 4523
0.525000, 4522
0.527000, 4521
0.528000, 4520
0.529000, 4519
0.530000, 4518
0.530000, 4517
0.530000, 4516
0.531000, 4515
0.531000, 4514
0.531000, 4513
0.532000, 4512
0.532000, 4511
0.533000, 4510
0.534000, 4509
0.536000, 4508
0.536000, 4507
0.537000, 4506
0.537000, 4505
0.537000, 4504
0.537000, 4503
0.538000, 4502
0.538000, 4501
0.540000, 4500
0.540000, 4499
0.541000, 4498
0.541000, 4497
0.542000, 4496
0.543000, 4495
0.543000, 4494
0.544000, 4493
0.544000, 4492
0.545000, 4491
0.545000, 4490
0.546000, 4489
0.547000, 4488
0.551000, 4487
0.552000, 4486
0.553000, 4485
0.553000, 4484
0.553000, 4483
0.554000, 4482
0.555000, 4481
0.555000, 4480
0.556000, 4479
0.556000, 4478
0.559000, 4477
0.560000, 4476
0.560000, 4475
0.564000, 4474
0.565000, 4473
0.565000, 4472
0.565000, 4471
0.565000, 4470
0.568000, 4469
0.568000, 4468
0.568000, 4467
0.569000, 4466
0.570000, 4465
0.570000, 4464
0.571000, 4463
0.572000, 4462
0.573000, 4461
0.573000, 4460
0.574000, 4459
0.575000, 4458
0.576000, 4457
0.579000, 4456
0.579000, 4455
0.580000, 4454
0.580000, 4453
0.580000, 4452
0.581000, 4451
0.581000, 4450
0.581000, 4449
0.582000, 4448
0.583000, 4447
0.583000, 4446
0.583000, 4445
0.584000, 4444
0.585000, 4443
0.585000, 4442
0.585000, 4441
0.586000, 4440
0.587000, 4439
0.588000, 4438
0.589000, 4437
0.589000, 4436
0.589000, 4435
0.589000, 4434
0.590000, 4433
0.590000, 4432
0.591000, 4431
0.591000, 4430
0.592000, 4429
0.592000, 4428
0.593000, 4427
0.594000, 4426
0.594000, 4425
0.596000, 4424
0.596000, 4423
0.597000, 4422
0.597000, 4421
0.598000, 4420
0.599000, 4419
0.599000, 4418
0.600000, 4417
0.601000, 4416
0.602000, 4415
0.602000, 4414
0.602000, 4413
0.604000, 4412
0.605000, 4411
0.606000, 4410
0.606000, 4409
0.606000, 4408
0.608000, 4407
0.609000, 4406
0.609000, 4405
0.611000, 4404
0.612000, 4403
0.612000, 4402
0.613000, 4401
0.616000, 4400
0.616000, 4399
0.617000, 4398
0.617000, 4397
0.618000, 4396
0.619000, 4395
0.619000, 4394
0.620000, 4393
0.621000, 4392
0.621000, 4391
0.622000, 4390
0.622000, 4389
0.623000, 4388
0.624000, 4387
0.625000, 4386
0.626000, 4385
0.627000, 4384
0.628000, 4383
0.628000, 4382
0.629000, 4381
0.630000, 4380
0.630000, 4379
0.631000, 4378
0.632000, 4377
0.632000, 4376
0.633000, 4375
0.633000, 4374
0.635000, 4373
0.636000, 4372
0.637000, 4371
0.639000, 4370
0.639000, 4369
0.640000, 4368
0.642000, 4367
0.643000, 4366
0.643000, 4365
0.643000, 4364
0.643000, 4363
0.646000, 4362
0.646000, 4361
0.647000, 4360
0.647000, 4359
0.650000, 4358
0.650000, 4357
0.653000, 4356
0.654000, 4355
0.654000, 4354
0.656000, 4353
0.658000, 4352
0.658000, 4351
0.659000, 4350
0.661000, 4349
0.663000, 4348
0.664000, 4347
0.665000, 4346
0.665000, 4345
0.666000, 4344
0.666000, 4343
0.667000, 4342
0.667000, 4341
0.670000, 4340
0.672000, 4339
0.673000, 4338
0.674000, 4337
0.674000, 4336
0.676000, 4335
0.677000, 4334
0.677000, 4333
0.678000, 4332
0.681000, 4331
0.681000, 4330
0.681000, 4329
0.683000, 4328
0.684000, 4327
0.685000, 4326
0.685000, 4325
0.686000, 4324
0.688000, 4323
0.689000, 4322
0.691000, 4321
0.692000, 4320
0.693000, 4319
0.694000, 4318
0.695000, 4317
0.696000, 4316
0.698000, 4315
0.699000, 4314
0.700000, 4313
0.703000, 4312
0.704000, 4311
0.706000, 4310
0.706000, 4309
0.709000, 4308
0.709000, 4307
0.710000, 4306
0.717000, 4305
0.719000, 4304
0.721000, 4303
0.724000, 4302
0.730000, 4301
0.731000, 4300
0.733000, 4299
0.735000, 4298
0.735000, 4297
0.739000, 4296
0.740000, 4295
0.741000, 4294
0.741000, 4293
0.741000, 4292
0.742000, 4291
0.745000, 4290
0.745000, 4289
0.745000, 4288
0.746000, 4287
0.746000, 4286
0.749000, 4285
0.751000, 4284
0.752000, 4283
0.755000, 4282
0.758000, 4281
0.758000, 4280
0.758000, 4279
0.759000, 4278
0.760000, 4277
0.761000, 4276
0.763000, 4275
0.764000, 4274
0.766000, 4273
0.770000, 4272
0.770000, 4271
0.772000, 4270
0.774000, 4269
0.775000, 4268
0.775000, 4267
0.776000, 4266
0.778000, 4265
0.779000, 4264
0.783000, 4263
0.784000, 4262
0.784000, 4261
0.787000, 4260
0.789000, 4259
0.790000, 4258
0.791000, 4257
0.792000, 4256
0.793000, 4255
0.794000, 4254
0.794000, 4253
0.796000, 4252
0.797000, 4251
0.798000, 4250
0.800000, 4249
0.802000, 4248
0.803000, 4247
0.804000, 4246
0.806000, 4245
0.810000, 4244
0.810000, 4243
0.812000, 4242
0.813000, 4241
0.815000, 4240
0.815000, 4239
0.818000, 4238
0.822000, 4237
0.822000, 4236
0.824000, 4235
0.825000, 4234
0.825000, 4233
0.825000, 4232
0.827000, 4231
0.828000, 4230
0.828000, 4229
0.828000, 4228
0.830000, 4227
0.831000, 4226
0.831000, 4225
0.834000, 4224
0.835000, 4223
0.838000, 4222
0.839000, 4221
0.842000, 4220
0.845000, 4219
0.847000, 4218
0.848000, 4217
0.849000, 4216
0.850000, 4215
0.851000, 4214
0.852000, 4213
0.853000, 4212
0.856000, 4211
0.858000, 4210
0.858000, 4209
0.860000, 4208
0.861000, 4207
0.862000, 4206
0.862000, 4205
0.863000, 4204
0.863000, 4203
0.864000, 4202
0.865000, 4201
0.868000, 4200
0.873000, 4199
0.876000, 4198
0.881000, 4197
0.883000, 4196
0.886000, 4195
0.893000, 4194
0.893000, 4193
0.895000, 4192
0.895000, 4191
0.896000, 4190
0.897000, 4189
0.900000, 4188
0.901000, 4187
0.909000, 4186
0.910000, 4185
0.918000, 4184
0.921000, 4183
0.921000, 4182
0.927000, 4181
0.928000, 4180
0.930000, 4179
0.944000, 4178
0.944000, 4177
0.946000, 4176
0.946000, 4175
0.951000, 4174
0.953000, 4173
0.958000, 4172
0.959000, 4171
0.960000, 4170
0.965000, 4169
0.967000, 4168
0.972000, 4167
0.973000, 4166
0.974000, 4165
0.975000, 4164
0.978000, 4163
0.982000, 4162
0.988000, 4161
0.989000, 4160
0.989000, 4159
0.997000, 4158
1.005000, 4157
1.007000, 4156
1.008000, 4155
1.012000, 4154
1.019000, 4153
1.021000, 4152
1.025000, 4151
1.026000, 4150
1.028000, 4149
1.037000, 4148
1.040000, 4147
1.050000, 4146
1.051000, 4145
1.057000, 4144
1.066000, 4143
1.069000, 4142
1.072000, 4141
1.077000, 4140
1.081000, 4139
1.082000, 4138
1.082000, 4137
1.083000, 4136
1.083000, 4135
1.087000, 4134
1.090000, 4133
1.093000, 4132
1.093000, 4131
1.101000, 4130
1.105000, 4129
1.108000, 4128
1.119000, 4127
1.120000, 4126
1.122000, 4125
1.145000, 4124
1.145000, 4123
1.150000, 4122
1.156000, 4121
1.163000, 4120
1.164000, 4119
1.171000, 4118
1.196000, 4117
1.203000, 4116
1.209000, 4115
1.216000, 4114
1.231000, 4113
1.260000, 4112
1.262000, 4111
1.263000, 4110
1.275000, 4109
1.278000, 4108
1.286000, 4107
1.305000, 4106
1.308000, 4105
1.327000, 4104
1.331000, 4103
1.360000, 4102
1.370000, 4101
1.419000, 4100
1.437000, 4099
1.451000, 4098
1.493000, 4097
1.514000, 4096
1.515000, 4095
1.518000, 4094
1.519000, 4093
1.531000, 4092
1.569000, 4091
1.570000, 4090
1.670000, 4089
1.832000, 4088
2.184000, 4087
2.301000, 4086
