0.009000, 5761
0.013000, 5760
0.015000, 5759
0.015000, 5758
0.015000, 5757
0.016000, 5756
0.016000, 5755
0.017000, 5754
0.017000, 5753
0.017000, 5752
0.018000, 5751
0.018000, 5750
0.022000, 5749
0.022000, 5748
0.022000, 5747
0.022000, 5746
0.023000, 5745
0.025000, 5744
0.026000, 5743
0.026000, 5742
0.027000, 5741
0.027000, 5740
0.029000, 5739
0.029000, 5738
0.030000, 5737
0.030000, 5736
0.033000, 5735
0.033000, 5734
0.038000, 5733
0.039000, 5732
0.039000, 5731
0.039000, 5730
0.040000, 5729
0.040000, 5728
0.041000, 5727
0.041000, 5726
0.041000, 5725
0.042000, 5724
0.042000, 5723
0.042000, 5722
0.043000, 5721
0.043000, 5720
0.043000, 5719
0.043000, 5718
0.044000, 5717
0.045000, 5716
0.045000, 5715
0.045000, 5714
0.045000, 5713
0.046000, 5712
0.046000, 5711
0.047000, 5710
0.047000, 5709
0.047000, 5708
0.047000, 5707
0.048000, 5706
0.048000, 5705
0.048000, 5704
0.049000, 5703
0.049000, 5702
0.049000, 5701
0.049000, 5700
0.050000, 5699
0.050000, 5698
0.050000, 5697
0.051000, 5696
0.052000, 5695
0.052000, 5694
0.052000, 5693
0.052000, 5692
0.052000, 5691
0.053000, 5690
0.053000, 5689
0.053000, 5688
0.053000, 5687
0.054000, 5686
0.054000, 5685
0.054000, 5684
0.054000, 5683
0.055000, 5682
0.055000, 5681
0.055000, 5680
0.056000, 5679
0.056000, 5678
0.056000, 5677
0.057000, 5676
0.057000, 5675
0.058000, 5674
0.058000, 5673
0.059000, 5672
0.059000, 5671
0.059000, 5670
0.060000, 5669
0.060000, 5668
0.061000, 5667
0.061000, 5666
0.061000, 5665
0.061000, 5664
0.062000, 5663
0.062000, 5662
0.062000, 5661
0.062000, 5660
0.062000, 5659
0.063000, 5658
0.063000, 5657
0.064000, 5656
0.064000, 5655
0.065000, 5654
0.065000, 5653
0.065000, 5652
0.065000, 5651
0.066000, 5650
0.066000, 5649
0.066000, 5648
0.067000, 5647
0.067000, 5646
0.067000, 5645
0.068000, 5644
0.068000, 5643
0.069000, 5642
0.069000, 5641
0.069000, 5640
0.070000, 5639
0.070000, 5638
0.070000, 5637
0.071000, 5636
0.071000, 5635
0.071000, 5634
0.072000, 5633
0.072000, 5632
0.072000, 5631
0.072000, 5630
0.072000, 5629
0.073000, 5628
0.073000, 5627
0.073000, 5626
0.074000, 5625
0.074000, 5624
0.074000, 5623
0.074000, 5622
0.075000, 5621
0.075000, 5620
0.076000, 5619
0.076000, 5618
0.077000, 5617
0.077000, 5616
0.077000, 5615
0.077000, 5614
0.078000, 5613
0.078000, 5612
0.078000, 5611
0.079000, 5610
0.079000, 5609
0.079000, 5608
0.080000, 5607
0.080000, 5606
0.081000, 5605
0.081000, 5604
0.081000, 5603
0.081000, 5602
0.082000, 5601
0.082000, 5600
0.082000, 5599
0.083000, 5598
0.083000, 5597
0.083000, 5596
0.084000, 5595
0.084000, 5594
0.084000, 5593
0.084000, 5592
0.085000, 5591
0.086000, 5590
0.086000, 5589
0.087000, 5588
0.087000, 5587
0.087000, 5586
0.088000, 5585
0.088000, 5584
0.088000, 5583
0.088000, 5582
0.089000, 5581
0.089000, 5580
0.089000, 5579
0.090000, 5578
0.090000, 5577
0.091000, 5576
0.091000, 5575
0.091000, 5574
0.092000, 5573
0.092000, 5572
0.092000, 5571
0.092000, 5570
0.093000, 5569
0.094000, 5568
0.094000, 5567
0.094000, 5566
0.094000, 5565
0.094000, 5564
0.095000, 5563
0.095000, 5562
0.095000, 5561
0.096000, 5560
0.096000, 5559
0.096000, 5558
0.096000, 5557
0.096000, 5556
0.097000, 5555
0.097000, 5554
0.097000, 5553
0.097000, 5552
0.098000, 5551
0.098000, 5550
0.098000, 5549
0.098000, 5548
0.098000, 5547
0.098000, 5546
0.099000, 5545
0.099000, 5544
0.100000, 5543
0.100000, 5542
0.101000, 5541
0.101000, 5540
0.101000, 5539
0.101000, 5538
0.101000, 5537
0.102000, 5536
0.102000, 5535
0.102000, 5534
0.102000, 5533
0.103000, 5532
0.103000, 5531
0.103000, 5530
0.103000, 5529
0.104000, 5528
0.105000, 5527
0.105000, 5526
0.106000, 5525
0.106000, 5524
0.106000, 5523
0.106000, 5522
0.107000, 5521
0.107000, 5520
0.107000, 5519
0.108000, 5518
0.108000, 5517
0.108000, 5516
0.109000, 5515
0.109000, 5514
0.109000, 5513
0.110000, 5512
0.110000, 5511
0.110000, 5510
0.111000, 5509
0.111000, 5508
0.111000, 5507
0.111000, 5506
0.112000, 5505
0.112000, 5504
0.112000, 5503
0.113000, 5502
0.113000, 5501
0.113000, 5500
0.114000, 5499
0.114000, 5498
0.114000, 5497
0.114000, 5496
0.115000, 5495
0.115000, 5494
0.115000, 5493
0.115000, 5492
0.115000, 5491
0.116000, 5490
0.116000, 5489
0.116000, 5488
0.117000, 5487
0.117000, 5486
0.118000, 5485
0.118000, 5484
0.118000, 5483
0.119000, 5482
0.119000, 5481
0.119000, 5480
0.120000, 5479
0.120000, 5478
0.120000, 5477
0.120000, 5476
0.121000, 5475
0.122000, 5474
0.122000, 5473
0.122000, 5472
0.122000, 5471
0.123000, 5470
0.123000, 5469
0.123000, 5468
0.124000, 5467
0.124000, 5466
0.124000, 5465
0.125000, 5464
0.126000, 5463
0.126000, 5462
0.126000, 5461
0.127000, 5460
0.127000, 5459
0.127000, 5458
0.127000, 5457
0.128000, 5456
0.128000, 5455
0.129000, 5454
0.129000, 5453
0.129000, 5452
0.130000, 5451
0.130000, 5450
0.131000, 5449
0.131000, 5448
0.131000, 5447
0.132000, 5446
0.132000, 5445
0.132000, 5444
0.133000, 5443
0.133000, 5442
0.134000, 5441
0.134000, 5440
0.134000, 5439
0.134000, 5438
0.135000, 5437
0.135000, 5436
0.136000, 5435
0.136000, 5434
0.136000, 5433
0.137000, 5432
0.137000, 5431
0.138000, 5430
0.138000, 5429
0.138000, 5428
0.139000, 5427
0.139000, 5426
0.139000, 5425
0.140000, 5424
0.140000, 5423
0.140000, 5422
0.141000, 5421
0.141000, 5420
0.142000, 5419
0.142000, 5418
0.142000, 5417
0.143000, 5416
0.143000, 5415
0.143000, 5414
0.143000, 5413
0.144000, 5412
0.144000, 5411
0.144000, 5410
0.145000, 5409
0.145000, 5408
0.145000, 5407
0.145000, 5406
0.145000, 5405
0.146000, 5404
0.146000, 5403
0.147000, 5402
0.147000, 5401
0.147000, 5400
0.148000, 5399
0.148000, 5398
0.149000, 5397
0.149000, 5396
0.149000, 5395
0.149000, 5394
0.150000, 5393
0.150000, 5392
0.150000, 5391
0.150000, 5390
0.150000, 5389
0.151000, 5388
0.151000, 5387
0.151000, 5386
0.152000, 5385
0.152000, 5384
0.152000, 5383
0.152000, 5382
0.152000, 5381
0.153000, 5380
0.153000, 5379
0.153000, 5378
0.153000, 5377
0.154000, 5376
0.154000, 5375
0.155000, 5374
0.155000, 5373
0.156000, 5372
0.156000, 5371
0.156000, 5370
0.157000, 5369
0.157000, 5368
0.157000, 5367
0.158000, 5366
0.158000, 5365
0.158000, 5364
0.158000, 5363
0.158000, 5362
0.159000, 5361
0.159000, 5360
0.159000, 5359
0.160000, 5358
0.160000, 5357
0.161000, 5356
0.161000, 5355
0.161000, 5354
0.161000, 5353
0.161000, 5352
0.161000, 5351
0.162000, 5350
0.162000, 5349
0.162000, 5348
0.162000, 5347
0.163000, 5346
0.163000, 5345
0.163000, 5344
0.163000, 5343
0.163000, 5342
0.164000, 5341
0.164000, 5340
0.165000, 5339
0.165000, 5338
0.166000, 5337
0.166000, 5336
0.166000, 5335
0.166000, 5334
0.167000, 5333
0.168000, 5332
0.168000, 5331
0.168000, 5330
0.169000, 5329
0.169000, 5328
0.170000, 5327
0.170000, 5326
0.171000, 5325
0.171000, 5324
0.171000, 5323
0.173000, 5322
0.173000, 5321
0.173000, 5320
0.173000, 5319
0.173000, 5318
0.174000, 5317
0.174000, 5316
0.174000, 5315
0.175000, 5314
0.175000, 5313
0.175000, 5312
0.176000, 5311
0.176000, 5310
0.177000, 5309
0.177000, 5308
0.178000, 5307
0.178000, 5306
0.179000, 5305
0.179000, 5304
0.180000, 5303
0.180000, 5302
0.180000, 5301
0.181000, 5300
0.181000, 5299
0.181000, 5298
0.181000, 5297
0.182000, 5296
0.183000, 5295
0.183000, 5294
0.183000, 5293
0.184000, 5292
0.184000, 5291
0.184000, 5290
0.185000, 5289
0.185000, 5288
0.186000, 5287
0.186000, 5286
0.186000, 5285
0.186000, 5284
0.187000, 5283
0.187000, 5282
0.188000, 5281
0.188000, 5280
0.189000, 5279
0.189000, 5278
0.189000, 5277
0.190000, 5276
0.190000, 5275
0.191000, 5274
0.192000, 5273
0.192000, 5272
0.192000, 5271
0.192000, 5270
0.193000, 5269
0.193000, 5268
0.193000, 5267
0.194000, 5266
0.194000, 5265
0.194000, 5264
0.195000, 5263
0.195000, 5262
0.195000, 5261
0.195000, 5260
0.196000, 5259
0.198000, 5258
0.198000, 5257
0.199000, 5256
0.199000, 5255
0.199000, 5254
0.200000, 5253
0.200000, 5252
0.201000, 5251
0.201000, 5250
0.201000, 5249
0.202000, 5248
0.202000, 5247
0.202000, 5246
0.203000, 5245
0.203000, 5244
0.205000, 5243
0.205000, 5242
0.205000, 5241
0.206000, 5240
0.207000, 5239
0.207000, 5238
0.209000, 5237
0.209000, 5236
0.210000, 5235
0.210000, 5234
0.210000, 5233
0.210000, 5232
0.211000, 5231
0.211000, 5230
0.212000, 5229
0.212000, 5228
0.213000, 5227
0.213000, 5226
0.213000, 5225
0.214000, 5224
0.214000, 5223
0.215000, 5222
0.215000, 5221
0.215000, 5220
0.216000, 5219
0.216000, 5218
0.216000, 5217
0.216000, 5216
0.217000, 5215
0.218000, 5214
0.218000, 5213
0.219000, 5212
0.219000, 5211
0.220000, 5210
0.220000, 5209
0.220000, 5208
0.220000, 5207
0.221000, 5206
0.221000, 5205
0.221000, 5204
0.222000, 5203
0.222000, 5202
0.222000, 5201
0.223000, 5200
0.223000, 5199
0.223000, 5198
0.224000, 5197
0.224000, 5196
0.225000, 5195
0.225000, 5194
0.225000, 5193
0.225000, 5192
0.225000, 5191
0.226000, 5190
0.226000, 5189
0.226000, 5188
0.227000, 5187
0.227000, 5186
0.227000, 5185
0.227000, 5184
0.227000, 5183
0.228000, 5182
0.228000, 5181
0.228000, 5180
0.229000, 5179
0.229000, 5178
0.229000, 5177
0.230000, 5176
0.231000, 5175
0.231000, 5174
0.231000, 5173
0.232000, 5172
0.232000, 5171
0.234000, 5170
0.234000, 5169
0.234000, 5168
0.235000, 5167
0.235000, 5166
0.236000, 5165
0.236000, 5164
0.237000, 5163
0.237000, 5162
0.237000, 5161
0.238000, 5160
0.238000, 5159
0.238000, 5158
0.239000, 5157
0.239000, 5156
0.239000, 5155
0.240000, 5154
0.240000, 5153
0.240000, 5152
0.241000, 5151
0.241000, 5150
0.241000, 5149
0.242000, 5148
0.242000, 5147
0.242000, 5146
0.242000, 5145
0.243000, 5144
0.244000, 5143
0.244000, 5142
0.245000, 5141
0.245000, 5140
0.245000, 5139
0.246000, 5138
0.246000, 5137
0.246000, 5136
0.247000, 5135
0.247000, 5134
0.248000, 5133
0.248000, 5132
0.248000, 5131
0.250000, 5130
0.250000, 5129
0.251000, 5128
0.252000, 5127
0.252000, 5126
0.252000, 5125
0.252000, 5124
0.253000, 5123
0.253000, 5122
0.253000, 5121
0.254000, 5120
0.254000, 5119
0.255000, 5118
0.255000, 5117
0.255000, 5116
0.256000, 5115
0.256000, 5114
0.258000, 5113
0.258000, 5112
0.258000, 5111
0.258000, 5110
0.259000, 5109
0.259000, 5108
0.259000, 5107
0.259000, 5106
0.260000, 5105
0.260000, 5104
0.260000, 5103
0.260000, 5102
0.260000, 5101
0.261000, 5100
0.261000, 5099
0.261000, 5098
0.262000, 5097
0.262000, 5096
0.262000, 5095
0.263000, 5094
0.263000, 5093
0.263000, 5092
0.264000, 5091
0.264000, 5090
0.264000, 5089
0.265000, 5088
0.265000, 5087
0.266000, 5086
0.266000, 5085
0.266000, 5084
0.267000, 5083
0.267000, 5082
0.267000, 5081
0.267000, 5080
0.269000, 5079
0.269000, 5078
0.269000, 5077
0.270000, 5076
0.270000, 5075
0.271000, 5074
0.271000, 5073
0.272000, 5072
0.272000, 5071
0.274000, 5070
0.275000, 5069
0.275000, 5068
0.275000, 5067
0.276000, 5066
0.276000, 5065
0.277000, 5064
0.277000, 5063
0.278000, 5062
0.279000, 5061
0.280000, 5060
0.280000, 5059
0.281000, 5058
0.281000, 5057
0.281000, 5056
0.281000, 5055
0.283000, 5054
0.284000, 5053
0.284000, 5052
0.285000, 5051
0.285000, 5050
0.285000, 5049
0.286000, 5048
0.286000, 5047
0.287000, 5046
0.287000, 5045
0.287000, 5044
0.288000, 5043
0.289000, 5042
0.290000, 5041
0.290000, 5040
0.291000, 5039
0.291000, 5038
0.292000, 5037
0.292000, 5036
0.292000, 5035
0.293000, 5034
0.293000, 5033
0.294000, 5032
0.294000, 5031
0.295000, 5030
0.295000, 5029
0.295000, 5028
0.295000, 5027
0.296000, 5026
0.296000, 5025
0.297000, 5024
0.297000, 5023
0.297000, 5022
0.298000, 5021
0.298000, 5020
0.298000, 5019
0.298000, 5018
0.298000, 5017
0.299000, 5016
0.299000, 5015
0.299000, 5014
0.299000, 5013
0.299000, 5012
0.300000, 5011
0.301000, 5010
0.302000, 5009
0.302000, 5008
0.302000, 5007
0.302000, 5006
0.303000, 5005
0.303000, 5004
0.304000, 5003
0.304000, 5002
0.305000, 5001
0.306000, 5000
0.306000, 4999
0.306000, 4998
0.306000, 4997
0.306000, 4996
0.307000, 4995
0.307000, 4994
0.307000, 4993
0.308000, 4992
0.308000, 4991
0.308000, 4990
0.309000, 4989
0.310000, 4988
0.310000, 4987
0.310000, 4986
0.311000, 4985
0.312000, 4984
0.313000, 4983
0.313000, 4982
0.313000, 4981
0.314000, 4980
0.314000, 4979
0.314000, 4978
0.315000, 4977
0.315000, 4976
0.315000, 4975
0.316000, 4974
0.317000, 4973
0.318000, 4972
0.318000, 4971
0.319000, 4970
0.319000, 4969
0.320000, 4968
0.320000, 4967
0.320000, 4966
0.320000, 4965
0.321000, 4964
0.321000, 4963
0.321000, 4962
0.322000, 4961
0.322000, 4960
0.323000, 4959
0.323000, 4958
0.323000, 4957
0.323000, 4956
0.324000, 4955
0.325000, 4954
0.325000, 4953
0.326000, 4952
0.326000, 4951
0.328000, 4950
0.329000, 4949
0.330000, 4948
0.330000, 4947
0.330000, 4946
0.331000, 4945
0.331000, 4944
0.332000, 4943
0.332000, 4942
0.332000, 4941
0.333000, 4940
0.333000, 4939
0.334000, 4938
0.336000, 4937
0.336000, 4936
0.337000, 4935
0.337000, 4934
0.337000, 4933
0.338000, 4932
0.338000, 4931
0.339000, 4930
0.340000, 4929
0.340000, 4928
0.340000, 4927
0.341000, 4926
0.341000, 4925
0.342000, 4924
0.342000, 4923
0.343000, 4922
0.343000, 4921
0.344000, 4920
0.344000, 4919
0.345000, 4918
0.345000, 4917
0.346000, 4916
0.346000, 4915
0.350000, 4914
0.350000, 4913
0.350000, 4912
0.351000, 4911
0.351000, 4910
0.351000, 4909
0.352000, 4908
0.352000, 4907
0.352000, 4906
0.353000, 4905
0.353000, 4904
0.354000, 4903
0.354000, 4902
0.354000, 4901
0.355000, 4900
0.355000, 4899
0.356000, 4898
0.356000, 4897
0.356000, 4896
0.356000, 4895
0.357000, 4894
0.357000, 4893
0.358000, 4892
0.358000, 4891
0.358000, 4890
0.358000, 4889
0.359000, 4888
0.359000, 4887
0.359000, 4886
0.360000, 4885
0.360000, 4884
0.360000, 4883
0.360000, 4882
0.361000, 4881
0.361000, 4880
0.361000, 4879
0.362000, 4878
0.362000, 4877
0.363000, 4876
0.363000, 4875
0.363000, 4874
0.364000, 4873
0.364000, 4872
0.365000, 4871
0.365000, 4870
0.365000, 4869
0.366000, 4868
0.367000, 4867
0.367000, 4866
0.367000, 4865
0.369000, 4864
0.369000, 4863
0.370000, 4862
0.370000, 4861
0.370000, 4860
0.371000, 4859
0.371000, 4858
0.372000, 4857
0.372000, 4856
0.372000, 4855
0.373000, 4854
0.373000, 4853
0.374000, 4852
0.375000, 4851
0.375000, 4850
0.375000, 4849
0.375000, 4848
0.375000, 4847
0.376000, 4846
0.377000, 4845
0.377000, 4844
0.377000, 4843
0.377000, 4842
0.378000, 4841
0.378000, 4840
0.378000, 4839
0.378000, 4838
0.379000, 4837
0.379000, 4836
0.380000, 4835
0.380000, 4834
0.380000, 4833
0.380000, 4832
0.381000, 4831
0.381000, 4830
0.381000, 4829
0.381000, 4828
0.382000, 4827
0.382000, 4826
0.382000, 4825
0.382000, 4824
0.383000, 4823
0.383000, 4822
0.384000, 4821
0.384000, 4820
0.385000, 4819
0.385000, 4818
0.385000, 4817
0.386000, 4816
0.386000, 4815
0.387000, 4814
0.387000, 4813
0.388000, 4812
0.388000, 4811
0.388000, 4810
0.389000, 4809
0.389000, 4808
0.390000, 4807
0.390000, 4806
0.391000, 4805
0.391000, 4804
0.391000, 4803
0.391000, 4802
0.391000, 4801
0.393000, 4800
0.393000, 4799
0.393000, 4798
0.393000, 4797
0.393000, 4796
0.394000, 4795
0.394000, 4794
0.394000, 4793
0.394000, 4792
0.395000, 4791
0.395000, 4790
0.395000, 4789
0.395000, 4788
0.395000, 4787
0.396000, 4786
0.396000, 4785
0.396000, 4784
0.397000, 4783
0.397000, 4782
0.397000, 4781
0.398000, 4780
0.398000, 4779
0.398000, 4778
0.399000, 4777
0.399000, 4776
0.399000, 4775
0.399000, 4774
0.400000, 4773
0.400000, 4772
0.400000, 4771
0.400000, 4770
0.400000, 4769
0.401000, 4768
0.401000, 4767
0.401000, 4766
0.402000, 4765
0.402000, 4764
0.402000, 4763
0.402000, 4762
0.402000, 4761
0.402000, 4760
0.403000, 4759
0.403000, 4758
0.404000, 4757
0.404000, 4756
0.404000, 4755
0.405000, 4754
0.405000, 4753
0.405000, 4752
0.406000, 4751
0.406000, 4750
0.406000, 4749
0.406000, 4748
0.407000, 4747
0.407000, 4746
0.408000, 4745
0.408000, 4744
0.408000, 4743
0.409000, 4742
0.409000, 4741
0.409000, 4740
0.410000, 4739
0.410000, 4738
0.410000, 4737
0.410000, 4736
0.411000, 4735
0.411000, 4734
0.411000, 4733
0.411000, 4732
0.412000, 4731
0.412000, 4730
0.413000, 4729
0.414000, 4728
0.414000, 4727
0.415000, 4726
0.415000, 4725
0.415000, 4724
0.416000, 4723
0.416000, 4722
0.416000, 4721
0.416000, 4720
0.417000, 4719
0.417000, 4718
0.417000, 4717
0.418000, 4716
0.418000, 4715
0.419000, 4714
0.420000, 4713
0.420000, 4712
0.421000, 4711
0.421000, 4710
0.422000, 4709
0.422000, 4708
0.423000, 4707
0.423000, 4706
0.423000, 4705
0.424000, 4704
0.424000, 4703
0.426000, 4702
0.426000, 4701
0.426000, 4700
0.427000, 4699
0.427000, 4698
0.428000, 4697
0.428000, 4696
0.429000, 4695
0.429000, 4694
0.430000, 4693
0.430000, 4692
0.430000, 4691
0.430000, 4690
0.430000, 4689
0.430000, 4688
0.430000, 4687
0.431000, 4686
0.431000, 4685
0.431000, 4684
0.431000, 4683
0.432000, 4682
0.432000, 4681
0.433000, 4680
0.433000, 4679
0.433000, 4678
0.433000, 4677
0.434000, 4676
0.435000, 4675
0.435000, 4674
0.435000, 4673
0.436000, 4672
0.436000, 4671
0.436000, 4670
0.436000, 4669
0.436000, 4668
0.438000, 4667
0.438000, 4666
0.438000, 4665
0.439000, 4664
0.439000, 4663
0.439000, 4662
0.439000, 4661
0.439000, 4660
0.440000, 4659
0.440000, 4658
0.441000, 4657
0.441000, 4656
0.441000, 4655
0.441000, 4654
0.442000, 4653
0.442000, 4652
0.443000, 4651
0.443000, 4650
0.444000, 4649
0.445000, 4648
0.445000, 4647
0.445000, 4646
0.447000, 4645
0.447000, 4644
0.447000, 4643
0.447000, 4642
0.448000, 4641
0.448000, 4640
0.449000, 4639
0.449000, 4638
0.449000, 4637
0.450000, 4636
0.450000, 4635
0.451000, 4634
0.451000, 4633
0.452000, 4632
0.452000, 4631
0.453000, 4630
0.453000, 4629
0.453000, 4628
0.454000, 4627
0.455000, 4626
0.456000, 4625
0.456000, 4624
0.456000, 4623
0.456000, 4622
0.457000, 4621
0.457000, 4620
0.458000, 4619
0.458000, 4618
0.458000, 4617
0.459000, 4616
0.461000, 4615
0.462000, 4614
0.462000, 4613
0.462000, 4612
0.463000, 4611
0.463000, 4610
0.463000, 4609
0.464000, 4608
0.465000, 4607
0.465000, 4606
0.466000, 4605
0.467000, 4604
0.468000, 4603
0.469000, 4602
0.469000, 4601
0.469000, 4600
0.469000, 4599
0.469000, 4598
0.470000, 4597
0.471000, 4596
0.471000, 4595
0.471000, 4594
0.471000, 4593
0.472000, 4592
0.473000, 4591
0.473000, 4590
0.474000, 4589
0.474000, 4588
0.475000, 4587
0.475000, 4586
0.476000, 4585
0.477000, 4584
0.477000, 4583
0.478000, 4582
0.478000, 4581
0.479000, 4580
0.479000, 4579
0.479000, 4578
0.480000, 4577
0.480000, 4576
0.482000, 4575
0.482000, 4574
0.483000, 4573
0.483000, 4572
0.484000, 4571
0.485000, 4570
0.485000, 4569
0.485000, 4568
0.487000, 4567
0.487000, 4566
0.488000, 4565
0.488000, 4564
0.489000, 4563
0.490000, 4562
0.490000, 4561
0.491000, 4560
0.491000, 4559
0.492000, 4558
0.494000, 4557
0.495000, 4556
0.495000, 4555
0.495000, 4554
0.495000, 4553
0.496000, 4552
0.496000, 4551
0.497000, 4550
0.498000, 4549
0.498000, 4548
0.499000, 4547
0.499000, 4546
0.499000, 4545
0.500000, 4544
0.500000, 4543
0.500000, 4542
0.501000, 4541
0.501000, 4540
0.502000, 4539
0.502000, 4538
0.503000, 4537
0.503000, 4536
0.503000, 4535
0.503000, 4534
0.503000, 4533
0.504000, 4532
0.504000, 4531
0.504000, 4530
0.506000, 4529
0.506000, 4528
0.507000, 4527
0.507000, 4526
0.508000, 4525
0.509000, 4524
0.509000, 4523
0.510000, 4522
0.510000, 4521
0.511000, 4520
0.512000, 4519
0.513000, 4518
0.514000, 4517
0.514000, 4516
0.515000, 4515
0.516000, 4514
0.516000, 4513
0.517000, 4512
0.517000, 4511
0.517000, 4510
0.518000, 4509
0.519000, 4508
0.521000, 4507
0.521000, 4506
0.522000, 4505
0.523000, 4504
0.527000, 4503
0.527000, 4502
0.527000, 4501
0.528000, 4500
0.529000, 4499
0.530000, 4498
0.530000, 4497
0.531000, 4496
0.532000, 4495
0.533000, 4494
0.534000, 4493
0.535000, 4492
0.535000, 4491
0.536000, 4490
0.539000, 4489
0.539000, 4488
0.540000, 4487
0.540000, 4486
0.540000, 4485
0.543000, 4484
0.546000, 4483
0.546000, 4482
0.547000, 4481
0.547000, 4480
0.547000, 4479
0.548000, 4478
0.548000, 4477
0.550000, 4476
0.550000, 4475
0.550000, 4474
0.551000, 4473
0.552000, 4472
0.553000, 4471
0.555000, 4470
0.556000, 4469
0.557000, 4468
0.559000, 4467
0.560000, 4466
0.561000, 4465
0.563000, 4464
0.564000, 4463
0.565000, 4462
0.565000, 4461
0.566000, 4460
0.566000, 4459
0.567000, 4458
0.567000, 4457
0.567000, 4456
0.568000, 4455
0.569000, 4454
0.569000, 4453
0.570000, 4452
0.571000, 4451
0.572000, 4450
0.572000, 4449
0.573000, 4448
0.573000, 4447
0.573000, 4446
0.575000, 4445
0.575000, 4444
0.576000, 4443
0.577000, 4442
0.578000, 4441
0.579000, 4440
0.579000, 4439
0.581000, 4438
0.581000, 4437
0.582000, 4436
0.582000, 4435
0.583000, 4434
0.584000, 4433
0.585000, 4432
0.586000, 4431
0.586000, 4430
0.586000, 4429
0.587000, 4428
0.587000, 4427
0.587000, 4426
0.588000, 4425
0.589000, 4424
0.590000, 4423
0.591000, 4422
0.593000, 4421
0.593000, 4420
0.593000, 4419
0.594000, 4418
0.594000, 4417
0.594000, 4416
0.597000, 4415
0.597000, 4414
0.597000, 4413
0.597000, 4412
0.600000, 4411
0.601000, 4410
0.601000, 4409
0.601000, 4408
0.601000, 4407
0.602000, 4406
0.602000, 4405
0.603000, 4404
0.604000, 4403
0.605000, 4402
0.607000, 4401
0.607000, 4400
0.607000, 4399
0.608000, 4398
0.608000, 4397
0.610000, 4396
0.611000, 4395
0.611000, 4394
0.612000, 4393
0.613000, 4392
0.613000, 4391
0.613000, 4390
0.616000, 4389
0.618000, 4388
0.618000, 4387
0.618000, 4386
0.619000, 4385
0.619000, 4384
0.620000, 4383
0.622000, 4382
0.622000, 4381
0.623000, 4380
0.623000, 4379
0.624000, 4378
0.624000, 4377
0.626000, 4376
0.626000, 4375
0.626000, 4374
0.627000, 4373
0.627000, 4372
0.628000, 4371
0.630000, 4370
0.632000, 4369
0.635000, 4368
0.635000, 4367
0.635000, 4366
0.636000, 4365
0.637000, 4364
0.637000, 4363
0.637000, 4362
0.638000, 4361
0.639000, 4360
0.639000, 4359
0.640000, 4358
0.640000, 4357
0.642000, 4356
0.642000, 4355
0.643000, 4354
0.644000, 4353
0.644000, 4352
0.645000, 4351
0.646000, 4350
0.647000, 4349
0.649000, 4348
0.649000, 4347
0.650000, 4346
0.651000, 4345
0.652000, 4344
0.652000, 4343
0.652000, 4342
0.653000, 4341
0.655000, 4340
0.656000, 4339
0.656000, 4338
0.657000, 4337
0.657000, 4336
0.660000, 4335
0.660000, 4334
0.660000, 4333
0.661000, 4332
0.663000, 4331
0.664000, 4330
0.665000, 4329
0.665000, 4328
0.665000, 4327
0.668000, 4326
0.670000, 4325
0.671000, 4324
0.673000, 4323
0.676000, 4322
0.681000, 4321
0.682000, 4320
0.683000, 4319
0.684000, 4318
0.690000, 4317
0.690000, 4316
0.692000, 4315
0.696000, 4314
0.698000, 4313
0.700000, 4312
0.701000, 4311
0.702000, 4310
0.706000, 4309
0.707000, 4308
0.708000, 4307
0.708000, 4306
0.710000, 4305
0.710000, 4304
0.711000, 4303
0.711000, 4302
0.714000, 4301
0.714000, 4300
0.715000, 4299
0.716000, 4298
0.718000, 4297
0.719000, 4296
0.719000, 4295
0.720000, 4294
0.720000, 4293
0.723000, 4292
0.725000, 4291
0.728000, 4290
0.728000, 4289
0.728000, 4288
0.729000, 4287
0.733000, 4286
0.741000, 4285
0.742000, 4284
0.743000, 4283
0.743000, 4282
0.744000, 4281
0.748000, 4280
0.749000, 4279
0.752000, 4278
0.755000, 4277
0.758000, 4276
0.759000, 4275
0.760000, 4274
0.761000, 4273
0.761000, 4272
0.761000, 4271
0.762000, 4270
0.763000, 4269
0.763000, 4268
0.766000, 4267
0.767000, 4266
0.767000, 4265
0.770000, 4264
0.774000, 4263
0.774000, 4262
0.775000, 4261
0.778000, 4260
0.779000, 4259
0.782000, 4258
0.783000, 4257
0.784000, 4256
0.785000, 4255
0.789000, 4254
0.790000, 4253
0.797000, 4252
0.798000, 4251
0.800000, 4250
0.802000, 4249
0.802000, 4248
0.804000, 4247
0.805000, 4246
0.812000, 4245
0.814000, 4244
0.814000, 4243
0.815000, 4242
0.816000, 4241
0.816000, 4240
0.817000, 4239
0.818000, 4238
0.819000, 4237
0.819000, 4236
0.820000, 4235
0.821000, 4234
0.822000, 4233
0.825000, 4232
0.830000, 4231
0.831000, 4230
0.831000, 4229
0.832000, 4228
0.833000, 4227
0.833000, 4226
0.834000, 4225
0.835000, 4224
0.837000, 4223
0.840000, 4222
0.843000, 4221
0.843000, 4220
0.844000, 4219
0.846000, 4218
0.846000, 4217
0.848000, 4216
0.848000, 4215
0.849000, 4214
0.851000, 4213
0.851000, 4212
0.854000, 4211
0.856000, 4210
0.858000, 4209
0.860000, 4208
0.866000, 4207
0.868000, 4206
0.869000, 4205
0.880000, 4204
0.880000, 4203
0.880000, 4202
0.882000, 4201
0.882000, 4200
0.883000, 4199
0.884000, 4198
0.885000, 4197
0.885000, 4196
0.886000, 4195
0.888000, 4194
0.888000, 4193
0.890000, 4192
0.891000, 4191
0.896000, 4190
0.897000, 4189
0.899000, 4188
0.899000, 4187
0.900000, 4186
0.904000, 4185
0.907000, 4184
0.909000, 4183
0.911000, 4182
0.912000, 4181
0.912000, 4180
0.915000, 4179
0.916000, 4178
0.918000, 4177
0.919000, 4176
0.919000, 4175
0.920000, 4174
0.924000, 4173
0.924000, 4172
0.925000, 4171
0.925000, 4170
0.930000, 4169
0.938000, 4168
0.938000, 4167
0.945000, 4166
0.949000, 4165
0.950000, 4164
0.950000, 4163
0.952000, 4162
0.953000, 4161
0.955000, 4160
0.957000, 4159
0.958000, 4158
0.959000, 4157
0.960000, 4156
0.968000, 4155
0.972000, 4154
0.974000, 4153
0.975000, 4152
0.976000, 4151
0.988000, 4150
0.990000, 4149
0.996000, 4148
0.997000, 4147
1.000000, 4146
1.004000, 4145
1.007000, 4144
1.007000, 4143
1.017000, 4142
1.021000, 4141
1.023000, 4140
1.024000, 4139
1.025000, 4138
1.031000, 4137
1.036000, 4136
1.037000, 4135
1.040000, 4134
1.044000, 4133
1.060000, 4132
1.063000, 4131
1.068000, 4130
1.075000, 4129
1.083000, 4128
1.096000, 4127
1.105000, 4126
1.105000, 4125
1.109000, 4124
1.110000, 4123
1.113000, 4122
1.113000, 4121
1.117000, 4120
1.118000, 4119
1.119000, 4118
1.123000, 4117
1.131000, 4116
1.138000, 4115
1.156000, 4114
1.172000, 4113
1.233000, 4112
1.246000, 4111
1.252000, 4110
1.257000, 4109
1.277000, 4108
1.281000, 4107
1.285000, 4106
1.287000, 4105
1.294000, 4104
1.313000, 4103
1.314000, 4102
1.334000, 4101
1.346000, 4100
1.346000, 4099
1.348000, 4098
1.382000, 4097
1.396000, 4096
1.435000, 4095
1.446000, 4094
1.458000, 4093
1.492000, 4092
1.527000, 4091
1.574000, 4090
1.591000, 4089
1.655000, 4088
1.696000, 4087
1.702000, 4086
1.733000, 4085
1.741000, 4084
1.744000, 4083
1.813000, 4082
2.035000, 4081
2.152000, 4080
2.326000, 4079
2.329000, 4078
