0.000000, 5759
0.016000, 5758
0.016000, 5757
0.016000, 5756
0.016000, 5755
0.016000, 5754
0.032000, 5753
0.032000, 5752
0.032000, 5751
0.032000, 5750
0.032000, 5749
0.032000, 5748
0.032000, 5747
0.032000, 5746
0.032000, 5745
0.032000, 5744
0.032000, 5743
0.032000, 5742
0.032000, 5741
0.032000, 5740
0.032000, 5739
0.032000, 5738
0.032000, 5737
0.032000, 5736
0.032000, 5735
0.032000, 5734
0.032000, 5733
0.032000, 5732
0.032000, 5731
0.032000, 5730
0.032000, 5729
0.032000, 5728
0.047000, 5727
0.047000, 5726
0.047000, 5725
0.047000, 5724
0.047000, 5723
0.047000, 5722
0.047000, 5721
0.047000, 5720
0.047000, 5719
0.047000, 5718
0.047000, 5717
0.047000, 5716
0.047000, 5715
0.047000, 5714
0.047000, 5713
0.047000, 5712
0.047000, 5711
0.047000, 5710
0.047000, 5709
0.047000, 5708
0.047000, 5707
0.047000, 5706
0.047000, 5705
0.047000, 5704
0.047000, 5703
0.047000, 5702
0.047000, 5701
0.047000, 5700
0.047000, 5699
0.047000, 5698
0.047000, 5697
0.047000, 5696
0.047000, 5695
0.047000, 5694
0.047000, 5693
0.047000, 5692
0.047000, 5691
0.047000, 5690
0.047000, 5689
0.047000, 5688
0.047000, 5687
0.047000, 5686
0.047000, 5685
0.047000, 5684
0.047000, 5683
0.047000, 5682
0.047000, 5681
0.047000, 5680
0.047000, 5679
0.047000, 5678
0.047000, 5677
0.047000, 5676
0.063000, 5675
0.063000, 5674
0.063000, 5673
0.063000, 5672
0.063000, 5671
0.063000, 5670
0.063000, 5669
0.063000, 5668
0.063000, 5667
0.063000, 5666
0.063000, 5665
0.063000, 5664
0.063000, 5663
0.063000, 5662
0.063000, 5661
0.063000, 5660
0.063000, 5659
0.063000, 5658
0.063000, 5657
0.063000, 5656
0.063000, 5655
0.063000, 5654
0.063000, 5653
0.063000, 5652
0.063000, 5651
0.063000, 5650
0.063000, 5649
0.063000, 5648
0.063000, 5647
0.063000, 5646
0.063000, 5645
0.063000, 5644
0.063000, 5643
0.063000, 5642
0.063000, 5641
0.063000, 5640
0.063000, 5639
0.063000, 5638
0.063000, 5637
0.063000, 5636
0.063000, 5635
0.063000, 5634
0.063000, 5633
0.063000, 5632
0.063000, 5631
0.063000, 5630
0.063000, 5629
0.063000, 5628
0.063000, 5627
0.063000, 5626
0.063000, 5625
0.063000, 5624
0.063000, 5623
0.078000, 5622
0.078000, 5621
0.078000, 5620
0.078000, 5619
0.078000, 5618
0.078000, 5617
0.078000, 5616
0.078000, 5615
0.078000, 5614
0.078000, 5613
0.078000, 5612
0.078000, 5611
0.078000, 5610
0.078000, 5609
0.078000, 5608
0.078000, 5607
0.078000, 5606
0.078000, 5605
0.078000, 5604
0.078000, 5603
0.078000, 5602
0.078000, 5601
0.078000, 5600
0.078000, 5599
0.078000, 5598
0.078000, 5597
0.078000, 5596
0.078000, 5595
0.078000, 5594
0.078000, 5593
0.078000, 5592
0.078000, 5591
0.078000, 5590
0.078000, 5589
0.078000, 5588
0.078000, 5587
0.078000, 5586
0.078000, 5585
0.078000, 5584
0.078000, 5583
0.078000, 5582
0.078000, 5581
0.078000, 5580
0.078000, 5579
0.078000, 5578
0.078000, 5577
0.078000, 5576
0.078000, 5575
0.078000, 5574
0.078000, 5573
0.078000, 5572
0.078000, 5571
0.078000, 5570
0.078000, 5569
0.078000, 5568
0.094000, 5567
0.094000, 5566
0.094000, 5565
0.094000, 5564
0.094000, 5563
0.094000, 5562
0.094000, 5561
0.094000, 5560
0.094000, 5559
0.094000, 5558
0.094000, 5557
0.094000, 5556
0.094000, 5555
0.094000, 5554
0.094000, 5553
0.094000, 5552
0.094000, 5551
0.094000, 5550
0.094000, 5549
0.094000, 5548
0.094000, 5547
0.094000, 5546
0.094000, 5545
0.094000, 5544
0.094000, 5543
0.094000, 5542
0.094000, 5541
0.094000, 5540
0.094000, 5539
0.094000, 5538
0.094000, 5537
0.094000, 5536
0.094000, 5535
0.094000, 5534
0.094000, 5533
0.094000, 5532
0.094000, 5531
0.094000, 5530
0.094000, 5529
0.094000, 5528
0.094000, 5527
0.094000, 5526
0.094000, 5525
0.094000, 5524
0.094000, 5523
0.094000, 5522
0.094000, 5521
0.094000, 5520
0.094000, 5519
0.110000, 5518
0.110000, 5517
0.110000, 5516
0.110000, 5515
0.110000, 5514
0.110000, 5513
0.110000, 5512
0.110000, 5511
0.110000, 5510
0.110000, 5509
0.110000, 5508
0.110000, 5507
0.110000, 5506
0.110000, 5505
0.110000, 5504
0.110000, 5503
0.110000, 5502
0.110000, 5501
0.110000, 5500
0.110000, 5499
0.110000, 5498
0.110000, 5497
0.110000, 5496
0.110000, 5495
0.110000, 5494
0.110000, 5493
0.110000, 5492
0.110000, 5491
0.110000, 5490
0.110000, 5489
0.110000, 5488
0.110000, 5487
0.110000, 5486
0.110000, 5485
0.110000, 5484
0.110000, 5483
0.110000, 5482
0.110000, 5481
0.110000, 5480
0.110000, 5479
0.110000, 5478
0.110000, 5477
0.110000, 5476
0.110000, 5475
0.110000, 5474
0.110000, 5473
0.110000, 5472
0.110000, 5471
0.110000, 5470
0.110000, 5469
0.125000, 5468
0.125000, 5467
0.125000, 5466
0.125000, 5465
0.125000, 5464
0.125000, 5463
0.125000, 5462
0.125000, 5461
0.125000, 5460
0.125000, 5459
0.125000, 5458
0.125000, 5457
0.125000, 5456
0.125000, 5455
0.125000, 5454
0.125000, 5453
0.125000, 5452
0.125000, 5451
0.125000, 5450
0.125000, 5449
0.125000, 5448
0.125000, 5447
0.125000, 5446
0.125000, 5445
0.125000, 5444
0.125000, 5443
0.125000, 5442
0.125000, 5441
0.125000, 5440
0.125000, 5439
0.125000, 5438
0.125000, 5437
0.125000, 5436
0.125000, 5435
0.125000, 5434
0.125000, 5433
0.125000, 5432
0.125000, 5431
0.125000, 5430
0.141000, 5429
0.141000, 5428
0.141000, 5427
0.141000, 5426
0.141000, 5425
0.141000, 5424
0.141000, 5423
0.141000, 5422
0.141000, 5421
0.141000, 5420
0.141000, 5419
0.141000, 5418
0.141000, 5417
0.141000, 5416
0.141000, 5415
0.141000, 5414
0.141000, 5413
0.141000, 5412
0.141000, 5411
0.141000, 5410
0.141000, 5409
0.141000, 5408
0.141000, 5407
0.141000, 5406
0.141000, 5405
0.141000, 5404
0.141000, 5403
0.141000, 5402
0.141000, 5401
0.141000, 5400
0.141000, 5399
0.141000, 5398
0.141000, 5397
0.141000, 5396
0.141000, 5395
0.141000, 5394
0.141000, 5393
0.141000, 5392
0.141000, 5391
0.141000, 5390
0.141000, 5389
0.141000, 5388
0.141000, 5387
0.141000, 5386
0.157000, 5385
0.157000, 5384
0.157000, 5383
0.157000, 5382
0.157000, 5381
0.157000, 5380
0.157000, 5379
0.157000, 5378
0.157000, 5377
0.157000, 5376
0.157000, 5375
0.157000, 5374
0.157000, 5373
0.157000, 5372
0.157000, 5371
0.157000, 5370
0.157000, 5369
0.157000, 5368
0.157000, 5367
0.157000, 5366
0.157000, 5365
0.157000, 5364
0.157000, 5363
0.157000, 5362
0.157000, 5361
0.157000, 5360
0.157000, 5359
0.157000, 5358
0.157000, 5357
0.157000, 5356
0.157000, 5355
0.157000, 5354
0.157000, 5353
0.157000, 5352
0.157000, 5351
0.157000, 5350
0.157000, 5349
0.157000, 5348
0.172000, 5347
0.172000, 5346
0.172000, 5345
0.172000, 5344
0.172000, 5343
0.172000, 5342
0.172000, 5341
0.172000, 5340
0.172000, 5339
0.172000, 5338
0.172000, 5337
0.172000, 5336
0.172000, 5335
0.172000, 5334
0.172000, 5333
0.172000, 5332
0.172000, 5331
0.172000, 5330
0.172000, 5329
0.172000, 5328
0.172000, 5327
0.172000, 5326
0.172000, 5325
0.172000, 5324
0.172000, 5323
0.172000, 5322
0.172000, 5321
0.172000, 5320
0.172000, 5319
0.172000, 5318
0.172000, 5317
0.172000, 5316
0.172000, 5315
0.172000, 5314
0.172000, 5313
0.172000, 5312
0.172000, 5311
0.172000, 5310
0.172000, 5309
0.172000, 5308
0.172000, 5307
0.172000, 5306
0.188000, 5305
0.188000, 5304
0.188000, 5303
0.188000, 5302
0.188000, 5301
0.188000, 5300
0.188000, 5299
0.188000, 5298
0.188000, 5297
0.188000, 5296
0.188000, 5295
0.188000, 5294
0.188000, 5293
0.188000, 5292
0.188000, 5291
0.188000, 5290
0.188000, 5289
0.188000, 5288
0.188000, 5287
0.188000, 5286
0.188000, 5285
0.188000, 5284
0.188000, 5283
0.188000, 5282
0.188000, 5281
0.188000, 5280
0.188000, 5279
0.188000, 5278
0.188000, 5277
0.188000, 5276
0.188000, 5275
0.188000, 5274
0.188000, 5273
0.188000, 5272
0.188000, 5271
0.188000, 5270
0.188000, 5269
0.188000, 5268
0.203000, 5267
0.203000, 5266
0.203000, 5265
0.203000, 5264
0.203000, 5263
0.203000, 5262
0.203000, 5261
0.203000, 5260
0.203000, 5259
0.203000, 5258
0.203000, 5257
0.203000, 5256
0.203000, 5255
0.203000, 5254
0.203000, 5253
0.203000, 5252
0.203000, 5251
0.203000, 5250
0.203000, 5249
0.203000, 5248
0.203000, 5247
0.203000, 5246
0.203000, 5245
0.203000, 5244
0.203000, 5243
0.203000, 5242
0.203000, 5241
0.203000, 5240
0.203000, 5239
0.203000, 5238
0.203000, 5237
0.203000, 5236
0.203000, 5235
0.203000, 5234
0.203000, 5233
0.203000, 5232
0.203000, 5231
0.203000, 5230
0.203000, 5229
0.203000, 5228
0.203000, 5227
0.203000, 5226
0.203000, 5225
0.219000, 5224
0.219000, 5223
0.219000, 5222
0.219000, 5221
0.219000, 5220
0.219000, 5219
0.219000, 5218
0.219000, 5217
0.219000, 5216
0.219000, 5215
0.219000, 5214
0.219000, 5213
0.219000, 5212
0.219000, 5211
0.219000, 5210
0.219000, 5209
0.219000, 5208
0.219000, 5207
0.219000, 5206
0.219000, 5205
0.219000, 5204
0.219000, 5203
0.219000, 5202
0.219000, 5201
0.219000, 5200
0.219000, 5199
0.219000, 5198
0.219000, 5197
0.219000, 5196
0.219000, 5195
0.219000, 5194
0.219000, 5193
0.219000, 5192
0.219000, 5191
0.219000, 5190
0.219000, 5189
0.219000, 5188
0.219000, 5187
0.219000, 5186
0.219000, 5185
0.219000, 5184
0.235000, 5183
0.235000, 5182
0.235000, 5181
0.235000, 5180
0.235000, 5179
0.235000, 5178
0.235000, 5177
0.235000, 5176
0.235000, 5175
0.235000, 5174
0.235000, 5173
0.235000, 5172
0.235000, 5171
0.235000, 5170
0.235000, 5169
0.235000, 5168
0.235000, 5167
0.235000, 5166
0.235000, 5165
0.235000, 5164
0.235000, 5163
0.235000, 5162
0.235000, 5161
0.235000, 5160
0.235000, 5159
0.235000, 5158
0.235000, 5157
0.235000, 5156
0.235000, 5155
0.235000, 5154
0.235000, 5153
0.235000, 5152
0.235000, 5151
0.235000, 5150
0.235000, 5149
0.235000, 5148
0.235000, 5147
0.235000, 5146
0.235000, 5145
0.235000, 5144
0.250000, 5143
0.250000, 5142
0.250000, 5141
0.250000, 5140
0.250000, 5139
0.250000, 5138
0.250000, 5137
0.250000, 5136
0.250000, 5135
0.250000, 5134
0.250000, 5133
0.250000, 5132
0.250000, 5131
0.250000, 5130
0.250000, 5129
0.250000, 5128
0.250000, 5127
0.250000, 5126
0.250000, 5125
0.250000, 5124
0.250000, 5123
0.250000, 5122
0.250000, 5121
0.250000, 5120
0.250000, 5119
0.250000, 5118
0.250000, 5117
0.250000, 5116
0.250000, 5115
0.250000, 5114
0.250000, 5113
0.250000, 5112
0.250000, 5111
0.250000, 5110
0.250000, 5109
0.250000, 5108
0.250000, 5107
0.250000, 5106
0.250000, 5105
0.250000, 5104
0.250000, 5103
0.250000, 5102
0.266000, 5101
0.266000, 5100
0.266000, 5099
0.266000, 5098
0.266000, 5097
0.266000, 5096
0.266000, 5095
0.266000, 5094
0.266000, 5093
0.266000, 5092
0.266000, 5091
0.266000, 5090
0.266000, 5089
0.266000, 5088
0.266000, 5087
0.266000, 5086
0.266000, 5085
0.266000, 5084
0.266000, 5083
0.266000, 5082
0.266000, 5081
0.266000, 5080
0.266000, 5079
0.266000, 5078
0.266000, 5077
0.266000, 5076
0.266000, 5075
0.266000, 5074
0.266000, 5073
0.266000, 5072
0.266000, 5071
0.266000, 5070
0.266000, 5069
0.266000, 5068
0.266000, 5067
0.266000, 5066
0.266000, 5065
0.266000, 5064
0.266000, 5063
0.266000, 5062
0.266000, 5061
0.266000, 5060
0.266000, 5059
0.266000, 5058
0.282000, 5057
0.282000, 5056
0.282000, 5055
0.282000, 5054
0.282000, 5053
0.282000, 5052
0.282000, 5051
0.282000, 5050
0.282000, 5049
0.282000, 5048
0.282000, 5047
0.282000, 5046
0.282000, 5045
0.282000, 5044
0.282000, 5043
0.282000, 5042
0.282000, 5041
0.282000, 5040
0.282000, 5039
0.282000, 5038
0.282000, 5037
0.282000, 5036
0.282000, 5035
0.282000, 5034
0.282000, 5033
0.282000, 5032
0.282000, 5031
0.282000, 5030
0.282000, 5029
0.282000, 5028
0.282000, 5027
0.282000, 5026
0.282000, 5025
0.282000, 5024
0.282000, 5023
0.282000, 5022
0.282000, 5021
0.297000, 5020
0.297000, 5019
0.297000, 5018
0.297000, 5017
0.297000, 5016
0.297000, 5015
0.297000, 5014
0.297000, 5013
0.297000, 5012
0.297000, 5011
0.297000, 5010
0.297000, 5009
0.297000, 5008
0.297000, 5007
0.297000, 5006
0.297000, 5005
0.297000, 5004
0.297000, 5003
0.297000, 5002
0.297000, 5001
0.297000, 5000
0.297000, 4999
0.297000, 4998
0.297000, 4997
0.297000, 4996
0.297000, 4995
0.297000, 4994
0.297000, 4993
0.297000, 4992
0.297000, 4991
0.297000, 4990
0.297000, 4989
0.297000, 4988
0.313000, 4987
0.313000, 4986
0.313000, 4985
0.313000, 4984
0.313000, 4983
0.313000, 4982
0.313000, 4981
0.313000, 4980
0.313000, 4979
0.313000, 4978
0.313000, 4977
0.313000, 4976
0.313000, 4975
0.313000, 4974
0.313000, 4973
0.313000, 4972
0.313000, 4971
0.313000, 4970
0.313000, 4969
0.313000, 4968
0.313000, 4967
0.313000, 4966
0.313000, 4965
0.313000, 4964
0.313000, 4963
0.313000, 4962
0.313000, 4961
0.313000, 4960
0.313000, 4959
0.313000, 4958
0.313000, 4957
0.328000, 4956
0.328000, 4955
0.328000, 4954
0.328000, 4953
0.328000, 4952
0.328000, 4951
0.328000, 4950
0.328000, 4949
0.328000, 4948
0.328000, 4947
0.328000, 4946
0.328000, 4945
0.328000, 4944
0.328000, 4943
0.328000, 4942
0.328000, 4941
0.328000, 4940
0.328000, 4939
0.328000, 4938
0.328000, 4937
0.328000, 4936
0.328000, 4935
0.328000, 4934
0.344000, 4933
0.344000, 4932
0.344000, 4931
0.344000, 4930
0.344000, 4929
0.344000, 4928
0.344000, 4927
0.344000, 4926
0.344000, 4925
0.344000, 4924
0.344000, 4923
0.344000, 4922
0.344000, 4921
0.344000, 4920
0.344000, 4919
0.344000, 4918
0.344000, 4917
0.344000, 4916
0.344000, 4915
0.344000, 4914
0.344000, 4913
0.344000, 4912
0.344000, 4911
0.344000, 4910
0.344000, 4909
0.344000, 4908
0.344000, 4907
0.344000, 4906
0.344000, 4905
0.344000, 4904
0.344000, 4903
0.344000, 4902
0.344000, 4901
0.344000, 4900
0.344000, 4899
0.344000, 4898
0.344000, 4897
0.344000, 4896
0.344000, 4895
0.344000, 4894
0.344000, 4893
0.344000, 4892
0.344000, 4891
0.344000, 4890
0.344000, 4889
0.344000, 4888
0.344000, 4887
0.344000, 4886
0.344000, 4885
0.344000, 4884
0.344000, 4883
0.344000, 4882
0.344000, 4881
0.344000, 4880
0.344000, 4879
0.344000, 4878
0.344000, 4877
0.344000, 4876
0.360000, 4875
0.360000, 4874
0.360000, 4873
0.360000, 4872
0.360000, 4871
0.360000, 4870
0.360000, 4869
0.360000, 4868
0.360000, 4867
0.360000, 4866
0.360000, 4865
0.360000, 4864
0.360000, 4863
0.360000, 4862
0.360000, 4861
0.360000, 4860
0.360000, 4859
0.360000, 4858
0.360000, 4857
0.360000, 4856
0.360000, 4855
0.360000, 4854
0.360000, 4853
0.360000, 4852
0.360000, 4851
0.360000, 4850
0.360000, 4849
0.360000, 4848
0.360000, 4847
0.360000, 4846
0.360000, 4845
0.360000, 4844
0.360000, 4843
0.360000, 4842
0.360000, 4841
0.360000, 4840
0.360000, 4839
0.360000, 4838
0.360000, 4837
0.360000, 4836
0.360000, 4835
0.360000, 4834
0.360000, 4833
0.375000, 4832
0.375000, 4831
0.375000, 4830
0.375000, 4829
0.375000, 4828
0.375000, 4827
0.375000, 4826
0.375000, 4825
0.375000, 4824
0.375000, 4823
0.375000, 4822
0.375000, 4821
0.375000, 4820
0.375000, 4819
0.375000, 4818
0.375000, 4817
0.375000, 4816
0.375000, 4815
0.375000, 4814
0.375000, 4813
0.375000, 4812
0.375000, 4811
0.375000, 4810
0.375000, 4809
0.375000, 4808
0.375000, 4807
0.375000, 4806
0.375000, 4805
0.375000, 4804
0.375000, 4803
0.375000, 4802
0.375000, 4801
0.375000, 4800
0.375000, 4799
0.375000, 4798
0.375000, 4797
0.375000, 4796
0.375000, 4795
0.375000, 4794
0.375000, 4793
0.375000, 4792
0.375000, 4791
0.375000, 4790
0.375000, 4789
0.375000, 4788
0.375000, 4787
0.375000, 4786
0.375000, 4785
0.375000, 4784
0.375000, 4783
0.375000, 4782
0.375000, 4781
0.375000, 4780
0.375000, 4779
0.391000, 4778
0.391000, 4777
0.391000, 4776
0.391000, 4775
0.391000, 4774
0.391000, 4773
0.391000, 4772
0.391000, 4771
0.391000, 4770
0.391000, 4769
0.391000, 4768
0.391000, 4767
0.391000, 4766
0.391000, 4765
0.391000, 4764
0.391000, 4763
0.391000, 4762
0.391000, 4761
0.391000, 4760
0.391000, 4759
0.391000, 4758
0.391000, 4757
0.391000, 4756
0.391000, 4755
0.391000, 4754
0.391000, 4753
0.391000, 4752
0.391000, 4751
0.391000, 4750
0.391000, 4749
0.391000, 4748
0.391000, 4747
0.391000, 4746
0.407000, 4745
0.407000, 4744
0.407000, 4743
0.407000, 4742
0.407000, 4741
0.407000, 4740
0.407000, 4739
0.407000, 4738
0.407000, 4737
0.407000, 4736
0.407000, 4735
0.407000, 4734
0.407000, 4733
0.407000, 4732
0.407000, 4731
0.407000, 4730
0.407000, 4729
0.407000, 4728
0.407000, 4727
0.407000, 4726
0.407000, 4725
0.407000, 4724
0.407000, 4723
0.407000, 4722
0.407000, 4721
0.407000, 4720
0.407000, 4719
0.407000, 4718
0.407000, 4717
0.407000, 4716
0.407000, 4715
0.407000, 4714
0.407000, 4713
0.407000, 4712
0.422000, 4711
0.422000, 4710
0.422000, 4709
0.422000, 4708
0.422000, 4707
0.422000, 4706
0.422000, 4705
0.422000, 4704
0.422000, 4703
0.422000, 4702
0.422000, 4701
0.422000, 4700
0.422000, 4699
0.422000, 4698
0.422000, 4697
0.422000, 4696
0.422000, 4695
0.422000, 4694
0.422000, 4693
0.422000, 4692
0.422000, 4691
0.422000, 4690
0.422000, 4689
0.422000, 4688
0.422000, 4687
0.422000, 4686
0.422000, 4685
0.422000, 4684
0.422000, 4683
0.422000, 4682
0.422000, 4681
0.422000, 4680
0.422000, 4679
0.422000, 4678
0.422000, 4677
0.422000, 4676
0.422000, 4675
0.422000, 4674
0.422000, 4673
0.422000, 4672
0.438000, 4671
0.438000, 4670
0.438000, 4669
0.438000, 4668
0.438000, 4667
0.438000, 4666
0.438000, 4665
0.438000, 4664
0.438000, 4663
0.438000, 4662
0.438000, 4661
0.438000, 4660
0.438000, 4659
0.438000, 4658
0.438000, 4657
0.438000, 4656
0.438000, 4655
0.438000, 4654
0.438000, 4653
0.438000, 4652
0.438000, 4651
0.438000, 4650
0.438000, 4649
0.438000, 4648
0.438000, 4647
0.438000, 4646
0.438000, 4645
0.438000, 4644
0.438000, 4643
0.438000, 4642
0.438000, 4641
0.438000, 4640
0.438000, 4639
0.438000, 4638
0.438000, 4637
0.438000, 4636
0.438000, 4635
0.438000, 4634
0.438000, 4633
0.438000, 4632
0.438000, 4631
0.438000, 4630
0.438000, 4629
0.453000, 4628
0.453000, 4627
0.453000, 4626
0.453000, 4625
0.453000, 4624
0.453000, 4623
0.453000, 4622
0.453000, 4621
0.453000, 4620
0.453000, 4619
0.453000, 4618
0.453000, 4617
0.453000, 4616
0.453000, 4615
0.453000, 4614
0.453000, 4613
0.453000, 4612
0.453000, 4611
0.453000, 4610
0.453000, 4609
0.453000, 4608
0.453000, 4607
0.453000, 4606
0.453000, 4605
0.453000, 4604
0.453000, 4603
0.453000, 4602
0.453000, 4601
0.453000, 4600
0.453000, 4599
0.453000, 4598
0.453000, 4597
0.453000, 4596
0.453000, 4595
0.453000, 4594
0.453000, 4593
0.469000, 4592
0.469000, 4591
0.469000, 4590
0.469000, 4589
0.469000, 4588
0.469000, 4587
0.469000, 4586
0.469000, 4585
0.469000, 4584
0.469000, 4583
0.469000, 4582
0.469000, 4581
0.469000, 4580
0.469000, 4579
0.469000, 4578
0.469000, 4577
0.469000, 4576
0.469000, 4575
0.469000, 4574
0.469000, 4573
0.469000, 4572
0.469000, 4571
0.469000, 4570
0.469000, 4569
0.469000, 4568
0.469000, 4567
0.469000, 4566
0.469000, 4565
0.469000, 4564
0.469000, 4563
0.469000, 4562
0.469000, 4561
0.469000, 4560
0.469000, 4559
0.469000, 4558
0.469000, 4557
0.469000, 4556
0.469000, 4555
0.469000, 4554
0.469000, 4553
0.469000, 4552
0.469000, 4551
0.469000, 4550
0.469000, 4549
0.469000, 4548
0.469000, 4547
0.485000, 4546
0.485000, 4545
0.485000, 4544
0.485000, 4543
0.485000, 4542
0.485000, 4541
0.485000, 4540
0.485000, 4539
0.485000, 4538
0.485000, 4537
0.485000, 4536
0.485000, 4535
0.485000, 4534
0.485000, 4533
0.485000, 4532
0.485000, 4531
0.485000, 4530
0.485000, 4529
0.485000, 4528
0.485000, 4527
0.485000, 4526
0.485000, 4525
0.485000, 4524
0.485000, 4523
0.485000, 4522
0.485000, 4521
0.485000, 4520
0.485000, 4519
0.485000, 4518
0.485000, 4517
0.485000, 4516
0.485000, 4515
0.485000, 4514
0.485000, 4513
0.485000, 4512
0.500000, 4511
0.500000, 4510
0.500000, 4509
0.500000, 4508
0.500000, 4507
0.500000, 4506
0.500000, 4505
0.500000, 4504
0.500000, 4503
0.500000, 4502
0.500000, 4501
0.500000, 4500
0.500000, 4499
0.500000, 4498
0.500000, 4497
0.500000, 4496
0.500000, 4495
0.500000, 4494
0.500000, 4493
0.500000, 4492
0.500000, 4491
0.500000, 4490
0.500000, 4489
0.500000, 4488
0.500000, 4487
0.516000, 4486
0.516000, 4485
0.516000, 4484
0.516000, 4483
0.516000, 4482
0.516000, 4481
0.516000, 4480
0.516000, 4479
0.516000, 4478
0.516000, 4477
0.516000, 4476
0.516000, 4475
0.516000, 4474
0.516000, 4473
0.516000, 4472
0.516000, 4471
0.516000, 4470
0.516000, 4469
0.516000, 4468
0.516000, 4467
0.516000, 4466
0.516000, 4465
0.532000, 4464
0.532000, 4463
0.532000, 4462
0.532000, 4461
0.532000, 4460
0.532000, 4459
0.532000, 4458
0.532000, 4457
0.532000, 4456
0.532000, 4455
0.532000, 4454
0.532000, 4453
0.532000, 4452
0.532000, 4451
0.532000, 4450
0.532000, 4449
0.532000, 4448
0.532000, 4447
0.532000, 4446
0.532000, 4445
0.532000, 4444
0.532000, 4443
0.532000, 4442
0.532000, 4441
0.532000, 4440
0.532000, 4439
0.547000, 4438
0.547000, 4437
0.547000, 4436
0.547000, 4435
0.547000, 4434
0.547000, 4433
0.547000, 4432
0.547000, 4431
0.547000, 4430
0.547000, 4429
0.547000, 4428
0.547000, 4427
0.547000, 4426
0.547000, 4425
0.547000, 4424
0.547000, 4423
0.547000, 4422
0.563000, 4421
0.563000, 4420
0.563000, 4419
0.563000, 4418
0.563000, 4417
0.563000, 4416
0.563000, 4415
0.563000, 4414
0.563000, 4413
0.563000, 4412
0.563000, 4411
0.563000, 4410
0.563000, 4409
0.563000, 4408
0.563000, 4407
0.563000, 4406
0.563000, 4405
0.563000, 4404
0.578000, 4403
0.578000, 4402
0.578000, 4401
0.578000, 4400
0.578000, 4399
0.578000, 4398
0.578000, 4397
0.578000, 4396
0.578000, 4395
0.578000, 4394
0.578000, 4393
0.578000, 4392
0.578000, 4391
0.578000, 4390
0.578000, 4389
0.578000, 4388
0.578000, 4387
0.578000, 4386
0.578000, 4385
0.578000, 4384
0.578000, 4383
0.578000, 4382
0.594000, 4381
0.594000, 4380
0.594000, 4379
0.594000, 4378
0.594000, 4377
0.594000, 4376
0.594000, 4375
0.594000, 4374
0.594000, 4373
0.594000, 4372
0.594000, 4371
0.594000, 4370
0.594000, 4369
0.594000, 4368
0.594000, 4367
0.594000, 4366
0.594000, 4365
0.610000, 4364
0.610000, 4363
0.610000, 4362
0.610000, 4361
0.610000, 4360
0.610000, 4359
0.610000, 4358
0.610000, 4357
0.610000, 4356
0.610000, 4355
0.610000, 4354
0.610000, 4353
0.610000, 4352
0.610000, 4351
0.625000, 4350
0.625000, 4349
0.625000, 4348
0.625000, 4347
0.625000, 4346
0.625000, 4345
0.625000, 4344
0.625000, 4343
0.625000, 4342
0.625000, 4341
0.625000, 4340
0.625000, 4339
0.641000, 4338
0.641000, 4337
0.641000, 4336
0.641000, 4335
0.641000, 4334
0.641000, 4333
0.641000, 4332
0.641000, 4331
0.641000, 4330
0.641000, 4329
0.641000, 4328
0.641000, 4327
0.641000, 4326
0.641000, 4325
0.641000, 4324
0.641000, 4323
0.641000, 4322
0.657000, 4321
0.657000, 4320
0.657000, 4319
0.657000, 4318
0.657000, 4317
0.657000, 4316
0.657000, 4315
0.657000, 4314
0.657000, 4313
0.657000, 4312
0.657000, 4311
0.657000, 4310
0.672000, 4309
0.672000, 4308
0.672000, 4307
0.672000, 4306
0.672000, 4305
0.672000, 4304
0.672000, 4303
0.672000, 4302
0.672000, 4301
0.672000, 4300
0.672000, 4299
0.672000, 4298
0.672000, 4297
0.688000, 4296
0.688000, 4295
0.688000, 4294
0.688000, 4293
0.688000, 4292
0.688000, 4291
0.688000, 4290
0.688000, 4289
0.688000, 4288
0.688000, 4287
0.688000, 4286
0.688000, 4285
0.688000, 4284
0.688000, 4283
0.688000, 4282
0.688000, 4281
0.703000, 4280
0.703000, 4279
0.703000, 4278
0.703000, 4277
0.703000, 4276
0.703000, 4275
0.703000, 4274
0.703000, 4273
0.703000, 4272
0.703000, 4271
0.703000, 4270
0.703000, 4269
0.703000, 4268
0.703000, 4267
0.703000, 4266
0.703000, 4265
0.703000, 4264
0.719000, 4263
0.719000, 4262
0.719000, 4261
0.719000, 4260
0.719000, 4259
0.719000, 4258
0.719000, 4257
0.719000, 4256
0.719000, 4255
0.735000, 4254
0.735000, 4253
0.735000, 4252
0.735000, 4251
0.735000, 4250
0.735000, 4249
0.735000, 4248
0.735000, 4247
0.750000, 4246
0.750000, 4245
0.750000, 4244
0.750000, 4243
0.750000, 4242
0.750000, 4241
0.750000, 4240
0.750000, 4239
0.750000, 4238
0.750000, 4237
0.750000, 4236
0.766000, 4235
0.766000, 4234
0.766000, 4233
0.766000, 4232
0.766000, 4231
0.766000, 4230
0.766000, 4229
0.766000, 4228
0.766000, 4227
0.766000, 4226
0.782000, 4225
0.782000, 4224
0.782000, 4223
0.782000, 4222
0.782000, 4221
0.782000, 4220
0.782000, 4219
0.782000, 4218
0.782000, 4217
0.782000, 4216
0.782000, 4215
0.782000, 4214
0.797000, 4213
0.797000, 4212
0.797000, 4211
0.797000, 4210
0.797000, 4209
0.797000, 4208
0.797000, 4207
0.797000, 4206
0.813000, 4205
0.813000, 4204
0.813000, 4203
0.813000, 4202
0.813000, 4201
0.813000, 4200
0.813000, 4199
0.813000, 4198
0.813000, 4197
0.813000, 4196
0.813000, 4195
0.813000, 4194
0.828000, 4193
0.828000, 4192
0.828000, 4191
0.828000, 4190
0.828000, 4189
0.828000, 4188
0.844000, 4187
0.844000, 4186
0.844000, 4185
0.844000, 4184
0.844000, 4183
0.844000, 4182
0.844000, 4181
0.860000, 4180
0.860000, 4179
0.860000, 4178
0.860000, 4177
0.860000, 4176
0.860000, 4175
0.860000, 4174
0.875000, 4173
0.875000, 4172
0.875000, 4171
0.875000, 4170
0.891000, 4169
0.891000, 4168
0.891000, 4167
0.907000, 4166
0.907000, 4165
0.907000, 4164
0.907000, 4163
0.907000, 4162
0.907000, 4161
0.907000, 4160
0.907000, 4159
0.907000, 4158
0.922000, 4157
0.922000, 4156
0.922000, 4155
0.922000, 4154
0.922000, 4153
0.938000, 4152
0.938000, 4151
0.938000, 4150
0.953000, 4149
0.953000, 4148
0.953000, 4147
0.953000, 4146
0.953000, 4145
0.953000, 4144
0.953000, 4143
0.969000, 4142
0.969000, 4141
0.969000, 4140
0.985000, 4139
0.985000, 4138
0.985000, 4137
1.000000, 4136
1.000000, 4135
1.000000, 4134
1.000000, 4133
1.016000, 4132
1.016000, 4131
1.016000, 4130
1.016000, 4129
1.016000, 4128
1.016000, 4127
1.016000, 4126
1.032000, 4125
1.032000, 4124
1.047000, 4123
1.063000, 4122
1.078000, 4121
1.078000, 4120
1.094000, 4119
1.094000, 4118
1.094000, 4117
1.110000, 4116
1.110000, 4115
1.125000, 4114
1.125000, 4113
1.141000, 4112
1.157000, 4111
1.157000, 4110
1.157000, 4109
1.172000, 4108
1.172000, 4107
1.172000, 4106
1.203000, 4105
1.203000, 4104
1.203000, 4103
1.250000, 4102
1.266000, 4101
1.297000, 4100
1.360000, 4099
1.375000, 4098
1.391000, 4097
1.407000, 4096
1.438000, 4095
1.438000, 4094
1.438000, 4093
1.453000, 4092
1.579000, 4091
1.954000, 4090
2.047000, 4089
2.172000, 4088
2.532000, 4087
