0.019000, 5781
0.022000, 5780
0.022000, 5779
0.038000, 5778
0.038000, 5777
0.038000, 5776
0.039000, 5775
0.039000, 5774
0.039000, 5773
0.039000, 5772
0.039000, 5771
0.040000, 5770
0.041000, 5769
0.041000, 5768
0.041000, 5767
0.041000, 5766
0.042000, 5765
0.042000, 5764
0.042000, 5763
0.043000, 5762
0.043000, 5761
0.043000, 5760
0.044000, 5759
0.044000, 5758
0.045000, 5757
0.045000, 5756
0.045000, 5755
0.045000, 5754
0.046000, 5753
0.046000, 5752
0.046000, 5751
0.047000, 5750
0.047000, 5749
0.047000, 5748
0.047000, 5747
0.048000, 5746
0.048000, 5745
0.048000, 5744
0.049000, 5743
0.049000, 5742
0.049000, 5741
0.050000, 5740
0.050000, 5739
0.050000, 5738
0.051000, 5737
0.051000, 5736
0.052000, 5735
0.052000, 5734
0.052000, 5733
0.052000, 5732
0.053000, 5731
0.053000, 5730
0.053000, 5729
0.054000, 5728
0.054000, 5727
0.054000, 5726
0.055000, 5725
0.055000, 5724
0.055000, 5723
0.056000, 5722
0.056000, 5721
0.057000, 5720
0.057000, 5719
0.057000, 5718
0.058000, 5717
0.058000, 5716
0.058000, 5715
0.058000, 5714
0.058000, 5713
0.058000, 5712
0.059000, 5711
0.059000, 5710
0.059000, 5709
0.059000, 5708
0.060000, 5707
0.060000, 5706
0.060000, 5705
0.061000, 5704
0.061000, 5703
0.061000, 5702
0.061000, 5701
0.062000, 5700
0.062000, 5699
0.062000, 5698
0.062000, 5697
0.063000, 5696
0.063000, 5695
0.063000, 5694
0.064000, 5693
0.064000, 5692
0.064000, 5691
0.064000, 5690
0.064000, 5689
0.065000, 5688
0.065000, 5687
0.065000, 5686
0.066000, 5685
0.066000, 5684
0.066000, 5683
0.067000, 5682
0.067000, 5681
0.067000, 5680
0.067000, 5679
0.068000, 5678
0.068000, 5677
0.068000, 5676
0.068000, 5675
0.068000, 5674
0.069000, 5673
0.069000, 5672
0.069000, 5671
0.069000, 5670
0.070000, 5669
0.070000, 5668
0.070000, 5667
0.070000, 5666
0.071000, 5665
0.071000, 5664
0.071000, 5663
0.072000, 5662
0.072000, 5661
0.072000, 5660
0.072000, 5659
0.073000, 5658
0.073000, 5657
0.073000, 5656
0.073000, 5655
0.074000, 5654
0.074000, 5653
0.075000, 5652
0.075000, 5651
0.075000, 5650
0.076000, 5649
0.076000, 5648
0.076000, 5647
0.077000, 5646
0.077000, 5645
0.077000, 5644
0.077000, 5643
0.077000, 5642
0.078000, 5641
0.078000, 5640
0.078000, 5639
0.079000, 5638
0.079000, 5637
0.079000, 5636
0.080000, 5635
0.080000, 5634
0.080000, 5633
0.080000, 5632
0.081000, 5631
0.081000, 5630
0.081000, 5629
0.081000, 5628
0.082000, 5627
0.082000, 5626
0.082000, 5625
0.082000, 5624
0.082000, 5623
0.083000, 5622
0.083000, 5621
0.083000, 5620
0.083000, 5619
0.084000, 5618
0.084000, 5617
0.085000, 5616
0.085000, 5615
0.085000, 5614
0.086000, 5613
0.086000, 5612
0.086000, 5611
0.087000, 5610
0.087000, 5609
0.088000, 5608
0.088000, 5607
0.088000, 5606
0.088000, 5605
0.089000, 5604
0.089000, 5603
0.089000, 5602
0.090000, 5601
0.090000, 5600
0.090000, 5599
0.091000, 5598
0.091000, 5597
0.092000, 5596
0.093000, 5595
0.093000, 5594
0.093000, 5593
0.093000, 5592
0.093000, 5591
0.094000, 5590
0.094000, 5589
0.094000, 5588
0.095000, 5587
0.095000, 5586
0.095000, 5585
0.095000, 5584
0.096000, 5583
0.096000, 5582
0.096000, 5581
0.097000, 5580
0.098000, 5579
0.098000, 5578
0.098000, 5577
0.099000, 5576
0.099000, 5575
0.100000, 5574
0.100000, 5573
0.100000, 5572
0.100000, 5571
0.100000, 5570
0.101000, 5569
0.101000, 5568
0.101000, 5567
0.101000, 5566
0.101000, 5565
0.102000, 5564
0.102000, 5563
0.102000, 5562
0.102000, 5561
0.103000, 5560
0.103000, 5559
0.104000, 5558
0.104000, 5557
0.105000, 5556
0.105000, 5555
0.105000, 5554
0.106000, 5553
0.106000, 5552
0.106000, 5551
0.107000, 5550
0.107000, 5549
0.107000, 5548
0.107000, 5547
0.108000, 5546
0.108000, 5545
0.108000, 5544
0.108000, 5543
0.109000, 5542
0.109000, 5541
0.109000, 5540
0.109000, 5539
0.110000, 5538
0.111000, 5537
0.111000, 5536
0.112000, 5535
0.112000, 5534
0.112000, 5533
0.113000, 5532
0.113000, 5531
0.114000, 5530
0.114000, 5529
0.114000, 5528
0.114000, 5527
0.114000, 5526
0.115000, 5525
0.115000, 5524
0.115000, 5523
0.116000, 5522
0.116000, 5521
0.116000, 5520
0.117000, 5519
0.117000, 5518
0.117000, 5517
0.118000, 5516
0.118000, 5515
0.118000, 5514
0.119000, 5513
0.119000, 5512
0.120000, 5511
0.120000, 5510
0.121000, 5509
0.121000, 5508
0.122000, 5507
0.123000, 5506
0.123000, 5505
0.124000, 5504
0.124000, 5503
0.124000, 5502
0.124000, 5501
0.125000, 5500
0.125000, 5499
0.125000, 5498
0.125000, 5497
0.125000, 5496
0.126000, 5495
0.126000, 5494
0.126000, 5493
0.127000, 5492
0.127000, 5491
0.128000, 5490
0.128000, 5489
0.128000, 5488
0.128000, 5487
0.128000, 5486
0.129000, 5485
0.129000, 5484
0.129000, 5483
0.129000, 5482
0.130000, 5481
0.130000, 5480
0.131000, 5479
0.132000, 5478
0.132000, 5477
0.132000, 5476
0.132000, 5475
0.133000, 5474
0.133000, 5473
0.133000, 5472
0.134000, 5471
0.134000, 5470
0.134000, 5469
0.135000, 5468
0.136000, 5467
0.136000, 5466
0.137000, 5465
0.137000, 5464
0.138000, 5463
0.138000, 5462
0.138000, 5461
0.138000, 5460
0.138000, 5459
0.139000, 5458
0.139000, 5457
0.140000, 5456
0.140000, 5455
0.141000, 5454
0.141000, 5453
0.141000, 5452
0.141000, 5451
0.142000, 5450
0.143000, 5449
0.143000, 5448
0.143000, 5447
0.144000, 5446
0.144000, 5445
0.144000, 5444
0.144000, 5443
0.144000, 5442
0.145000, 5441
0.145000, 5440
0.145000, 5439
0.146000, 5438
0.146000, 5437
0.146000, 5436
0.146000, 5435
0.147000, 5434
0.147000, 5433
0.147000, 5432
0.148000, 5431
0.148000, 5430
0.149000, 5429
0.149000, 5428
0.149000, 5427
0.150000, 5426
0.150000, 5425
0.150000, 5424
0.151000, 5423
0.151000, 5422
0.152000, 5421
0.152000, 5420
0.153000, 5419
0.153000, 5418
0.153000, 5417
0.153000, 5416
0.154000, 5415
0.154000, 5414
0.154000, 5413
0.155000, 5412
0.155000, 5411
0.156000, 5410
0.156000, 5409
0.156000, 5408
0.156000, 5407
0.157000, 5406
0.157000, 5405
0.158000, 5404
0.158000, 5403
0.158000, 5402
0.159000, 5401
0.159000, 5400
0.159000, 5399
0.160000, 5398
0.160000, 5397
0.160000, 5396
0.161000, 5395
0.162000, 5394
0.162000, 5393
0.162000, 5392
0.162000, 5391
0.163000, 5390
0.163000, 5389
0.163000, 5388
0.163000, 5387
0.164000, 5386
0.164000, 5385
0.164000, 5384
0.165000, 5383
0.165000, 5382
0.166000, 5381
0.166000, 5380
0.166000, 5379
0.167000, 5378
0.167000, 5377
0.168000, 5376
0.169000, 5375
0.169000, 5374
0.169000, 5373
0.169000, 5372
0.170000, 5371
0.170000, 5370
0.170000, 5369
0.171000, 5368
0.171000, 5367
0.171000, 5366
0.171000, 5365
0.172000, 5364
0.172000, 5363
0.172000, 5362
0.173000, 5361
0.173000, 5360
0.173000, 5359
0.173000, 5358
0.173000, 5357
0.173000, 5356
0.173000, 5355
0.174000, 5354
0.174000, 5353
0.175000, 5352
0.175000, 5351
0.176000, 5350
0.176000, 5349
0.176000, 5348
0.176000, 5347
0.177000, 5346
0.177000, 5345
0.177000, 5344
0.177000, 5343
0.178000, 5342
0.178000, 5341
0.178000, 5340
0.179000, 5339
0.179000, 5338
0.179000, 5337
0.180000, 5336
0.180000, 5335
0.180000, 5334
0.180000, 5333
0.180000, 5332
0.181000, 5331
0.181000, 5330
0.181000, 5329
0.182000, 5328
0.182000, 5327
0.182000, 5326
0.182000, 5325
0.183000, 5324
0.183000, 5323
0.184000, 5322
0.185000, 5321
0.185000, 5320
0.185000, 5319
0.186000, 5318
0.186000, 5317
0.186000, 5316
0.187000, 5315
0.187000, 5314
0.187000, 5313
0.188000, 5312
0.188000, 5311
0.188000, 5310
0.188000, 5309
0.189000, 5308
0.189000, 5307
0.190000, 5306
0.190000, 5305
0.191000, 5304
0.191000, 5303
0.191000, 5302
0.191000, 5301
0.191000, 5300
0.192000, 5299
0.193000, 5298
0.193000, 5297
0.193000, 5296
0.193000, 5295
0.194000, 5294
0.195000, 5293
0.195000, 5292
0.196000, 5291
0.196000, 5290
0.197000, 5289
0.197000, 5288
0.197000, 5287
0.197000, 5286
0.197000, 5285
0.198000, 5284
0.199000, 5283
0.199000, 5282
0.200000, 5281
0.200000, 5280
0.200000, 5279
0.202000, 5278
0.203000, 5277
0.203000, 5276
0.203000, 5275
0.203000, 5274
0.203000, 5273
0.204000, 5272
0.204000, 5271
0.204000, 5270
0.205000, 5269
0.205000, 5268
0.205000, 5267
0.205000, 5266
0.206000, 5265
0.207000, 5264
0.207000, 5263
0.207000, 5262
0.207000, 5261
0.208000, 5260
0.208000, 5259
0.208000, 5258
0.208000, 5257
0.209000, 5256
0.209000, 5255
0.209000, 5254
0.210000, 5253
0.210000, 5252
0.210000, 5251
0.211000, 5250
0.211000, 5249
0.211000, 5248
0.212000, 5247
0.212000, 5246
0.213000, 5245
0.213000, 5244
0.214000, 5243
0.214000, 5242
0.215000, 5241
0.215000, 5240
0.215000, 5239
0.215000, 5238
0.216000, 5237
0.216000, 5236
0.216000, 5235
0.216000, 5234
0.217000, 5233
0.217000, 5232
0.217000, 5231
0.218000, 5230
0.218000, 5229
0.218000, 5228
0.218000, 5227
0.218000, 5226
0.219000, 5225
0.219000, 5224
0.220000, 5223
0.220000, 5222
0.220000, 5221
0.221000, 5220
0.221000, 5219
0.221000, 5218
0.221000, 5217
0.222000, 5216
0.222000, 5215
0.223000, 5214
0.223000, 5213
0.223000, 5212
0.224000, 5211
0.224000, 5210
0.224000, 5209
0.225000, 5208
0.225000, 5207
0.226000, 5206
0.226000, 5205
0.227000, 5204
0.227000, 5203
0.227000, 5202
0.228000, 5201
0.228000, 5200
0.228000, 5199
0.229000, 5198
0.229000, 5197
0.230000, 5196
0.230000, 5195
0.230000, 5194
0.231000, 5193
0.231000, 5192
0.232000, 5191
0.232000, 5190
0.233000, 5189
0.233000, 5188
0.234000, 5187
0.234000, 5186
0.234000, 5185
0.234000, 5184
0.235000, 5183
0.235000, 5182
0.235000, 5181
0.236000, 5180
0.236000, 5179
0.236000, 5178
0.236000, 5177
0.237000, 5176
0.237000, 5175
0.238000, 5174
0.238000, 5173
0.238000, 5172
0.239000, 5171
0.239000, 5170
0.239000, 5169
0.240000, 5168
0.240000, 5167
0.240000, 5166
0.241000, 5165
0.241000, 5164
0.242000, 5163
0.242000, 5162
0.243000, 5161
0.243000, 5160
0.243000, 5159
0.244000, 5158
0.244000, 5157
0.244000, 5156
0.244000, 5155
0.245000, 5154
0.245000, 5153
0.245000, 5152
0.245000, 5151
0.246000, 5150
0.246000, 5149
0.246000, 5148
0.247000, 5147
0.247000, 5146
0.247000, 5145
0.247000, 5144
0.248000, 5143
0.248000, 5142
0.249000, 5141
0.249000, 5140
0.250000, 5139
0.250000, 5138
0.251000, 5137
0.251000, 5136
0.251000, 5135
0.252000, 5134
0.252000, 5133
0.253000, 5132
0.253000, 5131
0.253000, 5130
0.253000, 5129
0.254000, 5128
0.254000, 5127
0.254000, 5126
0.254000, 5125
0.255000, 5124
0.255000, 5123
0.255000, 5122
0.256000, 5121
0.257000, 5120
0.258000, 5119
0.258000, 5118
0.259000, 5117
0.260000, 5116
0.260000, 5115
0.261000, 5114
0.261000, 5113
0.261000, 5112
0.262000, 5111
0.262000, 5110
0.262000, 5109
0.262000, 5108
0.263000, 5107
0.264000, 5106
0.264000, 5105
0.265000, 5104
0.265000, 5103
0.266000, 5102
0.266000, 5101
0.266000, 5100
0.267000, 5099
0.267000, 5098
0.267000, 5097
0.268000, 5096
0.268000, 5095
0.268000, 5094
0.268000, 5093
0.269000, 5092
0.269000, 5091
0.270000, 5090
0.270000, 5089
0.270000, 5088
0.270000, 5087
0.271000, 5086
0.271000, 5085
0.271000, 5084
0.272000, 5083
0.272000, 5082
0.272000, 5081
0.273000, 5080
0.273000, 5079
0.274000, 5078
0.274000, 5077
0.275000, 5076
0.275000, 5075
0.275000, 5074
0.275000, 5073
0.275000, 5072
0.276000, 5071
0.276000, 5070
0.276000, 5069
0.277000, 5068
0.277000, 5067
0.277000, 5066
0.277000, 5065
0.277000, 5064
0.277000, 5063
0.278000, 5062
0.278000, 5061
0.278000, 5060
0.278000, 5059
0.278000, 5058
0.279000, 5057
0.279000, 5056
0.279000, 5055
0.280000, 5054
0.281000, 5053
0.281000, 5052
0.281000, 5051
0.281000, 5050
0.282000, 5049
0.282000, 5048
0.282000, 5047
0.282000, 5046
0.283000, 5045
0.283000, 5044
0.284000, 5043
0.284000, 5042
0.284000, 5041
0.285000, 5040
0.285000, 5039
0.286000, 5038
0.286000, 5037
0.287000, 5036
0.287000, 5035
0.287000, 5034
0.287000, 5033
0.288000, 5032
0.288000, 5031
0.288000, 5030
0.289000, 5029
0.289000, 5028
0.290000, 5027
0.290000, 5026
0.290000, 5025
0.291000, 5024
0.291000, 5023
0.291000, 5022
0.292000, 5021
0.292000, 5020
0.293000, 5019
0.294000, 5018
0.294000, 5017
0.294000, 5016
0.295000, 5015
0.295000, 5014
0.297000, 5013
0.298000, 5012
0.298000, 5011
0.298000, 5010
0.299000, 5009
0.299000, 5008
0.300000, 5007
0.300000, 5006
0.301000, 5005
0.301000, 5004
0.301000, 5003
0.302000, 5002
0.302000, 5001
0.303000, 5000
0.304000, 4999
0.304000, 4998
0.304000, 4997
0.305000, 4996
0.305000, 4995
0.306000, 4994
0.306000, 4993
0.306000, 4992
0.308000, 4991
0.308000, 4990
0.308000, 4989
0.310000, 4988
0.310000, 4987
0.310000, 4986
0.311000, 4985
0.311000, 4984
0.312000, 4983
0.313000, 4982
0.314000, 4981
0.314000, 4980
0.314000, 4979
0.314000, 4978
0.316000, 4977
0.316000, 4976
0.317000, 4975
0.319000, 4974
0.319000, 4973
0.319000, 4972
0.319000, 4971
0.320000, 4970
0.320000, 4969
0.320000, 4968
0.322000, 4967
0.322000, 4966
0.323000, 4965
0.323000, 4964
0.323000, 4963
0.323000, 4962
0.324000, 4961
0.324000, 4960
0.325000, 4959
0.325000, 4958
0.326000, 4957
0.326000, 4956
0.326000, 4955
0.327000, 4954
0.327000, 4953
0.327000, 4952
0.327000, 4951
0.328000, 4950
0.328000, 4949
0.328000, 4948
0.329000, 4947
0.329000, 4946
0.329000, 4945
0.329000, 4944
0.330000, 4943
0.330000, 4942
0.330000, 4941
0.331000, 4940
0.332000, 4939
0.332000, 4938
0.333000, 4937
0.333000, 4936
0.334000, 4935
0.334000, 4934
0.336000, 4933
0.336000, 4932
0.336000, 4931
0.337000, 4930
0.337000, 4929
0.339000, 4928
0.339000, 4927
0.339000, 4926
0.340000, 4925
0.341000, 4924
0.341000, 4923
0.342000, 4922
0.343000, 4921
0.344000, 4920
0.345000, 4919
0.348000, 4918
0.348000, 4917
0.348000, 4916
0.349000, 4915
0.349000, 4914
0.349000, 4913
0.350000, 4912
0.351000, 4911
0.351000, 4910
0.352000, 4909
0.352000, 4908
0.352000, 4907
0.353000, 4906
0.353000, 4905
0.354000, 4904
0.354000, 4903
0.354000, 4902
0.355000, 4901
0.355000, 4900
0.355000, 4899
0.355000, 4898
0.356000, 4897
0.356000, 4896
0.356000, 4895
0.357000, 4894
0.357000, 4893
0.357000, 4892
0.357000, 4891
0.358000, 4890
0.359000, 4889
0.359000, 4888
0.359000, 4887
0.360000, 4886
0.360000, 4885
0.360000, 4884
0.360000, 4883
0.361000, 4882
0.362000, 4881
0.362000, 4880
0.363000, 4879
0.363000, 4878
0.363000, 4877
0.363000, 4876
0.364000, 4875
0.364000, 4874
0.364000, 4873
0.364000, 4872
0.365000, 4871
0.365000, 4870
0.365000, 4869
0.367000, 4868
0.368000, 4867
0.368000, 4866
0.368000, 4865
0.368000, 4864
0.369000, 4863
0.369000, 4862
0.369000, 4861
0.370000, 4860
0.370000, 4859
0.370000, 4858
0.371000, 4857
0.371000, 4856
0.371000, 4855
0.372000, 4854
0.372000, 4853
0.373000, 4852
0.373000, 4851
0.374000, 4850
0.374000, 4849
0.374000, 4848
0.374000, 4847
0.374000, 4846
0.375000, 4845
0.376000, 4844
0.377000, 4843
0.377000, 4842
0.377000, 4841
0.378000, 4840
0.378000, 4839
0.378000, 4838
0.379000, 4837
0.379000, 4836
0.379000, 4835
0.379000, 4834
0.380000, 4833
0.380000, 4832
0.380000, 4831
0.380000, 4830
0.381000, 4829
0.381000, 4828
0.381000, 4827
0.382000, 4826
0.382000, 4825
0.382000, 4824
0.382000, 4823
0.383000, 4822
0.384000, 4821
0.384000, 4820
0.385000, 4819
0.385000, 4818
0.385000, 4817
0.386000, 4816
0.386000, 4815
0.386000, 4814
0.386000, 4813
0.386000, 4812
0.387000, 4811
0.388000, 4810
0.388000, 4809
0.388000, 4808
0.388000, 4807
0.389000, 4806
0.389000, 4805
0.389000, 4804
0.389000, 4803
0.390000, 4802
0.390000, 4801
0.390000, 4800
0.390000, 4799
0.390000, 4798
0.391000, 4797
0.391000, 4796
0.391000, 4795
0.392000, 4794
0.393000, 4793
0.393000, 4792
0.394000, 4791
0.394000, 4790
0.394000, 4789
0.395000, 4788
0.395000, 4787
0.395000, 4786
0.396000, 4785
0.396000, 4784
0.396000, 4783
0.397000, 4782
0.397000, 4781
0.397000, 4780
0.398000, 4779
0.398000, 4778
0.399000, 4777
0.399000, 4776
0.399000, 4775
0.400000, 4774
0.400000, 4773
0.400000, 4772
0.401000, 4771
0.401000, 4770
0.403000, 4769
0.403000, 4768
0.403000, 4767
0.403000, 4766
0.403000, 4765
0.403000, 4764
0.403000, 4763
0.404000, 4762
0.404000, 4761
0.404000, 4760
0.405000, 4759
0.405000, 4758
0.405000, 4757
0.405000, 4756
0.405000, 4755
0.406000, 4754
0.406000, 4753
0.406000, 4752
0.406000, 4751
0.406000, 4750
0.407000, 4749
0.407000, 4748
0.407000, 4747
0.408000, 4746
0.408000, 4745
0.409000, 4744
0.409000, 4743
0.409000, 4742
0.410000, 4741
0.410000, 4740
0.410000, 4739
0.411000, 4738
0.411000, 4737
0.411000, 4736
0.411000, 4735
0.412000, 4734
0.412000, 4733
0.412000, 4732
0.412000, 4731
0.414000, 4730
0.414000, 4729
0.414000, 4728
0.416000, 4727
0.417000, 4726
0.417000, 4725
0.418000, 4724
0.419000, 4723
0.419000, 4722
0.419000, 4721
0.420000, 4720
0.420000, 4719
0.420000, 4718
0.420000, 4717
0.421000, 4716
0.421000, 4715
0.421000, 4714
0.422000, 4713
0.423000, 4712
0.423000, 4711
0.423000, 4710
0.424000, 4709
0.424000, 4708
0.424000, 4707
0.425000, 4706
0.425000, 4705
0.426000, 4704
0.426000, 4703
0.426000, 4702
0.427000, 4701
0.427000, 4700
0.427000, 4699
0.427000, 4698
0.427000, 4697
0.428000, 4696
0.429000, 4695
0.429000, 4694
0.430000, 4693
0.430000, 4692
0.430000, 4691
0.430000, 4690
0.431000, 4689
0.432000, 4688
0.432000, 4687
0.433000, 4686
0.433000, 4685
0.434000, 4684
0.434000, 4683
0.435000, 4682
0.435000, 4681
0.436000, 4680
0.436000, 4679
0.436000, 4678
0.437000, 4677
0.437000, 4676
0.437000, 4675
0.437000, 4674
0.438000, 4673
0.438000, 4672
0.438000, 4671
0.438000, 4670
0.439000, 4669
0.439000, 4668
0.440000, 4667
0.440000, 4666
0.440000, 4665
0.441000, 4664
0.441000, 4663
0.441000, 4662
0.441000, 4661
0.441000, 4660
0.442000, 4659
0.442000, 4658
0.442000, 4657
0.442000, 4656
0.442000, 4655
0.443000, 4654
0.443000, 4653
0.443000, 4652
0.443000, 4651
0.443000, 4650
0.444000, 4649
0.444000, 4648
0.444000, 4647
0.445000, 4646
0.445000, 4645
0.445000, 4644
0.446000, 4643
0.447000, 4642
0.447000, 4641
0.447000, 4640
0.447000, 4639
0.448000, 4638
0.448000, 4637
0.449000, 4636
0.449000, 4635
0.449000, 4634
0.449000, 4633
0.450000, 4632
0.450000, 4631
0.451000, 4630
0.451000, 4629
0.452000, 4628
0.452000, 4627
0.452000, 4626
0.453000, 4625
0.453000, 4624
0.454000, 4623
0.454000, 4622
0.454000, 4621
0.454000, 4620
0.455000, 4619
0.455000, 4618
0.456000, 4617
0.456000, 4616
0.457000, 4615
0.458000, 4614
0.458000, 4613
0.459000, 4612
0.459000, 4611
0.459000, 4610
0.461000, 4609
0.461000, 4608
0.462000, 4607
0.462000, 4606
0.462000, 4605
0.463000, 4604
0.463000, 4603
0.464000, 4602
0.464000, 4601
0.465000, 4600
0.465000, 4599
0.465000, 4598
0.466000, 4597
0.467000, 4596
0.467000, 4595
0.467000, 4594
0.467000, 4593
0.468000, 4592
0.468000, 4591
0.469000, 4590
0.469000, 4589
0.469000, 4588
0.470000, 4587
0.470000, 4586
0.471000, 4585
0.471000, 4584
0.472000, 4583
0.473000, 4582
0.473000, 4581
0.474000, 4580
0.474000, 4579
0.474000, 4578
0.477000, 4577
0.477000, 4576
0.477000, 4575
0.477000, 4574
0.477000, 4573
0.478000, 4572
0.479000, 4571
0.479000, 4570
0.481000, 4569
0.481000, 4568
0.481000, 4567
0.481000, 4566
0.482000, 4565
0.483000, 4564
0.483000, 4563
0.483000, 4562
0.484000, 4561
0.484000, 4560
0.484000, 4559
0.484000, 4558
0.485000, 4557
0.485000, 4556
0.486000, 4555
0.488000, 4554
0.489000, 4553
0.489000, 4552
0.490000, 4551
0.491000, 4550
0.492000, 4549
0.493000, 4548
0.494000, 4547
0.494000, 4546
0.494000, 4545
0.494000, 4544
0.495000, 4543
0.495000, 4542
0.496000, 4541
0.496000, 4540
0.497000, 4539
0.498000, 4538
0.499000, 4537
0.499000, 4536
0.499000, 4535
0.499000, 4534
0.500000, 4533
0.500000, 4532
0.500000, 4531
0.501000, 4530
0.502000, 4529
0.502000, 4528
0.502000, 4527
0.502000, 4526
0.503000, 4525
0.503000, 4524
0.504000, 4523
0.504000, 4522
0.505000, 4521
0.505000, 4520
0.506000, 4519
0.506000, 4518
0.507000, 4517
0.508000, 4516
0.509000, 4515
0.509000, 4514
0.510000, 4513
0.510000, 4512
0.510000, 4511
0.511000, 4510
0.512000, 4509
0.513000, 4508
0.513000, 4507
0.513000, 4506
0.514000, 4505
0.514000, 4504
0.515000, 4503
0.516000, 4502
0.516000, 4501
0.516000, 4500
0.517000, 4499
0.517000, 4498
0.518000, 4497
0.518000, 4496
0.519000, 4495
0.520000, 4494
0.520000, 4493
0.520000, 4492
0.521000, 4491
0.527000, 4490
0.527000, 4489
0.528000, 4488
0.528000, 4487
0.528000, 4486
0.528000, 4485
0.529000, 4484
0.530000, 4483
0.530000, 4482
0.531000, 4481
0.532000, 4480
0.532000, 4479
0.532000, 4478
0.534000, 4477
0.534000, 4476
0.535000, 4475
0.536000, 4474
0.537000, 4473
0.537000, 4472
0.538000, 4471
0.538000, 4470
0.539000, 4469
0.539000, 4468
0.540000, 4467
0.541000, 4466
0.543000, 4465
0.543000, 4464
0.545000, 4463
0.546000, 4462
0.546000, 4461
0.546000, 4460
0.546000, 4459
0.547000, 4458
0.548000, 4457
0.548000, 4456
0.549000, 4455
0.552000, 4454
0.553000, 4453
0.554000, 4452
0.554000, 4451
0.554000, 4450
0.555000, 4449
0.555000, 4448
0.556000, 4447
0.556000, 4446
0.557000, 4445
0.557000, 4444
0.558000, 4443
0.560000, 4442
0.560000, 4441
0.561000, 4440
0.562000, 4439
0.562000, 4438
0.563000, 4437
0.564000, 4436
0.564000, 4435
0.565000, 4434
0.567000, 4433
0.568000, 4432
0.570000, 4431
0.570000, 4430
0.571000, 4429
0.571000, 4428
0.572000, 4427
0.573000, 4426
0.574000, 4425
0.575000, 4424
0.575000, 4423
0.576000, 4422
0.576000, 4421
0.577000, 4420
0.577000, 4419
0.578000, 4418
0.579000, 4417
0.579000, 4416
0.580000, 4415
0.581000, 4414
0.581000, 4413
0.582000, 4412
0.585000, 4411
0.585000, 4410
0.586000, 4409
0.587000, 4408
0.587000, 4407
0.588000, 4406
0.589000, 4405
0.590000, 4404
0.590000, 4403
0.590000, 4402
0.591000, 4401
0.592000, 4400
0.592000, 4399
0.592000, 4398
0.593000, 4397
0.593000, 4396
0.593000, 4395
0.593000, 4394
0.596000, 4393
0.596000, 4392
0.597000, 4391
0.599000, 4390
0.599000, 4389
0.600000, 4388
0.601000, 4387
0.601000, 4386
0.601000, 4385
0.602000, 4384
0.602000, 4383
0.602000, 4382
0.602000, 4381
0.604000, 4380
0.605000, 4379
0.607000, 4378
0.608000, 4377
0.608000, 4376
0.610000, 4375
0.611000, 4374
0.612000, 4373
0.612000, 4372
0.612000, 4371
0.613000, 4370
0.616000, 4369
0.616000, 4368
0.616000, 4367
0.619000, 4366
0.622000, 4365
0.623000, 4364
0.623000, 4363
0.624000, 4362
0.624000, 4361
0.625000, 4360
0.626000, 4359
0.626000, 4358
0.627000, 4357
0.627000, 4356
0.628000, 4355
0.628000, 4354
0.629000, 4353
0.630000, 4352
0.631000, 4351
0.631000, 4350
0.631000, 4349
0.632000, 4348
0.633000, 4347
0.635000, 4346
0.636000, 4345
0.638000, 4344
0.639000, 4343
0.640000, 4342
0.640000, 4341
0.640000, 4340
0.641000, 4339
0.644000, 4338
0.644000, 4337
0.644000, 4336
0.645000, 4335
0.646000, 4334
0.649000, 4333
0.651000, 4332
0.651000, 4331
0.651000, 4330
0.651000, 4329
0.652000, 4328
0.652000, 4327
0.653000, 4326
0.654000, 4325
0.655000, 4324
0.656000, 4323
0.657000, 4322
0.658000, 4321
0.659000, 4320
0.660000, 4319
0.660000, 4318
0.661000, 4317
0.661000, 4316
0.663000, 4315
0.663000, 4314
0.667000, 4313
0.667000, 4312
0.668000, 4311
0.669000, 4310
0.670000, 4309
0.670000, 4308
0.671000, 4307
0.672000, 4306
0.672000, 4305
0.672000, 4304
0.674000, 4303
0.674000, 4302
0.676000, 4301
0.677000, 4300
0.678000, 4299
0.680000, 4298
0.682000, 4297
0.682000, 4296
0.684000, 4295
0.684000, 4294
0.685000, 4293
0.685000, 4292
0.687000, 4291
0.687000, 4290
0.688000, 4289
0.688000, 4288
0.689000, 4287
0.692000, 4286
0.693000, 4285
0.694000, 4284
0.696000, 4283
0.696000, 4282
0.698000, 4281
0.700000, 4280
0.700000, 4279
0.701000, 4278
0.702000, 4277
0.703000, 4276
0.703000, 4275
0.704000, 4274
0.706000, 4273
0.708000, 4272
0.708000, 4271
0.711000, 4270
0.712000, 4269
0.714000, 4268
0.715000, 4267
0.718000, 4266
0.720000, 4265
0.721000, 4264
0.723000, 4263
0.723000, 4262
0.726000, 4261
0.727000, 4260
0.728000, 4259
0.729000, 4258
0.730000, 4257
0.731000, 4256
0.731000, 4255
0.732000, 4254
0.733000, 4253
0.734000, 4252
0.734000, 4251
0.736000, 4250
0.739000, 4249
0.740000, 4248
0.741000, 4247
0.744000, 4246
0.746000, 4245
0.747000, 4244
0.747000, 4243
0.749000, 4242
0.749000, 4241
0.750000, 4240
0.751000, 4239
0.753000, 4238
0.754000, 4237
0.755000, 4236
0.755000, 4235
0.759000, 4234
0.761000, 4233
0.762000, 4232
0.762000, 4231
0.764000, 4230
0.764000, 4229
0.765000, 4228
0.766000, 4227
0.772000, 4226
0.773000, 4225
0.774000, 4224
0.774000, 4223
0.776000, 4222
0.776000, 4221
0.777000, 4220
0.783000, 4219
0.784000, 4218
0.785000, 4217
0.785000, 4216
0.786000, 4215
0.788000, 4214
0.789000, 4213
0.792000, 4212
0.792000, 4211
0.795000, 4210
0.795000, 4209
0.798000, 4208
0.798000, 4207
0.801000, 4206
0.802000, 4205
0.804000, 4204
0.805000, 4203
0.808000, 4202
0.809000, 4201
0.810000, 4200
0.812000, 4199
0.813000, 4198
0.814000, 4197
0.821000, 4196
0.822000, 4195
0.824000, 4194
0.827000, 4193
0.834000, 4192
0.838000, 4191
0.842000, 4190
0.845000, 4189
0.848000, 4188
0.854000, 4187
0.854000, 4186
0.854000, 4185
0.858000, 4184
0.859000, 4183
0.861000, 4182
0.866000, 4181
0.868000, 4180
0.868000, 4179
0.869000, 4178
0.870000, 4177
0.870000, 4176
0.880000, 4175
0.880000, 4174
0.884000, 4173
0.884000, 4172
0.888000, 4171
0.889000, 4170
0.891000, 4169
0.899000, 4168
0.900000, 4167
0.908000, 4166
0.910000, 4165
0.912000, 4164
0.915000, 4163
0.915000, 4162
0.920000, 4161
0.921000, 4160
0.925000, 4159
0.928000, 4158
0.933000, 4157
0.937000, 4156
0.938000, 4155
0.941000, 4154
0.942000, 4153
0.944000, 4152
0.944000, 4151
0.949000, 4150
0.950000, 4149
0.952000, 4148
0.954000, 4147
0.955000, 4146
0.958000, 4145
0.959000, 4144
0.965000, 4143
0.967000, 4142
0.972000, 4141
0.973000, 4140
0.973000, 4139
0.974000, 4138
0.983000, 4137
0.985000, 4136
0.985000, 4135
0.988000, 4134
0.996000, 4133
1.003000, 4132
1.005000, 4131
1.011000, 4130
1.015000, 4129
1.022000, 4128
1.023000, 4127
1.024000, 4126
1.025000, 4125
1.028000, 4124
1.030000, 4123
1.034000, 4122
1.035000, 4121
1.039000, 4120
1.041000, 4119
1.042000, 4118
1.043000, 4117
1.043000, 4116
1.047000, 4115
1.053000, 4114
1.053000, 4113
1.059000, 4112
1.074000, 4111
1.078000, 4110
1.080000, 4109
1.096000, 4108
1.101000, 4107
1.101000, 4106
1.101000, 4105
1.102000, 4104
1.121000, 4103
1.124000, 4102
1.127000, 4101
1.137000, 4100
1.150000, 4099
1.156000, 4098
1.158000, 4097
1.179000, 4096
1.189000, 4095
1.195000, 4094
1.196000, 4093
1.198000, 4092
1.201000, 4091
1.206000, 4090
1.209000, 4089
1.222000, 4088
1.226000, 4087
1.231000, 4086
1.271000, 4085
1.296000, 4084
1.298000, 4083
1.394000, 4082
1.402000, 4081
1.419000, 4080
1.429000, 4079
1.434000, 4078
1.446000, 4077
1.466000, 4076
1.504000, 4075
1.638000, 4074
1.774000, 4073
