0.025000, 5743
0.035000, 5742
0.035000, 5741
0.039000, 5740
0.040000, 5739
0.040000, 5738
0.040000, 5737
0.040000, 5736
0.041000, 5735
0.041000, 5734
0.041000, 5733
0.042000, 5732
0.042000, 5731
0.042000, 5730
0.042000, 5729
0.043000, 5728
0.043000, 5727
0.044000, 5726
0.044000, 5725
0.044000, 5724
0.045000, 5723
0.045000, 5722
0.045000, 5721
0.045000, 5720
0.046000, 5719
0.046000, 5718
0.046000, 5717
0.046000, 5716
0.046000, 5715
0.047000, 5714
0.047000, 5713
0.047000, 5712
0.048000, 5711
0.048000, 5710
0.048000, 5709
0.048000, 5708
0.049000, 5707
0.049000, 5706
0.050000, 5705
0.050000, 5704
0.050000, 5703
0.050000, 5702
0.051000, 5701
0.051000, 5700
0.051000, 5699
0.051000, 5698
0.051000, 5697
0.052000, 5696
0.052000, 5695
0.052000, 5694
0.052000, 5693
0.052000, 5692
0.053000, 5691
0.053000, 5690
0.053000, 5689
0.054000, 5688
0.054000, 5687
0.054000, 5686
0.055000, 5685
0.055000, 5684
0.055000, 5683
0.055000, 5682
0.056000, 5681
0.056000, 5680
0.056000, 5679
0.057000, 5678
0.057000, 5677
0.058000, 5676
0.058000, 5675
0.058000, 5674
0.058000, 5673
0.059000, 5672
0.059000, 5671
0.059000, 5670
0.060000, 5669
0.060000, 5668
0.061000, 5667
0.061000, 5666
0.061000, 5665
0.061000, 5664
0.062000, 5663
0.062000, 5662
0.062000, 5661
0.062000, 5660
0.063000, 5659
0.063000, 5658
0.063000, 5657
0.063000, 5656
0.064000, 5655
0.064000, 5654
0.064000, 5653
0.064000, 5652
0.065000, 5651
0.065000, 5650
0.065000, 5649
0.066000, 5648
0.066000, 5647
0.067000, 5646
0.067000, 5645
0.067000, 5644
0.068000, 5643
0.068000, 5642
0.068000, 5641
0.068000, 5640
0.068000, 5639
0.069000, 5638
0.069000, 5637
0.069000, 5636
0.069000, 5635
0.070000, 5634
0.071000, 5633
0.071000, 5632
0.071000, 5631
0.071000, 5630
0.072000, 5629
0.072000, 5628
0.072000, 5627
0.072000, 5626
0.072000, 5625
0.073000, 5624
0.073000, 5623
0.074000, 5622
0.074000, 5621
0.074000, 5620
0.074000, 5619
0.075000, 5618
0.075000, 5617
0.075000, 5616
0.075000, 5615
0.076000, 5614
0.076000, 5613
0.076000, 5612
0.077000, 5611
0.077000, 5610
0.077000, 5609
0.078000, 5608
0.078000, 5607
0.078000, 5606
0.079000, 5605
0.079000, 5604
0.079000, 5603
0.080000, 5602
0.080000, 5601
0.080000, 5600
0.080000, 5599
0.081000, 5598
0.081000, 5597
0.081000, 5596
0.082000, 5595
0.082000, 5594
0.082000, 5593
0.082000, 5592
0.083000, 5591
0.083000, 5590
0.083000, 5589
0.083000, 5588
0.084000, 5587
0.084000, 5586
0.084000, 5585
0.084000, 5584
0.084000, 5583
0.085000, 5582
0.085000, 5581
0.086000, 5580
0.086000, 5579
0.087000, 5578
0.087000, 5577
0.087000, 5576
0.088000, 5575
0.088000, 5574
0.089000, 5573
0.089000, 5572
0.089000, 5571
0.089000, 5570
0.090000, 5569
0.090000, 5568
0.090000, 5567
0.090000, 5566
0.091000, 5565
0.091000, 5564
0.091000, 5563
0.092000, 5562
0.092000, 5561
0.092000, 5560
0.093000, 5559
0.093000, 5558
0.094000, 5557
0.094000, 5556
0.095000, 5555
0.095000, 5554
0.095000, 5553
0.096000, 5552
0.096000, 5551
0.097000, 5550
0.097000, 5549
0.097000, 5548
0.097000, 5547
0.097000, 5546
0.098000, 5545
0.098000, 5544
0.098000, 5543
0.098000, 5542
0.098000, 5541
0.099000, 5540
0.099000, 5539
0.099000, 5538
0.100000, 5537
0.100000, 5536
0.100000, 5535
0.100000, 5534
0.101000, 5533
0.101000, 5532
0.101000, 5531
0.102000, 5530
0.102000, 5529
0.102000, 5528
0.102000, 5527
0.103000, 5526
0.104000, 5525
0.104000, 5524
0.105000, 5523
0.105000, 5522
0.106000, 5521
0.106000, 5520
0.106000, 5519
0.106000, 5518
0.107000, 5517
0.107000, 5516
0.107000, 5515
0.108000, 5514
0.108000, 5513
0.109000, 5512
0.109000, 5511
0.110000, 5510
0.110000, 5509
0.110000, 5508
0.111000, 5507
0.111000, 5506
0.111000, 5505
0.111000, 5504
0.112000, 5503
0.112000, 5502
0.113000, 5501
0.113000, 5500
0.114000, 5499
0.114000, 5498
0.115000, 5497
0.115000, 5496
0.115000, 5495
0.115000, 5494
0.116000, 5493
0.116000, 5492
0.116000, 5491
0.117000, 5490
0.117000, 5489
0.118000, 5488
0.118000, 5487
0.119000, 5486
0.119000, 5485
0.119000, 5484
0.120000, 5483
0.121000, 5482
0.121000, 5481
0.121000, 5480
0.121000, 5479
0.122000, 5478
0.122000, 5477
0.123000, 5476
0.123000, 5475
0.123000, 5474
0.124000, 5473
0.124000, 5472
0.124000, 5471
0.125000, 5470
0.125000, 5469
0.125000, 5468
0.126000, 5467
0.126000, 5466
0.126000, 5465
0.126000, 5464
0.127000, 5463
0.127000, 5462
0.127000, 5461
0.128000, 5460
0.128000, 5459
0.128000, 5458
0.129000, 5457
0.129000, 5456
0.129000, 5455
0.130000, 5454
0.130000, 5453
0.130000, 5452
0.130000, 5451
0.131000, 5450
0.131000, 5449
0.131000, 5448
0.131000, 5447
0.131000, 5446
0.132000, 5445
0.132000, 5444
0.132000, 5443
0.132000, 5442
0.133000, 5441
0.133000, 5440
0.133000, 5439
0.133000, 5438
0.134000, 5437
0.134000, 5436
0.135000, 5435
0.135000, 5434
0.135000, 5433
0.135000, 5432
0.136000, 5431
0.136000, 5430
0.136000, 5429
0.136000, 5428
0.137000, 5427
0.137000, 5426
0.137000, 5425
0.138000, 5424
0.138000, 5423
0.139000, 5422
0.139000, 5421
0.140000, 5420
0.140000, 5419
0.140000, 5418
0.141000, 5417
0.141000, 5416
0.141000, 5415
0.142000, 5414
0.142000, 5413
0.142000, 5412
0.143000, 5411
0.143000, 5410
0.143000, 5409
0.144000, 5408
0.145000, 5407
0.145000, 5406
0.146000, 5405
0.146000, 5404
0.146000, 5403
0.147000, 5402
0.147000, 5401
0.147000, 5400
0.148000, 5399
0.148000, 5398
0.148000, 5397
0.149000, 5396
0.149000, 5395
0.150000, 5394
0.150000, 5393
0.151000, 5392
0.151000, 5391
0.152000, 5390
0.152000, 5389
0.153000, 5388
0.153000, 5387
0.153000, 5386
0.153000, 5385
0.154000, 5384
0.154000, 5383
0.155000, 5382
0.155000, 5381
0.155000, 5380
0.155000, 5379
0.155000, 5378
0.156000, 5377
0.156000, 5376
0.156000, 5375
0.156000, 5374
0.157000, 5373
0.157000, 5372
0.157000, 5371
0.158000, 5370
0.158000, 5369
0.160000, 5368
0.160000, 5367
0.160000, 5366
0.161000, 5365
0.161000, 5364
0.161000, 5363
0.162000, 5362
0.162000, 5361
0.163000, 5360
0.163000, 5359
0.164000, 5358
0.165000, 5357
0.165000, 5356
0.165000, 5355
0.166000, 5354
0.166000, 5353
0.167000, 5352
0.167000, 5351
0.168000, 5350
0.168000, 5349
0.168000, 5348
0.168000, 5347
0.169000, 5346
0.169000, 5345
0.169000, 5344
0.169000, 5343
0.170000, 5342
0.170000, 5341
0.171000, 5340
0.172000, 5339
0.172000, 5338
0.173000, 5337
0.173000, 5336
0.173000, 5335
0.174000, 5334
0.174000, 5333
0.175000, 5332
0.175000, 5331
0.175000, 5330
0.175000, 5329
0.176000, 5328
0.177000, 5327
0.177000, 5326
0.177000, 5325
0.177000, 5324
0.178000, 5323
0.179000, 5322
0.179000, 5321
0.180000, 5320
0.180000, 5319
0.180000, 5318
0.180000, 5317
0.181000, 5316
0.181000, 5315
0.181000, 5314
0.182000, 5313
0.182000, 5312
0.184000, 5311
0.184000, 5310
0.184000, 5309
0.185000, 5308
0.185000, 5307
0.185000, 5306
0.187000, 5305
0.187000, 5304
0.187000, 5303
0.187000, 5302
0.188000, 5301
0.189000, 5300
0.189000, 5299
0.190000, 5298
0.190000, 5297
0.190000, 5296
0.191000, 5295
0.191000, 5294
0.191000, 5293
0.192000, 5292
0.192000, 5291
0.193000, 5290
0.193000, 5289
0.193000, 5288
0.194000, 5287
0.194000, 5286
0.195000, 5285
0.195000, 5284
0.196000, 5283
0.196000, 5282
0.196000, 5281
0.196000, 5280
0.197000, 5279
0.197000, 5278
0.197000, 5277
0.197000, 5276
0.198000, 5275
0.199000, 5274
0.199000, 5273
0.200000, 5272
0.200000, 5271
0.200000, 5270
0.201000, 5269
0.201000, 5268
0.202000, 5267
0.202000, 5266
0.202000, 5265
0.202000, 5264
0.203000, 5263
0.203000, 5262
0.203000, 5261
0.204000, 5260
0.204000, 5259
0.205000, 5258
0.205000, 5257
0.205000, 5256
0.206000, 5255
0.207000, 5254
0.208000, 5253
0.209000, 5252
0.209000, 5251
0.210000, 5250
0.210000, 5249
0.210000, 5248
0.211000, 5247
0.212000, 5246
0.212000, 5245
0.213000, 5244
0.213000, 5243
0.214000, 5242
0.215000, 5241
0.216000, 5240
0.216000, 5239
0.216000, 5238
0.217000, 5237
0.217000, 5236
0.218000, 5235
0.218000, 5234
0.219000, 5233
0.219000, 5232
0.219000, 5231
0.219000, 5230
0.220000, 5229
0.220000, 5228
0.220000, 5227
0.221000, 5226
0.221000, 5225
0.221000, 5224
0.221000, 5223
0.221000, 5222
0.222000, 5221
0.222000, 5220
0.222000, 5219
0.223000, 5218
0.223000, 5217
0.223000, 5216
0.224000, 5215
0.224000, 5214
0.224000, 5213
0.225000, 5212
0.225000, 5211
0.225000, 5210
0.226000, 5209
0.226000, 5208
0.227000, 5207
0.227000, 5206
0.228000, 5205
0.228000, 5204
0.229000, 5203
0.229000, 5202
0.230000, 5201
0.230000, 5200
0.230000, 5199
0.231000, 5198
0.231000, 5197
0.231000, 5196
0.231000, 5195
0.232000, 5194
0.232000, 5193
0.233000, 5192
0.233000, 5191
0.233000, 5190
0.233000, 5189
0.233000, 5188
0.234000, 5187
0.234000, 5186
0.236000, 5185
0.236000, 5184
0.236000, 5183
0.236000, 5182
0.237000, 5181
0.237000, 5180
0.238000, 5179
0.238000, 5178
0.240000, 5177
0.240000, 5176
0.241000, 5175
0.241000, 5174
0.242000, 5173
0.242000, 5172
0.242000, 5171
0.243000, 5170
0.243000, 5169
0.243000, 5168
0.243000, 5167
0.244000, 5166
0.244000, 5165
0.244000, 5164
0.244000, 5163
0.244000, 5162
0.245000, 5161
0.246000, 5160
0.246000, 5159
0.246000, 5158
0.247000, 5157
0.248000, 5156
0.248000, 5155
0.249000, 5154
0.249000, 5153
0.249000, 5152
0.249000, 5151
0.249000, 5150
0.250000, 5149
0.250000, 5148
0.250000, 5147
0.251000, 5146
0.251000, 5145
0.252000, 5144
0.252000, 5143
0.252000, 5142
0.253000, 5141
0.254000, 5140
0.254000, 5139
0.254000, 5138
0.255000, 5137
0.256000, 5136
0.256000, 5135
0.257000, 5134
0.258000, 5133
0.258000, 5132
0.258000, 5131
0.259000, 5130
0.259000, 5129
0.259000, 5128
0.259000, 5127
0.260000, 5126
0.261000, 5125
0.261000, 5124
0.261000, 5123
0.262000, 5122
0.262000, 5121
0.263000, 5120
0.263000, 5119
0.263000, 5118
0.264000, 5117
0.264000, 5116
0.265000, 5115
0.266000, 5114
0.266000, 5113
0.266000, 5112
0.266000, 5111
0.267000, 5110
0.268000, 5109
0.269000, 5108
0.269000, 5107
0.270000, 5106
0.270000, 5105
0.271000, 5104
0.271000, 5103
0.271000, 5102
0.272000, 5101
0.273000, 5100
0.273000, 5099
0.274000, 5098
0.274000, 5097
0.275000, 5096
0.275000, 5095
0.276000, 5094
0.277000, 5093
0.277000, 5092
0.277000, 5091
0.278000, 5090
0.278000, 5089
0.279000, 5088
0.280000, 5087
0.280000, 5086
0.280000, 5085
0.281000, 5084
0.281000, 5083
0.281000, 5082
0.282000, 5081
0.282000, 5080
0.283000, 5079
0.283000, 5078
0.284000, 5077
0.284000, 5076
0.284000, 5075
0.285000, 5074
0.285000, 5073
0.286000, 5072
0.286000, 5071
0.286000, 5070
0.287000, 5069
0.287000, 5068
0.288000, 5067
0.288000, 5066
0.289000, 5065
0.289000, 5064
0.290000, 5063
0.290000, 5062
0.291000, 5061
0.292000, 5060
0.292000, 5059
0.293000, 5058
0.295000, 5057
0.295000, 5056
0.296000, 5055
0.296000, 5054
0.296000, 5053
0.297000, 5052
0.298000, 5051
0.298000, 5050
0.299000, 5049
0.299000, 5048
0.299000, 5047
0.300000, 5046
0.301000, 5045
0.301000, 5044
0.302000, 5043
0.302000, 5042
0.303000, 5041
0.303000, 5040
0.303000, 5039
0.303000, 5038
0.305000, 5037
0.305000, 5036
0.305000, 5035
0.307000, 5034
0.307000, 5033
0.307000, 5032
0.308000, 5031
0.308000, 5030
0.309000, 5029
0.309000, 5028
0.309000, 5027
0.310000, 5026
0.310000, 5025
0.311000, 5024
0.312000, 5023
0.312000, 5022
0.312000, 5021
0.312000, 5020
0.313000, 5019
0.313000, 5018
0.313000, 5017
0.314000, 5016
0.314000, 5015
0.315000, 5014
0.315000, 5013
0.315000, 5012
0.316000, 5011
0.316000, 5010
0.316000, 5009
0.317000, 5008
0.317000, 5007
0.317000, 5006
0.317000, 5005
0.318000, 5004
0.319000, 5003
0.319000, 5002
0.319000, 5001
0.320000, 5000
0.320000, 4999
0.320000, 4998
0.321000, 4997
0.321000, 4996
0.322000, 4995
0.322000, 4994
0.322000, 4993
0.323000, 4992
0.323000, 4991
0.323000, 4990
0.324000, 4989
0.325000, 4988
0.325000, 4987
0.325000, 4986
0.326000, 4985
0.326000, 4984
0.327000, 4983
0.327000, 4982
0.328000, 4981
0.328000, 4980
0.328000, 4979
0.329000, 4978
0.329000, 4977
0.330000, 4976
0.330000, 4975
0.331000, 4974
0.331000, 4973
0.331000, 4972
0.332000, 4971
0.333000, 4970
0.334000, 4969
0.334000, 4968
0.335000, 4967
0.335000, 4966
0.335000, 4965
0.335000, 4964
0.336000, 4963
0.337000, 4962
0.337000, 4961
0.337000, 4960
0.338000, 4959
0.339000, 4958
0.339000, 4957
0.339000, 4956
0.339000, 4955
0.340000, 4954
0.340000, 4953
0.340000, 4952
0.340000, 4951
0.341000, 4950
0.342000, 4949
0.342000, 4948
0.342000, 4947
0.342000, 4946
0.343000, 4945
0.344000, 4944
0.344000, 4943
0.344000, 4942
0.344000, 4941
0.344000, 4940
0.344000, 4939
0.345000, 4938
0.345000, 4937
0.345000, 4936
0.346000, 4935
0.346000, 4934
0.347000, 4933
0.347000, 4932
0.348000, 4931
0.348000, 4930
0.352000, 4929
0.352000, 4928
0.352000, 4927
0.353000, 4926
0.353000, 4925
0.353000, 4924
0.353000, 4923
0.353000, 4922
0.354000, 4921
0.354000, 4920
0.354000, 4919
0.355000, 4918
0.355000, 4917
0.355000, 4916
0.355000, 4915
0.355000, 4914
0.356000, 4913
0.356000, 4912
0.356000, 4911
0.356000, 4910
0.357000, 4909
0.358000, 4908
0.358000, 4907
0.359000, 4906
0.359000, 4905
0.360000, 4904
0.360000, 4903
0.360000, 4902
0.360000, 4901
0.361000, 4900
0.361000, 4899
0.362000, 4898
0.362000, 4897
0.362000, 4896
0.363000, 4895
0.363000, 4894
0.363000, 4893
0.363000, 4892
0.363000, 4891
0.363000, 4890
0.364000, 4889
0.364000, 4888
0.364000, 4887
0.365000, 4886
0.365000, 4885
0.365000, 4884
0.366000, 4883
0.366000, 4882
0.367000, 4881
0.367000, 4880
0.368000, 4879
0.369000, 4878
0.370000, 4877
0.370000, 4876
0.370000, 4875
0.370000, 4874
0.371000, 4873
0.371000, 4872
0.372000, 4871
0.372000, 4870
0.372000, 4869
0.372000, 4868
0.373000, 4867
0.373000, 4866
0.373000, 4865
0.373000, 4864
0.373000, 4863
0.374000, 4862
0.374000, 4861
0.375000, 4860
0.375000, 4859
0.376000, 4858
0.376000, 4857
0.376000, 4856
0.376000, 4855
0.377000, 4854
0.377000, 4853
0.377000, 4852
0.378000, 4851
0.378000, 4850
0.379000, 4849
0.379000, 4848
0.379000, 4847
0.380000, 4846
0.380000, 4845
0.380000, 4844
0.381000, 4843
0.381000, 4842
0.381000, 4841
0.382000, 4840
0.382000, 4839
0.382000, 4838
0.383000, 4837
0.383000, 4836
0.383000, 4835
0.384000, 4834
0.385000, 4833
0.385000, 4832
0.385000, 4831
0.385000, 4830
0.386000, 4829
0.387000, 4828
0.387000, 4827
0.387000, 4826
0.387000, 4825
0.388000, 4824
0.388000, 4823
0.389000, 4822
0.389000, 4821
0.389000, 4820
0.390000, 4819
0.390000, 4818
0.390000, 4817
0.391000, 4816
0.391000, 4815
0.391000, 4814
0.392000, 4813
0.392000, 4812
0.393000, 4811
0.394000, 4810
0.394000, 4809
0.394000, 4808
0.394000, 4807
0.395000, 4806
0.395000, 4805
0.396000, 4804
0.396000, 4803
0.397000, 4802
0.397000, 4801
0.397000, 4800
0.398000, 4799
0.398000, 4798
0.399000, 4797
0.399000, 4796
0.400000, 4795
0.401000, 4794
0.401000, 4793
0.402000, 4792
0.402000, 4791
0.402000, 4790
0.403000, 4789
0.403000, 4788
0.403000, 4787
0.404000, 4786
0.405000, 4785
0.405000, 4784
0.405000, 4783
0.406000, 4782
0.406000, 4781
0.407000, 4780
0.408000, 4779
0.408000, 4778
0.408000, 4777
0.409000, 4776
0.409000, 4775
0.409000, 4774
0.409000, 4773
0.409000, 4772
0.410000, 4771
0.410000, 4770
0.410000, 4769
0.410000, 4768
0.410000, 4767
0.411000, 4766
0.412000, 4765
0.412000, 4764
0.412000, 4763
0.412000, 4762
0.413000, 4761
0.414000, 4760
0.414000, 4759
0.414000, 4758
0.414000, 4757
0.415000, 4756
0.415000, 4755
0.416000, 4754
0.416000, 4753
0.417000, 4752
0.417000, 4751
0.417000, 4750
0.417000, 4749
0.417000, 4748
0.418000, 4747
0.418000, 4746
0.419000, 4745
0.419000, 4744
0.420000, 4743
0.420000, 4742
0.421000, 4741
0.421000, 4740
0.421000, 4739
0.422000, 4738
0.422000, 4737
0.423000, 4736
0.424000, 4735
0.424000, 4734
0.424000, 4733
0.424000, 4732
0.424000, 4731
0.424000, 4730
0.425000, 4729
0.425000, 4728
0.425000, 4727
0.426000, 4726
0.426000, 4725
0.427000, 4724
0.427000, 4723
0.428000, 4722
0.428000, 4721
0.428000, 4720
0.429000, 4719
0.429000, 4718
0.429000, 4717
0.430000, 4716
0.430000, 4715
0.430000, 4714
0.430000, 4713
0.432000, 4712
0.432000, 4711
0.432000, 4710
0.432000, 4709
0.433000, 4708
0.433000, 4707
0.433000, 4706
0.433000, 4705
0.433000, 4704
0.433000, 4703
0.434000, 4702
0.434000, 4701
0.434000, 4700
0.434000, 4699
0.435000, 4698
0.435000, 4697
0.435000, 4696
0.435000, 4695
0.436000, 4694
0.436000, 4693
0.437000, 4692
0.437000, 4691
0.437000, 4690
0.437000, 4689
0.438000, 4688
0.438000, 4687
0.439000, 4686
0.439000, 4685
0.440000, 4684
0.441000, 4683
0.441000, 4682
0.441000, 4681
0.441000, 4680
0.442000, 4679
0.442000, 4678
0.443000, 4677
0.443000, 4676
0.444000, 4675
0.444000, 4674
0.444000, 4673
0.446000, 4672
0.447000, 4671
0.447000, 4670
0.447000, 4669
0.447000, 4668
0.447000, 4667
0.447000, 4666
0.448000, 4665
0.448000, 4664
0.449000, 4663
0.449000, 4662
0.450000, 4661
0.450000, 4660
0.450000, 4659
0.450000, 4658
0.451000, 4657
0.451000, 4656
0.451000, 4655
0.451000, 4654
0.451000, 4653
0.452000, 4652
0.452000, 4651
0.453000, 4650
0.454000, 4649
0.454000, 4648
0.455000, 4647
0.455000, 4646
0.455000, 4645
0.456000, 4644
0.456000, 4643
0.456000, 4642
0.457000, 4641
0.458000, 4640
0.458000, 4639
0.458000, 4638
0.459000, 4637
0.459000, 4636
0.459000, 4635
0.460000, 4634
0.460000, 4633
0.461000, 4632
0.461000, 4631
0.461000, 4630
0.462000, 4629
0.462000, 4628
0.462000, 4627
0.463000, 4626
0.463000, 4625
0.463000, 4624
0.464000, 4623
0.464000, 4622
0.464000, 4621
0.465000, 4620
0.465000, 4619
0.466000, 4618
0.467000, 4617
0.468000, 4616
0.468000, 4615
0.469000, 4614
0.470000, 4613
0.471000, 4612
0.471000, 4611
0.472000, 4610
0.473000, 4609
0.473000, 4608
0.474000, 4607
0.474000, 4606
0.474000, 4605
0.475000, 4604
0.475000, 4603
0.476000, 4602
0.476000, 4601
0.478000, 4600
0.478000, 4599
0.479000, 4598
0.480000, 4597
0.480000, 4596
0.480000, 4595
0.481000, 4594
0.482000, 4593
0.483000, 4592
0.483000, 4591
0.483000, 4590
0.484000, 4589
0.485000, 4588
0.485000, 4587
0.485000, 4586
0.486000, 4585
0.487000, 4584
0.488000, 4583
0.488000, 4582
0.489000, 4581
0.490000, 4580
0.490000, 4579
0.491000, 4578
0.491000, 4577
0.491000, 4576
0.492000, 4575
0.493000, 4574
0.493000, 4573
0.494000, 4572
0.494000, 4571
0.494000, 4570
0.495000, 4569
0.495000, 4568
0.495000, 4567
0.495000, 4566
0.495000, 4565
0.496000, 4564
0.497000, 4563
0.497000, 4562
0.497000, 4561
0.498000, 4560
0.498000, 4559
0.498000, 4558
0.498000, 4557
0.499000, 4556
0.499000, 4555
0.500000, 4554
0.500000, 4553
0.501000, 4552
0.502000, 4551
0.502000, 4550
0.502000, 4549
0.503000, 4548
0.503000, 4547
0.503000, 4546
0.504000, 4545
0.505000, 4544
0.505000, 4543
0.505000, 4542
0.506000, 4541
0.506000, 4540
0.506000, 4539
0.507000, 4538
0.507000, 4537
0.507000, 4536
0.508000, 4535
0.508000, 4534
0.508000, 4533
0.509000, 4532
0.509000, 4531
0.509000, 4530
0.510000, 4529
0.510000, 4528
0.511000, 4527
0.514000, 4526
0.514000, 4525
0.515000, 4524
0.516000, 4523
0.516000, 4522
0.517000, 4521
0.517000, 4520
0.518000, 4519
0.518000, 4518
0.519000, 4517
0.520000, 4516
0.521000, 4515
0.522000, 4514
0.523000, 4513
0.524000, 4512
0.524000, 4511
0.525000, 4510
0.525000, 4509
0.526000, 4508
0.526000, 4507
0.526000, 4506
0.527000, 4505
0.527000, 4504
0.528000, 4503
0.528000, 4502
0.531000, 4501
0.531000, 4500
0.531000, 4499
0.531000, 4498
0.533000, 4497
0.534000, 4496
0.535000, 4495
0.535000, 4494
0.535000, 4493
0.535000, 4492
0.536000, 4491
0.537000, 4490
0.537000, 4489
0.538000, 4488
0.538000, 4487
0.539000, 4486
0.540000, 4485
0.541000, 4484
0.541000, 4483
0.541000, 4482
0.541000, 4481
0.542000, 4480
0.542000, 4479
0.542000, 4478
0.543000, 4477
0.544000, 4476
0.544000, 4475
0.546000, 4474
0.546000, 4473
0.547000, 4472
0.547000, 4471
0.547000, 4470
0.547000, 4469
0.548000, 4468
0.548000, 4467
0.549000, 4466
0.550000, 4465
0.550000, 4464
0.550000, 4463
0.550000, 4462
0.551000, 4461
0.551000, 4460
0.552000, 4459
0.553000, 4458
0.553000, 4457
0.554000, 4456
0.554000, 4455
0.555000, 4454
0.555000, 4453
0.556000, 4452
0.556000, 4451
0.557000, 4450
0.557000, 4449
0.558000, 4448
0.558000, 4447
0.559000, 4446
0.559000, 4445
0.560000, 4444
0.562000, 4443
0.562000, 4442
0.562000, 4441
0.563000, 4440
0.563000, 4439
0.563000, 4438
0.564000, 4437
0.564000, 4436
0.564000, 4435
0.564000, 4434
0.566000, 4433
0.567000, 4432
0.567000, 4431
0.568000, 4430
0.569000, 4429
0.569000, 4428
0.570000, 4427
0.571000, 4426
0.571000, 4425
0.572000, 4424
0.573000, 4423
0.573000, 4422
0.573000, 4421
0.574000, 4420
0.574000, 4419
0.574000, 4418
0.575000, 4417
0.575000, 4416
0.575000, 4415
0.576000, 4414
0.578000, 4413
0.578000, 4412
0.579000, 4411
0.580000, 4410
0.580000, 4409
0.581000, 4408
0.582000, 4407
0.583000, 4406
0.583000, 4405
0.585000, 4404
0.585000, 4403
0.586000, 4402
0.587000, 4401
0.587000, 4400
0.589000, 4399
0.589000, 4398
0.591000, 4397
0.592000, 4396
0.593000, 4395
0.593000, 4394
0.594000, 4393
0.594000, 4392
0.596000, 4391
0.597000, 4390
0.598000, 4389
0.602000, 4388
0.604000, 4387
0.604000, 4386
0.604000, 4385
0.605000, 4384
0.606000, 4383
0.606000, 4382
0.607000, 4381
0.608000, 4380
0.609000, 4379
0.609000, 4378
0.610000, 4377
0.611000, 4376
0.612000, 4375
0.612000, 4374
0.612000, 4373
0.614000, 4372
0.614000, 4371
0.615000, 4370
0.616000, 4369
0.618000, 4368
0.618000, 4367
0.620000, 4366
0.620000, 4365
0.621000, 4364
0.621000, 4363
0.621000, 4362
0.621000, 4361
0.622000, 4360
0.623000, 4359
0.625000, 4358
0.625000, 4357
0.626000, 4356
0.626000, 4355
0.627000, 4354
0.627000, 4353
0.628000, 4352
0.628000, 4351
0.630000, 4350
0.631000, 4349
0.631000, 4348
0.633000, 4347
0.635000, 4346
0.636000, 4345
0.637000, 4344
0.637000, 4343
0.638000, 4342
0.638000, 4341
0.639000, 4340
0.641000, 4339
0.642000, 4338
0.642000, 4337
0.643000, 4336
0.643000, 4335
0.644000, 4334
0.646000, 4333
0.647000, 4332
0.647000, 4331
0.648000, 4330
0.649000, 4329
0.651000, 4328
0.652000, 4327
0.654000, 4326
0.655000, 4325
0.655000, 4324
0.655000, 4323
0.656000, 4322
0.657000, 4321
0.657000, 4320
0.658000, 4319
0.658000, 4318
0.658000, 4317
0.659000, 4316
0.661000, 4315
0.662000, 4314
0.662000, 4313
0.663000, 4312
0.664000, 4311
0.664000, 4310
0.667000, 4309
0.667000, 4308
0.669000, 4307
0.669000, 4306
0.670000, 4305
0.671000, 4304
0.673000, 4303
0.674000, 4302
0.675000, 4301
0.675000, 4300
0.675000, 4299
0.676000, 4298
0.679000, 4297
0.679000, 4296
0.681000, 4295
0.682000, 4294
0.684000, 4293
0.684000, 4292
0.684000, 4291
0.685000, 4290
0.686000, 4289
0.686000, 4288
0.687000, 4287
0.693000, 4286
0.694000, 4285
0.694000, 4284
0.695000, 4283
0.696000, 4282
0.696000, 4281
0.696000, 4280
0.697000, 4279
0.697000, 4278
0.697000, 4277
0.698000, 4276
0.700000, 4275
0.702000, 4274
0.704000, 4273
0.705000, 4272
0.705000, 4271
0.706000, 4270
0.706000, 4269
0.708000, 4268
0.709000, 4267
0.709000, 4266
0.710000, 4265
0.710000, 4264
0.712000, 4263
0.712000, 4262
0.713000, 4261
0.714000, 4260
0.714000, 4259
0.716000, 4258
0.717000, 4257
0.717000, 4256
0.718000, 4255
0.719000, 4254
0.723000, 4253
0.723000, 4252
0.723000, 4251
0.724000, 4250
0.725000, 4249
0.726000, 4248
0.727000, 4247
0.727000, 4246
0.731000, 4245
0.733000, 4244
0.736000, 4243
0.737000, 4242
0.737000, 4241
0.737000, 4240
0.738000, 4239
0.739000, 4238
0.743000, 4237
0.743000, 4236
0.744000, 4235
0.745000, 4234
0.746000, 4233
0.746000, 4232
0.749000, 4231
0.751000, 4230
0.751000, 4229
0.752000, 4228
0.753000, 4227
0.754000, 4226
0.756000, 4225
0.756000, 4224
0.757000, 4223
0.757000, 4222
0.761000, 4221
0.761000, 4220
0.763000, 4219
0.766000, 4218
0.766000, 4217
0.767000, 4216
0.768000, 4215
0.769000, 4214
0.771000, 4213
0.772000, 4212
0.773000, 4211
0.774000, 4210
0.775000, 4209
0.776000, 4208
0.777000, 4207
0.777000, 4206
0.778000, 4205
0.781000, 4204
0.786000, 4203
0.787000, 4202
0.788000, 4201
0.790000, 4200
0.792000, 4199
0.795000, 4198
0.796000, 4197
0.797000, 4196
0.798000, 4195
0.799000, 4194
0.799000, 4193
0.801000, 4192
0.803000, 4191
0.804000, 4190
0.805000, 4189
0.807000, 4188
0.808000, 4187
0.809000, 4186
0.810000, 4185
0.817000, 4184
0.819000, 4183
0.820000, 4182
0.823000, 4181
0.828000, 4180
0.833000, 4179
0.835000, 4178
0.837000, 4177
0.838000, 4176
0.842000, 4175
0.845000, 4174
0.847000, 4173
0.852000, 4172
0.854000, 4171
0.855000, 4170
0.856000, 4169
0.858000, 4168
0.860000, 4167
0.860000, 4166
0.862000, 4165
0.863000, 4164
0.864000, 4163
0.868000, 4162
0.869000, 4161
0.871000, 4160
0.871000, 4159
0.874000, 4158
0.880000, 4157
0.882000, 4156
0.883000, 4155
0.885000, 4154
0.889000, 4153
0.891000, 4152
0.893000, 4151
0.897000, 4150
0.899000, 4149
0.903000, 4148
0.906000, 4147
0.906000, 4146
0.907000, 4145
0.908000, 4144
0.908000, 4143
0.910000, 4142
0.914000, 4141
0.915000, 4140
0.924000, 4139
0.929000, 4138
0.930000, 4137
0.931000, 4136
0.934000, 4135
0.936000, 4134
0.937000, 4133
0.941000, 4132
0.941000, 4131
0.941000, 4130
0.947000, 4129
0.949000, 4128
0.950000, 4127
0.956000, 4126
0.957000, 4125
0.960000, 4124
0.965000, 4123
0.966000, 4122
0.968000, 4121
0.968000, 4120
0.974000, 4119
0.974000, 4118
0.978000, 4117
0.980000, 4116
0.982000, 4115
0.982000, 4114
0.989000, 4113
1.000000, 4112
1.004000, 4111
1.004000, 4110
1.009000, 4109
1.029000, 4108
1.042000, 4107
1.042000, 4106
1.042000, 4105
1.057000, 4104
1.058000, 4103
1.059000, 4102
1.060000, 4101
1.064000, 4100
1.069000, 4099
1.073000, 4098
1.079000, 4097
1.081000, 4096
1.084000, 4095
1.093000, 4094
1.109000, 4093
1.110000, 4092
1.110000, 4091
1.129000, 4090
1.138000, 4089
1.143000, 4088
1.145000, 4087
1.150000, 4086
1.169000, 4085
1.179000, 4084
1.185000, 4083
1.185000, 4082
1.186000, 4081
1.191000, 4080
1.215000, 4079
1.245000, 4078
1.285000, 4077
1.287000, 4076
1.301000, 4075
1.310000, 4074
1.315000, 4073
1.321000, 4072
1.336000, 4071
1.340000, 4070
1.393000, 4069
1.412000, 4068
1.424000, 4067
1.430000, 4066
1.440000, 4065
1.476000, 4064
1.479000, 4063
1.495000, 4062
1.573000, 4061
1.574000, 4060
1.590000, 4059
1.599000, 4058
1.614000, 4057
1.736000, 4056
1.777000, 4055
