0.077000, 7185
0.913000, 7184
0.917000, 7183
0.921000, 7182
0.924000, 7181
0.928000, 7180
0.931000, 7179
0.934000, 7178
0.938000, 7177
0.941000, 7176
0.945000, 7175
0.949000, 7174
0.952000, 7173
0.955000, 7172
0.959000, 7171
0.963000, 7170
0.967000, 7169
0.970000, 7168
0.974000, 7167
0.978000, 7166
0.981000, 7165
0.986000, 7164
0.989000, 7163
0.993000, 7162
0.997000, 7161
1.343000, 7160
1.347000, 7159
1.350000, 7158
1.354000, 7157
1.358000, 7156
1.361000, 7155
1.365000, 7154
1.790000, 7153
1.794000, 7152
1.797000, 7151
1.800000, 7150
1.803000, 7149
1.806000, 7148
1.809000, 7147
1.813000, 7146
1.816000, 7145
1.820000, 7144
1.823000, 7143
1.827000, 7142
2.612000, 7141
2.615000, 7140
2.618000, 7139
2.622000, 7138
2.625000, 7137
3.036000, 7136
3.039000, 7135
3.043000, 7134
3.047000, 7133
3.050000, 7132
3.053000, 7131
3.439000, 7130
3.443000, 7129
3.446000, 7128
3.450000, 7127
3.453000, 7126
3.456000, 7125
4.264000, 7124
4.267000, 7123
4.271000, 7122
4.274000, 7121
4.277000, 7120
4.281000, 7119
4.285000, 7118
4.288000, 7117
4.375000, 7116
4.378000, 7115
4.381000, 7114
4.677000, 7113
4.680000, 7112
4.683000, 7111
4.686000, 7110
5.066000, 7109
5.069000, 7108
5.072000, 7107
5.265000, 7106
5.268000, 7105
5.271000, 7104
6.873000, 7103
6.876000, 7102
6.879000, 7101
6.882000, 7100
6.886000, 7099
8.078000, 7098
8.082000, 7097
8.085000, 7096
8.088000, 7095
8.091000, 7094
9.031000, 7093
9.034000, 7092
9.037000, 7091
9.041000, 7090
9.045000, 7089
11.922000, 7088
11.925000, 7087
11.928000, 7086
11.931000, 7085
13.392000, 7084
13.395000, 7083
13.398000, 7082
13.402000, 7081
14.890000, 7080
15.579000, 7079
15.581000, 7078
15.584000, 7077
16.629999, 7076
16.632000, 7075
18.200001, 7074
18.202999, 7073
19.759001, 7072
19.761999, 7071
22.180000, 7070
22.183001, 7069
22.186001, 7068
22.188999, 7067
24.649000, 7066
24.650999, 7065
24.653999, 7064
26.280001, 7063
26.283001, 7062
26.285999, 7061
26.288000, 7060
27.962999, 7059
35.374001, 7058
35.376999, 7057
40.472000, 7056
45.001999, 7055
77.723999, 7054
141.393005, 7053
160.134003, 7052
188.820999, 7051
318.967987, 7050
415.707001, 7049
493.032990, 7048
