0.078000, 7185
0.548000, 7184
0.553000, 7183
0.558000, 7182
0.562000, 7181
0.567000, 7180
0.571000, 7179
0.576000, 7178
0.580000, 7177
0.584000, 7176
0.590000, 7175
0.594000, 7174
0.598000, 7173
0.603000, 7172
1.370000, 7171
1.373000, 7170
1.376000, 7169
1.380000, 7168
1.383000, 7167
1.387000, 7166
1.390000, 7165
1.393000, 7164
1.397000, 7163
1.400000, 7162
1.404000, 7161
1.408000, 7160
1.411000, 7159
1.414000, 7158
1.418000, 7157
1.421000, 7156
1.424000, 7155
1.428000, 7154
1.432000, 7153
1.435000, 7152
1.664000, 7151
1.667000, 7150
1.671000, 7149
1.674000, 7148
1.677000, 7147
1.681000, 7146
1.684000, 7145
1.688000, 7144
1.691000, 7143
1.925000, 7142
1.928000, 7141
1.932000, 7140
1.935000, 7139
1.938000, 7138
2.007000, 7137
2.011000, 7136
2.691000, 7135
2.694000, 7134
2.698000, 7133
2.701000, 7132
2.704000, 7131
3.813000, 7130
3.816000, 7129
3.819000, 7128
3.822000, 7127
3.825000, 7126
3.828000, 7125
3.831000, 7124
3.835000, 7123
3.838000, 7122
3.841000, 7121
3.845000, 7120
4.526000, 7119
4.529000, 7118
4.532000, 7117
4.535000, 7116
4.539000, 7115
4.542000, 7114
4.545000, 7113
4.548000, 7112
4.551000, 7111
4.555000, 7110
4.559000, 7109
4.983000, 7108
4.986000, 7107
4.989000, 7106
4.992000, 7105
4.995000, 7104
6.670000, 7103
6.673000, 7102
6.676000, 7101
6.680000, 7100
6.683000, 7099
6.686000, 7098
6.690000, 7097
6.693000, 7096
6.697000, 7095
6.700000, 7094
6.703000, 7093
6.707000, 7092
6.884000, 7091
6.887000, 7090
7.710000, 7089
8.629000, 7088
8.632000, 7087
8.636000, 7086
8.639000, 7085
8.642000, 7084
10.095000, 7083
10.099000, 7082
10.102000, 7081
11.379000, 7080
11.382000, 7079
11.385000, 7078
11.388000, 7077
13.097000, 7076
13.100000, 7075
15.216000, 7074
15.218000, 7073
15.221000, 7072
16.400000, 7071
16.403000, 7070
16.406000, 7069
16.409000, 7068
18.233999, 7067
18.237000, 7066
18.239000, 7065
19.363001, 7064
19.365000, 7063
20.028999, 7062
20.032000, 7061
23.961000, 7060
23.964001, 7059
25.214001, 7058
27.790001, 7057
27.792999, 7056
27.795000, 7055
27.798000, 7054
32.844002, 7053
39.875000, 7052
41.313999, 7051
80.602997, 7050
111.448997, 7049
129.404999, 7048
129.408005, 7047
129.410995, 7046
