0.078000, 7185
0.449000, 7184
0.453000, 7183
0.457000, 7182
0.463000, 7181
0.467000, 7180
1.030000, 7179
1.033000, 7178
1.036000, 7177
1.039000, 7176
1.043000, 7175
1.046000, 7174
1.049000, 7173
1.052000, 7172
1.055000, 7171
1.059000, 7170
1.062000, 7169
1.066000, 7168
1.069000, 7167
1.072000, 7166
1.435000, 7165
1.438000, 7164
1.441000, 7163
1.444000, 7162
1.448000, 7161
1.451000, 7160
1.454000, 7159
1.457000, 7158
1.461000, 7157
1.464000, 7156
1.468000, 7155
1.471000, 7154
1.882000, 7153
1.885000, 7152
1.888000, 7151
1.891000, 7150
1.894000, 7149
1.897000, 7148
1.900000, 7147
1.904000, 7146
1.907000, 7145
1.911000, 7144
2.538000, 7143
2.541000, 7142
2.544000, 7141
2.548000, 7140
2.551000, 7139
2.555000, 7138
2.824000, 7137
2.827000, 7136
2.831000, 7135
2.834000, 7134
2.838000, 7133
2.841000, 7132
2.845000, 7131
2.978000, 7130
2.982000, 7129
3.846000, 7128
3.849000, 7127
3.852000, 7126
3.855000, 7125
3.858000, 7124
4.464000, 7123
4.467000, 7122
4.470000, 7121
4.473000, 7120
4.476000, 7119
4.480000, 7118
5.714000, 7117
5.717000, 7116
5.720000, 7115
5.723000, 7114
6.441000, 7113
6.444000, 7112
6.448000, 7111
6.451000, 7110
6.454000, 7109
6.457000, 7108
6.461000, 7107
7.573000, 7106
7.576000, 7105
7.579000, 7104
7.582000, 7103
7.585000, 7102
9.417000, 7101
9.421000, 7100
9.424000, 7099
9.427000, 7098
9.431000, 7097
9.435000, 7096
9.439000, 7095
9.443000, 7094
10.284000, 7093
10.288000, 7092
10.292000, 7091
10.295000, 7090
10.299000, 7089
10.302000, 7088
12.143000, 7087
12.147000, 7086
12.150000, 7085
12.154000, 7084
12.158000, 7083
12.161000, 7082
12.164000, 7081
15.376000, 7080
15.379000, 7079
15.381000, 7078
16.535999, 7077
16.539000, 7076
16.542000, 7075
18.528999, 7074
18.532000, 7073
19.559000, 7072
19.562000, 7071
19.565001, 7070
19.566999, 7069
20.426001, 7068
20.427999, 7067
20.431999, 7066
22.104000, 7065
22.106001, 7064
27.715000, 7063
27.718000, 7062
27.721001, 7061
27.723000, 7060
29.013000, 7059
30.124001, 7058
30.127001, 7057
30.837000, 7056
30.840000, 7055
30.843000, 7054
30.846001, 7053
40.327999, 7052
44.230000, 7051
44.233002, 7050
49.854000, 7049
57.523998, 7048
74.887001, 7047
151.675995, 7046
152.287003, 7045
178.341995, 7044
181.893005, 7043
