0.066000, 7185
0.608000, 7184
0.612000, 7183
0.617000, 7182
0.622000, 7181
0.628000, 7180
0.634000, 7179
0.639000, 7178
0.644000, 7177
1.293000, 7176
1.297000, 7175
1.300000, 7174
1.304000, 7173
1.308000, 7172
1.311000, 7171
1.315000, 7170
1.319000, 7169
1.324000, 7168
1.329000, 7167
1.334000, 7166
1.734000, 7165
1.738000, 7164
1.960000, 7163
1.964000, 7162
1.968000, 7161
1.972000, 7160
1.975000, 7159
1.979000, 7158
2.731000, 7157
2.735000, 7156
2.738000, 7155
2.742000, 7154
2.746000, 7153
2.749000, 7152
2.754000, 7151
2.757000, 7150
2.761000, 7149
2.766000, 7148
2.769000, 7147
2.773000, 7146
2.778000, 7145
2.782000, 7144
3.179000, 7143
3.182000, 7142
3.186000, 7141
3.190000, 7140
3.193000, 7139
3.197000, 7138
3.775000, 7137
3.779000, 7136
3.783000, 7135
3.786000, 7134
3.790000, 7133
3.793000, 7132
3.798000, 7131
3.801000, 7130
3.805000, 7129
3.808000, 7128
3.812000, 7127
4.576000, 7126
4.579000, 7125
4.583000, 7124
4.586000, 7123
4.590000, 7122
4.594000, 7121
4.598000, 7120
6.169000, 7119
6.172000, 7118
6.176000, 7117
6.179000, 7116
6.182000, 7115
6.185000, 7114
6.188000, 7113
6.192000, 7112
6.196000, 7111
6.200000, 7110
7.255000, 7109
7.258000, 7108
7.262000, 7107
7.266000, 7106
8.673000, 7105
8.677000, 7104
8.681000, 7103
8.685000, 7102
8.688000, 7101
8.692000, 7100
8.696000, 7099
8.701000, 7098
8.705000, 7097
11.978000, 7096
11.982000, 7095
11.986000, 7094
11.989000, 7093
11.993000, 7092
11.997000, 7091
12.001000, 7090
12.006000, 7089
12.010000, 7088
12.819000, 7087
12.823000, 7086
12.826000, 7085
16.919001, 7084
16.922001, 7083
18.562000, 7082
18.565001, 7081
21.648001, 7080
21.652000, 7079
21.655001, 7078
21.658001, 7077
22.889999, 7076
22.893000, 7075
25.281000, 7074
25.284000, 7073
29.841999, 7072
29.844999, 7071
29.848000, 7070
31.311001, 7069
31.313999, 7068
31.318001, 7067
31.320999, 7066
31.601000, 7065
34.223000, 7064
34.226002, 7063
39.056000, 7062
39.058998, 7061
39.062000, 7060
39.064999, 7059
39.068001, 7058
46.085999, 7057
46.089001, 7056
52.243999, 7055
220.589005, 7054
220.591995, 7053
220.595001, 7052
233.876999, 7051
233.880005, 7050
264.632996, 7049
288.973999, 7048
391.825012, 7047
404.078003, 7046
551.552979, 7045
