0.063000, 7185
0.298000, 7184
0.302000, 7183
0.306000, 7182
0.759000, 7181
0.763000, 7180
0.766000, 7179
0.769000, 7178
0.773000, 7177
0.776000, 7176
0.779000, 7175
0.782000, 7174
0.786000, 7173
0.789000, 7172
0.793000, 7171
0.796000, 7170
0.799000, 7169
0.904000, 7168
0.907000, 7167
1.214000, 7166
1.218000, 7165
1.221000, 7164
1.224000, 7163
1.227000, 7162
1.230000, 7161
1.436000, 7160
1.439000, 7159
1.442000, 7158
1.445000, 7157
1.449000, 7156
1.452000, 7155
1.456000, 7154
1.459000, 7153
1.802000, 7152
1.805000, 7151
1.809000, 7150
1.812000, 7149
1.815000, 7148
1.819000, 7147
1.823000, 7146
1.826000, 7145
1.829000, 7144
2.675000, 7143
2.678000, 7142
2.682000, 7141
2.685000, 7140
2.688000, 7139
2.691000, 7138
2.694000, 7137
2.699000, 7136
3.048000, 7135
3.051000, 7134
3.055000, 7133
3.058000, 7132
3.062000, 7131
3.643000, 7130
3.646000, 7129
3.649000, 7128
3.653000, 7127
3.656000, 7126
3.659000, 7125
3.663000, 7124
4.893000, 7123
4.896000, 7122
4.899000, 7121
4.902000, 7120
4.905000, 7119
4.909000, 7118
4.912000, 7117
4.915000, 7116
4.919000, 7115
4.923000, 7114
4.926000, 7113
4.929000, 7112
4.933000, 7111
4.936000, 7110
4.939000, 7109
4.943000, 7108
4.946000, 7107
4.950000, 7106
4.953000, 7105
4.957000, 7104
4.960000, 7103
4.964000, 7102
4.968000, 7101
5.678000, 7100
5.681000, 7099
5.684000, 7098
5.687000, 7097
6.639000, 7096
6.642000, 7095
6.645000, 7094
6.648000, 7093
6.652000, 7092
8.180000, 7091
8.183000, 7090
8.186000, 7089
8.189000, 7088
8.193000, 7087
8.196000, 7086
8.199000, 7085
10.574000, 7084
10.577000, 7083
10.581000, 7082
10.584000, 7081
10.588000, 7080
10.591000, 7079
10.594000, 7078
14.423000, 7077
14.426000, 7076
14.428000, 7075
14.431000, 7074
14.433000, 7073
14.774000, 7072
17.457001, 7071
17.459999, 7070
17.462000, 7069
17.697001, 7068
17.700001, 7067
20.063999, 7066
20.066999, 7065
20.070000, 7064
22.954000, 7063
22.957001, 7062
25.462999, 7061
25.466000, 7060
25.469000, 7059
25.471001, 7058
27.393999, 7057
32.004002, 7056
35.200001, 7055
37.563000, 7054
37.566002, 7053
44.962002, 7052
44.966000, 7051
51.662998, 7050
63.639000, 7049
223.847000, 7048
233.455002, 7047
280.485992, 7046
280.489014, 7045
397.748993, 7044
398.949005, 7043
497.441986, 7042
566.429016, 7041
