0.080000, 7185
0.544000, 7184
0.548000, 7183
0.553000, 7182
0.557000, 7181
0.561000, 7180
0.564000, 7179
0.568000, 7178
0.572000, 7177
0.575000, 7176
0.579000, 7175
1.046000, 7174
1.049000, 7173
1.053000, 7172
1.056000, 7171
1.061000, 7170
1.065000, 7169
1.069000, 7168
1.072000, 7167
1.076000, 7166
1.081000, 7165
1.084000, 7164
1.087000, 7163
1.091000, 7162
1.770000, 7161
1.774000, 7160
1.777000, 7159
1.781000, 7158
1.785000, 7157
1.789000, 7156
1.793000, 7155
1.796000, 7154
1.801000, 7153
1.804000, 7152
2.686000, 7151
2.689000, 7150
2.693000, 7149
2.696000, 7148
2.699000, 7147
2.703000, 7146
2.707000, 7145
2.710000, 7144
2.713000, 7143
2.717000, 7142
2.720000, 7141
3.383000, 7140
3.387000, 7139
3.390000, 7138
3.393000, 7137
3.397000, 7136
3.400000, 7135
3.403000, 7134
4.099000, 7133
4.102000, 7132
4.106000, 7131
4.109000, 7130
4.112000, 7129
4.116000, 7128
4.119000, 7127
4.122000, 7126
4.126000, 7125
4.130000, 7124
4.681000, 7123
4.684000, 7122
4.688000, 7121
5.189000, 7120
5.193000, 7119
5.196000, 7118
5.200000, 7117
5.205000, 7116
6.234000, 7115
6.238000, 7114
6.242000, 7113
6.246000, 7112
6.250000, 7111
6.255000, 7110
6.259000, 7109
6.263000, 7108
6.267000, 7107
7.206000, 7106
7.209000, 7105
7.212000, 7104
7.215000, 7103
7.218000, 7102
7.222000, 7101
7.226000, 7100
7.909000, 7099
7.912000, 7098
7.915000, 7097
8.675000, 7096
8.678000, 7095
9.075000, 7094
9.079000, 7093
9.083000, 7092
11.058000, 7091
11.062000, 7090
11.065000, 7089
11.069000, 7088
11.072000, 7087
11.076000, 7086
11.080000, 7085
11.084000, 7084
11.287000, 7083
13.391000, 7082
13.395000, 7081
13.398000, 7080
13.401000, 7079
13.404000, 7078
13.408000, 7077
13.411000, 7076
13.415000, 7075
16.789000, 7074
16.792000, 7073
16.794001, 7072
16.797001, 7071
19.146000, 7070
19.148001, 7069
19.150999, 7068
19.153999, 7067
19.157000, 7066
20.799000, 7065
20.802000, 7064
20.805000, 7063
21.862000, 7062
25.429001, 7061
25.431999, 7060
25.434000, 7059
25.437000, 7058
32.458000, 7057
32.460999, 7056
32.464001, 7055
35.971001, 7054
35.973999, 7053
35.977001, 7052
57.366001, 7051
57.368999, 7050
57.372002, 7049
84.620003, 7048
178.477005, 7047
184.110992, 7046
184.113998, 7045
297.157990, 7044
428.028992, 7043
