0.064000, 7185
0.363000, 7184
0.367000, 7183
0.371000, 7182
0.375000, 7181
0.379000, 7180
0.931000, 7179
0.934000, 7178
0.937000, 7177
0.940000, 7176
0.943000, 7175
0.947000, 7174
0.950000, 7173
0.953000, 7172
0.957000, 7171
0.961000, 7170
0.964000, 7169
0.967000, 7168
0.971000, 7167
0.974000, 7166
0.977000, 7165
0.982000, 7164
0.985000, 7163
1.154000, 7162
1.158000, 7161
1.161000, 7160
1.165000, 7159
1.169000, 7158
1.172000, 7157
1.522000, 7156
1.526000, 7155
1.529000, 7154
1.533000, 7153
1.536000, 7152
1.539000, 7151
1.543000, 7150
1.547000, 7149
1.550000, 7148
1.553000, 7147
1.557000, 7146
1.561000, 7145
1.564000, 7144
1.567000, 7143
1.570000, 7142
2.781000, 7141
2.785000, 7140
2.788000, 7139
2.792000, 7138
2.795000, 7137
2.799000, 7136
2.802000, 7135
2.805000, 7134
2.809000, 7133
2.813000, 7132
2.816000, 7131
2.820000, 7130
2.823000, 7129
2.826000, 7128
2.830000, 7127
3.225000, 7126
3.229000, 7125
3.232000, 7124
3.235000, 7123
3.239000, 7122
3.416000, 7121
3.863000, 7120
3.866000, 7119
3.869000, 7118
3.873000, 7117
3.876000, 7116
4.994000, 7115
4.998000, 7114
5.001000, 7113
5.004000, 7112
5.008000, 7111
5.012000, 7110
7.208000, 7109
7.212000, 7108
7.215000, 7107
7.219000, 7106
7.222000, 7105
7.225000, 7104
7.229000, 7103
7.233000, 7102
7.236000, 7101
8.860000, 7100
8.863000, 7099
8.867000, 7098
8.870000, 7097
8.874000, 7096
8.877000, 7095
8.881000, 7094
9.259000, 7093
10.328000, 7092
10.333000, 7091
10.336000, 7090
10.339000, 7089
10.343000, 7088
10.346000, 7087
12.084000, 7086
12.088000, 7085
12.091000, 7084
12.094000, 7083
12.098000, 7082
13.045000, 7081
13.048000, 7080
13.051000, 7079
13.055000, 7078
16.132999, 7077
16.136000, 7076
16.952999, 7075
16.955999, 7074
16.958000, 7073
16.962000, 7072
17.670000, 7071
17.672001, 7070
21.187000, 7069
21.188999, 7068
21.191999, 7067
21.195000, 7066
23.808001, 7065
23.811001, 7064
23.813999, 7063
26.563000, 7062
26.566000, 7061
28.452999, 7060
28.455000, 7059
28.459000, 7058
32.131001, 7057
32.133999, 7056
33.582001, 7055
33.584999, 7054
37.001999, 7053
37.451000, 7052
37.453999, 7051
43.029999, 7050
43.803001, 7049
48.960999, 7048
50.530998, 7047
54.466999, 7046
59.764000, 7045
63.998001, 7044
70.830002, 7043
76.994003, 7042
76.997002, 7041
122.150002, 7040
122.152000, 7039
122.154999, 7038
168.552002, 7037
177.692001, 7036
179.529007, 7035
354.550995, 7034
429.514008, 7033
429.516998, 7032
565.710999, 7031
