0.078000, 7185
0.468000, 7184
0.472000, 7183
0.476000, 7182
0.481000, 7181
0.485000, 7180
0.488000, 7179
0.492000, 7178
0.496000, 7177
1.489000, 7176
1.492000, 7175
1.495000, 7174
1.499000, 7173
1.502000, 7172
1.505000, 7171
1.509000, 7170
1.512000, 7169
1.516000, 7168
1.519000, 7167
1.522000, 7166
1.526000, 7165
1.530000, 7164
1.533000, 7163
1.536000, 7162
1.539000, 7161
1.543000, 7160
1.547000, 7159
1.550000, 7158
1.554000, 7157
1.557000, 7156
1.561000, 7155
1.564000, 7154
1.567000, 7153
1.570000, 7152
1.914000, 7151
1.917000, 7150
1.920000, 7149
1.923000, 7148
1.926000, 7147
1.929000, 7146
2.535000, 7145
2.538000, 7144
2.541000, 7143
2.545000, 7142
2.548000, 7141
2.551000, 7140
2.554000, 7139
2.557000, 7138
2.561000, 7137
2.565000, 7136
2.568000, 7135
2.815000, 7134
2.818000, 7133
2.821000, 7132
3.097000, 7131
3.100000, 7130
3.103000, 7129
3.294000, 7128
3.298000, 7127
3.301000, 7126
3.304000, 7125
3.865000, 7124
3.868000, 7123
3.872000, 7122
3.875000, 7121
3.879000, 7120
3.882000, 7119
3.886000, 7118
3.889000, 7117
4.524000, 7116
4.528000, 7115
4.531000, 7114
4.534000, 7113
4.537000, 7112
5.129000, 7111
5.132000, 7110
5.135000, 7109
5.139000, 7108
5.142000, 7107
5.145000, 7106
5.912000, 7105
5.915000, 7104
5.918000, 7103
5.922000, 7102
5.925000, 7101
5.929000, 7100
5.932000, 7099
5.936000, 7098
5.939000, 7097
8.067000, 7096
8.070000, 7095
8.074000, 7094
8.077000, 7093
8.081000, 7092
8.084000, 7091
8.088000, 7090
8.091000, 7089
8.094000, 7088
8.098000, 7087
8.102000, 7086
8.106000, 7085
8.109000, 7084
9.181000, 7083
9.184000, 7082
10.145000, 7081
10.148000, 7080
10.151000, 7079
10.156000, 7078
10.964000, 7077
13.989000, 7076
13.992000, 7075
13.995000, 7074
13.998000, 7073
14.001000, 7072
14.004000, 7071
14.007000, 7070
14.010000, 7069
14.013000, 7068
15.441000, 7067
15.444000, 7066
18.198999, 7065
18.202000, 7064
18.205000, 7063
18.207001, 7062
18.209999, 7061
20.568001, 7060
20.570999, 7059
20.573000, 7058
23.549000, 7057
23.552000, 7056
23.555000, 7055
25.971001, 7054
25.974001, 7053
28.027000, 7052
28.030001, 7051
28.032000, 7050
28.035000, 7049
28.038000, 7048
29.232000, 7047
33.681999, 7046
33.685001, 7045
33.687000, 7044
33.689999, 7043
39.901001, 7042
39.904999, 7041
44.994999, 7040
71.009003, 7039
450.707001, 7038
