0.063000, 7185
0.581000, 7184
0.586000, 7183
0.590000, 7182
0.594000, 7181
0.597000, 7180
0.601000, 7179
0.605000, 7178
0.608000, 7177
0.612000, 7176
0.615000, 7175
0.619000, 7174
0.622000, 7173
0.625000, 7172
0.629000, 7171
0.632000, 7170
0.636000, 7169
0.639000, 7168
1.259000, 7167
1.263000, 7166
1.266000, 7165
1.269000, 7164
1.273000, 7163
1.276000, 7162
1.279000, 7161
1.283000, 7160
1.476000, 7159
1.479000, 7158
1.483000, 7157
1.486000, 7156
1.761000, 7155
1.765000, 7154
1.768000, 7153
1.771000, 7152
1.774000, 7151
1.778000, 7150
2.275000, 7149
2.278000, 7148
2.282000, 7147
2.285000, 7146
2.288000, 7145
2.291000, 7144
2.295000, 7143
2.298000, 7142
2.301000, 7141
2.305000, 7140
2.309000, 7139
2.313000, 7138
2.316000, 7137
2.319000, 7136
2.787000, 7135
2.790000, 7134
2.794000, 7133
3.655000, 7132
3.658000, 7131
3.661000, 7130
3.665000, 7129
3.668000, 7128
3.672000, 7127
3.675000, 7126
3.679000, 7125
3.684000, 7124
3.687000, 7123
3.691000, 7122
4.081000, 7121
4.084000, 7120
4.087000, 7119
4.090000, 7118
4.093000, 7117
4.096000, 7116
4.955000, 7115
4.958000, 7114
4.961000, 7113
6.368000, 7112
6.372000, 7111
6.375000, 7110
6.378000, 7109
7.142000, 7108
7.145000, 7107
7.148000, 7106
7.151000, 7105
8.984000, 7104
8.987000, 7103
8.991000, 7102
8.994000, 7101
8.997000, 7100
9.001000, 7099
9.005000, 7098
9.474000, 7097
9.478000, 7096
9.481000, 7095
10.311000, 7094
10.315000, 7093
10.318000, 7092
13.184000, 7091
13.188000, 7090
13.191000, 7089
13.195000, 7088
13.200000, 7087
13.203000, 7086
13.208000, 7085
15.287000, 7084
15.290000, 7083
16.930000, 7082
16.933001, 7081
16.934999, 7080
19.524000, 7079
19.527000, 7078
19.530001, 7077
19.532000, 7076
20.313999, 7075
20.316999, 7074
20.320000, 7073
20.322001, 7072
22.259001, 7071
22.261999, 7070
22.264999, 7069
23.537001, 7068
23.540001, 7067
23.542999, 7066
26.077999, 7065
26.080999, 7064
26.083000, 7063
26.086000, 7062
26.089001, 7061
26.962999, 7060
26.966000, 7059
30.032000, 7058
30.035000, 7057
30.038000, 7056
30.041000, 7055
32.389999, 7054
37.416000, 7053
37.418999, 7052
41.681000, 7051
46.176998, 7050
49.528000, 7049
49.529999, 7048
80.433998, 7047
84.581001, 7046
84.583000, 7045
96.757004, 7044
133.932007, 7043
176.218994, 7042
193.261993, 7041
197.876007, 7040
266.153015, 7039
266.156006, 7038
266.158997, 7037
366.446991, 7036
442.335999, 7035
442.338989, 7034
470.006989, 7033
