0.078000, 7185
0.576000, 7184
0.580000, 7183
0.583000, 7182
0.588000, 7181
0.591000, 7180
0.595000, 7179
0.599000, 7178
0.602000, 7177
0.605000, 7176
0.609000, 7175
0.612000, 7174
0.820000, 7173
0.823000, 7172
0.826000, 7171
0.830000, 7170
0.833000, 7169
1.192000, 7168
1.195000, 7167
1.198000, 7166
1.202000, 7165
1.205000, 7164
1.208000, 7163
1.212000, 7162
1.215000, 7161
1.219000, 7160
1.222000, 7159
1.379000, 7158
1.382000, 7157
2.155000, 7156
2.158000, 7155
2.161000, 7154
2.165000, 7153
2.168000, 7152
2.172000, 7151
2.175000, 7150
2.178000, 7149
2.182000, 7148
3.049000, 7147
3.052000, 7146
3.056000, 7145
3.059000, 7144
3.062000, 7143
3.065000, 7142
3.069000, 7141
3.073000, 7140
3.076000, 7139
3.562000, 7138
3.565000, 7137
3.569000, 7136
4.365000, 7135
4.368000, 7134
4.371000, 7133
4.374000, 7132
4.377000, 7131
4.380000, 7130
4.384000, 7129
5.064000, 7128
5.069000, 7127
5.072000, 7126
5.075000, 7125
5.079000, 7124
5.082000, 7123
5.085000, 7122
5.254000, 7121
5.257000, 7120
5.261000, 7119
5.893000, 7118
5.896000, 7117
5.900000, 7116
6.519000, 7115
6.523000, 7114
7.181000, 7113
7.184000, 7112
7.187000, 7111
7.190000, 7110
7.343000, 7109
7.346000, 7108
8.549000, 7107
8.552000, 7106
8.555000, 7105
8.558000, 7104
8.561000, 7103
8.565000, 7102
8.569000, 7101
8.573000, 7100
8.577000, 7099
8.580000, 7098
8.583000, 7097
8.587000, 7096
8.984000, 7095
8.987000, 7094
9.768000, 7093
9.772000, 7092
9.776000, 7091
9.779000, 7090
9.783000, 7089
9.976000, 7088
9.979000, 7087
11.187000, 7086
11.190000, 7085
11.193000, 7084
11.197000, 7083
11.200000, 7082
11.203000, 7081
11.206000, 7080
11.209000, 7079
11.699000, 7078
12.432000, 7077
13.486000, 7076
13.489000, 7075
13.492000, 7074
13.494000, 7073
13.498000, 7072
14.180000, 7071
15.969000, 7070
15.972000, 7069
15.975000, 7068
19.999001, 7067
23.636000, 7066
23.638000, 7065
25.112000, 7064
25.115000, 7063
28.906000, 7062
28.909000, 7061
28.912001, 7060
29.738001, 7059
29.740999, 7058
29.743999, 7057
33.160000, 7056
33.162998, 7055
33.165001, 7054
35.518002, 7053
35.520000, 7052
38.898998, 7051
54.105000, 7050
107.335999, 7049
107.338997, 7048
345.858002, 7047
362.886993, 7046
366.460999, 7045
391.623993, 7044
453.873993, 7043
504.011993, 7042
507.311005, 7041
521.135010, 7040
563.025024, 7039
