0.016000, 2284
0.167000, 2283
0.433000, 2282
0.433000, 2281
0.433000, 2280
0.433000, 2279
0.433000, 2278
0.433000, 2277
0.495000, 2276
0.495000, 2275
0.495000, 2274
0.542000, 2273
0.542000, 2272
0.542000, 2271
0.542000, 2270
0.542000, 2269
0.589000, 2268
0.589000, 2267
0.589000, 2266
0.589000, 2265
0.589000, 2264
0.589000, 2263
0.620000, 2262
0.620000, 2261
0.620000, 2260
0.652000, 2259
0.652000, 2258
0.652000, 2257
0.777000, 2256
0.777000, 2255
0.777000, 2254
0.777000, 2253
0.870000, 2252
0.870000, 2251
0.870000, 2250
0.995000, 2249
0.995000, 2248
1.027000, 2247
1.230000, 2246
1.308000, 2245
1.449000, 2244
1.511000, 2243
1.798000, 2242
1.829000, 2241
1.939000, 2240
1.939000, 2239
1.939000, 2238
2.095000, 2237
2.454000, 2236
2.620000, 2235
16.351999, 2234
40.918999, 2233
87.486000, 2232
106.461998, 2231
139.494003, 2230
176.498993, 2229
234.979004, 2228
262.165985, 2227
409.808014, 2226
471.337006, 2225
481.466003, 2224
