0.031000, 2284
0.078000, 2283
0.078000, 2282
0.109000, 2281
0.281000, 2280
0.281000, 2279
0.281000, 2278
0.281000, 2277
0.281000, 2276
0.343000, 2275
0.359000, 2274
0.359000, 2273
0.531000, 2272
0.531000, 2271
0.531000, 2270
0.531000, 2269
0.531000, 2268
0.531000, 2267
0.562000, 2266
0.562000, 2265
0.640000, 2264
0.640000, 2263
0.640000, 2262
0.640000, 2261
0.640000, 2260
0.640000, 2259
0.640000, 2258
0.687000, 2257
0.718000, 2256
0.718000, 2255
0.718000, 2254
0.750000, 2253
0.750000, 2252
0.750000, 2251
0.750000, 2250
0.750000, 2249
0.750000, 2248
0.765000, 2247
0.765000, 2246
0.828000, 2245
0.828000, 2244
0.828000, 2243
0.922000, 2242
0.922000, 2241
0.922000, 2240
0.948000, 2239
1.091000, 2238
1.403000, 2237
1.403000, 2236
1.403000, 2235
1.935000, 2234
2.531000, 2233
2.531000, 2232
3.078000, 2231
30.080999, 2230
215.113007, 2229
232.005005, 2228
255.095001, 2227
297.467987, 2226
308.237000, 2225
423.778992, 2224
