0.047000, 2284
0.219000, 2283
0.219000, 2282
0.219000, 2281
0.266000, 2280
0.266000, 2279
0.328000, 2278
0.422000, 2277
0.422000, 2276
0.422000, 2275
0.422000, 2274
0.422000, 2273
0.422000, 2272
0.547000, 2271
0.547000, 2270
0.547000, 2269
0.563000, 2268
0.563000, 2267
0.563000, 2266
0.578000, 2265
0.578000, 2264
0.594000, 2263
0.594000, 2262
0.656000, 2261
0.656000, 2260
0.656000, 2259
0.719000, 2258
0.719000, 2257
0.719000, 2256
0.719000, 2255
0.719000, 2254
0.813000, 2253
0.813000, 2252
0.813000, 2251
0.813000, 2250
0.813000, 2249
0.860000, 2248
0.860000, 2247
0.860000, 2246
0.860000, 2245
0.875000, 2244
0.906000, 2243
0.906000, 2242
1.031000, 2241
1.031000, 2240
1.047000, 2239
1.141000, 2238
1.141000, 2237
1.406000, 2236
1.828000, 2235
2.203000, 2234
3.094000, 2233
3.094000, 2232
11.453000, 2231
36.860001, 2230
82.985001, 2229
227.501999, 2228
240.830994, 2227
434.744995, 2226
436.953003, 2225
507.768005, 2224
