0.023000, 2284
0.199000, 2283
0.199000, 2282
0.199000, 2281
0.199000, 2280
0.199000, 2279
0.277000, 2278
0.277000, 2277
0.277000, 2276
0.277000, 2275
0.293000, 2274
0.293000, 2273
0.402000, 2272
0.402000, 2271
0.402000, 2270
0.418000, 2269
0.465000, 2268
0.465000, 2267
0.465000, 2266
0.542000, 2265
0.542000, 2264
0.597000, 2263
0.598000, 2262
0.598000, 2261
0.599000, 2260
0.599000, 2259
0.664000, 2258
0.664000, 2257
0.665000, 2256
0.665000, 2255
0.748000, 2254
0.748000, 2253
0.828000, 2252
0.829000, 2251
0.830000, 2250
0.908000, 2249
0.909000, 2248
0.926000, 2247
1.018000, 2246
1.175000, 2245
1.222000, 2244
1.222000, 2243
1.222000, 2242
1.300000, 2241
1.300000, 2240
1.378000, 2239
1.378000, 2238
1.378000, 2237
1.653000, 2236
1.731000, 2235
1.762000, 2234
2.215000, 2233
3.118000, 2232
3.150000, 2231
9.076000, 2230
20.128000, 2229
60.056999, 2228
90.806999, 2227
123.848000, 2226
139.893005, 2225
175.837006, 2224
198.496002, 2223
313.615997, 2222
318.651001, 2221
