0.016000, 2284
0.219000, 2283
0.219000, 2282
0.219000, 2281
0.219000, 2280
0.250000, 2279
0.250000, 2278
0.328000, 2277
0.328000, 2276
0.406000, 2275
0.406000, 2274
0.406000, 2273
0.547000, 2272
0.547000, 2271
0.547000, 2270
0.547000, 2269
0.547000, 2268
0.578000, 2267
0.578000, 2266
0.578000, 2265
0.594000, 2264
0.594000, 2263
0.594000, 2262
0.625000, 2261
0.625000, 2260
0.625000, 2259
0.672000, 2258
0.672000, 2257
0.750000, 2256
0.750000, 2255
0.750000, 2254
0.828000, 2253
0.891000, 2252
0.891000, 2251
1.016000, 2250
1.016000, 2249
1.016000, 2248
1.016000, 2247
1.016000, 2246
1.188000, 2245
1.188000, 2244
1.234000, 2243
1.234000, 2242
1.313000, 2241
1.313000, 2240
1.438000, 2239
1.438000, 2238
1.438000, 2237
1.547000, 2236
1.609000, 2235
1.609000, 2234
1.625000, 2233
1.891000, 2232
1.891000, 2231
1.891000, 2230
2.125000, 2229
2.406000, 2228
3.063000, 2227
3.234000, 2226
65.265999, 2225
69.047997, 2224
128.658005, 2223
148.334000, 2222
201.692993, 2221
482.816986, 2220
