0.023000, 2284
0.059000, 2283
0.061000, 2282
0.257000, 2281
0.260000, 2280
0.262000, 2279
0.264000, 2278
0.266000, 2277
0.426000, 2276
0.427000, 2275
0.429000, 2274
0.530000, 2273
0.531000, 2272
0.533000, 2271
0.535000, 2270
0.597000, 2269
0.598000, 2268
0.599000, 2267
0.599000, 2266
0.600000, 2265
0.636000, 2264
0.637000, 2263
0.749000, 2262
0.749000, 2261
0.750000, 2260
0.751000, 2259
0.752000, 2258
0.753000, 2257
0.776000, 2256
0.777000, 2255
0.838000, 2254
0.902000, 2253
0.968000, 2252
0.970000, 2251
0.971000, 2250
0.972000, 2249
1.122000, 2248
1.123000, 2247
1.124000, 2246
1.281000, 2245
1.281000, 2244
1.282000, 2243
1.480000, 2242
1.481000, 2241
1.481000, 2240
1.680000, 2239
1.680000, 2238
2.005000, 2237
2.005000, 2236
2.295000, 2235
2.460000, 2234
2.461000, 2233
2.701000, 2232
2.702000, 2231
3.128000, 2230
4.325000, 2229
23.728001, 2228
24.167000, 2227
68.124001, 2226
70.639999, 2225
76.593002, 2224
87.920998, 2223
90.045998, 2222
188.537994, 2221
303.610992, 2220
569.809998, 2219
