0.015000, 2284
0.250000, 2283
0.250000, 2282
0.265000, 2281
0.265000, 2280
0.390000, 2279
0.390000, 2278
0.390000, 2277
0.406000, 2276
0.468000, 2275
0.468000, 2274
0.546000, 2273
0.546000, 2272
0.578000, 2271
0.578000, 2270
0.578000, 2269
0.578000, 2268
0.609000, 2267
0.640000, 2266
0.640000, 2265
0.656000, 2264
0.656000, 2263
0.687000, 2262
0.687000, 2261
0.687000, 2260
0.687000, 2259
0.750000, 2258
0.750000, 2257
0.906000, 2256
0.906000, 2255
0.906000, 2254
0.968000, 2253
0.968000, 2252
0.968000, 2251
1.062000, 2250
1.062000, 2249
1.062000, 2248
1.062000, 2247
1.109000, 2246
1.109000, 2245
1.171000, 2244
1.171000, 2243
1.187000, 2242
1.328000, 2241
1.328000, 2240
1.515000, 2239
1.703000, 2238
1.906000, 2237
2.015000, 2236
2.093000, 2235
2.187000, 2234
3.375000, 2233
20.094000, 2232
89.471001, 2231
110.783997, 2230
133.908997, 2229
177.720993, 2228
340.731995, 2227
583.015015, 2226
