0.015000, 2284
0.125000, 2283
0.125000, 2282
0.125000, 2281
0.125000, 2280
0.125000, 2279
0.234000, 2278
0.234000, 2277
0.234000, 2276
0.359000, 2275
0.359000, 2274
0.359000, 2273
0.468000, 2272
0.468000, 2271
0.531000, 2270
0.531000, 2269
0.531000, 2268
0.531000, 2267
0.578000, 2266
0.578000, 2265
0.578000, 2264
0.578000, 2263
0.593000, 2262
0.656000, 2261
0.656000, 2260
0.656000, 2259
0.672000, 2258
0.672000, 2257
0.781000, 2256
0.781000, 2255
0.953000, 2254
0.953000, 2253
0.953000, 2252
0.953000, 2251
0.984000, 2250
0.984000, 2249
1.062000, 2248
1.062000, 2247
1.173000, 2246
1.173000, 2245
1.173000, 2244
1.267000, 2243
1.345000, 2242
1.408000, 2241
1.595000, 2240
1.595000, 2239
1.595000, 2238
1.798000, 2237
1.798000, 2236
1.798000, 2235
1.845000, 2234
2.970000, 2233
3.126000, 2232
16.358999, 2231
50.327999, 2230
69.109001, 2229
85.072998, 2228
97.306999, 2227
204.167007, 2226
301.135010, 2225
369.915009, 2224
