0.015000, 2284
0.125000, 2283
0.140000, 2282
0.140000, 2281
0.234000, 2280
0.234000, 2279
0.234000, 2278
0.234000, 2277
0.250000, 2276
0.250000, 2275
0.281000, 2274
0.281000, 2273
0.328000, 2272
0.328000, 2271
0.437000, 2270
0.437000, 2269
0.437000, 2268
0.515000, 2267
0.515000, 2266
0.515000, 2265
0.515000, 2264
0.531000, 2263
0.531000, 2262
0.562000, 2261
0.578000, 2260
0.578000, 2259
0.578000, 2258
0.578000, 2257
0.578000, 2256
0.578000, 2255
0.656000, 2254
0.656000, 2253
0.656000, 2252
0.656000, 2251
0.687000, 2250
0.687000, 2249
0.718000, 2248
0.718000, 2247
0.781000, 2246
0.781000, 2245
0.781000, 2244
0.796000, 2243
1.031000, 2242
1.031000, 2241
1.031000, 2240
1.031000, 2239
1.031000, 2238
1.125000, 2237
1.187000, 2236
1.187000, 2235
1.187000, 2234
1.484000, 2233
1.860000, 2232
1.939000, 2231
2.360000, 2230
2.360000, 2229
3.549000, 2228
17.226999, 2227
23.745001, 2226
96.384003, 2225
301.365997, 2224
352.630005, 2223
