0.016000, 2284
0.234000, 2283
0.234000, 2282
0.234000, 2281
0.250000, 2280
0.250000, 2279
0.250000, 2278
0.391000, 2277
0.391000, 2276
0.391000, 2275
0.391000, 2274
0.391000, 2273
0.406000, 2272
0.406000, 2271
0.406000, 2270
0.406000, 2269
0.594000, 2268
0.594000, 2267
0.594000, 2266
0.594000, 2265
0.594000, 2264
0.594000, 2263
0.594000, 2262
0.594000, 2261
0.594000, 2260
0.609000, 2259
0.672000, 2258
0.672000, 2257
0.672000, 2256
0.719000, 2255
0.719000, 2254
0.719000, 2253
0.750000, 2252
0.750000, 2251
0.766000, 2250
0.875000, 2249
0.875000, 2248
0.875000, 2247
0.891000, 2246
0.891000, 2245
0.891000, 2244
0.938000, 2243
0.938000, 2242
1.016000, 2241
1.078000, 2240
1.235000, 2239
1.250000, 2238
1.281000, 2237
1.391000, 2236
1.391000, 2235
1.672000, 2234
1.672000, 2233
1.938000, 2232
1.938000, 2231
2.031000, 2230
2.360000, 2229
2.453000, 2228
2.625000, 2227
3.391000, 2226
130.018997, 2225
148.690994, 2224
260.216003, 2223
423.109009, 2222
552.961975, 2221
