0.000000, 927
0.000000, 926
0.000000, 925
0.000000, 924
0.000000, 923
0.000000, 922
0.000000, 921
0.000000, 920
0.000000, 919
0.000000, 918
0.000000, 917
0.000000, 916
0.000000, 915
0.000000, 914
0.000000, 913
0.000000, 912
0.000000, 911
0.000000, 910
0.000000, 909
0.000000, 908
0.000000, 907
0.000000, 906
0.000000, 905
0.000000, 904
0.000000, 903
0.000000, 902
0.016000, 901
0.016000, 900
0.016000, 899
0.016000, 898
0.016000, 897
0.016000, 896
0.016000, 895
0.016000, 894
0.016000, 893
0.016000, 892
0.016000, 891
0.016000, 890
0.016000, 889
0.016000, 888
0.016000, 887
0.016000, 886
0.016000, 885
0.016000, 884
0.016000, 883
0.016000, 882
0.016000, 881
0.016000, 880
0.016000, 879
0.016000, 878
0.016000, 877
0.016000, 876
0.016000, 875
0.016000, 874
0.016000, 873
0.016000, 872
0.016000, 871
0.016000, 870
0.016000, 869
0.016000, 868
0.016000, 867
0.016000, 866
0.016000, 865
0.016000, 864
0.016000, 863
0.016000, 862
0.016000, 861
0.016000, 860
0.016000, 859
0.016000, 858
0.016000, 857
0.016000, 856
0.016000, 855
0.016000, 854
0.016000, 853
0.016000, 852
0.016000, 851
0.016000, 850
0.016000, 849
0.016000, 848
0.016000, 847
0.016000, 846
0.016000, 845
0.016000, 844
0.016000, 843
0.016000, 842
0.016000, 841
0.016000, 840
0.016000, 839
0.016000, 838
0.016000, 837
0.016000, 836
0.016000, 835
0.016000, 834
0.016000, 833
0.016000, 832
0.016000, 831
0.016000, 830
0.016000, 829
0.016000, 828
0.016000, 827
0.016000, 826
0.016000, 825
0.016000, 824
0.031000, 823
0.031000, 822
0.031000, 821
0.031000, 820
0.031000, 819
0.031000, 818
0.031000, 817
0.031000, 816
0.031000, 815
0.031000, 814
0.031000, 813
0.031000, 812
0.031000, 811
0.031000, 810
0.031000, 809
0.031000, 808
0.031000, 807
0.031000, 806
0.031000, 805
0.031000, 804
0.031000, 803
0.031000, 802
0.031000, 801
0.031000, 800
0.031000, 799
0.031000, 798
0.031000, 797
0.031000, 796
0.031000, 795
0.031000, 794
0.031000, 793
0.031000, 792
0.031000, 791
0.031000, 790
0.031000, 789
0.031000, 788
0.031000, 787
0.031000, 786
0.031000, 785
0.031000, 784
0.031000, 783
0.031000, 782
0.031000, 781
0.031000, 780
0.031000, 779
0.031000, 778
0.031000, 777
0.031000, 776
0.047000, 775
0.047000, 774
0.047000, 773
0.047000, 772
0.047000, 771
0.047000, 770
0.047000, 769
0.047000, 768
0.047000, 767
0.047000, 766
0.047000, 765
0.047000, 764
0.047000, 763
0.063000, 762
0.063000, 761
0.063000, 760
0.063000, 759
