0.000000, 923
0.016000, 922
0.016000, 921
0.016000, 920
0.016000, 919
0.016000, 918
0.016000, 917
0.016000, 916
0.016000, 915
0.016000, 914
0.016000, 913
0.016000, 912
0.016000, 911
0.016000, 910
0.016000, 909
0.016000, 908
0.016000, 907
0.016000, 906
0.016000, 905
0.016000, 904
0.016000, 903
0.016000, 902
0.016000, 901
0.016000, 900
0.016000, 899
0.016000, 898
0.016000, 897
0.016000, 896
0.016000, 895
0.016000, 894
0.016000, 893
0.016000, 892
0.016000, 891
0.016000, 890
0.016000, 889
0.016000, 888
0.016000, 887
0.016000, 886
0.016000, 885
0.016000, 884
0.016000, 883
0.016000, 882
0.016000, 881
0.016000, 880
0.016000, 879
0.016000, 878
0.016000, 877
0.016000, 876
0.016000, 875
0.016000, 874
0.016000, 873
0.016000, 872
0.016000, 871
0.016000, 870
0.016000, 869
0.016000, 868
0.016000, 867
0.016000, 866
0.016000, 865
0.016000, 864
0.016000, 863
0.016000, 862
0.016000, 861
0.016000, 860
0.016000, 859
0.032000, 858
0.032000, 857
0.032000, 856
0.032000, 855
0.032000, 854
0.032000, 853
0.032000, 852
0.032000, 851
0.032000, 850
0.032000, 849
0.032000, 848
0.032000, 847
0.032000, 846
0.032000, 845
0.032000, 844
0.032000, 843
0.032000, 842
0.032000, 841
0.032000, 840
0.032000, 839
0.032000, 838
0.032000, 837
0.032000, 836
0.032000, 835
0.032000, 834
0.032000, 833
0.032000, 832
0.032000, 831
0.032000, 830
0.032000, 829
0.032000, 828
0.032000, 827
0.032000, 826
0.032000, 825
0.032000, 824
0.032000, 823
0.032000, 822
0.032000, 821
0.032000, 820
0.032000, 819
0.032000, 818
0.032000, 817
0.032000, 816
0.032000, 815
0.032000, 814
0.032000, 813
0.032000, 812
0.032000, 811
0.032000, 810
0.032000, 809
0.032000, 808
0.032000, 807
0.032000, 806
0.032000, 805
0.032000, 804
0.032000, 803
0.032000, 802
0.032000, 801
0.032000, 800
0.032000, 799
0.032000, 798
0.032000, 797
0.032000, 796
0.032000, 795
0.047000, 794
0.047000, 793
0.047000, 792
0.047000, 791
0.047000, 790
0.047000, 789
0.047000, 788
0.047000, 787
0.047000, 786
0.047000, 785
0.047000, 784
0.047000, 783
0.047000, 782
0.047000, 781
0.047000, 780
0.047000, 779
0.047000, 778
0.047000, 777
0.047000, 776
0.047000, 775
0.047000, 774
0.047000, 773
0.047000, 772
0.047000, 771
0.047000, 770
0.063000, 769
0.063000, 768
0.063000, 767
