0.000000, 921
0.000000, 920
0.000000, 919
0.000000, 918
0.000000, 917
0.000000, 916
0.000000, 915
0.000000, 914
0.000000, 913
0.000000, 912
0.000000, 911
0.000000, 910
0.000000, 909
0.000000, 908
0.000000, 907
0.000000, 906
0.000000, 905
0.000000, 904
0.000000, 903
0.000000, 902
0.000000, 901
0.000000, 900
0.000000, 899
0.000000, 898
0.000000, 897
0.000000, 896
0.000000, 895
0.000000, 894
0.000000, 893
0.000000, 892
0.000000, 891
0.000000, 890
0.000000, 889
0.000000, 888
0.000000, 887
0.000000, 886
0.000000, 885
0.000000, 884
0.000000, 883
0.000000, 882
0.000000, 881
0.000000, 880
0.000000, 879
0.000000, 878
0.000000, 877
0.000000, 876
0.000000, 875
0.000000, 874
0.000000, 873
0.000000, 872
0.000000, 871
0.000000, 870
0.000000, 869
0.000000, 868
0.000000, 867
0.000000, 866
0.000000, 865
0.000000, 864
0.000000, 863
0.000000, 862
0.000000, 861
0.016000, 860
0.016000, 859
0.016000, 858
0.016000, 857
0.016000, 856
0.016000, 855
0.016000, 854
0.016000, 853
0.016000, 852
0.016000, 851
0.016000, 850
0.016000, 849
0.016000, 848
0.016000, 847
0.016000, 846
0.016000, 845
0.016000, 844
0.016000, 843
0.016000, 842
0.016000, 841
0.016000, 840
0.016000, 839
0.016000, 838
0.016000, 837
0.016000, 836
0.016000, 835
0.016000, 834
0.016000, 833
0.016000, 832
0.016000, 831
0.016000, 830
0.016000, 829
0.016000, 828
0.016000, 827
0.016000, 826
0.016000, 825
0.016000, 824
0.016000, 823
0.016000, 822
0.016000, 821
0.016000, 820
0.016000, 819
0.016000, 818
0.016000, 817
0.016000, 816
0.016000, 815
0.016000, 814
0.016000, 813
0.016000, 812
0.016000, 811
0.016000, 810
0.016000, 809
0.016000, 808
0.016000, 807
0.016000, 806
0.016000, 805
0.016000, 804
0.016000, 803
0.016000, 802
0.016000, 801
0.016000, 800
0.016000, 799
0.016000, 798
0.016000, 797
0.016000, 796
0.016000, 795
0.016000, 794
0.016000, 793
0.016000, 792
0.032000, 791
0.032000, 790
0.032000, 789
0.032000, 788
0.032000, 787
0.032000, 786
0.032000, 785
0.032000, 784
0.032000, 783
0.032000, 782
0.032000, 781
0.032000, 780
0.032000, 779
0.032000, 778
0.032000, 777
0.032000, 776
0.032000, 775
0.032000, 774
0.032000, 773
0.032000, 772
0.032000, 771
0.032000, 770
0.032000, 769
0.032000, 768
0.032000, 767
0.047000, 766
0.047000, 765
0.047000, 764
0.047000, 763
0.047000, 762
0.063000, 761
0.079000, 760
