0.000000, 927
0.000000, 926
0.000000, 925
0.000000, 924
0.000000, 923
0.000000, 922
0.000000, 921
0.000000, 920
0.000000, 919
0.000000, 918
0.000000, 917
0.000000, 916
0.000000, 915
0.000000, 914
0.000000, 913
0.000000, 912
0.000000, 911
0.000000, 910
0.000000, 909
0.000000, 908
0.000000, 907
0.000000, 906
0.000000, 905
0.000000, 904
0.000000, 903
0.000000, 902
0.000000, 901
0.000000, 900
0.000000, 899
0.000000, 898
0.000000, 897
0.000000, 896
0.000000, 895
0.000000, 894
0.000000, 893
0.000000, 892
0.000000, 891
0.000000, 890
0.000000, 889
0.015000, 888
0.015000, 887
0.015000, 886
0.015000, 885
0.015000, 884
0.015000, 883
0.015000, 882
0.015000, 881
0.015000, 880
0.015000, 879
0.015000, 878
0.015000, 877
0.015000, 876
0.015000, 875
0.015000, 874
0.015000, 873
0.015000, 872
0.015000, 871
0.015000, 870
0.015000, 869
0.015000, 868
0.015000, 867
0.015000, 866
0.015000, 865
0.015000, 864
0.015000, 863
0.015000, 862
0.015000, 861
0.015000, 860
0.015000, 859
0.015000, 858
0.015000, 857
0.015000, 856
0.015000, 855
0.015000, 854
0.015000, 853
0.015000, 852
0.015000, 851
0.015000, 850
0.015000, 849
0.015000, 848
0.015000, 847
0.015000, 846
0.015000, 845
0.015000, 844
0.015000, 843
0.015000, 842
0.015000, 841
0.015000, 840
0.015000, 839
0.015000, 838
0.015000, 837
0.015000, 836
0.015000, 835
0.015000, 834
0.015000, 833
0.015000, 832
0.015000, 831
0.015000, 830
0.015000, 829
0.015000, 828
0.015000, 827
0.015000, 826
0.015000, 825
0.015000, 824
0.015000, 823
0.015000, 822
0.015000, 821
0.015000, 820
0.015000, 819
0.015000, 818
0.015000, 817
0.015000, 816
0.015000, 815
0.031000, 814
0.031000, 813
0.031000, 812
0.031000, 811
0.031000, 810
0.031000, 809
0.031000, 808
0.031000, 807
0.031000, 806
0.031000, 805
0.031000, 804
0.031000, 803
0.031000, 802
0.031000, 801
0.031000, 800
0.031000, 799
0.031000, 798
0.031000, 797
0.031000, 796
0.031000, 795
0.031000, 794
0.031000, 793
0.031000, 792
0.031000, 791
0.031000, 790
0.031000, 789
0.031000, 788
0.031000, 787
0.031000, 786
0.031000, 785
0.031000, 784
0.031000, 783
0.031000, 782
0.031000, 781
0.031000, 780
0.031000, 779
0.031000, 778
0.031000, 777
0.031000, 776
0.031000, 775
0.031000, 774
0.047000, 773
0.047000, 772
0.047000, 771
0.047000, 770
0.047000, 769
0.047000, 768
0.047000, 767
0.047000, 766
0.062000, 765
0.078000, 764
