0.012000, 6829
0.015000, 6828
0.087000, 6827
0.089000, 6826
0.090000, 6825
0.090000, 6824
0.090000, 6823
0.091000, 6822
0.091000, 6821
0.092000, 6820
0.092000, 6819
0.092000, 6818
0.097000, 6817
0.098000, 6816
0.098000, 6815
0.099000, 6814
0.099000, 6813
0.100000, 6812
0.101000, 6811
0.101000, 6810
0.102000, 6809
0.104000, 6808
0.104000, 6807
0.105000, 6806
0.105000, 6805
0.106000, 6804
0.106000, 6803
0.106000, 6802
0.107000, 6801
0.108000, 6800
0.109000, 6799
0.109000, 6798
0.110000, 6797
0.111000, 6796
0.112000, 6795
0.113000, 6794
0.114000, 6793
0.114000, 6792
0.115000, 6791
0.115000, 6790
0.116000, 6789
0.116000, 6788
0.117000, 6787
0.117000, 6786
0.118000, 6785
0.118000, 6784
0.118000, 6783
0.119000, 6782
0.119000, 6781
0.120000, 6780
0.120000, 6779
0.121000, 6778
0.121000, 6777
0.122000, 6776
0.123000, 6775
0.124000, 6774
0.125000, 6773
0.127000, 6772
0.128000, 6771
0.128000, 6770
0.128000, 6769
0.129000, 6768
0.130000, 6767
0.130000, 6766
0.131000, 6765
0.132000, 6764
0.133000, 6763
0.133000, 6762
0.134000, 6761
0.134000, 6760
0.135000, 6759
0.135000, 6758
0.136000, 6757
0.136000, 6756
0.137000, 6755
0.138000, 6754
0.138000, 6753
0.139000, 6752
0.139000, 6751
0.139000, 6750
0.139000, 6749
0.142000, 6748
0.143000, 6747
0.143000, 6746
0.144000, 6745
0.144000, 6744
0.145000, 6743
0.145000, 6742
0.145000, 6741
0.146000, 6740
0.146000, 6739
0.147000, 6738
0.147000, 6737
0.148000, 6736
0.149000, 6735
0.149000, 6734
0.149000, 6733
0.150000, 6732
0.151000, 6731
0.151000, 6730
0.151000, 6729
0.152000, 6728
0.152000, 6727
0.152000, 6726
0.155000, 6725
0.155000, 6724
0.156000, 6723
0.156000, 6722
0.157000, 6721
0.157000, 6720
0.158000, 6719
0.158000, 6718
0.158000, 6717
0.158000, 6716
0.159000, 6715
0.159000, 6714
0.160000, 6713
0.160000, 6712
0.160000, 6711
0.161000, 6710
0.161000, 6709
0.162000, 6708
0.162000, 6707
0.162000, 6706
0.163000, 6705
0.164000, 6704
0.164000, 6703
0.164000, 6702
0.165000, 6701
0.167000, 6700
0.167000, 6699
0.168000, 6698
0.170000, 6697
0.170000, 6696
0.170000, 6695
0.171000, 6694
0.171000, 6693
0.172000, 6692
0.173000, 6691
0.174000, 6690
0.174000, 6689
0.175000, 6688
0.177000, 6687
0.179000, 6686
0.179000, 6685
0.181000, 6684
0.182000, 6683
0.182000, 6682
0.182000, 6681
0.183000, 6680
0.185000, 6679
0.185000, 6678
0.185000, 6677
0.186000, 6676
0.190000, 6675
0.191000, 6674
0.191000, 6673
0.191000, 6672
0.192000, 6671
0.192000, 6670
0.193000, 6669
0.193000, 6668
0.194000, 6667
0.194000, 6666
0.195000, 6665
0.196000, 6664
0.199000, 6663
0.199000, 6662
0.200000, 6661
0.200000, 6660
0.201000, 6659
0.201000, 6658
0.201000, 6657
0.202000, 6656
0.205000, 6655
0.206000, 6654
0.207000, 6653
0.208000, 6652
0.209000, 6651
0.210000, 6650
0.211000, 6649
0.211000, 6648
0.213000, 6647
0.213000, 6646
0.215000, 6645
0.215000, 6644
0.216000, 6643
0.217000, 6642
0.218000, 6641
0.219000, 6640
0.220000, 6639
0.220000, 6638
0.220000, 6637
0.222000, 6636
0.222000, 6635
0.222000, 6634
0.223000, 6633
0.223000, 6632
0.223000, 6631
0.224000, 6630
0.224000, 6629
0.225000, 6628
0.225000, 6627
0.226000, 6626
0.227000, 6625
0.228000, 6624
0.229000, 6623
0.230000, 6622
0.231000, 6621
0.232000, 6620
0.233000, 6619
0.233000, 6618
0.233000, 6617
0.234000, 6616
0.235000, 6615
0.235000, 6614
0.236000, 6613
0.237000, 6612
0.238000, 6611
0.239000, 6610
0.239000, 6609
0.240000, 6608
0.240000, 6607
0.241000, 6606
0.241000, 6605
0.242000, 6604
0.242000, 6603
0.243000, 6602
0.244000, 6601
0.244000, 6600
0.245000, 6599
0.245000, 6598
0.246000, 6597
0.246000, 6596
0.247000, 6595
0.248000, 6594
0.248000, 6593
0.248000, 6592
0.249000, 6591
0.250000, 6590
0.251000, 6589
0.251000, 6588
0.253000, 6587
0.254000, 6586
0.254000, 6585
0.255000, 6584
0.256000, 6583
0.256000, 6582
0.258000, 6581
0.259000, 6580
0.259000, 6579
0.260000, 6578
0.261000, 6577
0.262000, 6576
0.264000, 6575
0.273000, 6574
0.273000, 6573
0.274000, 6572
0.274000, 6571
0.274000, 6570
0.275000, 6569
0.275000, 6568
0.276000, 6567
0.276000, 6566
0.276000, 6565
0.276000, 6564
0.276000, 6563
0.277000, 6562
0.278000, 6561
0.278000, 6560
0.279000, 6559
0.279000, 6558
0.280000, 6557
0.280000, 6556
0.281000, 6555
0.281000, 6554
0.281000, 6553
0.281000, 6552
0.282000, 6551
0.282000, 6550
0.283000, 6549
0.283000, 6548
0.283000, 6547
0.284000, 6546
0.284000, 6545
0.285000, 6544
0.285000, 6543
0.285000, 6542
0.286000, 6541
0.286000, 6540
0.287000, 6539
0.288000, 6538
0.289000, 6537
0.290000, 6536
0.290000, 6535
0.290000, 6534
0.291000, 6533
0.291000, 6532
0.291000, 6531
0.291000, 6530
0.292000, 6529
0.292000, 6528
0.293000, 6527
0.293000, 6526
0.294000, 6525
0.294000, 6524
0.294000, 6523
0.295000, 6522
0.295000, 6521
0.295000, 6520
0.295000, 6519
0.296000, 6518
0.297000, 6517
0.297000, 6516
0.298000, 6515
0.299000, 6514
0.299000, 6513
0.299000, 6512
0.300000, 6511
0.300000, 6510
0.301000, 6509
0.301000, 6508
0.301000, 6507
0.302000, 6506
0.302000, 6505
0.302000, 6504
0.302000, 6503
0.303000, 6502
0.303000, 6501
0.304000, 6500
0.304000, 6499
0.304000, 6498
0.304000, 6497
0.305000, 6496
0.305000, 6495
0.305000, 6494
0.306000, 6493
0.306000, 6492
0.306000, 6491
0.307000, 6490
0.308000, 6489
0.308000, 6488
0.309000, 6487
0.309000, 6486
0.310000, 6485
0.310000, 6484
0.310000, 6483
0.310000, 6482
0.311000, 6481
0.311000, 6480
0.312000, 6479
0.312000, 6478
0.312000, 6477
0.313000, 6476
0.314000, 6475
0.314000, 6474
0.314000, 6473
0.314000, 6472
0.314000, 6471
0.314000, 6470
0.315000, 6469
0.316000, 6468
0.316000, 6467
0.317000, 6466
0.317000, 6465
0.318000, 6464
0.318000, 6463
0.318000, 6462
0.318000, 6461
0.319000, 6460
0.319000, 6459
0.320000, 6458
0.320000, 6457
0.320000, 6456
0.321000, 6455
0.322000, 6454
0.322000, 6453
0.322000, 6452
0.322000, 6451
0.324000, 6450
0.324000, 6449
0.324000, 6448
0.324000, 6447
0.324000, 6446
0.325000, 6445
0.326000, 6444
0.326000, 6443
0.326000, 6442
0.327000, 6441
0.327000, 6440
0.327000, 6439
0.327000, 6438
0.328000, 6437
0.328000, 6436
0.329000, 6435
0.329000, 6434
0.329000, 6433
0.330000, 6432
0.330000, 6431
0.331000, 6430
0.331000, 6429
0.331000, 6428
0.331000, 6427
0.332000, 6426
0.332000, 6425
0.332000, 6424
0.333000, 6423
0.333000, 6422
0.334000, 6421
0.335000, 6420
0.335000, 6419
0.336000, 6418
0.336000, 6417
0.336000, 6416
0.336000, 6415
0.337000, 6414
0.337000, 6413
0.337000, 6412
0.338000, 6411
0.338000, 6410
0.339000, 6409
0.339000, 6408
0.339000, 6407
0.340000, 6406
0.340000, 6405
0.341000, 6404
0.341000, 6403
0.341000, 6402
0.341000, 6401
0.342000, 6400
0.342000, 6399
0.342000, 6398
0.343000, 6397
0.343000, 6396
0.343000, 6395
0.343000, 6394
0.343000, 6393
0.344000, 6392
0.344000, 6391
0.344000, 6390
0.345000, 6389
0.346000, 6388
0.346000, 6387
0.346000, 6386
0.347000, 6385
0.347000, 6384
0.348000, 6383
0.348000, 6382
0.348000, 6381
0.349000, 6380
0.349000, 6379
0.349000, 6378
0.350000, 6377
0.350000, 6376
0.351000, 6375
0.351000, 6374
0.351000, 6373
0.351000, 6372
0.352000, 6371
0.352000, 6370
0.352000, 6369
0.353000, 6368
0.353000, 6367
0.354000, 6366
0.355000, 6365
0.355000, 6364
0.355000, 6363
0.356000, 6362
0.357000, 6361
0.357000, 6360
0.357000, 6359
0.358000, 6358
0.358000, 6357
0.359000, 6356
0.359000, 6355
0.359000, 6354
0.360000, 6353
0.360000, 6352
0.360000, 6351
0.361000, 6350
0.361000, 6349
0.361000, 6348
0.362000, 6347
0.362000, 6346
0.362000, 6345
0.363000, 6344
0.363000, 6343
0.363000, 6342
0.364000, 6341
0.364000, 6340
0.365000, 6339
0.365000, 6338
0.365000, 6337
0.365000, 6336
0.366000, 6335
0.366000, 6334
0.366000, 6333
0.366000, 6332
0.367000, 6331
0.367000, 6330
0.368000, 6329
0.368000, 6328
0.368000, 6327
0.369000, 6326
0.369000, 6325
0.370000, 6324
0.372000, 6323
0.372000, 6322
0.373000, 6321
0.373000, 6320
0.374000, 6319
0.375000, 6318
0.375000, 6317
0.376000, 6316
0.376000, 6315
0.376000, 6314
0.376000, 6313
0.377000, 6312
0.378000, 6311
0.378000, 6310
0.378000, 6309
0.379000, 6308
0.379000, 6307
0.379000, 6306
0.380000, 6305
0.380000, 6304
0.380000, 6303
0.380000, 6302
0.381000, 6301
0.381000, 6300
0.382000, 6299
0.382000, 6298
0.382000, 6297
0.382000, 6296
0.383000, 6295
0.383000, 6294
0.384000, 6293
0.385000, 6292
0.385000, 6291
0.386000, 6290
0.386000, 6289
0.386000, 6288
0.387000, 6287
0.387000, 6286
0.389000, 6285
0.389000, 6284
0.390000, 6283
0.390000, 6282
0.390000, 6281
0.390000, 6280
0.391000, 6279
0.391000, 6278
0.393000, 6277
0.393000, 6276
0.394000, 6275
0.394000, 6274
0.395000, 6273
0.396000, 6272
0.396000, 6271
0.396000, 6270
0.397000, 6269
0.398000, 6268
0.398000, 6267
0.398000, 6266
0.399000, 6265
0.399000, 6264
0.400000, 6263
0.401000, 6262
0.403000, 6261
0.404000, 6260
0.404000, 6259
0.404000, 6258
0.405000, 6257
0.405000, 6256
0.405000, 6255
0.405000, 6254
0.406000, 6253
0.406000, 6252
0.406000, 6251
0.406000, 6250
0.407000, 6249
0.407000, 6248
0.408000, 6247
0.408000, 6246
0.409000, 6245
0.410000, 6244
0.410000, 6243
0.411000, 6242
0.411000, 6241
0.412000, 6240
0.412000, 6239
0.413000, 6238
0.413000, 6237
0.413000, 6236
0.414000, 6235
0.414000, 6234
0.415000, 6233
0.416000, 6232
0.416000, 6231
0.416000, 6230
0.418000, 6229
0.419000, 6228
0.420000, 6227
0.420000, 6226
0.422000, 6225
0.422000, 6224
0.422000, 6223
0.423000, 6222
0.423000, 6221
0.423000, 6220
0.423000, 6219
0.425000, 6218
0.426000, 6217
0.427000, 6216
0.428000, 6215
0.428000, 6214
0.428000, 6213
0.428000, 6212
0.429000, 6211
0.430000, 6210
0.431000, 6209
0.432000, 6208
0.432000, 6207
0.433000, 6206
0.433000, 6205
0.434000, 6204
0.434000, 6203
0.435000, 6202
0.435000, 6201
0.436000, 6200
0.436000, 6199
0.436000, 6198
0.436000, 6197
0.436000, 6196
0.436000, 6195
0.437000, 6194
0.437000, 6193
0.437000, 6192
0.438000, 6191
0.438000, 6190
0.439000, 6189
0.440000, 6188
0.440000, 6187
0.441000, 6186
0.441000, 6185
0.441000, 6184
0.441000, 6183
0.442000, 6182
0.443000, 6181
0.443000, 6180
0.443000, 6179
0.443000, 6178
0.444000, 6177
0.445000, 6176
0.445000, 6175
0.445000, 6174
0.445000, 6173
0.446000, 6172
0.446000, 6171
0.446000, 6170
0.446000, 6169
0.448000, 6168
0.448000, 6167
0.448000, 6166
0.449000, 6165
0.449000, 6164
0.449000, 6163
0.449000, 6162
0.450000, 6161
0.450000, 6160
0.451000, 6159
0.451000, 6158
0.451000, 6157
0.452000, 6156
0.452000, 6155
0.453000, 6154
0.453000, 6153
0.453000, 6152
0.454000, 6151
0.454000, 6150
0.454000, 6149
0.455000, 6148
0.455000, 6147
0.456000, 6146
0.456000, 6145
0.457000, 6144
0.457000, 6143
0.458000, 6142
0.459000, 6141
0.459000, 6140
0.468000, 6139
0.468000, 6138
0.468000, 6137
0.469000, 6136
0.469000, 6135
0.469000, 6134
0.470000, 6133
0.470000, 6132
0.471000, 6131
0.471000, 6130
0.471000, 6129
0.471000, 6128
0.472000, 6127
0.472000, 6126
0.472000, 6125
0.473000, 6124
0.473000, 6123
0.474000, 6122
0.474000, 6121
0.475000, 6120
0.475000, 6119
0.476000, 6118
0.476000, 6117
0.477000, 6116
0.478000, 6115
0.478000, 6114
0.478000, 6113
0.479000, 6112
0.479000, 6111
0.479000, 6110
0.480000, 6109
0.480000, 6108
0.481000, 6107
0.481000, 6106
0.482000, 6105
0.482000, 6104
0.482000, 6103
0.483000, 6102
0.483000, 6101
0.484000, 6100
0.486000, 6099
0.486000, 6098
0.487000, 6097
0.487000, 6096
0.488000, 6095
0.488000, 6094
0.490000, 6093
0.490000, 6092
0.491000, 6091
0.491000, 6090
0.492000, 6089
0.493000, 6088
0.493000, 6087
0.494000, 6086
0.494000, 6085
0.495000, 6084
0.495000, 6083
0.495000, 6082
0.495000, 6081
0.496000, 6080
0.496000, 6079
0.496000, 6078
0.497000, 6077
0.497000, 6076
0.498000, 6075
0.498000, 6074
0.499000, 6073
0.499000, 6072
0.500000, 6071
0.500000, 6070
0.501000, 6069
0.501000, 6068
0.501000, 6067
0.501000, 6066
0.503000, 6065
0.504000, 6064
0.504000, 6063
0.505000, 6062
0.505000, 6061
0.506000, 6060
0.506000, 6059
0.507000, 6058
0.508000, 6057
0.508000, 6056
0.509000, 6055
0.512000, 6054
0.512000, 6053
0.513000, 6052
0.514000, 6051
0.514000, 6050
0.514000, 6049
0.514000, 6048
0.514000, 6047
0.515000, 6046
0.515000, 6045
0.515000, 6044
0.516000, 6043
0.516000, 6042
0.516000, 6041
0.518000, 6040
0.518000, 6039
0.519000, 6038
0.519000, 6037
0.520000, 6036
0.521000, 6035
0.522000, 6034
0.522000, 6033
0.523000, 6032
0.523000, 6031
0.524000, 6030
0.525000, 6029
0.525000, 6028
0.525000, 6027
0.525000, 6026
0.526000, 6025
0.528000, 6024
0.528000, 6023
0.528000, 6022
0.528000, 6021
0.529000, 6020
0.530000, 6019
0.530000, 6018
0.530000, 6017
0.531000, 6016
0.532000, 6015
0.532000, 6014
0.533000, 6013
0.534000, 6012
0.535000, 6011
0.535000, 6010
0.535000, 6009
0.536000, 6008
0.537000, 6007
0.538000, 6006
0.539000, 6005
0.539000, 6004
0.540000, 6003
0.540000, 6002
0.540000, 6001
0.540000, 6000
0.541000, 5999
0.541000, 5998
0.541000, 5997
0.541000, 5996
0.542000, 5995
0.542000, 5994
0.543000, 5993
0.543000, 5992
0.543000, 5991
0.545000, 5990
0.545000, 5989
0.545000, 5988
0.546000, 5987
0.548000, 5986
0.548000, 5985
0.548000, 5984
0.548000, 5983
0.549000, 5982
0.549000, 5981
0.550000, 5980
0.550000, 5979
0.551000, 5978
0.551000, 5977
0.551000, 5976
0.552000, 5975
0.552000, 5974
0.553000, 5973
0.553000, 5972
0.553000, 5971
0.554000, 5970
0.555000, 5969
0.556000, 5968
0.557000, 5967
0.557000, 5966
0.557000, 5965
0.558000, 5964
0.558000, 5963
0.560000, 5962
0.561000, 5961
0.561000, 5960
0.562000, 5959
0.562000, 5958
0.562000, 5957
0.563000, 5956
0.563000, 5955
0.563000, 5954
0.564000, 5953
0.564000, 5952
0.565000, 5951
0.566000, 5950
0.566000, 5949
0.566000, 5948
0.566000, 5947
0.567000, 5946
0.568000, 5945
0.568000, 5944
0.568000, 5943
0.571000, 5942
0.572000, 5941
0.572000, 5940
0.573000, 5939
0.573000, 5938
0.574000, 5937
0.574000, 5936
0.575000, 5935
0.575000, 5934
0.575000, 5933
0.576000, 5932
0.578000, 5931
0.579000, 5930
0.579000, 5929
0.580000, 5928
0.580000, 5927
0.580000, 5926
0.582000, 5925
0.582000, 5924
0.583000, 5923
0.583000, 5922
0.584000, 5921
0.584000, 5920
0.585000, 5919
0.585000, 5918
0.585000, 5917
0.586000, 5916
0.587000, 5915
0.588000, 5914
0.588000, 5913
0.589000, 5912
0.589000, 5911
0.589000, 5910
0.591000, 5909
0.593000, 5908
0.593000, 5907
0.593000, 5906
0.594000, 5905
0.594000, 5904
0.594000, 5903
0.595000, 5902
0.595000, 5901
0.596000, 5900
0.597000, 5899
0.597000, 5898
0.598000, 5897
0.598000, 5896
0.598000, 5895
0.599000, 5894
0.600000, 5893
0.601000, 5892
0.604000, 5891
0.604000, 5890
0.605000, 5889
0.606000, 5888
0.606000, 5887
0.609000, 5886
0.609000, 5885
0.610000, 5884
0.611000, 5883
0.611000, 5882
0.613000, 5881
0.614000, 5880
0.614000, 5879
0.614000, 5878
0.615000, 5877
0.615000, 5876
0.618000, 5875
0.619000, 5874
0.619000, 5873
0.622000, 5872
0.622000, 5871
0.623000, 5870
0.623000, 5869
0.623000, 5868
0.624000, 5867
0.625000, 5866
0.625000, 5865
0.625000, 5864
0.626000, 5863
0.626000, 5862
0.626000, 5861
0.627000, 5860
0.628000, 5859
0.628000, 5858
0.630000, 5857
0.630000, 5856
0.630000, 5855
0.630000, 5854
0.630000, 5853
0.631000, 5852
0.631000, 5851
0.632000, 5850
0.632000, 5849
0.632000, 5848
0.633000, 5847
0.633000, 5846
0.634000, 5845
0.635000, 5844
0.635000, 5843
0.636000, 5842
0.637000, 5841
0.638000, 5840
0.638000, 5839
0.646000, 5838
0.647000, 5837
0.647000, 5836
0.648000, 5835
0.648000, 5834
0.649000, 5833
0.650000, 5832
0.651000, 5831
0.651000, 5830
0.651000, 5829
0.652000, 5828
0.652000, 5827
0.653000, 5826
0.654000, 5825
0.654000, 5824
0.654000, 5823
0.654000, 5822
0.655000, 5821
0.655000, 5820
0.655000, 5819
0.655000, 5818
0.656000, 5817
0.657000, 5816
0.657000, 5815
0.658000, 5814
0.658000, 5813
0.658000, 5812
0.658000, 5811
0.660000, 5810
0.660000, 5809
0.660000, 5808
0.661000, 5807
0.662000, 5806
0.663000, 5805
0.663000, 5804
0.664000, 5803
0.664000, 5802
0.664000, 5801
0.665000, 5800
0.665000, 5799
0.666000, 5798
0.667000, 5797
0.667000, 5796
0.667000, 5795
0.668000, 5794
0.668000, 5793
0.669000, 5792
0.669000, 5791
0.669000, 5790
0.669000, 5789
0.669000, 5788
0.670000, 5787
0.670000, 5786
0.671000, 5785
0.671000, 5784
0.672000, 5783
0.672000, 5782
0.672000, 5781
0.672000, 5780
0.673000, 5779
0.673000, 5778
0.674000, 5777
0.674000, 5776
0.675000, 5775
0.676000, 5774
0.676000, 5773
0.676000, 5772
0.677000, 5771
0.677000, 5770
0.678000, 5769
0.678000, 5768
0.679000, 5767
0.679000, 5766
0.680000, 5765
0.682000, 5764
0.682000, 5763
0.683000, 5762
0.683000, 5761
0.683000, 5760
0.684000, 5759
0.686000, 5758
0.686000, 5757
0.686000, 5756
0.686000, 5755
0.687000, 5754
0.687000, 5753
0.687000, 5752
0.688000, 5751
0.688000, 5750
0.690000, 5749
0.690000, 5748
0.691000, 5747
0.692000, 5746
0.692000, 5745
0.693000, 5744
0.693000, 5743
0.693000, 5742
0.694000, 5741
0.695000, 5740
0.695000, 5739
0.695000, 5738
0.696000, 5737
0.696000, 5736
0.697000, 5735
0.697000, 5734
0.698000, 5733
0.698000, 5732
0.699000, 5731
0.700000, 5730
0.701000, 5729
0.701000, 5728
0.702000, 5727
0.702000, 5726
0.703000, 5725
0.704000, 5724
0.704000, 5723
0.705000, 5722
0.705000, 5721
0.706000, 5720
0.707000, 5719
0.708000, 5718
0.708000, 5717
0.708000, 5716
0.709000, 5715
0.709000, 5714
0.710000, 5713
0.711000, 5712
0.711000, 5711
0.712000, 5710
0.712000, 5709
0.712000, 5708
0.713000, 5707
0.714000, 5706
0.715000, 5705
0.716000, 5704
0.716000, 5703
0.716000, 5702
0.716000, 5701
0.717000, 5700
0.718000, 5699
0.719000, 5698
0.719000, 5697
0.720000, 5696
0.720000, 5695
0.722000, 5694
0.723000, 5693
0.723000, 5692
0.723000, 5691
0.723000, 5690
0.724000, 5689
0.724000, 5688
0.725000, 5687
0.725000, 5686
0.727000, 5685
0.728000, 5684
0.729000, 5683
0.730000, 5682
0.730000, 5681
0.730000, 5680
0.730000, 5679
0.730000, 5678
0.731000, 5677
0.731000, 5676
0.731000, 5675
0.732000, 5674
0.732000, 5673
0.732000, 5672
0.732000, 5671
0.733000, 5670
0.733000, 5669
0.734000, 5668
0.734000, 5667
0.734000, 5666
0.735000, 5665
0.736000, 5664
0.736000, 5663
0.736000, 5662
0.737000, 5661
0.737000, 5660
0.737000, 5659
0.738000, 5658
0.738000, 5657
0.738000, 5656
0.738000, 5655
0.740000, 5654
0.740000, 5653
0.740000, 5652
0.741000, 5651
0.741000, 5650
0.743000, 5649
0.744000, 5648
0.744000, 5647
0.745000, 5646
0.745000, 5645
0.745000, 5644
0.746000, 5643
0.746000, 5642
0.747000, 5641
0.748000, 5640
0.749000, 5639
0.749000, 5638
0.750000, 5637
0.750000, 5636
0.752000, 5635
0.754000, 5634
0.754000, 5633
0.755000, 5632
0.756000, 5631
0.757000, 5630
0.757000, 5629
0.757000, 5628
0.758000, 5627
0.759000, 5626
0.760000, 5625
0.760000, 5624
0.761000, 5623
0.761000, 5622
0.761000, 5621
0.763000, 5620
0.763000, 5619
0.764000, 5618
0.765000, 5617
0.766000, 5616
0.766000, 5615
0.766000, 5614
0.768000, 5613
0.768000, 5612
0.768000, 5611
0.768000, 5610
0.769000, 5609
0.770000, 5608
0.771000, 5607
0.772000, 5606
0.772000, 5605
0.773000, 5604
0.773000, 5603
0.773000, 5602
0.774000, 5601
0.776000, 5600
0.776000, 5599
0.779000, 5598
0.779000, 5597
0.779000, 5596
0.779000, 5595
0.781000, 5594
0.782000, 5593
0.782000, 5592
0.783000, 5591
0.784000, 5590
0.784000, 5589
0.784000, 5588
0.784000, 5587
0.785000, 5586
0.785000, 5585
0.786000, 5584
0.786000, 5583
0.786000, 5582
0.787000, 5581
0.787000, 5580
0.787000, 5579
0.788000, 5578
0.788000, 5577
0.790000, 5576
0.791000, 5575
0.792000, 5574
0.792000, 5573
0.792000, 5572
0.793000, 5571
0.793000, 5570
0.793000, 5569
0.794000, 5568
0.795000, 5567
0.802000, 5566
0.803000, 5565
0.803000, 5564
0.805000, 5563
0.805000, 5562
0.805000, 5561
0.805000, 5560
0.806000, 5559
0.806000, 5558
0.807000, 5557
0.807000, 5556
0.807000, 5555
0.808000, 5554
0.808000, 5553
0.808000, 5552
0.808000, 5551
0.809000, 5550
0.810000, 5549
0.810000, 5548
0.810000, 5547
0.811000, 5546
0.811000, 5545
0.812000, 5544
0.812000, 5543
0.812000, 5542
0.813000, 5541
0.813000, 5540
0.815000, 5539
0.816000, 5538
0.816000, 5537
0.816000, 5536
0.816000, 5535
0.816000, 5534
0.818000, 5533
0.820000, 5532
0.821000, 5531
0.821000, 5530
0.822000, 5529
0.823000, 5528
0.823000, 5527
0.823000, 5526
0.824000, 5525
0.824000, 5524
0.824000, 5523
0.825000, 5522
0.825000, 5521
0.827000, 5520
0.828000, 5519
0.828000, 5518
0.829000, 5517
0.830000, 5516
0.831000, 5515
0.831000, 5514
0.831000, 5513
0.832000, 5512
0.833000, 5511
0.834000, 5510
0.836000, 5509
0.836000, 5508
0.837000, 5507
0.837000, 5506
0.838000, 5505
0.838000, 5504
0.839000, 5503
0.841000, 5502
0.843000, 5501
0.843000, 5500
0.846000, 5499
0.846000, 5498
0.847000, 5497
0.847000, 5496
0.848000, 5495
0.848000, 5494
0.849000, 5493
0.849000, 5492
0.851000, 5491
0.852000, 5490
0.853000, 5489
0.854000, 5488
0.855000, 5487
0.856000, 5486
0.858000, 5485
0.859000, 5484
0.860000, 5483
0.861000, 5482
0.861000, 5481
0.862000, 5480
0.863000, 5479
0.864000, 5478
0.864000, 5477
0.865000, 5476
0.865000, 5475
0.866000, 5474
0.867000, 5473
0.867000, 5472
0.868000, 5471
0.870000, 5470
0.871000, 5469
0.872000, 5468
0.872000, 5467
0.873000, 5466
0.873000, 5465
0.873000, 5464
0.874000, 5463
0.874000, 5462
0.875000, 5461
0.876000, 5460
0.877000, 5459
0.877000, 5458
0.878000, 5457
0.880000, 5456
0.882000, 5455
0.883000, 5454
0.883000, 5453
0.885000, 5452
0.885000, 5451
0.886000, 5450
0.887000, 5449
0.887000, 5448
0.887000, 5447
0.888000, 5446
0.888000, 5445
0.888000, 5444
0.890000, 5443
0.892000, 5442
0.893000, 5441
0.893000, 5440
0.893000, 5439
0.895000, 5438
0.895000, 5437
0.895000, 5436
0.899000, 5435
0.900000, 5434
0.900000, 5433
0.900000, 5432
0.901000, 5431
0.901000, 5430
0.901000, 5429
0.903000, 5428
0.904000, 5427
0.905000, 5426
0.906000, 5425
0.906000, 5424
0.907000, 5423
0.909000, 5422
0.912000, 5421
0.912000, 5420
0.912000, 5419
0.913000, 5418
0.914000, 5417
0.914000, 5416
0.914000, 5415
0.915000, 5414
0.916000, 5413
0.917000, 5412
0.917000, 5411
0.917000, 5410
0.917000, 5409
0.920000, 5408
0.921000, 5407
0.921000, 5406
0.922000, 5405
0.922000, 5404
0.923000, 5403
0.923000, 5402
0.923000, 5401
0.924000, 5400
0.926000, 5399
0.927000, 5398
0.927000, 5397
0.928000, 5396
0.929000, 5395
0.929000, 5394
0.930000, 5393
0.930000, 5392
0.931000, 5391
0.931000, 5390
0.933000, 5389
0.934000, 5388
0.935000, 5387
0.935000, 5386
0.936000, 5385
0.937000, 5384
0.938000, 5383
0.938000, 5382
0.939000, 5381
0.942000, 5380
0.942000, 5379
0.943000, 5378
0.946000, 5377
0.946000, 5376
0.946000, 5375
0.947000, 5374
0.949000, 5373
0.950000, 5372
0.951000, 5371
0.952000, 5370
0.952000, 5369
0.953000, 5368
0.954000, 5367
0.955000, 5366
0.956000, 5365
0.958000, 5364
0.961000, 5363
0.962000, 5362
0.962000, 5361
0.962000, 5360
0.966000, 5359
0.967000, 5358
0.968000, 5357
0.968000, 5356
0.968000, 5355
0.968000, 5354
0.970000, 5353
0.970000, 5352
0.971000, 5351
0.973000, 5350
0.973000, 5349
0.974000, 5348
0.974000, 5347
0.975000, 5346
0.976000, 5345
0.976000, 5344
0.977000, 5343
0.978000, 5342
0.979000, 5341
0.980000, 5340
0.981000, 5339
0.983000, 5338
0.983000, 5337
0.984000, 5336
0.984000, 5335
0.985000, 5334
0.985000, 5333
0.991000, 5332
0.992000, 5331
0.993000, 5330
0.994000, 5329
0.995000, 5328
0.996000, 5327
0.996000, 5326
0.996000, 5325
0.998000, 5324
0.999000, 5323
1.000000, 5322
1.000000, 5321
1.001000, 5320
1.004000, 5319
1.005000, 5318
1.005000, 5317
1.006000, 5316
1.008000, 5315
1.010000, 5314
1.011000, 5313
1.011000, 5312
1.012000, 5311
1.012000, 5310
1.012000, 5309
1.013000, 5308
1.013000, 5307
1.015000, 5306
1.017000, 5305
1.019000, 5304
1.019000, 5303
1.023000, 5302
1.024000, 5301
1.024000, 5300
1.025000, 5299
1.028000, 5298
1.033000, 5297
1.034000, 5296
1.034000, 5295
1.034000, 5294
1.035000, 5293
1.035000, 5292
1.036000, 5291
1.036000, 5290
1.037000, 5289
1.038000, 5288
1.038000, 5287
1.038000, 5286
1.039000, 5285
1.040000, 5284
1.041000, 5283
1.042000, 5282
1.044000, 5281
1.044000, 5280
1.045000, 5279
1.046000, 5278
1.048000, 5277
1.048000, 5276
1.049000, 5275
1.050000, 5274
1.050000, 5273
1.051000, 5272
1.051000, 5271
1.052000, 5270
1.052000, 5269
1.053000, 5268
1.054000, 5267
1.054000, 5266
1.057000, 5265
1.057000, 5264
1.058000, 5263
1.061000, 5262
1.062000, 5261
1.064000, 5260
1.067000, 5259
1.068000, 5258
1.069000, 5257
1.070000, 5256
1.071000, 5255
1.072000, 5254
1.073000, 5253
1.074000, 5252
1.074000, 5251
1.079000, 5250
1.079000, 5249
1.079000, 5248
1.080000, 5247
1.081000, 5246
1.081000, 5245
1.084000, 5244
1.095000, 5243
1.097000, 5242
1.098000, 5241
1.099000, 5240
1.100000, 5239
1.101000, 5238
1.102000, 5237
1.103000, 5236
1.103000, 5235
1.104000, 5234
1.106000, 5233
1.106000, 5232
1.109000, 5231
1.109000, 5230
1.110000, 5229
1.111000, 5228
1.111000, 5227
1.112000, 5226
1.112000, 5225
1.115000, 5224
1.116000, 5223
1.116000, 5222
1.117000, 5221
1.117000, 5220
1.118000, 5219
1.119000, 5218
1.121000, 5217
1.121000, 5216
1.122000, 5215
1.124000, 5214
1.124000, 5213
1.125000, 5212
1.128000, 5211
1.129000, 5210
1.129000, 5209
1.130000, 5208
1.130000, 5207
1.131000, 5206
1.133000, 5205
1.133000, 5204
1.134000, 5203
1.134000, 5202
1.135000, 5201
1.135000, 5200
1.136000, 5199
1.138000, 5198
1.140000, 5197
1.141000, 5196
1.142000, 5195
1.144000, 5194
1.145000, 5193
1.145000, 5192
1.146000, 5191
1.147000, 5190
1.147000, 5189
1.148000, 5188
1.150000, 5187
1.152000, 5186
1.155000, 5185
1.155000, 5184
1.156000, 5183
1.157000, 5182
1.159000, 5181
1.161000, 5180
1.161000, 5179
1.164000, 5178
1.165000, 5177
1.165000, 5176
1.165000, 5175
1.167000, 5174
1.168000, 5173
1.170000, 5172
1.171000, 5171
1.174000, 5170
1.176000, 5169
1.178000, 5168
1.183000, 5167
1.184000, 5166
1.184000, 5165
1.185000, 5164
1.186000, 5163
1.189000, 5162
1.189000, 5161
1.190000, 5160
1.193000, 5159
1.194000, 5158
1.194000, 5157
1.195000, 5156
1.195000, 5155
1.202000, 5154
1.203000, 5153
1.203000, 5152
1.203000, 5151
1.204000, 5150
1.205000, 5149
1.206000, 5148
1.208000, 5147
1.210000, 5146
1.210000, 5145
1.217000, 5144
1.217000, 5143
1.223000, 5142
1.224000, 5141
1.229000, 5140
1.229000, 5139
1.230000, 5138
1.232000, 5137
1.232000, 5136
1.235000, 5135
1.238000, 5134
1.238000, 5133
1.239000, 5132
1.239000, 5131
1.242000, 5130
1.243000, 5129
1.243000, 5128
1.244000, 5127
1.246000, 5126
1.248000, 5125
1.248000, 5124
1.251000, 5123
1.252000, 5122
1.254000, 5121
1.257000, 5120
1.259000, 5119
1.260000, 5118
1.262000, 5117
1.262000, 5116
1.264000, 5115
1.264000, 5114
1.267000, 5113
1.268000, 5112
1.269000, 5111
1.270000, 5110
1.271000, 5109
1.271000, 5108
1.273000, 5107
1.274000, 5106
1.275000, 5105
1.277000, 5104
1.277000, 5103
1.279000, 5102
1.280000, 5101
1.280000, 5100
1.280000, 5099
1.281000, 5098
1.282000, 5097
1.283000, 5096
1.284000, 5095
1.285000, 5094
1.287000, 5093
1.288000, 5092
1.290000, 5091
1.291000, 5090
1.292000, 5089
1.292000, 5088
1.294000, 5087
1.296000, 5086
1.299000, 5085
1.301000, 5084
1.303000, 5083
1.303000, 5082
1.304000, 5081
1.306000, 5080
1.307000, 5079
1.308000, 5078
1.313000, 5077
1.315000, 5076
1.316000, 5075
1.317000, 5074
1.319000, 5073
1.320000, 5072
1.321000, 5071
1.322000, 5070
1.326000, 5069
1.327000, 5068
1.328000, 5067
1.331000, 5066
1.331000, 5065
1.335000, 5064
1.349000, 5063
1.349000, 5062
1.351000, 5061
1.352000, 5060
1.353000, 5059
1.357000, 5058
1.360000, 5057
1.363000, 5056
1.369000, 5055
1.371000, 5054
1.372000, 5053
1.376000, 5052
1.381000, 5051
1.385000, 5050
1.385000, 5049
1.391000, 5048
1.394000, 5047
1.395000, 5046
1.396000, 5045
1.399000, 5044
1.402000, 5043
1.406000, 5042
1.407000, 5041
1.409000, 5040
1.410000, 5039
1.411000, 5038
1.411000, 5037
1.413000, 5036
1.415000, 5035
1.418000, 5034
1.419000, 5033
1.420000, 5032
1.422000, 5031
1.424000, 5030
1.424000, 5029
1.427000, 5028
1.429000, 5027
1.431000, 5026
1.431000, 5025
1.435000, 5024
1.436000, 5023
1.436000, 5022
1.439000, 5021
1.441000, 5020
1.443000, 5019
1.443000, 5018
1.448000, 5017
1.451000, 5016
1.452000, 5015
1.462000, 5014
1.466000, 5013
1.467000, 5012
1.475000, 5011
1.477000, 5010
1.478000, 5009
1.481000, 5008
1.486000, 5007
1.486000, 5006
1.487000, 5005
1.488000, 5004
1.490000, 5003
1.492000, 5002
1.492000, 5001
1.496000, 5000
1.497000, 4999
1.498000, 4998
1.501000, 4997
1.503000, 4996
1.505000, 4995
1.507000, 4994
1.510000, 4993
1.512000, 4992
1.513000, 4991
1.514000, 4990
1.516000, 4989
1.518000, 4988
1.518000, 4987
1.520000, 4986
1.520000, 4985
1.521000, 4984
1.525000, 4983
1.526000, 4982
1.534000, 4981
1.535000, 4980
1.535000, 4979
1.536000, 4978
1.538000, 4977
1.544000, 4976
1.546000, 4975
1.547000, 4974
1.547000, 4973
1.550000, 4972
1.550000, 4971
1.550000, 4970
1.552000, 4969
1.561000, 4968
1.563000, 4967
1.563000, 4966
1.568000, 4965
1.574000, 4964
1.574000, 4963
1.584000, 4962
1.585000, 4961
1.586000, 4960
1.587000, 4959
1.588000, 4958
1.593000, 4957
1.594000, 4956
1.601000, 4955
1.602000, 4954
1.605000, 4953
1.609000, 4952
1.609000, 4951
1.610000, 4950
1.612000, 4949
1.615000, 4948
1.618000, 4947
1.619000, 4946
1.625000, 4945
1.628000, 4944
1.630000, 4943
1.637000, 4942
1.642000, 4941
1.645000, 4940
1.647000, 4939
1.648000, 4938
1.651000, 4937
1.658000, 4936
1.660000, 4935
1.667000, 4934
1.671000, 4933
1.672000, 4932
1.686000, 4931
1.689000, 4930
1.691000, 4929
1.692000, 4928
1.706000, 4927
1.708000, 4926
1.718000, 4925
1.731000, 4924
1.732000, 4923
1.738000, 4922
1.744000, 4921
1.744000, 4920
1.746000, 4919
1.746000, 4918
1.750000, 4917
1.751000, 4916
1.752000, 4915
1.756000, 4914
1.758000, 4913
1.758000, 4912
1.759000, 4911
1.760000, 4910
1.764000, 4909
1.764000, 4908
1.765000, 4907
1.766000, 4906
1.779000, 4905
1.781000, 4904
1.785000, 4903
1.787000, 4902
1.797000, 4901
1.797000, 4900
1.805000, 4899
1.806000, 4898
1.808000, 4897
1.814000, 4896
1.815000, 4895
1.816000, 4894
1.817000, 4893
1.830000, 4892
1.849000, 4891
1.874000, 4890
1.878000, 4889
1.883000, 4888
1.886000, 4887
1.888000, 4886
1.896000, 4885
1.897000, 4884
1.899000, 4883
1.902000, 4882
1.906000, 4881
1.910000, 4880
1.916000, 4879
1.917000, 4878
1.956000, 4877
1.957000, 4876
1.959000, 4875
1.961000, 4874
1.964000, 4873
1.965000, 4872
1.967000, 4871
1.989000, 4870
2.008000, 4869
2.009000, 4868
2.014000, 4867
2.019000, 4866
2.028000, 4865
2.029000, 4864
2.033000, 4863
2.037000, 4862
2.051000, 4861
2.058000, 4860
2.072000, 4859
2.074000, 4858
2.087000, 4857
2.094000, 4856
2.094000, 4855
2.097000, 4854
2.119000, 4853
2.130000, 4852
2.135000, 4851
2.136000, 4850
2.153000, 4849
2.161000, 4848
2.170000, 4847
2.178000, 4846
2.212000, 4845
2.221000, 4844
2.224000, 4843
2.225000, 4842
2.231000, 4841
2.243000, 4840
2.254000, 4839
2.256000, 4838
2.270000, 4837
2.294000, 4836
2.301000, 4835
2.311000, 4834
2.340000, 4833
2.346000, 4832
2.352000, 4831
2.359000, 4830
2.360000, 4829
2.363000, 4828
2.450000, 4827
2.482000, 4826
2.493000, 4825
2.497000, 4824
2.569000, 4823
2.576000, 4822
2.647000, 4821
2.733000, 4820
2.858000, 4819
2.881000, 4818
2.958000, 4817
2.960000, 4816
2.990000, 4815
2.995000, 4814
3.235000, 4813
3.396000, 4812
3.413000, 4811
3.416000, 4810
3.708000, 4809
4.039000, 4808
