0.081000, 6839
0.084000, 6838
0.085000, 6837
0.085000, 6836
0.087000, 6835
0.088000, 6834
0.089000, 6833
0.089000, 6832
0.090000, 6831
0.090000, 6830
0.090000, 6829
0.091000, 6828
0.092000, 6827
0.093000, 6826
0.093000, 6825
0.093000, 6824
0.094000, 6823
0.095000, 6822
0.096000, 6821
0.096000, 6820
0.096000, 6819
0.097000, 6818
0.097000, 6817
0.097000, 6816
0.099000, 6815
0.099000, 6814
0.100000, 6813
0.102000, 6812
0.102000, 6811
0.103000, 6810
0.104000, 6809
0.105000, 6808
0.105000, 6807
0.107000, 6806
0.107000, 6805
0.107000, 6804
0.108000, 6803
0.108000, 6802
0.109000, 6801
0.110000, 6800
0.110000, 6799
0.111000, 6798
0.111000, 6797
0.112000, 6796
0.113000, 6795
0.113000, 6794
0.113000, 6793
0.114000, 6792
0.115000, 6791
0.115000, 6790
0.116000, 6789
0.116000, 6788
0.117000, 6787
0.117000, 6786
0.117000, 6785
0.118000, 6784
0.118000, 6783
0.119000, 6782
0.119000, 6781
0.120000, 6780
0.120000, 6779
0.120000, 6778
0.121000, 6777
0.121000, 6776
0.121000, 6775
0.122000, 6774
0.123000, 6773
0.124000, 6772
0.125000, 6771
0.125000, 6770
0.126000, 6769
0.126000, 6768
0.126000, 6767
0.127000, 6766
0.129000, 6765
0.129000, 6764
0.129000, 6763
0.130000, 6762
0.131000, 6761
0.133000, 6760
0.135000, 6759
0.136000, 6758
0.136000, 6757
0.136000, 6756
0.137000, 6755
0.137000, 6754
0.138000, 6753
0.141000, 6752
0.141000, 6751
0.141000, 6750
0.142000, 6749
0.142000, 6748
0.143000, 6747
0.144000, 6746
0.144000, 6745
0.144000, 6744
0.145000, 6743
0.147000, 6742
0.147000, 6741
0.148000, 6740
0.148000, 6739
0.148000, 6738
0.149000, 6737
0.149000, 6736
0.150000, 6735
0.150000, 6734
0.151000, 6733
0.151000, 6732
0.152000, 6731
0.152000, 6730
0.153000, 6729
0.153000, 6728
0.154000, 6727
0.155000, 6726
0.155000, 6725
0.156000, 6724
0.156000, 6723
0.157000, 6722
0.158000, 6721
0.158000, 6720
0.160000, 6719
0.160000, 6718
0.161000, 6717
0.163000, 6716
0.163000, 6715
0.164000, 6714
0.165000, 6713
0.167000, 6712
0.169000, 6711
0.169000, 6710
0.169000, 6709
0.170000, 6708
0.170000, 6707
0.172000, 6706
0.172000, 6705
0.173000, 6704
0.174000, 6703
0.174000, 6702
0.174000, 6701
0.174000, 6700
0.175000, 6699
0.175000, 6698
0.176000, 6697
0.177000, 6696
0.178000, 6695
0.179000, 6694
0.180000, 6693
0.181000, 6692
0.181000, 6691
0.182000, 6690
0.183000, 6689
0.183000, 6688
0.184000, 6687
0.184000, 6686
0.185000, 6685
0.185000, 6684
0.187000, 6683
0.187000, 6682
0.188000, 6681
0.188000, 6680
0.189000, 6679
0.190000, 6678
0.190000, 6677
0.192000, 6676
0.193000, 6675
0.194000, 6674
0.194000, 6673
0.195000, 6672
0.196000, 6671
0.196000, 6670
0.196000, 6669
0.197000, 6668
0.197000, 6667
0.198000, 6666
0.199000, 6665
0.199000, 6664
0.200000, 6663
0.201000, 6662
0.202000, 6661
0.203000, 6660
0.204000, 6659
0.204000, 6658
0.205000, 6657
0.205000, 6656
0.206000, 6655
0.207000, 6654
0.208000, 6653
0.209000, 6652
0.210000, 6651
0.211000, 6650
0.211000, 6649
0.212000, 6648
0.213000, 6647
0.213000, 6646
0.214000, 6645
0.214000, 6644
0.215000, 6643
0.216000, 6642
0.216000, 6641
0.217000, 6640
0.219000, 6639
0.219000, 6638
0.219000, 6637
0.220000, 6636
0.221000, 6635
0.222000, 6634
0.222000, 6633
0.222000, 6632
0.223000, 6631
0.223000, 6630
0.223000, 6629
0.224000, 6628
0.224000, 6627
0.225000, 6626
0.226000, 6625
0.227000, 6624
0.228000, 6623
0.228000, 6622
0.229000, 6621
0.229000, 6620
0.230000, 6619
0.230000, 6618
0.230000, 6617
0.233000, 6616
0.233000, 6615
0.233000, 6614
0.234000, 6613
0.235000, 6612
0.236000, 6611
0.237000, 6610
0.238000, 6609
0.239000, 6608
0.240000, 6607
0.241000, 6606
0.241000, 6605
0.242000, 6604
0.243000, 6603
0.244000, 6602
0.245000, 6601
0.245000, 6600
0.246000, 6599
0.246000, 6598
0.246000, 6597
0.247000, 6596
0.247000, 6595
0.248000, 6594
0.249000, 6593
0.249000, 6592
0.250000, 6591
0.251000, 6590
0.252000, 6589
0.252000, 6588
0.254000, 6587
0.254000, 6586
0.255000, 6585
0.255000, 6584
0.256000, 6583
0.257000, 6582
0.257000, 6581
0.257000, 6580
0.258000, 6579
0.259000, 6578
0.268000, 6577
0.268000, 6576
0.268000, 6575
0.269000, 6574
0.269000, 6573
0.270000, 6572
0.270000, 6571
0.270000, 6570
0.271000, 6569
0.272000, 6568
0.272000, 6567
0.273000, 6566
0.273000, 6565
0.274000, 6564
0.274000, 6563
0.275000, 6562
0.277000, 6561
0.277000, 6560
0.278000, 6559
0.278000, 6558
0.278000, 6557
0.279000, 6556
0.279000, 6555
0.279000, 6554
0.280000, 6553
0.281000, 6552
0.281000, 6551
0.281000, 6550
0.282000, 6549
0.282000, 6548
0.283000, 6547
0.283000, 6546
0.283000, 6545
0.284000, 6544
0.284000, 6543
0.285000, 6542
0.285000, 6541
0.286000, 6540
0.286000, 6539
0.287000, 6538
0.287000, 6537
0.287000, 6536
0.287000, 6535
0.289000, 6534
0.289000, 6533
0.289000, 6532
0.290000, 6531
0.290000, 6530
0.291000, 6529
0.291000, 6528
0.292000, 6527
0.292000, 6526
0.293000, 6525
0.293000, 6524
0.293000, 6523
0.294000, 6522
0.294000, 6521
0.295000, 6520
0.295000, 6519
0.296000, 6518
0.296000, 6517
0.296000, 6516
0.297000, 6515
0.297000, 6514
0.297000, 6513
0.298000, 6512
0.298000, 6511
0.299000, 6510
0.299000, 6509
0.299000, 6508
0.300000, 6507
0.300000, 6506
0.301000, 6505
0.301000, 6504
0.301000, 6503
0.301000, 6502
0.302000, 6501
0.302000, 6500
0.303000, 6499
0.304000, 6498
0.304000, 6497
0.304000, 6496
0.305000, 6495
0.306000, 6494
0.306000, 6493
0.306000, 6492
0.307000, 6491
0.307000, 6490
0.307000, 6489
0.307000, 6488
0.308000, 6487
0.308000, 6486
0.308000, 6485
0.309000, 6484
0.309000, 6483
0.309000, 6482
0.310000, 6481
0.310000, 6480
0.311000, 6479
0.311000, 6478
0.312000, 6477
0.312000, 6476
0.313000, 6475
0.313000, 6474
0.314000, 6473
0.314000, 6472
0.315000, 6471
0.315000, 6470
0.315000, 6469
0.316000, 6468
0.316000, 6467
0.317000, 6466
0.317000, 6465
0.318000, 6464
0.318000, 6463
0.319000, 6462
0.319000, 6461
0.321000, 6460
0.321000, 6459
0.321000, 6458
0.322000, 6457
0.322000, 6456
0.322000, 6455
0.323000, 6454
0.323000, 6453
0.324000, 6452
0.324000, 6451
0.325000, 6450
0.325000, 6449
0.325000, 6448
0.326000, 6447
0.326000, 6446
0.326000, 6445
0.326000, 6444
0.327000, 6443
0.327000, 6442
0.327000, 6441
0.328000, 6440
0.328000, 6439
0.328000, 6438
0.328000, 6437
0.329000, 6436
0.329000, 6435
0.329000, 6434
0.330000, 6433
0.330000, 6432
0.330000, 6431
0.331000, 6430
0.331000, 6429
0.331000, 6428
0.332000, 6427
0.332000, 6426
0.333000, 6425
0.333000, 6424
0.333000, 6423
0.333000, 6422
0.334000, 6421
0.334000, 6420
0.334000, 6419
0.335000, 6418
0.335000, 6417
0.336000, 6416
0.336000, 6415
0.337000, 6414
0.337000, 6413
0.337000, 6412
0.338000, 6411
0.338000, 6410
0.338000, 6409
0.339000, 6408
0.339000, 6407
0.340000, 6406
0.340000, 6405
0.341000, 6404
0.342000, 6403
0.343000, 6402
0.343000, 6401
0.344000, 6400
0.344000, 6399
0.345000, 6398
0.346000, 6397
0.347000, 6396
0.347000, 6395
0.347000, 6394
0.347000, 6393
0.347000, 6392
0.347000, 6391
0.348000, 6390
0.349000, 6389
0.349000, 6388
0.349000, 6387
0.350000, 6386
0.350000, 6385
0.351000, 6384
0.351000, 6383
0.351000, 6382
0.351000, 6381
0.352000, 6380
0.352000, 6379
0.353000, 6378
0.354000, 6377
0.354000, 6376
0.356000, 6375
0.358000, 6374
0.358000, 6373
0.359000, 6372
0.360000, 6371
0.360000, 6370
0.360000, 6369
0.360000, 6368
0.361000, 6367
0.362000, 6366
0.362000, 6365
0.363000, 6364
0.363000, 6363
0.363000, 6362
0.363000, 6361
0.364000, 6360
0.364000, 6359
0.364000, 6358
0.365000, 6357
0.365000, 6356
0.366000, 6355
0.366000, 6354
0.367000, 6353
0.367000, 6352
0.367000, 6351
0.368000, 6350
0.368000, 6349
0.368000, 6348
0.368000, 6347
0.369000, 6346
0.369000, 6345
0.370000, 6344
0.370000, 6343
0.370000, 6342
0.371000, 6341
0.371000, 6340
0.371000, 6339
0.372000, 6338
0.372000, 6337
0.373000, 6336
0.373000, 6335
0.373000, 6334
0.374000, 6333
0.374000, 6332
0.374000, 6331
0.374000, 6330
0.375000, 6329
0.375000, 6328
0.376000, 6327
0.376000, 6326
0.377000, 6325
0.377000, 6324
0.377000, 6323
0.378000, 6322
0.379000, 6321
0.380000, 6320
0.380000, 6319
0.380000, 6318
0.381000, 6317
0.381000, 6316
0.381000, 6315
0.382000, 6314
0.383000, 6313
0.383000, 6312
0.383000, 6311
0.383000, 6310
0.384000, 6309
0.384000, 6308
0.384000, 6307
0.385000, 6306
0.385000, 6305
0.385000, 6304
0.386000, 6303
0.386000, 6302
0.386000, 6301
0.387000, 6300
0.387000, 6299
0.387000, 6298
0.387000, 6297
0.388000, 6296
0.389000, 6295
0.389000, 6294
0.390000, 6293
0.391000, 6292
0.391000, 6291
0.391000, 6290
0.392000, 6289
0.392000, 6288
0.393000, 6287
0.393000, 6286
0.394000, 6285
0.394000, 6284
0.394000, 6283
0.394000, 6282
0.395000, 6281
0.396000, 6280
0.396000, 6279
0.396000, 6278
0.397000, 6277
0.399000, 6276
0.399000, 6275
0.400000, 6274
0.400000, 6273
0.400000, 6272
0.402000, 6271
0.402000, 6270
0.403000, 6269
0.403000, 6268
0.404000, 6267
0.404000, 6266
0.405000, 6265
0.405000, 6264
0.405000, 6263
0.406000, 6262
0.406000, 6261
0.407000, 6260
0.408000, 6259
0.408000, 6258
0.408000, 6257
0.409000, 6256
0.409000, 6255
0.410000, 6254
0.410000, 6253
0.411000, 6252
0.411000, 6251
0.411000, 6250
0.412000, 6249
0.412000, 6248
0.413000, 6247
0.413000, 6246
0.414000, 6245
0.414000, 6244
0.414000, 6243
0.415000, 6242
0.416000, 6241
0.416000, 6240
0.416000, 6239
0.416000, 6238
0.417000, 6237
0.419000, 6236
0.419000, 6235
0.419000, 6234
0.419000, 6233
0.420000, 6232
0.420000, 6231
0.421000, 6230
0.423000, 6229
0.423000, 6228
0.423000, 6227
0.423000, 6226
0.424000, 6225
0.424000, 6224
0.425000, 6223
0.425000, 6222
0.425000, 6221
0.426000, 6220
0.426000, 6219
0.427000, 6218
0.427000, 6217
0.427000, 6216
0.427000, 6215
0.428000, 6214
0.428000, 6213
0.429000, 6212
0.429000, 6211
0.429000, 6210
0.429000, 6209
0.430000, 6208
0.431000, 6207
0.431000, 6206
0.431000, 6205
0.432000, 6204
0.432000, 6203
0.432000, 6202
0.433000, 6201
0.433000, 6200
0.434000, 6199
0.434000, 6198
0.434000, 6197
0.435000, 6196
0.436000, 6195
0.436000, 6194
0.436000, 6193
0.436000, 6192
0.437000, 6191
0.437000, 6190
0.438000, 6189
0.438000, 6188
0.438000, 6187
0.439000, 6186
0.440000, 6185
0.440000, 6184
0.440000, 6183
0.441000, 6182
0.441000, 6181
0.441000, 6180
0.442000, 6179
0.442000, 6178
0.442000, 6177
0.443000, 6176
0.443000, 6175
0.443000, 6174
0.444000, 6173
0.444000, 6172
0.444000, 6171
0.445000, 6170
0.454000, 6169
0.455000, 6168
0.455000, 6167
0.455000, 6166
0.456000, 6165
0.456000, 6164
0.457000, 6163
0.458000, 6162
0.458000, 6161
0.459000, 6160
0.460000, 6159
0.461000, 6158
0.461000, 6157
0.461000, 6156
0.461000, 6155
0.461000, 6154
0.462000, 6153
0.463000, 6152
0.463000, 6151
0.464000, 6150
0.464000, 6149
0.464000, 6148
0.465000, 6147
0.465000, 6146
0.466000, 6145
0.466000, 6144
0.466000, 6143
0.467000, 6142
0.468000, 6141
0.468000, 6140
0.468000, 6139
0.469000, 6138
0.469000, 6137
0.469000, 6136
0.470000, 6135
0.470000, 6134
0.471000, 6133
0.471000, 6132
0.471000, 6131
0.472000, 6130
0.473000, 6129
0.473000, 6128
0.474000, 6127
0.475000, 6126
0.475000, 6125
0.476000, 6124
0.476000, 6123
0.477000, 6122
0.477000, 6121
0.477000, 6120
0.477000, 6119
0.478000, 6118
0.478000, 6117
0.478000, 6116
0.478000, 6115
0.479000, 6114
0.480000, 6113
0.480000, 6112
0.480000, 6111
0.481000, 6110
0.481000, 6109
0.482000, 6108
0.482000, 6107
0.482000, 6106
0.483000, 6105
0.484000, 6104
0.485000, 6103
0.486000, 6102
0.486000, 6101
0.487000, 6100
0.487000, 6099
0.487000, 6098
0.487000, 6097
0.488000, 6096
0.488000, 6095
0.488000, 6094
0.489000, 6093
0.489000, 6092
0.490000, 6091
0.491000, 6090
0.492000, 6089
0.492000, 6088
0.493000, 6087
0.493000, 6086
0.493000, 6085
0.494000, 6084
0.494000, 6083
0.495000, 6082
0.495000, 6081
0.495000, 6080
0.496000, 6079
0.496000, 6078
0.497000, 6077
0.497000, 6076
0.498000, 6075
0.498000, 6074
0.499000, 6073
0.499000, 6072
0.499000, 6071
0.499000, 6070
0.500000, 6069
0.500000, 6068
0.500000, 6067
0.501000, 6066
0.501000, 6065
0.501000, 6064
0.501000, 6063
0.502000, 6062
0.502000, 6061
0.503000, 6060
0.503000, 6059
0.504000, 6058
0.504000, 6057
0.504000, 6056
0.505000, 6055
0.505000, 6054
0.506000, 6053
0.506000, 6052
0.506000, 6051
0.507000, 6050
0.508000, 6049
0.509000, 6048
0.510000, 6047
0.510000, 6046
0.510000, 6045
0.510000, 6044
0.511000, 6043
0.511000, 6042
0.512000, 6041
0.513000, 6040
0.514000, 6039
0.514000, 6038
0.515000, 6037
0.516000, 6036
0.516000, 6035
0.516000, 6034
0.517000, 6033
0.517000, 6032
0.518000, 6031
0.518000, 6030
0.519000, 6029
0.519000, 6028
0.519000, 6027
0.520000, 6026
0.521000, 6025
0.522000, 6024
0.523000, 6023
0.523000, 6022
0.523000, 6021
0.523000, 6020
0.524000, 6019
0.524000, 6018
0.525000, 6017
0.525000, 6016
0.525000, 6015
0.526000, 6014
0.526000, 6013
0.527000, 6012
0.528000, 6011
0.530000, 6010
0.530000, 6009
0.531000, 6008
0.532000, 6007
0.532000, 6006
0.532000, 6005
0.533000, 6004
0.533000, 6003
0.533000, 6002
0.533000, 6001
0.534000, 6000
0.535000, 5999
0.535000, 5998
0.538000, 5997
0.539000, 5996
0.539000, 5995
0.540000, 5994
0.541000, 5993
0.541000, 5992
0.541000, 5991
0.542000, 5990
0.544000, 5989
0.545000, 5988
0.547000, 5987
0.547000, 5986
0.548000, 5985
0.548000, 5984
0.548000, 5983
0.549000, 5982
0.550000, 5981
0.550000, 5980
0.550000, 5979
0.551000, 5978
0.552000, 5977
0.552000, 5976
0.553000, 5975
0.554000, 5974
0.555000, 5973
0.555000, 5972
0.556000, 5971
0.557000, 5970
0.557000, 5969
0.557000, 5968
0.558000, 5967
0.558000, 5966
0.559000, 5965
0.559000, 5964
0.560000, 5963
0.560000, 5962
0.561000, 5961
0.561000, 5960
0.562000, 5959
0.563000, 5958
0.563000, 5957
0.564000, 5956
0.564000, 5955
0.565000, 5954
0.565000, 5953
0.565000, 5952
0.566000, 5951
0.566000, 5950
0.566000, 5949
0.567000, 5948
0.568000, 5947
0.568000, 5946
0.569000, 5945
0.570000, 5944
0.570000, 5943
0.570000, 5942
0.571000, 5941
0.571000, 5940
0.571000, 5939
0.572000, 5938
0.572000, 5937
0.572000, 5936
0.572000, 5935
0.573000, 5934
0.573000, 5933
0.573000, 5932
0.574000, 5931
0.574000, 5930
0.575000, 5929
0.575000, 5928
0.575000, 5927
0.576000, 5926
0.577000, 5925
0.577000, 5924
0.577000, 5923
0.579000, 5922
0.580000, 5921
0.580000, 5920
0.581000, 5919
0.581000, 5918
0.581000, 5917
0.581000, 5916
0.582000, 5915
0.582000, 5914
0.582000, 5913
0.583000, 5912
0.583000, 5911
0.584000, 5910
0.585000, 5909
0.585000, 5908
0.586000, 5907
0.586000, 5906
0.587000, 5905
0.587000, 5904
0.587000, 5903
0.588000, 5902
0.589000, 5901
0.589000, 5900
0.589000, 5899
0.589000, 5898
0.590000, 5897
0.591000, 5896
0.591000, 5895
0.592000, 5894
0.592000, 5893
0.592000, 5892
0.593000, 5891
0.593000, 5890
0.594000, 5889
0.594000, 5888
0.595000, 5887
0.596000, 5886
0.596000, 5885
0.596000, 5884
0.597000, 5883
0.597000, 5882
0.597000, 5881
0.597000, 5880
0.597000, 5879
0.598000, 5878
0.598000, 5877
0.598000, 5876
0.598000, 5875
0.599000, 5874
0.599000, 5873
0.599000, 5872
0.600000, 5871
0.601000, 5870
0.602000, 5869
0.602000, 5868
0.603000, 5867
0.604000, 5866
0.604000, 5865
0.605000, 5864
0.606000, 5863
0.607000, 5862
0.607000, 5861
0.607000, 5860
0.608000, 5859
0.608000, 5858
0.609000, 5857
0.610000, 5856
0.610000, 5855
0.610000, 5854
0.611000, 5853
0.611000, 5852
0.612000, 5851
0.612000, 5850
0.612000, 5849
0.612000, 5848
0.613000, 5847
0.613000, 5846
0.613000, 5845
0.614000, 5844
0.616000, 5843
0.616000, 5842
0.617000, 5841
0.617000, 5840
0.618000, 5839
0.618000, 5838
0.618000, 5837
0.619000, 5836
0.620000, 5835
0.620000, 5834
0.621000, 5833
0.621000, 5832
0.621000, 5831
0.622000, 5830
0.622000, 5829
0.629000, 5828
0.631000, 5827
0.632000, 5826
0.632000, 5825
0.632000, 5824
0.633000, 5823
0.634000, 5822
0.634000, 5821
0.634000, 5820
0.635000, 5819
0.636000, 5818
0.637000, 5817
0.637000, 5816
0.638000, 5815
0.640000, 5814
0.640000, 5813
0.641000, 5812
0.642000, 5811
0.642000, 5810
0.642000, 5809
0.643000, 5808
0.643000, 5807
0.643000, 5806
0.643000, 5805
0.644000, 5804
0.645000, 5803
0.645000, 5802
0.646000, 5801
0.646000, 5800
0.647000, 5799
0.647000, 5798
0.648000, 5797
0.648000, 5796
0.649000, 5795
0.649000, 5794
0.651000, 5793
0.651000, 5792
0.652000, 5791
0.653000, 5790
0.654000, 5789
0.654000, 5788
0.655000, 5787
0.655000, 5786
0.656000, 5785
0.656000, 5784
0.656000, 5783
0.656000, 5782
0.657000, 5781
0.657000, 5780
0.658000, 5779
0.659000, 5778
0.659000, 5777
0.659000, 5776
0.660000, 5775
0.661000, 5774
0.661000, 5773
0.663000, 5772
0.663000, 5771
0.664000, 5770
0.664000, 5769
0.665000, 5768
0.665000, 5767
0.665000, 5766
0.666000, 5765
0.666000, 5764
0.666000, 5763
0.667000, 5762
0.667000, 5761
0.668000, 5760
0.669000, 5759
0.669000, 5758
0.669000, 5757
0.669000, 5756
0.670000, 5755
0.671000, 5754
0.672000, 5753
0.673000, 5752
0.673000, 5751
0.673000, 5750
0.674000, 5749
0.674000, 5748
0.674000, 5747
0.674000, 5746
0.675000, 5745
0.675000, 5744
0.677000, 5743
0.678000, 5742
0.679000, 5741
0.679000, 5740
0.679000, 5739
0.680000, 5738
0.680000, 5737
0.681000, 5736
0.681000, 5735
0.682000, 5734
0.682000, 5733
0.683000, 5732
0.684000, 5731
0.684000, 5730
0.684000, 5729
0.685000, 5728
0.685000, 5727
0.686000, 5726
0.686000, 5725
0.686000, 5724
0.687000, 5723
0.687000, 5722
0.688000, 5721
0.688000, 5720
0.689000, 5719
0.690000, 5718
0.691000, 5717
0.691000, 5716
0.691000, 5715
0.693000, 5714
0.693000, 5713
0.693000, 5712
0.694000, 5711
0.694000, 5710
0.695000, 5709
0.695000, 5708
0.696000, 5707
0.697000, 5706
0.698000, 5705
0.698000, 5704
0.700000, 5703
0.700000, 5702
0.701000, 5701
0.701000, 5700
0.702000, 5699
0.703000, 5698
0.703000, 5697
0.704000, 5696
0.705000, 5695
0.705000, 5694
0.705000, 5693
0.705000, 5692
0.706000, 5691
0.706000, 5690
0.707000, 5689
0.707000, 5688
0.708000, 5687
0.709000, 5686
0.709000, 5685
0.709000, 5684
0.709000, 5683
0.710000, 5682
0.710000, 5681
0.710000, 5680
0.711000, 5679
0.712000, 5678
0.712000, 5677
0.713000, 5676
0.714000, 5675
0.714000, 5674
0.715000, 5673
0.715000, 5672
0.716000, 5671
0.716000, 5670
0.718000, 5669
0.719000, 5668
0.719000, 5667
0.720000, 5666
0.720000, 5665
0.721000, 5664
0.721000, 5663
0.722000, 5662
0.723000, 5661
0.723000, 5660
0.723000, 5659
0.724000, 5658
0.726000, 5657
0.727000, 5656
0.728000, 5655
0.728000, 5654
0.728000, 5653
0.728000, 5652
0.729000, 5651
0.730000, 5650
0.730000, 5649
0.731000, 5648
0.732000, 5647
0.732000, 5646
0.733000, 5645
0.733000, 5644
0.734000, 5643
0.735000, 5642
0.735000, 5641
0.735000, 5640
0.736000, 5639
0.736000, 5638
0.737000, 5637
0.737000, 5636
0.738000, 5635
0.738000, 5634
0.739000, 5633
0.739000, 5632
0.741000, 5631
0.742000, 5630
0.742000, 5629
0.742000, 5628
0.743000, 5627
0.743000, 5626
0.744000, 5625
0.747000, 5624
0.747000, 5623
0.747000, 5622
0.748000, 5621
0.748000, 5620
0.749000, 5619
0.749000, 5618
0.750000, 5617
0.750000, 5616
0.751000, 5615
0.752000, 5614
0.752000, 5613
0.753000, 5612
0.753000, 5611
0.754000, 5610
0.754000, 5609
0.755000, 5608
0.756000, 5607
0.757000, 5606
0.757000, 5605
0.757000, 5604
0.757000, 5603
0.758000, 5602
0.759000, 5601
0.760000, 5600
0.762000, 5599
0.764000, 5598
0.764000, 5597
0.766000, 5596
0.766000, 5595
0.768000, 5594
0.768000, 5593
0.768000, 5592
0.769000, 5591
0.770000, 5590
0.770000, 5589
0.771000, 5588
0.771000, 5587
0.773000, 5586
0.774000, 5585
0.774000, 5584
0.774000, 5583
0.774000, 5582
0.774000, 5581
0.775000, 5580
0.786000, 5579
0.787000, 5578
0.787000, 5577
0.788000, 5576
0.789000, 5575
0.789000, 5574
0.791000, 5573
0.792000, 5572
0.792000, 5571
0.792000, 5570
0.793000, 5569
0.793000, 5568
0.795000, 5567
0.795000, 5566
0.798000, 5565
0.799000, 5564
0.800000, 5563
0.801000, 5562
0.801000, 5561
0.802000, 5560
0.803000, 5559
0.803000, 5558
0.804000, 5557
0.804000, 5556
0.805000, 5555
0.805000, 5554
0.805000, 5553
0.806000, 5552
0.806000, 5551
0.807000, 5550
0.807000, 5549
0.808000, 5548
0.809000, 5547
0.809000, 5546
0.810000, 5545
0.811000, 5544
0.811000, 5543
0.812000, 5542
0.812000, 5541
0.812000, 5540
0.813000, 5539
0.814000, 5538
0.815000, 5537
0.815000, 5536
0.815000, 5535
0.815000, 5534
0.816000, 5533
0.816000, 5532
0.817000, 5531
0.818000, 5530
0.819000, 5529
0.820000, 5528
0.820000, 5527
0.822000, 5526
0.825000, 5525
0.825000, 5524
0.826000, 5523
0.826000, 5522
0.827000, 5521
0.828000, 5520
0.828000, 5519
0.828000, 5518
0.828000, 5517
0.829000, 5516
0.829000, 5515
0.830000, 5514
0.831000, 5513
0.833000, 5512
0.833000, 5511
0.834000, 5510
0.835000, 5509
0.835000, 5508
0.836000, 5507
0.837000, 5506
0.837000, 5505
0.837000, 5504
0.838000, 5503
0.839000, 5502
0.840000, 5501
0.842000, 5500
0.842000, 5499
0.842000, 5498
0.843000, 5497
0.844000, 5496
0.845000, 5495
0.845000, 5494
0.847000, 5493
0.847000, 5492
0.848000, 5491
0.849000, 5490
0.850000, 5489
0.851000, 5488
0.853000, 5487
0.854000, 5486
0.855000, 5485
0.856000, 5484
0.857000, 5483
0.860000, 5482
0.861000, 5481
0.861000, 5480
0.861000, 5479
0.862000, 5478
0.862000, 5477
0.862000, 5476
0.862000, 5475
0.863000, 5474
0.864000, 5473
0.864000, 5472
0.865000, 5471
0.865000, 5470
0.867000, 5469
0.868000, 5468
0.869000, 5467
0.869000, 5466
0.870000, 5465
0.871000, 5464
0.871000, 5463
0.872000, 5462
0.872000, 5461
0.872000, 5460
0.873000, 5459
0.873000, 5458
0.874000, 5457
0.874000, 5456
0.875000, 5455
0.876000, 5454
0.876000, 5453
0.876000, 5452
0.877000, 5451
0.877000, 5450
0.878000, 5449
0.878000, 5448
0.878000, 5447
0.879000, 5446
0.882000, 5445
0.882000, 5444
0.883000, 5443
0.885000, 5442
0.885000, 5441
0.886000, 5440
0.886000, 5439
0.888000, 5438
0.888000, 5437
0.889000, 5436
0.890000, 5435
0.891000, 5434
0.892000, 5433
0.893000, 5432
0.895000, 5431
0.896000, 5430
0.897000, 5429
0.898000, 5428
0.899000, 5427
0.900000, 5426
0.901000, 5425
0.903000, 5424
0.904000, 5423
0.906000, 5422
0.907000, 5421
0.908000, 5420
0.909000, 5419
0.910000, 5418
0.911000, 5417
0.911000, 5416
0.912000, 5415
0.912000, 5414
0.913000, 5413
0.913000, 5412
0.914000, 5411
0.914000, 5410
0.916000, 5409
0.916000, 5408
0.917000, 5407
0.917000, 5406
0.920000, 5405
0.921000, 5404
0.921000, 5403
0.922000, 5402
0.924000, 5401
0.924000, 5400
0.925000, 5399
0.925000, 5398
0.925000, 5397
0.925000, 5396
0.926000, 5395
0.928000, 5394
0.929000, 5393
0.931000, 5392
0.931000, 5391
0.933000, 5390
0.935000, 5389
0.936000, 5388
0.936000, 5387
0.936000, 5386
0.939000, 5385
0.940000, 5384
0.940000, 5383
0.941000, 5382
0.942000, 5381
0.944000, 5380
0.945000, 5379
0.948000, 5378
0.951000, 5377
0.952000, 5376
0.952000, 5375
0.952000, 5374
0.953000, 5373
0.954000, 5372
0.954000, 5371
0.956000, 5370
0.956000, 5369
0.956000, 5368
0.957000, 5367
0.958000, 5366
0.958000, 5365
0.959000, 5364
0.962000, 5363
0.965000, 5362
0.966000, 5361
0.967000, 5360
0.967000, 5359
0.968000, 5358
0.969000, 5357
0.970000, 5356
0.970000, 5355
0.973000, 5354
0.973000, 5353
0.976000, 5352
0.976000, 5351
0.977000, 5350
0.978000, 5349
0.979000, 5348
0.982000, 5347
0.984000, 5346
0.986000, 5345
0.990000, 5344
0.991000, 5343
0.992000, 5342
0.992000, 5341
0.994000, 5340
0.995000, 5339
0.995000, 5338
0.996000, 5337
0.996000, 5336
0.997000, 5335
0.999000, 5334
1.003000, 5333
1.003000, 5332
1.004000, 5331
1.007000, 5330
1.008000, 5329
1.009000, 5328
1.011000, 5327
1.011000, 5326
1.012000, 5325
1.013000, 5324
1.017000, 5323
1.018000, 5322
1.019000, 5321
1.021000, 5320
1.022000, 5319
1.024000, 5318
1.024000, 5317
1.027000, 5316
1.027000, 5315
1.028000, 5314
1.028000, 5313
1.031000, 5312
1.033000, 5311
1.037000, 5310
1.038000, 5309
1.039000, 5308
1.040000, 5307
1.040000, 5306
1.042000, 5305
1.043000, 5304
1.043000, 5303
1.044000, 5302
1.045000, 5301
1.047000, 5300
1.047000, 5299
1.049000, 5298
1.049000, 5297
1.049000, 5296
1.050000, 5295
1.051000, 5294
1.052000, 5293
1.053000, 5292
1.055000, 5291
1.056000, 5290
1.057000, 5289
1.058000, 5288
1.058000, 5287
1.064000, 5286
1.066000, 5285
1.077000, 5284
1.078000, 5283
1.080000, 5282
1.081000, 5281
1.082000, 5280
1.083000, 5279
1.085000, 5278
1.085000, 5277
1.085000, 5276
1.086000, 5275
1.086000, 5274
1.086000, 5273
1.088000, 5272
1.089000, 5271
1.091000, 5270
1.093000, 5269
1.094000, 5268
1.095000, 5267
1.095000, 5266
1.098000, 5265
1.099000, 5264
1.100000, 5263
1.101000, 5262
1.102000, 5261
1.103000, 5260
1.104000, 5259
1.105000, 5258
1.107000, 5257
1.108000, 5256
1.109000, 5255
1.110000, 5254
1.111000, 5253
1.112000, 5252
1.113000, 5251
1.118000, 5250
1.122000, 5249
1.124000, 5248
1.124000, 5247
1.124000, 5246
1.125000, 5245
1.125000, 5244
1.126000, 5243
1.127000, 5242
1.127000, 5241
1.128000, 5240
1.128000, 5239
1.130000, 5238
1.130000, 5237
1.132000, 5236
1.133000, 5235
1.135000, 5234
1.136000, 5233
1.139000, 5232
1.139000, 5231
1.140000, 5230
1.140000, 5229
1.141000, 5228
1.141000, 5227
1.141000, 5226
1.143000, 5225
1.144000, 5224
1.145000, 5223
1.146000, 5222
1.147000, 5221
1.151000, 5220
1.151000, 5219
1.153000, 5218
1.154000, 5217
1.155000, 5216
1.156000, 5215
1.157000, 5214
1.158000, 5213
1.158000, 5212
1.159000, 5211
1.160000, 5210
1.160000, 5209
1.160000, 5208
1.161000, 5207
1.162000, 5206
1.163000, 5205
1.164000, 5204
1.164000, 5203
1.165000, 5202
1.168000, 5201
1.169000, 5200
1.171000, 5199
1.171000, 5198
1.173000, 5197
1.176000, 5196
1.177000, 5195
1.178000, 5194
1.181000, 5193
1.182000, 5192
1.182000, 5191
1.186000, 5190
1.190000, 5189
1.191000, 5188
1.191000, 5187
1.191000, 5186
1.192000, 5185
1.193000, 5184
1.195000, 5183
1.197000, 5182
1.198000, 5181
1.201000, 5180
1.202000, 5179
1.202000, 5178
1.203000, 5177
1.203000, 5176
1.203000, 5175
1.205000, 5174
1.205000, 5173
1.207000, 5172
1.208000, 5171
1.209000, 5170
1.209000, 5169
1.215000, 5168
1.215000, 5167
1.216000, 5166
1.220000, 5165
1.220000, 5164
1.221000, 5163
1.221000, 5162
1.225000, 5161
1.229000, 5160
1.233000, 5159
1.234000, 5158
1.235000, 5157
1.236000, 5156
1.239000, 5155
1.241000, 5154
1.242000, 5153
1.243000, 5152
1.245000, 5151
1.247000, 5150
1.248000, 5149
1.248000, 5148
1.249000, 5147
1.250000, 5146
1.250000, 5145
1.251000, 5144
1.251000, 5143
1.251000, 5142
1.252000, 5141
1.252000, 5140
1.254000, 5139
1.256000, 5138
1.256000, 5137
1.257000, 5136
1.258000, 5135
1.259000, 5134
1.260000, 5133
1.261000, 5132
1.262000, 5131
1.265000, 5130
1.270000, 5129
1.272000, 5128
1.272000, 5127
1.274000, 5126
1.276000, 5125
1.278000, 5124
1.278000, 5123
1.279000, 5122
1.280000, 5121
1.283000, 5120
1.284000, 5119
1.285000, 5118
1.286000, 5117
1.289000, 5116
1.290000, 5115
1.294000, 5114
1.294000, 5113
1.294000, 5112
1.294000, 5111
1.297000, 5110
1.298000, 5109
1.301000, 5108
1.303000, 5107
1.303000, 5106
1.306000, 5105
1.308000, 5104
1.310000, 5103
1.312000, 5102
1.313000, 5101
1.313000, 5100
1.313000, 5099
1.313000, 5098
1.315000, 5097
1.317000, 5096
1.318000, 5095
1.318000, 5094
1.320000, 5093
1.322000, 5092
1.331000, 5091
1.332000, 5090
1.332000, 5089
1.332000, 5088
1.334000, 5087
1.336000, 5086
1.339000, 5085
1.341000, 5084
1.346000, 5083
1.347000, 5082
1.348000, 5081
1.354000, 5080
1.354000, 5079
1.355000, 5078
1.355000, 5077
1.356000, 5076
1.357000, 5075
1.359000, 5074
1.364000, 5073
1.366000, 5072
1.368000, 5071
1.371000, 5070
1.373000, 5069
1.373000, 5068
1.376000, 5067
1.380000, 5066
1.380000, 5065
1.382000, 5064
1.382000, 5063
1.383000, 5062
1.389000, 5061
1.389000, 5060
1.391000, 5059
1.392000, 5058
1.393000, 5057
1.394000, 5056
1.395000, 5055
1.397000, 5054
1.398000, 5053
1.400000, 5052
1.401000, 5051
1.402000, 5050
1.402000, 5049
1.404000, 5048
1.405000, 5047
1.405000, 5046
1.405000, 5045
1.407000, 5044
1.407000, 5043
1.408000, 5042
1.409000, 5041
1.410000, 5040
1.412000, 5039
1.421000, 5038
1.428000, 5037
1.430000, 5036
1.432000, 5035
1.433000, 5034
1.436000, 5033
1.437000, 5032
1.438000, 5031
1.438000, 5030
1.440000, 5029
1.443000, 5028
1.444000, 5027
1.446000, 5026
1.447000, 5025
1.448000, 5024
1.448000, 5023
1.452000, 5022
1.452000, 5021
1.456000, 5020
1.457000, 5019
1.462000, 5018
1.463000, 5017
1.464000, 5016
1.469000, 5015
1.469000, 5014
1.472000, 5013
1.474000, 5012
1.476000, 5011
1.476000, 5010
1.477000, 5009
1.478000, 5008
1.483000, 5007
1.484000, 5006
1.488000, 5005
1.493000, 5004
1.494000, 5003
1.496000, 5002
1.500000, 5001
1.502000, 5000
1.503000, 4999
1.506000, 4998
1.506000, 4997
1.508000, 4996
1.510000, 4995
1.511000, 4994
1.512000, 4993
1.515000, 4992
1.518000, 4991
1.520000, 4990
1.522000, 4989
1.522000, 4988
1.525000, 4987
1.525000, 4986
1.526000, 4985
1.531000, 4984
1.534000, 4983
1.538000, 4982
1.540000, 4981
1.540000, 4980
1.542000, 4979
1.543000, 4978
1.545000, 4977
1.546000, 4976
1.547000, 4975
1.547000, 4974
1.549000, 4973
1.552000, 4972
1.556000, 4971
1.557000, 4970
1.559000, 4969
1.564000, 4968
1.565000, 4967
1.569000, 4966
1.569000, 4965
1.571000, 4964
1.571000, 4963
1.573000, 4962
1.583000, 4961
1.584000, 4960
1.585000, 4959
1.586000, 4958
1.588000, 4957
1.588000, 4956
1.594000, 4955
1.594000, 4954
1.597000, 4953
1.597000, 4952
1.600000, 4951
1.600000, 4950
1.600000, 4949
1.604000, 4948
1.607000, 4947
1.610000, 4946
1.611000, 4945
1.618000, 4944
1.621000, 4943
1.622000, 4942
1.623000, 4941
1.624000, 4940
1.627000, 4939
1.628000, 4938
1.629000, 4937
1.646000, 4936
1.650000, 4935
1.654000, 4934
1.655000, 4933
1.656000, 4932
1.657000, 4931
1.662000, 4930
1.665000, 4929
1.668000, 4928
1.681000, 4927
1.683000, 4926
1.687000, 4925
1.690000, 4924
1.699000, 4923
1.700000, 4922
1.701000, 4921
1.708000, 4920
1.713000, 4919
1.715000, 4918
1.718000, 4917
1.720000, 4916
1.725000, 4915
1.728000, 4914
1.730000, 4913
1.733000, 4912
1.742000, 4911
1.745000, 4910
1.753000, 4909
1.765000, 4908
1.766000, 4907
1.770000, 4906
1.779000, 4905
1.785000, 4904
1.795000, 4903
1.796000, 4902
1.803000, 4901
1.804000, 4900
1.811000, 4899
1.815000, 4898
1.819000, 4897
1.820000, 4896
1.822000, 4895
1.822000, 4894
1.842000, 4893
1.848000, 4892
1.850000, 4891
1.853000, 4890
1.857000, 4889
1.864000, 4888
1.865000, 4887
1.872000, 4886
1.873000, 4885
1.876000, 4884
1.881000, 4883
1.883000, 4882
1.909000, 4881
1.910000, 4880
1.912000, 4879
1.918000, 4878
1.920000, 4877
1.930000, 4876
1.937000, 4875
1.946000, 4874
1.952000, 4873
1.960000, 4872
1.980000, 4871
1.984000, 4870
1.992000, 4869
1.994000, 4868
1.999000, 4867
2.003000, 4866
2.030000, 4865
2.031000, 4864
2.034000, 4863
2.038000, 4862
2.040000, 4861
2.047000, 4860
2.054000, 4859
2.059000, 4858
2.063000, 4857
2.064000, 4856
2.081000, 4855
2.096000, 4854
2.101000, 4853
2.122000, 4852
2.125000, 4851
2.131000, 4850
2.139000, 4849
2.170000, 4848
2.193000, 4847
2.194000, 4846
2.206000, 4845
2.212000, 4844
2.232000, 4843
2.248000, 4842
2.257000, 4841
2.261000, 4840
2.261000, 4839
2.268000, 4838
2.272000, 4837
2.273000, 4836
2.298000, 4835
2.322000, 4834
2.354000, 4833
2.364000, 4832
2.367000, 4831
2.389000, 4830
2.404000, 4829
2.419000, 4828
2.439000, 4827
2.454000, 4826
2.482000, 4825
2.488000, 4824
2.517000, 4823
2.527000, 4822
2.530000, 4821
2.532000, 4820
2.553000, 4819
2.554000, 4818
2.562000, 4817
2.574000, 4816
2.581000, 4815
2.585000, 4814
2.638000, 4813
2.651000, 4812
2.679000, 4811
2.713000, 4810
2.731000, 4809
2.734000, 4808
2.771000, 4807
2.783000, 4806
2.805000, 4805
2.834000, 4804
2.876000, 4803
2.912000, 4802
2.935000, 4801
3.028000, 4800
3.212000, 4799
3.500000, 4798
3.563000, 4797
3.678000, 4796
3.794000, 4795
