0.014000, 6897
0.017000, 6896
0.017000, 6895
0.018000, 6894
0.078000, 6893
0.078000, 6892
0.079000, 6891
0.080000, 6890
0.082000, 6889
0.083000, 6888
0.084000, 6887
0.084000, 6886
0.085000, 6885
0.085000, 6884
0.086000, 6883
0.086000, 6882
0.087000, 6881
0.088000, 6880
0.088000, 6879
0.089000, 6878
0.090000, 6877
0.090000, 6876
0.092000, 6875
0.092000, 6874
0.093000, 6873
0.093000, 6872
0.094000, 6871
0.094000, 6870
0.095000, 6869
0.095000, 6868
0.097000, 6867
0.097000, 6866
0.097000, 6865
0.097000, 6864
0.098000, 6863
0.098000, 6862
0.100000, 6861
0.100000, 6860
0.101000, 6859
0.101000, 6858
0.102000, 6857
0.102000, 6856
0.102000, 6855
0.103000, 6854
0.104000, 6853
0.106000, 6852
0.107000, 6851
0.107000, 6850
0.107000, 6849
0.108000, 6848
0.108000, 6847
0.109000, 6846
0.110000, 6845
0.110000, 6844
0.111000, 6843
0.111000, 6842
0.111000, 6841
0.112000, 6840
0.114000, 6839
0.114000, 6838
0.115000, 6837
0.115000, 6836
0.117000, 6835
0.117000, 6834
0.118000, 6833
0.119000, 6832
0.119000, 6831
0.120000, 6830
0.120000, 6829
0.121000, 6828
0.121000, 6827
0.122000, 6826
0.123000, 6825
0.123000, 6824
0.124000, 6823
0.124000, 6822
0.125000, 6821
0.125000, 6820
0.126000, 6819
0.126000, 6818
0.126000, 6817
0.127000, 6816
0.127000, 6815
0.129000, 6814
0.130000, 6813
0.130000, 6812
0.131000, 6811
0.131000, 6810
0.132000, 6809
0.132000, 6808
0.132000, 6807
0.133000, 6806
0.134000, 6805
0.135000, 6804
0.136000, 6803
0.137000, 6802
0.137000, 6801
0.138000, 6800
0.139000, 6799
0.139000, 6798
0.140000, 6797
0.140000, 6796
0.141000, 6795
0.143000, 6794
0.144000, 6793
0.145000, 6792
0.145000, 6791
0.145000, 6790
0.146000, 6789
0.146000, 6788
0.148000, 6787
0.148000, 6786
0.149000, 6785
0.151000, 6784
0.152000, 6783
0.152000, 6782
0.152000, 6781
0.153000, 6780
0.154000, 6779
0.155000, 6778
0.155000, 6777
0.155000, 6776
0.156000, 6775
0.158000, 6774
0.159000, 6773
0.160000, 6772
0.160000, 6771
0.160000, 6770
0.161000, 6769
0.161000, 6768
0.162000, 6767
0.163000, 6766
0.163000, 6765
0.164000, 6764
0.164000, 6763
0.165000, 6762
0.165000, 6761
0.166000, 6760
0.167000, 6759
0.167000, 6758
0.169000, 6757
0.169000, 6756
0.169000, 6755
0.170000, 6754
0.170000, 6753
0.171000, 6752
0.172000, 6751
0.173000, 6750
0.173000, 6749
0.174000, 6748
0.174000, 6747
0.175000, 6746
0.175000, 6745
0.176000, 6744
0.177000, 6743
0.177000, 6742
0.178000, 6741
0.178000, 6740
0.179000, 6739
0.179000, 6738
0.179000, 6737
0.179000, 6736
0.183000, 6735
0.183000, 6734
0.184000, 6733
0.185000, 6732
0.186000, 6731
0.186000, 6730
0.187000, 6729
0.188000, 6728
0.189000, 6727
0.190000, 6726
0.190000, 6725
0.191000, 6724
0.191000, 6723
0.192000, 6722
0.193000, 6721
0.194000, 6720
0.194000, 6719
0.195000, 6718
0.195000, 6717
0.197000, 6716
0.197000, 6715
0.198000, 6714
0.199000, 6713
0.200000, 6712
0.200000, 6711
0.200000, 6710
0.201000, 6709
0.201000, 6708
0.202000, 6707
0.202000, 6706
0.203000, 6705
0.203000, 6704
0.203000, 6703
0.203000, 6702
0.204000, 6701
0.204000, 6700
0.205000, 6699
0.206000, 6698
0.206000, 6697
0.207000, 6696
0.207000, 6695
0.207000, 6694
0.208000, 6693
0.208000, 6692
0.209000, 6691
0.209000, 6690
0.209000, 6689
0.210000, 6688
0.210000, 6687
0.211000, 6686
0.212000, 6685
0.212000, 6684
0.212000, 6683
0.213000, 6682
0.214000, 6681
0.214000, 6680
0.214000, 6679
0.215000, 6678
0.217000, 6677
0.217000, 6676
0.218000, 6675
0.219000, 6674
0.219000, 6673
0.219000, 6672
0.220000, 6671
0.220000, 6670
0.221000, 6669
0.221000, 6668
0.222000, 6667
0.222000, 6666
0.223000, 6665
0.224000, 6664
0.224000, 6663
0.225000, 6662
0.226000, 6661
0.226000, 6660
0.227000, 6659
0.228000, 6658
0.228000, 6657
0.228000, 6656
0.229000, 6655
0.229000, 6654
0.230000, 6653
0.230000, 6652
0.230000, 6651
0.231000, 6650
0.231000, 6649
0.232000, 6648
0.232000, 6647
0.233000, 6646
0.233000, 6645
0.234000, 6644
0.234000, 6643
0.234000, 6642
0.235000, 6641
0.236000, 6640
0.236000, 6639
0.237000, 6638
0.238000, 6637
0.238000, 6636
0.239000, 6635
0.240000, 6634
0.240000, 6633
0.241000, 6632
0.242000, 6631
0.243000, 6630
0.243000, 6629
0.244000, 6628
0.244000, 6627
0.245000, 6626
0.245000, 6625
0.246000, 6624
0.246000, 6623
0.246000, 6622
0.248000, 6621
0.249000, 6620
0.249000, 6619
0.250000, 6618
0.251000, 6617
0.252000, 6616
0.252000, 6615
0.253000, 6614
0.254000, 6613
0.254000, 6612
0.255000, 6611
0.255000, 6610
0.256000, 6609
0.257000, 6608
0.258000, 6607
0.258000, 6606
0.258000, 6605
0.259000, 6604
0.260000, 6603
0.261000, 6602
0.262000, 6601
0.263000, 6600
0.263000, 6599
0.264000, 6598
0.264000, 6597
0.264000, 6596
0.265000, 6595
0.267000, 6594
0.268000, 6593
0.269000, 6592
0.269000, 6591
0.270000, 6590
0.272000, 6589
0.272000, 6588
0.273000, 6587
0.273000, 6586
0.273000, 6585
0.274000, 6584
0.274000, 6583
0.275000, 6582
0.275000, 6581
0.276000, 6580
0.284000, 6579
0.284000, 6578
0.285000, 6577
0.285000, 6576
0.286000, 6575
0.286000, 6574
0.287000, 6573
0.287000, 6572
0.287000, 6571
0.288000, 6570
0.288000, 6569
0.288000, 6568
0.288000, 6567
0.289000, 6566
0.289000, 6565
0.289000, 6564
0.290000, 6563
0.290000, 6562
0.290000, 6561
0.290000, 6560
0.291000, 6559
0.291000, 6558
0.292000, 6557
0.292000, 6556
0.293000, 6555
0.293000, 6554
0.294000, 6553
0.294000, 6552
0.295000, 6551
0.295000, 6550
0.295000, 6549
0.296000, 6548
0.296000, 6547
0.296000, 6546
0.297000, 6545
0.298000, 6544
0.298000, 6543
0.298000, 6542
0.298000, 6541
0.300000, 6540
0.300000, 6539
0.301000, 6538
0.301000, 6537
0.301000, 6536
0.301000, 6535
0.301000, 6534
0.302000, 6533
0.302000, 6532
0.303000, 6531
0.303000, 6530
0.304000, 6529
0.304000, 6528
0.304000, 6527
0.305000, 6526
0.305000, 6525
0.306000, 6524
0.307000, 6523
0.307000, 6522
0.307000, 6521
0.308000, 6520
0.308000, 6519
0.309000, 6518
0.309000, 6517
0.310000, 6516
0.310000, 6515
0.310000, 6514
0.310000, 6513
0.311000, 6512
0.311000, 6511
0.312000, 6510
0.312000, 6509
0.312000, 6508
0.313000, 6507
0.313000, 6506
0.313000, 6505
0.314000, 6504
0.314000, 6503
0.314000, 6502
0.315000, 6501
0.315000, 6500
0.316000, 6499
0.316000, 6498
0.317000, 6497
0.317000, 6496
0.318000, 6495
0.318000, 6494
0.319000, 6493
0.319000, 6492
0.319000, 6491
0.319000, 6490
0.320000, 6489
0.320000, 6488
0.321000, 6487
0.321000, 6486
0.321000, 6485
0.321000, 6484
0.322000, 6483
0.322000, 6482
0.322000, 6481
0.323000, 6480
0.323000, 6479
0.324000, 6478
0.324000, 6477
0.324000, 6476
0.325000, 6475
0.325000, 6474
0.326000, 6473
0.326000, 6472
0.327000, 6471
0.327000, 6470
0.328000, 6469
0.328000, 6468
0.328000, 6467
0.328000, 6466
0.328000, 6465
0.329000, 6464
0.330000, 6463
0.330000, 6462
0.330000, 6461
0.330000, 6460
0.331000, 6459
0.331000, 6458
0.332000, 6457
0.332000, 6456
0.332000, 6455
0.333000, 6454
0.333000, 6453
0.334000, 6452
0.334000, 6451
0.334000, 6450
0.335000, 6449
0.336000, 6448
0.336000, 6447
0.337000, 6446
0.337000, 6445
0.337000, 6444
0.338000, 6443
0.338000, 6442
0.338000, 6441
0.339000, 6440
0.340000, 6439
0.340000, 6438
0.341000, 6437
0.341000, 6436
0.342000, 6435
0.342000, 6434
0.343000, 6433
0.344000, 6432
0.344000, 6431
0.345000, 6430
0.345000, 6429
0.345000, 6428
0.345000, 6427
0.345000, 6426
0.346000, 6425
0.346000, 6424
0.347000, 6423
0.347000, 6422
0.348000, 6421
0.348000, 6420
0.348000, 6419
0.348000, 6418
0.349000, 6417
0.350000, 6416
0.350000, 6415
0.350000, 6414
0.351000, 6413
0.352000, 6412
0.352000, 6411
0.352000, 6410
0.353000, 6409
0.353000, 6408
0.353000, 6407
0.354000, 6406
0.354000, 6405
0.354000, 6404
0.354000, 6403
0.355000, 6402
0.356000, 6401
0.356000, 6400
0.356000, 6399
0.356000, 6398
0.357000, 6397
0.357000, 6396
0.357000, 6395
0.358000, 6394
0.358000, 6393
0.358000, 6392
0.358000, 6391
0.358000, 6390
0.359000, 6389
0.359000, 6388
0.359000, 6387
0.361000, 6386
0.361000, 6385
0.362000, 6384
0.362000, 6383
0.362000, 6382
0.362000, 6381
0.363000, 6380
0.364000, 6379
0.365000, 6378
0.365000, 6377
0.365000, 6376
0.366000, 6375
0.366000, 6374
0.366000, 6373
0.367000, 6372
0.367000, 6371
0.368000, 6370
0.368000, 6369
0.368000, 6368
0.368000, 6367
0.369000, 6366
0.369000, 6365
0.369000, 6364
0.370000, 6363
0.370000, 6362
0.372000, 6361
0.373000, 6360
0.374000, 6359
0.374000, 6358
0.374000, 6357
0.376000, 6356
0.376000, 6355
0.377000, 6354
0.377000, 6353
0.378000, 6352
0.379000, 6351
0.380000, 6350
0.381000, 6349
0.381000, 6348
0.381000, 6347
0.382000, 6346
0.382000, 6345
0.383000, 6344
0.384000, 6343
0.385000, 6342
0.386000, 6341
0.387000, 6340
0.387000, 6339
0.387000, 6338
0.388000, 6337
0.388000, 6336
0.388000, 6335
0.388000, 6334
0.388000, 6333
0.389000, 6332
0.389000, 6331
0.389000, 6330
0.390000, 6329
0.390000, 6328
0.390000, 6327
0.391000, 6326
0.391000, 6325
0.392000, 6324
0.392000, 6323
0.393000, 6322
0.393000, 6321
0.394000, 6320
0.394000, 6319
0.395000, 6318
0.395000, 6317
0.395000, 6316
0.395000, 6315
0.396000, 6314
0.396000, 6313
0.396000, 6312
0.397000, 6311
0.397000, 6310
0.397000, 6309
0.397000, 6308
0.398000, 6307
0.399000, 6306
0.400000, 6305
0.400000, 6304
0.400000, 6303
0.400000, 6302
0.401000, 6301
0.401000, 6300
0.402000, 6299
0.404000, 6298
0.405000, 6297
0.405000, 6296
0.405000, 6295
0.406000, 6294
0.407000, 6293
0.407000, 6292
0.407000, 6291
0.408000, 6290
0.408000, 6289
0.409000, 6288
0.409000, 6287
0.409000, 6286
0.410000, 6285
0.410000, 6284
0.411000, 6283
0.411000, 6282
0.412000, 6281
0.412000, 6280
0.413000, 6279
0.414000, 6278
0.414000, 6277
0.414000, 6276
0.415000, 6275
0.415000, 6274
0.416000, 6273
0.416000, 6272
0.416000, 6271
0.417000, 6270
0.417000, 6269
0.418000, 6268
0.418000, 6267
0.419000, 6266
0.419000, 6265
0.420000, 6264
0.420000, 6263
0.420000, 6262
0.420000, 6261
0.421000, 6260
0.421000, 6259
0.422000, 6258
0.422000, 6257
0.422000, 6256
0.423000, 6255
0.423000, 6254
0.424000, 6253
0.425000, 6252
0.426000, 6251
0.426000, 6250
0.427000, 6249
0.427000, 6248
0.427000, 6247
0.428000, 6246
0.428000, 6245
0.429000, 6244
0.429000, 6243
0.430000, 6242
0.430000, 6241
0.431000, 6240
0.432000, 6239
0.432000, 6238
0.433000, 6237
0.433000, 6236
0.434000, 6235
0.435000, 6234
0.435000, 6233
0.435000, 6232
0.436000, 6231
0.436000, 6230
0.437000, 6229
0.437000, 6228
0.438000, 6227
0.438000, 6226
0.439000, 6225
0.439000, 6224
0.439000, 6223
0.439000, 6222
0.440000, 6221
0.440000, 6220
0.441000, 6219
0.441000, 6218
0.441000, 6217
0.441000, 6216
0.441000, 6215
0.442000, 6214
0.443000, 6213
0.443000, 6212
0.444000, 6211
0.445000, 6210
0.445000, 6209
0.446000, 6208
0.446000, 6207
0.446000, 6206
0.446000, 6205
0.447000, 6204
0.448000, 6203
0.449000, 6202
0.449000, 6201
0.449000, 6200
0.450000, 6199
0.450000, 6198
0.450000, 6197
0.450000, 6196
0.451000, 6195
0.451000, 6194
0.451000, 6193
0.452000, 6192
0.452000, 6191
0.453000, 6190
0.455000, 6189
0.455000, 6188
0.456000, 6187
0.457000, 6186
0.457000, 6185
0.457000, 6184
0.458000, 6183
0.458000, 6182
0.459000, 6181
0.459000, 6180
0.460000, 6179
0.460000, 6178
0.460000, 6177
0.461000, 6176
0.461000, 6175
0.461000, 6174
0.462000, 6173
0.462000, 6172
0.462000, 6171
0.462000, 6170
0.463000, 6169
0.464000, 6168
0.464000, 6167
0.465000, 6166
0.465000, 6165
0.465000, 6164
0.465000, 6163
0.466000, 6162
0.466000, 6161
0.466000, 6160
0.467000, 6159
0.467000, 6158
0.467000, 6157
0.468000, 6156
0.469000, 6155
0.469000, 6154
0.470000, 6153
0.470000, 6152
0.470000, 6151
0.471000, 6150
0.471000, 6149
0.472000, 6148
0.472000, 6147
0.473000, 6146
0.474000, 6145
0.475000, 6144
0.484000, 6143
0.485000, 6142
0.485000, 6141
0.485000, 6140
0.485000, 6139
0.486000, 6138
0.487000, 6137
0.487000, 6136
0.488000, 6135
0.489000, 6134
0.489000, 6133
0.489000, 6132
0.490000, 6131
0.490000, 6130
0.491000, 6129
0.491000, 6128
0.491000, 6127
0.492000, 6126
0.492000, 6125
0.492000, 6124
0.492000, 6123
0.493000, 6122
0.494000, 6121
0.494000, 6120
0.494000, 6119
0.495000, 6118
0.495000, 6117
0.496000, 6116
0.496000, 6115
0.497000, 6114
0.497000, 6113
0.497000, 6112
0.498000, 6111
0.498000, 6110
0.498000, 6109
0.498000, 6108
0.499000, 6107
0.500000, 6106
0.500000, 6105
0.500000, 6104
0.501000, 6103
0.502000, 6102
0.503000, 6101
0.503000, 6100
0.503000, 6099
0.504000, 6098
0.504000, 6097
0.505000, 6096
0.505000, 6095
0.506000, 6094
0.506000, 6093
0.506000, 6092
0.507000, 6091
0.507000, 6090
0.508000, 6089
0.509000, 6088
0.509000, 6087
0.510000, 6086
0.511000, 6085
0.512000, 6084
0.513000, 6083
0.513000, 6082
0.513000, 6081
0.515000, 6080
0.515000, 6079
0.515000, 6078
0.516000, 6077
0.516000, 6076
0.517000, 6075
0.518000, 6074
0.518000, 6073
0.518000, 6072
0.519000, 6071
0.520000, 6070
0.520000, 6069
0.520000, 6068
0.521000, 6067
0.521000, 6066
0.522000, 6065
0.523000, 6064
0.523000, 6063
0.523000, 6062
0.524000, 6061
0.525000, 6060
0.525000, 6059
0.527000, 6058
0.528000, 6057
0.529000, 6056
0.529000, 6055
0.530000, 6054
0.530000, 6053
0.531000, 6052
0.531000, 6051
0.531000, 6050
0.532000, 6049
0.532000, 6048
0.532000, 6047
0.533000, 6046
0.533000, 6045
0.534000, 6044
0.534000, 6043
0.535000, 6042
0.535000, 6041
0.535000, 6040
0.535000, 6039
0.536000, 6038
0.536000, 6037
0.537000, 6036
0.537000, 6035
0.538000, 6034
0.538000, 6033
0.539000, 6032
0.539000, 6031
0.539000, 6030
0.540000, 6029
0.541000, 6028
0.541000, 6027
0.541000, 6026
0.542000, 6025
0.543000, 6024
0.543000, 6023
0.543000, 6022
0.544000, 6021
0.545000, 6020
0.546000, 6019
0.546000, 6018
0.547000, 6017
0.547000, 6016
0.547000, 6015
0.547000, 6014
0.548000, 6013
0.548000, 6012
0.548000, 6011
0.549000, 6010
0.549000, 6009
0.550000, 6008
0.550000, 6007
0.551000, 6006
0.551000, 6005
0.552000, 6004
0.552000, 6003
0.553000, 6002
0.554000, 6001
0.554000, 6000
0.554000, 5999
0.555000, 5998
0.555000, 5997
0.556000, 5996
0.556000, 5995
0.557000, 5994
0.557000, 5993
0.558000, 5992
0.559000, 5991
0.559000, 5990
0.560000, 5989
0.561000, 5988
0.561000, 5987
0.561000, 5986
0.563000, 5985
0.563000, 5984
0.563000, 5983
0.564000, 5982
0.564000, 5981
0.564000, 5980
0.565000, 5979
0.565000, 5978
0.565000, 5977
0.566000, 5976
0.566000, 5975
0.567000, 5974
0.567000, 5973
0.567000, 5972
0.568000, 5971
0.568000, 5970
0.569000, 5969
0.572000, 5968
0.573000, 5967
0.573000, 5966
0.574000, 5965
0.575000, 5964
0.576000, 5963
0.576000, 5962
0.576000, 5961
0.577000, 5960
0.578000, 5959
0.579000, 5958
0.579000, 5957
0.580000, 5956
0.580000, 5955
0.580000, 5954
0.580000, 5953
0.581000, 5952
0.581000, 5951
0.582000, 5950
0.582000, 5949
0.583000, 5948
0.584000, 5947
0.585000, 5946
0.585000, 5945
0.586000, 5944
0.587000, 5943
0.588000, 5942
0.588000, 5941
0.589000, 5940
0.590000, 5939
0.591000, 5938
0.591000, 5937
0.592000, 5936
0.593000, 5935
0.593000, 5934
0.593000, 5933
0.594000, 5932
0.595000, 5931
0.595000, 5930
0.595000, 5929
0.596000, 5928
0.596000, 5927
0.597000, 5926
0.597000, 5925
0.597000, 5924
0.597000, 5923
0.598000, 5922
0.598000, 5921
0.599000, 5920
0.600000, 5919
0.600000, 5918
0.601000, 5917
0.601000, 5916
0.601000, 5915
0.602000, 5914
0.602000, 5913
0.602000, 5912
0.603000, 5911
0.604000, 5910
0.604000, 5909
0.605000, 5908
0.605000, 5907
0.605000, 5906
0.605000, 5905
0.606000, 5904
0.606000, 5903
0.607000, 5902
0.607000, 5901
0.608000, 5900
0.608000, 5899
0.608000, 5898
0.609000, 5897
0.609000, 5896
0.610000, 5895
0.611000, 5894
0.612000, 5893
0.612000, 5892
0.612000, 5891
0.613000, 5890
0.613000, 5889
0.614000, 5888
0.615000, 5887
0.615000, 5886
0.615000, 5885
0.616000, 5884
0.616000, 5883
0.617000, 5882
0.617000, 5881
0.618000, 5880
0.618000, 5879
0.619000, 5878
0.620000, 5877
0.620000, 5876
0.620000, 5875
0.621000, 5874
0.622000, 5873
0.622000, 5872
0.624000, 5871
0.624000, 5870
0.624000, 5869
0.626000, 5868
0.626000, 5867
0.627000, 5866
0.627000, 5865
0.627000, 5864
0.629000, 5863
0.629000, 5862
0.629000, 5861
0.630000, 5860
0.630000, 5859
0.630000, 5858
0.631000, 5857
0.631000, 5856
0.631000, 5855
0.632000, 5854
0.632000, 5853
0.632000, 5852
0.632000, 5851
0.632000, 5850
0.633000, 5849
0.633000, 5848
0.633000, 5847
0.633000, 5846
0.634000, 5845
0.635000, 5844
0.635000, 5843
0.636000, 5842
0.636000, 5841
0.637000, 5840
0.638000, 5839
0.638000, 5838
0.639000, 5837
0.639000, 5836
0.639000, 5835
0.640000, 5834
0.640000, 5833
0.640000, 5832
0.640000, 5831
0.641000, 5830
0.641000, 5829
0.643000, 5828
0.644000, 5827
0.645000, 5826
0.645000, 5825
0.646000, 5824
0.646000, 5823
0.646000, 5822
0.647000, 5821
0.647000, 5820
0.648000, 5819
0.648000, 5818
0.649000, 5817
0.649000, 5816
0.650000, 5815
0.650000, 5814
0.651000, 5813
0.651000, 5812
0.651000, 5811
0.652000, 5810
0.652000, 5809
0.653000, 5808
0.653000, 5807
0.653000, 5806
0.653000, 5805
0.653000, 5804
0.654000, 5803
0.654000, 5802
0.655000, 5801
0.655000, 5800
0.655000, 5799
0.656000, 5798
0.664000, 5797
0.665000, 5796
0.665000, 5795
0.666000, 5794
0.666000, 5793
0.666000, 5792
0.667000, 5791
0.667000, 5790
0.667000, 5789
0.668000, 5788
0.669000, 5787
0.669000, 5786
0.670000, 5785
0.670000, 5784
0.671000, 5783
0.671000, 5782
0.671000, 5781
0.672000, 5780
0.672000, 5779
0.672000, 5778
0.673000, 5777
0.673000, 5776
0.674000, 5775
0.674000, 5774
0.675000, 5773
0.675000, 5772
0.676000, 5771
0.677000, 5770
0.678000, 5769
0.678000, 5768
0.678000, 5767
0.680000, 5766
0.680000, 5765
0.680000, 5764
0.680000, 5763
0.682000, 5762
0.682000, 5761
0.683000, 5760
0.683000, 5759
0.684000, 5758
0.685000, 5757
0.685000, 5756
0.686000, 5755
0.688000, 5754
0.688000, 5753
0.689000, 5752
0.689000, 5751
0.690000, 5750
0.690000, 5749
0.690000, 5748
0.691000, 5747
0.691000, 5746
0.692000, 5745
0.692000, 5744
0.692000, 5743
0.693000, 5742
0.693000, 5741
0.694000, 5740
0.694000, 5739
0.695000, 5738
0.695000, 5737
0.695000, 5736
0.695000, 5735
0.696000, 5734
0.699000, 5733
0.700000, 5732
0.703000, 5731
0.704000, 5730
0.704000, 5729
0.705000, 5728
0.705000, 5727
0.706000, 5726
0.706000, 5725
0.706000, 5724
0.708000, 5723
0.708000, 5722
0.709000, 5721
0.709000, 5720
0.710000, 5719
0.711000, 5718
0.712000, 5717
0.714000, 5716
0.715000, 5715
0.715000, 5714
0.715000, 5713
0.716000, 5712
0.717000, 5711
0.717000, 5710
0.717000, 5709
0.719000, 5708
0.720000, 5707
0.720000, 5706
0.720000, 5705
0.721000, 5704
0.722000, 5703
0.723000, 5702
0.724000, 5701
0.724000, 5700
0.726000, 5699
0.726000, 5698
0.726000, 5697
0.729000, 5696
0.729000, 5695
0.730000, 5694
0.730000, 5693
0.731000, 5692
0.732000, 5691
0.733000, 5690
0.733000, 5689
0.734000, 5688
0.734000, 5687
0.734000, 5686
0.735000, 5685
0.736000, 5684
0.736000, 5683
0.736000, 5682
0.736000, 5681
0.737000, 5680
0.738000, 5679
0.738000, 5678
0.739000, 5677
0.739000, 5676
0.740000, 5675
0.740000, 5674
0.740000, 5673
0.741000, 5672
0.742000, 5671
0.742000, 5670
0.743000, 5669
0.744000, 5668
0.745000, 5667
0.747000, 5666
0.748000, 5665
0.748000, 5664
0.749000, 5663
0.750000, 5662
0.752000, 5661
0.755000, 5660
0.755000, 5659
0.756000, 5658
0.756000, 5657
0.756000, 5656
0.757000, 5655
0.757000, 5654
0.758000, 5653
0.758000, 5652
0.758000, 5651
0.758000, 5650
0.758000, 5649
0.759000, 5648
0.760000, 5647
0.760000, 5646
0.761000, 5645
0.761000, 5644
0.762000, 5643
0.762000, 5642
0.765000, 5641
0.766000, 5640
0.766000, 5639
0.767000, 5638
0.767000, 5637
0.767000, 5636
0.769000, 5635
0.769000, 5634
0.770000, 5633
0.771000, 5632
0.771000, 5631
0.771000, 5630
0.772000, 5629
0.773000, 5628
0.773000, 5627
0.775000, 5626
0.775000, 5625
0.776000, 5624
0.776000, 5623
0.777000, 5622
0.777000, 5621
0.777000, 5620
0.779000, 5619
0.779000, 5618
0.780000, 5617
0.781000, 5616
0.782000, 5615
0.782000, 5614
0.783000, 5613
0.783000, 5612
0.784000, 5611
0.784000, 5610
0.784000, 5609
0.785000, 5608
0.786000, 5607
0.788000, 5606
0.788000, 5605
0.790000, 5604
0.790000, 5603
0.790000, 5602
0.791000, 5601
0.792000, 5600
0.794000, 5599
0.795000, 5598
0.795000, 5597
0.795000, 5596
0.796000, 5595
0.796000, 5594
0.798000, 5593
0.798000, 5592
0.798000, 5591
0.798000, 5590
0.801000, 5589
0.801000, 5588
0.802000, 5587
0.802000, 5586
0.803000, 5585
0.803000, 5584
0.804000, 5583
0.813000, 5582
0.814000, 5581
0.814000, 5580
0.815000, 5579
0.815000, 5578
0.816000, 5577
0.817000, 5576
0.818000, 5575
0.818000, 5574
0.822000, 5573
0.823000, 5572
0.823000, 5571
0.824000, 5570
0.824000, 5569
0.824000, 5568
0.825000, 5567
0.826000, 5566
0.827000, 5565
0.827000, 5564
0.828000, 5563
0.829000, 5562
0.829000, 5561
0.829000, 5560
0.832000, 5559
0.833000, 5558
0.834000, 5557
0.835000, 5556
0.835000, 5555
0.836000, 5554
0.836000, 5553
0.837000, 5552
0.838000, 5551
0.838000, 5550
0.839000, 5549
0.840000, 5548
0.842000, 5547
0.842000, 5546
0.842000, 5545
0.842000, 5544
0.843000, 5543
0.843000, 5542
0.844000, 5541
0.845000, 5540
0.845000, 5539
0.845000, 5538
0.846000, 5537
0.847000, 5536
0.848000, 5535
0.849000, 5534
0.850000, 5533
0.850000, 5532
0.850000, 5531
0.850000, 5530
0.850000, 5529
0.850000, 5528
0.853000, 5527
0.854000, 5526
0.854000, 5525
0.854000, 5524
0.855000, 5523
0.855000, 5522
0.856000, 5521
0.857000, 5520
0.858000, 5519
0.860000, 5518
0.861000, 5517
0.862000, 5516
0.862000, 5515
0.862000, 5514
0.862000, 5513
0.863000, 5512
0.863000, 5511
0.864000, 5510
0.865000, 5509
0.865000, 5508
0.866000, 5507
0.869000, 5506
0.869000, 5505
0.870000, 5504
0.870000, 5503
0.872000, 5502
0.872000, 5501
0.874000, 5500
0.874000, 5499
0.874000, 5498
0.876000, 5497
0.877000, 5496
0.881000, 5495
0.884000, 5494
0.884000, 5493
0.884000, 5492
0.886000, 5491
0.887000, 5490
0.888000, 5489
0.888000, 5488
0.889000, 5487
0.889000, 5486
0.890000, 5485
0.891000, 5484
0.892000, 5483
0.893000, 5482
0.893000, 5481
0.894000, 5480
0.894000, 5479
0.895000, 5478
0.896000, 5477
0.896000, 5476
0.897000, 5475
0.897000, 5474
0.898000, 5473
0.898000, 5472
0.899000, 5471
0.899000, 5470
0.899000, 5469
0.900000, 5468
0.900000, 5467
0.902000, 5466
0.902000, 5465
0.903000, 5464
0.903000, 5463
0.904000, 5462
0.906000, 5461
0.908000, 5460
0.909000, 5459
0.909000, 5458
0.910000, 5457
0.910000, 5456
0.911000, 5455
0.911000, 5454
0.912000, 5453
0.912000, 5452
0.913000, 5451
0.914000, 5450
0.914000, 5449
0.915000, 5448
0.916000, 5447
0.916000, 5446
0.917000, 5445
0.918000, 5444
0.918000, 5443
0.918000, 5442
0.920000, 5441
0.920000, 5440
0.921000, 5439
0.921000, 5438
0.922000, 5437
0.923000, 5436
0.924000, 5435
0.924000, 5434
0.924000, 5433
0.925000, 5432
0.925000, 5431
0.926000, 5430
0.926000, 5429
0.927000, 5428
0.928000, 5427
0.928000, 5426
0.929000, 5425
0.929000, 5424
0.931000, 5423
0.931000, 5422
0.932000, 5421
0.932000, 5420
0.933000, 5419
0.933000, 5418
0.935000, 5417
0.937000, 5416
0.937000, 5415
0.937000, 5414
0.938000, 5413
0.938000, 5412
0.938000, 5411
0.939000, 5410
0.940000, 5409
0.941000, 5408
0.941000, 5407
0.944000, 5406
0.945000, 5405
0.945000, 5404
0.946000, 5403
0.947000, 5402
0.947000, 5401
0.947000, 5400
0.950000, 5399
0.950000, 5398
0.950000, 5397
0.952000, 5396
0.952000, 5395
0.952000, 5394
0.953000, 5393
0.953000, 5392
0.953000, 5391
0.953000, 5390
0.953000, 5389
0.954000, 5388
0.954000, 5387
0.955000, 5386
0.955000, 5385
0.957000, 5384
0.957000, 5383
0.957000, 5382
0.957000, 5381
0.958000, 5380
0.959000, 5379
0.960000, 5378
0.960000, 5377
0.960000, 5376
0.961000, 5375
0.962000, 5374
0.963000, 5373
0.963000, 5372
0.964000, 5371
0.964000, 5370
0.965000, 5369
0.966000, 5368
0.966000, 5367
0.967000, 5366
0.968000, 5365
0.970000, 5364
0.971000, 5363
0.974000, 5362
0.974000, 5361
0.975000, 5360
0.976000, 5359
0.976000, 5358
0.976000, 5357
0.977000, 5356
0.977000, 5355
0.978000, 5354
0.979000, 5353
0.980000, 5352
0.981000, 5351
0.981000, 5350
0.982000, 5349
0.983000, 5348
0.983000, 5347
0.984000, 5346
0.985000, 5345
0.985000, 5344
0.985000, 5343
0.986000, 5342
0.989000, 5341
0.991000, 5340
0.997000, 5339
1.000000, 5338
1.002000, 5337
1.003000, 5336
1.004000, 5335
1.004000, 5334
1.005000, 5333
1.006000, 5332
1.007000, 5331
1.007000, 5330
1.008000, 5329
1.011000, 5328
1.011000, 5327
1.012000, 5326
1.012000, 5325
1.013000, 5324
1.013000, 5323
1.017000, 5322
1.018000, 5321
1.018000, 5320
1.018000, 5319
1.019000, 5318
1.019000, 5317
1.019000, 5316
1.020000, 5315
1.021000, 5314
1.023000, 5313
1.024000, 5312
1.025000, 5311
1.026000, 5310
1.027000, 5309
1.028000, 5308
1.029000, 5307
1.029000, 5306
1.030000, 5305
1.030000, 5304
1.031000, 5303
1.034000, 5302
1.035000, 5301
1.036000, 5300
1.038000, 5299
1.039000, 5298
1.039000, 5297
1.039000, 5296
1.041000, 5295
1.044000, 5294
1.044000, 5293
1.045000, 5292
1.048000, 5291
1.048000, 5290
1.049000, 5289
1.050000, 5288
1.052000, 5287
1.054000, 5286
1.055000, 5285
1.057000, 5284
1.057000, 5283
1.058000, 5282
1.059000, 5281
1.061000, 5280
1.062000, 5279
1.062000, 5278
1.063000, 5277
1.065000, 5276
1.065000, 5275
1.066000, 5274
1.067000, 5273
1.069000, 5272
1.071000, 5271
1.072000, 5270
1.075000, 5269
1.075000, 5268
1.076000, 5267
1.076000, 5266
1.076000, 5265
1.077000, 5264
1.078000, 5263
1.078000, 5262
1.079000, 5261
1.080000, 5260
1.080000, 5259
1.080000, 5258
1.086000, 5257
1.091000, 5256
1.103000, 5255
1.105000, 5254
1.106000, 5253
1.106000, 5252
1.108000, 5251
1.108000, 5250
1.109000, 5249
1.109000, 5248
1.110000, 5247
1.111000, 5246
1.111000, 5245
1.112000, 5244
1.112000, 5243
1.113000, 5242
1.113000, 5241
1.114000, 5240
1.116000, 5239
1.123000, 5238
1.123000, 5237
1.124000, 5236
1.125000, 5235
1.126000, 5234
1.126000, 5233
1.126000, 5232
1.127000, 5231
1.127000, 5230
1.127000, 5229
1.127000, 5228
1.129000, 5227
1.129000, 5226
1.130000, 5225
1.130000, 5224
1.131000, 5223
1.131000, 5222
1.131000, 5221
1.131000, 5220
1.132000, 5219
1.134000, 5218
1.134000, 5217
1.134000, 5216
1.135000, 5215
1.136000, 5214
1.137000, 5213
1.137000, 5212
1.139000, 5211
1.140000, 5210
1.141000, 5209
1.144000, 5208
1.144000, 5207
1.144000, 5206
1.145000, 5205
1.152000, 5204
1.156000, 5203
1.157000, 5202
1.158000, 5201
1.164000, 5200
1.165000, 5199
1.167000, 5198
1.167000, 5197
1.169000, 5196
1.169000, 5195
1.169000, 5194
1.172000, 5193
1.173000, 5192
1.178000, 5191
1.181000, 5190
1.183000, 5189
1.188000, 5188
1.190000, 5187
1.191000, 5186
1.192000, 5185
1.192000, 5184
1.194000, 5183
1.194000, 5182
1.196000, 5181
1.197000, 5180
1.198000, 5179
1.199000, 5178
1.199000, 5177
1.204000, 5176
1.204000, 5175
1.205000, 5174
1.206000, 5173
1.211000, 5172
1.212000, 5171
1.212000, 5170
1.213000, 5169
1.213000, 5168
1.215000, 5167
1.216000, 5166
1.217000, 5165
1.218000, 5164
1.219000, 5163
1.220000, 5162
1.220000, 5161
1.220000, 5160
1.222000, 5159
1.223000, 5158
1.223000, 5157
1.224000, 5156
1.225000, 5155
1.225000, 5154
1.225000, 5153
1.226000, 5152
1.229000, 5151
1.230000, 5150
1.233000, 5149
1.234000, 5148
1.235000, 5147
1.237000, 5146
1.239000, 5145
1.240000, 5144
1.240000, 5143
1.242000, 5142
1.243000, 5141
1.243000, 5140
1.245000, 5139
1.247000, 5138
1.248000, 5137
1.249000, 5136
1.249000, 5135
1.251000, 5134
1.257000, 5133
1.258000, 5132
1.261000, 5131
1.262000, 5130
1.262000, 5129
1.263000, 5128
1.263000, 5127
1.266000, 5126
1.266000, 5125
1.268000, 5124
1.272000, 5123
1.272000, 5122
1.273000, 5121
1.273000, 5120
1.276000, 5119
1.279000, 5118
1.280000, 5117
1.280000, 5116
1.283000, 5115
1.283000, 5114
1.284000, 5113
1.284000, 5112
1.285000, 5111
1.291000, 5110
1.292000, 5109
1.299000, 5108
1.304000, 5107
1.305000, 5106
1.305000, 5105
1.306000, 5104
1.308000, 5103
1.309000, 5102
1.310000, 5101
1.313000, 5100
1.314000, 5099
1.314000, 5098
1.315000, 5097
1.316000, 5096
1.317000, 5095
1.317000, 5094
1.320000, 5093
1.321000, 5092
1.322000, 5091
1.323000, 5090
1.325000, 5089
1.325000, 5088
1.327000, 5087
1.330000, 5086
1.332000, 5085
1.339000, 5084
1.340000, 5083
1.341000, 5082
1.342000, 5081
1.352000, 5080
1.355000, 5079
1.355000, 5078
1.356000, 5077
1.356000, 5076
1.358000, 5075
1.359000, 5074
1.362000, 5073
1.363000, 5072
1.364000, 5071
1.365000, 5070
1.365000, 5069
1.366000, 5068
1.367000, 5067
1.367000, 5066
1.375000, 5065
1.377000, 5064
1.377000, 5063
1.379000, 5062
1.380000, 5061
1.380000, 5060
1.381000, 5059
1.382000, 5058
1.384000, 5057
1.385000, 5056
1.387000, 5055
1.387000, 5054
1.387000, 5053
1.390000, 5052
1.391000, 5051
1.391000, 5050
1.394000, 5049
1.398000, 5048
1.400000, 5047
1.403000, 5046
1.404000, 5045
1.407000, 5044
1.409000, 5043
1.410000, 5042
1.413000, 5041
1.413000, 5040
1.414000, 5039
1.415000, 5038
1.415000, 5037
1.416000, 5036
1.416000, 5035
1.417000, 5034
1.418000, 5033
1.420000, 5032
1.420000, 5031
1.421000, 5030
1.423000, 5029
1.424000, 5028
1.428000, 5027
1.435000, 5026
1.437000, 5025
1.439000, 5024
1.441000, 5023
1.444000, 5022
1.445000, 5021
1.448000, 5020
1.449000, 5019
1.449000, 5018
1.450000, 5017
1.452000, 5016
1.453000, 5015
1.453000, 5014
1.457000, 5013
1.457000, 5012
1.457000, 5011
1.458000, 5010
1.458000, 5009
1.466000, 5008
1.466000, 5007
1.467000, 5006
1.469000, 5005
1.470000, 5004
1.470000, 5003
1.474000, 5002
1.474000, 5001
1.478000, 5000
1.479000, 4999
1.479000, 4998
1.482000, 4997
1.484000, 4996
1.485000, 4995
1.489000, 4994
1.489000, 4993
1.489000, 4992
1.490000, 4991
1.494000, 4990
1.495000, 4989
1.496000, 4988
1.500000, 4987
1.504000, 4986
1.508000, 4985
1.516000, 4984
1.521000, 4983
1.521000, 4982
1.522000, 4981
1.523000, 4980
1.527000, 4979
1.532000, 4978
1.535000, 4977
1.537000, 4976
1.541000, 4975
1.545000, 4974
1.545000, 4973
1.549000, 4972
1.549000, 4971
1.549000, 4970
1.550000, 4969
1.552000, 4968
1.552000, 4967
1.554000, 4966
1.554000, 4965
1.557000, 4964
1.559000, 4963
1.563000, 4962
1.566000, 4961
1.568000, 4960
1.572000, 4959
1.578000, 4958
1.585000, 4957
1.589000, 4956
1.589000, 4955
1.596000, 4954
1.599000, 4953
1.600000, 4952
1.601000, 4951
1.604000, 4950
1.606000, 4949
1.608000, 4948
1.609000, 4947
1.612000, 4946
1.612000, 4945
1.619000, 4944
1.620000, 4943
1.622000, 4942
1.629000, 4941
1.636000, 4940
1.644000, 4939
1.649000, 4938
1.654000, 4937
1.659000, 4936
1.660000, 4935
1.669000, 4934
1.673000, 4933
1.679000, 4932
1.682000, 4931
1.690000, 4930
1.694000, 4929
1.698000, 4928
1.700000, 4927
1.706000, 4926
1.706000, 4925
1.711000, 4924
1.718000, 4923
1.719000, 4922
1.722000, 4921
1.723000, 4920
1.735000, 4919
1.740000, 4918
1.742000, 4917
1.746000, 4916
1.751000, 4915
1.754000, 4914
1.759000, 4913
1.772000, 4912
1.778000, 4911
1.781000, 4910
1.814000, 4909
1.815000, 4908
1.818000, 4907
1.822000, 4906
1.822000, 4905
1.825000, 4904
1.826000, 4903
1.832000, 4902
1.835000, 4901
1.838000, 4900
1.839000, 4899
1.840000, 4898
1.842000, 4897
1.862000, 4896
1.883000, 4895
1.889000, 4894
1.898000, 4893
1.911000, 4892
1.920000, 4891
1.923000, 4890
1.925000, 4889
1.935000, 4888
1.938000, 4887
1.943000, 4886
1.947000, 4885
1.961000, 4884
1.963000, 4883
1.967000, 4882
1.973000, 4881
1.980000, 4880
1.995000, 4879
1.996000, 4878
1.997000, 4877
2.004000, 4876
2.005000, 4875
2.005000, 4874
2.010000, 4873
2.021000, 4872
2.024000, 4871
2.026000, 4870
2.028000, 4869
2.042000, 4868
2.044000, 4867
2.046000, 4866
2.048000, 4865
2.059000, 4864
2.061000, 4863
2.063000, 4862
2.066000, 4861
2.078000, 4860
2.080000, 4859
2.082000, 4858
2.089000, 4857
2.095000, 4856
2.095000, 4855
2.112000, 4854
2.130000, 4853
2.143000, 4852
2.149000, 4851
2.176000, 4850
2.185000, 4849
2.187000, 4848
2.188000, 4847
2.200000, 4846
2.219000, 4845
2.219000, 4844
2.220000, 4843
2.238000, 4842
2.240000, 4841
2.257000, 4840
2.260000, 4839
2.270000, 4838
2.277000, 4837
2.280000, 4836
2.291000, 4835
2.296000, 4834
2.306000, 4833
2.309000, 4832
2.315000, 4831
2.323000, 4830
2.329000, 4829
2.343000, 4828
2.347000, 4827
2.390000, 4826
2.393000, 4825
2.399000, 4824
2.404000, 4823
2.404000, 4822
2.404000, 4821
2.425000, 4820
2.431000, 4819
2.434000, 4818
2.442000, 4817
2.454000, 4816
2.469000, 4815
2.506000, 4814
2.529000, 4813
2.538000, 4812
2.595000, 4811
2.607000, 4810
2.611000, 4809
2.616000, 4808
2.624000, 4807
2.654000, 4806
2.681000, 4805
2.764000, 4804
2.772000, 4803
2.838000, 4802
2.844000, 4801
2.846000, 4800
2.848000, 4799
2.937000, 4798
2.942000, 4797
3.147000, 4796
3.357000, 4795
3.370000, 4794
3.533000, 4793
3.895000, 4792
