0.014000, 6937
0.018000, 6936
0.022000, 6935
0.022000, 6934
0.075000, 6933
0.075000, 6932
0.076000, 6931
0.076000, 6930
0.077000, 6929
0.077000, 6928
0.078000, 6927
0.078000, 6926
0.079000, 6925
0.079000, 6924
0.080000, 6923
0.081000, 6922
0.081000, 6921
0.082000, 6920
0.083000, 6919
0.083000, 6918
0.083000, 6917
0.084000, 6916
0.084000, 6915
0.085000, 6914
0.085000, 6913
0.086000, 6912
0.089000, 6911
0.089000, 6910
0.090000, 6909
0.092000, 6908
0.093000, 6907
0.094000, 6906
0.094000, 6905
0.096000, 6904
0.096000, 6903
0.097000, 6902
0.097000, 6901
0.098000, 6900
0.099000, 6899
0.100000, 6898
0.101000, 6897
0.101000, 6896
0.101000, 6895
0.103000, 6894
0.103000, 6893
0.104000, 6892
0.104000, 6891
0.104000, 6890
0.105000, 6889
0.106000, 6888
0.106000, 6887
0.107000, 6886
0.107000, 6885
0.108000, 6884
0.108000, 6883
0.110000, 6882
0.112000, 6881
0.113000, 6880
0.113000, 6879
0.113000, 6878
0.114000, 6877
0.114000, 6876
0.115000, 6875
0.115000, 6874
0.115000, 6873
0.116000, 6872
0.118000, 6871
0.118000, 6870
0.119000, 6869
0.121000, 6868
0.122000, 6867
0.123000, 6866
0.124000, 6865
0.124000, 6864
0.125000, 6863
0.126000, 6862
0.126000, 6861
0.127000, 6860
0.128000, 6859
0.128000, 6858
0.131000, 6857
0.132000, 6856
0.132000, 6855
0.132000, 6854
0.133000, 6853
0.133000, 6852
0.134000, 6851
0.135000, 6850
0.135000, 6849
0.136000, 6848
0.136000, 6847
0.136000, 6846
0.138000, 6845
0.139000, 6844
0.139000, 6843
0.140000, 6842
0.140000, 6841
0.140000, 6840
0.141000, 6839
0.141000, 6838
0.141000, 6837
0.142000, 6836
0.143000, 6835
0.143000, 6834
0.144000, 6833
0.144000, 6832
0.145000, 6831
0.146000, 6830
0.146000, 6829
0.146000, 6828
0.147000, 6827
0.147000, 6826
0.148000, 6825
0.148000, 6824
0.149000, 6823
0.149000, 6822
0.150000, 6821
0.150000, 6820
0.151000, 6819
0.151000, 6818
0.152000, 6817
0.153000, 6816
0.154000, 6815
0.155000, 6814
0.156000, 6813
0.156000, 6812
0.157000, 6811
0.158000, 6810
0.160000, 6809
0.160000, 6808
0.161000, 6807
0.161000, 6806
0.161000, 6805
0.163000, 6804
0.164000, 6803
0.166000, 6802
0.166000, 6801
0.167000, 6800
0.168000, 6799
0.168000, 6798
0.169000, 6797
0.170000, 6796
0.170000, 6795
0.171000, 6794
0.172000, 6793
0.172000, 6792
0.172000, 6791
0.173000, 6790
0.174000, 6789
0.174000, 6788
0.175000, 6787
0.176000, 6786
0.176000, 6785
0.177000, 6784
0.178000, 6783
0.178000, 6782
0.178000, 6781
0.178000, 6780
0.179000, 6779
0.180000, 6778
0.180000, 6777
0.181000, 6776
0.181000, 6775
0.181000, 6774
0.182000, 6773
0.183000, 6772
0.184000, 6771
0.184000, 6770
0.185000, 6769
0.186000, 6768
0.186000, 6767
0.186000, 6766
0.186000, 6765
0.187000, 6764
0.187000, 6763
0.188000, 6762
0.188000, 6761
0.190000, 6760
0.190000, 6759
0.192000, 6758
0.192000, 6757
0.194000, 6756
0.194000, 6755
0.195000, 6754
0.197000, 6753
0.197000, 6752
0.199000, 6751
0.201000, 6750
0.201000, 6749
0.201000, 6748
0.203000, 6747
0.204000, 6746
0.204000, 6745
0.207000, 6744
0.207000, 6743
0.207000, 6742
0.207000, 6741
0.209000, 6740
0.209000, 6739
0.210000, 6738
0.210000, 6737
0.211000, 6736
0.212000, 6735
0.212000, 6734
0.213000, 6733
0.213000, 6732
0.214000, 6731
0.214000, 6730
0.215000, 6729
0.216000, 6728
0.216000, 6727
0.216000, 6726
0.217000, 6725
0.217000, 6724
0.218000, 6723
0.219000, 6722
0.220000, 6721
0.221000, 6720
0.222000, 6719
0.222000, 6718
0.222000, 6717
0.223000, 6716
0.224000, 6715
0.224000, 6714
0.225000, 6713
0.227000, 6712
0.228000, 6711
0.230000, 6710
0.231000, 6709
0.231000, 6708
0.232000, 6707
0.234000, 6706
0.234000, 6705
0.235000, 6704
0.236000, 6703
0.236000, 6702
0.237000, 6701
0.237000, 6700
0.238000, 6699
0.238000, 6698
0.238000, 6697
0.239000, 6696
0.239000, 6695
0.239000, 6694
0.240000, 6693
0.240000, 6692
0.241000, 6691
0.242000, 6690
0.243000, 6689
0.243000, 6688
0.244000, 6687
0.244000, 6686
0.244000, 6685
0.246000, 6684
0.246000, 6683
0.246000, 6682
0.248000, 6681
0.248000, 6680
0.249000, 6679
0.249000, 6678
0.250000, 6677
0.250000, 6676
0.251000, 6675
0.252000, 6674
0.252000, 6673
0.253000, 6672
0.254000, 6671
0.255000, 6670
0.255000, 6669
0.256000, 6668
0.256000, 6667
0.257000, 6666
0.258000, 6665
0.261000, 6664
0.261000, 6663
0.261000, 6662
0.262000, 6661
0.262000, 6660
0.263000, 6659
0.264000, 6658
0.265000, 6657
0.265000, 6656
0.266000, 6655
0.266000, 6654
0.267000, 6653
0.269000, 6652
0.269000, 6651
0.270000, 6650
0.270000, 6649
0.271000, 6648
0.271000, 6647
0.272000, 6646
0.272000, 6645
0.273000, 6644
0.273000, 6643
0.273000, 6642
0.274000, 6641
0.274000, 6640
0.275000, 6639
0.285000, 6638
0.285000, 6637
0.285000, 6636
0.286000, 6635
0.286000, 6634
0.287000, 6633
0.287000, 6632
0.288000, 6631
0.288000, 6630
0.288000, 6629
0.289000, 6628
0.289000, 6627
0.290000, 6626
0.291000, 6625
0.291000, 6624
0.291000, 6623
0.292000, 6622
0.293000, 6621
0.293000, 6620
0.293000, 6619
0.293000, 6618
0.294000, 6617
0.295000, 6616
0.295000, 6615
0.296000, 6614
0.296000, 6613
0.297000, 6612
0.297000, 6611
0.298000, 6610
0.298000, 6609
0.299000, 6608
0.300000, 6607
0.300000, 6606
0.301000, 6605
0.301000, 6604
0.302000, 6603
0.303000, 6602
0.304000, 6601
0.304000, 6600
0.305000, 6599
0.305000, 6598
0.305000, 6597
0.306000, 6596
0.306000, 6595
0.306000, 6594
0.307000, 6593
0.307000, 6592
0.308000, 6591
0.309000, 6590
0.309000, 6589
0.309000, 6588
0.309000, 6587
0.310000, 6586
0.310000, 6585
0.310000, 6584
0.311000, 6583
0.311000, 6582
0.311000, 6581
0.312000, 6580
0.312000, 6579
0.313000, 6578
0.313000, 6577
0.314000, 6576
0.314000, 6575
0.315000, 6574
0.315000, 6573
0.315000, 6572
0.316000, 6571
0.317000, 6570
0.318000, 6569
0.318000, 6568
0.319000, 6567
0.319000, 6566
0.319000, 6565
0.320000, 6564
0.320000, 6563
0.320000, 6562
0.321000, 6561
0.321000, 6560
0.322000, 6559
0.322000, 6558
0.323000, 6557
0.323000, 6556
0.324000, 6555
0.324000, 6554
0.325000, 6553
0.326000, 6552
0.326000, 6551
0.326000, 6550
0.327000, 6549
0.327000, 6548
0.328000, 6547
0.328000, 6546
0.328000, 6545
0.329000, 6544
0.329000, 6543
0.330000, 6542
0.330000, 6541
0.330000, 6540
0.331000, 6539
0.331000, 6538
0.331000, 6537
0.332000, 6536
0.332000, 6535
0.333000, 6534
0.333000, 6533
0.334000, 6532
0.334000, 6531
0.334000, 6530
0.335000, 6529
0.336000, 6528
0.337000, 6527
0.338000, 6526
0.338000, 6525
0.338000, 6524
0.338000, 6523
0.339000, 6522
0.339000, 6521
0.339000, 6520
0.339000, 6519
0.340000, 6518
0.341000, 6517
0.342000, 6516
0.342000, 6515
0.343000, 6514
0.343000, 6513
0.343000, 6512
0.344000, 6511
0.344000, 6510
0.345000, 6509
0.345000, 6508
0.346000, 6507
0.346000, 6506
0.346000, 6505
0.347000, 6504
0.347000, 6503
0.347000, 6502
0.348000, 6501
0.348000, 6500
0.348000, 6499
0.349000, 6498
0.349000, 6497
0.349000, 6496
0.350000, 6495
0.350000, 6494
0.351000, 6493
0.351000, 6492
0.352000, 6491
0.352000, 6490
0.353000, 6489
0.353000, 6488
0.354000, 6487
0.354000, 6486
0.354000, 6485
0.354000, 6484
0.355000, 6483
0.355000, 6482
0.355000, 6481
0.356000, 6480
0.357000, 6479
0.358000, 6478
0.358000, 6477
0.358000, 6476
0.358000, 6475
0.359000, 6474
0.359000, 6473
0.359000, 6472
0.360000, 6471
0.360000, 6470
0.360000, 6469
0.361000, 6468
0.361000, 6467
0.362000, 6466
0.363000, 6465
0.363000, 6464
0.364000, 6463
0.364000, 6462
0.365000, 6461
0.366000, 6460
0.367000, 6459
0.367000, 6458
0.367000, 6457
0.367000, 6456
0.368000, 6455
0.368000, 6454
0.369000, 6453
0.369000, 6452
0.370000, 6451
0.370000, 6450
0.370000, 6449
0.371000, 6448
0.371000, 6447
0.372000, 6446
0.372000, 6445
0.372000, 6444
0.373000, 6443
0.373000, 6442
0.373000, 6441
0.373000, 6440
0.374000, 6439
0.374000, 6438
0.374000, 6437
0.375000, 6436
0.375000, 6435
0.375000, 6434
0.375000, 6433
0.376000, 6432
0.376000, 6431
0.376000, 6430
0.376000, 6429
0.377000, 6428
0.377000, 6427
0.378000, 6426
0.378000, 6425
0.378000, 6424
0.379000, 6423
0.379000, 6422
0.380000, 6421
0.380000, 6420
0.381000, 6419
0.381000, 6418
0.382000, 6417
0.382000, 6416
0.383000, 6415
0.383000, 6414
0.384000, 6413
0.384000, 6412
0.385000, 6411
0.385000, 6410
0.386000, 6409
0.386000, 6408
0.386000, 6407
0.386000, 6406
0.387000, 6405
0.387000, 6404
0.388000, 6403
0.388000, 6402
0.388000, 6401
0.389000, 6400
0.389000, 6399
0.389000, 6398
0.390000, 6397
0.391000, 6396
0.391000, 6395
0.392000, 6394
0.392000, 6393
0.392000, 6392
0.393000, 6391
0.394000, 6390
0.395000, 6389
0.395000, 6388
0.396000, 6387
0.396000, 6386
0.398000, 6385
0.398000, 6384
0.399000, 6383
0.399000, 6382
0.399000, 6381
0.401000, 6380
0.401000, 6379
0.402000, 6378
0.402000, 6377
0.403000, 6376
0.403000, 6375
0.403000, 6374
0.404000, 6373
0.404000, 6372
0.404000, 6371
0.404000, 6370
0.405000, 6369
0.405000, 6368
0.405000, 6367
0.405000, 6366
0.406000, 6365
0.406000, 6364
0.406000, 6363
0.407000, 6362
0.408000, 6361
0.408000, 6360
0.408000, 6359
0.409000, 6358
0.409000, 6357
0.410000, 6356
0.410000, 6355
0.411000, 6354
0.412000, 6353
0.413000, 6352
0.413000, 6351
0.415000, 6350
0.415000, 6349
0.415000, 6348
0.415000, 6347
0.416000, 6346
0.416000, 6345
0.416000, 6344
0.416000, 6343
0.417000, 6342
0.418000, 6341
0.418000, 6340
0.419000, 6339
0.419000, 6338
0.419000, 6337
0.419000, 6336
0.419000, 6335
0.420000, 6334
0.422000, 6333
0.423000, 6332
0.424000, 6331
0.424000, 6330
0.424000, 6329
0.425000, 6328
0.425000, 6327
0.425000, 6326
0.426000, 6325
0.426000, 6324
0.427000, 6323
0.427000, 6322
0.427000, 6321
0.427000, 6320
0.427000, 6319
0.428000, 6318
0.428000, 6317
0.428000, 6316
0.428000, 6315
0.429000, 6314
0.429000, 6313
0.429000, 6312
0.429000, 6311
0.430000, 6310
0.430000, 6309
0.430000, 6308
0.430000, 6307
0.431000, 6306
0.431000, 6305
0.431000, 6304
0.431000, 6303
0.432000, 6302
0.432000, 6301
0.432000, 6300
0.433000, 6299
0.433000, 6298
0.434000, 6297
0.434000, 6296
0.435000, 6295
0.435000, 6294
0.436000, 6293
0.436000, 6292
0.437000, 6291
0.437000, 6290
0.438000, 6289
0.439000, 6288
0.440000, 6287
0.440000, 6286
0.440000, 6285
0.440000, 6284
0.441000, 6283
0.441000, 6282
0.441000, 6281
0.443000, 6280
0.444000, 6279
0.445000, 6278
0.445000, 6277
0.446000, 6276
0.446000, 6275
0.447000, 6274
0.447000, 6273
0.447000, 6272
0.448000, 6271
0.449000, 6270
0.449000, 6269
0.450000, 6268
0.452000, 6267
0.452000, 6266
0.454000, 6265
0.454000, 6264
0.455000, 6263
0.455000, 6262
0.455000, 6261
0.455000, 6260
0.456000, 6259
0.457000, 6258
0.458000, 6257
0.458000, 6256
0.458000, 6255
0.459000, 6254
0.459000, 6253
0.460000, 6252
0.460000, 6251
0.461000, 6250
0.461000, 6249
0.462000, 6248
0.462000, 6247
0.462000, 6246
0.463000, 6245
0.463000, 6244
0.464000, 6243
0.464000, 6242
0.464000, 6241
0.464000, 6240
0.465000, 6239
0.465000, 6238
0.465000, 6237
0.466000, 6236
0.466000, 6235
0.466000, 6234
0.468000, 6233
0.468000, 6232
0.469000, 6231
0.469000, 6230
0.469000, 6229
0.470000, 6228
0.471000, 6227
0.471000, 6226
0.472000, 6225
0.472000, 6224
0.473000, 6223
0.474000, 6222
0.474000, 6221
0.475000, 6220
0.476000, 6219
0.476000, 6218
0.476000, 6217
0.477000, 6216
0.477000, 6215
0.478000, 6214
0.486000, 6213
0.486000, 6212
0.486000, 6211
0.488000, 6210
0.488000, 6209
0.488000, 6208
0.488000, 6207
0.489000, 6206
0.489000, 6205
0.489000, 6204
0.490000, 6203
0.491000, 6202
0.491000, 6201
0.491000, 6200
0.493000, 6199
0.494000, 6198
0.495000, 6197
0.495000, 6196
0.495000, 6195
0.496000, 6194
0.496000, 6193
0.498000, 6192
0.498000, 6191
0.498000, 6190
0.499000, 6189
0.499000, 6188
0.500000, 6187
0.500000, 6186
0.501000, 6185
0.501000, 6184
0.502000, 6183
0.502000, 6182
0.502000, 6181
0.502000, 6180
0.504000, 6179
0.504000, 6178
0.506000, 6177
0.506000, 6176
0.506000, 6175
0.506000, 6174
0.507000, 6173
0.507000, 6172
0.508000, 6171
0.508000, 6170
0.509000, 6169
0.509000, 6168
0.510000, 6167
0.512000, 6166
0.512000, 6165
0.513000, 6164
0.513000, 6163
0.514000, 6162
0.514000, 6161
0.515000, 6160
0.515000, 6159
0.516000, 6158
0.516000, 6157
0.517000, 6156
0.518000, 6155
0.518000, 6154
0.518000, 6153
0.519000, 6152
0.519000, 6151
0.520000, 6150
0.521000, 6149
0.522000, 6148
0.523000, 6147
0.523000, 6146
0.524000, 6145
0.524000, 6144
0.524000, 6143
0.525000, 6142
0.525000, 6141
0.526000, 6140
0.526000, 6139
0.526000, 6138
0.527000, 6137
0.527000, 6136
0.527000, 6135
0.528000, 6134
0.528000, 6133
0.528000, 6132
0.529000, 6131
0.529000, 6130
0.530000, 6129
0.530000, 6128
0.530000, 6127
0.531000, 6126
0.531000, 6125
0.531000, 6124
0.531000, 6123
0.532000, 6122
0.532000, 6121
0.532000, 6120
0.533000, 6119
0.533000, 6118
0.534000, 6117
0.536000, 6116
0.536000, 6115
0.537000, 6114
0.537000, 6113
0.537000, 6112
0.538000, 6111
0.540000, 6110
0.541000, 6109
0.541000, 6108
0.541000, 6107
0.541000, 6106
0.542000, 6105
0.542000, 6104
0.542000, 6103
0.545000, 6102
0.545000, 6101
0.546000, 6100
0.546000, 6099
0.547000, 6098
0.547000, 6097
0.547000, 6096
0.548000, 6095
0.548000, 6094
0.548000, 6093
0.548000, 6092
0.549000, 6091
0.550000, 6090
0.551000, 6089
0.552000, 6088
0.552000, 6087
0.553000, 6086
0.553000, 6085
0.553000, 6084
0.554000, 6083
0.554000, 6082
0.554000, 6081
0.555000, 6080
0.555000, 6079
0.556000, 6078
0.556000, 6077
0.557000, 6076
0.557000, 6075
0.557000, 6074
0.558000, 6073
0.559000, 6072
0.559000, 6071
0.560000, 6070
0.560000, 6069
0.560000, 6068
0.561000, 6067
0.561000, 6066
0.562000, 6065
0.562000, 6064
0.563000, 6063
0.563000, 6062
0.564000, 6061
0.564000, 6060
0.565000, 6059
0.565000, 6058
0.565000, 6057
0.565000, 6056
0.566000, 6055
0.566000, 6054
0.566000, 6053
0.567000, 6052
0.568000, 6051
0.569000, 6050
0.569000, 6049
0.569000, 6048
0.570000, 6047
0.570000, 6046
0.570000, 6045
0.571000, 6044
0.571000, 6043
0.572000, 6042
0.573000, 6041
0.573000, 6040
0.574000, 6039
0.574000, 6038
0.575000, 6037
0.576000, 6036
0.577000, 6035
0.578000, 6034
0.578000, 6033
0.579000, 6032
0.579000, 6031
0.579000, 6030
0.579000, 6029
0.580000, 6028
0.581000, 6027
0.583000, 6026
0.583000, 6025
0.584000, 6024
0.584000, 6023
0.584000, 6022
0.585000, 6021
0.586000, 6020
0.586000, 6019
0.586000, 6018
0.587000, 6017
0.587000, 6016
0.588000, 6015
0.589000, 6014
0.589000, 6013
0.591000, 6012
0.592000, 6011
0.592000, 6010
0.592000, 6009
0.594000, 6008
0.594000, 6007
0.594000, 6006
0.595000, 6005
0.595000, 6004
0.595000, 6003
0.597000, 6002
0.597000, 6001
0.598000, 6000
0.599000, 5999
0.600000, 5998
0.600000, 5997
0.600000, 5996
0.601000, 5995
0.602000, 5994
0.603000, 5993
0.603000, 5992
0.604000, 5991
0.604000, 5990
0.605000, 5989
0.605000, 5988
0.606000, 5987
0.606000, 5986
0.608000, 5985
0.608000, 5984
0.609000, 5983
0.610000, 5982
0.610000, 5981
0.610000, 5980
0.611000, 5979
0.611000, 5978
0.611000, 5977
0.613000, 5976
0.613000, 5975
0.615000, 5974
0.616000, 5973
0.617000, 5972
0.617000, 5971
0.617000, 5970
0.618000, 5969
0.618000, 5968
0.620000, 5967
0.620000, 5966
0.620000, 5965
0.621000, 5964
0.621000, 5963
0.622000, 5962
0.622000, 5961
0.622000, 5960
0.623000, 5959
0.623000, 5958
0.624000, 5957
0.625000, 5956
0.626000, 5955
0.626000, 5954
0.626000, 5953
0.626000, 5952
0.627000, 5951
0.628000, 5950
0.628000, 5949
0.628000, 5948
0.629000, 5947
0.630000, 5946
0.630000, 5945
0.631000, 5944
0.631000, 5943
0.631000, 5942
0.631000, 5941
0.632000, 5940
0.633000, 5939
0.633000, 5938
0.634000, 5937
0.634000, 5936
0.635000, 5935
0.636000, 5934
0.636000, 5933
0.636000, 5932
0.637000, 5931
0.637000, 5930
0.638000, 5929
0.638000, 5928
0.638000, 5927
0.639000, 5926
0.639000, 5925
0.639000, 5924
0.642000, 5923
0.642000, 5922
0.643000, 5921
0.644000, 5920
0.644000, 5919
0.645000, 5918
0.646000, 5917
0.647000, 5916
0.648000, 5915
0.648000, 5914
0.648000, 5913
0.649000, 5912
0.649000, 5911
0.649000, 5910
0.650000, 5909
0.650000, 5908
0.650000, 5907
0.650000, 5906
0.651000, 5905
0.651000, 5904
0.651000, 5903
0.652000, 5902
0.653000, 5901
0.654000, 5900
0.655000, 5899
0.655000, 5898
0.656000, 5897
0.656000, 5896
0.656000, 5895
0.657000, 5894
0.657000, 5893
0.657000, 5892
0.658000, 5891
0.658000, 5890
0.659000, 5889
0.660000, 5888
0.660000, 5887
0.668000, 5886
0.669000, 5885
0.669000, 5884
0.670000, 5883
0.670000, 5882
0.670000, 5881
0.672000, 5880
0.673000, 5879
0.673000, 5878
0.674000, 5877
0.674000, 5876
0.674000, 5875
0.675000, 5874
0.675000, 5873
0.675000, 5872
0.675000, 5871
0.675000, 5870
0.676000, 5869
0.677000, 5868
0.677000, 5867
0.679000, 5866
0.679000, 5865
0.679000, 5864
0.679000, 5863
0.680000, 5862
0.682000, 5861
0.683000, 5860
0.684000, 5859
0.684000, 5858
0.687000, 5857
0.688000, 5856
0.688000, 5855
0.688000, 5854
0.690000, 5853
0.691000, 5852
0.691000, 5851
0.692000, 5850
0.692000, 5849
0.693000, 5848
0.694000, 5847
0.694000, 5846
0.694000, 5845
0.695000, 5844
0.695000, 5843
0.695000, 5842
0.696000, 5841
0.697000, 5840
0.698000, 5839
0.698000, 5838
0.698000, 5837
0.699000, 5836
0.699000, 5835
0.700000, 5834
0.701000, 5833
0.701000, 5832
0.701000, 5831
0.701000, 5830
0.702000, 5829
0.703000, 5828
0.703000, 5827
0.704000, 5826
0.704000, 5825
0.705000, 5824
0.705000, 5823
0.706000, 5822
0.707000, 5821
0.707000, 5820
0.708000, 5819
0.709000, 5818
0.710000, 5817
0.710000, 5816
0.711000, 5815
0.711000, 5814
0.712000, 5813
0.712000, 5812
0.713000, 5811
0.714000, 5810
0.714000, 5809
0.715000, 5808
0.715000, 5807
0.715000, 5806
0.717000, 5805
0.717000, 5804
0.717000, 5803
0.719000, 5802
0.719000, 5801
0.719000, 5800
0.720000, 5799
0.721000, 5798
0.721000, 5797
0.721000, 5796
0.721000, 5795
0.722000, 5794
0.722000, 5793
0.723000, 5792
0.723000, 5791
0.724000, 5790
0.725000, 5789
0.725000, 5788
0.725000, 5787
0.726000, 5786
0.727000, 5785
0.728000, 5784
0.728000, 5783
0.728000, 5782
0.729000, 5781
0.729000, 5780
0.729000, 5779
0.729000, 5778
0.730000, 5777
0.730000, 5776
0.731000, 5775
0.731000, 5774
0.731000, 5773
0.731000, 5772
0.732000, 5771
0.732000, 5770
0.732000, 5769
0.732000, 5768
0.733000, 5767
0.734000, 5766
0.737000, 5765
0.738000, 5764
0.738000, 5763
0.738000, 5762
0.739000, 5761
0.739000, 5760
0.740000, 5759
0.740000, 5758
0.741000, 5757
0.741000, 5756
0.741000, 5755
0.742000, 5754
0.743000, 5753
0.745000, 5752
0.745000, 5751
0.746000, 5750
0.747000, 5749
0.747000, 5748
0.748000, 5747
0.749000, 5746
0.749000, 5745
0.750000, 5744
0.751000, 5743
0.751000, 5742
0.752000, 5741
0.753000, 5740
0.754000, 5739
0.754000, 5738
0.755000, 5737
0.755000, 5736
0.755000, 5735
0.757000, 5734
0.757000, 5733
0.759000, 5732
0.760000, 5731
0.761000, 5730
0.761000, 5729
0.764000, 5728
0.764000, 5727
0.765000, 5726
0.765000, 5725
0.766000, 5724
0.767000, 5723
0.768000, 5722
0.770000, 5721
0.771000, 5720
0.771000, 5719
0.772000, 5718
0.773000, 5717
0.773000, 5716
0.774000, 5715
0.775000, 5714
0.775000, 5713
0.775000, 5712
0.776000, 5711
0.776000, 5710
0.778000, 5709
0.778000, 5708
0.779000, 5707
0.779000, 5706
0.780000, 5705
0.780000, 5704
0.780000, 5703
0.781000, 5702
0.781000, 5701
0.781000, 5700
0.781000, 5699
0.782000, 5698
0.782000, 5697
0.783000, 5696
0.784000, 5695
0.785000, 5694
0.785000, 5693
0.786000, 5692
0.786000, 5691
0.787000, 5690
0.788000, 5689
0.788000, 5688
0.789000, 5687
0.789000, 5686
0.790000, 5685
0.790000, 5684
0.791000, 5683
0.792000, 5682
0.793000, 5681
0.793000, 5680
0.793000, 5679
0.794000, 5678
0.795000, 5677
0.795000, 5676
0.796000, 5675
0.799000, 5674
0.800000, 5673
0.800000, 5672
0.801000, 5671
0.801000, 5670
0.803000, 5669
0.803000, 5668
0.804000, 5667
0.805000, 5666
0.805000, 5665
0.806000, 5664
0.806000, 5663
0.806000, 5662
0.807000, 5661
0.807000, 5660
0.808000, 5659
0.809000, 5658
0.810000, 5657
0.811000, 5656
0.812000, 5655
0.812000, 5654
0.813000, 5653
0.822000, 5652
0.823000, 5651
0.824000, 5650
0.825000, 5649
0.827000, 5648
0.828000, 5647
0.828000, 5646
0.829000, 5645
0.829000, 5644
0.830000, 5643
0.830000, 5642
0.830000, 5641
0.831000, 5640
0.831000, 5639
0.832000, 5638
0.833000, 5637
0.834000, 5636
0.834000, 5635
0.835000, 5634
0.835000, 5633
0.836000, 5632
0.837000, 5631
0.837000, 5630
0.838000, 5629
0.839000, 5628
0.840000, 5627
0.840000, 5626
0.841000, 5625
0.841000, 5624
0.842000, 5623
0.842000, 5622
0.844000, 5621
0.844000, 5620
0.844000, 5619
0.845000, 5618
0.845000, 5617
0.845000, 5616
0.845000, 5615
0.846000, 5614
0.846000, 5613
0.847000, 5612
0.847000, 5611
0.848000, 5610
0.848000, 5609
0.849000, 5608
0.850000, 5607
0.850000, 5606
0.851000, 5605
0.851000, 5604
0.851000, 5603
0.852000, 5602
0.852000, 5601
0.852000, 5600
0.854000, 5599
0.856000, 5598
0.856000, 5597
0.856000, 5596
0.857000, 5595
0.857000, 5594
0.857000, 5593
0.858000, 5592
0.859000, 5591
0.859000, 5590
0.860000, 5589
0.861000, 5588
0.862000, 5587
0.863000, 5586
0.863000, 5585
0.863000, 5584
0.865000, 5583
0.867000, 5582
0.867000, 5581
0.868000, 5580
0.868000, 5579
0.869000, 5578
0.871000, 5577
0.872000, 5576
0.873000, 5575
0.874000, 5574
0.875000, 5573
0.875000, 5572
0.876000, 5571
0.877000, 5570
0.878000, 5569
0.878000, 5568
0.878000, 5567
0.879000, 5566
0.879000, 5565
0.880000, 5564
0.881000, 5563
0.882000, 5562
0.884000, 5561
0.885000, 5560
0.885000, 5559
0.887000, 5558
0.888000, 5557
0.888000, 5556
0.888000, 5555
0.889000, 5554
0.889000, 5553
0.889000, 5552
0.890000, 5551
0.890000, 5550
0.892000, 5549
0.894000, 5548
0.894000, 5547
0.895000, 5546
0.898000, 5545
0.898000, 5544
0.899000, 5543
0.899000, 5542
0.899000, 5541
0.900000, 5540
0.900000, 5539
0.901000, 5538
0.902000, 5537
0.903000, 5536
0.903000, 5535
0.903000, 5534
0.904000, 5533
0.904000, 5532
0.906000, 5531
0.908000, 5530
0.908000, 5529
0.909000, 5528
0.910000, 5527
0.911000, 5526
0.912000, 5525
0.912000, 5524
0.913000, 5523
0.914000, 5522
0.914000, 5521
0.915000, 5520
0.916000, 5519
0.917000, 5518
0.917000, 5517
0.918000, 5516
0.919000, 5515
0.920000, 5514
0.920000, 5513
0.921000, 5512
0.922000, 5511
0.922000, 5510
0.923000, 5509
0.923000, 5508
0.925000, 5507
0.926000, 5506
0.927000, 5505
0.927000, 5504
0.928000, 5503
0.929000, 5502
0.930000, 5501
0.930000, 5500
0.930000, 5499
0.931000, 5498
0.932000, 5497
0.932000, 5496
0.932000, 5495
0.933000, 5494
0.933000, 5493
0.934000, 5492
0.934000, 5491
0.935000, 5490
0.935000, 5489
0.935000, 5488
0.937000, 5487
0.937000, 5486
0.938000, 5485
0.939000, 5484
0.940000, 5483
0.941000, 5482
0.942000, 5481
0.942000, 5480
0.943000, 5479
0.943000, 5478
0.944000, 5477
0.944000, 5476
0.944000, 5475
0.945000, 5474
0.945000, 5473
0.946000, 5472
0.946000, 5471
0.946000, 5470
0.949000, 5469
0.949000, 5468
0.950000, 5467
0.950000, 5466
0.950000, 5465
0.951000, 5464
0.954000, 5463
0.954000, 5462
0.954000, 5461
0.955000, 5460
0.956000, 5459
0.957000, 5458
0.958000, 5457
0.958000, 5456
0.960000, 5455
0.962000, 5454
0.965000, 5453
0.966000, 5452
0.966000, 5451
0.967000, 5450
0.967000, 5449
0.967000, 5448
0.968000, 5447
0.969000, 5446
0.971000, 5445
0.971000, 5444
0.974000, 5443
0.974000, 5442
0.974000, 5441
0.975000, 5440
0.976000, 5439
0.976000, 5438
0.980000, 5437
0.980000, 5436
0.982000, 5435
0.982000, 5434
0.983000, 5433
0.986000, 5432
0.987000, 5431
0.988000, 5430
0.989000, 5429
0.989000, 5428
0.989000, 5427
0.991000, 5426
0.992000, 5425
0.993000, 5424
0.993000, 5423
0.995000, 5422
0.997000, 5421
0.997000, 5420
0.998000, 5419
0.999000, 5418
1.001000, 5417
1.001000, 5416
1.001000, 5415
1.002000, 5414
1.002000, 5413
1.003000, 5412
1.005000, 5411
1.006000, 5410
1.007000, 5409
1.012000, 5408
1.012000, 5407
1.012000, 5406
1.013000, 5405
1.014000, 5404
1.015000, 5403
1.016000, 5402
1.017000, 5401
1.019000, 5400
1.020000, 5399
1.021000, 5398
1.022000, 5397
1.023000, 5396
1.024000, 5395
1.025000, 5394
1.025000, 5393
1.026000, 5392
1.029000, 5391
1.029000, 5390
1.029000, 5389
1.029000, 5388
1.029000, 5387
1.030000, 5386
1.030000, 5385
1.030000, 5384
1.031000, 5383
1.031000, 5382
1.032000, 5381
1.033000, 5380
1.035000, 5379
1.036000, 5378
1.037000, 5377
1.038000, 5376
1.038000, 5375
1.039000, 5374
1.040000, 5373
1.040000, 5372
1.042000, 5371
1.044000, 5370
1.045000, 5369
1.046000, 5368
1.046000, 5367
1.049000, 5366
1.050000, 5365
1.054000, 5364
1.055000, 5363
1.055000, 5362
1.056000, 5361
1.056000, 5360
1.057000, 5359
1.058000, 5358
1.059000, 5357
1.061000, 5356
1.061000, 5355
1.062000, 5354
1.062000, 5353
1.065000, 5352
1.066000, 5351
1.067000, 5350
1.067000, 5349
1.072000, 5348
1.073000, 5347
1.074000, 5346
1.075000, 5345
1.077000, 5344
1.079000, 5343
1.079000, 5342
1.080000, 5341
1.081000, 5340
1.082000, 5339
1.082000, 5338
1.084000, 5337
1.086000, 5336
1.086000, 5335
1.086000, 5334
1.086000, 5333
1.088000, 5332
1.089000, 5331
1.090000, 5330
1.090000, 5329
1.091000, 5328
1.091000, 5327
1.091000, 5326
1.095000, 5325
1.095000, 5324
1.096000, 5323
1.096000, 5322
1.099000, 5321
1.099000, 5320
1.100000, 5319
1.100000, 5318
1.102000, 5317
1.102000, 5316
1.105000, 5315
1.109000, 5314
1.109000, 5313
1.110000, 5312
1.110000, 5311
1.126000, 5310
1.128000, 5309
1.128000, 5308
1.129000, 5307
1.131000, 5306
1.131000, 5305
1.132000, 5304
1.133000, 5303
1.134000, 5302
1.135000, 5301
1.135000, 5300
1.137000, 5299
1.137000, 5298
1.138000, 5297
1.139000, 5296
1.140000, 5295
1.142000, 5294
1.143000, 5293
1.145000, 5292
1.145000, 5291
1.147000, 5290
1.147000, 5289
1.149000, 5288
1.156000, 5287
1.157000, 5286
1.157000, 5285
1.158000, 5284
1.160000, 5283
1.163000, 5282
1.165000, 5281
1.168000, 5280
1.169000, 5279
1.171000, 5278
1.171000, 5277
1.172000, 5276
1.172000, 5275
1.173000, 5274
1.173000, 5273
1.174000, 5272
1.174000, 5271
1.175000, 5270
1.176000, 5269
1.177000, 5268
1.178000, 5267
1.179000, 5266
1.181000, 5265
1.181000, 5264
1.181000, 5263
1.182000, 5262
1.182000, 5261
1.182000, 5260
1.183000, 5259
1.185000, 5258
1.188000, 5257
1.189000, 5256
1.190000, 5255
1.190000, 5254
1.192000, 5253
1.194000, 5252
1.196000, 5251
1.197000, 5250
1.197000, 5249
1.198000, 5248
1.198000, 5247
1.199000, 5246
1.199000, 5245
1.200000, 5244
1.201000, 5243
1.202000, 5242
1.202000, 5241
1.204000, 5240
1.204000, 5239
1.206000, 5238
1.207000, 5237
1.209000, 5236
1.209000, 5235
1.211000, 5234
1.212000, 5233
1.213000, 5232
1.214000, 5231
1.215000, 5230
1.217000, 5229
1.218000, 5228
1.218000, 5227
1.221000, 5226
1.221000, 5225
1.223000, 5224
1.223000, 5223
1.224000, 5222
1.225000, 5221
1.227000, 5220
1.227000, 5219
1.229000, 5218
1.233000, 5217
1.233000, 5216
1.237000, 5215
1.237000, 5214
1.238000, 5213
1.240000, 5212
1.240000, 5211
1.241000, 5210
1.245000, 5209
1.247000, 5208
1.248000, 5207
1.251000, 5206
1.251000, 5205
1.252000, 5204
1.253000, 5203
1.255000, 5202
1.255000, 5201
1.256000, 5200
1.258000, 5199
1.261000, 5198
1.262000, 5197
1.263000, 5196
1.263000, 5195
1.265000, 5194
1.265000, 5193
1.267000, 5192
1.267000, 5191
1.268000, 5190
1.268000, 5189
1.269000, 5188
1.270000, 5187
1.270000, 5186
1.270000, 5185
1.275000, 5184
1.275000, 5183
1.277000, 5182
1.278000, 5181
1.278000, 5180
1.280000, 5179
1.280000, 5178
1.281000, 5177
1.283000, 5176
1.286000, 5175
1.288000, 5174
1.292000, 5173
1.293000, 5172
1.294000, 5171
1.296000, 5170
1.299000, 5169
1.302000, 5168
1.311000, 5167
1.311000, 5166
1.312000, 5165
1.313000, 5164
1.316000, 5163
1.318000, 5162
1.322000, 5161
1.323000, 5160
1.324000, 5159
1.324000, 5158
1.325000, 5157
1.326000, 5156
1.333000, 5155
1.334000, 5154
1.336000, 5153
1.338000, 5152
1.340000, 5151
1.341000, 5150
1.342000, 5149
1.343000, 5148
1.346000, 5147
1.348000, 5146
1.349000, 5145
1.352000, 5144
1.353000, 5143
1.357000, 5142
1.358000, 5141
1.359000, 5140
1.360000, 5139
1.363000, 5138
1.365000, 5137
1.366000, 5136
1.373000, 5135
1.384000, 5134
1.386000, 5133
1.386000, 5132
1.387000, 5131
1.387000, 5130
1.388000, 5129
1.389000, 5128
1.390000, 5127
1.391000, 5126
1.393000, 5125
1.394000, 5124
1.394000, 5123
1.394000, 5122
1.402000, 5121
1.403000, 5120
1.403000, 5119
1.405000, 5118
1.406000, 5117
1.406000, 5116
1.406000, 5115
1.407000, 5114
1.407000, 5113
1.412000, 5112
1.413000, 5111
1.415000, 5110
1.417000, 5109
1.419000, 5108
1.423000, 5107
1.426000, 5106
1.428000, 5105
1.428000, 5104
1.432000, 5103
1.434000, 5102
1.434000, 5101
1.437000, 5100
1.440000, 5099
1.441000, 5098
1.446000, 5097
1.447000, 5096
1.452000, 5095
1.452000, 5094
1.454000, 5093
1.455000, 5092
1.457000, 5091
1.458000, 5090
1.460000, 5089
1.462000, 5088
1.463000, 5087
1.463000, 5086
1.463000, 5085
1.465000, 5084
1.465000, 5083
1.467000, 5082
1.470000, 5081
1.471000, 5080
1.474000, 5079
1.475000, 5078
1.478000, 5077
1.478000, 5076
1.480000, 5075
1.481000, 5074
1.482000, 5073
1.483000, 5072
1.483000, 5071
1.484000, 5070
1.484000, 5069
1.486000, 5068
1.488000, 5067
1.489000, 5066
1.494000, 5065
1.494000, 5064
1.495000, 5063
1.496000, 5062
1.503000, 5061
1.505000, 5060
1.507000, 5059
1.507000, 5058
1.510000, 5057
1.512000, 5056
1.515000, 5055
1.515000, 5054
1.517000, 5053
1.518000, 5052
1.519000, 5051
1.520000, 5050
1.524000, 5049
1.525000, 5048
1.528000, 5047
1.528000, 5046
1.530000, 5045
1.531000, 5044
1.534000, 5043
1.537000, 5042
1.538000, 5041
1.542000, 5040
1.545000, 5039
1.547000, 5038
1.547000, 5037
1.550000, 5036
1.551000, 5035
1.552000, 5034
1.558000, 5033
1.560000, 5032
1.563000, 5031
1.565000, 5030
1.568000, 5029
1.570000, 5028
1.579000, 5027
1.586000, 5026
1.589000, 5025
1.600000, 5024
1.602000, 5023
1.603000, 5022
1.604000, 5021
1.607000, 5020
1.608000, 5019
1.609000, 5018
1.610000, 5017
1.616000, 5016
1.616000, 5015
1.618000, 5014
1.618000, 5013
1.619000, 5012
1.621000, 5011
1.625000, 5010
1.629000, 5009
1.632000, 5008
1.637000, 5007
1.639000, 5006
1.645000, 5005
1.650000, 5004
1.655000, 5003
1.660000, 5002
1.661000, 5001
1.661000, 5000
1.664000, 4999
1.665000, 4998
1.666000, 4997
1.667000, 4996
1.670000, 4995
1.674000, 4994
1.678000, 4993
1.681000, 4992
1.685000, 4991
1.687000, 4990
1.690000, 4989
1.690000, 4988
1.694000, 4987
1.700000, 4986
1.713000, 4985
1.716000, 4984
1.723000, 4983
1.732000, 4982
1.736000, 4981
1.739000, 4980
1.742000, 4979
1.743000, 4978
1.744000, 4977
1.748000, 4976
1.749000, 4975
1.750000, 4974
1.751000, 4973
1.761000, 4972
1.764000, 4971
1.768000, 4970
1.776000, 4969
1.779000, 4968
1.781000, 4967
1.784000, 4966
1.784000, 4965
1.786000, 4964
1.789000, 4963
1.791000, 4962
1.794000, 4961
1.801000, 4960
1.807000, 4959
1.808000, 4958
1.811000, 4957
1.816000, 4956
1.816000, 4955
1.817000, 4954
1.821000, 4953
1.826000, 4952
1.826000, 4951
1.829000, 4950
1.835000, 4949
1.836000, 4948
1.840000, 4947
1.843000, 4946
1.848000, 4945
1.848000, 4944
1.853000, 4943
1.855000, 4942
1.863000, 4941
1.869000, 4940
1.873000, 4939
1.873000, 4938
1.874000, 4937
1.877000, 4936
1.878000, 4935
1.899000, 4934
1.900000, 4933
1.910000, 4932
1.912000, 4931
1.939000, 4930
1.952000, 4929
1.955000, 4928
1.965000, 4927
1.966000, 4926
1.967000, 4925
1.972000, 4924
1.973000, 4923
1.977000, 4922
1.981000, 4921
1.984000, 4920
1.990000, 4919
1.990000, 4918
1.990000, 4917
1.995000, 4916
2.003000, 4915
2.004000, 4914
2.007000, 4913
2.010000, 4912
2.013000, 4911
2.014000, 4910
2.018000, 4909
2.028000, 4908
2.033000, 4907
2.036000, 4906
2.043000, 4905
2.044000, 4904
2.047000, 4903
2.072000, 4902
2.073000, 4901
2.074000, 4900
2.075000, 4899
2.083000, 4898
2.094000, 4897
2.097000, 4896
2.102000, 4895
2.102000, 4894
2.104000, 4893
2.106000, 4892
2.117000, 4891
2.126000, 4890
2.133000, 4889
2.136000, 4888
2.136000, 4887
2.157000, 4886
2.172000, 4885
2.179000, 4884
2.184000, 4883
2.202000, 4882
2.216000, 4881
2.245000, 4880
2.261000, 4879
2.283000, 4878
2.301000, 4877
2.309000, 4876
2.320000, 4875
2.327000, 4874
2.354000, 4873
2.386000, 4872
2.389000, 4871
2.389000, 4870
2.393000, 4869
2.394000, 4868
2.413000, 4867
2.420000, 4866
2.430000, 4865
2.432000, 4864
2.434000, 4863
2.438000, 4862
2.441000, 4861
2.443000, 4860
2.476000, 4859
2.488000, 4858
2.511000, 4857
2.519000, 4856
2.548000, 4855
2.554000, 4854
2.604000, 4853
2.613000, 4852
2.638000, 4851
2.657000, 4850
2.675000, 4849
2.685000, 4848
2.691000, 4847
2.725000, 4846
2.728000, 4845
2.759000, 4844
2.793000, 4843
2.804000, 4842
2.862000, 4841
2.903000, 4840
2.903000, 4839
3.032000, 4838
3.070000, 4837
3.080000, 4836
3.145000, 4835
3.277000, 4834
3.421000, 4833
3.658000, 4832
4.057000, 4831
4.199000, 4830
