0.086000, 6863
0.090000, 6862
0.090000, 6861
0.090000, 6860
0.091000, 6859
0.091000, 6858
0.092000, 6857
0.093000, 6856
0.093000, 6855
0.093000, 6854
0.094000, 6853
0.094000, 6852
0.095000, 6851
0.095000, 6850
0.096000, 6849
0.096000, 6848
0.097000, 6847
0.097000, 6846
0.099000, 6845
0.101000, 6844
0.102000, 6843
0.102000, 6842
0.104000, 6841
0.105000, 6840
0.106000, 6839
0.107000, 6838
0.108000, 6837
0.108000, 6836
0.109000, 6835
0.109000, 6834
0.109000, 6833
0.110000, 6832
0.110000, 6831
0.111000, 6830
0.111000, 6829
0.112000, 6828
0.114000, 6827
0.114000, 6826
0.114000, 6825
0.115000, 6824
0.116000, 6823
0.116000, 6822
0.117000, 6821
0.117000, 6820
0.118000, 6819
0.118000, 6818
0.119000, 6817
0.120000, 6816
0.121000, 6815
0.121000, 6814
0.122000, 6813
0.122000, 6812
0.122000, 6811
0.124000, 6810
0.124000, 6809
0.125000, 6808
0.126000, 6807
0.126000, 6806
0.128000, 6805
0.128000, 6804
0.129000, 6803
0.130000, 6802
0.130000, 6801
0.130000, 6800
0.132000, 6799
0.132000, 6798
0.134000, 6797
0.136000, 6796
0.137000, 6795
0.138000, 6794
0.139000, 6793
0.139000, 6792
0.139000, 6791
0.140000, 6790
0.141000, 6789
0.141000, 6788
0.143000, 6787
0.143000, 6786
0.144000, 6785
0.144000, 6784
0.145000, 6783
0.145000, 6782
0.146000, 6781
0.146000, 6780
0.146000, 6779
0.147000, 6778
0.148000, 6777
0.149000, 6776
0.150000, 6775
0.151000, 6774
0.152000, 6773
0.153000, 6772
0.154000, 6771
0.154000, 6770
0.154000, 6769
0.155000, 6768
0.156000, 6767
0.157000, 6766
0.158000, 6765
0.158000, 6764
0.158000, 6763
0.159000, 6762
0.159000, 6761
0.159000, 6760
0.160000, 6759
0.160000, 6758
0.161000, 6757
0.162000, 6756
0.163000, 6755
0.163000, 6754
0.163000, 6753
0.163000, 6752
0.164000, 6751
0.166000, 6750
0.166000, 6749
0.166000, 6748
0.168000, 6747
0.170000, 6746
0.171000, 6745
0.171000, 6744
0.171000, 6743
0.172000, 6742
0.172000, 6741
0.173000, 6740
0.173000, 6739
0.173000, 6738
0.174000, 6737
0.174000, 6736
0.174000, 6735
0.174000, 6734
0.175000, 6733
0.176000, 6732
0.176000, 6731
0.177000, 6730
0.178000, 6729
0.179000, 6728
0.179000, 6727
0.181000, 6726
0.183000, 6725
0.184000, 6724
0.184000, 6723
0.185000, 6722
0.186000, 6721
0.189000, 6720
0.191000, 6719
0.192000, 6718
0.193000, 6717
0.193000, 6716
0.194000, 6715
0.196000, 6714
0.196000, 6713
0.196000, 6712
0.196000, 6711
0.198000, 6710
0.198000, 6709
0.198000, 6708
0.199000, 6707
0.200000, 6706
0.200000, 6705
0.201000, 6704
0.202000, 6703
0.202000, 6702
0.203000, 6701
0.203000, 6700
0.204000, 6699
0.204000, 6698
0.205000, 6697
0.205000, 6696
0.206000, 6695
0.206000, 6694
0.207000, 6693
0.207000, 6692
0.208000, 6691
0.208000, 6690
0.211000, 6689
0.211000, 6688
0.212000, 6687
0.212000, 6686
0.213000, 6685
0.213000, 6684
0.213000, 6683
0.215000, 6682
0.215000, 6681
0.215000, 6680
0.216000, 6679
0.216000, 6678
0.217000, 6677
0.217000, 6676
0.218000, 6675
0.219000, 6674
0.219000, 6673
0.220000, 6672
0.220000, 6671
0.223000, 6670
0.223000, 6669
0.223000, 6668
0.224000, 6667
0.225000, 6666
0.227000, 6665
0.227000, 6664
0.228000, 6663
0.228000, 6662
0.229000, 6661
0.229000, 6660
0.230000, 6659
0.232000, 6658
0.233000, 6657
0.233000, 6656
0.234000, 6655
0.234000, 6654
0.235000, 6653
0.235000, 6652
0.235000, 6651
0.235000, 6650
0.236000, 6649
0.236000, 6648
0.236000, 6647
0.237000, 6646
0.237000, 6645
0.238000, 6644
0.239000, 6643
0.240000, 6642
0.241000, 6641
0.241000, 6640
0.242000, 6639
0.242000, 6638
0.244000, 6637
0.244000, 6636
0.245000, 6635
0.245000, 6634
0.246000, 6633
0.247000, 6632
0.248000, 6631
0.248000, 6630
0.250000, 6629
0.251000, 6628
0.252000, 6627
0.252000, 6626
0.252000, 6625
0.253000, 6624
0.253000, 6623
0.254000, 6622
0.254000, 6621
0.255000, 6620
0.255000, 6619
0.255000, 6618
0.256000, 6617
0.257000, 6616
0.258000, 6615
0.259000, 6614
0.259000, 6613
0.260000, 6612
0.261000, 6611
0.272000, 6610
0.273000, 6609
0.273000, 6608
0.274000, 6607
0.275000, 6606
0.277000, 6605
0.277000, 6604
0.277000, 6603
0.277000, 6602
0.278000, 6601
0.278000, 6600
0.278000, 6599
0.279000, 6598
0.280000, 6597
0.280000, 6596
0.280000, 6595
0.280000, 6594
0.281000, 6593
0.281000, 6592
0.283000, 6591
0.283000, 6590
0.284000, 6589
0.285000, 6588
0.285000, 6587
0.285000, 6586
0.286000, 6585
0.286000, 6584
0.286000, 6583
0.286000, 6582
0.287000, 6581
0.287000, 6580
0.289000, 6579
0.289000, 6578
0.290000, 6577
0.290000, 6576
0.291000, 6575
0.291000, 6574
0.291000, 6573
0.292000, 6572
0.292000, 6571
0.293000, 6570
0.293000, 6569
0.293000, 6568
0.293000, 6567
0.293000, 6566
0.294000, 6565
0.294000, 6564
0.295000, 6563
0.296000, 6562
0.296000, 6561
0.296000, 6560
0.297000, 6559
0.297000, 6558
0.298000, 6557
0.299000, 6556
0.299000, 6555
0.300000, 6554
0.300000, 6553
0.300000, 6552
0.301000, 6551
0.301000, 6550
0.301000, 6549
0.302000, 6548
0.302000, 6547
0.303000, 6546
0.303000, 6545
0.304000, 6544
0.304000, 6543
0.305000, 6542
0.305000, 6541
0.305000, 6540
0.306000, 6539
0.306000, 6538
0.306000, 6537
0.307000, 6536
0.307000, 6535
0.308000, 6534
0.308000, 6533
0.308000, 6532
0.309000, 6531
0.309000, 6530
0.309000, 6529
0.310000, 6528
0.311000, 6527
0.311000, 6526
0.312000, 6525
0.312000, 6524
0.312000, 6523
0.313000, 6522
0.313000, 6521
0.314000, 6520
0.314000, 6519
0.314000, 6518
0.314000, 6517
0.315000, 6516
0.315000, 6515
0.316000, 6514
0.316000, 6513
0.316000, 6512
0.316000, 6511
0.317000, 6510
0.317000, 6509
0.318000, 6508
0.318000, 6507
0.318000, 6506
0.318000, 6505
0.319000, 6504
0.319000, 6503
0.319000, 6502
0.320000, 6501
0.320000, 6500
0.320000, 6499
0.321000, 6498
0.321000, 6497
0.321000, 6496
0.322000, 6495
0.322000, 6494
0.323000, 6493
0.323000, 6492
0.324000, 6491
0.324000, 6490
0.324000, 6489
0.325000, 6488
0.325000, 6487
0.326000, 6486
0.326000, 6485
0.327000, 6484
0.327000, 6483
0.327000, 6482
0.327000, 6481
0.328000, 6480
0.328000, 6479
0.329000, 6478
0.329000, 6477
0.329000, 6476
0.330000, 6475
0.330000, 6474
0.331000, 6473
0.331000, 6472
0.331000, 6471
0.331000, 6470
0.332000, 6469
0.332000, 6468
0.333000, 6467
0.333000, 6466
0.333000, 6465
0.333000, 6464
0.334000, 6463
0.335000, 6462
0.336000, 6461
0.336000, 6460
0.337000, 6459
0.337000, 6458
0.337000, 6457
0.338000, 6456
0.338000, 6455
0.338000, 6454
0.338000, 6453
0.339000, 6452
0.340000, 6451
0.341000, 6450
0.341000, 6449
0.342000, 6448
0.342000, 6447
0.342000, 6446
0.342000, 6445
0.343000, 6444
0.344000, 6443
0.344000, 6442
0.345000, 6441
0.346000, 6440
0.347000, 6439
0.347000, 6438
0.347000, 6437
0.348000, 6436
0.348000, 6435
0.349000, 6434
0.349000, 6433
0.349000, 6432
0.350000, 6431
0.350000, 6430
0.351000, 6429
0.351000, 6428
0.352000, 6427
0.352000, 6426
0.353000, 6425
0.353000, 6424
0.355000, 6423
0.355000, 6422
0.356000, 6421
0.356000, 6420
0.357000, 6419
0.357000, 6418
0.358000, 6417
0.358000, 6416
0.359000, 6415
0.359000, 6414
0.361000, 6413
0.361000, 6412
0.362000, 6411
0.362000, 6410
0.363000, 6409
0.363000, 6408
0.365000, 6407
0.365000, 6406
0.366000, 6405
0.366000, 6404
0.366000, 6403
0.367000, 6402
0.367000, 6401
0.367000, 6400
0.368000, 6399
0.368000, 6398
0.369000, 6397
0.369000, 6396
0.369000, 6395
0.370000, 6394
0.370000, 6393
0.371000, 6392
0.371000, 6391
0.372000, 6390
0.372000, 6389
0.372000, 6388
0.373000, 6387
0.373000, 6386
0.374000, 6385
0.375000, 6384
0.375000, 6383
0.375000, 6382
0.376000, 6381
0.376000, 6380
0.376000, 6379
0.377000, 6378
0.378000, 6377
0.378000, 6376
0.378000, 6375
0.378000, 6374
0.378000, 6373
0.378000, 6372
0.379000, 6371
0.379000, 6370
0.380000, 6369
0.380000, 6368
0.381000, 6367
0.381000, 6366
0.382000, 6365
0.382000, 6364
0.383000, 6363
0.383000, 6362
0.383000, 6361
0.383000, 6360
0.384000, 6359
0.384000, 6358
0.385000, 6357
0.385000, 6356
0.386000, 6355
0.386000, 6354
0.386000, 6353
0.386000, 6352
0.387000, 6351
0.387000, 6350
0.387000, 6349
0.389000, 6348
0.389000, 6347
0.390000, 6346
0.390000, 6345
0.390000, 6344
0.391000, 6343
0.391000, 6342
0.391000, 6341
0.392000, 6340
0.392000, 6339
0.393000, 6338
0.394000, 6337
0.395000, 6336
0.395000, 6335
0.395000, 6334
0.396000, 6333
0.396000, 6332
0.397000, 6331
0.397000, 6330
0.397000, 6329
0.399000, 6328
0.400000, 6327
0.401000, 6326
0.402000, 6325
0.403000, 6324
0.403000, 6323
0.403000, 6322
0.404000, 6321
0.405000, 6320
0.405000, 6319
0.405000, 6318
0.405000, 6317
0.406000, 6316
0.406000, 6315
0.407000, 6314
0.407000, 6313
0.407000, 6312
0.408000, 6311
0.409000, 6310
0.409000, 6309
0.410000, 6308
0.410000, 6307
0.411000, 6306
0.411000, 6305
0.412000, 6304
0.412000, 6303
0.413000, 6302
0.413000, 6301
0.413000, 6300
0.413000, 6299
0.414000, 6298
0.415000, 6297
0.415000, 6296
0.416000, 6295
0.416000, 6294
0.417000, 6293
0.417000, 6292
0.417000, 6291
0.418000, 6290
0.418000, 6289
0.419000, 6288
0.419000, 6287
0.419000, 6286
0.419000, 6285
0.420000, 6284
0.420000, 6283
0.420000, 6282
0.421000, 6281
0.421000, 6280
0.422000, 6279
0.422000, 6278
0.423000, 6277
0.423000, 6276
0.423000, 6275
0.424000, 6274
0.425000, 6273
0.426000, 6272
0.426000, 6271
0.427000, 6270
0.428000, 6269
0.428000, 6268
0.429000, 6267
0.429000, 6266
0.429000, 6265
0.429000, 6264
0.430000, 6263
0.430000, 6262
0.430000, 6261
0.431000, 6260
0.432000, 6259
0.432000, 6258
0.434000, 6257
0.434000, 6256
0.434000, 6255
0.436000, 6254
0.436000, 6253
0.438000, 6252
0.439000, 6251
0.439000, 6250
0.440000, 6249
0.440000, 6248
0.441000, 6247
0.441000, 6246
0.441000, 6245
0.442000, 6244
0.442000, 6243
0.443000, 6242
0.443000, 6241
0.444000, 6240
0.444000, 6239
0.444000, 6238
0.445000, 6237
0.446000, 6236
0.447000, 6235
0.448000, 6234
0.449000, 6233
0.449000, 6232
0.449000, 6231
0.450000, 6230
0.450000, 6229
0.451000, 6228
0.451000, 6227
0.451000, 6226
0.452000, 6225
0.452000, 6224
0.452000, 6223
0.453000, 6222
0.454000, 6221
0.454000, 6220
0.455000, 6219
0.456000, 6218
0.456000, 6217
0.457000, 6216
0.459000, 6215
0.459000, 6214
0.459000, 6213
0.460000, 6212
0.460000, 6211
0.461000, 6210
0.461000, 6209
0.461000, 6208
0.461000, 6207
0.461000, 6206
0.462000, 6205
0.462000, 6204
0.463000, 6203
0.463000, 6202
0.463000, 6201
0.464000, 6200
0.464000, 6199
0.464000, 6198
0.465000, 6197
0.465000, 6196
0.466000, 6195
0.467000, 6194
0.468000, 6193
0.468000, 6192
0.468000, 6191
0.469000, 6190
0.469000, 6189
0.469000, 6188
0.469000, 6187
0.470000, 6186
0.470000, 6185
0.470000, 6184
0.470000, 6183
0.472000, 6182
0.472000, 6181
0.472000, 6180
0.473000, 6179
0.474000, 6178
0.474000, 6177
0.474000, 6176
0.474000, 6175
0.474000, 6174
0.475000, 6173
0.475000, 6172
0.475000, 6171
0.476000, 6170
0.478000, 6169
0.480000, 6168
0.480000, 6167
0.481000, 6166
0.481000, 6165
0.489000, 6164
0.489000, 6163
0.490000, 6162
0.490000, 6161
0.491000, 6160
0.491000, 6159
0.492000, 6158
0.492000, 6157
0.492000, 6156
0.492000, 6155
0.493000, 6154
0.493000, 6153
0.493000, 6152
0.494000, 6151
0.494000, 6150
0.494000, 6149
0.495000, 6148
0.496000, 6147
0.496000, 6146
0.497000, 6145
0.497000, 6144
0.498000, 6143
0.498000, 6142
0.498000, 6141
0.498000, 6140
0.499000, 6139
0.499000, 6138
0.499000, 6137
0.500000, 6136
0.500000, 6135
0.501000, 6134
0.501000, 6133
0.501000, 6132
0.502000, 6131
0.502000, 6130
0.503000, 6129
0.504000, 6128
0.504000, 6127
0.505000, 6126
0.505000, 6125
0.505000, 6124
0.505000, 6123
0.506000, 6122
0.506000, 6121
0.506000, 6120
0.507000, 6119
0.507000, 6118
0.507000, 6117
0.508000, 6116
0.508000, 6115
0.508000, 6114
0.509000, 6113
0.510000, 6112
0.510000, 6111
0.510000, 6110
0.511000, 6109
0.511000, 6108
0.511000, 6107
0.512000, 6106
0.513000, 6105
0.514000, 6104
0.514000, 6103
0.515000, 6102
0.515000, 6101
0.516000, 6100
0.516000, 6099
0.517000, 6098
0.517000, 6097
0.518000, 6096
0.518000, 6095
0.518000, 6094
0.520000, 6093
0.522000, 6092
0.522000, 6091
0.522000, 6090
0.523000, 6089
0.523000, 6088
0.523000, 6087
0.524000, 6086
0.524000, 6085
0.525000, 6084
0.526000, 6083
0.526000, 6082
0.527000, 6081
0.528000, 6080
0.528000, 6079
0.528000, 6078
0.528000, 6077
0.529000, 6076
0.530000, 6075
0.530000, 6074
0.531000, 6073
0.531000, 6072
0.531000, 6071
0.531000, 6070
0.532000, 6069
0.532000, 6068
0.532000, 6067
0.533000, 6066
0.534000, 6065
0.534000, 6064
0.534000, 6063
0.535000, 6062
0.536000, 6061
0.536000, 6060
0.537000, 6059
0.537000, 6058
0.537000, 6057
0.537000, 6056
0.538000, 6055
0.538000, 6054
0.539000, 6053
0.539000, 6052
0.540000, 6051
0.540000, 6050
0.541000, 6049
0.541000, 6048
0.541000, 6047
0.541000, 6046
0.542000, 6045
0.543000, 6044
0.543000, 6043
0.544000, 6042
0.545000, 6041
0.545000, 6040
0.545000, 6039
0.546000, 6038
0.546000, 6037
0.547000, 6036
0.547000, 6035
0.548000, 6034
0.548000, 6033
0.548000, 6032
0.549000, 6031
0.549000, 6030
0.549000, 6029
0.550000, 6028
0.550000, 6027
0.551000, 6026
0.551000, 6025
0.553000, 6024
0.553000, 6023
0.554000, 6022
0.554000, 6021
0.555000, 6020
0.556000, 6019
0.556000, 6018
0.557000, 6017
0.559000, 6016
0.560000, 6015
0.560000, 6014
0.561000, 6013
0.561000, 6012
0.561000, 6011
0.562000, 6010
0.563000, 6009
0.563000, 6008
0.565000, 6007
0.565000, 6006
0.566000, 6005
0.567000, 6004
0.567000, 6003
0.568000, 6002
0.568000, 6001
0.568000, 6000
0.568000, 5999
0.569000, 5998
0.571000, 5997
0.571000, 5996
0.573000, 5995
0.573000, 5994
0.574000, 5993
0.574000, 5992
0.576000, 5991
0.576000, 5990
0.576000, 5989
0.576000, 5988
0.576000, 5987
0.577000, 5986
0.577000, 5985
0.578000, 5984
0.579000, 5983
0.580000, 5982
0.581000, 5981
0.581000, 5980
0.581000, 5979
0.581000, 5978
0.582000, 5977
0.583000, 5976
0.583000, 5975
0.584000, 5974
0.584000, 5973
0.584000, 5972
0.584000, 5971
0.584000, 5970
0.585000, 5969
0.585000, 5968
0.585000, 5967
0.586000, 5966
0.586000, 5965
0.586000, 5964
0.587000, 5963
0.587000, 5962
0.589000, 5961
0.590000, 5960
0.592000, 5959
0.593000, 5958
0.593000, 5957
0.594000, 5956
0.595000, 5955
0.595000, 5954
0.595000, 5953
0.596000, 5952
0.596000, 5951
0.597000, 5950
0.597000, 5949
0.599000, 5948
0.600000, 5947
0.600000, 5946
0.600000, 5945
0.601000, 5944
0.601000, 5943
0.601000, 5942
0.601000, 5941
0.602000, 5940
0.602000, 5939
0.602000, 5938
0.602000, 5937
0.603000, 5936
0.603000, 5935
0.604000, 5934
0.604000, 5933
0.604000, 5932
0.604000, 5931
0.604000, 5930
0.604000, 5929
0.605000, 5928
0.605000, 5927
0.606000, 5926
0.606000, 5925
0.606000, 5924
0.607000, 5923
0.609000, 5922
0.610000, 5921
0.611000, 5920
0.611000, 5919
0.611000, 5918
0.613000, 5917
0.613000, 5916
0.614000, 5915
0.614000, 5914
0.614000, 5913
0.614000, 5912
0.616000, 5911
0.616000, 5910
0.617000, 5909
0.617000, 5908
0.619000, 5907
0.620000, 5906
0.620000, 5905
0.622000, 5904
0.623000, 5903
0.623000, 5902
0.624000, 5901
0.624000, 5900
0.624000, 5899
0.625000, 5898
0.625000, 5897
0.627000, 5896
0.627000, 5895
0.627000, 5894
0.628000, 5893
0.629000, 5892
0.629000, 5891
0.630000, 5890
0.630000, 5889
0.632000, 5888
0.634000, 5887
0.634000, 5886
0.635000, 5885
0.635000, 5884
0.636000, 5883
0.637000, 5882
0.637000, 5881
0.639000, 5880
0.639000, 5879
0.639000, 5878
0.640000, 5877
0.640000, 5876
0.640000, 5875
0.641000, 5874
0.641000, 5873
0.641000, 5872
0.643000, 5871
0.643000, 5870
0.643000, 5869
0.644000, 5868
0.644000, 5867
0.644000, 5866
0.644000, 5865
0.645000, 5864
0.645000, 5863
0.646000, 5862
0.646000, 5861
0.646000, 5860
0.647000, 5859
0.647000, 5858
0.648000, 5857
0.648000, 5856
0.649000, 5855
0.650000, 5854
0.651000, 5853
0.652000, 5852
0.652000, 5851
0.652000, 5850
0.653000, 5849
0.654000, 5848
0.654000, 5847
0.654000, 5846
0.655000, 5845
0.655000, 5844
0.656000, 5843
0.657000, 5842
0.658000, 5841
0.658000, 5840
0.659000, 5839
0.660000, 5838
0.662000, 5837
0.662000, 5836
0.663000, 5835
0.671000, 5834
0.671000, 5833
0.672000, 5832
0.672000, 5831
0.672000, 5830
0.673000, 5829
0.674000, 5828
0.674000, 5827
0.674000, 5826
0.674000, 5825
0.675000, 5824
0.675000, 5823
0.676000, 5822
0.678000, 5821
0.678000, 5820
0.678000, 5819
0.678000, 5818
0.678000, 5817
0.680000, 5816
0.681000, 5815
0.682000, 5814
0.682000, 5813
0.683000, 5812
0.684000, 5811
0.684000, 5810
0.685000, 5809
0.685000, 5808
0.686000, 5807
0.686000, 5806
0.687000, 5805
0.688000, 5804
0.688000, 5803
0.689000, 5802
0.689000, 5801
0.690000, 5800
0.690000, 5799
0.691000, 5798
0.691000, 5797
0.692000, 5796
0.693000, 5795
0.693000, 5794
0.695000, 5793
0.695000, 5792
0.695000, 5791
0.695000, 5790
0.695000, 5789
0.696000, 5788
0.697000, 5787
0.697000, 5786
0.698000, 5785
0.698000, 5784
0.698000, 5783
0.699000, 5782
0.700000, 5781
0.700000, 5780
0.701000, 5779
0.703000, 5778
0.704000, 5777
0.704000, 5776
0.705000, 5775
0.705000, 5774
0.705000, 5773
0.707000, 5772
0.709000, 5771
0.709000, 5770
0.709000, 5769
0.709000, 5768
0.711000, 5767
0.712000, 5766
0.712000, 5765
0.712000, 5764
0.712000, 5763
0.713000, 5762
0.714000, 5761
0.714000, 5760
0.716000, 5759
0.716000, 5758
0.716000, 5757
0.716000, 5756
0.716000, 5755
0.718000, 5754
0.719000, 5753
0.720000, 5752
0.722000, 5751
0.722000, 5750
0.723000, 5749
0.724000, 5748
0.724000, 5747
0.725000, 5746
0.725000, 5745
0.725000, 5744
0.726000, 5743
0.727000, 5742
0.727000, 5741
0.727000, 5740
0.730000, 5739
0.732000, 5738
0.732000, 5737
0.733000, 5736
0.733000, 5735
0.734000, 5734
0.734000, 5733
0.736000, 5732
0.738000, 5731
0.738000, 5730
0.738000, 5729
0.739000, 5728
0.739000, 5727
0.740000, 5726
0.741000, 5725
0.741000, 5724
0.741000, 5723
0.743000, 5722
0.743000, 5721
0.744000, 5720
0.744000, 5719
0.744000, 5718
0.745000, 5717
0.745000, 5716
0.746000, 5715
0.747000, 5714
0.747000, 5713
0.747000, 5712
0.748000, 5711
0.749000, 5710
0.749000, 5709
0.750000, 5708
0.750000, 5707
0.753000, 5706
0.754000, 5705
0.754000, 5704
0.755000, 5703
0.755000, 5702
0.755000, 5701
0.756000, 5700
0.757000, 5699
0.757000, 5698
0.758000, 5697
0.759000, 5696
0.759000, 5695
0.760000, 5694
0.760000, 5693
0.760000, 5692
0.761000, 5691
0.761000, 5690
0.762000, 5689
0.762000, 5688
0.762000, 5687
0.763000, 5686
0.763000, 5685
0.763000, 5684
0.764000, 5683
0.764000, 5682
0.765000, 5681
0.765000, 5680
0.768000, 5679
0.769000, 5678
0.770000, 5677
0.771000, 5676
0.771000, 5675
0.771000, 5674
0.773000, 5673
0.774000, 5672
0.774000, 5671
0.777000, 5670
0.778000, 5669
0.778000, 5668
0.778000, 5667
0.779000, 5666
0.779000, 5665
0.779000, 5664
0.781000, 5663
0.781000, 5662
0.782000, 5661
0.783000, 5660
0.783000, 5659
0.784000, 5658
0.784000, 5657
0.785000, 5656
0.785000, 5655
0.786000, 5654
0.786000, 5653
0.786000, 5652
0.787000, 5651
0.788000, 5650
0.788000, 5649
0.790000, 5648
0.791000, 5647
0.791000, 5646
0.794000, 5645
0.795000, 5644
0.795000, 5643
0.795000, 5642
0.795000, 5641
0.796000, 5640
0.798000, 5639
0.798000, 5638
0.799000, 5637
0.799000, 5636
0.799000, 5635
0.800000, 5634
0.801000, 5633
0.803000, 5632
0.805000, 5631
0.805000, 5630
0.806000, 5629
0.806000, 5628
0.806000, 5627
0.807000, 5626
0.807000, 5625
0.808000, 5624
0.809000, 5623
0.809000, 5622
0.809000, 5621
0.811000, 5620
0.812000, 5619
0.813000, 5618
0.814000, 5617
0.814000, 5616
0.814000, 5615
0.816000, 5614
0.817000, 5613
0.817000, 5612
0.818000, 5611
0.818000, 5610
0.819000, 5609
0.819000, 5608
0.819000, 5607
0.819000, 5606
0.819000, 5605
0.819000, 5604
0.820000, 5603
0.821000, 5602
0.831000, 5601
0.831000, 5600
0.831000, 5599
0.832000, 5598
0.834000, 5597
0.834000, 5596
0.835000, 5595
0.835000, 5594
0.835000, 5593
0.836000, 5592
0.837000, 5591
0.837000, 5590
0.837000, 5589
0.838000, 5588
0.839000, 5587
0.839000, 5586
0.839000, 5585
0.840000, 5584
0.840000, 5583
0.840000, 5582
0.841000, 5581
0.842000, 5580
0.843000, 5579
0.843000, 5578
0.844000, 5577
0.844000, 5576
0.844000, 5575
0.845000, 5574
0.845000, 5573
0.846000, 5572
0.847000, 5571
0.847000, 5570
0.849000, 5569
0.850000, 5568
0.851000, 5567
0.851000, 5566
0.851000, 5565
0.852000, 5564
0.853000, 5563
0.853000, 5562
0.854000, 5561
0.855000, 5560
0.855000, 5559
0.856000, 5558
0.857000, 5557
0.858000, 5556
0.858000, 5555
0.858000, 5554
0.858000, 5553
0.859000, 5552
0.859000, 5551
0.860000, 5550
0.861000, 5549
0.861000, 5548
0.861000, 5547
0.862000, 5546
0.862000, 5545
0.862000, 5544
0.863000, 5543
0.864000, 5542
0.864000, 5541
0.865000, 5540
0.865000, 5539
0.866000, 5538
0.866000, 5537
0.867000, 5536
0.868000, 5535
0.869000, 5534
0.869000, 5533
0.870000, 5532
0.873000, 5531
0.873000, 5530
0.874000, 5529
0.875000, 5528
0.875000, 5527
0.876000, 5526
0.876000, 5525
0.877000, 5524
0.879000, 5523
0.880000, 5522
0.880000, 5521
0.883000, 5520
0.884000, 5519
0.884000, 5518
0.887000, 5517
0.888000, 5516
0.888000, 5515
0.889000, 5514
0.889000, 5513
0.890000, 5512
0.891000, 5511
0.891000, 5510
0.892000, 5509
0.892000, 5508
0.893000, 5507
0.893000, 5506
0.894000, 5505
0.896000, 5504
0.899000, 5503
0.901000, 5502
0.902000, 5501
0.903000, 5500
0.904000, 5499
0.904000, 5498
0.905000, 5497
0.905000, 5496
0.906000, 5495
0.908000, 5494
0.910000, 5493
0.911000, 5492
0.911000, 5491
0.913000, 5490
0.913000, 5489
0.913000, 5488
0.914000, 5487
0.914000, 5486
0.915000, 5485
0.916000, 5484
0.917000, 5483
0.919000, 5482
0.920000, 5481
0.920000, 5480
0.920000, 5479
0.922000, 5478
0.922000, 5477
0.924000, 5476
0.924000, 5475
0.924000, 5474
0.925000, 5473
0.925000, 5472
0.925000, 5471
0.925000, 5470
0.926000, 5469
0.926000, 5468
0.926000, 5467
0.926000, 5466
0.927000, 5465
0.927000, 5464
0.928000, 5463
0.929000, 5462
0.929000, 5461
0.931000, 5460
0.931000, 5459
0.933000, 5458
0.934000, 5457
0.934000, 5456
0.935000, 5455
0.937000, 5454
0.938000, 5453
0.940000, 5452
0.941000, 5451
0.945000, 5450
0.945000, 5449
0.946000, 5448
0.947000, 5447
0.947000, 5446
0.947000, 5445
0.948000, 5444
0.949000, 5443
0.949000, 5442
0.951000, 5441
0.952000, 5440
0.953000, 5439
0.954000, 5438
0.954000, 5437
0.955000, 5436
0.956000, 5435
0.956000, 5434
0.957000, 5433
0.958000, 5432
0.962000, 5431
0.962000, 5430
0.963000, 5429
0.964000, 5428
0.964000, 5427
0.965000, 5426
0.967000, 5425
0.968000, 5424
0.968000, 5423
0.970000, 5422
0.970000, 5421
0.970000, 5420
0.972000, 5419
0.973000, 5418
0.973000, 5417
0.973000, 5416
0.974000, 5415
0.974000, 5414
0.974000, 5413
0.975000, 5412
0.976000, 5411
0.976000, 5410
0.976000, 5409
0.978000, 5408
0.979000, 5407
0.979000, 5406
0.979000, 5405
0.979000, 5404
0.980000, 5403
0.980000, 5402
0.980000, 5401
0.980000, 5400
0.981000, 5399
0.982000, 5398
0.984000, 5397
0.985000, 5396
0.987000, 5395
0.987000, 5394
0.988000, 5393
0.991000, 5392
0.992000, 5391
0.992000, 5390
0.993000, 5389
0.994000, 5388
0.995000, 5387
0.995000, 5386
0.996000, 5385
0.996000, 5384
0.997000, 5383
0.998000, 5382
0.999000, 5381
0.999000, 5380
1.000000, 5379
1.001000, 5378
1.001000, 5377
1.002000, 5376
1.004000, 5375
1.004000, 5374
1.004000, 5373
1.006000, 5372
1.006000, 5371
1.007000, 5370
1.008000, 5369
1.008000, 5368
1.009000, 5367
1.012000, 5366
1.013000, 5365
1.013000, 5364
1.015000, 5363
1.016000, 5362
1.019000, 5361
1.019000, 5360
1.022000, 5359
1.022000, 5358
1.025000, 5357
1.025000, 5356
1.026000, 5355
1.026000, 5354
1.027000, 5353
1.030000, 5352
1.031000, 5351
1.032000, 5350
1.034000, 5349
1.034000, 5348
1.035000, 5347
1.035000, 5346
1.035000, 5345
1.037000, 5344
1.040000, 5343
1.041000, 5342
1.041000, 5341
1.042000, 5340
1.043000, 5339
1.044000, 5338
1.051000, 5337
1.053000, 5336
1.053000, 5335
1.055000, 5334
1.055000, 5333
1.056000, 5332
1.057000, 5331
1.057000, 5330
1.060000, 5329
1.061000, 5328
1.061000, 5327
1.063000, 5326
1.064000, 5325
1.064000, 5324
1.064000, 5323
1.064000, 5322
1.065000, 5321
1.065000, 5320
1.065000, 5319
1.066000, 5318
1.067000, 5317
1.068000, 5316
1.069000, 5315
1.071000, 5314
1.073000, 5313
1.074000, 5312
1.074000, 5311
1.075000, 5310
1.075000, 5309
1.078000, 5308
1.082000, 5307
1.083000, 5306
1.083000, 5305
1.085000, 5304
1.086000, 5303
1.087000, 5302
1.089000, 5301
1.089000, 5300
1.091000, 5299
1.093000, 5298
1.094000, 5297
1.094000, 5296
1.095000, 5295
1.097000, 5294
1.098000, 5293
1.098000, 5292
1.101000, 5291
1.104000, 5290
1.106000, 5289
1.106000, 5288
1.107000, 5287
1.108000, 5286
1.108000, 5285
1.110000, 5284
1.112000, 5283
1.113000, 5282
1.114000, 5281
1.114000, 5280
1.116000, 5279
1.117000, 5278
1.119000, 5277
1.120000, 5276
1.121000, 5275
1.122000, 5274
1.125000, 5273
1.125000, 5272
1.127000, 5271
1.128000, 5270
1.129000, 5269
1.130000, 5268
1.138000, 5267
1.139000, 5266
1.140000, 5265
1.140000, 5264
1.143000, 5263
1.143000, 5262
1.144000, 5261
1.145000, 5260
1.147000, 5259
1.148000, 5258
1.149000, 5257
1.149000, 5256
1.152000, 5255
1.154000, 5254
1.155000, 5253
1.156000, 5252
1.157000, 5251
1.158000, 5250
1.159000, 5249
1.162000, 5248
1.162000, 5247
1.162000, 5246
1.164000, 5245
1.164000, 5244
1.165000, 5243
1.166000, 5242
1.171000, 5241
1.171000, 5240
1.171000, 5239
1.172000, 5238
1.173000, 5237
1.173000, 5236
1.176000, 5235
1.177000, 5234
1.177000, 5233
1.179000, 5232
1.179000, 5231
1.180000, 5230
1.180000, 5229
1.181000, 5228
1.182000, 5227
1.184000, 5226
1.185000, 5225
1.185000, 5224
1.188000, 5223
1.189000, 5222
1.195000, 5221
1.196000, 5220
1.199000, 5219
1.200000, 5218
1.201000, 5217
1.202000, 5216
1.202000, 5215
1.203000, 5214
1.203000, 5213
1.204000, 5212
1.204000, 5211
1.205000, 5210
1.205000, 5209
1.205000, 5208
1.209000, 5207
1.211000, 5206
1.213000, 5205
1.214000, 5204
1.214000, 5203
1.215000, 5202
1.216000, 5201
1.216000, 5200
1.218000, 5199
1.220000, 5198
1.220000, 5197
1.222000, 5196
1.224000, 5195
1.225000, 5194
1.228000, 5193
1.230000, 5192
1.231000, 5191
1.233000, 5190
1.233000, 5189
1.234000, 5188
1.235000, 5187
1.238000, 5186
1.244000, 5185
1.246000, 5184
1.251000, 5183
1.252000, 5182
1.253000, 5181
1.256000, 5180
1.256000, 5179
1.258000, 5178
1.258000, 5177
1.259000, 5176
1.263000, 5175
1.264000, 5174
1.265000, 5173
1.265000, 5172
1.267000, 5171
1.267000, 5170
1.268000, 5169
1.269000, 5168
1.271000, 5167
1.273000, 5166
1.274000, 5165
1.276000, 5164
1.276000, 5163
1.277000, 5162
1.277000, 5161
1.279000, 5160
1.279000, 5159
1.280000, 5158
1.282000, 5157
1.285000, 5156
1.289000, 5155
1.291000, 5154
1.299000, 5153
1.299000, 5152
1.300000, 5151
1.300000, 5150
1.300000, 5149
1.302000, 5148
1.303000, 5147
1.304000, 5146
1.305000, 5145
1.306000, 5144
1.306000, 5143
1.307000, 5142
1.307000, 5141
1.309000, 5140
1.310000, 5139
1.310000, 5138
1.311000, 5137
1.312000, 5136
1.313000, 5135
1.314000, 5134
1.319000, 5133
1.325000, 5132
1.326000, 5131
1.328000, 5130
1.330000, 5129
1.332000, 5128
1.332000, 5127
1.333000, 5126
1.334000, 5125
1.334000, 5124
1.334000, 5123
1.335000, 5122
1.337000, 5121
1.337000, 5120
1.340000, 5119
1.340000, 5118
1.341000, 5117
1.342000, 5116
1.344000, 5115
1.346000, 5114
1.347000, 5113
1.349000, 5112
1.354000, 5111
1.358000, 5110
1.361000, 5109
1.362000, 5108
1.365000, 5107
1.366000, 5106
1.375000, 5105
1.376000, 5104
1.382000, 5103
1.384000, 5102
1.385000, 5101
1.387000, 5100
1.390000, 5099
1.391000, 5098
1.393000, 5097
1.395000, 5096
1.402000, 5095
1.402000, 5094
1.402000, 5093
1.414000, 5092
1.418000, 5091
1.418000, 5090
1.419000, 5089
1.420000, 5088
1.421000, 5087
1.421000, 5086
1.422000, 5085
1.423000, 5084
1.425000, 5083
1.425000, 5082
1.425000, 5081
1.426000, 5080
1.430000, 5079
1.430000, 5078
1.431000, 5077
1.433000, 5076
1.435000, 5075
1.436000, 5074
1.437000, 5073
1.437000, 5072
1.438000, 5071
1.444000, 5070
1.448000, 5069
1.450000, 5068
1.452000, 5067
1.452000, 5066
1.457000, 5065
1.457000, 5064
1.458000, 5063
1.459000, 5062
1.460000, 5061
1.465000, 5060
1.466000, 5059
1.467000, 5058
1.467000, 5057
1.468000, 5056
1.470000, 5055
1.471000, 5054
1.474000, 5053
1.475000, 5052
1.477000, 5051
1.478000, 5050
1.478000, 5049
1.479000, 5048
1.480000, 5047
1.494000, 5046
1.497000, 5045
1.500000, 5044
1.501000, 5043
1.504000, 5042
1.504000, 5041
1.510000, 5040
1.512000, 5039
1.513000, 5038
1.519000, 5037
1.521000, 5036
1.526000, 5035
1.529000, 5034
1.532000, 5033
1.539000, 5032
1.540000, 5031
1.542000, 5030
1.543000, 5029
1.545000, 5028
1.546000, 5027
1.547000, 5026
1.549000, 5025
1.553000, 5024
1.562000, 5023
1.564000, 5022
1.568000, 5021
1.571000, 5020
1.572000, 5019
1.574000, 5018
1.576000, 5017
1.579000, 5016
1.579000, 5015
1.581000, 5014
1.583000, 5013
1.587000, 5012
1.592000, 5011
1.597000, 5010
1.598000, 5009
1.606000, 5008
1.610000, 5007
1.610000, 5006
1.611000, 5005
1.613000, 5004
1.622000, 5003
1.625000, 5002
1.630000, 5001
1.631000, 5000
1.632000, 4999
1.633000, 4998
1.634000, 4997
1.635000, 4996
1.638000, 4995
1.640000, 4994
1.640000, 4993
1.641000, 4992
1.643000, 4991
1.643000, 4990
1.645000, 4989
1.652000, 4988
1.656000, 4987
1.660000, 4986
1.662000, 4985
1.665000, 4984
1.666000, 4983
1.667000, 4982
1.670000, 4981
1.678000, 4980
1.681000, 4979
1.681000, 4978
1.683000, 4977
1.683000, 4976
1.686000, 4975
1.688000, 4974
1.695000, 4973
1.696000, 4972
1.697000, 4971
1.699000, 4970
1.702000, 4969
1.706000, 4968
1.710000, 4967
1.710000, 4966
1.711000, 4965
1.711000, 4964
1.713000, 4963
1.714000, 4962
1.715000, 4961
1.719000, 4960
1.721000, 4959
1.724000, 4958
1.730000, 4957
1.734000, 4956
1.736000, 4955
1.740000, 4954
1.743000, 4953
1.748000, 4952
1.754000, 4951
1.754000, 4950
1.755000, 4949
1.759000, 4948
1.760000, 4947
1.760000, 4946
1.763000, 4945
1.772000, 4944
1.773000, 4943
1.775000, 4942
1.784000, 4941
1.792000, 4940
1.793000, 4939
1.801000, 4938
1.808000, 4937
1.817000, 4936
1.822000, 4935
1.826000, 4934
1.827000, 4933
1.829000, 4932
1.831000, 4931
1.836000, 4930
1.838000, 4929
1.847000, 4928
1.851000, 4927
1.860000, 4926
1.869000, 4925
1.871000, 4924
1.871000, 4923
1.875000, 4922
1.877000, 4921
1.889000, 4920
1.890000, 4919
1.895000, 4918
1.895000, 4917
1.898000, 4916
1.901000, 4915
1.907000, 4914
1.911000, 4913
1.913000, 4912
1.934000, 4911
1.940000, 4910
1.943000, 4909
1.945000, 4908
1.948000, 4907
1.952000, 4906
1.958000, 4905
1.962000, 4904
1.981000, 4903
1.982000, 4902
1.993000, 4901
2.007000, 4900
2.011000, 4899
2.026000, 4898
2.029000, 4897
2.035000, 4896
2.050000, 4895
2.052000, 4894
2.057000, 4893
2.061000, 4892
2.065000, 4891
2.068000, 4890
2.103000, 4889
2.108000, 4888
2.111000, 4887
2.138000, 4886
2.155000, 4885
2.157000, 4884
2.168000, 4883
2.172000, 4882
2.227000, 4881
2.240000, 4880
2.270000, 4879
2.276000, 4878
2.284000, 4877
2.284000, 4876
2.296000, 4875
2.304000, 4874
2.321000, 4873
2.324000, 4872
2.327000, 4871
2.329000, 4870
2.335000, 4869
2.339000, 4868
2.343000, 4867
2.348000, 4866
2.354000, 4865
2.362000, 4864
2.380000, 4863
2.385000, 4862
2.405000, 4861
2.407000, 4860
2.410000, 4859
2.419000, 4858
2.438000, 4857
2.447000, 4856
2.452000, 4855
2.463000, 4854
2.464000, 4853
2.471000, 4852
2.488000, 4851
2.504000, 4850
2.524000, 4849
2.538000, 4848
2.546000, 4847
2.563000, 4846
2.581000, 4845
2.602000, 4844
2.607000, 4843
2.627000, 4842
2.655000, 4841
2.662000, 4840
2.673000, 4839
2.675000, 4838
2.730000, 4837
2.743000, 4836
2.775000, 4835
2.777000, 4834
2.779000, 4833
2.780000, 4832
2.859000, 4831
2.862000, 4830
2.866000, 4829
2.888000, 4828
2.918000, 4827
2.933000, 4826
2.951000, 4825
2.952000, 4824
3.028000, 4823
3.090000, 4822
3.107000, 4821
3.167000, 4820
3.251000, 4819
3.259000, 4818
3.286000, 4817
3.304000, 4816
3.310000, 4815
3.417000, 4814
3.477000, 4813
3.570000, 4812
3.743000, 4811
3.882000, 4810
3.894000, 4809
3.901000, 4808
4.030000, 4807
4.042000, 4806
4.202000, 4805
4.342000, 4804
