0.089000, 6869
0.092000, 6868
0.093000, 6867
0.093000, 6866
0.094000, 6865
0.095000, 6864
0.095000, 6863
0.096000, 6862
0.097000, 6861
0.098000, 6860
0.098000, 6859
0.099000, 6858
0.099000, 6857
0.100000, 6856
0.101000, 6855
0.102000, 6854
0.102000, 6853
0.102000, 6852
0.103000, 6851
0.103000, 6850
0.104000, 6849
0.104000, 6848
0.104000, 6847
0.105000, 6846
0.105000, 6845
0.106000, 6844
0.106000, 6843
0.107000, 6842
0.107000, 6841
0.108000, 6840
0.108000, 6839
0.109000, 6838
0.109000, 6837
0.110000, 6836
0.110000, 6835
0.112000, 6834
0.112000, 6833
0.112000, 6832
0.113000, 6831
0.114000, 6830
0.114000, 6829
0.115000, 6828
0.116000, 6827
0.116000, 6826
0.117000, 6825
0.117000, 6824
0.118000, 6823
0.118000, 6822
0.119000, 6821
0.119000, 6820
0.120000, 6819
0.121000, 6818
0.121000, 6817
0.122000, 6816
0.122000, 6815
0.123000, 6814
0.124000, 6813
0.124000, 6812
0.125000, 6811
0.126000, 6810
0.127000, 6809
0.127000, 6808
0.127000, 6807
0.128000, 6806
0.128000, 6805
0.130000, 6804
0.130000, 6803
0.130000, 6802
0.131000, 6801
0.132000, 6800
0.132000, 6799
0.133000, 6798
0.135000, 6797
0.136000, 6796
0.136000, 6795
0.136000, 6794
0.137000, 6793
0.137000, 6792
0.138000, 6791
0.138000, 6790
0.139000, 6789
0.140000, 6788
0.141000, 6787
0.142000, 6786
0.143000, 6785
0.143000, 6784
0.143000, 6783
0.144000, 6782
0.144000, 6781
0.144000, 6780
0.145000, 6779
0.145000, 6778
0.147000, 6777
0.148000, 6776
0.148000, 6775
0.149000, 6774
0.149000, 6773
0.150000, 6772
0.150000, 6771
0.150000, 6770
0.151000, 6769
0.152000, 6768
0.153000, 6767
0.153000, 6766
0.154000, 6765
0.155000, 6764
0.155000, 6763
0.156000, 6762
0.156000, 6761
0.157000, 6760
0.158000, 6759
0.158000, 6758
0.159000, 6757
0.160000, 6756
0.161000, 6755
0.162000, 6754
0.162000, 6753
0.163000, 6752
0.163000, 6751
0.164000, 6750
0.165000, 6749
0.165000, 6748
0.166000, 6747
0.166000, 6746
0.167000, 6745
0.168000, 6744
0.169000, 6743
0.169000, 6742
0.169000, 6741
0.170000, 6740
0.170000, 6739
0.170000, 6738
0.171000, 6737
0.172000, 6736
0.172000, 6735
0.173000, 6734
0.174000, 6733
0.174000, 6732
0.174000, 6731
0.175000, 6730
0.175000, 6729
0.175000, 6728
0.176000, 6727
0.177000, 6726
0.177000, 6725
0.177000, 6724
0.178000, 6723
0.178000, 6722
0.179000, 6721
0.179000, 6720
0.180000, 6719
0.180000, 6718
0.181000, 6717
0.181000, 6716
0.181000, 6715
0.182000, 6714
0.183000, 6713
0.184000, 6712
0.184000, 6711
0.185000, 6710
0.186000, 6709
0.186000, 6708
0.187000, 6707
0.187000, 6706
0.187000, 6705
0.188000, 6704
0.188000, 6703
0.189000, 6702
0.189000, 6701
0.190000, 6700
0.191000, 6699
0.191000, 6698
0.192000, 6697
0.192000, 6696
0.193000, 6695
0.193000, 6694
0.194000, 6693
0.194000, 6692
0.194000, 6691
0.195000, 6690
0.196000, 6689
0.196000, 6688
0.196000, 6687
0.197000, 6686
0.197000, 6685
0.198000, 6684
0.199000, 6683
0.199000, 6682
0.199000, 6681
0.200000, 6680
0.200000, 6679
0.200000, 6678
0.201000, 6677
0.202000, 6676
0.203000, 6675
0.203000, 6674
0.204000, 6673
0.204000, 6672
0.204000, 6671
0.205000, 6670
0.206000, 6669
0.207000, 6668
0.208000, 6667
0.208000, 6666
0.210000, 6665
0.211000, 6664
0.211000, 6663
0.212000, 6662
0.213000, 6661
0.213000, 6660
0.213000, 6659
0.214000, 6658
0.215000, 6657
0.215000, 6656
0.216000, 6655
0.217000, 6654
0.218000, 6653
0.218000, 6652
0.219000, 6651
0.219000, 6650
0.220000, 6649
0.221000, 6648
0.223000, 6647
0.223000, 6646
0.224000, 6645
0.224000, 6644
0.225000, 6643
0.225000, 6642
0.225000, 6641
0.226000, 6640
0.226000, 6639
0.226000, 6638
0.228000, 6637
0.228000, 6636
0.229000, 6635
0.231000, 6634
0.232000, 6633
0.233000, 6632
0.233000, 6631
0.234000, 6630
0.234000, 6629
0.235000, 6628
0.235000, 6627
0.236000, 6626
0.237000, 6625
0.238000, 6624
0.239000, 6623
0.239000, 6622
0.240000, 6621
0.240000, 6620
0.241000, 6619
0.241000, 6618
0.242000, 6617
0.244000, 6616
0.245000, 6615
0.246000, 6614
0.246000, 6613
0.247000, 6612
0.248000, 6611
0.248000, 6610
0.248000, 6609
0.249000, 6608
0.249000, 6607
0.250000, 6606
0.250000, 6605
0.251000, 6604
0.252000, 6603
0.252000, 6602
0.256000, 6601
0.256000, 6600
0.257000, 6599
0.258000, 6598
0.269000, 6597
0.269000, 6596
0.270000, 6595
0.270000, 6594
0.270000, 6593
0.270000, 6592
0.271000, 6591
0.271000, 6590
0.271000, 6589
0.272000, 6588
0.273000, 6587
0.273000, 6586
0.273000, 6585
0.273000, 6584
0.274000, 6583
0.275000, 6582
0.275000, 6581
0.275000, 6580
0.276000, 6579
0.276000, 6578
0.276000, 6577
0.277000, 6576
0.277000, 6575
0.278000, 6574
0.279000, 6573
0.280000, 6572
0.280000, 6571
0.281000, 6570
0.281000, 6569
0.281000, 6568
0.282000, 6567
0.282000, 6566
0.283000, 6565
0.283000, 6564
0.283000, 6563
0.284000, 6562
0.284000, 6561
0.285000, 6560
0.285000, 6559
0.285000, 6558
0.285000, 6557
0.286000, 6556
0.286000, 6555
0.287000, 6554
0.287000, 6553
0.288000, 6552
0.288000, 6551
0.289000, 6550
0.289000, 6549
0.290000, 6548
0.290000, 6547
0.290000, 6546
0.290000, 6545
0.291000, 6544
0.291000, 6543
0.291000, 6542
0.292000, 6541
0.292000, 6540
0.292000, 6539
0.293000, 6538
0.293000, 6537
0.293000, 6536
0.294000, 6535
0.294000, 6534
0.295000, 6533
0.295000, 6532
0.296000, 6531
0.296000, 6530
0.296000, 6529
0.297000, 6528
0.298000, 6527
0.299000, 6526
0.299000, 6525
0.300000, 6524
0.300000, 6523
0.300000, 6522
0.301000, 6521
0.301000, 6520
0.301000, 6519
0.302000, 6518
0.302000, 6517
0.302000, 6516
0.302000, 6515
0.302000, 6514
0.303000, 6513
0.303000, 6512
0.303000, 6511
0.304000, 6510
0.304000, 6509
0.304000, 6508
0.304000, 6507
0.305000, 6506
0.306000, 6505
0.307000, 6504
0.307000, 6503
0.308000, 6502
0.309000, 6501
0.309000, 6500
0.309000, 6499
0.310000, 6498
0.310000, 6497
0.311000, 6496
0.311000, 6495
0.312000, 6494
0.312000, 6493
0.312000, 6492
0.312000, 6491
0.313000, 6490
0.313000, 6489
0.314000, 6488
0.314000, 6487
0.315000, 6486
0.316000, 6485
0.316000, 6484
0.316000, 6483
0.317000, 6482
0.317000, 6481
0.317000, 6480
0.318000, 6479
0.318000, 6478
0.318000, 6477
0.318000, 6476
0.319000, 6475
0.319000, 6474
0.320000, 6473
0.320000, 6472
0.320000, 6471
0.321000, 6470
0.321000, 6469
0.322000, 6468
0.322000, 6467
0.323000, 6466
0.325000, 6465
0.325000, 6464
0.325000, 6463
0.325000, 6462
0.326000, 6461
0.326000, 6460
0.326000, 6459
0.326000, 6458
0.326000, 6457
0.327000, 6456
0.327000, 6455
0.328000, 6454
0.328000, 6453
0.328000, 6452
0.329000, 6451
0.329000, 6450
0.329000, 6449
0.329000, 6448
0.330000, 6447
0.330000, 6446
0.330000, 6445
0.331000, 6444
0.332000, 6443
0.332000, 6442
0.332000, 6441
0.333000, 6440
0.334000, 6439
0.334000, 6438
0.334000, 6437
0.334000, 6436
0.334000, 6435
0.335000, 6434
0.335000, 6433
0.335000, 6432
0.336000, 6431
0.336000, 6430
0.337000, 6429
0.337000, 6428
0.338000, 6427
0.338000, 6426
0.339000, 6425
0.339000, 6424
0.341000, 6423
0.341000, 6422
0.341000, 6421
0.342000, 6420
0.342000, 6419
0.343000, 6418
0.343000, 6417
0.343000, 6416
0.343000, 6415
0.343000, 6414
0.344000, 6413
0.345000, 6412
0.345000, 6411
0.346000, 6410
0.346000, 6409
0.347000, 6408
0.347000, 6407
0.349000, 6406
0.349000, 6405
0.349000, 6404
0.350000, 6403
0.350000, 6402
0.350000, 6401
0.351000, 6400
0.351000, 6399
0.352000, 6398
0.352000, 6397
0.353000, 6396
0.353000, 6395
0.354000, 6394
0.354000, 6393
0.355000, 6392
0.355000, 6391
0.355000, 6390
0.356000, 6389
0.356000, 6388
0.356000, 6387
0.357000, 6386
0.357000, 6385
0.357000, 6384
0.357000, 6383
0.357000, 6382
0.358000, 6381
0.359000, 6380
0.359000, 6379
0.359000, 6378
0.359000, 6377
0.360000, 6376
0.360000, 6375
0.361000, 6374
0.361000, 6373
0.361000, 6372
0.362000, 6371
0.362000, 6370
0.362000, 6369
0.363000, 6368
0.363000, 6367
0.364000, 6366
0.364000, 6365
0.364000, 6364
0.365000, 6363
0.365000, 6362
0.366000, 6361
0.367000, 6360
0.368000, 6359
0.368000, 6358
0.369000, 6357
0.369000, 6356
0.369000, 6355
0.370000, 6354
0.370000, 6353
0.370000, 6352
0.371000, 6351
0.371000, 6350
0.371000, 6349
0.372000, 6348
0.372000, 6347
0.373000, 6346
0.373000, 6345
0.373000, 6344
0.374000, 6343
0.374000, 6342
0.375000, 6341
0.375000, 6340
0.375000, 6339
0.376000, 6338
0.376000, 6337
0.378000, 6336
0.379000, 6335
0.379000, 6334
0.379000, 6333
0.380000, 6332
0.380000, 6331
0.380000, 6330
0.380000, 6329
0.381000, 6328
0.381000, 6327
0.382000, 6326
0.382000, 6325
0.382000, 6324
0.383000, 6323
0.383000, 6322
0.383000, 6321
0.384000, 6320
0.384000, 6319
0.385000, 6318
0.385000, 6317
0.385000, 6316
0.386000, 6315
0.387000, 6314
0.387000, 6313
0.388000, 6312
0.388000, 6311
0.389000, 6310
0.389000, 6309
0.390000, 6308
0.392000, 6307
0.392000, 6306
0.392000, 6305
0.393000, 6304
0.393000, 6303
0.393000, 6302
0.394000, 6301
0.395000, 6300
0.395000, 6299
0.395000, 6298
0.395000, 6297
0.396000, 6296
0.396000, 6295
0.397000, 6294
0.397000, 6293
0.397000, 6292
0.398000, 6291
0.398000, 6290
0.398000, 6289
0.399000, 6288
0.399000, 6287
0.400000, 6286
0.401000, 6285
0.402000, 6284
0.402000, 6283
0.403000, 6282
0.403000, 6281
0.403000, 6280
0.404000, 6279
0.405000, 6278
0.406000, 6277
0.407000, 6276
0.407000, 6275
0.408000, 6274
0.408000, 6273
0.409000, 6272
0.409000, 6271
0.410000, 6270
0.410000, 6269
0.410000, 6268
0.411000, 6267
0.412000, 6266
0.412000, 6265
0.412000, 6264
0.412000, 6263
0.413000, 6262
0.414000, 6261
0.414000, 6260
0.414000, 6259
0.414000, 6258
0.415000, 6257
0.415000, 6256
0.415000, 6255
0.416000, 6254
0.416000, 6253
0.417000, 6252
0.417000, 6251
0.418000, 6250
0.418000, 6249
0.418000, 6248
0.419000, 6247
0.419000, 6246
0.420000, 6245
0.421000, 6244
0.421000, 6243
0.422000, 6242
0.422000, 6241
0.422000, 6240
0.422000, 6239
0.423000, 6238
0.424000, 6237
0.424000, 6236
0.424000, 6235
0.425000, 6234
0.426000, 6233
0.426000, 6232
0.426000, 6231
0.427000, 6230
0.427000, 6229
0.427000, 6228
0.427000, 6227
0.429000, 6226
0.429000, 6225
0.430000, 6224
0.430000, 6223
0.431000, 6222
0.431000, 6221
0.431000, 6220
0.432000, 6219
0.432000, 6218
0.432000, 6217
0.433000, 6216
0.433000, 6215
0.433000, 6214
0.433000, 6213
0.434000, 6212
0.435000, 6211
0.435000, 6210
0.435000, 6209
0.436000, 6208
0.437000, 6207
0.437000, 6206
0.438000, 6205
0.438000, 6204
0.438000, 6203
0.439000, 6202
0.439000, 6201
0.439000, 6200
0.440000, 6199
0.441000, 6198
0.442000, 6197
0.442000, 6196
0.442000, 6195
0.442000, 6194
0.443000, 6193
0.443000, 6192
0.443000, 6191
0.444000, 6190
0.444000, 6189
0.444000, 6188
0.445000, 6187
0.445000, 6186
0.446000, 6185
0.446000, 6184
0.446000, 6183
0.447000, 6182
0.447000, 6181
0.448000, 6180
0.448000, 6179
0.449000, 6178
0.449000, 6177
0.450000, 6176
0.450000, 6175
0.450000, 6174
0.450000, 6173
0.451000, 6172
0.451000, 6171
0.452000, 6170
0.453000, 6169
0.453000, 6168
0.453000, 6167
0.453000, 6166
0.454000, 6165
0.455000, 6164
0.456000, 6163
0.456000, 6162
0.457000, 6161
0.457000, 6160
0.458000, 6159
0.458000, 6158
0.459000, 6157
0.460000, 6156
0.461000, 6155
0.462000, 6154
0.463000, 6153
0.463000, 6152
0.471000, 6151
0.471000, 6150
0.472000, 6149
0.472000, 6148
0.473000, 6147
0.473000, 6146
0.474000, 6145
0.474000, 6144
0.474000, 6143
0.476000, 6142
0.476000, 6141
0.477000, 6140
0.478000, 6139
0.479000, 6138
0.479000, 6137
0.480000, 6136
0.481000, 6135
0.481000, 6134
0.482000, 6133
0.482000, 6132
0.483000, 6131
0.483000, 6130
0.484000, 6129
0.484000, 6128
0.485000, 6127
0.485000, 6126
0.486000, 6125
0.486000, 6124
0.486000, 6123
0.487000, 6122
0.487000, 6121
0.488000, 6120
0.488000, 6119
0.490000, 6118
0.490000, 6117
0.491000, 6116
0.491000, 6115
0.491000, 6114
0.491000, 6113
0.492000, 6112
0.494000, 6111
0.495000, 6110
0.495000, 6109
0.495000, 6108
0.496000, 6107
0.496000, 6106
0.497000, 6105
0.498000, 6104
0.498000, 6103
0.499000, 6102
0.499000, 6101
0.500000, 6100
0.501000, 6099
0.501000, 6098
0.501000, 6097
0.502000, 6096
0.503000, 6095
0.504000, 6094
0.505000, 6093
0.505000, 6092
0.505000, 6091
0.506000, 6090
0.506000, 6089
0.506000, 6088
0.507000, 6087
0.507000, 6086
0.507000, 6085
0.508000, 6084
0.509000, 6083
0.509000, 6082
0.509000, 6081
0.509000, 6080
0.510000, 6079
0.511000, 6078
0.511000, 6077
0.511000, 6076
0.512000, 6075
0.512000, 6074
0.513000, 6073
0.513000, 6072
0.514000, 6071
0.514000, 6070
0.515000, 6069
0.515000, 6068
0.515000, 6067
0.516000, 6066
0.516000, 6065
0.517000, 6064
0.517000, 6063
0.517000, 6062
0.517000, 6061
0.519000, 6060
0.519000, 6059
0.520000, 6058
0.520000, 6057
0.520000, 6056
0.521000, 6055
0.521000, 6054
0.522000, 6053
0.523000, 6052
0.524000, 6051
0.524000, 6050
0.524000, 6049
0.525000, 6048
0.525000, 6047
0.525000, 6046
0.526000, 6045
0.526000, 6044
0.527000, 6043
0.527000, 6042
0.529000, 6041
0.530000, 6040
0.530000, 6039
0.530000, 6038
0.530000, 6037
0.531000, 6036
0.531000, 6035
0.532000, 6034
0.533000, 6033
0.534000, 6032
0.535000, 6031
0.536000, 6030
0.536000, 6029
0.537000, 6028
0.537000, 6027
0.538000, 6026
0.538000, 6025
0.539000, 6024
0.539000, 6023
0.540000, 6022
0.541000, 6021
0.541000, 6020
0.541000, 6019
0.542000, 6018
0.542000, 6017
0.542000, 6016
0.543000, 6015
0.543000, 6014
0.543000, 6013
0.544000, 6012
0.545000, 6011
0.545000, 6010
0.546000, 6009
0.546000, 6008
0.547000, 6007
0.548000, 6006
0.548000, 6005
0.549000, 6004
0.550000, 6003
0.550000, 6002
0.551000, 6001
0.552000, 6000
0.552000, 5999
0.552000, 5998
0.553000, 5997
0.553000, 5996
0.554000, 5995
0.554000, 5994
0.555000, 5993
0.556000, 5992
0.557000, 5991
0.558000, 5990
0.558000, 5989
0.559000, 5988
0.560000, 5987
0.560000, 5986
0.561000, 5985
0.561000, 5984
0.561000, 5983
0.562000, 5982
0.562000, 5981
0.562000, 5980
0.563000, 5979
0.563000, 5978
0.563000, 5977
0.564000, 5976
0.564000, 5975
0.566000, 5974
0.566000, 5973
0.566000, 5972
0.567000, 5971
0.568000, 5970
0.569000, 5969
0.569000, 5968
0.569000, 5967
0.570000, 5966
0.570000, 5965
0.570000, 5964
0.571000, 5963
0.572000, 5962
0.572000, 5961
0.572000, 5960
0.572000, 5959
0.572000, 5958
0.573000, 5957
0.573000, 5956
0.573000, 5955
0.573000, 5954
0.574000, 5953
0.574000, 5952
0.575000, 5951
0.575000, 5950
0.575000, 5949
0.577000, 5948
0.577000, 5947
0.577000, 5946
0.578000, 5945
0.578000, 5944
0.579000, 5943
0.579000, 5942
0.582000, 5941
0.583000, 5940
0.583000, 5939
0.584000, 5938
0.584000, 5937
0.584000, 5936
0.586000, 5935
0.586000, 5934
0.586000, 5933
0.587000, 5932
0.587000, 5931
0.587000, 5930
0.588000, 5929
0.588000, 5928
0.588000, 5927
0.588000, 5926
0.589000, 5925
0.589000, 5924
0.589000, 5923
0.589000, 5922
0.590000, 5921
0.590000, 5920
0.590000, 5919
0.592000, 5918
0.593000, 5917
0.593000, 5916
0.593000, 5915
0.594000, 5914
0.595000, 5913
0.595000, 5912
0.596000, 5911
0.596000, 5910
0.596000, 5909
0.597000, 5908
0.598000, 5907
0.598000, 5906
0.599000, 5905
0.599000, 5904
0.601000, 5903
0.601000, 5902
0.602000, 5901
0.602000, 5900
0.602000, 5899
0.603000, 5898
0.604000, 5897
0.604000, 5896
0.606000, 5895
0.606000, 5894
0.606000, 5893
0.606000, 5892
0.607000, 5891
0.607000, 5890
0.607000, 5889
0.608000, 5888
0.609000, 5887
0.609000, 5886
0.609000, 5885
0.609000, 5884
0.610000, 5883
0.611000, 5882
0.612000, 5881
0.612000, 5880
0.613000, 5879
0.613000, 5878
0.614000, 5877
0.616000, 5876
0.618000, 5875
0.618000, 5874
0.619000, 5873
0.619000, 5872
0.619000, 5871
0.620000, 5870
0.620000, 5869
0.621000, 5868
0.621000, 5867
0.621000, 5866
0.622000, 5865
0.622000, 5864
0.622000, 5863
0.623000, 5862
0.624000, 5861
0.624000, 5860
0.625000, 5859
0.626000, 5858
0.626000, 5857
0.628000, 5856
0.628000, 5855
0.629000, 5854
0.629000, 5853
0.629000, 5852
0.630000, 5851
0.630000, 5850
0.631000, 5849
0.631000, 5848
0.632000, 5847
0.632000, 5846
0.633000, 5845
0.640000, 5844
0.640000, 5843
0.641000, 5842
0.641000, 5841
0.641000, 5840
0.641000, 5839
0.642000, 5838
0.642000, 5837
0.643000, 5836
0.643000, 5835
0.643000, 5834
0.646000, 5833
0.646000, 5832
0.646000, 5831
0.647000, 5830
0.647000, 5829
0.647000, 5828
0.648000, 5827
0.648000, 5826
0.648000, 5825
0.648000, 5824
0.649000, 5823
0.650000, 5822
0.650000, 5821
0.650000, 5820
0.651000, 5819
0.652000, 5818
0.652000, 5817
0.653000, 5816
0.653000, 5815
0.653000, 5814
0.654000, 5813
0.654000, 5812
0.655000, 5811
0.655000, 5810
0.655000, 5809
0.655000, 5808
0.656000, 5807
0.656000, 5806
0.656000, 5805
0.656000, 5804
0.657000, 5803
0.657000, 5802
0.658000, 5801
0.658000, 5800
0.659000, 5799
0.660000, 5798
0.661000, 5797
0.663000, 5796
0.663000, 5795
0.663000, 5794
0.664000, 5793
0.664000, 5792
0.666000, 5791
0.666000, 5790
0.667000, 5789
0.668000, 5788
0.669000, 5787
0.669000, 5786
0.670000, 5785
0.670000, 5784
0.670000, 5783
0.671000, 5782
0.671000, 5781
0.674000, 5780
0.674000, 5779
0.675000, 5778
0.675000, 5777
0.675000, 5776
0.676000, 5775
0.676000, 5774
0.677000, 5773
0.678000, 5772
0.678000, 5771
0.678000, 5770
0.678000, 5769
0.679000, 5768
0.679000, 5767
0.680000, 5766
0.680000, 5765
0.680000, 5764
0.681000, 5763
0.682000, 5762
0.682000, 5761
0.682000, 5760
0.682000, 5759
0.683000, 5758
0.683000, 5757
0.684000, 5756
0.685000, 5755
0.686000, 5754
0.686000, 5753
0.687000, 5752
0.688000, 5751
0.688000, 5750
0.689000, 5749
0.690000, 5748
0.690000, 5747
0.692000, 5746
0.692000, 5745
0.692000, 5744
0.693000, 5743
0.694000, 5742
0.694000, 5741
0.694000, 5740
0.695000, 5739
0.695000, 5738
0.695000, 5737
0.696000, 5736
0.696000, 5735
0.696000, 5734
0.696000, 5733
0.696000, 5732
0.698000, 5731
0.698000, 5730
0.699000, 5729
0.700000, 5728
0.700000, 5727
0.701000, 5726
0.701000, 5725
0.701000, 5724
0.701000, 5723
0.702000, 5722
0.704000, 5721
0.705000, 5720
0.705000, 5719
0.706000, 5718
0.707000, 5717
0.708000, 5716
0.709000, 5715
0.710000, 5714
0.710000, 5713
0.710000, 5712
0.710000, 5711
0.711000, 5710
0.714000, 5709
0.714000, 5708
0.714000, 5707
0.715000, 5706
0.716000, 5705
0.717000, 5704
0.718000, 5703
0.719000, 5702
0.719000, 5701
0.719000, 5700
0.720000, 5699
0.721000, 5698
0.721000, 5697
0.723000, 5696
0.724000, 5695
0.724000, 5694
0.725000, 5693
0.726000, 5692
0.726000, 5691
0.726000, 5690
0.728000, 5689
0.729000, 5688
0.729000, 5687
0.729000, 5686
0.730000, 5685
0.730000, 5684
0.732000, 5683
0.733000, 5682
0.734000, 5681
0.735000, 5680
0.736000, 5679
0.737000, 5678
0.738000, 5677
0.738000, 5676
0.738000, 5675
0.739000, 5674
0.740000, 5673
0.740000, 5672
0.741000, 5671
0.742000, 5670
0.742000, 5669
0.743000, 5668
0.744000, 5667
0.744000, 5666
0.747000, 5665
0.747000, 5664
0.747000, 5663
0.749000, 5662
0.749000, 5661
0.749000, 5660
0.750000, 5659
0.750000, 5658
0.751000, 5657
0.751000, 5656
0.751000, 5655
0.752000, 5654
0.752000, 5653
0.753000, 5652
0.753000, 5651
0.754000, 5650
0.754000, 5649
0.755000, 5648
0.755000, 5647
0.755000, 5646
0.755000, 5645
0.756000, 5644
0.757000, 5643
0.758000, 5642
0.758000, 5641
0.758000, 5640
0.759000, 5639
0.761000, 5638
0.762000, 5637
0.762000, 5636
0.765000, 5635
0.765000, 5634
0.765000, 5633
0.766000, 5632
0.767000, 5631
0.768000, 5630
0.768000, 5629
0.768000, 5628
0.769000, 5627
0.770000, 5626
0.770000, 5625
0.771000, 5624
0.772000, 5623
0.773000, 5622
0.774000, 5621
0.774000, 5620
0.775000, 5619
0.775000, 5618
0.776000, 5617
0.777000, 5616
0.778000, 5615
0.778000, 5614
0.780000, 5613
0.780000, 5612
0.781000, 5611
0.781000, 5610
0.782000, 5609
0.783000, 5608
0.784000, 5607
0.784000, 5606
0.784000, 5605
0.785000, 5604
0.787000, 5603
0.787000, 5602
0.788000, 5601
0.788000, 5600
0.788000, 5599
0.796000, 5598
0.797000, 5597
0.798000, 5596
0.799000, 5595
0.800000, 5594
0.801000, 5593
0.801000, 5592
0.802000, 5591
0.803000, 5590
0.803000, 5589
0.804000, 5588
0.805000, 5587
0.805000, 5586
0.806000, 5585
0.807000, 5584
0.808000, 5583
0.809000, 5582
0.809000, 5581
0.810000, 5580
0.812000, 5579
0.812000, 5578
0.813000, 5577
0.813000, 5576
0.813000, 5575
0.813000, 5574
0.814000, 5573
0.814000, 5572
0.815000, 5571
0.815000, 5570
0.816000, 5569
0.816000, 5568
0.816000, 5567
0.817000, 5566
0.817000, 5565
0.817000, 5564
0.817000, 5563
0.818000, 5562
0.818000, 5561
0.819000, 5560
0.819000, 5559
0.820000, 5558
0.820000, 5557
0.820000, 5556
0.821000, 5555
0.821000, 5554
0.821000, 5553
0.821000, 5552
0.821000, 5551
0.822000, 5550
0.822000, 5549
0.823000, 5548
0.823000, 5547
0.823000, 5546
0.823000, 5545
0.824000, 5544
0.824000, 5543
0.824000, 5542
0.827000, 5541
0.827000, 5540
0.832000, 5539
0.832000, 5538
0.833000, 5537
0.834000, 5536
0.834000, 5535
0.835000, 5534
0.835000, 5533
0.835000, 5532
0.836000, 5531
0.836000, 5530
0.836000, 5529
0.837000, 5528
0.838000, 5527
0.839000, 5526
0.839000, 5525
0.840000, 5524
0.840000, 5523
0.841000, 5522
0.842000, 5521
0.842000, 5520
0.843000, 5519
0.844000, 5518
0.844000, 5517
0.844000, 5516
0.845000, 5515
0.845000, 5514
0.846000, 5513
0.847000, 5512
0.848000, 5511
0.848000, 5510
0.848000, 5509
0.849000, 5508
0.849000, 5507
0.850000, 5506
0.850000, 5505
0.850000, 5504
0.851000, 5503
0.852000, 5502
0.853000, 5501
0.854000, 5500
0.855000, 5499
0.855000, 5498
0.858000, 5497
0.858000, 5496
0.859000, 5495
0.859000, 5494
0.859000, 5493
0.860000, 5492
0.860000, 5491
0.861000, 5490
0.862000, 5489
0.862000, 5488
0.862000, 5487
0.865000, 5486
0.866000, 5485
0.867000, 5484
0.868000, 5483
0.868000, 5482
0.869000, 5481
0.870000, 5480
0.872000, 5479
0.872000, 5478
0.873000, 5477
0.874000, 5476
0.874000, 5475
0.875000, 5474
0.875000, 5473
0.876000, 5472
0.876000, 5471
0.876000, 5470
0.877000, 5469
0.877000, 5468
0.878000, 5467
0.878000, 5466
0.879000, 5465
0.880000, 5464
0.880000, 5463
0.881000, 5462
0.881000, 5461
0.883000, 5460
0.885000, 5459
0.885000, 5458
0.886000, 5457
0.886000, 5456
0.888000, 5455
0.889000, 5454
0.889000, 5453
0.889000, 5452
0.891000, 5451
0.892000, 5450
0.893000, 5449
0.893000, 5448
0.893000, 5447
0.893000, 5446
0.894000, 5445
0.894000, 5444
0.895000, 5443
0.896000, 5442
0.896000, 5441
0.896000, 5440
0.898000, 5439
0.899000, 5438
0.900000, 5437
0.900000, 5436
0.900000, 5435
0.901000, 5434
0.901000, 5433
0.902000, 5432
0.902000, 5431
0.903000, 5430
0.905000, 5429
0.907000, 5428
0.907000, 5427
0.908000, 5426
0.908000, 5425
0.909000, 5424
0.909000, 5423
0.910000, 5422
0.910000, 5421
0.911000, 5420
0.912000, 5419
0.912000, 5418
0.912000, 5417
0.914000, 5416
0.914000, 5415
0.915000, 5414
0.915000, 5413
0.915000, 5412
0.916000, 5411
0.916000, 5410
0.917000, 5409
0.918000, 5408
0.918000, 5407
0.921000, 5406
0.921000, 5405
0.921000, 5404
0.922000, 5403
0.923000, 5402
0.924000, 5401
0.925000, 5400
0.926000, 5399
0.926000, 5398
0.929000, 5397
0.929000, 5396
0.930000, 5395
0.931000, 5394
0.931000, 5393
0.932000, 5392
0.933000, 5391
0.933000, 5390
0.934000, 5389
0.935000, 5388
0.936000, 5387
0.937000, 5386
0.938000, 5385
0.939000, 5384
0.939000, 5383
0.940000, 5382
0.941000, 5381
0.942000, 5380
0.945000, 5379
0.945000, 5378
0.946000, 5377
0.947000, 5376
0.947000, 5375
0.949000, 5374
0.950000, 5373
0.951000, 5372
0.951000, 5371
0.952000, 5370
0.953000, 5369
0.954000, 5368
0.955000, 5367
0.956000, 5366
0.956000, 5365
0.957000, 5364
0.957000, 5363
0.958000, 5362
0.959000, 5361
0.960000, 5360
0.961000, 5359
0.961000, 5358
0.962000, 5357
0.962000, 5356
0.963000, 5355
0.964000, 5354
0.967000, 5353
0.969000, 5352
0.969000, 5351
0.971000, 5350
0.971000, 5349
0.971000, 5348
0.972000, 5347
0.972000, 5346
0.974000, 5345
0.974000, 5344
0.975000, 5343
0.975000, 5342
0.979000, 5341
0.980000, 5340
0.981000, 5339
0.981000, 5338
0.981000, 5337
0.982000, 5336
0.982000, 5335
0.984000, 5334
0.986000, 5333
0.988000, 5332
0.989000, 5331
0.990000, 5330
0.991000, 5329
0.991000, 5328
0.993000, 5327
0.994000, 5326
0.996000, 5325
0.999000, 5324
1.002000, 5323
1.003000, 5322
1.003000, 5321
1.004000, 5320
1.004000, 5319
1.005000, 5318
1.005000, 5317
1.006000, 5316
1.006000, 5315
1.006000, 5314
1.007000, 5313
1.007000, 5312
1.007000, 5311
1.008000, 5310
1.008000, 5309
1.009000, 5308
1.010000, 5307
1.011000, 5306
1.011000, 5305
1.012000, 5304
1.013000, 5303
1.016000, 5302
1.017000, 5301
1.018000, 5300
1.018000, 5299
1.019000, 5298
1.020000, 5297
1.021000, 5296
1.023000, 5295
1.025000, 5294
1.026000, 5293
1.026000, 5292
1.028000, 5291
1.029000, 5290
1.030000, 5289
1.031000, 5288
1.031000, 5287
1.033000, 5286
1.035000, 5285
1.035000, 5284
1.035000, 5283
1.037000, 5282
1.037000, 5281
1.038000, 5280
1.040000, 5279
1.040000, 5278
1.041000, 5277
1.042000, 5276
1.043000, 5275
1.044000, 5274
1.046000, 5273
1.047000, 5272
1.050000, 5271
1.051000, 5270
1.052000, 5269
1.052000, 5268
1.054000, 5267
1.056000, 5266
1.056000, 5265
1.057000, 5264
1.059000, 5263
1.059000, 5262
1.061000, 5261
1.061000, 5260
1.062000, 5259
1.063000, 5258
1.064000, 5257
1.067000, 5256
1.068000, 5255
1.068000, 5254
1.069000, 5253
1.070000, 5252
1.070000, 5251
1.071000, 5250
1.072000, 5249
1.073000, 5248
1.073000, 5247
1.073000, 5246
1.075000, 5245
1.076000, 5244
1.077000, 5243
1.078000, 5242
1.080000, 5241
1.081000, 5240
1.081000, 5239
1.084000, 5238
1.085000, 5237
1.085000, 5236
1.088000, 5235
1.088000, 5234
1.089000, 5233
1.089000, 5232
1.090000, 5231
1.103000, 5230
1.104000, 5229
1.104000, 5228
1.107000, 5227
1.107000, 5226
1.109000, 5225
1.109000, 5224
1.110000, 5223
1.111000, 5222
1.112000, 5221
1.112000, 5220
1.113000, 5219
1.113000, 5218
1.115000, 5217
1.115000, 5216
1.116000, 5215
1.116000, 5214
1.117000, 5213
1.119000, 5212
1.121000, 5211
1.121000, 5210
1.121000, 5209
1.122000, 5208
1.123000, 5207
1.124000, 5206
1.124000, 5205
1.127000, 5204
1.128000, 5203
1.129000, 5202
1.130000, 5201
1.131000, 5200
1.132000, 5199
1.133000, 5198
1.133000, 5197
1.133000, 5196
1.134000, 5195
1.135000, 5194
1.135000, 5193
1.137000, 5192
1.139000, 5191
1.142000, 5190
1.142000, 5189
1.143000, 5188
1.146000, 5187
1.148000, 5186
1.148000, 5185
1.150000, 5184
1.151000, 5183
1.152000, 5182
1.154000, 5181
1.155000, 5180
1.156000, 5179
1.156000, 5178
1.157000, 5177
1.158000, 5176
1.160000, 5175
1.162000, 5174
1.164000, 5173
1.165000, 5172
1.167000, 5171
1.168000, 5170
1.169000, 5169
1.170000, 5168
1.170000, 5167
1.171000, 5166
1.173000, 5165
1.175000, 5164
1.176000, 5163
1.178000, 5162
1.182000, 5161
1.184000, 5160
1.184000, 5159
1.185000, 5158
1.187000, 5157
1.187000, 5156
1.189000, 5155
1.189000, 5154
1.190000, 5153
1.190000, 5152
1.191000, 5151
1.191000, 5150
1.192000, 5149
1.193000, 5148
1.193000, 5147
1.196000, 5146
1.198000, 5145
1.199000, 5144
1.200000, 5143
1.202000, 5142
1.204000, 5141
1.204000, 5140
1.205000, 5139
1.207000, 5138
1.207000, 5137
1.211000, 5136
1.212000, 5135
1.212000, 5134
1.212000, 5133
1.214000, 5132
1.214000, 5131
1.215000, 5130
1.221000, 5129
1.221000, 5128
1.221000, 5127
1.223000, 5126
1.224000, 5125
1.225000, 5124
1.229000, 5123
1.230000, 5122
1.231000, 5121
1.233000, 5120
1.239000, 5119
1.240000, 5118
1.242000, 5117
1.243000, 5116
1.244000, 5115
1.245000, 5114
1.248000, 5113
1.249000, 5112
1.249000, 5111
1.250000, 5110
1.253000, 5109
1.254000, 5108
1.255000, 5107
1.257000, 5106
1.258000, 5105
1.258000, 5104
1.259000, 5103
1.260000, 5102
1.262000, 5101
1.268000, 5100
1.268000, 5099
1.269000, 5098
1.269000, 5097
1.271000, 5096
1.271000, 5095
1.272000, 5094
1.272000, 5093
1.275000, 5092
1.275000, 5091
1.276000, 5090
1.277000, 5089
1.282000, 5088
1.284000, 5087
1.291000, 5086
1.292000, 5085
1.293000, 5084
1.295000, 5083
1.297000, 5082
1.298000, 5081
1.302000, 5080
1.308000, 5079
1.312000, 5078
1.313000, 5077
1.316000, 5076
1.316000, 5075
1.316000, 5074
1.317000, 5073
1.318000, 5072
1.327000, 5071
1.330000, 5070
1.331000, 5069
1.333000, 5068
1.335000, 5067
1.336000, 5066
1.337000, 5065
1.352000, 5064
1.353000, 5063
1.354000, 5062
1.358000, 5061
1.358000, 5060
1.360000, 5059
1.361000, 5058
1.363000, 5057
1.366000, 5056
1.373000, 5055
1.374000, 5054
1.388000, 5053
1.389000, 5052
1.391000, 5051
1.393000, 5050
1.399000, 5049
1.400000, 5048
1.404000, 5047
1.404000, 5046
1.413000, 5045
1.416000, 5044
1.418000, 5043
1.418000, 5042
1.420000, 5041
1.421000, 5040
1.425000, 5039
1.429000, 5038
1.432000, 5037
1.433000, 5036
1.436000, 5035
1.439000, 5034
1.444000, 5033
1.445000, 5032
1.448000, 5031
1.451000, 5030
1.451000, 5029
1.452000, 5028
1.453000, 5027
1.454000, 5026
1.456000, 5025
1.458000, 5024
1.459000, 5023
1.461000, 5022
1.464000, 5021
1.466000, 5020
1.472000, 5019
1.473000, 5018
1.474000, 5017
1.478000, 5016
1.479000, 5015
1.480000, 5014
1.481000, 5013
1.482000, 5012
1.486000, 5011
1.486000, 5010
1.487000, 5009
1.487000, 5008
1.490000, 5007
1.491000, 5006
1.492000, 5005
1.492000, 5004
1.497000, 5003
1.502000, 5002
1.508000, 5001
1.512000, 5000
1.516000, 4999
1.518000, 4998
1.528000, 4997
1.529000, 4996
1.529000, 4995
1.531000, 4994
1.532000, 4993
1.533000, 4992
1.534000, 4991
1.535000, 4990
1.537000, 4989
1.540000, 4988
1.547000, 4987
1.547000, 4986
1.551000, 4985
1.551000, 4984
1.555000, 4983
1.556000, 4982
1.556000, 4981
1.561000, 4980
1.561000, 4979
1.566000, 4978
1.567000, 4977
1.570000, 4976
1.572000, 4975
1.575000, 4974
1.575000, 4973
1.577000, 4972
1.577000, 4971
1.579000, 4970
1.581000, 4969
1.583000, 4968
1.590000, 4967
1.591000, 4966
1.592000, 4965
1.592000, 4964
1.593000, 4963
1.593000, 4962
1.594000, 4961
1.595000, 4960
1.595000, 4959
1.601000, 4958
1.601000, 4957
1.602000, 4956
1.603000, 4955
1.610000, 4954
1.611000, 4953
1.617000, 4952
1.620000, 4951
1.621000, 4950
1.623000, 4949
1.630000, 4948
1.635000, 4947
1.638000, 4946
1.638000, 4945
1.639000, 4944
1.640000, 4943
1.656000, 4942
1.657000, 4941
1.658000, 4940
1.658000, 4939
1.660000, 4938
1.663000, 4937
1.668000, 4936
1.674000, 4935
1.678000, 4934
1.680000, 4933
1.685000, 4932
1.687000, 4931
1.698000, 4930
1.705000, 4929
1.706000, 4928
1.709000, 4927
1.712000, 4926
1.714000, 4925
1.721000, 4924
1.726000, 4923
1.729000, 4922
1.734000, 4921
1.771000, 4920
1.779000, 4919
1.779000, 4918
1.784000, 4917
1.787000, 4916
1.790000, 4915
1.793000, 4914
1.794000, 4913
1.796000, 4912
1.797000, 4911
1.816000, 4910
1.834000, 4909
1.855000, 4908
1.861000, 4907
1.863000, 4906
1.866000, 4905
1.868000, 4904
1.872000, 4903
1.877000, 4902
1.879000, 4901
1.880000, 4900
1.881000, 4899
1.886000, 4898
1.892000, 4897
1.893000, 4896
1.901000, 4895
1.905000, 4894
1.926000, 4893
1.937000, 4892
1.941000, 4891
1.943000, 4890
1.946000, 4889
1.949000, 4888
1.952000, 4887
1.959000, 4886
1.961000, 4885
1.974000, 4884
1.992000, 4883
1.993000, 4882
1.996000, 4881
2.006000, 4880
2.007000, 4879
2.008000, 4878
2.010000, 4877
2.013000, 4876
2.030000, 4875
2.034000, 4874
2.039000, 4873
2.051000, 4872
2.058000, 4871
2.059000, 4870
2.071000, 4869
2.077000, 4868
2.078000, 4867
2.086000, 4866
2.098000, 4865
2.109000, 4864
2.112000, 4863
2.117000, 4862
2.122000, 4861
2.127000, 4860
2.130000, 4859
2.148000, 4858
2.159000, 4857
2.159000, 4856
2.163000, 4855
2.174000, 4854
2.175000, 4853
2.181000, 4852
2.191000, 4851
2.200000, 4850
2.221000, 4849
2.231000, 4848
2.232000, 4847
2.274000, 4846
2.277000, 4845
2.283000, 4844
2.296000, 4843
2.299000, 4842
2.313000, 4841
2.314000, 4840
2.315000, 4839
2.352000, 4838
2.356000, 4837
2.366000, 4836
2.377000, 4835
2.384000, 4834
2.444000, 4833
2.470000, 4832
2.472000, 4831
2.476000, 4830
2.511000, 4829
2.512000, 4828
2.525000, 4827
2.549000, 4826
2.555000, 4825
2.575000, 4824
2.580000, 4823
2.620000, 4822
2.635000, 4821
2.714000, 4820
2.777000, 4819
2.853000, 4818
2.989000, 4817
3.071000, 4816
3.075000, 4815
3.150000, 4814
3.310000, 4813
3.397000, 4812
3.638000, 4811
4.211000, 4810
4.278000, 4809
