0.010000, 6823
0.080000, 6822
0.081000, 6821
0.081000, 6820
0.081000, 6819
0.082000, 6818
0.083000, 6817
0.084000, 6816
0.084000, 6815
0.085000, 6814
0.087000, 6813
0.088000, 6812
0.089000, 6811
0.089000, 6810
0.090000, 6809
0.090000, 6808
0.090000, 6807
0.092000, 6806
0.094000, 6805
0.095000, 6804
0.095000, 6803
0.095000, 6802
0.096000, 6801
0.096000, 6800
0.097000, 6799
0.097000, 6798
0.097000, 6797
0.098000, 6796
0.099000, 6795
0.099000, 6794
0.100000, 6793
0.101000, 6792
0.102000, 6791
0.103000, 6790
0.103000, 6789
0.104000, 6788
0.105000, 6787
0.105000, 6786
0.106000, 6785
0.106000, 6784
0.107000, 6783
0.107000, 6782
0.108000, 6781
0.109000, 6780
0.109000, 6779
0.110000, 6778
0.111000, 6777
0.111000, 6776
0.112000, 6775
0.114000, 6774
0.114000, 6773
0.114000, 6772
0.114000, 6771
0.115000, 6770
0.116000, 6769
0.117000, 6768
0.117000, 6767
0.118000, 6766
0.119000, 6765
0.119000, 6764
0.120000, 6763
0.121000, 6762
0.121000, 6761
0.121000, 6760
0.123000, 6759
0.124000, 6758
0.124000, 6757
0.125000, 6756
0.126000, 6755
0.127000, 6754
0.127000, 6753
0.127000, 6752
0.128000, 6751
0.129000, 6750
0.129000, 6749
0.130000, 6748
0.130000, 6747
0.130000, 6746
0.132000, 6745
0.133000, 6744
0.133000, 6743
0.134000, 6742
0.134000, 6741
0.135000, 6740
0.135000, 6739
0.136000, 6738
0.137000, 6737
0.137000, 6736
0.137000, 6735
0.138000, 6734
0.140000, 6733
0.141000, 6732
0.142000, 6731
0.143000, 6730
0.144000, 6729
0.144000, 6728
0.145000, 6727
0.146000, 6726
0.147000, 6725
0.148000, 6724
0.148000, 6723
0.148000, 6722
0.149000, 6721
0.149000, 6720
0.150000, 6719
0.151000, 6718
0.151000, 6717
0.151000, 6716
0.152000, 6715
0.153000, 6714
0.154000, 6713
0.155000, 6712
0.155000, 6711
0.156000, 6710
0.157000, 6709
0.157000, 6708
0.157000, 6707
0.159000, 6706
0.159000, 6705
0.160000, 6704
0.160000, 6703
0.162000, 6702
0.162000, 6701
0.163000, 6700
0.163000, 6699
0.163000, 6698
0.164000, 6697
0.164000, 6696
0.166000, 6695
0.167000, 6694
0.167000, 6693
0.168000, 6692
0.169000, 6691
0.170000, 6690
0.170000, 6689
0.171000, 6688
0.171000, 6687
0.171000, 6686
0.172000, 6685
0.172000, 6684
0.173000, 6683
0.173000, 6682
0.174000, 6681
0.174000, 6680
0.175000, 6679
0.175000, 6678
0.176000, 6677
0.176000, 6676
0.177000, 6675
0.177000, 6674
0.178000, 6673
0.178000, 6672
0.180000, 6671
0.181000, 6670
0.182000, 6669
0.182000, 6668
0.183000, 6667
0.184000, 6666
0.185000, 6665
0.185000, 6664
0.186000, 6663
0.187000, 6662
0.187000, 6661
0.188000, 6660
0.190000, 6659
0.191000, 6658
0.191000, 6657
0.192000, 6656
0.192000, 6655
0.193000, 6654
0.193000, 6653
0.193000, 6652
0.196000, 6651
0.197000, 6650
0.197000, 6649
0.197000, 6648
0.198000, 6647
0.199000, 6646
0.200000, 6645
0.200000, 6644
0.200000, 6643
0.201000, 6642
0.201000, 6641
0.202000, 6640
0.203000, 6639
0.204000, 6638
0.205000, 6637
0.205000, 6636
0.207000, 6635
0.208000, 6634
0.209000, 6633
0.210000, 6632
0.210000, 6631
0.211000, 6630
0.212000, 6629
0.212000, 6628
0.213000, 6627
0.214000, 6626
0.215000, 6625
0.217000, 6624
0.217000, 6623
0.217000, 6622
0.218000, 6621
0.218000, 6620
0.218000, 6619
0.219000, 6618
0.219000, 6617
0.219000, 6616
0.219000, 6615
0.221000, 6614
0.222000, 6613
0.222000, 6612
0.223000, 6611
0.225000, 6610
0.225000, 6609
0.225000, 6608
0.227000, 6607
0.228000, 6606
0.228000, 6605
0.228000, 6604
0.229000, 6603
0.229000, 6602
0.230000, 6601
0.232000, 6600
0.232000, 6599
0.234000, 6598
0.235000, 6597
0.236000, 6596
0.237000, 6595
0.237000, 6594
0.238000, 6593
0.239000, 6592
0.239000, 6591
0.240000, 6590
0.240000, 6589
0.241000, 6588
0.242000, 6587
0.246000, 6586
0.247000, 6585
0.247000, 6584
0.249000, 6583
0.250000, 6582
0.251000, 6581
0.252000, 6580
0.252000, 6579
0.253000, 6578
0.254000, 6577
0.257000, 6576
0.257000, 6575
0.258000, 6574
0.258000, 6573
0.260000, 6572
0.261000, 6571
0.261000, 6570
0.262000, 6569
0.262000, 6568
0.263000, 6567
0.265000, 6566
0.265000, 6565
0.266000, 6564
0.266000, 6563
0.266000, 6562
0.267000, 6561
0.267000, 6560
0.276000, 6559
0.277000, 6558
0.277000, 6557
0.277000, 6556
0.278000, 6555
0.278000, 6554
0.278000, 6553
0.278000, 6552
0.278000, 6551
0.279000, 6550
0.279000, 6549
0.279000, 6548
0.280000, 6547
0.280000, 6546
0.281000, 6545
0.281000, 6544
0.281000, 6543
0.282000, 6542
0.282000, 6541
0.282000, 6540
0.282000, 6539
0.282000, 6538
0.283000, 6537
0.283000, 6536
0.283000, 6535
0.283000, 6534
0.284000, 6533
0.284000, 6532
0.285000, 6531
0.286000, 6530
0.287000, 6529
0.288000, 6528
0.288000, 6527
0.288000, 6526
0.289000, 6525
0.289000, 6524
0.289000, 6523
0.290000, 6522
0.290000, 6521
0.291000, 6520
0.291000, 6519
0.292000, 6518
0.293000, 6517
0.293000, 6516
0.294000, 6515
0.294000, 6514
0.294000, 6513
0.295000, 6512
0.296000, 6511
0.296000, 6510
0.297000, 6509
0.297000, 6508
0.297000, 6507
0.297000, 6506
0.298000, 6505
0.298000, 6504
0.299000, 6503
0.299000, 6502
0.300000, 6501
0.300000, 6500
0.300000, 6499
0.300000, 6498
0.300000, 6497
0.301000, 6496
0.301000, 6495
0.301000, 6494
0.301000, 6493
0.302000, 6492
0.302000, 6491
0.302000, 6490
0.303000, 6489
0.303000, 6488
0.303000, 6487
0.303000, 6486
0.304000, 6485
0.304000, 6484
0.304000, 6483
0.305000, 6482
0.305000, 6481
0.305000, 6480
0.306000, 6479
0.306000, 6478
0.306000, 6477
0.307000, 6476
0.308000, 6475
0.308000, 6474
0.308000, 6473
0.308000, 6472
0.309000, 6471
0.309000, 6470
0.309000, 6469
0.310000, 6468
0.310000, 6467
0.311000, 6466
0.311000, 6465
0.311000, 6464
0.312000, 6463
0.312000, 6462
0.312000, 6461
0.312000, 6460
0.313000, 6459
0.313000, 6458
0.313000, 6457
0.314000, 6456
0.314000, 6455
0.315000, 6454
0.315000, 6453
0.315000, 6452
0.316000, 6451
0.316000, 6450
0.317000, 6449
0.317000, 6448
0.317000, 6447
0.318000, 6446
0.318000, 6445
0.319000, 6444
0.319000, 6443
0.320000, 6442
0.320000, 6441
0.320000, 6440
0.321000, 6439
0.322000, 6438
0.322000, 6437
0.323000, 6436
0.323000, 6435
0.324000, 6434
0.324000, 6433
0.324000, 6432
0.325000, 6431
0.325000, 6430
0.326000, 6429
0.326000, 6428
0.326000, 6427
0.327000, 6426
0.327000, 6425
0.328000, 6424
0.328000, 6423
0.328000, 6422
0.329000, 6421
0.329000, 6420
0.329000, 6419
0.329000, 6418
0.330000, 6417
0.330000, 6416
0.332000, 6415
0.332000, 6414
0.332000, 6413
0.334000, 6412
0.334000, 6411
0.334000, 6410
0.334000, 6409
0.335000, 6408
0.335000, 6407
0.335000, 6406
0.335000, 6405
0.335000, 6404
0.336000, 6403
0.336000, 6402
0.338000, 6401
0.338000, 6400
0.339000, 6399
0.340000, 6398
0.341000, 6397
0.341000, 6396
0.341000, 6395
0.342000, 6394
0.342000, 6393
0.343000, 6392
0.343000, 6391
0.343000, 6390
0.344000, 6389
0.344000, 6388
0.345000, 6387
0.345000, 6386
0.345000, 6385
0.346000, 6384
0.346000, 6383
0.346000, 6382
0.346000, 6381
0.346000, 6380
0.346000, 6379
0.348000, 6378
0.348000, 6377
0.348000, 6376
0.349000, 6375
0.349000, 6374
0.350000, 6373
0.350000, 6372
0.350000, 6371
0.351000, 6370
0.351000, 6369
0.352000, 6368
0.353000, 6367
0.353000, 6366
0.354000, 6365
0.354000, 6364
0.354000, 6363
0.354000, 6362
0.354000, 6361
0.355000, 6360
0.355000, 6359
0.357000, 6358
0.357000, 6357
0.357000, 6356
0.358000, 6355
0.358000, 6354
0.358000, 6353
0.359000, 6352
0.359000, 6351
0.359000, 6350
0.359000, 6349
0.360000, 6348
0.360000, 6347
0.361000, 6346
0.361000, 6345
0.361000, 6344
0.362000, 6343
0.362000, 6342
0.362000, 6341
0.363000, 6340
0.363000, 6339
0.363000, 6338
0.363000, 6337
0.364000, 6336
0.364000, 6335
0.364000, 6334
0.365000, 6333
0.366000, 6332
0.366000, 6331
0.366000, 6330
0.367000, 6329
0.367000, 6328
0.367000, 6327
0.368000, 6326
0.369000, 6325
0.369000, 6324
0.370000, 6323
0.370000, 6322
0.371000, 6321
0.371000, 6320
0.372000, 6319
0.372000, 6318
0.373000, 6317
0.373000, 6316
0.374000, 6315
0.374000, 6314
0.374000, 6313
0.374000, 6312
0.375000, 6311
0.375000, 6310
0.376000, 6309
0.376000, 6308
0.377000, 6307
0.377000, 6306
0.377000, 6305
0.378000, 6304
0.378000, 6303
0.379000, 6302
0.379000, 6301
0.379000, 6300
0.380000, 6299
0.380000, 6298
0.380000, 6297
0.381000, 6296
0.381000, 6295
0.381000, 6294
0.382000, 6293
0.382000, 6292
0.383000, 6291
0.383000, 6290
0.383000, 6289
0.384000, 6288
0.384000, 6287
0.384000, 6286
0.385000, 6285
0.385000, 6284
0.386000, 6283
0.386000, 6282
0.387000, 6281
0.387000, 6280
0.387000, 6279
0.388000, 6278
0.388000, 6277
0.388000, 6276
0.389000, 6275
0.390000, 6274
0.390000, 6273
0.390000, 6272
0.391000, 6271
0.391000, 6270
0.391000, 6269
0.392000, 6268
0.392000, 6267
0.393000, 6266
0.393000, 6265
0.393000, 6264
0.394000, 6263
0.395000, 6262
0.395000, 6261
0.395000, 6260
0.396000, 6259
0.396000, 6258
0.396000, 6257
0.396000, 6256
0.397000, 6255
0.397000, 6254
0.397000, 6253
0.398000, 6252
0.399000, 6251
0.399000, 6250
0.400000, 6249
0.400000, 6248
0.400000, 6247
0.401000, 6246
0.401000, 6245
0.401000, 6244
0.402000, 6243
0.403000, 6242
0.403000, 6241
0.403000, 6240
0.403000, 6239
0.403000, 6238
0.404000, 6237
0.405000, 6236
0.406000, 6235
0.406000, 6234
0.406000, 6233
0.407000, 6232
0.407000, 6231
0.408000, 6230
0.408000, 6229
0.409000, 6228
0.409000, 6227
0.410000, 6226
0.411000, 6225
0.411000, 6224
0.412000, 6223
0.412000, 6222
0.413000, 6221
0.414000, 6220
0.415000, 6219
0.415000, 6218
0.416000, 6217
0.416000, 6216
0.416000, 6215
0.416000, 6214
0.418000, 6213
0.418000, 6212
0.419000, 6211
0.419000, 6210
0.419000, 6209
0.419000, 6208
0.420000, 6207
0.420000, 6206
0.421000, 6205
0.421000, 6204
0.421000, 6203
0.422000, 6202
0.422000, 6201
0.423000, 6200
0.424000, 6199
0.425000, 6198
0.425000, 6197
0.425000, 6196
0.425000, 6195
0.425000, 6194
0.426000, 6193
0.426000, 6192
0.426000, 6191
0.427000, 6190
0.427000, 6189
0.427000, 6188
0.428000, 6187
0.428000, 6186
0.429000, 6185
0.429000, 6184
0.430000, 6183
0.431000, 6182
0.431000, 6181
0.432000, 6180
0.432000, 6179
0.432000, 6178
0.433000, 6177
0.433000, 6176
0.434000, 6175
0.434000, 6174
0.434000, 6173
0.435000, 6172
0.436000, 6171
0.437000, 6170
0.437000, 6169
0.438000, 6168
0.439000, 6167
0.439000, 6166
0.440000, 6165
0.440000, 6164
0.441000, 6163
0.441000, 6162
0.441000, 6161
0.442000, 6160
0.443000, 6159
0.443000, 6158
0.444000, 6157
0.444000, 6156
0.444000, 6155
0.445000, 6154
0.445000, 6153
0.446000, 6152
0.447000, 6151
0.448000, 6150
0.448000, 6149
0.449000, 6148
0.449000, 6147
0.450000, 6146
0.450000, 6145
0.450000, 6144
0.452000, 6143
0.452000, 6142
0.453000, 6141
0.453000, 6140
0.453000, 6139
0.454000, 6138
0.454000, 6137
0.454000, 6136
0.454000, 6135
0.454000, 6134
0.455000, 6133
0.455000, 6132
0.455000, 6131
0.457000, 6130
0.457000, 6129
0.459000, 6128
0.459000, 6127
0.460000, 6126
0.460000, 6125
0.461000, 6124
0.462000, 6123
0.464000, 6122
0.465000, 6121
0.465000, 6120
0.465000, 6119
0.465000, 6118
0.467000, 6117
0.467000, 6116
0.467000, 6115
0.467000, 6114
0.468000, 6113
0.468000, 6112
0.468000, 6111
0.469000, 6110
0.469000, 6109
0.470000, 6108
0.470000, 6107
0.470000, 6106
0.471000, 6105
0.471000, 6104
0.472000, 6103
0.479000, 6102
0.479000, 6101
0.479000, 6100
0.480000, 6099
0.481000, 6098
0.481000, 6097
0.482000, 6096
0.483000, 6095
0.483000, 6094
0.483000, 6093
0.484000, 6092
0.484000, 6091
0.485000, 6090
0.485000, 6089
0.485000, 6088
0.486000, 6087
0.486000, 6086
0.487000, 6085
0.487000, 6084
0.488000, 6083
0.488000, 6082
0.488000, 6081
0.489000, 6080
0.489000, 6079
0.489000, 6078
0.490000, 6077
0.492000, 6076
0.492000, 6075
0.492000, 6074
0.493000, 6073
0.493000, 6072
0.494000, 6071
0.494000, 6070
0.494000, 6069
0.494000, 6068
0.495000, 6067
0.495000, 6066
0.495000, 6065
0.496000, 6064
0.496000, 6063
0.496000, 6062
0.497000, 6061
0.497000, 6060
0.497000, 6059
0.498000, 6058
0.498000, 6057
0.499000, 6056
0.499000, 6055
0.499000, 6054
0.499000, 6053
0.500000, 6052
0.500000, 6051
0.501000, 6050
0.501000, 6049
0.501000, 6048
0.502000, 6047
0.502000, 6046
0.502000, 6045
0.503000, 6044
0.503000, 6043
0.504000, 6042
0.504000, 6041
0.504000, 6040
0.505000, 6039
0.505000, 6038
0.507000, 6037
0.507000, 6036
0.507000, 6035
0.508000, 6034
0.510000, 6033
0.510000, 6032
0.510000, 6031
0.511000, 6030
0.512000, 6029
0.512000, 6028
0.512000, 6027
0.513000, 6026
0.515000, 6025
0.515000, 6024
0.518000, 6023
0.518000, 6022
0.519000, 6021
0.519000, 6020
0.519000, 6019
0.520000, 6018
0.521000, 6017
0.522000, 6016
0.522000, 6015
0.522000, 6014
0.523000, 6013
0.524000, 6012
0.524000, 6011
0.525000, 6010
0.525000, 6009
0.526000, 6008
0.526000, 6007
0.527000, 6006
0.527000, 6005
0.527000, 6004
0.528000, 6003
0.528000, 6002
0.528000, 6001
0.530000, 6000
0.530000, 5999
0.530000, 5998
0.531000, 5997
0.531000, 5996
0.531000, 5995
0.532000, 5994
0.532000, 5993
0.532000, 5992
0.533000, 5991
0.533000, 5990
0.533000, 5989
0.533000, 5988
0.534000, 5987
0.535000, 5986
0.535000, 5985
0.536000, 5984
0.537000, 5983
0.537000, 5982
0.538000, 5981
0.538000, 5980
0.538000, 5979
0.538000, 5978
0.539000, 5977
0.539000, 5976
0.539000, 5975
0.540000, 5974
0.541000, 5973
0.541000, 5972
0.541000, 5971
0.542000, 5970
0.542000, 5969
0.542000, 5968
0.543000, 5967
0.544000, 5966
0.544000, 5965
0.545000, 5964
0.545000, 5963
0.546000, 5962
0.546000, 5961
0.547000, 5960
0.547000, 5959
0.548000, 5958
0.550000, 5957
0.551000, 5956
0.552000, 5955
0.553000, 5954
0.553000, 5953
0.554000, 5952
0.554000, 5951
0.555000, 5950
0.555000, 5949
0.556000, 5948
0.556000, 5947
0.556000, 5946
0.557000, 5945
0.559000, 5944
0.559000, 5943
0.560000, 5942
0.560000, 5941
0.560000, 5940
0.561000, 5939
0.561000, 5938
0.562000, 5937
0.563000, 5936
0.564000, 5935
0.566000, 5934
0.566000, 5933
0.569000, 5932
0.569000, 5931
0.570000, 5930
0.570000, 5929
0.570000, 5928
0.570000, 5927
0.571000, 5926
0.571000, 5925
0.572000, 5924
0.572000, 5923
0.572000, 5922
0.572000, 5921
0.574000, 5920
0.574000, 5919
0.575000, 5918
0.575000, 5917
0.575000, 5916
0.576000, 5915
0.576000, 5914
0.577000, 5913
0.577000, 5912
0.577000, 5911
0.579000, 5910
0.579000, 5909
0.580000, 5908
0.582000, 5907
0.582000, 5906
0.582000, 5905
0.582000, 5904
0.583000, 5903
0.583000, 5902
0.584000, 5901
0.584000, 5900
0.586000, 5899
0.586000, 5898
0.586000, 5897
0.588000, 5896
0.588000, 5895
0.588000, 5894
0.588000, 5893
0.590000, 5892
0.590000, 5891
0.592000, 5890
0.593000, 5889
0.593000, 5888
0.595000, 5887
0.595000, 5886
0.595000, 5885
0.596000, 5884
0.596000, 5883
0.596000, 5882
0.596000, 5881
0.597000, 5880
0.599000, 5879
0.599000, 5878
0.600000, 5877
0.601000, 5876
0.603000, 5875
0.603000, 5874
0.603000, 5873
0.604000, 5872
0.604000, 5871
0.605000, 5870
0.606000, 5869
0.606000, 5868
0.606000, 5867
0.606000, 5866
0.608000, 5865
0.608000, 5864
0.608000, 5863
0.608000, 5862
0.610000, 5861
0.610000, 5860
0.610000, 5859
0.611000, 5858
0.611000, 5857
0.611000, 5856
0.612000, 5855
0.612000, 5854
0.612000, 5853
0.612000, 5852
0.613000, 5851
0.614000, 5850
0.614000, 5849
0.615000, 5848
0.615000, 5847
0.616000, 5846
0.617000, 5845
0.618000, 5844
0.618000, 5843
0.618000, 5842
0.620000, 5841
0.620000, 5840
0.620000, 5839
0.621000, 5838
0.621000, 5837
0.622000, 5836
0.622000, 5835
0.623000, 5834
0.623000, 5833
0.624000, 5832
0.625000, 5831
0.625000, 5830
0.626000, 5829
0.626000, 5828
0.628000, 5827
0.628000, 5826
0.630000, 5825
0.632000, 5824
0.633000, 5823
0.634000, 5822
0.634000, 5821
0.635000, 5820
0.637000, 5819
0.637000, 5818
0.637000, 5817
0.638000, 5816
0.638000, 5815
0.639000, 5814
0.639000, 5813
0.640000, 5812
0.641000, 5811
0.642000, 5810
0.642000, 5809
0.642000, 5808
0.642000, 5807
0.644000, 5806
0.652000, 5805
0.653000, 5804
0.653000, 5803
0.654000, 5802
0.655000, 5801
0.656000, 5800
0.657000, 5799
0.657000, 5798
0.658000, 5797
0.659000, 5796
0.659000, 5795
0.660000, 5794
0.660000, 5793
0.660000, 5792
0.661000, 5791
0.663000, 5790
0.664000, 5789
0.664000, 5788
0.665000, 5787
0.665000, 5786
0.666000, 5785
0.667000, 5784
0.668000, 5783
0.668000, 5782
0.668000, 5781
0.670000, 5780
0.670000, 5779
0.671000, 5778
0.671000, 5777
0.672000, 5776
0.672000, 5775
0.672000, 5774
0.673000, 5773
0.675000, 5772
0.675000, 5771
0.676000, 5770
0.676000, 5769
0.676000, 5768
0.677000, 5767
0.679000, 5766
0.679000, 5765
0.680000, 5764
0.680000, 5763
0.680000, 5762
0.681000, 5761
0.682000, 5760
0.682000, 5759
0.683000, 5758
0.684000, 5757
0.684000, 5756
0.685000, 5755
0.686000, 5754
0.686000, 5753
0.687000, 5752
0.687000, 5751
0.688000, 5750
0.689000, 5749
0.689000, 5748
0.689000, 5747
0.690000, 5746
0.690000, 5745
0.691000, 5744
0.691000, 5743
0.691000, 5742
0.692000, 5741
0.692000, 5740
0.693000, 5739
0.694000, 5738
0.694000, 5737
0.695000, 5736
0.695000, 5735
0.697000, 5734
0.697000, 5733
0.697000, 5732
0.697000, 5731
0.698000, 5730
0.700000, 5729
0.700000, 5728
0.700000, 5727
0.702000, 5726
0.702000, 5725
0.703000, 5724
0.703000, 5723
0.704000, 5722
0.704000, 5721
0.705000, 5720
0.705000, 5719
0.706000, 5718
0.708000, 5717
0.708000, 5716
0.709000, 5715
0.709000, 5714
0.709000, 5713
0.710000, 5712
0.710000, 5711
0.711000, 5710
0.711000, 5709
0.711000, 5708
0.712000, 5707
0.713000, 5706
0.713000, 5705
0.714000, 5704
0.715000, 5703
0.716000, 5702
0.717000, 5701
0.718000, 5700
0.718000, 5699
0.718000, 5698
0.719000, 5697
0.719000, 5696
0.719000, 5695
0.720000, 5694
0.720000, 5693
0.721000, 5692
0.721000, 5691
0.721000, 5690
0.722000, 5689
0.723000, 5688
0.723000, 5687
0.723000, 5686
0.723000, 5685
0.724000, 5684
0.725000, 5683
0.725000, 5682
0.726000, 5681
0.726000, 5680
0.727000, 5679
0.727000, 5678
0.728000, 5677
0.729000, 5676
0.730000, 5675
0.730000, 5674
0.731000, 5673
0.732000, 5672
0.732000, 5671
0.732000, 5670
0.733000, 5669
0.733000, 5668
0.734000, 5667
0.735000, 5666
0.735000, 5665
0.737000, 5664
0.738000, 5663
0.738000, 5662
0.738000, 5661
0.739000, 5660
0.740000, 5659
0.740000, 5658
0.741000, 5657
0.744000, 5656
0.745000, 5655
0.745000, 5654
0.746000, 5653
0.746000, 5652
0.747000, 5651
0.747000, 5650
0.748000, 5649
0.748000, 5648
0.749000, 5647
0.750000, 5646
0.752000, 5645
0.752000, 5644
0.752000, 5643
0.753000, 5642
0.753000, 5641
0.753000, 5640
0.754000, 5639
0.755000, 5638
0.755000, 5637
0.755000, 5636
0.757000, 5635
0.758000, 5634
0.758000, 5633
0.763000, 5632
0.764000, 5631
0.764000, 5630
0.765000, 5629
0.766000, 5628
0.768000, 5627
0.768000, 5626
0.770000, 5625
0.770000, 5624
0.770000, 5623
0.771000, 5622
0.771000, 5621
0.772000, 5620
0.772000, 5619
0.773000, 5618
0.773000, 5617
0.773000, 5616
0.774000, 5615
0.774000, 5614
0.775000, 5613
0.776000, 5612
0.776000, 5611
0.776000, 5610
0.776000, 5609
0.777000, 5608
0.777000, 5607
0.778000, 5606
0.780000, 5605
0.780000, 5604
0.780000, 5603
0.780000, 5602
0.780000, 5601
0.781000, 5600
0.781000, 5599
0.781000, 5598
0.781000, 5597
0.782000, 5596
0.783000, 5595
0.784000, 5594
0.784000, 5593
0.786000, 5592
0.786000, 5591
0.786000, 5590
0.787000, 5589
0.788000, 5588
0.788000, 5587
0.789000, 5586
0.789000, 5585
0.790000, 5584
0.790000, 5583
0.791000, 5582
0.792000, 5581
0.792000, 5580
0.795000, 5579
0.795000, 5578
0.795000, 5577
0.797000, 5576
0.798000, 5575
0.798000, 5574
0.800000, 5573
0.800000, 5572
0.801000, 5571
0.809000, 5570
0.809000, 5569
0.809000, 5568
0.810000, 5567
0.811000, 5566
0.811000, 5565
0.812000, 5564
0.812000, 5563
0.812000, 5562
0.813000, 5561
0.814000, 5560
0.814000, 5559
0.815000, 5558
0.816000, 5557
0.817000, 5556
0.817000, 5555
0.818000, 5554
0.818000, 5553
0.819000, 5552
0.822000, 5551
0.822000, 5550
0.823000, 5549
0.824000, 5548
0.824000, 5547
0.824000, 5546
0.826000, 5545
0.827000, 5544
0.828000, 5543
0.828000, 5542
0.830000, 5541
0.831000, 5540
0.832000, 5539
0.833000, 5538
0.833000, 5537
0.833000, 5536
0.834000, 5535
0.836000, 5534
0.837000, 5533
0.838000, 5532
0.839000, 5531
0.839000, 5530
0.840000, 5529
0.840000, 5528
0.841000, 5527
0.841000, 5526
0.843000, 5525
0.844000, 5524
0.844000, 5523
0.845000, 5522
0.846000, 5521
0.847000, 5520
0.847000, 5519
0.848000, 5518
0.848000, 5517
0.849000, 5516
0.849000, 5515
0.850000, 5514
0.851000, 5513
0.852000, 5512
0.853000, 5511
0.856000, 5510
0.858000, 5509
0.861000, 5508
0.863000, 5507
0.864000, 5506
0.864000, 5505
0.864000, 5504
0.865000, 5503
0.865000, 5502
0.867000, 5501
0.870000, 5500
0.871000, 5499
0.871000, 5498
0.871000, 5497
0.872000, 5496
0.872000, 5495
0.873000, 5494
0.873000, 5493
0.874000, 5492
0.874000, 5491
0.874000, 5490
0.875000, 5489
0.875000, 5488
0.876000, 5487
0.876000, 5486
0.876000, 5485
0.880000, 5484
0.882000, 5483
0.883000, 5482
0.883000, 5481
0.884000, 5480
0.886000, 5479
0.886000, 5478
0.887000, 5477
0.889000, 5476
0.890000, 5475
0.891000, 5474
0.892000, 5473
0.892000, 5472
0.893000, 5471
0.894000, 5470
0.896000, 5469
0.898000, 5468
0.898000, 5467
0.898000, 5466
0.898000, 5465
0.899000, 5464
0.900000, 5463
0.900000, 5462
0.900000, 5461
0.901000, 5460
0.901000, 5459
0.901000, 5458
0.902000, 5457
0.903000, 5456
0.904000, 5455
0.906000, 5454
0.908000, 5453
0.908000, 5452
0.908000, 5451
0.908000, 5450
0.909000, 5449
0.910000, 5448
0.910000, 5447
0.911000, 5446
0.912000, 5445
0.912000, 5444
0.914000, 5443
0.914000, 5442
0.915000, 5441
0.918000, 5440
0.919000, 5439
0.921000, 5438
0.922000, 5437
0.923000, 5436
0.925000, 5435
0.925000, 5434
0.927000, 5433
0.927000, 5432
0.927000, 5431
0.928000, 5430
0.929000, 5429
0.930000, 5428
0.931000, 5427
0.931000, 5426
0.932000, 5425
0.932000, 5424
0.932000, 5423
0.933000, 5422
0.933000, 5421
0.935000, 5420
0.937000, 5419
0.937000, 5418
0.937000, 5417
0.938000, 5416
0.939000, 5415
0.940000, 5414
0.941000, 5413
0.941000, 5412
0.941000, 5411
0.942000, 5410
0.942000, 5409
0.946000, 5408
0.948000, 5407
0.949000, 5406
0.950000, 5405
0.950000, 5404
0.951000, 5403
0.951000, 5402
0.952000, 5401
0.953000, 5400
0.954000, 5399
0.954000, 5398
0.955000, 5397
0.956000, 5396
0.956000, 5395
0.958000, 5394
0.958000, 5393
0.959000, 5392
0.959000, 5391
0.962000, 5390
0.962000, 5389
0.962000, 5388
0.962000, 5387
0.963000, 5386
0.964000, 5385
0.965000, 5384
0.966000, 5383
0.966000, 5382
0.966000, 5381
0.967000, 5380
0.967000, 5379
0.967000, 5378
0.968000, 5377
0.969000, 5376
0.971000, 5375
0.972000, 5374
0.972000, 5373
0.973000, 5372
0.973000, 5371
0.974000, 5370
0.976000, 5369
0.976000, 5368
0.978000, 5367
0.979000, 5366
0.981000, 5365
0.981000, 5364
0.982000, 5363
0.982000, 5362
0.982000, 5361
0.983000, 5360
0.985000, 5359
0.985000, 5358
0.986000, 5357
0.986000, 5356
0.988000, 5355
0.988000, 5354
0.991000, 5353
0.995000, 5352
0.996000, 5351
0.997000, 5350
0.999000, 5349
1.001000, 5348
1.004000, 5347
1.005000, 5346
1.005000, 5345
1.006000, 5344
1.007000, 5343
1.012000, 5342
1.012000, 5341
1.013000, 5340
1.014000, 5339
1.014000, 5338
1.015000, 5337
1.015000, 5336
1.015000, 5335
1.017000, 5334
1.018000, 5333
1.018000, 5332
1.019000, 5331
1.020000, 5330
1.021000, 5329
1.022000, 5328
1.022000, 5327
1.025000, 5326
1.027000, 5325
1.029000, 5324
1.030000, 5323
1.030000, 5322
1.032000, 5321
1.033000, 5320
1.033000, 5319
1.034000, 5318
1.034000, 5317
1.034000, 5316
1.036000, 5315
1.037000, 5314
1.037000, 5313
1.041000, 5312
1.042000, 5311
1.043000, 5310
1.045000, 5309
1.046000, 5308
1.047000, 5307
1.047000, 5306
1.048000, 5305
1.048000, 5304
1.049000, 5303
1.049000, 5302
1.050000, 5301
1.052000, 5300
1.052000, 5299
1.054000, 5298
1.058000, 5297
1.058000, 5296
1.058000, 5295
1.059000, 5294
1.059000, 5293
1.059000, 5292
1.061000, 5291
1.063000, 5290
1.063000, 5289
1.064000, 5288
1.067000, 5287
1.068000, 5286
1.071000, 5285
1.071000, 5284
1.072000, 5283
1.073000, 5282
1.073000, 5281
1.074000, 5280
1.075000, 5279
1.077000, 5278
1.077000, 5277
1.079000, 5276
1.081000, 5275
1.082000, 5274
1.083000, 5273
1.085000, 5272
1.087000, 5271
1.088000, 5270
1.089000, 5269
1.092000, 5268
1.094000, 5267
1.097000, 5266
1.097000, 5265
1.100000, 5264
1.101000, 5263
1.109000, 5262
1.109000, 5261
1.110000, 5260
1.113000, 5259
1.115000, 5258
1.116000, 5257
1.117000, 5256
1.119000, 5255
1.119000, 5254
1.121000, 5253
1.121000, 5252
1.122000, 5251
1.123000, 5250
1.123000, 5249
1.125000, 5248
1.125000, 5247
1.126000, 5246
1.128000, 5245
1.129000, 5244
1.130000, 5243
1.131000, 5242
1.132000, 5241
1.134000, 5240
1.135000, 5239
1.137000, 5238
1.137000, 5237
1.137000, 5236
1.140000, 5235
1.140000, 5234
1.142000, 5233
1.143000, 5232
1.145000, 5231
1.147000, 5230
1.149000, 5229
1.150000, 5228
1.150000, 5227
1.150000, 5226
1.150000, 5225
1.151000, 5224
1.154000, 5223
1.156000, 5222
1.156000, 5221
1.157000, 5220
1.158000, 5219
1.158000, 5218
1.160000, 5217
1.160000, 5216
1.165000, 5215
1.166000, 5214
1.168000, 5213
1.169000, 5212
1.169000, 5211
1.170000, 5210
1.171000, 5209
1.175000, 5208
1.176000, 5207
1.177000, 5206
1.180000, 5205
1.181000, 5204
1.181000, 5203
1.182000, 5202
1.183000, 5201
1.183000, 5200
1.185000, 5199
1.186000, 5198
1.191000, 5197
1.191000, 5196
1.192000, 5195
1.192000, 5194
1.193000, 5193
1.195000, 5192
1.201000, 5191
1.201000, 5190
1.202000, 5189
1.204000, 5188
1.205000, 5187
1.205000, 5186
1.207000, 5185
1.214000, 5184
1.216000, 5183
1.217000, 5182
1.219000, 5181
1.219000, 5180
1.220000, 5179
1.224000, 5178
1.224000, 5177
1.225000, 5176
1.228000, 5175
1.229000, 5174
1.229000, 5173
1.231000, 5172
1.231000, 5171
1.236000, 5170
1.236000, 5169
1.237000, 5168
1.238000, 5167
1.239000, 5166
1.241000, 5165
1.244000, 5164
1.245000, 5163
1.245000, 5162
1.245000, 5161
1.250000, 5160
1.251000, 5159
1.252000, 5158
1.253000, 5157
1.257000, 5156
1.258000, 5155
1.259000, 5154
1.261000, 5153
1.262000, 5152
1.263000, 5151
1.264000, 5150
1.265000, 5149
1.266000, 5148
1.267000, 5147
1.267000, 5146
1.269000, 5145
1.270000, 5144
1.271000, 5143
1.272000, 5142
1.272000, 5141
1.273000, 5140
1.274000, 5139
1.275000, 5138
1.276000, 5137
1.279000, 5136
1.279000, 5135
1.282000, 5134
1.283000, 5133
1.285000, 5132
1.286000, 5131
1.288000, 5130
1.288000, 5129
1.289000, 5128
1.293000, 5127
1.294000, 5126
1.296000, 5125
1.296000, 5124
1.297000, 5123
1.299000, 5122
1.302000, 5121
1.304000, 5120
1.305000, 5119
1.307000, 5118
1.309000, 5117
1.309000, 5116
1.309000, 5115
1.309000, 5114
1.310000, 5113
1.313000, 5112
1.313000, 5111
1.315000, 5110
1.316000, 5109
1.319000, 5108
1.319000, 5107
1.321000, 5106
1.321000, 5105
1.321000, 5104
1.322000, 5103
1.323000, 5102
1.325000, 5101
1.326000, 5100
1.326000, 5099
1.326000, 5098
1.327000, 5097
1.328000, 5096
1.329000, 5095
1.331000, 5094
1.331000, 5093
1.332000, 5092
1.333000, 5091
1.334000, 5090
1.335000, 5089
1.336000, 5088
1.338000, 5087
1.338000, 5086
1.342000, 5085
1.343000, 5084
1.344000, 5083
1.344000, 5082
1.348000, 5081
1.349000, 5080
1.350000, 5079
1.351000, 5078
1.355000, 5077
1.367000, 5076
1.369000, 5075
1.374000, 5074
1.376000, 5073
1.376000, 5072
1.377000, 5071
1.383000, 5070
1.385000, 5069
1.391000, 5068
1.392000, 5067
1.393000, 5066
1.394000, 5065
1.396000, 5064
1.396000, 5063
1.399000, 5062
1.400000, 5061
1.400000, 5060
1.401000, 5059
1.402000, 5058
1.403000, 5057
1.404000, 5056
1.405000, 5055
1.407000, 5054
1.408000, 5053
1.409000, 5052
1.410000, 5051
1.411000, 5050
1.413000, 5049
1.415000, 5048
1.415000, 5047
1.416000, 5046
1.418000, 5045
1.418000, 5044
1.418000, 5043
1.419000, 5042
1.420000, 5041
1.420000, 5040
1.420000, 5039
1.421000, 5038
1.424000, 5037
1.425000, 5036
1.427000, 5035
1.427000, 5034
1.429000, 5033
1.430000, 5032
1.430000, 5031
1.435000, 5030
1.441000, 5029
1.447000, 5028
1.449000, 5027
1.453000, 5026
1.459000, 5025
1.459000, 5024
1.464000, 5023
1.465000, 5022
1.465000, 5021
1.466000, 5020
1.467000, 5019
1.469000, 5018
1.470000, 5017
1.471000, 5016
1.472000, 5015
1.475000, 5014
1.477000, 5013
1.478000, 5012
1.479000, 5011
1.479000, 5010
1.487000, 5009
1.488000, 5008
1.492000, 5007
1.492000, 5006
1.493000, 5005
1.496000, 5004
1.497000, 5003
1.501000, 5002
1.503000, 5001
1.505000, 5000
1.508000, 4999
1.510000, 4998
1.511000, 4997
1.516000, 4996
1.519000, 4995
1.519000, 4994
1.522000, 4993
1.524000, 4992
1.528000, 4991
1.528000, 4990
1.529000, 4989
1.531000, 4988
1.534000, 4987
1.534000, 4986
1.535000, 4985
1.536000, 4984
1.541000, 4983
1.543000, 4982
1.544000, 4981
1.548000, 4980
1.549000, 4979
1.549000, 4978
1.550000, 4977
1.553000, 4976
1.553000, 4975
1.556000, 4974
1.561000, 4973
1.567000, 4972
1.569000, 4971
1.572000, 4970
1.573000, 4969
1.579000, 4968
1.579000, 4967
1.580000, 4966
1.588000, 4965
1.589000, 4964
1.592000, 4963
1.592000, 4962
1.596000, 4961
1.596000, 4960
1.599000, 4959
1.604000, 4958
1.608000, 4957
1.610000, 4956
1.610000, 4955
1.617000, 4954
1.617000, 4953
1.620000, 4952
1.629000, 4951
1.635000, 4950
1.635000, 4949
1.639000, 4948
1.641000, 4947
1.643000, 4946
1.649000, 4945
1.650000, 4944
1.652000, 4943
1.657000, 4942
1.677000, 4941
1.680000, 4940
1.682000, 4939
1.687000, 4938
1.689000, 4937
1.696000, 4936
1.697000, 4935
1.699000, 4934
1.702000, 4933
1.712000, 4932
1.714000, 4931
1.719000, 4930
1.722000, 4929
1.726000, 4928
1.726000, 4927
1.732000, 4926
1.734000, 4925
1.739000, 4924
1.747000, 4923
1.755000, 4922
1.759000, 4921
1.759000, 4920
1.760000, 4919
1.762000, 4918
1.767000, 4917
1.778000, 4916
1.781000, 4915
1.784000, 4914
1.784000, 4913
1.798000, 4912
1.801000, 4911
1.804000, 4910
1.805000, 4909
1.810000, 4908
1.820000, 4907
1.829000, 4906
1.849000, 4905
1.849000, 4904
1.850000, 4903
1.851000, 4902
1.854000, 4901
1.855000, 4900
1.855000, 4899
1.860000, 4898
1.865000, 4897
1.866000, 4896
1.868000, 4895
1.882000, 4894
1.882000, 4893
1.888000, 4892
1.900000, 4891
1.903000, 4890
1.907000, 4889
1.913000, 4888
1.914000, 4887
1.916000, 4886
1.916000, 4885
1.917000, 4884
1.936000, 4883
1.939000, 4882
1.944000, 4881
1.951000, 4880
1.956000, 4879
1.968000, 4878
1.977000, 4877
1.987000, 4876
1.993000, 4875
1.999000, 4874
2.025000, 4873
2.028000, 4872
2.029000, 4871
2.033000, 4870
2.037000, 4869
2.049000, 4868
2.056000, 4867
2.064000, 4866
2.069000, 4865
2.073000, 4864
2.075000, 4863
2.079000, 4862
2.085000, 4861
2.088000, 4860
2.099000, 4859
2.102000, 4858
2.113000, 4857
2.115000, 4856
2.116000, 4855
2.133000, 4854
2.150000, 4853
2.155000, 4852
2.181000, 4851
2.186000, 4850
2.189000, 4849
2.208000, 4848
2.215000, 4847
2.225000, 4846
2.232000, 4845
2.234000, 4844
2.263000, 4843
2.268000, 4842
2.280000, 4841
2.290000, 4840
2.300000, 4839
2.310000, 4838
2.324000, 4837
2.328000, 4836
2.361000, 4835
2.388000, 4834
2.403000, 4833
2.405000, 4832
2.415000, 4831
2.443000, 4830
2.456000, 4829
2.459000, 4828
2.466000, 4827
2.470000, 4826
2.491000, 4825
2.496000, 4824
2.509000, 4823
2.511000, 4822
2.522000, 4821
2.537000, 4820
2.554000, 4819
2.601000, 4818
2.650000, 4817
2.656000, 4816
2.740000, 4815
2.769000, 4814
2.902000, 4813
3.112000, 4812
3.163000, 4811
3.381000, 4810
3.398000, 4809
3.424000, 4808
3.586000, 4807
3.597000, 4806
4.003000, 4805
