0.080000, 6855
0.083000, 6854
0.083000, 6853
0.084000, 6852
0.084000, 6851
0.086000, 6850
0.086000, 6849
0.087000, 6848
0.087000, 6847
0.089000, 6846
0.089000, 6845
0.090000, 6844
0.091000, 6843
0.091000, 6842
0.092000, 6841
0.093000, 6840
0.094000, 6839
0.094000, 6838
0.095000, 6837
0.096000, 6836
0.098000, 6835
0.099000, 6834
0.099000, 6833
0.100000, 6832
0.101000, 6831
0.101000, 6830
0.101000, 6829
0.102000, 6828
0.105000, 6827
0.105000, 6826
0.107000, 6825
0.108000, 6824
0.109000, 6823
0.110000, 6822
0.111000, 6821
0.111000, 6820
0.111000, 6819
0.112000, 6818
0.112000, 6817
0.112000, 6816
0.113000, 6815
0.113000, 6814
0.114000, 6813
0.114000, 6812
0.114000, 6811
0.115000, 6810
0.116000, 6809
0.117000, 6808
0.117000, 6807
0.118000, 6806
0.119000, 6805
0.119000, 6804
0.120000, 6803
0.120000, 6802
0.121000, 6801
0.121000, 6800
0.122000, 6799
0.122000, 6798
0.123000, 6797
0.123000, 6796
0.123000, 6795
0.125000, 6794
0.125000, 6793
0.125000, 6792
0.126000, 6791
0.126000, 6790
0.127000, 6789
0.128000, 6788
0.129000, 6787
0.130000, 6786
0.131000, 6785
0.132000, 6784
0.134000, 6783
0.134000, 6782
0.135000, 6781
0.135000, 6780
0.135000, 6779
0.136000, 6778
0.137000, 6777
0.137000, 6776
0.138000, 6775
0.139000, 6774
0.140000, 6773
0.140000, 6772
0.140000, 6771
0.141000, 6770
0.142000, 6769
0.142000, 6768
0.143000, 6767
0.143000, 6766
0.144000, 6765
0.145000, 6764
0.147000, 6763
0.148000, 6762
0.149000, 6761
0.149000, 6760
0.150000, 6759
0.150000, 6758
0.151000, 6757
0.151000, 6756
0.151000, 6755
0.153000, 6754
0.153000, 6753
0.153000, 6752
0.155000, 6751
0.155000, 6750
0.155000, 6749
0.156000, 6748
0.156000, 6747
0.158000, 6746
0.158000, 6745
0.158000, 6744
0.160000, 6743
0.160000, 6742
0.160000, 6741
0.161000, 6740
0.161000, 6739
0.161000, 6738
0.162000, 6737
0.163000, 6736
0.163000, 6735
0.164000, 6734
0.165000, 6733
0.166000, 6732
0.166000, 6731
0.167000, 6730
0.167000, 6729
0.168000, 6728
0.168000, 6727
0.168000, 6726
0.168000, 6725
0.169000, 6724
0.170000, 6723
0.171000, 6722
0.172000, 6721
0.173000, 6720
0.174000, 6719
0.174000, 6718
0.174000, 6717
0.175000, 6716
0.176000, 6715
0.176000, 6714
0.176000, 6713
0.177000, 6712
0.177000, 6711
0.178000, 6710
0.178000, 6709
0.178000, 6708
0.179000, 6707
0.179000, 6706
0.180000, 6705
0.180000, 6704
0.181000, 6703
0.181000, 6702
0.181000, 6701
0.182000, 6700
0.182000, 6699
0.182000, 6698
0.182000, 6697
0.183000, 6696
0.183000, 6695
0.184000, 6694
0.184000, 6693
0.185000, 6692
0.187000, 6691
0.188000, 6690
0.189000, 6689
0.189000, 6688
0.190000, 6687
0.190000, 6686
0.191000, 6685
0.191000, 6684
0.191000, 6683
0.192000, 6682
0.193000, 6681
0.194000, 6680
0.195000, 6679
0.196000, 6678
0.196000, 6677
0.196000, 6676
0.197000, 6675
0.198000, 6674
0.198000, 6673
0.199000, 6672
0.199000, 6671
0.201000, 6670
0.202000, 6669
0.202000, 6668
0.203000, 6667
0.204000, 6666
0.205000, 6665
0.205000, 6664
0.206000, 6663
0.206000, 6662
0.207000, 6661
0.207000, 6660
0.207000, 6659
0.208000, 6658
0.209000, 6657
0.209000, 6656
0.210000, 6655
0.210000, 6654
0.211000, 6653
0.212000, 6652
0.213000, 6651
0.213000, 6650
0.214000, 6649
0.215000, 6648
0.216000, 6647
0.217000, 6646
0.218000, 6645
0.218000, 6644
0.219000, 6643
0.219000, 6642
0.220000, 6641
0.221000, 6640
0.221000, 6639
0.221000, 6638
0.222000, 6637
0.223000, 6636
0.223000, 6635
0.224000, 6634
0.226000, 6633
0.226000, 6632
0.227000, 6631
0.228000, 6630
0.228000, 6629
0.231000, 6628
0.232000, 6627
0.232000, 6626
0.233000, 6625
0.234000, 6624
0.234000, 6623
0.236000, 6622
0.236000, 6621
0.237000, 6620
0.238000, 6619
0.239000, 6618
0.239000, 6617
0.240000, 6616
0.240000, 6615
0.241000, 6614
0.241000, 6613
0.241000, 6612
0.242000, 6611
0.243000, 6610
0.243000, 6609
0.244000, 6608
0.245000, 6607
0.246000, 6606
0.247000, 6605
0.247000, 6604
0.249000, 6603
0.251000, 6602
0.252000, 6601
0.253000, 6600
0.254000, 6599
0.254000, 6598
0.255000, 6597
0.255000, 6596
0.256000, 6595
0.257000, 6594
0.257000, 6593
0.258000, 6592
0.259000, 6591
0.260000, 6590
0.260000, 6589
0.261000, 6588
0.262000, 6587
0.262000, 6586
0.263000, 6585
0.271000, 6584
0.271000, 6583
0.272000, 6582
0.273000, 6581
0.273000, 6580
0.273000, 6579
0.274000, 6578
0.274000, 6577
0.274000, 6576
0.274000, 6575
0.275000, 6574
0.275000, 6573
0.276000, 6572
0.277000, 6571
0.278000, 6570
0.278000, 6569
0.278000, 6568
0.279000, 6567
0.279000, 6566
0.279000, 6565
0.281000, 6564
0.281000, 6563
0.282000, 6562
0.282000, 6561
0.282000, 6560
0.282000, 6559
0.283000, 6558
0.283000, 6557
0.283000, 6556
0.284000, 6555
0.284000, 6554
0.285000, 6553
0.285000, 6552
0.285000, 6551
0.285000, 6550
0.286000, 6549
0.287000, 6548
0.288000, 6547
0.288000, 6546
0.289000, 6545
0.289000, 6544
0.289000, 6543
0.289000, 6542
0.289000, 6541
0.290000, 6540
0.290000, 6539
0.291000, 6538
0.291000, 6537
0.291000, 6536
0.291000, 6535
0.292000, 6534
0.292000, 6533
0.293000, 6532
0.293000, 6531
0.294000, 6530
0.294000, 6529
0.295000, 6528
0.295000, 6527
0.295000, 6526
0.295000, 6525
0.296000, 6524
0.296000, 6523
0.297000, 6522
0.297000, 6521
0.298000, 6520
0.298000, 6519
0.298000, 6518
0.298000, 6517
0.299000, 6516
0.299000, 6515
0.299000, 6514
0.299000, 6513
0.301000, 6512
0.301000, 6511
0.301000, 6510
0.302000, 6509
0.302000, 6508
0.303000, 6507
0.303000, 6506
0.303000, 6505
0.304000, 6504
0.304000, 6503
0.304000, 6502
0.305000, 6501
0.306000, 6500
0.307000, 6499
0.307000, 6498
0.307000, 6497
0.309000, 6496
0.309000, 6495
0.309000, 6494
0.310000, 6493
0.310000, 6492
0.311000, 6491
0.311000, 6490
0.312000, 6489
0.312000, 6488
0.312000, 6487
0.314000, 6486
0.314000, 6485
0.314000, 6484
0.315000, 6483
0.315000, 6482
0.316000, 6481
0.316000, 6480
0.317000, 6479
0.317000, 6478
0.317000, 6477
0.317000, 6476
0.318000, 6475
0.319000, 6474
0.319000, 6473
0.319000, 6472
0.320000, 6471
0.320000, 6470
0.320000, 6469
0.321000, 6468
0.321000, 6467
0.322000, 6466
0.323000, 6465
0.324000, 6464
0.324000, 6463
0.324000, 6462
0.325000, 6461
0.325000, 6460
0.326000, 6459
0.326000, 6458
0.326000, 6457
0.327000, 6456
0.327000, 6455
0.327000, 6454
0.328000, 6453
0.329000, 6452
0.330000, 6451
0.330000, 6450
0.330000, 6449
0.331000, 6448
0.332000, 6447
0.333000, 6446
0.333000, 6445
0.334000, 6444
0.334000, 6443
0.335000, 6442
0.336000, 6441
0.336000, 6440
0.336000, 6439
0.337000, 6438
0.337000, 6437
0.338000, 6436
0.338000, 6435
0.339000, 6434
0.339000, 6433
0.339000, 6432
0.339000, 6431
0.340000, 6430
0.340000, 6429
0.340000, 6428
0.341000, 6427
0.341000, 6426
0.342000, 6425
0.342000, 6424
0.342000, 6423
0.343000, 6422
0.343000, 6421
0.343000, 6420
0.344000, 6419
0.344000, 6418
0.345000, 6417
0.345000, 6416
0.346000, 6415
0.347000, 6414
0.347000, 6413
0.347000, 6412
0.348000, 6411
0.348000, 6410
0.349000, 6409
0.349000, 6408
0.349000, 6407
0.349000, 6406
0.350000, 6405
0.350000, 6404
0.350000, 6403
0.350000, 6402
0.351000, 6401
0.351000, 6400
0.352000, 6399
0.352000, 6398
0.353000, 6397
0.355000, 6396
0.355000, 6395
0.355000, 6394
0.356000, 6393
0.356000, 6392
0.356000, 6391
0.357000, 6390
0.357000, 6389
0.357000, 6388
0.358000, 6387
0.359000, 6386
0.359000, 6385
0.359000, 6384
0.360000, 6383
0.360000, 6382
0.360000, 6381
0.361000, 6380
0.361000, 6379
0.362000, 6378
0.362000, 6377
0.362000, 6376
0.363000, 6375
0.363000, 6374
0.364000, 6373
0.364000, 6372
0.364000, 6371
0.365000, 6370
0.365000, 6369
0.365000, 6368
0.365000, 6367
0.366000, 6366
0.366000, 6365
0.367000, 6364
0.367000, 6363
0.367000, 6362
0.367000, 6361
0.368000, 6360
0.369000, 6359
0.369000, 6358
0.370000, 6357
0.370000, 6356
0.371000, 6355
0.371000, 6354
0.371000, 6353
0.372000, 6352
0.372000, 6351
0.373000, 6350
0.373000, 6349
0.373000, 6348
0.374000, 6347
0.374000, 6346
0.374000, 6345
0.374000, 6344
0.375000, 6343
0.375000, 6342
0.376000, 6341
0.376000, 6340
0.376000, 6339
0.377000, 6338
0.378000, 6337
0.378000, 6336
0.378000, 6335
0.379000, 6334
0.379000, 6333
0.379000, 6332
0.380000, 6331
0.380000, 6330
0.380000, 6329
0.381000, 6328
0.382000, 6327
0.382000, 6326
0.382000, 6325
0.383000, 6324
0.383000, 6323
0.385000, 6322
0.385000, 6321
0.385000, 6320
0.386000, 6319
0.386000, 6318
0.387000, 6317
0.388000, 6316
0.388000, 6315
0.389000, 6314
0.389000, 6313
0.390000, 6312
0.390000, 6311
0.390000, 6310
0.391000, 6309
0.391000, 6308
0.391000, 6307
0.391000, 6306
0.392000, 6305
0.392000, 6304
0.394000, 6303
0.395000, 6302
0.395000, 6301
0.396000, 6300
0.397000, 6299
0.397000, 6298
0.398000, 6297
0.399000, 6296
0.400000, 6295
0.400000, 6294
0.401000, 6293
0.401000, 6292
0.402000, 6291
0.403000, 6290
0.403000, 6289
0.403000, 6288
0.404000, 6287
0.404000, 6286
0.404000, 6285
0.405000, 6284
0.406000, 6283
0.407000, 6282
0.407000, 6281
0.407000, 6280
0.407000, 6279
0.407000, 6278
0.407000, 6277
0.409000, 6276
0.409000, 6275
0.411000, 6274
0.411000, 6273
0.411000, 6272
0.412000, 6271
0.412000, 6270
0.413000, 6269
0.413000, 6268
0.413000, 6267
0.413000, 6266
0.414000, 6265
0.414000, 6264
0.414000, 6263
0.415000, 6262
0.415000, 6261
0.416000, 6260
0.416000, 6259
0.417000, 6258
0.417000, 6257
0.418000, 6256
0.418000, 6255
0.418000, 6254
0.419000, 6253
0.420000, 6252
0.420000, 6251
0.421000, 6250
0.421000, 6249
0.421000, 6248
0.422000, 6247
0.422000, 6246
0.423000, 6245
0.423000, 6244
0.424000, 6243
0.424000, 6242
0.424000, 6241
0.425000, 6240
0.425000, 6239
0.425000, 6238
0.426000, 6237
0.426000, 6236
0.426000, 6235
0.427000, 6234
0.427000, 6233
0.428000, 6232
0.428000, 6231
0.429000, 6230
0.430000, 6229
0.430000, 6228
0.430000, 6227
0.431000, 6226
0.431000, 6225
0.432000, 6224
0.432000, 6223
0.432000, 6222
0.433000, 6221
0.434000, 6220
0.434000, 6219
0.434000, 6218
0.434000, 6217
0.435000, 6216
0.435000, 6215
0.435000, 6214
0.436000, 6213
0.436000, 6212
0.436000, 6211
0.437000, 6210
0.438000, 6209
0.439000, 6208
0.439000, 6207
0.439000, 6206
0.439000, 6205
0.440000, 6204
0.440000, 6203
0.440000, 6202
0.440000, 6201
0.442000, 6200
0.443000, 6199
0.444000, 6198
0.445000, 6197
0.445000, 6196
0.449000, 6195
0.449000, 6194
0.450000, 6193
0.451000, 6192
0.451000, 6191
0.452000, 6190
0.452000, 6189
0.452000, 6188
0.452000, 6187
0.453000, 6186
0.453000, 6185
0.453000, 6184
0.453000, 6183
0.454000, 6182
0.454000, 6181
0.454000, 6180
0.455000, 6179
0.455000, 6178
0.456000, 6177
0.457000, 6176
0.457000, 6175
0.458000, 6174
0.458000, 6173
0.459000, 6172
0.459000, 6171
0.461000, 6170
0.462000, 6169
0.462000, 6168
0.462000, 6167
0.463000, 6166
0.463000, 6165
0.464000, 6164
0.464000, 6163
0.465000, 6162
0.466000, 6161
0.466000, 6160
0.475000, 6159
0.476000, 6158
0.476000, 6157
0.477000, 6156
0.477000, 6155
0.477000, 6154
0.477000, 6153
0.478000, 6152
0.478000, 6151
0.479000, 6150
0.479000, 6149
0.480000, 6148
0.481000, 6147
0.481000, 6146
0.481000, 6145
0.482000, 6144
0.482000, 6143
0.483000, 6142
0.483000, 6141
0.483000, 6140
0.484000, 6139
0.484000, 6138
0.484000, 6137
0.484000, 6136
0.485000, 6135
0.485000, 6134
0.487000, 6133
0.488000, 6132
0.488000, 6131
0.489000, 6130
0.489000, 6129
0.489000, 6128
0.489000, 6127
0.490000, 6126
0.490000, 6125
0.490000, 6124
0.490000, 6123
0.491000, 6122
0.491000, 6121
0.491000, 6120
0.492000, 6119
0.493000, 6118
0.493000, 6117
0.493000, 6116
0.493000, 6115
0.494000, 6114
0.494000, 6113
0.495000, 6112
0.495000, 6111
0.496000, 6110
0.496000, 6109
0.496000, 6108
0.497000, 6107
0.497000, 6106
0.498000, 6105
0.499000, 6104
0.499000, 6103
0.502000, 6102
0.502000, 6101
0.502000, 6100
0.502000, 6099
0.502000, 6098
0.503000, 6097
0.504000, 6096
0.504000, 6095
0.505000, 6094
0.505000, 6093
0.505000, 6092
0.505000, 6091
0.505000, 6090
0.506000, 6089
0.506000, 6088
0.507000, 6087
0.507000, 6086
0.508000, 6085
0.508000, 6084
0.508000, 6083
0.509000, 6082
0.512000, 6081
0.512000, 6080
0.513000, 6079
0.513000, 6078
0.514000, 6077
0.514000, 6076
0.514000, 6075
0.515000, 6074
0.515000, 6073
0.517000, 6072
0.518000, 6071
0.518000, 6070
0.519000, 6069
0.519000, 6068
0.520000, 6067
0.520000, 6066
0.520000, 6065
0.521000, 6064
0.521000, 6063
0.522000, 6062
0.522000, 6061
0.523000, 6060
0.523000, 6059
0.523000, 6058
0.523000, 6057
0.524000, 6056
0.525000, 6055
0.525000, 6054
0.526000, 6053
0.527000, 6052
0.527000, 6051
0.528000, 6050
0.529000, 6049
0.529000, 6048
0.530000, 6047
0.530000, 6046
0.530000, 6045
0.532000, 6044
0.532000, 6043
0.532000, 6042
0.533000, 6041
0.534000, 6040
0.534000, 6039
0.534000, 6038
0.535000, 6037
0.535000, 6036
0.535000, 6035
0.535000, 6034
0.535000, 6033
0.536000, 6032
0.536000, 6031
0.537000, 6030
0.537000, 6029
0.538000, 6028
0.538000, 6027
0.539000, 6026
0.540000, 6025
0.541000, 6024
0.541000, 6023
0.541000, 6022
0.542000, 6021
0.542000, 6020
0.544000, 6019
0.544000, 6018
0.545000, 6017
0.546000, 6016
0.546000, 6015
0.546000, 6014
0.547000, 6013
0.547000, 6012
0.548000, 6011
0.548000, 6010
0.550000, 6009
0.550000, 6008
0.551000, 6007
0.551000, 6006
0.551000, 6005
0.552000, 6004
0.553000, 6003
0.553000, 6002
0.554000, 6001
0.555000, 6000
0.555000, 5999
0.556000, 5998
0.557000, 5997
0.557000, 5996
0.558000, 5995
0.558000, 5994
0.559000, 5993
0.559000, 5992
0.560000, 5991
0.560000, 5990
0.560000, 5989
0.561000, 5988
0.561000, 5987
0.563000, 5986
0.563000, 5985
0.564000, 5984
0.564000, 5983
0.564000, 5982
0.564000, 5981
0.565000, 5980
0.565000, 5979
0.565000, 5978
0.566000, 5977
0.567000, 5976
0.567000, 5975
0.568000, 5974
0.568000, 5973
0.569000, 5972
0.569000, 5971
0.569000, 5970
0.570000, 5969
0.570000, 5968
0.570000, 5967
0.571000, 5966
0.572000, 5965
0.573000, 5964
0.574000, 5963
0.574000, 5962
0.574000, 5961
0.575000, 5960
0.576000, 5959
0.576000, 5958
0.576000, 5957
0.576000, 5956
0.577000, 5955
0.577000, 5954
0.577000, 5953
0.578000, 5952
0.578000, 5951
0.579000, 5950
0.579000, 5949
0.580000, 5948
0.580000, 5947
0.580000, 5946
0.581000, 5945
0.581000, 5944
0.582000, 5943
0.582000, 5942
0.584000, 5941
0.584000, 5940
0.586000, 5939
0.586000, 5938
0.586000, 5937
0.587000, 5936
0.587000, 5935
0.587000, 5934
0.588000, 5933
0.588000, 5932
0.588000, 5931
0.589000, 5930
0.589000, 5929
0.589000, 5928
0.590000, 5927
0.590000, 5926
0.590000, 5925
0.590000, 5924
0.591000, 5923
0.591000, 5922
0.591000, 5921
0.591000, 5920
0.592000, 5919
0.593000, 5918
0.593000, 5917
0.593000, 5916
0.594000, 5915
0.595000, 5914
0.595000, 5913
0.595000, 5912
0.596000, 5911
0.597000, 5910
0.597000, 5909
0.598000, 5908
0.598000, 5907
0.599000, 5906
0.599000, 5905
0.599000, 5904
0.599000, 5903
0.600000, 5902
0.600000, 5901
0.600000, 5900
0.601000, 5899
0.601000, 5898
0.601000, 5897
0.602000, 5896
0.602000, 5895
0.602000, 5894
0.602000, 5893
0.603000, 5892
0.603000, 5891
0.604000, 5890
0.607000, 5889
0.607000, 5888
0.608000, 5887
0.608000, 5886
0.608000, 5885
0.608000, 5884
0.609000, 5883
0.609000, 5882
0.610000, 5881
0.610000, 5880
0.611000, 5879
0.611000, 5878
0.611000, 5877
0.612000, 5876
0.612000, 5875
0.613000, 5874
0.613000, 5873
0.613000, 5872
0.614000, 5871
0.614000, 5870
0.615000, 5869
0.615000, 5868
0.616000, 5867
0.616000, 5866
0.617000, 5865
0.617000, 5864
0.617000, 5863
0.617000, 5862
0.618000, 5861
0.619000, 5860
0.620000, 5859
0.621000, 5858
0.621000, 5857
0.621000, 5856
0.622000, 5855
0.622000, 5854
0.623000, 5853
0.623000, 5852
0.624000, 5851
0.624000, 5850
0.624000, 5849
0.624000, 5848
0.624000, 5847
0.625000, 5846
0.625000, 5845
0.625000, 5844
0.626000, 5843
0.627000, 5842
0.627000, 5841
0.627000, 5840
0.627000, 5839
0.627000, 5838
0.629000, 5837
0.629000, 5836
0.630000, 5835
0.631000, 5834
0.632000, 5833
0.632000, 5832
0.632000, 5831
0.633000, 5830
0.633000, 5829
0.633000, 5828
0.633000, 5827
0.634000, 5826
0.635000, 5825
0.635000, 5824
0.635000, 5823
0.636000, 5822
0.636000, 5821
0.636000, 5820
0.636000, 5819
0.638000, 5818
0.638000, 5817
0.639000, 5816
0.639000, 5815
0.640000, 5814
0.640000, 5813
0.640000, 5812
0.641000, 5811
0.649000, 5810
0.649000, 5809
0.649000, 5808
0.650000, 5807
0.650000, 5806
0.651000, 5805
0.651000, 5804
0.652000, 5803
0.653000, 5802
0.653000, 5801
0.653000, 5800
0.653000, 5799
0.654000, 5798
0.654000, 5797
0.654000, 5796
0.655000, 5795
0.655000, 5794
0.656000, 5793
0.657000, 5792
0.657000, 5791
0.657000, 5790
0.658000, 5789
0.658000, 5788
0.658000, 5787
0.659000, 5786
0.659000, 5785
0.659000, 5784
0.660000, 5783
0.661000, 5782
0.663000, 5781
0.663000, 5780
0.663000, 5779
0.664000, 5778
0.665000, 5777
0.665000, 5776
0.666000, 5775
0.666000, 5774
0.666000, 5773
0.667000, 5772
0.667000, 5771
0.668000, 5770
0.670000, 5769
0.670000, 5768
0.671000, 5767
0.671000, 5766
0.672000, 5765
0.674000, 5764
0.674000, 5763
0.675000, 5762
0.676000, 5761
0.676000, 5760
0.677000, 5759
0.677000, 5758
0.678000, 5757
0.679000, 5756
0.680000, 5755
0.680000, 5754
0.680000, 5753
0.680000, 5752
0.680000, 5751
0.681000, 5750
0.683000, 5749
0.683000, 5748
0.683000, 5747
0.685000, 5746
0.685000, 5745
0.686000, 5744
0.687000, 5743
0.687000, 5742
0.687000, 5741
0.687000, 5740
0.688000, 5739
0.690000, 5738
0.690000, 5737
0.691000, 5736
0.691000, 5735
0.691000, 5734
0.692000, 5733
0.693000, 5732
0.693000, 5731
0.694000, 5730
0.694000, 5729
0.694000, 5728
0.695000, 5727
0.696000, 5726
0.696000, 5725
0.697000, 5724
0.699000, 5723
0.700000, 5722
0.701000, 5721
0.701000, 5720
0.702000, 5719
0.704000, 5718
0.704000, 5717
0.705000, 5716
0.705000, 5715
0.705000, 5714
0.706000, 5713
0.706000, 5712
0.707000, 5711
0.707000, 5710
0.709000, 5709
0.709000, 5708
0.710000, 5707
0.710000, 5706
0.711000, 5705
0.711000, 5704
0.713000, 5703
0.714000, 5702
0.714000, 5701
0.714000, 5700
0.716000, 5699
0.716000, 5698
0.717000, 5697
0.718000, 5696
0.718000, 5695
0.718000, 5694
0.719000, 5693
0.719000, 5692
0.720000, 5691
0.721000, 5690
0.721000, 5689
0.721000, 5688
0.721000, 5687
0.722000, 5686
0.722000, 5685
0.722000, 5684
0.722000, 5683
0.723000, 5682
0.725000, 5681
0.725000, 5680
0.725000, 5679
0.726000, 5678
0.727000, 5677
0.727000, 5676
0.728000, 5675
0.729000, 5674
0.729000, 5673
0.730000, 5672
0.730000, 5671
0.730000, 5670
0.731000, 5669
0.731000, 5668
0.732000, 5667
0.733000, 5666
0.733000, 5665
0.733000, 5664
0.734000, 5663
0.734000, 5662
0.735000, 5661
0.736000, 5660
0.736000, 5659
0.736000, 5658
0.737000, 5657
0.738000, 5656
0.738000, 5655
0.739000, 5654
0.739000, 5653
0.741000, 5652
0.744000, 5651
0.744000, 5650
0.745000, 5649
0.746000, 5648
0.746000, 5647
0.747000, 5646
0.747000, 5645
0.748000, 5644
0.748000, 5643
0.751000, 5642
0.751000, 5641
0.753000, 5640
0.753000, 5639
0.754000, 5638
0.754000, 5637
0.754000, 5636
0.755000, 5635
0.755000, 5634
0.755000, 5633
0.756000, 5632
0.756000, 5631
0.756000, 5630
0.756000, 5629
0.758000, 5628
0.759000, 5627
0.760000, 5626
0.760000, 5625
0.762000, 5624
0.762000, 5623
0.763000, 5622
0.763000, 5621
0.764000, 5620
0.764000, 5619
0.764000, 5618
0.764000, 5617
0.765000, 5616
0.765000, 5615
0.766000, 5614
0.766000, 5613
0.767000, 5612
0.768000, 5611
0.769000, 5610
0.770000, 5609
0.771000, 5608
0.772000, 5607
0.773000, 5606
0.774000, 5605
0.774000, 5604
0.777000, 5603
0.777000, 5602
0.779000, 5601
0.780000, 5600
0.780000, 5599
0.780000, 5598
0.781000, 5597
0.782000, 5596
0.782000, 5595
0.783000, 5594
0.784000, 5593
0.785000, 5592
0.787000, 5591
0.787000, 5590
0.788000, 5589
0.788000, 5588
0.789000, 5587
0.789000, 5586
0.790000, 5585
0.790000, 5584
0.792000, 5583
0.792000, 5582
0.793000, 5581
0.793000, 5580
0.793000, 5579
0.802000, 5578
0.803000, 5577
0.803000, 5576
0.803000, 5575
0.804000, 5574
0.805000, 5573
0.808000, 5572
0.808000, 5571
0.809000, 5570
0.809000, 5569
0.811000, 5568
0.811000, 5567
0.812000, 5566
0.812000, 5565
0.813000, 5564
0.813000, 5563
0.814000, 5562
0.815000, 5561
0.815000, 5560
0.815000, 5559
0.817000, 5558
0.818000, 5557
0.819000, 5556
0.820000, 5555
0.820000, 5554
0.821000, 5553
0.821000, 5552
0.822000, 5551
0.822000, 5550
0.823000, 5549
0.823000, 5548
0.824000, 5547
0.825000, 5546
0.825000, 5545
0.826000, 5544
0.827000, 5543
0.828000, 5542
0.829000, 5541
0.830000, 5540
0.832000, 5539
0.833000, 5538
0.834000, 5537
0.834000, 5536
0.834000, 5535
0.834000, 5534
0.835000, 5533
0.836000, 5532
0.836000, 5531
0.837000, 5530
0.838000, 5529
0.838000, 5528
0.840000, 5527
0.840000, 5526
0.842000, 5525
0.842000, 5524
0.843000, 5523
0.843000, 5522
0.845000, 5521
0.845000, 5520
0.846000, 5519
0.846000, 5518
0.846000, 5517
0.847000, 5516
0.847000, 5515
0.847000, 5514
0.848000, 5513
0.849000, 5512
0.850000, 5511
0.852000, 5510
0.854000, 5509
0.855000, 5508
0.855000, 5507
0.855000, 5506
0.856000, 5505
0.856000, 5504
0.856000, 5503
0.858000, 5502
0.859000, 5501
0.860000, 5500
0.860000, 5499
0.861000, 5498
0.861000, 5497
0.862000, 5496
0.865000, 5495
0.865000, 5494
0.865000, 5493
0.866000, 5492
0.867000, 5491
0.868000, 5490
0.868000, 5489
0.869000, 5488
0.869000, 5487
0.870000, 5486
0.871000, 5485
0.872000, 5484
0.873000, 5483
0.874000, 5482
0.875000, 5481
0.875000, 5480
0.876000, 5479
0.876000, 5478
0.877000, 5477
0.878000, 5476
0.878000, 5475
0.879000, 5474
0.880000, 5473
0.881000, 5472
0.881000, 5471
0.881000, 5470
0.882000, 5469
0.883000, 5468
0.884000, 5467
0.884000, 5466
0.885000, 5465
0.886000, 5464
0.887000, 5463
0.887000, 5462
0.888000, 5461
0.888000, 5460
0.888000, 5459
0.888000, 5458
0.890000, 5457
0.891000, 5456
0.892000, 5455
0.893000, 5454
0.893000, 5453
0.894000, 5452
0.894000, 5451
0.894000, 5450
0.895000, 5449
0.896000, 5448
0.896000, 5447
0.898000, 5446
0.898000, 5445
0.899000, 5444
0.900000, 5443
0.900000, 5442
0.901000, 5441
0.902000, 5440
0.903000, 5439
0.905000, 5438
0.906000, 5437
0.906000, 5436
0.906000, 5435
0.907000, 5434
0.908000, 5433
0.909000, 5432
0.910000, 5431
0.910000, 5430
0.911000, 5429
0.912000, 5428
0.912000, 5427
0.913000, 5426
0.913000, 5425
0.914000, 5424
0.916000, 5423
0.916000, 5422
0.917000, 5421
0.919000, 5420
0.919000, 5419
0.920000, 5418
0.921000, 5417
0.921000, 5416
0.921000, 5415
0.922000, 5414
0.922000, 5413
0.923000, 5412
0.924000, 5411
0.925000, 5410
0.926000, 5409
0.927000, 5408
0.928000, 5407
0.928000, 5406
0.929000, 5405
0.929000, 5404
0.930000, 5403
0.931000, 5402
0.932000, 5401
0.933000, 5400
0.933000, 5399
0.935000, 5398
0.935000, 5397
0.936000, 5396
0.936000, 5395
0.937000, 5394
0.938000, 5393
0.938000, 5392
0.940000, 5391
0.940000, 5390
0.942000, 5389
0.943000, 5388
0.943000, 5387
0.944000, 5386
0.944000, 5385
0.944000, 5384
0.944000, 5383
0.945000, 5382
0.946000, 5381
0.947000, 5380
0.948000, 5379
0.949000, 5378
0.950000, 5377
0.950000, 5376
0.951000, 5375
0.953000, 5374
0.955000, 5373
0.957000, 5372
0.961000, 5371
0.962000, 5370
0.965000, 5369
0.965000, 5368
0.965000, 5367
0.966000, 5366
0.967000, 5365
0.967000, 5364
0.968000, 5363
0.970000, 5362
0.970000, 5361
0.972000, 5360
0.973000, 5359
0.974000, 5358
0.976000, 5357
0.977000, 5356
0.977000, 5355
0.978000, 5354
0.978000, 5353
0.979000, 5352
0.980000, 5351
0.980000, 5350
0.983000, 5349
0.984000, 5348
0.985000, 5347
0.986000, 5346
0.987000, 5345
0.988000, 5344
0.988000, 5343
0.989000, 5342
0.989000, 5341
0.992000, 5340
0.993000, 5339
0.995000, 5338
0.996000, 5337
0.998000, 5336
1.001000, 5335
1.002000, 5334
1.005000, 5333
1.005000, 5332
1.005000, 5331
1.006000, 5330
1.007000, 5329
1.007000, 5328
1.008000, 5327
1.010000, 5326
1.011000, 5325
1.014000, 5324
1.014000, 5323
1.016000, 5322
1.017000, 5321
1.018000, 5320
1.020000, 5319
1.020000, 5318
1.020000, 5317
1.022000, 5316
1.022000, 5315
1.023000, 5314
1.025000, 5313
1.026000, 5312
1.026000, 5311
1.028000, 5310
1.030000, 5309
1.031000, 5308
1.032000, 5307
1.032000, 5306
1.033000, 5305
1.034000, 5304
1.034000, 5303
1.034000, 5302
1.035000, 5301
1.043000, 5300
1.043000, 5299
1.044000, 5298
1.045000, 5297
1.048000, 5296
1.048000, 5295
1.049000, 5294
1.050000, 5293
1.053000, 5292
1.054000, 5291
1.057000, 5290
1.057000, 5289
1.058000, 5288
1.059000, 5287
1.060000, 5286
1.062000, 5285
1.067000, 5284
1.068000, 5283
1.068000, 5282
1.069000, 5281
1.069000, 5280
1.069000, 5279
1.069000, 5278
1.070000, 5277
1.071000, 5276
1.072000, 5275
1.073000, 5274
1.074000, 5273
1.079000, 5272
1.081000, 5271
1.082000, 5270
1.082000, 5269
1.083000, 5268
1.084000, 5267
1.087000, 5266
1.099000, 5265
1.099000, 5264
1.100000, 5263
1.103000, 5262
1.103000, 5261
1.106000, 5260
1.107000, 5259
1.107000, 5258
1.108000, 5257
1.109000, 5256
1.110000, 5255
1.110000, 5254
1.112000, 5253
1.113000, 5252
1.113000, 5251
1.113000, 5250
1.114000, 5249
1.114000, 5248
1.115000, 5247
1.116000, 5246
1.116000, 5245
1.116000, 5244
1.117000, 5243
1.117000, 5242
1.117000, 5241
1.118000, 5240
1.118000, 5239
1.119000, 5238
1.121000, 5237
1.124000, 5236
1.124000, 5235
1.127000, 5234
1.130000, 5233
1.130000, 5232
1.132000, 5231
1.133000, 5230
1.133000, 5229
1.134000, 5228
1.134000, 5227
1.137000, 5226
1.137000, 5225
1.138000, 5224
1.138000, 5223
1.143000, 5222
1.143000, 5221
1.146000, 5220
1.148000, 5219
1.150000, 5218
1.150000, 5217
1.150000, 5216
1.151000, 5215
1.154000, 5214
1.154000, 5213
1.155000, 5212
1.155000, 5211
1.155000, 5210
1.156000, 5209
1.157000, 5208
1.157000, 5207
1.158000, 5206
1.159000, 5205
1.160000, 5204
1.160000, 5203
1.161000, 5202
1.162000, 5201
1.164000, 5200
1.165000, 5199
1.165000, 5198
1.166000, 5197
1.166000, 5196
1.167000, 5195
1.170000, 5194
1.170000, 5193
1.172000, 5192
1.175000, 5191
1.177000, 5190
1.177000, 5189
1.179000, 5188
1.180000, 5187
1.182000, 5186
1.182000, 5185
1.183000, 5184
1.184000, 5183
1.189000, 5182
1.191000, 5181
1.193000, 5180
1.193000, 5179
1.196000, 5178
1.196000, 5177
1.198000, 5176
1.200000, 5175
1.202000, 5174
1.202000, 5173
1.206000, 5172
1.207000, 5171
1.211000, 5170
1.211000, 5169
1.212000, 5168
1.215000, 5167
1.217000, 5166
1.218000, 5165
1.221000, 5164
1.221000, 5163
1.222000, 5162
1.227000, 5161
1.228000, 5160
1.231000, 5159
1.232000, 5158
1.234000, 5157
1.235000, 5156
1.236000, 5155
1.236000, 5154
1.237000, 5153
1.237000, 5152
1.240000, 5151
1.240000, 5150
1.245000, 5149
1.246000, 5148
1.247000, 5147
1.250000, 5146
1.250000, 5145
1.250000, 5144
1.251000, 5143
1.253000, 5142
1.254000, 5141
1.255000, 5140
1.256000, 5139
1.256000, 5138
1.259000, 5137
1.260000, 5136
1.261000, 5135
1.262000, 5134
1.262000, 5133
1.263000, 5132
1.263000, 5131
1.266000, 5130
1.267000, 5129
1.269000, 5128
1.269000, 5127
1.270000, 5126
1.270000, 5125
1.272000, 5124
1.285000, 5123
1.289000, 5122
1.290000, 5121
1.293000, 5120
1.293000, 5119
1.299000, 5118
1.300000, 5117
1.301000, 5116
1.302000, 5115
1.304000, 5114
1.306000, 5113
1.307000, 5112
1.311000, 5111
1.317000, 5110
1.317000, 5109
1.317000, 5108
1.321000, 5107
1.323000, 5106
1.325000, 5105
1.328000, 5104
1.329000, 5103
1.332000, 5102
1.335000, 5101
1.337000, 5100
1.338000, 5099
1.339000, 5098
1.341000, 5097
1.355000, 5096
1.356000, 5095
1.356000, 5094
1.356000, 5093
1.358000, 5092
1.361000, 5091
1.363000, 5090
1.365000, 5089
1.367000, 5088
1.367000, 5087
1.369000, 5086
1.372000, 5085
1.376000, 5084
1.376000, 5083
1.378000, 5082
1.379000, 5081
1.380000, 5080
1.382000, 5079
1.386000, 5078
1.388000, 5077
1.389000, 5076
1.392000, 5075
1.394000, 5074
1.394000, 5073
1.394000, 5072
1.395000, 5071
1.396000, 5070
1.400000, 5069
1.402000, 5068
1.403000, 5067
1.404000, 5066
1.406000, 5065
1.410000, 5064
1.413000, 5063
1.417000, 5062
1.417000, 5061
1.417000, 5060
1.418000, 5059
1.419000, 5058
1.419000, 5057
1.421000, 5056
1.422000, 5055
1.424000, 5054
1.424000, 5053
1.425000, 5052
1.426000, 5051
1.428000, 5050
1.430000, 5049
1.434000, 5048
1.434000, 5047
1.435000, 5046
1.437000, 5045
1.440000, 5044
1.440000, 5043
1.440000, 5042
1.443000, 5041
1.445000, 5040
1.445000, 5039
1.446000, 5038
1.447000, 5037
1.451000, 5036
1.452000, 5035
1.455000, 5034
1.455000, 5033
1.459000, 5032
1.459000, 5031
1.462000, 5030
1.464000, 5029
1.466000, 5028
1.470000, 5027
1.471000, 5026
1.472000, 5025
1.474000, 5024
1.476000, 5023
1.486000, 5022
1.488000, 5021
1.489000, 5020
1.490000, 5019
1.490000, 5018
1.495000, 5017
1.510000, 5016
1.516000, 5015
1.517000, 5014
1.527000, 5013
1.528000, 5012
1.528000, 5011
1.529000, 5010
1.530000, 5009
1.533000, 5008
1.535000, 5007
1.541000, 5006
1.549000, 5005
1.550000, 5004
1.552000, 5003
1.554000, 5002
1.565000, 5001
1.567000, 5000
1.570000, 4999
1.572000, 4998
1.576000, 4997
1.577000, 4996
1.586000, 4995
1.587000, 4994
1.587000, 4993
1.588000, 4992
1.596000, 4991
1.605000, 4990
1.610000, 4989
1.611000, 4988
1.614000, 4987
1.617000, 4986
1.617000, 4985
1.620000, 4984
1.620000, 4983
1.628000, 4982
1.638000, 4981
1.659000, 4980
1.660000, 4979
1.663000, 4978
1.681000, 4977
1.685000, 4976
1.688000, 4975
1.689000, 4974
1.694000, 4973
1.695000, 4972
1.697000, 4971
1.705000, 4970
1.706000, 4969
1.708000, 4968
1.709000, 4967
1.715000, 4966
1.717000, 4965
1.719000, 4964
1.723000, 4963
1.732000, 4962
1.733000, 4961
1.738000, 4960
1.741000, 4959
1.757000, 4958
1.757000, 4957
1.763000, 4956
1.769000, 4955
1.777000, 4954
1.783000, 4953
1.788000, 4952
1.789000, 4951
1.790000, 4950
1.790000, 4949
1.793000, 4948
1.802000, 4947
1.810000, 4946
1.813000, 4945
1.816000, 4944
1.822000, 4943
1.826000, 4942
1.838000, 4941
1.846000, 4940
1.850000, 4939
1.868000, 4938
1.869000, 4937
1.887000, 4936
1.892000, 4935
1.895000, 4934
1.897000, 4933
1.899000, 4932
1.900000, 4931
1.904000, 4930
1.904000, 4929
1.905000, 4928
1.915000, 4927
1.916000, 4926
1.918000, 4925
1.930000, 4924
1.931000, 4923
1.933000, 4922
1.933000, 4921
1.943000, 4920
1.948000, 4919
1.949000, 4918
1.953000, 4917
1.955000, 4916
1.962000, 4915
1.963000, 4914
1.965000, 4913
1.971000, 4912
1.979000, 4911
1.979000, 4910
1.980000, 4909
1.980000, 4908
1.983000, 4907
1.987000, 4906
1.987000, 4905
1.991000, 4904
1.991000, 4903
1.994000, 4902
1.999000, 4901
2.006000, 4900
2.011000, 4899
2.012000, 4898
2.015000, 4897
2.029000, 4896
2.041000, 4895
2.043000, 4894
2.044000, 4893
2.052000, 4892
2.055000, 4891
2.061000, 4890
2.062000, 4889
2.067000, 4888
2.076000, 4887
2.081000, 4886
2.085000, 4885
2.085000, 4884
2.087000, 4883
2.091000, 4882
2.099000, 4881
2.102000, 4880
2.109000, 4879
2.124000, 4878
2.127000, 4877
2.144000, 4876
2.150000, 4875
2.150000, 4874
2.153000, 4873
2.162000, 4872
2.189000, 4871
2.189000, 4870
2.194000, 4869
2.200000, 4868
2.201000, 4867
2.210000, 4866
2.223000, 4865
2.227000, 4864
2.258000, 4863
2.306000, 4862
2.312000, 4861
2.321000, 4860
2.323000, 4859
2.326000, 4858
2.367000, 4857
2.385000, 4856
2.394000, 4855
2.395000, 4854
2.422000, 4853
2.450000, 4852
2.461000, 4851
2.467000, 4850
2.507000, 4849
2.513000, 4848
2.578000, 4847
2.583000, 4846
2.625000, 4845
2.643000, 4844
2.648000, 4843
2.653000, 4842
2.668000, 4841
2.677000, 4840
2.694000, 4839
2.699000, 4838
2.715000, 4837
2.727000, 4836
2.747000, 4835
2.781000, 4834
2.787000, 4833
2.792000, 4832
2.860000, 4831
3.019000, 4830
3.068000, 4829
3.100000, 4828
3.130000, 4827
3.161000, 4826
3.163000, 4825
3.248000, 4824
3.464000, 4823
3.630000, 4822
