0.090000, 6841
0.093000, 6840
0.094000, 6839
0.095000, 6838
0.095000, 6837
0.096000, 6836
0.097000, 6835
0.098000, 6834
0.099000, 6833
0.099000, 6832
0.100000, 6831
0.104000, 6830
0.104000, 6829
0.105000, 6828
0.105000, 6827
0.105000, 6826
0.106000, 6825
0.107000, 6824
0.108000, 6823
0.108000, 6822
0.108000, 6821
0.108000, 6820
0.109000, 6819
0.110000, 6818
0.110000, 6817
0.112000, 6816
0.113000, 6815
0.114000, 6814
0.114000, 6813
0.114000, 6812
0.115000, 6811
0.115000, 6810
0.116000, 6809
0.117000, 6808
0.117000, 6807
0.117000, 6806
0.118000, 6805
0.119000, 6804
0.119000, 6803
0.119000, 6802
0.120000, 6801
0.120000, 6800
0.121000, 6799
0.121000, 6798
0.122000, 6797
0.122000, 6796
0.123000, 6795
0.124000, 6794
0.125000, 6793
0.125000, 6792
0.126000, 6791
0.126000, 6790
0.127000, 6789
0.128000, 6788
0.129000, 6787
0.129000, 6786
0.129000, 6785
0.129000, 6784
0.130000, 6783
0.130000, 6782
0.132000, 6781
0.132000, 6780
0.132000, 6779
0.133000, 6778
0.133000, 6777
0.134000, 6776
0.138000, 6775
0.139000, 6774
0.139000, 6773
0.140000, 6772
0.143000, 6771
0.143000, 6770
0.143000, 6769
0.144000, 6768
0.145000, 6767
0.145000, 6766
0.146000, 6765
0.146000, 6764
0.147000, 6763
0.147000, 6762
0.148000, 6761
0.148000, 6760
0.149000, 6759
0.149000, 6758
0.150000, 6757
0.151000, 6756
0.152000, 6755
0.152000, 6754
0.153000, 6753
0.153000, 6752
0.155000, 6751
0.155000, 6750
0.155000, 6749
0.156000, 6748
0.157000, 6747
0.158000, 6746
0.158000, 6745
0.159000, 6744
0.159000, 6743
0.160000, 6742
0.160000, 6741
0.161000, 6740
0.162000, 6739
0.163000, 6738
0.163000, 6737
0.163000, 6736
0.163000, 6735
0.164000, 6734
0.165000, 6733
0.166000, 6732
0.166000, 6731
0.167000, 6730
0.167000, 6729
0.167000, 6728
0.168000, 6727
0.169000, 6726
0.169000, 6725
0.170000, 6724
0.170000, 6723
0.171000, 6722
0.171000, 6721
0.172000, 6720
0.173000, 6719
0.174000, 6718
0.176000, 6717
0.177000, 6716
0.177000, 6715
0.178000, 6714
0.179000, 6713
0.179000, 6712
0.180000, 6711
0.180000, 6710
0.181000, 6709
0.183000, 6708
0.185000, 6707
0.185000, 6706
0.185000, 6705
0.186000, 6704
0.186000, 6703
0.186000, 6702
0.187000, 6701
0.189000, 6700
0.191000, 6699
0.191000, 6698
0.192000, 6697
0.192000, 6696
0.193000, 6695
0.194000, 6694
0.194000, 6693
0.194000, 6692
0.195000, 6691
0.195000, 6690
0.197000, 6689
0.197000, 6688
0.198000, 6687
0.199000, 6686
0.199000, 6685
0.200000, 6684
0.200000, 6683
0.202000, 6682
0.203000, 6681
0.203000, 6680
0.203000, 6679
0.204000, 6678
0.205000, 6677
0.207000, 6676
0.209000, 6675
0.210000, 6674
0.211000, 6673
0.212000, 6672
0.212000, 6671
0.212000, 6670
0.213000, 6669
0.214000, 6668
0.215000, 6667
0.216000, 6666
0.217000, 6665
0.217000, 6664
0.218000, 6663
0.219000, 6662
0.220000, 6661
0.220000, 6660
0.222000, 6659
0.222000, 6658
0.223000, 6657
0.223000, 6656
0.223000, 6655
0.224000, 6654
0.224000, 6653
0.225000, 6652
0.225000, 6651
0.226000, 6650
0.226000, 6649
0.227000, 6648
0.228000, 6647
0.229000, 6646
0.230000, 6645
0.230000, 6644
0.232000, 6643
0.232000, 6642
0.233000, 6641
0.233000, 6640
0.235000, 6639
0.235000, 6638
0.236000, 6637
0.238000, 6636
0.238000, 6635
0.239000, 6634
0.239000, 6633
0.241000, 6632
0.241000, 6631
0.241000, 6630
0.241000, 6629
0.242000, 6628
0.243000, 6627
0.244000, 6626
0.244000, 6625
0.244000, 6624
0.245000, 6623
0.245000, 6622
0.246000, 6621
0.246000, 6620
0.247000, 6619
0.247000, 6618
0.247000, 6617
0.248000, 6616
0.249000, 6615
0.250000, 6614
0.250000, 6613
0.253000, 6612
0.254000, 6611
0.254000, 6610
0.255000, 6609
0.255000, 6608
0.256000, 6607
0.257000, 6606
0.257000, 6605
0.257000, 6604
0.258000, 6603
0.258000, 6602
0.259000, 6601
0.260000, 6600
0.261000, 6599
0.261000, 6598
0.262000, 6597
0.262000, 6596
0.263000, 6595
0.264000, 6594
0.264000, 6593
0.264000, 6592
0.264000, 6591
0.265000, 6590
0.266000, 6589
0.268000, 6588
0.269000, 6587
0.270000, 6586
0.271000, 6585
0.271000, 6584
0.271000, 6583
0.272000, 6582
0.280000, 6581
0.281000, 6580
0.282000, 6579
0.282000, 6578
0.283000, 6577
0.283000, 6576
0.284000, 6575
0.284000, 6574
0.284000, 6573
0.285000, 6572
0.285000, 6571
0.286000, 6570
0.286000, 6569
0.287000, 6568
0.288000, 6567
0.289000, 6566
0.289000, 6565
0.290000, 6564
0.290000, 6563
0.291000, 6562
0.291000, 6561
0.291000, 6560
0.291000, 6559
0.291000, 6558
0.292000, 6557
0.292000, 6556
0.292000, 6555
0.293000, 6554
0.293000, 6553
0.294000, 6552
0.295000, 6551
0.295000, 6550
0.295000, 6549
0.297000, 6548
0.297000, 6547
0.298000, 6546
0.298000, 6545
0.298000, 6544
0.300000, 6543
0.300000, 6542
0.300000, 6541
0.301000, 6540
0.301000, 6539
0.301000, 6538
0.302000, 6537
0.302000, 6536
0.303000, 6535
0.303000, 6534
0.303000, 6533
0.303000, 6532
0.303000, 6531
0.303000, 6530
0.304000, 6529
0.304000, 6528
0.304000, 6527
0.305000, 6526
0.306000, 6525
0.306000, 6524
0.307000, 6523
0.307000, 6522
0.308000, 6521
0.308000, 6520
0.308000, 6519
0.309000, 6518
0.309000, 6517
0.309000, 6516
0.310000, 6515
0.310000, 6514
0.310000, 6513
0.310000, 6512
0.311000, 6511
0.311000, 6510
0.311000, 6509
0.312000, 6508
0.312000, 6507
0.312000, 6506
0.313000, 6505
0.313000, 6504
0.314000, 6503
0.314000, 6502
0.314000, 6501
0.315000, 6500
0.316000, 6499
0.316000, 6498
0.316000, 6497
0.317000, 6496
0.317000, 6495
0.317000, 6494
0.317000, 6493
0.318000, 6492
0.318000, 6491
0.318000, 6490
0.318000, 6489
0.319000, 6488
0.320000, 6487
0.320000, 6486
0.320000, 6485
0.320000, 6484
0.321000, 6483
0.321000, 6482
0.321000, 6481
0.321000, 6480
0.322000, 6479
0.322000, 6478
0.322000, 6477
0.322000, 6476
0.323000, 6475
0.323000, 6474
0.323000, 6473
0.324000, 6472
0.324000, 6471
0.324000, 6470
0.325000, 6469
0.326000, 6468
0.326000, 6467
0.326000, 6466
0.326000, 6465
0.327000, 6464
0.327000, 6463
0.328000, 6462
0.328000, 6461
0.328000, 6460
0.328000, 6459
0.328000, 6458
0.329000, 6457
0.329000, 6456
0.330000, 6455
0.330000, 6454
0.331000, 6453
0.332000, 6452
0.332000, 6451
0.332000, 6450
0.332000, 6449
0.333000, 6448
0.333000, 6447
0.334000, 6446
0.334000, 6445
0.334000, 6444
0.335000, 6443
0.335000, 6442
0.335000, 6441
0.336000, 6440
0.336000, 6439
0.336000, 6438
0.337000, 6437
0.337000, 6436
0.338000, 6435
0.338000, 6434
0.338000, 6433
0.339000, 6432
0.339000, 6431
0.339000, 6430
0.340000, 6429
0.340000, 6428
0.341000, 6427
0.341000, 6426
0.342000, 6425
0.342000, 6424
0.343000, 6423
0.343000, 6422
0.343000, 6421
0.343000, 6420
0.344000, 6419
0.345000, 6418
0.345000, 6417
0.345000, 6416
0.346000, 6415
0.346000, 6414
0.346000, 6413
0.347000, 6412
0.348000, 6411
0.348000, 6410
0.349000, 6409
0.349000, 6408
0.349000, 6407
0.349000, 6406
0.349000, 6405
0.350000, 6404
0.351000, 6403
0.351000, 6402
0.351000, 6401
0.351000, 6400
0.352000, 6399
0.352000, 6398
0.352000, 6397
0.353000, 6396
0.353000, 6395
0.354000, 6394
0.354000, 6393
0.355000, 6392
0.355000, 6391
0.356000, 6390
0.357000, 6389
0.358000, 6388
0.359000, 6387
0.359000, 6386
0.359000, 6385
0.360000, 6384
0.360000, 6383
0.361000, 6382
0.362000, 6381
0.362000, 6380
0.362000, 6379
0.363000, 6378
0.363000, 6377
0.363000, 6376
0.364000, 6375
0.364000, 6374
0.364000, 6373
0.364000, 6372
0.364000, 6371
0.365000, 6370
0.365000, 6369
0.365000, 6368
0.366000, 6367
0.366000, 6366
0.367000, 6365
0.367000, 6364
0.368000, 6363
0.368000, 6362
0.368000, 6361
0.369000, 6360
0.369000, 6359
0.369000, 6358
0.370000, 6357
0.370000, 6356
0.370000, 6355
0.371000, 6354
0.371000, 6353
0.372000, 6352
0.372000, 6351
0.372000, 6350
0.373000, 6349
0.373000, 6348
0.374000, 6347
0.375000, 6346
0.375000, 6345
0.376000, 6344
0.376000, 6343
0.376000, 6342
0.376000, 6341
0.376000, 6340
0.377000, 6339
0.377000, 6338
0.378000, 6337
0.378000, 6336
0.378000, 6335
0.378000, 6334
0.379000, 6333
0.379000, 6332
0.380000, 6331
0.380000, 6330
0.380000, 6329
0.381000, 6328
0.381000, 6327
0.381000, 6326
0.382000, 6325
0.382000, 6324
0.382000, 6323
0.383000, 6322
0.383000, 6321
0.383000, 6320
0.384000, 6319
0.384000, 6318
0.384000, 6317
0.385000, 6316
0.385000, 6315
0.386000, 6314
0.387000, 6313
0.387000, 6312
0.388000, 6311
0.388000, 6310
0.389000, 6309
0.389000, 6308
0.390000, 6307
0.390000, 6306
0.390000, 6305
0.390000, 6304
0.391000, 6303
0.391000, 6302
0.392000, 6301
0.393000, 6300
0.393000, 6299
0.394000, 6298
0.395000, 6297
0.395000, 6296
0.395000, 6295
0.396000, 6294
0.396000, 6293
0.396000, 6292
0.396000, 6291
0.397000, 6290
0.397000, 6289
0.398000, 6288
0.398000, 6287
0.398000, 6286
0.399000, 6285
0.400000, 6284
0.400000, 6283
0.400000, 6282
0.401000, 6281
0.401000, 6280
0.402000, 6279
0.402000, 6278
0.402000, 6277
0.403000, 6276
0.403000, 6275
0.404000, 6274
0.404000, 6273
0.404000, 6272
0.404000, 6271
0.405000, 6270
0.405000, 6269
0.406000, 6268
0.407000, 6267
0.407000, 6266
0.409000, 6265
0.409000, 6264
0.409000, 6263
0.410000, 6262
0.410000, 6261
0.410000, 6260
0.411000, 6259
0.411000, 6258
0.411000, 6257
0.411000, 6256
0.413000, 6255
0.413000, 6254
0.413000, 6253
0.413000, 6252
0.414000, 6251
0.414000, 6250
0.414000, 6249
0.414000, 6248
0.415000, 6247
0.415000, 6246
0.416000, 6245
0.417000, 6244
0.417000, 6243
0.417000, 6242
0.417000, 6241
0.417000, 6240
0.418000, 6239
0.418000, 6238
0.418000, 6237
0.418000, 6236
0.419000, 6235
0.419000, 6234
0.419000, 6233
0.420000, 6232
0.420000, 6231
0.420000, 6230
0.421000, 6229
0.421000, 6228
0.422000, 6227
0.422000, 6226
0.423000, 6225
0.424000, 6224
0.424000, 6223
0.424000, 6222
0.424000, 6221
0.425000, 6220
0.425000, 6219
0.426000, 6218
0.426000, 6217
0.427000, 6216
0.427000, 6215
0.427000, 6214
0.427000, 6213
0.427000, 6212
0.428000, 6211
0.429000, 6210
0.430000, 6209
0.430000, 6208
0.430000, 6207
0.431000, 6206
0.432000, 6205
0.432000, 6204
0.433000, 6203
0.433000, 6202
0.435000, 6201
0.435000, 6200
0.435000, 6199
0.436000, 6198
0.436000, 6197
0.437000, 6196
0.438000, 6195
0.438000, 6194
0.439000, 6193
0.439000, 6192
0.439000, 6191
0.440000, 6190
0.441000, 6189
0.441000, 6188
0.442000, 6187
0.442000, 6186
0.443000, 6185
0.444000, 6184
0.444000, 6183
0.445000, 6182
0.445000, 6181
0.445000, 6180
0.445000, 6179
0.446000, 6178
0.446000, 6177
0.446000, 6176
0.446000, 6175
0.447000, 6174
0.447000, 6173
0.448000, 6172
0.449000, 6171
0.449000, 6170
0.450000, 6169
0.450000, 6168
0.450000, 6167
0.451000, 6166
0.452000, 6165
0.453000, 6164
0.454000, 6163
0.454000, 6162
0.455000, 6161
0.455000, 6160
0.455000, 6159
0.456000, 6158
0.456000, 6157
0.457000, 6156
0.457000, 6155
0.457000, 6154
0.457000, 6153
0.458000, 6152
0.459000, 6151
0.460000, 6150
0.460000, 6149
0.461000, 6148
0.461000, 6147
0.462000, 6146
0.464000, 6145
0.465000, 6144
0.465000, 6143
0.465000, 6142
0.466000, 6141
0.466000, 6140
0.466000, 6139
0.467000, 6138
0.467000, 6137
0.467000, 6136
0.468000, 6135
0.468000, 6134
0.469000, 6133
0.470000, 6132
0.470000, 6131
0.470000, 6130
0.471000, 6129
0.471000, 6128
0.472000, 6127
0.472000, 6126
0.480000, 6125
0.480000, 6124
0.480000, 6123
0.481000, 6122
0.481000, 6121
0.482000, 6120
0.482000, 6119
0.483000, 6118
0.483000, 6117
0.484000, 6116
0.484000, 6115
0.485000, 6114
0.486000, 6113
0.486000, 6112
0.487000, 6111
0.487000, 6110
0.488000, 6109
0.489000, 6108
0.489000, 6107
0.490000, 6106
0.490000, 6105
0.490000, 6104
0.490000, 6103
0.490000, 6102
0.491000, 6101
0.491000, 6100
0.491000, 6099
0.491000, 6098
0.492000, 6097
0.492000, 6096
0.493000, 6095
0.493000, 6094
0.493000, 6093
0.493000, 6092
0.494000, 6091
0.494000, 6090
0.495000, 6089
0.495000, 6088
0.496000, 6087
0.496000, 6086
0.496000, 6085
0.496000, 6084
0.497000, 6083
0.498000, 6082
0.498000, 6081
0.499000, 6080
0.499000, 6079
0.500000, 6078
0.500000, 6077
0.500000, 6076
0.501000, 6075
0.502000, 6074
0.502000, 6073
0.502000, 6072
0.504000, 6071
0.504000, 6070
0.504000, 6069
0.505000, 6068
0.505000, 6067
0.506000, 6066
0.506000, 6065
0.507000, 6064
0.507000, 6063
0.507000, 6062
0.507000, 6061
0.508000, 6060
0.508000, 6059
0.508000, 6058
0.509000, 6057
0.509000, 6056
0.509000, 6055
0.510000, 6054
0.511000, 6053
0.511000, 6052
0.511000, 6051
0.511000, 6050
0.512000, 6049
0.512000, 6048
0.512000, 6047
0.513000, 6046
0.513000, 6045
0.514000, 6044
0.514000, 6043
0.514000, 6042
0.515000, 6041
0.515000, 6040
0.515000, 6039
0.516000, 6038
0.516000, 6037
0.517000, 6036
0.517000, 6035
0.518000, 6034
0.518000, 6033
0.520000, 6032
0.520000, 6031
0.522000, 6030
0.522000, 6029
0.523000, 6028
0.524000, 6027
0.524000, 6026
0.524000, 6025
0.525000, 6024
0.525000, 6023
0.525000, 6022
0.526000, 6021
0.526000, 6020
0.527000, 6019
0.528000, 6018
0.529000, 6017
0.530000, 6016
0.530000, 6015
0.531000, 6014
0.531000, 6013
0.532000, 6012
0.533000, 6011
0.534000, 6010
0.534000, 6009
0.534000, 6008
0.534000, 6007
0.535000, 6006
0.535000, 6005
0.535000, 6004
0.535000, 6003
0.535000, 6002
0.537000, 6001
0.537000, 6000
0.538000, 5999
0.538000, 5998
0.538000, 5997
0.539000, 5996
0.540000, 5995
0.540000, 5994
0.540000, 5993
0.541000, 5992
0.542000, 5991
0.543000, 5990
0.543000, 5989
0.544000, 5988
0.544000, 5987
0.545000, 5986
0.545000, 5985
0.546000, 5984
0.546000, 5983
0.546000, 5982
0.547000, 5981
0.548000, 5980
0.548000, 5979
0.548000, 5978
0.549000, 5977
0.550000, 5976
0.550000, 5975
0.551000, 5974
0.552000, 5973
0.552000, 5972
0.553000, 5971
0.553000, 5970
0.554000, 5969
0.554000, 5968
0.554000, 5967
0.555000, 5966
0.555000, 5965
0.556000, 5964
0.557000, 5963
0.557000, 5962
0.557000, 5961
0.558000, 5960
0.558000, 5959
0.560000, 5958
0.560000, 5957
0.562000, 5956
0.562000, 5955
0.562000, 5954
0.563000, 5953
0.564000, 5952
0.564000, 5951
0.565000, 5950
0.565000, 5949
0.566000, 5948
0.567000, 5947
0.568000, 5946
0.568000, 5945
0.568000, 5944
0.568000, 5943
0.568000, 5942
0.568000, 5941
0.569000, 5940
0.569000, 5939
0.569000, 5938
0.570000, 5937
0.570000, 5936
0.570000, 5935
0.571000, 5934
0.572000, 5933
0.572000, 5932
0.572000, 5931
0.573000, 5930
0.573000, 5929
0.573000, 5928
0.574000, 5927
0.575000, 5926
0.575000, 5925
0.575000, 5924
0.575000, 5923
0.576000, 5922
0.577000, 5921
0.578000, 5920
0.578000, 5919
0.579000, 5918
0.580000, 5917
0.580000, 5916
0.581000, 5915
0.582000, 5914
0.582000, 5913
0.582000, 5912
0.583000, 5911
0.583000, 5910
0.583000, 5909
0.583000, 5908
0.583000, 5907
0.584000, 5906
0.584000, 5905
0.585000, 5904
0.585000, 5903
0.585000, 5902
0.586000, 5901
0.586000, 5900
0.586000, 5899
0.588000, 5898
0.589000, 5897
0.589000, 5896
0.589000, 5895
0.589000, 5894
0.589000, 5893
0.590000, 5892
0.590000, 5891
0.591000, 5890
0.591000, 5889
0.593000, 5888
0.593000, 5887
0.594000, 5886
0.594000, 5885
0.595000, 5884
0.595000, 5883
0.595000, 5882
0.596000, 5881
0.596000, 5880
0.596000, 5879
0.597000, 5878
0.597000, 5877
0.598000, 5876
0.599000, 5875
0.599000, 5874
0.600000, 5873
0.601000, 5872
0.602000, 5871
0.602000, 5870
0.602000, 5869
0.602000, 5868
0.602000, 5867
0.603000, 5866
0.607000, 5865
0.608000, 5864
0.609000, 5863
0.609000, 5862
0.609000, 5861
0.610000, 5860
0.610000, 5859
0.610000, 5858
0.611000, 5857
0.611000, 5856
0.612000, 5855
0.613000, 5854
0.613000, 5853
0.614000, 5852
0.614000, 5851
0.616000, 5850
0.617000, 5849
0.618000, 5848
0.618000, 5847
0.619000, 5846
0.620000, 5845
0.620000, 5844
0.620000, 5843
0.623000, 5842
0.623000, 5841
0.623000, 5840
0.624000, 5839
0.624000, 5838
0.625000, 5837
0.626000, 5836
0.626000, 5835
0.627000, 5834
0.628000, 5833
0.629000, 5832
0.629000, 5831
0.629000, 5830
0.629000, 5829
0.631000, 5828
0.632000, 5827
0.633000, 5826
0.633000, 5825
0.633000, 5824
0.634000, 5823
0.634000, 5822
0.634000, 5821
0.634000, 5820
0.634000, 5819
0.635000, 5818
0.636000, 5817
0.636000, 5816
0.637000, 5815
0.637000, 5814
0.638000, 5813
0.638000, 5812
0.639000, 5811
0.639000, 5810
0.639000, 5809
0.640000, 5808
0.640000, 5807
0.641000, 5806
0.641000, 5805
0.642000, 5804
0.642000, 5803
0.643000, 5802
0.644000, 5801
0.644000, 5800
0.644000, 5799
0.645000, 5798
0.652000, 5797
0.652000, 5796
0.652000, 5795
0.653000, 5794
0.653000, 5793
0.653000, 5792
0.654000, 5791
0.654000, 5790
0.656000, 5789
0.656000, 5788
0.657000, 5787
0.659000, 5786
0.661000, 5785
0.661000, 5784
0.662000, 5783
0.662000, 5782
0.663000, 5781
0.663000, 5780
0.663000, 5779
0.664000, 5778
0.665000, 5777
0.665000, 5776
0.666000, 5775
0.667000, 5774
0.667000, 5773
0.668000, 5772
0.669000, 5771
0.669000, 5770
0.670000, 5769
0.672000, 5768
0.672000, 5767
0.673000, 5766
0.673000, 5765
0.674000, 5764
0.674000, 5763
0.675000, 5762
0.675000, 5761
0.679000, 5760
0.679000, 5759
0.681000, 5758
0.681000, 5757
0.681000, 5756
0.682000, 5755
0.683000, 5754
0.684000, 5753
0.685000, 5752
0.685000, 5751
0.686000, 5750
0.687000, 5749
0.687000, 5748
0.688000, 5747
0.688000, 5746
0.689000, 5745
0.689000, 5744
0.690000, 5743
0.690000, 5742
0.690000, 5741
0.691000, 5740
0.691000, 5739
0.691000, 5738
0.692000, 5737
0.693000, 5736
0.694000, 5735
0.695000, 5734
0.695000, 5733
0.695000, 5732
0.696000, 5731
0.697000, 5730
0.698000, 5729
0.698000, 5728
0.698000, 5727
0.698000, 5726
0.699000, 5725
0.699000, 5724
0.699000, 5723
0.699000, 5722
0.700000, 5721
0.700000, 5720
0.702000, 5719
0.702000, 5718
0.703000, 5717
0.704000, 5716
0.705000, 5715
0.706000, 5714
0.706000, 5713
0.707000, 5712
0.707000, 5711
0.707000, 5710
0.708000, 5709
0.708000, 5708
0.708000, 5707
0.709000, 5706
0.711000, 5705
0.711000, 5704
0.712000, 5703
0.712000, 5702
0.713000, 5701
0.713000, 5700
0.714000, 5699
0.715000, 5698
0.715000, 5697
0.715000, 5696
0.715000, 5695
0.717000, 5694
0.717000, 5693
0.718000, 5692
0.719000, 5691
0.720000, 5690
0.720000, 5689
0.720000, 5688
0.720000, 5687
0.721000, 5686
0.721000, 5685
0.723000, 5684
0.723000, 5683
0.724000, 5682
0.725000, 5681
0.725000, 5680
0.726000, 5679
0.726000, 5678
0.727000, 5677
0.728000, 5676
0.728000, 5675
0.728000, 5674
0.728000, 5673
0.729000, 5672
0.729000, 5671
0.730000, 5670
0.730000, 5669
0.732000, 5668
0.732000, 5667
0.732000, 5666
0.733000, 5665
0.733000, 5664
0.734000, 5663
0.734000, 5662
0.734000, 5661
0.735000, 5660
0.735000, 5659
0.736000, 5658
0.736000, 5657
0.736000, 5656
0.736000, 5655
0.737000, 5654
0.738000, 5653
0.739000, 5652
0.740000, 5651
0.742000, 5650
0.744000, 5649
0.745000, 5648
0.745000, 5647
0.745000, 5646
0.746000, 5645
0.746000, 5644
0.747000, 5643
0.748000, 5642
0.749000, 5641
0.749000, 5640
0.750000, 5639
0.751000, 5638
0.752000, 5637
0.754000, 5636
0.754000, 5635
0.755000, 5634
0.756000, 5633
0.757000, 5632
0.759000, 5631
0.760000, 5630
0.762000, 5629
0.762000, 5628
0.763000, 5627
0.764000, 5626
0.764000, 5625
0.765000, 5624
0.766000, 5623
0.766000, 5622
0.766000, 5621
0.767000, 5620
0.767000, 5619
0.768000, 5618
0.771000, 5617
0.771000, 5616
0.771000, 5615
0.773000, 5614
0.773000, 5613
0.775000, 5612
0.775000, 5611
0.775000, 5610
0.778000, 5609
0.778000, 5608
0.778000, 5607
0.779000, 5606
0.779000, 5605
0.779000, 5604
0.780000, 5603
0.784000, 5602
0.784000, 5601
0.785000, 5600
0.787000, 5599
0.788000, 5598
0.788000, 5597
0.789000, 5596
0.789000, 5595
0.790000, 5594
0.791000, 5593
0.791000, 5592
0.792000, 5591
0.794000, 5590
0.795000, 5589
0.795000, 5588
0.795000, 5587
0.796000, 5586
0.796000, 5585
0.797000, 5584
0.800000, 5583
0.802000, 5582
0.802000, 5581
0.804000, 5580
0.811000, 5579
0.813000, 5578
0.813000, 5577
0.814000, 5576
0.816000, 5575
0.817000, 5574
0.818000, 5573
0.818000, 5572
0.821000, 5571
0.821000, 5570
0.823000, 5569
0.823000, 5568
0.823000, 5567
0.824000, 5566
0.826000, 5565
0.826000, 5564
0.827000, 5563
0.827000, 5562
0.829000, 5561
0.830000, 5560
0.831000, 5559
0.832000, 5558
0.832000, 5557
0.832000, 5556
0.834000, 5555
0.834000, 5554
0.834000, 5553
0.834000, 5552
0.835000, 5551
0.835000, 5550
0.836000, 5549
0.836000, 5548
0.837000, 5547
0.839000, 5546
0.840000, 5545
0.840000, 5544
0.840000, 5543
0.841000, 5542
0.842000, 5541
0.843000, 5540
0.843000, 5539
0.844000, 5538
0.844000, 5537
0.844000, 5536
0.847000, 5535
0.848000, 5534
0.848000, 5533
0.849000, 5532
0.849000, 5531
0.851000, 5530
0.851000, 5529
0.852000, 5528
0.852000, 5527
0.852000, 5526
0.852000, 5525
0.853000, 5524
0.854000, 5523
0.854000, 5522
0.854000, 5521
0.855000, 5520
0.855000, 5519
0.856000, 5518
0.857000, 5517
0.858000, 5516
0.859000, 5515
0.860000, 5514
0.860000, 5513
0.860000, 5512
0.861000, 5511
0.862000, 5510
0.863000, 5509
0.864000, 5508
0.864000, 5507
0.864000, 5506
0.865000, 5505
0.866000, 5504
0.867000, 5503
0.868000, 5502
0.869000, 5501
0.869000, 5500
0.870000, 5499
0.870000, 5498
0.871000, 5497
0.873000, 5496
0.874000, 5495
0.875000, 5494
0.877000, 5493
0.877000, 5492
0.878000, 5491
0.878000, 5490
0.879000, 5489
0.880000, 5488
0.880000, 5487
0.881000, 5486
0.881000, 5485
0.882000, 5484
0.882000, 5483
0.883000, 5482
0.883000, 5481
0.885000, 5480
0.885000, 5479
0.885000, 5478
0.886000, 5477
0.887000, 5476
0.888000, 5475
0.890000, 5474
0.891000, 5473
0.891000, 5472
0.892000, 5471
0.893000, 5470
0.894000, 5469
0.894000, 5468
0.894000, 5467
0.895000, 5466
0.895000, 5465
0.896000, 5464
0.897000, 5463
0.897000, 5462
0.899000, 5461
0.901000, 5460
0.902000, 5459
0.902000, 5458
0.903000, 5457
0.904000, 5456
0.904000, 5455
0.905000, 5454
0.905000, 5453
0.906000, 5452
0.907000, 5451
0.907000, 5450
0.908000, 5449
0.909000, 5448
0.910000, 5447
0.910000, 5446
0.911000, 5445
0.911000, 5444
0.913000, 5443
0.913000, 5442
0.913000, 5441
0.914000, 5440
0.915000, 5439
0.916000, 5438
0.918000, 5437
0.918000, 5436
0.919000, 5435
0.920000, 5434
0.921000, 5433
0.921000, 5432
0.922000, 5431
0.923000, 5430
0.923000, 5429
0.925000, 5428
0.925000, 5427
0.926000, 5426
0.927000, 5425
0.927000, 5424
0.927000, 5423
0.930000, 5422
0.932000, 5421
0.933000, 5420
0.933000, 5419
0.935000, 5418
0.935000, 5417
0.936000, 5416
0.937000, 5415
0.938000, 5414
0.938000, 5413
0.938000, 5412
0.939000, 5411
0.940000, 5410
0.940000, 5409
0.941000, 5408
0.941000, 5407
0.943000, 5406
0.944000, 5405
0.946000, 5404
0.946000, 5403
0.947000, 5402
0.948000, 5401
0.949000, 5400
0.949000, 5399
0.950000, 5398
0.951000, 5397
0.952000, 5396
0.953000, 5395
0.954000, 5394
0.955000, 5393
0.955000, 5392
0.956000, 5391
0.958000, 5390
0.960000, 5389
0.961000, 5388
0.962000, 5387
0.963000, 5386
0.963000, 5385
0.964000, 5384
0.964000, 5383
0.964000, 5382
0.966000, 5381
0.966000, 5380
0.967000, 5379
0.970000, 5378
0.971000, 5377
0.971000, 5376
0.972000, 5375
0.972000, 5374
0.973000, 5373
0.974000, 5372
0.974000, 5371
0.975000, 5370
0.976000, 5369
0.976000, 5368
0.976000, 5367
0.977000, 5366
0.978000, 5365
0.980000, 5364
0.982000, 5363
0.983000, 5362
0.983000, 5361
0.983000, 5360
0.983000, 5359
0.984000, 5358
0.985000, 5357
0.986000, 5356
0.987000, 5355
0.988000, 5354
0.989000, 5353
0.989000, 5352
0.990000, 5351
0.991000, 5350
0.991000, 5349
0.992000, 5348
0.993000, 5347
0.995000, 5346
0.996000, 5345
0.997000, 5344
0.998000, 5343
0.998000, 5342
0.999000, 5341
0.999000, 5340
1.001000, 5339
1.001000, 5338
1.003000, 5337
1.004000, 5336
1.006000, 5335
1.009000, 5334
1.009000, 5333
1.010000, 5332
1.012000, 5331
1.013000, 5330
1.016000, 5329
1.017000, 5328
1.018000, 5327
1.018000, 5326
1.018000, 5325
1.019000, 5324
1.019000, 5323
1.021000, 5322
1.023000, 5321
1.024000, 5320
1.026000, 5319
1.031000, 5318
1.032000, 5317
1.032000, 5316
1.032000, 5315
1.035000, 5314
1.037000, 5313
1.038000, 5312
1.039000, 5311
1.040000, 5310
1.040000, 5309
1.040000, 5308
1.042000, 5307
1.042000, 5306
1.051000, 5305
1.052000, 5304
1.053000, 5303
1.054000, 5302
1.056000, 5301
1.056000, 5300
1.059000, 5299
1.061000, 5298
1.061000, 5297
1.062000, 5296
1.064000, 5295
1.065000, 5294
1.065000, 5293
1.066000, 5292
1.067000, 5291
1.068000, 5290
1.070000, 5289
1.073000, 5288
1.075000, 5287
1.075000, 5286
1.076000, 5285
1.076000, 5284
1.077000, 5283
1.078000, 5282
1.079000, 5281
1.080000, 5280
1.081000, 5279
1.083000, 5278
1.084000, 5277
1.086000, 5276
1.087000, 5275
1.087000, 5274
1.088000, 5273
1.089000, 5272
1.090000, 5271
1.090000, 5270
1.091000, 5269
1.091000, 5268
1.093000, 5267
1.094000, 5266
1.094000, 5265
1.098000, 5264
1.098000, 5263
1.109000, 5262
1.110000, 5261
1.112000, 5260
1.113000, 5259
1.114000, 5258
1.114000, 5257
1.115000, 5256
1.115000, 5255
1.115000, 5254
1.118000, 5253
1.118000, 5252
1.118000, 5251
1.119000, 5250
1.119000, 5249
1.120000, 5248
1.122000, 5247
1.124000, 5246
1.124000, 5245
1.125000, 5244
1.127000, 5243
1.128000, 5242
1.128000, 5241
1.128000, 5240
1.133000, 5239
1.133000, 5238
1.133000, 5237
1.135000, 5236
1.136000, 5235
1.137000, 5234
1.141000, 5233
1.142000, 5232
1.143000, 5231
1.144000, 5230
1.145000, 5229
1.146000, 5228
1.146000, 5227
1.146000, 5226
1.147000, 5225
1.149000, 5224
1.149000, 5223
1.153000, 5222
1.154000, 5221
1.155000, 5220
1.158000, 5219
1.161000, 5218
1.162000, 5217
1.163000, 5216
1.164000, 5215
1.164000, 5214
1.165000, 5213
1.168000, 5212
1.168000, 5211
1.169000, 5210
1.170000, 5209
1.172000, 5208
1.172000, 5207
1.174000, 5206
1.178000, 5205
1.178000, 5204
1.178000, 5203
1.179000, 5202
1.180000, 5201
1.181000, 5200
1.181000, 5199
1.181000, 5198
1.182000, 5197
1.182000, 5196
1.183000, 5195
1.184000, 5194
1.184000, 5193
1.184000, 5192
1.185000, 5191
1.189000, 5190
1.190000, 5189
1.191000, 5188
1.192000, 5187
1.193000, 5186
1.194000, 5185
1.199000, 5184
1.201000, 5183
1.202000, 5182
1.205000, 5181
1.206000, 5180
1.207000, 5179
1.207000, 5178
1.210000, 5177
1.212000, 5176
1.213000, 5175
1.213000, 5174
1.214000, 5173
1.214000, 5172
1.214000, 5171
1.215000, 5170
1.215000, 5169
1.216000, 5168
1.218000, 5167
1.219000, 5166
1.219000, 5165
1.222000, 5164
1.224000, 5163
1.225000, 5162
1.227000, 5161
1.228000, 5160
1.228000, 5159
1.229000, 5158
1.232000, 5157
1.233000, 5156
1.234000, 5155
1.237000, 5154
1.239000, 5153
1.239000, 5152
1.240000, 5151
1.241000, 5150
1.242000, 5149
1.242000, 5148
1.242000, 5147
1.243000, 5146
1.243000, 5145
1.246000, 5144
1.246000, 5143
1.249000, 5142
1.251000, 5141
1.252000, 5140
1.252000, 5139
1.254000, 5138
1.258000, 5137
1.259000, 5136
1.260000, 5135
1.261000, 5134
1.263000, 5133
1.264000, 5132
1.265000, 5131
1.266000, 5130
1.267000, 5129
1.267000, 5128
1.268000, 5127
1.268000, 5126
1.273000, 5125
1.275000, 5124
1.275000, 5123
1.275000, 5122
1.277000, 5121
1.278000, 5120
1.279000, 5119
1.280000, 5118
1.284000, 5117
1.285000, 5116
1.285000, 5115
1.288000, 5114
1.290000, 5113
1.292000, 5112
1.293000, 5111
1.294000, 5110
1.295000, 5109
1.295000, 5108
1.298000, 5107
1.299000, 5106
1.300000, 5105
1.301000, 5104
1.313000, 5103
1.314000, 5102
1.316000, 5101
1.321000, 5100
1.321000, 5099
1.325000, 5098
1.326000, 5097
1.327000, 5096
1.328000, 5095
1.328000, 5094
1.329000, 5093
1.330000, 5092
1.331000, 5091
1.332000, 5090
1.333000, 5089
1.333000, 5088
1.335000, 5087
1.340000, 5086
1.341000, 5085
1.342000, 5084
1.343000, 5083
1.346000, 5082
1.347000, 5081
1.348000, 5080
1.349000, 5079
1.351000, 5078
1.353000, 5077
1.355000, 5076
1.355000, 5075
1.357000, 5074
1.357000, 5073
1.358000, 5072
1.358000, 5071
1.358000, 5070
1.360000, 5069
1.361000, 5068
1.362000, 5067
1.365000, 5066
1.365000, 5065
1.375000, 5064
1.379000, 5063
1.382000, 5062
1.382000, 5061
1.384000, 5060
1.392000, 5059
1.398000, 5058
1.408000, 5057
1.410000, 5056
1.410000, 5055
1.414000, 5054
1.416000, 5053
1.418000, 5052
1.419000, 5051
1.423000, 5050
1.423000, 5049
1.424000, 5048
1.424000, 5047
1.430000, 5046
1.435000, 5045
1.437000, 5044
1.439000, 5043
1.443000, 5042
1.445000, 5041
1.451000, 5040
1.451000, 5039
1.455000, 5038
1.455000, 5037
1.458000, 5036
1.462000, 5035
1.466000, 5034
1.467000, 5033
1.469000, 5032
1.473000, 5031
1.474000, 5030
1.478000, 5029
1.479000, 5028
1.480000, 5027
1.482000, 5026
1.483000, 5025
1.485000, 5024
1.489000, 5023
1.492000, 5022
1.494000, 5021
1.495000, 5020
1.496000, 5019
1.496000, 5018
1.498000, 5017
1.507000, 5016
1.508000, 5015
1.508000, 5014
1.509000, 5013
1.514000, 5012
1.517000, 5011
1.520000, 5010
1.524000, 5009
1.528000, 5008
1.530000, 5007
1.533000, 5006
1.537000, 5005
1.541000, 5004
1.541000, 5003
1.542000, 5002
1.544000, 5001
1.544000, 5000
1.548000, 4999
1.551000, 4998
1.552000, 4997
1.552000, 4996
1.556000, 4995
1.556000, 4994
1.558000, 4993
1.562000, 4992
1.563000, 4991
1.564000, 4990
1.566000, 4989
1.567000, 4988
1.576000, 4987
1.579000, 4986
1.582000, 4985
1.585000, 4984
1.589000, 4983
1.593000, 4982
1.593000, 4981
1.594000, 4980
1.594000, 4979
1.596000, 4978
1.599000, 4977
1.599000, 4976
1.603000, 4975
1.604000, 4974
1.605000, 4973
1.609000, 4972
1.609000, 4971
1.616000, 4970
1.624000, 4969
1.625000, 4968
1.626000, 4967
1.627000, 4966
1.628000, 4965
1.635000, 4964
1.638000, 4963
1.640000, 4962
1.656000, 4961
1.656000, 4960
1.664000, 4959
1.666000, 4958
1.670000, 4957
1.674000, 4956
1.683000, 4955
1.688000, 4954
1.694000, 4953
1.698000, 4952
1.701000, 4951
1.702000, 4950
1.703000, 4949
1.706000, 4948
1.707000, 4947
1.713000, 4946
1.714000, 4945
1.729000, 4944
1.735000, 4943
1.749000, 4942
1.750000, 4941
1.758000, 4940
1.774000, 4939
1.785000, 4938
1.794000, 4937
1.796000, 4936
1.798000, 4935
1.800000, 4934
1.814000, 4933
1.814000, 4932
1.824000, 4931
1.837000, 4930
1.840000, 4929
1.841000, 4928
1.842000, 4927
1.845000, 4926
1.848000, 4925
1.864000, 4924
1.865000, 4923
1.876000, 4922
1.882000, 4921
1.887000, 4920
1.922000, 4919
1.926000, 4918
1.927000, 4917
1.928000, 4916
1.928000, 4915
1.931000, 4914
1.932000, 4913
1.933000, 4912
1.946000, 4911
1.947000, 4910
1.955000, 4909
1.962000, 4908
1.975000, 4907
1.977000, 4906
1.988000, 4905
2.003000, 4904
2.007000, 4903
2.009000, 4902
2.014000, 4901
2.015000, 4900
2.016000, 4899
2.018000, 4898
2.025000, 4897
2.035000, 4896
2.036000, 4895
2.036000, 4894
2.041000, 4893
2.041000, 4892
2.052000, 4891
2.054000, 4890
2.066000, 4889
2.072000, 4888
2.074000, 4887
2.083000, 4886
2.084000, 4885
2.089000, 4884
2.096000, 4883
2.100000, 4882
2.112000, 4881
2.113000, 4880
2.116000, 4879
2.120000, 4878
2.143000, 4877
2.144000, 4876
2.147000, 4875
2.148000, 4874
2.150000, 4873
2.157000, 4872
2.157000, 4871
2.162000, 4870
2.164000, 4869
2.167000, 4868
2.175000, 4867
2.189000, 4866
2.191000, 4865
2.192000, 4864
2.192000, 4863
2.196000, 4862
2.197000, 4861
2.215000, 4860
2.232000, 4859
2.233000, 4858
2.292000, 4857
2.295000, 4856
2.302000, 4855
2.318000, 4854
2.319000, 4853
2.374000, 4852
2.377000, 4851
2.379000, 4850
2.390000, 4849
2.394000, 4848
2.414000, 4847
2.415000, 4846
2.440000, 4845
2.446000, 4844
2.447000, 4843
2.453000, 4842
2.463000, 4841
2.465000, 4840
2.466000, 4839
2.500000, 4838
2.509000, 4837
2.514000, 4836
2.556000, 4835
2.559000, 4834
2.577000, 4833
2.597000, 4832
2.648000, 4831
2.663000, 4830
2.680000, 4829
2.706000, 4828
2.771000, 4827
2.775000, 4826
2.855000, 4825
3.021000, 4824
3.070000, 4823
3.281000, 4822
3.612000, 4821
3.869000, 4820
3.992000, 4819
4.042000, 4818
4.277000, 4817
