0.091000, 6831
0.095000, 6830
0.095000, 6829
0.096000, 6828
0.096000, 6827
0.097000, 6826
0.098000, 6825
0.098000, 6824
0.099000, 6823
0.099000, 6822
0.100000, 6821
0.101000, 6820
0.103000, 6819
0.103000, 6818
0.104000, 6817
0.105000, 6816
0.105000, 6815
0.107000, 6814
0.108000, 6813
0.108000, 6812
0.109000, 6811
0.110000, 6810
0.110000, 6809
0.110000, 6808
0.110000, 6807
0.111000, 6806
0.112000, 6805
0.112000, 6804
0.113000, 6803
0.114000, 6802
0.115000, 6801
0.115000, 6800
0.117000, 6799
0.118000, 6798
0.118000, 6797
0.119000, 6796
0.119000, 6795
0.120000, 6794
0.121000, 6793
0.121000, 6792
0.122000, 6791
0.122000, 6790
0.123000, 6789
0.123000, 6788
0.124000, 6787
0.124000, 6786
0.125000, 6785
0.126000, 6784
0.126000, 6783
0.127000, 6782
0.127000, 6781
0.128000, 6780
0.128000, 6779
0.129000, 6778
0.130000, 6777
0.131000, 6776
0.131000, 6775
0.132000, 6774
0.133000, 6773
0.133000, 6772
0.133000, 6771
0.134000, 6770
0.135000, 6769
0.136000, 6768
0.137000, 6767
0.137000, 6766
0.138000, 6765
0.139000, 6764
0.139000, 6763
0.140000, 6762
0.140000, 6761
0.141000, 6760
0.141000, 6759
0.143000, 6758
0.143000, 6757
0.144000, 6756
0.145000, 6755
0.145000, 6754
0.146000, 6753
0.146000, 6752
0.147000, 6751
0.147000, 6750
0.147000, 6749
0.148000, 6748
0.150000, 6747
0.150000, 6746
0.151000, 6745
0.152000, 6744
0.153000, 6743
0.154000, 6742
0.154000, 6741
0.155000, 6740
0.155000, 6739
0.156000, 6738
0.157000, 6737
0.157000, 6736
0.158000, 6735
0.159000, 6734
0.160000, 6733
0.160000, 6732
0.160000, 6731
0.161000, 6730
0.161000, 6729
0.161000, 6728
0.162000, 6727
0.162000, 6726
0.163000, 6725
0.163000, 6724
0.163000, 6723
0.164000, 6722
0.164000, 6721
0.164000, 6720
0.165000, 6719
0.165000, 6718
0.166000, 6717
0.167000, 6716
0.167000, 6715
0.170000, 6714
0.171000, 6713
0.171000, 6712
0.173000, 6711
0.173000, 6710
0.174000, 6709
0.175000, 6708
0.176000, 6707
0.176000, 6706
0.178000, 6705
0.178000, 6704
0.178000, 6703
0.179000, 6702
0.179000, 6701
0.179000, 6700
0.180000, 6699
0.180000, 6698
0.180000, 6697
0.182000, 6696
0.182000, 6695
0.183000, 6694
0.184000, 6693
0.184000, 6692
0.184000, 6691
0.185000, 6690
0.186000, 6689
0.186000, 6688
0.187000, 6687
0.190000, 6686
0.190000, 6685
0.191000, 6684
0.192000, 6683
0.193000, 6682
0.194000, 6681
0.194000, 6680
0.195000, 6679
0.195000, 6678
0.195000, 6677
0.196000, 6676
0.197000, 6675
0.198000, 6674
0.201000, 6673
0.201000, 6672
0.202000, 6671
0.202000, 6670
0.202000, 6669
0.204000, 6668
0.204000, 6667
0.205000, 6666
0.206000, 6665
0.207000, 6664
0.207000, 6663
0.210000, 6662
0.210000, 6661
0.210000, 6660
0.211000, 6659
0.212000, 6658
0.212000, 6657
0.212000, 6656
0.213000, 6655
0.214000, 6654
0.214000, 6653
0.214000, 6652
0.214000, 6651
0.216000, 6650
0.217000, 6649
0.218000, 6648
0.219000, 6647
0.220000, 6646
0.221000, 6645
0.222000, 6644
0.222000, 6643
0.223000, 6642
0.223000, 6641
0.224000, 6640
0.224000, 6639
0.225000, 6638
0.226000, 6637
0.226000, 6636
0.227000, 6635
0.228000, 6634
0.229000, 6633
0.229000, 6632
0.230000, 6631
0.230000, 6630
0.230000, 6629
0.230000, 6628
0.232000, 6627
0.233000, 6626
0.234000, 6625
0.235000, 6624
0.236000, 6623
0.236000, 6622
0.236000, 6621
0.237000, 6620
0.237000, 6619
0.237000, 6618
0.238000, 6617
0.238000, 6616
0.239000, 6615
0.242000, 6614
0.243000, 6613
0.244000, 6612
0.244000, 6611
0.245000, 6610
0.245000, 6609
0.246000, 6608
0.248000, 6607
0.248000, 6606
0.248000, 6605
0.249000, 6604
0.249000, 6603
0.250000, 6602
0.250000, 6601
0.251000, 6600
0.252000, 6599
0.252000, 6598
0.253000, 6597
0.253000, 6596
0.254000, 6595
0.255000, 6594
0.255000, 6593
0.259000, 6592
0.259000, 6591
0.260000, 6590
0.260000, 6589
0.261000, 6588
0.270000, 6587
0.270000, 6586
0.270000, 6585
0.271000, 6584
0.271000, 6583
0.271000, 6582
0.272000, 6581
0.272000, 6580
0.273000, 6579
0.273000, 6578
0.273000, 6577
0.274000, 6576
0.274000, 6575
0.275000, 6574
0.275000, 6573
0.275000, 6572
0.275000, 6571
0.276000, 6570
0.277000, 6569
0.277000, 6568
0.277000, 6567
0.277000, 6566
0.279000, 6565
0.279000, 6564
0.280000, 6563
0.280000, 6562
0.280000, 6561
0.281000, 6560
0.282000, 6559
0.282000, 6558
0.282000, 6557
0.283000, 6556
0.283000, 6555
0.284000, 6554
0.284000, 6553
0.284000, 6552
0.284000, 6551
0.284000, 6550
0.285000, 6549
0.285000, 6548
0.285000, 6547
0.285000, 6546
0.286000, 6545
0.286000, 6544
0.286000, 6543
0.286000, 6542
0.287000, 6541
0.287000, 6540
0.287000, 6539
0.287000, 6538
0.288000, 6537
0.288000, 6536
0.289000, 6535
0.289000, 6534
0.289000, 6533
0.290000, 6532
0.290000, 6531
0.290000, 6530
0.291000, 6529
0.291000, 6528
0.291000, 6527
0.292000, 6526
0.292000, 6525
0.293000, 6524
0.294000, 6523
0.294000, 6522
0.295000, 6521
0.295000, 6520
0.295000, 6519
0.296000, 6518
0.297000, 6517
0.297000, 6516
0.298000, 6515
0.298000, 6514
0.299000, 6513
0.299000, 6512
0.299000, 6511
0.299000, 6510
0.299000, 6509
0.300000, 6508
0.300000, 6507
0.300000, 6506
0.300000, 6505
0.301000, 6504
0.301000, 6503
0.302000, 6502
0.303000, 6501
0.303000, 6500
0.303000, 6499
0.304000, 6498
0.304000, 6497
0.305000, 6496
0.305000, 6495
0.306000, 6494
0.306000, 6493
0.307000, 6492
0.307000, 6491
0.307000, 6490
0.308000, 6489
0.308000, 6488
0.308000, 6487
0.310000, 6486
0.310000, 6485
0.311000, 6484
0.311000, 6483
0.311000, 6482
0.312000, 6481
0.312000, 6480
0.312000, 6479
0.313000, 6478
0.313000, 6477
0.314000, 6476
0.314000, 6475
0.315000, 6474
0.315000, 6473
0.316000, 6472
0.316000, 6471
0.317000, 6470
0.317000, 6469
0.317000, 6468
0.317000, 6467
0.318000, 6466
0.318000, 6465
0.318000, 6464
0.319000, 6463
0.319000, 6462
0.319000, 6461
0.320000, 6460
0.320000, 6459
0.321000, 6458
0.321000, 6457
0.321000, 6456
0.322000, 6455
0.322000, 6454
0.322000, 6453
0.322000, 6452
0.322000, 6451
0.323000, 6450
0.323000, 6449
0.323000, 6448
0.324000, 6447
0.324000, 6446
0.325000, 6445
0.325000, 6444
0.325000, 6443
0.326000, 6442
0.326000, 6441
0.327000, 6440
0.327000, 6439
0.327000, 6438
0.328000, 6437
0.328000, 6436
0.329000, 6435
0.329000, 6434
0.330000, 6433
0.330000, 6432
0.331000, 6431
0.331000, 6430
0.332000, 6429
0.332000, 6428
0.332000, 6427
0.333000, 6426
0.333000, 6425
0.333000, 6424
0.334000, 6423
0.335000, 6422
0.335000, 6421
0.335000, 6420
0.336000, 6419
0.336000, 6418
0.336000, 6417
0.337000, 6416
0.337000, 6415
0.337000, 6414
0.337000, 6413
0.338000, 6412
0.338000, 6411
0.338000, 6410
0.339000, 6409
0.340000, 6408
0.340000, 6407
0.340000, 6406
0.340000, 6405
0.341000, 6404
0.341000, 6403
0.341000, 6402
0.342000, 6401
0.342000, 6400
0.343000, 6399
0.343000, 6398
0.344000, 6397
0.344000, 6396
0.344000, 6395
0.345000, 6394
0.346000, 6393
0.346000, 6392
0.346000, 6391
0.346000, 6390
0.346000, 6389
0.346000, 6388
0.347000, 6387
0.347000, 6386
0.347000, 6385
0.347000, 6384
0.348000, 6383
0.348000, 6382
0.349000, 6381
0.349000, 6380
0.350000, 6379
0.350000, 6378
0.351000, 6377
0.352000, 6376
0.352000, 6375
0.352000, 6374
0.353000, 6373
0.353000, 6372
0.353000, 6371
0.354000, 6370
0.354000, 6369
0.354000, 6368
0.354000, 6367
0.354000, 6366
0.355000, 6365
0.355000, 6364
0.356000, 6363
0.356000, 6362
0.357000, 6361
0.358000, 6360
0.358000, 6359
0.358000, 6358
0.358000, 6357
0.359000, 6356
0.359000, 6355
0.360000, 6354
0.360000, 6353
0.360000, 6352
0.360000, 6351
0.360000, 6350
0.361000, 6349
0.361000, 6348
0.361000, 6347
0.362000, 6346
0.363000, 6345
0.364000, 6344
0.365000, 6343
0.366000, 6342
0.366000, 6341
0.366000, 6340
0.366000, 6339
0.367000, 6338
0.367000, 6337
0.367000, 6336
0.367000, 6335
0.368000, 6334
0.368000, 6333
0.368000, 6332
0.368000, 6331
0.369000, 6330
0.369000, 6329
0.370000, 6328
0.370000, 6327
0.371000, 6326
0.372000, 6325
0.372000, 6324
0.375000, 6323
0.376000, 6322
0.376000, 6321
0.376000, 6320
0.379000, 6319
0.379000, 6318
0.381000, 6317
0.381000, 6316
0.382000, 6315
0.382000, 6314
0.383000, 6313
0.383000, 6312
0.383000, 6311
0.384000, 6310
0.384000, 6309
0.385000, 6308
0.386000, 6307
0.386000, 6306
0.386000, 6305
0.387000, 6304
0.388000, 6303
0.388000, 6302
0.389000, 6301
0.389000, 6300
0.389000, 6299
0.390000, 6298
0.390000, 6297
0.390000, 6296
0.391000, 6295
0.391000, 6294
0.392000, 6293
0.392000, 6292
0.393000, 6291
0.393000, 6290
0.394000, 6289
0.394000, 6288
0.395000, 6287
0.396000, 6286
0.396000, 6285
0.397000, 6284
0.397000, 6283
0.397000, 6282
0.398000, 6281
0.398000, 6280
0.399000, 6279
0.399000, 6278
0.399000, 6277
0.400000, 6276
0.400000, 6275
0.401000, 6274
0.402000, 6273
0.403000, 6272
0.403000, 6271
0.404000, 6270
0.404000, 6269
0.405000, 6268
0.405000, 6267
0.407000, 6266
0.407000, 6265
0.407000, 6264
0.408000, 6263
0.408000, 6262
0.409000, 6261
0.409000, 6260
0.409000, 6259
0.409000, 6258
0.409000, 6257
0.410000, 6256
0.410000, 6255
0.411000, 6254
0.411000, 6253
0.411000, 6252
0.412000, 6251
0.412000, 6250
0.413000, 6249
0.413000, 6248
0.413000, 6247
0.414000, 6246
0.414000, 6245
0.414000, 6244
0.415000, 6243
0.415000, 6242
0.416000, 6241
0.416000, 6240
0.416000, 6239
0.418000, 6238
0.418000, 6237
0.418000, 6236
0.418000, 6235
0.419000, 6234
0.420000, 6233
0.420000, 6232
0.421000, 6231
0.421000, 6230
0.421000, 6229
0.422000, 6228
0.422000, 6227
0.422000, 6226
0.422000, 6225
0.423000, 6224
0.423000, 6223
0.423000, 6222
0.423000, 6221
0.423000, 6220
0.424000, 6219
0.424000, 6218
0.424000, 6217
0.425000, 6216
0.426000, 6215
0.426000, 6214
0.428000, 6213
0.428000, 6212
0.430000, 6211
0.430000, 6210
0.431000, 6209
0.432000, 6208
0.434000, 6207
0.434000, 6206
0.434000, 6205
0.435000, 6204
0.435000, 6203
0.435000, 6202
0.437000, 6201
0.438000, 6200
0.439000, 6199
0.439000, 6198
0.440000, 6197
0.440000, 6196
0.441000, 6195
0.441000, 6194
0.442000, 6193
0.443000, 6192
0.444000, 6191
0.445000, 6190
0.445000, 6189
0.446000, 6188
0.446000, 6187
0.447000, 6186
0.447000, 6185
0.448000, 6184
0.448000, 6183
0.449000, 6182
0.449000, 6181
0.449000, 6180
0.450000, 6179
0.451000, 6178
0.451000, 6177
0.451000, 6176
0.452000, 6175
0.452000, 6174
0.452000, 6173
0.452000, 6172
0.453000, 6171
0.453000, 6170
0.453000, 6169
0.454000, 6168
0.454000, 6167
0.455000, 6166
0.455000, 6165
0.455000, 6164
0.456000, 6163
0.458000, 6162
0.458000, 6161
0.459000, 6160
0.459000, 6159
0.460000, 6158
0.461000, 6157
0.462000, 6156
0.462000, 6155
0.462000, 6154
0.463000, 6153
0.464000, 6152
0.464000, 6151
0.464000, 6150
0.465000, 6149
0.465000, 6148
0.465000, 6147
0.466000, 6146
0.466000, 6145
0.467000, 6144
0.467000, 6143
0.467000, 6142
0.467000, 6141
0.468000, 6140
0.469000, 6139
0.469000, 6138
0.477000, 6137
0.478000, 6136
0.479000, 6135
0.480000, 6134
0.480000, 6133
0.480000, 6132
0.481000, 6131
0.481000, 6130
0.483000, 6129
0.483000, 6128
0.484000, 6127
0.485000, 6126
0.485000, 6125
0.485000, 6124
0.486000, 6123
0.487000, 6122
0.487000, 6121
0.487000, 6120
0.489000, 6119
0.489000, 6118
0.489000, 6117
0.489000, 6116
0.490000, 6115
0.491000, 6114
0.491000, 6113
0.492000, 6112
0.492000, 6111
0.492000, 6110
0.493000, 6109
0.493000, 6108
0.494000, 6107
0.494000, 6106
0.494000, 6105
0.496000, 6104
0.497000, 6103
0.497000, 6102
0.498000, 6101
0.499000, 6100
0.501000, 6099
0.502000, 6098
0.503000, 6097
0.503000, 6096
0.503000, 6095
0.503000, 6094
0.505000, 6093
0.505000, 6092
0.505000, 6091
0.506000, 6090
0.506000, 6089
0.507000, 6088
0.507000, 6087
0.508000, 6086
0.508000, 6085
0.508000, 6084
0.509000, 6083
0.509000, 6082
0.509000, 6081
0.510000, 6080
0.511000, 6079
0.511000, 6078
0.512000, 6077
0.512000, 6076
0.512000, 6075
0.512000, 6074
0.513000, 6073
0.513000, 6072
0.514000, 6071
0.515000, 6070
0.515000, 6069
0.516000, 6068
0.516000, 6067
0.516000, 6066
0.517000, 6065
0.517000, 6064
0.518000, 6063
0.518000, 6062
0.519000, 6061
0.519000, 6060
0.520000, 6059
0.520000, 6058
0.520000, 6057
0.521000, 6056
0.522000, 6055
0.522000, 6054
0.522000, 6053
0.523000, 6052
0.523000, 6051
0.523000, 6050
0.523000, 6049
0.524000, 6048
0.525000, 6047
0.525000, 6046
0.526000, 6045
0.527000, 6044
0.527000, 6043
0.527000, 6042
0.528000, 6041
0.528000, 6040
0.529000, 6039
0.529000, 6038
0.529000, 6037
0.530000, 6036
0.531000, 6035
0.531000, 6034
0.531000, 6033
0.532000, 6032
0.533000, 6031
0.533000, 6030
0.534000, 6029
0.534000, 6028
0.535000, 6027
0.535000, 6026
0.536000, 6025
0.537000, 6024
0.537000, 6023
0.538000, 6022
0.538000, 6021
0.538000, 6020
0.539000, 6019
0.539000, 6018
0.540000, 6017
0.540000, 6016
0.540000, 6015
0.540000, 6014
0.541000, 6013
0.541000, 6012
0.542000, 6011
0.543000, 6010
0.543000, 6009
0.544000, 6008
0.544000, 6007
0.545000, 6006
0.545000, 6005
0.546000, 6004
0.546000, 6003
0.546000, 6002
0.547000, 6001
0.548000, 6000
0.548000, 5999
0.549000, 5998
0.549000, 5997
0.549000, 5996
0.550000, 5995
0.550000, 5994
0.550000, 5993
0.551000, 5992
0.551000, 5991
0.552000, 5990
0.552000, 5989
0.552000, 5988
0.552000, 5987
0.553000, 5986
0.553000, 5985
0.554000, 5984
0.555000, 5983
0.555000, 5982
0.555000, 5981
0.558000, 5980
0.559000, 5979
0.559000, 5978
0.559000, 5977
0.560000, 5976
0.561000, 5975
0.562000, 5974
0.562000, 5973
0.562000, 5972
0.563000, 5971
0.563000, 5970
0.564000, 5969
0.565000, 5968
0.566000, 5967
0.567000, 5966
0.567000, 5965
0.568000, 5964
0.568000, 5963
0.569000, 5962
0.569000, 5961
0.570000, 5960
0.570000, 5959
0.570000, 5958
0.570000, 5957
0.571000, 5956
0.571000, 5955
0.571000, 5954
0.571000, 5953
0.572000, 5952
0.572000, 5951
0.573000, 5950
0.573000, 5949
0.575000, 5948
0.575000, 5947
0.575000, 5946
0.576000, 5945
0.576000, 5944
0.576000, 5943
0.577000, 5942
0.578000, 5941
0.579000, 5940
0.579000, 5939
0.580000, 5938
0.580000, 5937
0.580000, 5936
0.581000, 5935
0.581000, 5934
0.582000, 5933
0.583000, 5932
0.583000, 5931
0.584000, 5930
0.584000, 5929
0.585000, 5928
0.585000, 5927
0.585000, 5926
0.586000, 5925
0.587000, 5924
0.587000, 5923
0.587000, 5922
0.588000, 5921
0.588000, 5920
0.589000, 5919
0.589000, 5918
0.590000, 5917
0.590000, 5916
0.590000, 5915
0.591000, 5914
0.591000, 5913
0.591000, 5912
0.592000, 5911
0.592000, 5910
0.594000, 5909
0.594000, 5908
0.595000, 5907
0.595000, 5906
0.596000, 5905
0.596000, 5904
0.597000, 5903
0.597000, 5902
0.597000, 5901
0.597000, 5900
0.598000, 5899
0.598000, 5898
0.599000, 5897
0.600000, 5896
0.600000, 5895
0.601000, 5894
0.602000, 5893
0.602000, 5892
0.602000, 5891
0.603000, 5890
0.604000, 5889
0.604000, 5888
0.605000, 5887
0.605000, 5886
0.605000, 5885
0.605000, 5884
0.606000, 5883
0.606000, 5882
0.607000, 5881
0.608000, 5880
0.608000, 5879
0.609000, 5878
0.609000, 5877
0.609000, 5876
0.609000, 5875
0.610000, 5874
0.611000, 5873
0.612000, 5872
0.613000, 5871
0.614000, 5870
0.615000, 5869
0.616000, 5868
0.618000, 5867
0.618000, 5866
0.618000, 5865
0.620000, 5864
0.620000, 5863
0.622000, 5862
0.623000, 5861
0.624000, 5860
0.624000, 5859
0.624000, 5858
0.625000, 5857
0.625000, 5856
0.626000, 5855
0.626000, 5854
0.626000, 5853
0.626000, 5852
0.628000, 5851
0.628000, 5850
0.628000, 5849
0.628000, 5848
0.629000, 5847
0.629000, 5846
0.629000, 5845
0.630000, 5844
0.630000, 5843
0.630000, 5842
0.630000, 5841
0.630000, 5840
0.630000, 5839
0.631000, 5838
0.631000, 5837
0.632000, 5836
0.633000, 5835
0.634000, 5834
0.634000, 5833
0.635000, 5832
0.635000, 5831
0.636000, 5830
0.636000, 5829
0.637000, 5828
0.637000, 5827
0.638000, 5826
0.639000, 5825
0.640000, 5824
0.640000, 5823
0.641000, 5822
0.641000, 5821
0.641000, 5820
0.642000, 5819
0.643000, 5818
0.645000, 5817
0.645000, 5816
0.645000, 5815
0.646000, 5814
0.652000, 5813
0.653000, 5812
0.655000, 5811
0.656000, 5810
0.657000, 5809
0.657000, 5808
0.658000, 5807
0.658000, 5806
0.658000, 5805
0.659000, 5804
0.659000, 5803
0.660000, 5802
0.660000, 5801
0.662000, 5800
0.662000, 5799
0.663000, 5798
0.664000, 5797
0.664000, 5796
0.665000, 5795
0.667000, 5794
0.667000, 5793
0.668000, 5792
0.668000, 5791
0.668000, 5790
0.670000, 5789
0.670000, 5788
0.670000, 5787
0.671000, 5786
0.671000, 5785
0.671000, 5784
0.671000, 5783
0.672000, 5782
0.672000, 5781
0.673000, 5780
0.673000, 5779
0.673000, 5778
0.674000, 5777
0.675000, 5776
0.676000, 5775
0.677000, 5774
0.678000, 5773
0.678000, 5772
0.678000, 5771
0.679000, 5770
0.679000, 5769
0.683000, 5768
0.683000, 5767
0.683000, 5766
0.684000, 5765
0.684000, 5764
0.685000, 5763
0.685000, 5762
0.685000, 5761
0.686000, 5760
0.686000, 5759
0.687000, 5758
0.687000, 5757
0.688000, 5756
0.688000, 5755
0.690000, 5754
0.690000, 5753
0.691000, 5752
0.693000, 5751
0.694000, 5750
0.694000, 5749
0.695000, 5748
0.696000, 5747
0.697000, 5746
0.697000, 5745
0.698000, 5744
0.698000, 5743
0.698000, 5742
0.700000, 5741
0.700000, 5740
0.701000, 5739
0.701000, 5738
0.701000, 5737
0.702000, 5736
0.702000, 5735
0.703000, 5734
0.704000, 5733
0.704000, 5732
0.705000, 5731
0.706000, 5730
0.706000, 5729
0.707000, 5728
0.708000, 5727
0.708000, 5726
0.709000, 5725
0.710000, 5724
0.710000, 5723
0.712000, 5722
0.715000, 5721
0.716000, 5720
0.716000, 5719
0.717000, 5718
0.717000, 5717
0.717000, 5716
0.718000, 5715
0.718000, 5714
0.722000, 5713
0.723000, 5712
0.723000, 5711
0.723000, 5710
0.724000, 5709
0.725000, 5708
0.726000, 5707
0.728000, 5706
0.729000, 5705
0.729000, 5704
0.729000, 5703
0.729000, 5702
0.730000, 5701
0.730000, 5700
0.731000, 5699
0.733000, 5698
0.734000, 5697
0.734000, 5696
0.735000, 5695
0.736000, 5694
0.737000, 5693
0.739000, 5692
0.740000, 5691
0.740000, 5690
0.740000, 5689
0.741000, 5688
0.741000, 5687
0.742000, 5686
0.742000, 5685
0.742000, 5684
0.743000, 5683
0.743000, 5682
0.743000, 5681
0.743000, 5680
0.744000, 5679
0.744000, 5678
0.744000, 5677
0.745000, 5676
0.745000, 5675
0.746000, 5674
0.746000, 5673
0.746000, 5672
0.747000, 5671
0.747000, 5670
0.748000, 5669
0.748000, 5668
0.749000, 5667
0.749000, 5666
0.751000, 5665
0.752000, 5664
0.752000, 5663
0.753000, 5662
0.754000, 5661
0.755000, 5660
0.756000, 5659
0.757000, 5658
0.757000, 5657
0.758000, 5656
0.759000, 5655
0.760000, 5654
0.761000, 5653
0.762000, 5652
0.762000, 5651
0.763000, 5650
0.763000, 5649
0.764000, 5648
0.764000, 5647
0.764000, 5646
0.765000, 5645
0.767000, 5644
0.767000, 5643
0.767000, 5642
0.767000, 5641
0.768000, 5640
0.768000, 5639
0.768000, 5638
0.769000, 5637
0.769000, 5636
0.771000, 5635
0.772000, 5634
0.774000, 5633
0.774000, 5632
0.774000, 5631
0.774000, 5630
0.775000, 5629
0.776000, 5628
0.776000, 5627
0.777000, 5626
0.778000, 5625
0.778000, 5624
0.780000, 5623
0.780000, 5622
0.782000, 5621
0.783000, 5620
0.783000, 5619
0.784000, 5618
0.784000, 5617
0.785000, 5616
0.786000, 5615
0.786000, 5614
0.786000, 5613
0.788000, 5612
0.789000, 5611
0.791000, 5610
0.792000, 5609
0.792000, 5608
0.792000, 5607
0.793000, 5606
0.793000, 5605
0.793000, 5604
0.795000, 5603
0.797000, 5602
0.797000, 5601
0.798000, 5600
0.799000, 5599
0.799000, 5598
0.799000, 5597
0.800000, 5596
0.808000, 5595
0.809000, 5594
0.810000, 5593
0.811000, 5592
0.811000, 5591
0.812000, 5590
0.813000, 5589
0.813000, 5588
0.814000, 5587
0.815000, 5586
0.816000, 5585
0.816000, 5584
0.816000, 5583
0.816000, 5582
0.817000, 5581
0.817000, 5580
0.818000, 5579
0.818000, 5578
0.819000, 5577
0.820000, 5576
0.820000, 5575
0.821000, 5574
0.821000, 5573
0.822000, 5572
0.823000, 5571
0.826000, 5570
0.826000, 5569
0.826000, 5568
0.826000, 5567
0.827000, 5566
0.827000, 5565
0.827000, 5564
0.828000, 5563
0.829000, 5562
0.830000, 5561
0.831000, 5560
0.832000, 5559
0.833000, 5558
0.834000, 5557
0.835000, 5556
0.835000, 5555
0.835000, 5554
0.835000, 5553
0.836000, 5552
0.836000, 5551
0.836000, 5550
0.837000, 5549
0.837000, 5548
0.839000, 5547
0.839000, 5546
0.839000, 5545
0.840000, 5544
0.840000, 5543
0.840000, 5542
0.843000, 5541
0.843000, 5540
0.844000, 5539
0.845000, 5538
0.845000, 5537
0.846000, 5536
0.847000, 5535
0.847000, 5534
0.848000, 5533
0.849000, 5532
0.850000, 5531
0.851000, 5530
0.851000, 5529
0.852000, 5528
0.852000, 5527
0.852000, 5526
0.853000, 5525
0.854000, 5524
0.857000, 5523
0.858000, 5522
0.859000, 5521
0.859000, 5520
0.860000, 5519
0.860000, 5518
0.861000, 5517
0.862000, 5516
0.862000, 5515
0.863000, 5514
0.864000, 5513
0.864000, 5512
0.865000, 5511
0.865000, 5510
0.865000, 5509
0.866000, 5508
0.867000, 5507
0.868000, 5506
0.868000, 5505
0.869000, 5504
0.869000, 5503
0.870000, 5502
0.870000, 5501
0.870000, 5500
0.872000, 5499
0.872000, 5498
0.872000, 5497
0.875000, 5496
0.875000, 5495
0.876000, 5494
0.877000, 5493
0.878000, 5492
0.878000, 5491
0.878000, 5490
0.879000, 5489
0.880000, 5488
0.880000, 5487
0.880000, 5486
0.881000, 5485
0.882000, 5484
0.882000, 5483
0.882000, 5482
0.884000, 5481
0.884000, 5480
0.885000, 5479
0.885000, 5478
0.886000, 5477
0.887000, 5476
0.888000, 5475
0.889000, 5474
0.889000, 5473
0.890000, 5472
0.892000, 5471
0.892000, 5470
0.892000, 5469
0.893000, 5468
0.895000, 5467
0.895000, 5466
0.896000, 5465
0.899000, 5464
0.899000, 5463
0.899000, 5462
0.900000, 5461
0.900000, 5460
0.904000, 5459
0.905000, 5458
0.907000, 5457
0.909000, 5456
0.910000, 5455
0.910000, 5454
0.912000, 5453
0.915000, 5452
0.915000, 5451
0.916000, 5450
0.916000, 5449
0.916000, 5448
0.917000, 5447
0.918000, 5446
0.920000, 5445
0.921000, 5444
0.922000, 5443
0.923000, 5442
0.923000, 5441
0.924000, 5440
0.925000, 5439
0.925000, 5438
0.925000, 5437
0.925000, 5436
0.929000, 5435
0.930000, 5434
0.931000, 5433
0.932000, 5432
0.933000, 5431
0.934000, 5430
0.934000, 5429
0.935000, 5428
0.936000, 5427
0.940000, 5426
0.940000, 5425
0.940000, 5424
0.941000, 5423
0.941000, 5422
0.942000, 5421
0.945000, 5420
0.945000, 5419
0.946000, 5418
0.946000, 5417
0.946000, 5416
0.947000, 5415
0.949000, 5414
0.950000, 5413
0.950000, 5412
0.951000, 5411
0.955000, 5410
0.955000, 5409
0.956000, 5408
0.956000, 5407
0.956000, 5406
0.957000, 5405
0.958000, 5404
0.959000, 5403
0.960000, 5402
0.961000, 5401
0.961000, 5400
0.961000, 5399
0.964000, 5398
0.964000, 5397
0.965000, 5396
0.965000, 5395
0.966000, 5394
0.966000, 5393
0.967000, 5392
0.968000, 5391
0.969000, 5390
0.973000, 5389
0.973000, 5388
0.974000, 5387
0.974000, 5386
0.975000, 5385
0.975000, 5384
0.976000, 5383
0.976000, 5382
0.982000, 5381
0.982000, 5380
0.982000, 5379
0.984000, 5378
0.984000, 5377
0.985000, 5376
0.986000, 5375
0.988000, 5374
0.990000, 5373
0.992000, 5372
0.992000, 5371
0.995000, 5370
0.996000, 5369
0.996000, 5368
0.996000, 5367
0.996000, 5366
0.997000, 5365
0.998000, 5364
1.001000, 5363
1.006000, 5362
1.008000, 5361
1.008000, 5360
1.008000, 5359
1.009000, 5358
1.011000, 5357
1.012000, 5356
1.012000, 5355
1.014000, 5354
1.014000, 5353
1.015000, 5352
1.016000, 5351
1.017000, 5350
1.021000, 5349
1.022000, 5348
1.025000, 5347
1.026000, 5346
1.028000, 5345
1.028000, 5344
1.028000, 5343
1.028000, 5342
1.029000, 5341
1.029000, 5340
1.030000, 5339
1.031000, 5338
1.033000, 5337
1.035000, 5336
1.043000, 5335
1.044000, 5334
1.044000, 5333
1.045000, 5332
1.047000, 5331
1.047000, 5330
1.050000, 5329
1.052000, 5328
1.053000, 5327
1.057000, 5326
1.058000, 5325
1.059000, 5324
1.059000, 5323
1.060000, 5322
1.061000, 5321
1.062000, 5320
1.062000, 5319
1.063000, 5318
1.064000, 5317
1.065000, 5316
1.065000, 5315
1.066000, 5314
1.066000, 5313
1.067000, 5312
1.068000, 5311
1.072000, 5310
1.073000, 5309
1.074000, 5308
1.075000, 5307
1.075000, 5306
1.076000, 5305
1.077000, 5304
1.079000, 5303
1.081000, 5302
1.085000, 5301
1.088000, 5300
1.090000, 5299
1.091000, 5298
1.091000, 5297
1.093000, 5296
1.096000, 5295
1.099000, 5294
1.100000, 5293
1.101000, 5292
1.112000, 5291
1.113000, 5290
1.115000, 5289
1.115000, 5288
1.117000, 5287
1.118000, 5286
1.119000, 5285
1.120000, 5284
1.121000, 5283
1.122000, 5282
1.123000, 5281
1.125000, 5280
1.125000, 5279
1.125000, 5278
1.126000, 5277
1.128000, 5276
1.129000, 5275
1.130000, 5274
1.131000, 5273
1.131000, 5272
1.133000, 5271
1.135000, 5270
1.136000, 5269
1.138000, 5268
1.139000, 5267
1.140000, 5266
1.141000, 5265
1.142000, 5264
1.142000, 5263
1.143000, 5262
1.145000, 5261
1.148000, 5260
1.148000, 5259
1.149000, 5258
1.149000, 5257
1.150000, 5256
1.152000, 5255
1.152000, 5254
1.153000, 5253
1.153000, 5252
1.154000, 5251
1.154000, 5250
1.155000, 5249
1.155000, 5248
1.156000, 5247
1.157000, 5246
1.160000, 5245
1.161000, 5244
1.163000, 5243
1.163000, 5242
1.164000, 5241
1.164000, 5240
1.166000, 5239
1.167000, 5238
1.167000, 5237
1.168000, 5236
1.169000, 5235
1.169000, 5234
1.170000, 5233
1.170000, 5232
1.170000, 5231
1.172000, 5230
1.172000, 5229
1.175000, 5228
1.176000, 5227
1.176000, 5226
1.177000, 5225
1.177000, 5224
1.180000, 5223
1.181000, 5222
1.182000, 5221
1.182000, 5220
1.184000, 5219
1.184000, 5218
1.185000, 5217
1.187000, 5216
1.188000, 5215
1.190000, 5214
1.193000, 5213
1.193000, 5212
1.194000, 5211
1.194000, 5210
1.196000, 5209
1.198000, 5208
1.199000, 5207
1.199000, 5206
1.200000, 5205
1.200000, 5204
1.202000, 5203
1.203000, 5202
1.204000, 5201
1.206000, 5200
1.207000, 5199
1.207000, 5198
1.209000, 5197
1.210000, 5196
1.210000, 5195
1.210000, 5194
1.212000, 5193
1.212000, 5192
1.213000, 5191
1.214000, 5190
1.215000, 5189
1.215000, 5188
1.217000, 5187
1.220000, 5186
1.220000, 5185
1.222000, 5184
1.223000, 5183
1.223000, 5182
1.225000, 5181
1.225000, 5180
1.226000, 5179
1.228000, 5178
1.228000, 5177
1.228000, 5176
1.230000, 5175
1.230000, 5174
1.233000, 5173
1.234000, 5172
1.235000, 5171
1.238000, 5170
1.241000, 5169
1.246000, 5168
1.248000, 5167
1.249000, 5166
1.250000, 5165
1.251000, 5164
1.252000, 5163
1.253000, 5162
1.253000, 5161
1.254000, 5160
1.254000, 5159
1.254000, 5158
1.257000, 5157
1.258000, 5156
1.259000, 5155
1.261000, 5154
1.262000, 5153
1.265000, 5152
1.266000, 5151
1.267000, 5150
1.267000, 5149
1.268000, 5148
1.269000, 5147
1.272000, 5146
1.273000, 5145
1.273000, 5144
1.274000, 5143
1.274000, 5142
1.280000, 5141
1.281000, 5140
1.281000, 5139
1.282000, 5138
1.282000, 5137
1.284000, 5136
1.286000, 5135
1.288000, 5134
1.289000, 5133
1.289000, 5132
1.292000, 5131
1.293000, 5130
1.294000, 5129
1.297000, 5128
1.300000, 5127
1.302000, 5126
1.304000, 5125
1.306000, 5124
1.310000, 5123
1.311000, 5122
1.315000, 5121
1.317000, 5120
1.317000, 5119
1.319000, 5118
1.322000, 5117
1.323000, 5116
1.324000, 5115
1.327000, 5114
1.327000, 5113
1.328000, 5112
1.332000, 5111
1.332000, 5110
1.334000, 5109
1.335000, 5108
1.338000, 5107
1.341000, 5106
1.341000, 5105
1.342000, 5104
1.343000, 5103
1.345000, 5102
1.345000, 5101
1.347000, 5100
1.348000, 5099
1.349000, 5098
1.349000, 5097
1.355000, 5096
1.357000, 5095
1.357000, 5094
1.357000, 5093
1.368000, 5092
1.369000, 5091
1.371000, 5090
1.373000, 5089
1.373000, 5088
1.376000, 5087
1.376000, 5086
1.377000, 5085
1.378000, 5084
1.379000, 5083
1.379000, 5082
1.379000, 5081
1.382000, 5080
1.384000, 5079
1.384000, 5078
1.385000, 5077
1.387000, 5076
1.392000, 5075
1.392000, 5074
1.394000, 5073
1.394000, 5072
1.396000, 5071
1.396000, 5070
1.397000, 5069
1.397000, 5068
1.402000, 5067
1.405000, 5066
1.406000, 5065
1.406000, 5064
1.406000, 5063
1.407000, 5062
1.407000, 5061
1.412000, 5060
1.413000, 5059
1.419000, 5058
1.419000, 5057
1.420000, 5056
1.424000, 5055
1.424000, 5054
1.425000, 5053
1.427000, 5052
1.429000, 5051
1.432000, 5050
1.437000, 5049
1.437000, 5048
1.438000, 5047
1.438000, 5046
1.442000, 5045
1.444000, 5044
1.446000, 5043
1.447000, 5042
1.450000, 5041
1.454000, 5040
1.457000, 5039
1.457000, 5038
1.459000, 5037
1.459000, 5036
1.463000, 5035
1.467000, 5034
1.467000, 5033
1.468000, 5032
1.474000, 5031
1.475000, 5030
1.476000, 5029
1.478000, 5028
1.481000, 5027
1.481000, 5026
1.485000, 5025
1.493000, 5024
1.494000, 5023
1.496000, 5022
1.496000, 5021
1.497000, 5020
1.497000, 5019
1.498000, 5018
1.500000, 5017
1.502000, 5016
1.505000, 5015
1.505000, 5014
1.506000, 5013
1.507000, 5012
1.508000, 5011
1.509000, 5010
1.509000, 5009
1.513000, 5008
1.514000, 5007
1.516000, 5006
1.516000, 5005
1.516000, 5004
1.517000, 5003
1.526000, 5002
1.531000, 5001
1.534000, 5000
1.535000, 4999
1.535000, 4998
1.537000, 4997
1.539000, 4996
1.540000, 4995
1.542000, 4994
1.543000, 4993
1.544000, 4992
1.546000, 4991
1.546000, 4990
1.546000, 4989
1.559000, 4988
1.564000, 4987
1.569000, 4986
1.570000, 4985
1.576000, 4984
1.578000, 4983
1.581000, 4982
1.590000, 4981
1.601000, 4980
1.602000, 4979
1.603000, 4978
1.605000, 4977
1.608000, 4976
1.611000, 4975
1.615000, 4974
1.615000, 4973
1.623000, 4972
1.630000, 4971
1.633000, 4970
1.636000, 4969
1.636000, 4968
1.638000, 4967
1.640000, 4966
1.641000, 4965
1.648000, 4964
1.650000, 4963
1.666000, 4962
1.667000, 4961
1.667000, 4960
1.670000, 4959
1.673000, 4958
1.683000, 4957
1.687000, 4956
1.687000, 4955
1.698000, 4954
1.702000, 4953
1.708000, 4952
1.708000, 4951
1.710000, 4950
1.715000, 4949
1.716000, 4948
1.716000, 4947
1.723000, 4946
1.727000, 4945
1.736000, 4944
1.743000, 4943
1.755000, 4942
1.765000, 4941
1.769000, 4940
1.769000, 4939
1.770000, 4938
1.781000, 4937
1.786000, 4936
1.788000, 4935
1.788000, 4934
1.789000, 4933
1.791000, 4932
1.801000, 4931
1.803000, 4930
1.806000, 4929
1.819000, 4928
1.821000, 4927
1.854000, 4926
1.856000, 4925
1.858000, 4924
1.866000, 4923
1.883000, 4922
1.901000, 4921
1.903000, 4920
1.904000, 4919
1.916000, 4918
1.916000, 4917
1.921000, 4916
1.932000, 4915
1.939000, 4914
1.966000, 4913
1.968000, 4912
1.973000, 4911
1.978000, 4910
1.989000, 4909
1.989000, 4908
1.992000, 4907
1.996000, 4906
2.000000, 4905
2.002000, 4904
2.002000, 4903
2.003000, 4902
2.005000, 4901
2.006000, 4900
2.008000, 4899
2.034000, 4898
2.035000, 4897
2.036000, 4896
2.043000, 4895
2.045000, 4894
2.050000, 4893
2.059000, 4892
2.065000, 4891
2.068000, 4890
2.072000, 4889
2.073000, 4888
2.079000, 4887
2.087000, 4886
2.091000, 4885
2.092000, 4884
2.102000, 4883
2.107000, 4882
2.110000, 4881
2.115000, 4880
2.118000, 4879
2.143000, 4878
2.152000, 4877
2.158000, 4876
2.164000, 4875
2.182000, 4874
2.192000, 4873
2.196000, 4872
2.201000, 4871
2.215000, 4870
2.217000, 4869
2.223000, 4868
2.235000, 4867
2.244000, 4866
2.248000, 4865
2.286000, 4864
2.302000, 4863
2.303000, 4862
2.305000, 4861
2.319000, 4860
2.333000, 4859
2.338000, 4858
2.342000, 4857
2.344000, 4856
2.351000, 4855
2.353000, 4854
2.354000, 4853
2.365000, 4852
2.392000, 4851
2.398000, 4850
2.425000, 4849
2.427000, 4848
2.515000, 4847
2.525000, 4846
2.548000, 4845
2.573000, 4844
2.574000, 4843
2.575000, 4842
2.582000, 4841
2.627000, 4840
2.635000, 4839
2.641000, 4838
2.657000, 4837
2.659000, 4836
2.701000, 4835
2.784000, 4834
2.803000, 4833
2.808000, 4832
2.902000, 4831
2.923000, 4830
2.941000, 4829
2.967000, 4828
2.968000, 4827
3.000000, 4826
3.048000, 4825
3.154000, 4824
3.308000, 4823
3.353000, 4822
3.356000, 4821
3.414000, 4820
3.469000, 4819
3.493000, 4818
3.670000, 4817
3.752000, 4816
3.758000, 4815
3.822000, 4814
3.908000, 4813
3.969000, 4812
