0.120000, 5993
0.123000, 5992
0.124000, 5991
0.124000, 5990
0.125000, 5989
0.125000, 5988
0.126000, 5987
0.127000, 5986
0.128000, 5985
0.128000, 5984
0.129000, 5983
0.130000, 5982
0.131000, 5981
0.132000, 5980
0.132000, 5979
0.133000, 5978
0.133000, 5977
0.134000, 5976
0.135000, 5975
0.135000, 5974
0.135000, 5973
0.136000, 5972
0.136000, 5971
0.137000, 5970
0.138000, 5969
0.139000, 5968
0.140000, 5967
0.142000, 5966
0.144000, 5965
0.145000, 5964
0.146000, 5963
0.148000, 5962
0.148000, 5961
0.149000, 5960
0.150000, 5959
0.150000, 5958
0.150000, 5957
0.150000, 5956
0.151000, 5955
0.151000, 5954
0.152000, 5953
0.154000, 5952
0.155000, 5951
0.155000, 5950
0.156000, 5949
0.158000, 5948
0.158000, 5947
0.159000, 5946
0.160000, 5945
0.160000, 5944
0.161000, 5943
0.161000, 5942
0.161000, 5941
0.161000, 5940
0.162000, 5939
0.162000, 5938
0.163000, 5937
0.164000, 5936
0.164000, 5935
0.165000, 5934
0.166000, 5933
0.167000, 5932
0.167000, 5931
0.168000, 5930
0.168000, 5929
0.169000, 5928
0.169000, 5927
0.170000, 5926
0.171000, 5925
0.172000, 5924
0.172000, 5923
0.172000, 5922
0.172000, 5921
0.173000, 5920
0.173000, 5919
0.173000, 5918
0.173000, 5917
0.174000, 5916
0.174000, 5915
0.174000, 5914
0.175000, 5913
0.176000, 5912
0.178000, 5911
0.178000, 5910
0.178000, 5909
0.179000, 5908
0.179000, 5907
0.179000, 5906
0.180000, 5905
0.180000, 5904
0.181000, 5903
0.181000, 5902
0.182000, 5901
0.183000, 5900
0.183000, 5899
0.184000, 5898
0.184000, 5897
0.184000, 5896
0.185000, 5895
0.185000, 5894
0.186000, 5893
0.187000, 5892
0.188000, 5891
0.188000, 5890
0.189000, 5889
0.190000, 5888
0.190000, 5887
0.191000, 5886
0.191000, 5885
0.191000, 5884
0.192000, 5883
0.192000, 5882
0.193000, 5881
0.194000, 5880
0.194000, 5879
0.195000, 5878
0.196000, 5877
0.196000, 5876
0.197000, 5875
0.198000, 5874
0.198000, 5873
0.198000, 5872
0.198000, 5871
0.199000, 5870
0.199000, 5869
0.200000, 5868
0.200000, 5867
0.201000, 5866
0.201000, 5865
0.201000, 5864
0.202000, 5863
0.211000, 5862
0.211000, 5861
0.212000, 5860
0.212000, 5859
0.212000, 5858
0.213000, 5857
0.213000, 5856
0.213000, 5855
0.214000, 5854
0.214000, 5853
0.215000, 5852
0.216000, 5851
0.217000, 5850
0.217000, 5849
0.217000, 5848
0.218000, 5847
0.218000, 5846
0.218000, 5845
0.219000, 5844
0.219000, 5843
0.220000, 5842
0.220000, 5841
0.221000, 5840
0.221000, 5839
0.221000, 5838
0.222000, 5837
0.222000, 5836
0.222000, 5835
0.223000, 5834
0.223000, 5833
0.224000, 5832
0.225000, 5831
0.225000, 5830
0.225000, 5829
0.226000, 5828
0.227000, 5827
0.227000, 5826
0.227000, 5825
0.228000, 5824
0.228000, 5823
0.228000, 5822
0.229000, 5821
0.229000, 5820
0.229000, 5819
0.230000, 5818
0.230000, 5817
0.230000, 5816
0.231000, 5815
0.231000, 5814
0.231000, 5813
0.232000, 5812
0.232000, 5811
0.233000, 5810
0.234000, 5809
0.234000, 5808
0.234000, 5807
0.235000, 5806
0.235000, 5805
0.235000, 5804
0.235000, 5803
0.236000, 5802
0.236000, 5801
0.236000, 5800
0.237000, 5799
0.238000, 5798
0.238000, 5797
0.238000, 5796
0.238000, 5795
0.239000, 5794
0.239000, 5793
0.239000, 5792
0.240000, 5791
0.240000, 5790
0.240000, 5789
0.241000, 5788
0.241000, 5787
0.242000, 5786
0.242000, 5785
0.243000, 5784
0.243000, 5783
0.243000, 5782
0.244000, 5781
0.244000, 5780
0.244000, 5779
0.244000, 5778
0.245000, 5777
0.246000, 5776
0.246000, 5775
0.246000, 5774
0.246000, 5773
0.247000, 5772
0.247000, 5771
0.248000, 5770
0.248000, 5769
0.248000, 5768
0.249000, 5767
0.249000, 5766
0.249000, 5765
0.250000, 5764
0.250000, 5763
0.250000, 5762
0.251000, 5761
0.251000, 5760
0.251000, 5759
0.251000, 5758
0.252000, 5757
0.252000, 5756
0.252000, 5755
0.253000, 5754
0.253000, 5753
0.253000, 5752
0.254000, 5751
0.254000, 5750
0.255000, 5749
0.255000, 5748
0.255000, 5747
0.255000, 5746
0.256000, 5745
0.256000, 5744
0.257000, 5743
0.257000, 5742
0.258000, 5741
0.258000, 5740
0.259000, 5739
0.259000, 5738
0.260000, 5737
0.261000, 5736
0.261000, 5735
0.261000, 5734
0.261000, 5733
0.262000, 5732
0.262000, 5731
0.263000, 5730
0.264000, 5729
0.264000, 5728
0.264000, 5727
0.265000, 5726
0.265000, 5725
0.265000, 5724
0.265000, 5723
0.266000, 5722
0.266000, 5721
0.266000, 5720
0.267000, 5719
0.268000, 5718
0.268000, 5717
0.268000, 5716
0.268000, 5715
0.268000, 5714
0.269000, 5713
0.269000, 5712
0.269000, 5711
0.270000, 5710
0.270000, 5709
0.270000, 5708
0.270000, 5707
0.270000, 5706
0.270000, 5705
0.271000, 5704
0.272000, 5703
0.272000, 5702
0.273000, 5701
0.273000, 5700
0.273000, 5699
0.273000, 5698
0.273000, 5697
0.274000, 5696
0.275000, 5695
0.275000, 5694
0.275000, 5693
0.276000, 5692
0.277000, 5691
0.277000, 5690
0.277000, 5689
0.277000, 5688
0.278000, 5687
0.278000, 5686
0.278000, 5685
0.279000, 5684
0.279000, 5683
0.280000, 5682
0.281000, 5681
0.281000, 5680
0.281000, 5679
0.282000, 5678
0.282000, 5677
0.283000, 5676
0.283000, 5675
0.283000, 5674
0.283000, 5673
0.284000, 5672
0.284000, 5671
0.284000, 5670
0.284000, 5669
0.285000, 5668
0.285000, 5667
0.286000, 5666
0.287000, 5665
0.288000, 5664
0.288000, 5663
0.288000, 5662
0.288000, 5661
0.288000, 5660
0.289000, 5659
0.290000, 5658
0.290000, 5657
0.290000, 5656
0.291000, 5655
0.291000, 5654
0.292000, 5653
0.292000, 5652
0.292000, 5651
0.292000, 5650
0.294000, 5649
0.294000, 5648
0.295000, 5647
0.295000, 5646
0.295000, 5645
0.296000, 5644
0.297000, 5643
0.297000, 5642
0.297000, 5641
0.298000, 5640
0.298000, 5639
0.298000, 5638
0.298000, 5637
0.299000, 5636
0.299000, 5635
0.300000, 5634
0.300000, 5633
0.300000, 5632
0.301000, 5631
0.301000, 5630
0.302000, 5629
0.302000, 5628
0.303000, 5627
0.303000, 5626
0.304000, 5625
0.304000, 5624
0.304000, 5623
0.304000, 5622
0.306000, 5621
0.306000, 5620
0.306000, 5619
0.307000, 5618
0.307000, 5617
0.307000, 5616
0.307000, 5615
0.308000, 5614
0.308000, 5613
0.308000, 5612
0.309000, 5611
0.310000, 5610
0.311000, 5609
0.311000, 5608
0.311000, 5607
0.312000, 5606
0.312000, 5605
0.312000, 5604
0.313000, 5603
0.313000, 5602
0.314000, 5601
0.315000, 5600
0.315000, 5599
0.316000, 5598
0.316000, 5597
0.317000, 5596
0.317000, 5595
0.317000, 5594
0.318000, 5593
0.318000, 5592
0.319000, 5591
0.319000, 5590
0.319000, 5589
0.320000, 5588
0.320000, 5587
0.320000, 5586
0.320000, 5585
0.321000, 5584
0.321000, 5583
0.321000, 5582
0.321000, 5581
0.322000, 5580
0.323000, 5579
0.323000, 5578
0.324000, 5577
0.324000, 5576
0.324000, 5575
0.324000, 5574
0.324000, 5573
0.325000, 5572
0.325000, 5571
0.325000, 5570
0.326000, 5569
0.326000, 5568
0.327000, 5567
0.327000, 5566
0.327000, 5565
0.328000, 5564
0.328000, 5563
0.328000, 5562
0.328000, 5561
0.329000, 5560
0.329000, 5559
0.329000, 5558
0.330000, 5557
0.331000, 5556
0.331000, 5555
0.331000, 5554
0.332000, 5553
0.333000, 5552
0.333000, 5551
0.334000, 5550
0.334000, 5549
0.334000, 5548
0.335000, 5547
0.335000, 5546
0.336000, 5545
0.337000, 5544
0.338000, 5543
0.339000, 5542
0.340000, 5541
0.340000, 5540
0.341000, 5539
0.341000, 5538
0.341000, 5537
0.342000, 5536
0.342000, 5535
0.342000, 5534
0.343000, 5533
0.343000, 5532
0.344000, 5531
0.344000, 5530
0.344000, 5529
0.345000, 5528
0.345000, 5527
0.345000, 5526
0.345000, 5525
0.345000, 5524
0.346000, 5523
0.347000, 5522
0.347000, 5521
0.348000, 5520
0.348000, 5519
0.348000, 5518
0.348000, 5517
0.349000, 5516
0.349000, 5515
0.349000, 5514
0.350000, 5513
0.350000, 5512
0.351000, 5511
0.351000, 5510
0.351000, 5509
0.352000, 5508
0.352000, 5507
0.353000, 5506
0.353000, 5505
0.354000, 5504
0.354000, 5503
0.355000, 5502
0.355000, 5501
0.355000, 5500
0.356000, 5499
0.356000, 5498
0.357000, 5497
0.357000, 5496
0.357000, 5495
0.358000, 5494
0.358000, 5493
0.359000, 5492
0.359000, 5491
0.359000, 5490
0.359000, 5489
0.360000, 5488
0.360000, 5487
0.360000, 5486
0.361000, 5485
0.362000, 5484
0.362000, 5483
0.362000, 5482
0.362000, 5481
0.362000, 5480
0.363000, 5479
0.363000, 5478
0.363000, 5477
0.363000, 5476
0.364000, 5475
0.364000, 5474
0.365000, 5473
0.365000, 5472
0.366000, 5471
0.366000, 5470
0.367000, 5469
0.367000, 5468
0.367000, 5467
0.368000, 5466
0.368000, 5465
0.369000, 5464
0.369000, 5463
0.370000, 5462
0.377000, 5461
0.377000, 5460
0.377000, 5459
0.378000, 5458
0.378000, 5457
0.379000, 5456
0.379000, 5455
0.380000, 5454
0.380000, 5453
0.381000, 5452
0.382000, 5451
0.382000, 5450
0.382000, 5449
0.383000, 5448
0.383000, 5447
0.383000, 5446
0.384000, 5445
0.385000, 5444
0.385000, 5443
0.385000, 5442
0.385000, 5441
0.385000, 5440
0.387000, 5439
0.387000, 5438
0.387000, 5437
0.387000, 5436
0.388000, 5435
0.388000, 5434
0.388000, 5433
0.389000, 5432
0.389000, 5431
0.390000, 5430
0.390000, 5429
0.391000, 5428
0.391000, 5427
0.392000, 5426
0.393000, 5425
0.393000, 5424
0.394000, 5423
0.394000, 5422
0.395000, 5421
0.395000, 5420
0.396000, 5419
0.396000, 5418
0.396000, 5417
0.397000, 5416
0.397000, 5415
0.397000, 5414
0.398000, 5413
0.399000, 5412
0.399000, 5411
0.399000, 5410
0.399000, 5409
0.401000, 5408
0.401000, 5407
0.401000, 5406
0.401000, 5405
0.403000, 5404
0.403000, 5403
0.405000, 5402
0.405000, 5401
0.407000, 5400
0.407000, 5399
0.407000, 5398
0.408000, 5397
0.409000, 5396
0.410000, 5395
0.411000, 5394
0.412000, 5393
0.412000, 5392
0.413000, 5391
0.414000, 5390
0.414000, 5389
0.415000, 5388
0.415000, 5387
0.416000, 5386
0.416000, 5385
0.416000, 5384
0.416000, 5383
0.417000, 5382
0.417000, 5381
0.417000, 5380
0.418000, 5379
0.419000, 5378
0.420000, 5377
0.421000, 5376
0.422000, 5375
0.422000, 5374
0.423000, 5373
0.424000, 5372
0.424000, 5371
0.425000, 5370
0.425000, 5369
0.425000, 5368
0.427000, 5367
0.427000, 5366
0.427000, 5365
0.427000, 5364
0.428000, 5363
0.428000, 5362
0.429000, 5361
0.429000, 5360
0.430000, 5359
0.430000, 5358
0.431000, 5357
0.431000, 5356
0.432000, 5355
0.432000, 5354
0.434000, 5353
0.435000, 5352
0.436000, 5351
0.437000, 5350
0.438000, 5349
0.438000, 5348
0.439000, 5347
0.439000, 5346
0.439000, 5345
0.439000, 5344
0.440000, 5343
0.440000, 5342
0.441000, 5341
0.441000, 5340
0.441000, 5339
0.442000, 5338
0.442000, 5337
0.443000, 5336
0.443000, 5335
0.443000, 5334
0.444000, 5333
0.444000, 5332
0.445000, 5331
0.445000, 5330
0.446000, 5329
0.446000, 5328
0.446000, 5327
0.447000, 5326
0.447000, 5325
0.447000, 5324
0.448000, 5323
0.448000, 5322
0.449000, 5321
0.449000, 5320
0.451000, 5319
0.452000, 5318
0.452000, 5317
0.453000, 5316
0.454000, 5315
0.454000, 5314
0.454000, 5313
0.456000, 5312
0.457000, 5311
0.458000, 5310
0.458000, 5309
0.459000, 5308
0.459000, 5307
0.460000, 5306
0.460000, 5305
0.460000, 5304
0.460000, 5303
0.461000, 5302
0.461000, 5301
0.462000, 5300
0.462000, 5299
0.462000, 5298
0.463000, 5297
0.464000, 5296
0.465000, 5295
0.465000, 5294
0.466000, 5293
0.466000, 5292
0.467000, 5291
0.467000, 5290
0.467000, 5289
0.467000, 5288
0.467000, 5287
0.468000, 5286
0.468000, 5285
0.468000, 5284
0.469000, 5283
0.470000, 5282
0.470000, 5281
0.471000, 5280
0.471000, 5279
0.472000, 5278
0.472000, 5277
0.473000, 5276
0.474000, 5275
0.474000, 5274
0.474000, 5273
0.475000, 5272
0.475000, 5271
0.475000, 5270
0.475000, 5269
0.476000, 5268
0.476000, 5267
0.476000, 5266
0.477000, 5265
0.478000, 5264
0.479000, 5263
0.480000, 5262
0.481000, 5261
0.482000, 5260
0.482000, 5259
0.483000, 5258
0.483000, 5257
0.484000, 5256
0.484000, 5255
0.484000, 5254
0.485000, 5253
0.485000, 5252
0.486000, 5251
0.486000, 5250
0.487000, 5249
0.488000, 5248
0.488000, 5247
0.489000, 5246
0.489000, 5245
0.490000, 5244
0.490000, 5243
0.491000, 5242
0.491000, 5241
0.491000, 5240
0.492000, 5239
0.492000, 5238
0.493000, 5237
0.493000, 5236
0.493000, 5235
0.493000, 5234
0.494000, 5233
0.495000, 5232
0.496000, 5231
0.497000, 5230
0.498000, 5229
0.498000, 5228
0.499000, 5227
0.499000, 5226
0.499000, 5225
0.500000, 5224
0.500000, 5223
0.501000, 5222
0.501000, 5221
0.502000, 5220
0.502000, 5219
0.502000, 5218
0.503000, 5217
0.503000, 5216
0.504000, 5215
0.504000, 5214
0.505000, 5213
0.506000, 5212
0.506000, 5211
0.506000, 5210
0.507000, 5209
0.507000, 5208
0.508000, 5207
0.508000, 5206
0.508000, 5205
0.509000, 5204
0.509000, 5203
0.509000, 5202
0.510000, 5201
0.510000, 5200
0.511000, 5199
0.511000, 5198
0.511000, 5197
0.512000, 5196
0.512000, 5195
0.512000, 5194
0.513000, 5193
0.514000, 5192
0.514000, 5191
0.516000, 5190
0.516000, 5189
0.516000, 5188
0.517000, 5187
0.518000, 5186
0.518000, 5185
0.519000, 5184
0.520000, 5183
0.520000, 5182
0.520000, 5181
0.520000, 5180
0.520000, 5179
0.521000, 5178
0.521000, 5177
0.521000, 5176
0.521000, 5175
0.522000, 5174
0.522000, 5173
0.523000, 5172
0.523000, 5171
0.529000, 5170
0.529000, 5169
0.530000, 5168
0.531000, 5167
0.532000, 5166
0.533000, 5165
0.533000, 5164
0.533000, 5163
0.533000, 5162
0.534000, 5161
0.534000, 5160
0.534000, 5159
0.534000, 5158
0.534000, 5157
0.535000, 5156
0.535000, 5155
0.536000, 5154
0.536000, 5153
0.537000, 5152
0.537000, 5151
0.537000, 5150
0.538000, 5149
0.539000, 5148
0.540000, 5147
0.540000, 5146
0.541000, 5145
0.541000, 5144
0.542000, 5143
0.543000, 5142
0.543000, 5141
0.543000, 5140
0.544000, 5139
0.544000, 5138
0.544000, 5137
0.544000, 5136
0.544000, 5135
0.545000, 5134
0.545000, 5133
0.545000, 5132
0.545000, 5131
0.546000, 5130
0.546000, 5129
0.546000, 5128
0.547000, 5127
0.548000, 5126
0.548000, 5125
0.548000, 5124
0.549000, 5123
0.549000, 5122
0.549000, 5121
0.549000, 5120
0.549000, 5119
0.550000, 5118
0.550000, 5117
0.550000, 5116
0.551000, 5115
0.551000, 5114
0.552000, 5113
0.552000, 5112
0.552000, 5111
0.553000, 5110
0.554000, 5109
0.554000, 5108
0.555000, 5107
0.555000, 5106
0.555000, 5105
0.556000, 5104
0.557000, 5103
0.557000, 5102
0.558000, 5101
0.558000, 5100
0.558000, 5099
0.559000, 5098
0.560000, 5097
0.560000, 5096
0.561000, 5095
0.562000, 5094
0.562000, 5093
0.563000, 5092
0.564000, 5091
0.564000, 5090
0.565000, 5089
0.566000, 5088
0.566000, 5087
0.567000, 5086
0.567000, 5085
0.568000, 5084
0.568000, 5083
0.568000, 5082
0.568000, 5081
0.569000, 5080
0.569000, 5079
0.570000, 5078
0.570000, 5077
0.570000, 5076
0.570000, 5075
0.570000, 5074
0.570000, 5073
0.571000, 5072
0.571000, 5071
0.572000, 5070
0.572000, 5069
0.572000, 5068
0.572000, 5067
0.573000, 5066
0.573000, 5065
0.574000, 5064
0.575000, 5063
0.575000, 5062
0.575000, 5061
0.576000, 5060
0.576000, 5059
0.577000, 5058
0.577000, 5057
0.578000, 5056
0.578000, 5055
0.579000, 5054
0.579000, 5053
0.579000, 5052
0.580000, 5051
0.580000, 5050
0.581000, 5049
0.581000, 5048
0.582000, 5047
0.583000, 5046
0.583000, 5045
0.584000, 5044
0.584000, 5043
0.585000, 5042
0.585000, 5041
0.585000, 5040
0.586000, 5039
0.586000, 5038
0.587000, 5037
0.588000, 5036
0.588000, 5035
0.589000, 5034
0.589000, 5033
0.591000, 5032
0.592000, 5031
0.592000, 5030
0.593000, 5029
0.593000, 5028
0.593000, 5027
0.594000, 5026
0.595000, 5025
0.595000, 5024
0.595000, 5023
0.596000, 5022
0.596000, 5021
0.597000, 5020
0.597000, 5019
0.598000, 5018
0.598000, 5017
0.598000, 5016
0.599000, 5015
0.599000, 5014
0.599000, 5013
0.599000, 5012
0.601000, 5011
0.602000, 5010
0.602000, 5009
0.602000, 5008
0.603000, 5007
0.603000, 5006
0.603000, 5005
0.603000, 5004
0.603000, 5003
0.604000, 5002
0.604000, 5001
0.605000, 5000
0.605000, 4999
0.605000, 4998
0.606000, 4997
0.606000, 4996
0.606000, 4995
0.607000, 4994
0.607000, 4993
0.608000, 4992
0.609000, 4991
0.609000, 4990
0.611000, 4989
0.611000, 4988
0.612000, 4987
0.613000, 4986
0.613000, 4985
0.614000, 4984
0.614000, 4983
0.617000, 4982
0.617000, 4981
0.617000, 4980
0.618000, 4979
0.618000, 4978
0.618000, 4977
0.620000, 4976
0.620000, 4975
0.621000, 4974
0.621000, 4973
0.621000, 4972
0.621000, 4971
0.622000, 4970
0.623000, 4969
0.623000, 4968
0.624000, 4967
0.624000, 4966
0.625000, 4965
0.625000, 4964
0.626000, 4963
0.626000, 4962
0.627000, 4961
0.628000, 4960
0.629000, 4959
0.629000, 4958
0.630000, 4957
0.631000, 4956
0.632000, 4955
0.633000, 4954
0.634000, 4953
0.635000, 4952
0.635000, 4951
0.635000, 4950
0.637000, 4949
0.637000, 4948
0.637000, 4947
0.638000, 4946
0.638000, 4945
0.640000, 4944
0.641000, 4943
0.641000, 4942
0.642000, 4941
0.642000, 4940
0.643000, 4939
0.643000, 4938
0.643000, 4937
0.644000, 4936
0.644000, 4935
0.646000, 4934
0.646000, 4933
0.647000, 4932
0.647000, 4931
0.647000, 4930
0.648000, 4929
0.648000, 4928
0.649000, 4927
0.649000, 4926
0.650000, 4925
0.651000, 4924
0.651000, 4923
0.652000, 4922
0.652000, 4921
0.652000, 4920
0.653000, 4919
0.653000, 4918
0.654000, 4917
0.654000, 4916
0.655000, 4915
0.655000, 4914
0.656000, 4913
0.656000, 4912
0.656000, 4911
0.657000, 4910
0.657000, 4909
0.658000, 4908
0.658000, 4907
0.659000, 4906
0.660000, 4905
0.661000, 4904
0.661000, 4903
0.662000, 4902
0.662000, 4901
0.662000, 4900
0.662000, 4899
0.663000, 4898
0.663000, 4897
0.663000, 4896
0.664000, 4895
0.665000, 4894
0.666000, 4893
0.666000, 4892
0.667000, 4891
0.667000, 4890
0.668000, 4889
0.668000, 4888
0.668000, 4887
0.669000, 4886
0.669000, 4885
0.669000, 4884
0.670000, 4883
0.670000, 4882
0.670000, 4881
0.671000, 4880
0.672000, 4879
0.672000, 4878
0.672000, 4877
0.672000, 4876
0.673000, 4875
0.674000, 4874
0.674000, 4873
0.675000, 4872
0.675000, 4871
0.676000, 4870
0.681000, 4869
0.681000, 4868
0.682000, 4867
0.682000, 4866
0.682000, 4865
0.682000, 4864
0.683000, 4863
0.684000, 4862
0.684000, 4861
0.685000, 4860
0.685000, 4859
0.685000, 4858
0.686000, 4857
0.687000, 4856
0.689000, 4855
0.689000, 4854
0.691000, 4853
0.692000, 4852
0.692000, 4851
0.692000, 4850
0.692000, 4849
0.693000, 4848
0.694000, 4847
0.694000, 4846
0.694000, 4845
0.695000, 4844
0.696000, 4843
0.696000, 4842
0.696000, 4841
0.697000, 4840
0.697000, 4839
0.698000, 4838
0.698000, 4837
0.699000, 4836
0.699000, 4835
0.700000, 4834
0.700000, 4833
0.701000, 4832
0.701000, 4831
0.702000, 4830
0.702000, 4829
0.703000, 4828
0.703000, 4827
0.705000, 4826
0.705000, 4825
0.706000, 4824
0.706000, 4823
0.707000, 4822
0.707000, 4821
0.707000, 4820
0.707000, 4819
0.708000, 4818
0.708000, 4817
0.709000, 4816
0.710000, 4815
0.710000, 4814
0.710000, 4813
0.711000, 4812
0.711000, 4811
0.711000, 4810
0.712000, 4809
0.712000, 4808
0.712000, 4807
0.713000, 4806
0.715000, 4805
0.715000, 4804
0.716000, 4803
0.716000, 4802
0.717000, 4801
0.718000, 4800
0.718000, 4799
0.719000, 4798
0.720000, 4797
0.720000, 4796
0.720000, 4795
0.721000, 4794
0.721000, 4793
0.722000, 4792
0.722000, 4791
0.722000, 4790
0.723000, 4789
0.723000, 4788
0.724000, 4787
0.725000, 4786
0.725000, 4785
0.727000, 4784
0.727000, 4783
0.728000, 4782
0.729000, 4781
0.729000, 4780
0.730000, 4779
0.730000, 4778
0.730000, 4777
0.731000, 4776
0.732000, 4775
0.732000, 4774
0.732000, 4773
0.733000, 4772
0.734000, 4771
0.734000, 4770
0.735000, 4769
0.735000, 4768
0.735000, 4767
0.736000, 4766
0.736000, 4765
0.736000, 4764
0.737000, 4763
0.737000, 4762
0.738000, 4761
0.739000, 4760
0.739000, 4759
0.740000, 4758
0.740000, 4757
0.742000, 4756
0.742000, 4755
0.744000, 4754
0.744000, 4753
0.745000, 4752
0.745000, 4751
0.746000, 4750
0.747000, 4749
0.747000, 4748
0.749000, 4747
0.749000, 4746
0.750000, 4745
0.751000, 4744
0.751000, 4743
0.751000, 4742
0.751000, 4741
0.751000, 4740
0.752000, 4739
0.754000, 4738
0.755000, 4737
0.756000, 4736
0.757000, 4735
0.759000, 4734
0.759000, 4733
0.759000, 4732
0.760000, 4731
0.760000, 4730
0.760000, 4729
0.760000, 4728
0.761000, 4727
0.761000, 4726
0.762000, 4725
0.763000, 4724
0.763000, 4723
0.763000, 4722
0.764000, 4721
0.764000, 4720
0.765000, 4719
0.766000, 4718
0.766000, 4717
0.767000, 4716
0.768000, 4715
0.769000, 4714
0.769000, 4713
0.770000, 4712
0.771000, 4711
0.771000, 4710
0.772000, 4709
0.773000, 4708
0.773000, 4707
0.775000, 4706
0.775000, 4705
0.775000, 4704
0.776000, 4703
0.776000, 4702
0.776000, 4701
0.776000, 4700
0.777000, 4699
0.778000, 4698
0.779000, 4697
0.779000, 4696
0.780000, 4695
0.780000, 4694
0.781000, 4693
0.781000, 4692
0.781000, 4691
0.782000, 4690
0.782000, 4689
0.783000, 4688
0.783000, 4687
0.784000, 4686
0.785000, 4685
0.786000, 4684
0.787000, 4683
0.787000, 4682
0.788000, 4681
0.789000, 4680
0.790000, 4679
0.791000, 4678
0.792000, 4677
0.792000, 4676
0.792000, 4675
0.793000, 4674
0.793000, 4673
0.793000, 4672
0.795000, 4671
0.795000, 4670
0.796000, 4669
0.796000, 4668
0.798000, 4667
0.798000, 4666
0.799000, 4665
0.799000, 4664
0.799000, 4663
0.800000, 4662
0.800000, 4661
0.800000, 4660
0.801000, 4659
0.801000, 4658
0.801000, 4657
0.802000, 4656
0.802000, 4655
0.803000, 4654
0.803000, 4653
0.803000, 4652
0.804000, 4651
0.805000, 4650
0.805000, 4649
0.805000, 4648
0.806000, 4647
0.806000, 4646
0.808000, 4645
0.809000, 4644
0.809000, 4643
0.809000, 4642
0.810000, 4641
0.810000, 4640
0.812000, 4639
0.813000, 4638
0.813000, 4637
0.813000, 4636
0.815000, 4635
0.815000, 4634
0.816000, 4633
0.816000, 4632
0.816000, 4631
0.817000, 4630
0.817000, 4629
0.818000, 4628
0.819000, 4627
0.819000, 4626
0.819000, 4625
0.820000, 4624
0.820000, 4623
0.820000, 4622
0.822000, 4621
0.822000, 4620
0.824000, 4619
0.827000, 4618
0.828000, 4617
0.828000, 4616
0.828000, 4615
0.829000, 4614
0.830000, 4613
0.831000, 4612
0.832000, 4611
0.833000, 4610
0.834000, 4609
0.835000, 4608
0.836000, 4607
0.836000, 4606
0.837000, 4605
0.839000, 4604
0.839000, 4603
0.840000, 4602
0.840000, 4601
0.841000, 4600
0.842000, 4599
0.842000, 4598
0.843000, 4597
0.843000, 4596
0.843000, 4595
0.844000, 4594
0.844000, 4593
0.845000, 4592
0.846000, 4591
0.847000, 4590
0.848000, 4589
0.848000, 4588
0.849000, 4587
0.850000, 4586
0.851000, 4585
0.853000, 4584
0.854000, 4583
0.855000, 4582
0.855000, 4581
0.856000, 4580
0.856000, 4579
0.856000, 4578
0.857000, 4577
0.857000, 4576
0.858000, 4575
0.858000, 4574
0.860000, 4573
0.861000, 4572
0.862000, 4571
0.863000, 4570
0.863000, 4569
0.864000, 4568
0.866000, 4567
0.866000, 4566
0.867000, 4565
0.868000, 4564
0.869000, 4563
0.870000, 4562
0.870000, 4561
0.871000, 4560
0.872000, 4559
0.872000, 4558
0.873000, 4557
0.873000, 4556
0.873000, 4555
0.874000, 4554
0.874000, 4553
0.875000, 4552
0.878000, 4551
0.878000, 4550
0.879000, 4549
0.881000, 4548
0.882000, 4547
0.884000, 4546
0.885000, 4545
0.886000, 4544
0.887000, 4543
0.888000, 4542
0.888000, 4541
0.890000, 4540
0.890000, 4539
0.893000, 4538
0.893000, 4537
0.894000, 4536
0.894000, 4535
0.894000, 4534
0.895000, 4533
0.897000, 4532
0.897000, 4531
0.898000, 4530
0.899000, 4529
0.899000, 4528
0.900000, 4527
0.901000, 4526
0.902000, 4525
0.902000, 4524
0.903000, 4523
0.903000, 4522
0.904000, 4521
0.904000, 4520
0.905000, 4519
0.905000, 4518
0.907000, 4517
0.907000, 4516
0.908000, 4515
0.910000, 4514
0.910000, 4513
0.911000, 4512
0.911000, 4511
0.912000, 4510
0.912000, 4509
0.913000, 4508
0.913000, 4507
0.914000, 4506
0.914000, 4505
0.915000, 4504
0.915000, 4503
0.916000, 4502
0.918000, 4501
0.919000, 4500
0.919000, 4499
0.919000, 4498
0.920000, 4497
0.922000, 4496
0.922000, 4495
0.923000, 4494
0.923000, 4493
0.924000, 4492
0.925000, 4491
0.925000, 4490
0.926000, 4489
0.927000, 4488
0.928000, 4487
0.930000, 4486
0.931000, 4485
0.931000, 4484
0.932000, 4483
0.932000, 4482
0.933000, 4481
0.933000, 4480
0.934000, 4479
0.934000, 4478
0.934000, 4477
0.936000, 4476
0.936000, 4475
0.937000, 4474
0.938000, 4473
0.939000, 4472
0.939000, 4471
0.939000, 4470
0.940000, 4469
0.941000, 4468
0.941000, 4467
0.942000, 4466
0.942000, 4465
0.942000, 4464
0.945000, 4463
0.945000, 4462
0.945000, 4461
0.946000, 4460
0.947000, 4459
0.947000, 4458
0.948000, 4457
0.948000, 4456
0.948000, 4455
0.950000, 4454
0.951000, 4453
0.951000, 4452
0.952000, 4451
0.953000, 4450
0.953000, 4449
0.954000, 4448
0.955000, 4447
0.955000, 4446
0.955000, 4445
0.956000, 4444
0.957000, 4443
0.958000, 4442
0.958000, 4441
0.958000, 4440
0.958000, 4439
0.959000, 4438
0.959000, 4437
0.960000, 4436
0.961000, 4435
0.961000, 4434
0.961000, 4433
0.962000, 4432
0.963000, 4431
0.964000, 4430
0.964000, 4429
0.966000, 4428
0.966000, 4427
0.967000, 4426
0.967000, 4425
0.968000, 4424
0.968000, 4423
0.970000, 4422
0.970000, 4421
0.971000, 4420
0.971000, 4419
0.972000, 4418
0.972000, 4417
0.978000, 4416
0.979000, 4415
0.979000, 4414
0.980000, 4413
0.982000, 4412
0.983000, 4411
0.986000, 4410
0.986000, 4409
0.987000, 4408
0.989000, 4407
0.990000, 4406
0.990000, 4405
0.990000, 4404
0.991000, 4403
0.992000, 4402
0.992000, 4401
0.992000, 4400
0.993000, 4399
0.995000, 4398
0.995000, 4397
0.995000, 4396
0.995000, 4395
0.996000, 4394
0.996000, 4393
0.996000, 4392
0.997000, 4391
0.998000, 4390
0.999000, 4389
1.000000, 4388
1.000000, 4387
1.001000, 4386
1.002000, 4385
1.003000, 4384
1.003000, 4383
1.004000, 4382
1.004000, 4381
1.005000, 4380
1.005000, 4379
1.006000, 4378
1.006000, 4377
1.008000, 4376
1.008000, 4375
1.010000, 4374
1.011000, 4373
1.013000, 4372
1.014000, 4371
1.014000, 4370
1.016000, 4369
1.017000, 4368
1.018000, 4367
1.019000, 4366
1.020000, 4365
1.021000, 4364
1.021000, 4363
1.023000, 4362
1.024000, 4361
1.025000, 4360
1.026000, 4359
1.026000, 4358
1.027000, 4357
1.028000, 4356
1.028000, 4355
1.029000, 4354
1.029000, 4353
1.030000, 4352
1.031000, 4351
1.031000, 4350
1.032000, 4349
1.033000, 4348
1.033000, 4347
1.033000, 4346
1.033000, 4345
1.034000, 4344
1.034000, 4343
1.034000, 4342
1.036000, 4341
1.036000, 4340
1.036000, 4339
1.036000, 4338
1.038000, 4337
1.038000, 4336
1.038000, 4335
1.038000, 4334
1.039000, 4333
1.039000, 4332
1.039000, 4331
1.040000, 4330
1.040000, 4329
1.041000, 4328
1.042000, 4327
1.042000, 4326
1.042000, 4325
1.043000, 4324
1.044000, 4323
1.045000, 4322
1.045000, 4321
1.045000, 4320
1.047000, 4319
1.048000, 4318
1.048000, 4317
1.049000, 4316
1.050000, 4315
1.050000, 4314
1.051000, 4313
1.054000, 4312
1.055000, 4311
1.055000, 4310
1.055000, 4309
1.058000, 4308
1.058000, 4307
1.059000, 4306
1.060000, 4305
1.060000, 4304
1.062000, 4303
1.062000, 4302
1.062000, 4301
1.063000, 4300
1.064000, 4299
1.064000, 4298
1.065000, 4297
1.066000, 4296
1.066000, 4295
1.066000, 4294
1.067000, 4293
1.069000, 4292
1.069000, 4291
1.070000, 4290
1.070000, 4289
1.072000, 4288
1.073000, 4287
1.073000, 4286
1.076000, 4285
1.076000, 4284
1.078000, 4283
1.079000, 4282
1.080000, 4281
1.080000, 4280
1.081000, 4279
1.081000, 4278
1.082000, 4277
1.083000, 4276
1.084000, 4275
1.085000, 4274
1.085000, 4273
1.085000, 4272
1.085000, 4271
1.086000, 4270
1.086000, 4269
1.087000, 4268
1.089000, 4267
1.091000, 4266
1.091000, 4265
1.092000, 4264
1.092000, 4263
1.093000, 4262
1.093000, 4261
1.093000, 4260
1.095000, 4259
1.095000, 4258
1.095000, 4257
1.097000, 4256
1.097000, 4255
1.098000, 4254
1.098000, 4253
1.103000, 4252
1.103000, 4251
1.105000, 4250
1.105000, 4249
1.108000, 4248
1.111000, 4247
1.111000, 4246
1.112000, 4245
1.112000, 4244
1.115000, 4243
1.116000, 4242
1.117000, 4241
1.117000, 4240
1.117000, 4239
1.118000, 4238
1.118000, 4237
1.118000, 4236
1.119000, 4235
1.120000, 4234
1.120000, 4233
1.121000, 4232
1.122000, 4231
1.123000, 4230
1.123000, 4229
1.123000, 4228
1.124000, 4227
1.124000, 4226
1.125000, 4225
1.125000, 4224
1.126000, 4223
1.127000, 4222
1.127000, 4221
1.127000, 4220
1.128000, 4219
1.130000, 4218
1.131000, 4217
1.132000, 4216
1.132000, 4215
1.133000, 4214
1.134000, 4213
1.135000, 4212
1.135000, 4211
1.136000, 4210
1.136000, 4209
1.136000, 4208
1.136000, 4207
1.136000, 4206
1.136000, 4205
1.136000, 4204
1.138000, 4203
1.139000, 4202
1.139000, 4201
1.140000, 4200
1.140000, 4199
1.140000, 4198
1.140000, 4197
1.141000, 4196
1.145000, 4195
1.146000, 4194
1.146000, 4193
1.147000, 4192
1.148000, 4191
1.148000, 4190
1.149000, 4189
1.149000, 4188
1.151000, 4187
1.152000, 4186
1.153000, 4185
1.155000, 4184
1.156000, 4183
1.157000, 4182
1.157000, 4181
1.158000, 4180
1.159000, 4179
1.159000, 4178
1.160000, 4177
1.160000, 4176
1.160000, 4175
1.161000, 4174
1.162000, 4173
1.164000, 4172
1.165000, 4171
1.167000, 4170
1.168000, 4169
1.168000, 4168
1.168000, 4167
1.170000, 4166
1.170000, 4165
1.170000, 4164
1.172000, 4163
1.172000, 4162
1.174000, 4161
1.174000, 4160
1.174000, 4159
1.175000, 4158
1.175000, 4157
1.179000, 4156
1.181000, 4155
1.181000, 4154
1.182000, 4153
1.182000, 4152
1.183000, 4151
1.184000, 4150
1.185000, 4149
1.186000, 4148
1.187000, 4147
1.190000, 4146
1.191000, 4145
1.192000, 4144
1.194000, 4143
1.194000, 4142
1.195000, 4141
1.196000, 4140
1.196000, 4139
1.198000, 4138
1.198000, 4137
1.199000, 4136
1.199000, 4135
1.202000, 4134
1.203000, 4133
1.203000, 4132
1.203000, 4131
1.205000, 4130
1.206000, 4129
1.207000, 4128
1.207000, 4127
1.208000, 4126
1.209000, 4125
1.210000, 4124
1.212000, 4123
1.212000, 4122
1.212000, 4121
1.212000, 4120
1.213000, 4119
1.214000, 4118
1.214000, 4117
1.214000, 4116
1.215000, 4115
1.215000, 4114
1.216000, 4113
1.217000, 4112
1.219000, 4111
1.220000, 4110
1.220000, 4109
1.220000, 4108
1.221000, 4107
1.221000, 4106
1.229000, 4105
1.231000, 4104
1.232000, 4103
1.233000, 4102
1.233000, 4101
1.233000, 4100
1.234000, 4099
1.235000, 4098
1.235000, 4097
1.235000, 4096
1.236000, 4095
1.238000, 4094
1.238000, 4093
1.238000, 4092
1.241000, 4091
1.241000, 4090
1.244000, 4089
1.246000, 4088
1.247000, 4087
1.248000, 4086
1.248000, 4085
1.249000, 4084
1.250000, 4083
1.250000, 4082
1.253000, 4081
1.256000, 4080
1.258000, 4079
1.258000, 4078
1.259000, 4077
1.259000, 4076
1.260000, 4075
1.260000, 4074
1.262000, 4073
1.263000, 4072
1.264000, 4071
1.265000, 4070
1.268000, 4069
1.269000, 4068
1.269000, 4067
1.270000, 4066
1.270000, 4065
1.270000, 4064
1.273000, 4063
1.276000, 4062
1.276000, 4061
1.278000, 4060
1.278000, 4059
1.279000, 4058
1.279000, 4057
1.279000, 4056
1.281000, 4055
1.282000, 4054
1.283000, 4053
1.285000, 4052
1.286000, 4051
1.286000, 4050
1.287000, 4049
1.288000, 4048
1.288000, 4047
1.291000, 4046
1.291000, 4045
1.292000, 4044
1.292000, 4043
1.292000, 4042
1.293000, 4041
1.293000, 4040
1.295000, 4039
1.295000, 4038
1.295000, 4037
1.295000, 4036
1.295000, 4035
1.296000, 4034
1.297000, 4033
1.297000, 4032
1.298000, 4031
1.298000, 4030
1.300000, 4029
1.300000, 4028
1.301000, 4027
1.301000, 4026
1.302000, 4025
1.302000, 4024
1.306000, 4023
1.306000, 4022
1.306000, 4021
1.307000, 4020
1.308000, 4019
1.309000, 4018
1.310000, 4017
1.310000, 4016
1.311000, 4015
1.311000, 4014
1.314000, 4013
1.314000, 4012
1.314000, 4011
1.316000, 4010
1.319000, 4009
1.321000, 4008
1.321000, 4007
1.322000, 4006
1.322000, 4005
1.325000, 4004
1.329000, 4003
1.335000, 4002
1.335000, 4001
1.336000, 4000
1.336000, 3999
1.336000, 3998
1.337000, 3997
1.339000, 3996
1.340000, 3995
1.341000, 3994
1.341000, 3993
1.342000, 3992
1.343000, 3991
1.344000, 3990
1.344000, 3989
1.345000, 3988
1.345000, 3987
1.347000, 3986
1.347000, 3985
1.348000, 3984
1.348000, 3983
1.349000, 3982
1.349000, 3981
1.349000, 3980
1.350000, 3979
1.351000, 3978
1.351000, 3977
1.351000, 3976
1.353000, 3975
1.355000, 3974
1.355000, 3973
1.357000, 3972
1.358000, 3971
1.359000, 3970
1.359000, 3969
1.360000, 3968
1.361000, 3967
1.362000, 3966
1.365000, 3965
1.366000, 3964
1.366000, 3963
1.367000, 3962
1.368000, 3961
1.368000, 3960
1.368000, 3959
1.368000, 3958
1.371000, 3957
1.375000, 3956
1.375000, 3955
1.376000, 3954
1.376000, 3953
1.377000, 3952
1.380000, 3951
1.381000, 3950
1.381000, 3949
1.382000, 3948
1.383000, 3947
1.383000, 3946
1.384000, 3945
1.385000, 3944
1.385000, 3943
1.387000, 3942
1.388000, 3941
1.389000, 3940
1.390000, 3939
1.390000, 3938
1.392000, 3937
1.393000, 3936
1.393000, 3935
1.394000, 3934
1.394000, 3933
1.394000, 3932
1.395000, 3931
1.396000, 3930
1.396000, 3929
1.397000, 3928
1.398000, 3927
1.400000, 3926
1.401000, 3925
1.401000, 3924
1.401000, 3923
1.401000, 3922
1.402000, 3921
1.403000, 3920
1.404000, 3919
1.405000, 3918
1.406000, 3917
1.406000, 3916
1.408000, 3915
1.409000, 3914
1.409000, 3913
1.409000, 3912
1.415000, 3911
1.417000, 3910
1.417000, 3909
1.417000, 3908
1.417000, 3907
1.417000, 3906
1.418000, 3905
1.418000, 3904
1.421000, 3903
1.422000, 3902
1.426000, 3901
1.428000, 3900
1.429000, 3899
1.430000, 3898
1.431000, 3897
1.432000, 3896
1.434000, 3895
1.435000, 3894
1.435000, 3893
1.436000, 3892
1.437000, 3891
1.438000, 3890
1.440000, 3889
1.444000, 3888
1.445000, 3887
1.447000, 3886
1.447000, 3885
1.450000, 3884
1.450000, 3883
1.453000, 3882
1.454000, 3881
1.456000, 3880
1.456000, 3879
1.458000, 3878
1.458000, 3877
1.462000, 3876
1.463000, 3875
1.464000, 3874
1.465000, 3873
1.467000, 3872
1.468000, 3871
1.469000, 3870
1.470000, 3869
1.470000, 3868
1.470000, 3867
1.473000, 3866
1.474000, 3865
1.476000, 3864
1.481000, 3863
1.482000, 3862
1.482000, 3861
1.485000, 3860
1.485000, 3859
1.486000, 3858
1.486000, 3857
1.486000, 3856
1.488000, 3855
1.490000, 3854
1.491000, 3853
1.492000, 3852
1.493000, 3851
1.494000, 3850
1.501000, 3849
1.503000, 3848
1.503000, 3847
1.504000, 3846
1.504000, 3845
1.507000, 3844
1.509000, 3843
1.511000, 3842
1.513000, 3841
1.513000, 3840
1.513000, 3839
1.519000, 3838
1.522000, 3837
1.525000, 3836
1.526000, 3835
1.530000, 3834
1.530000, 3833
1.532000, 3832
1.532000, 3831
1.535000, 3830
1.538000, 3829
1.538000, 3828
1.541000, 3827
1.543000, 3826
1.545000, 3825
1.550000, 3824
1.553000, 3823
1.554000, 3822
1.555000, 3821
1.555000, 3820
1.557000, 3819
1.559000, 3818
1.559000, 3817
1.559000, 3816
1.561000, 3815
1.561000, 3814
1.565000, 3813
1.565000, 3812
1.571000, 3811
1.572000, 3810
1.573000, 3809
1.576000, 3808
1.579000, 3807
1.582000, 3806
1.585000, 3805
1.586000, 3804
1.586000, 3803
1.588000, 3802
1.589000, 3801
1.590000, 3800
1.592000, 3799
1.594000, 3798
1.594000, 3797
1.595000, 3796
1.596000, 3795
1.596000, 3794
1.596000, 3793
1.597000, 3792
1.598000, 3791
1.601000, 3790
1.603000, 3789
1.606000, 3788
1.609000, 3787
1.609000, 3786
1.610000, 3785
1.613000, 3784
1.616000, 3783
1.617000, 3782
1.618000, 3781
1.620000, 3780
1.621000, 3779
1.622000, 3778
1.623000, 3777
1.623000, 3776
1.625000, 3775
1.625000, 3774
1.630000, 3773
1.633000, 3772
1.633000, 3771
1.634000, 3770
1.636000, 3769
1.637000, 3768
1.638000, 3767
1.640000, 3766
1.641000, 3765
1.643000, 3764
1.645000, 3763
1.646000, 3762
1.648000, 3761
1.648000, 3760
1.648000, 3759
1.649000, 3758
1.649000, 3757
1.651000, 3756
1.651000, 3755
1.652000, 3754
1.654000, 3753
1.655000, 3752
1.656000, 3751
1.656000, 3750
1.660000, 3749
1.662000, 3748
1.662000, 3747
1.664000, 3746
1.664000, 3745
1.665000, 3744
1.666000, 3743
1.669000, 3742
1.669000, 3741
1.669000, 3740
1.672000, 3739
1.674000, 3738
1.676000, 3737
1.679000, 3736
1.680000, 3735
1.680000, 3734
1.681000, 3733
1.682000, 3732
1.683000, 3731
1.685000, 3730
1.687000, 3729
1.687000, 3728
1.692000, 3727
1.694000, 3726
1.694000, 3725
1.694000, 3724
1.694000, 3723
1.696000, 3722
1.700000, 3721
1.700000, 3720
1.700000, 3719
1.701000, 3718
1.701000, 3717
1.702000, 3716
1.706000, 3715
1.712000, 3714
1.712000, 3713
1.713000, 3712
1.713000, 3711
1.724000, 3710
1.724000, 3709
1.725000, 3708
1.727000, 3707
1.728000, 3706
1.729000, 3705
1.732000, 3704
1.735000, 3703
1.736000, 3702
1.738000, 3701
1.745000, 3700
1.746000, 3699
1.747000, 3698
1.747000, 3697
1.748000, 3696
1.748000, 3695
1.749000, 3694
1.749000, 3693
1.750000, 3692
1.750000, 3691
1.751000, 3690
1.752000, 3689
1.753000, 3688
1.753000, 3687
1.754000, 3686
1.754000, 3685
1.755000, 3684
1.757000, 3683
1.757000, 3682
1.757000, 3681
1.758000, 3680
1.758000, 3679
1.764000, 3678
1.770000, 3677
1.771000, 3676
1.772000, 3675
1.772000, 3674
1.772000, 3673
1.774000, 3672
1.775000, 3671
1.776000, 3670
1.780000, 3669
1.781000, 3668
1.782000, 3667
1.784000, 3666
1.784000, 3665
1.790000, 3664
1.790000, 3663
1.796000, 3662
1.798000, 3661
1.799000, 3660
1.800000, 3659
1.800000, 3658
1.801000, 3657
1.802000, 3656
1.803000, 3655
1.805000, 3654
1.807000, 3653
1.809000, 3652
1.810000, 3651
1.810000, 3650
1.812000, 3649
1.814000, 3648
1.815000, 3647
1.815000, 3646
1.817000, 3645
1.818000, 3644
1.819000, 3643
1.819000, 3642
1.820000, 3641
1.820000, 3640
1.821000, 3639
1.827000, 3638
1.828000, 3637
1.830000, 3636
1.834000, 3635
1.835000, 3634
1.839000, 3633
1.842000, 3632
1.843000, 3631
1.845000, 3630
1.846000, 3629
1.848000, 3628
1.849000, 3627
1.849000, 3626
1.850000, 3625
1.854000, 3624
1.856000, 3623
1.857000, 3622
1.860000, 3621
1.862000, 3620
1.867000, 3619
1.867000, 3618
1.868000, 3617
1.870000, 3616
1.872000, 3615
1.876000, 3614
1.877000, 3613
1.878000, 3612
1.879000, 3611
1.882000, 3610
1.883000, 3609
1.889000, 3608
1.890000, 3607
1.893000, 3606
1.893000, 3605
1.894000, 3604
1.895000, 3603
1.896000, 3602
1.897000, 3601
1.899000, 3600
1.900000, 3599
1.900000, 3598
1.901000, 3597
1.906000, 3596
1.908000, 3595
1.909000, 3594
1.914000, 3593
1.917000, 3592
1.919000, 3591
1.920000, 3590
1.924000, 3589
1.927000, 3588
1.927000, 3587
1.929000, 3586
1.933000, 3585
1.940000, 3584
1.943000, 3583
1.945000, 3582
1.946000, 3581
1.947000, 3580
1.953000, 3579
1.956000, 3578
1.958000, 3577
1.958000, 3576
1.960000, 3575
1.968000, 3574
1.973000, 3573
1.973000, 3572
1.975000, 3571
1.975000, 3570
1.978000, 3569
1.981000, 3568
1.984000, 3567
1.986000, 3566
1.987000, 3565
1.987000, 3564
1.993000, 3563
1.996000, 3562
1.996000, 3561
2.001000, 3560
2.002000, 3559
2.006000, 3558
2.008000, 3557
2.008000, 3556
2.011000, 3555
2.012000, 3554
2.014000, 3553
2.018000, 3552
2.019000, 3551
2.022000, 3550
2.026000, 3549
2.026000, 3548
2.027000, 3547
2.027000, 3546
2.030000, 3545
2.034000, 3544
2.036000, 3543
2.037000, 3542
2.043000, 3541
2.045000, 3540
2.046000, 3539
2.047000, 3538
2.051000, 3537
2.052000, 3536
2.053000, 3535
2.054000, 3534
2.055000, 3533
2.056000, 3532
2.057000, 3531
2.058000, 3530
2.065000, 3529
2.066000, 3528
2.067000, 3527
2.069000, 3526
2.072000, 3525
2.074000, 3524
2.075000, 3523
2.079000, 3522
2.082000, 3521
2.084000, 3520
2.090000, 3519
2.092000, 3518
2.093000, 3517
2.095000, 3516
2.095000, 3515
2.098000, 3514
2.100000, 3513
2.100000, 3512
2.101000, 3511
2.103000, 3510
2.104000, 3509
2.112000, 3508
2.114000, 3507
2.118000, 3506
2.122000, 3505
2.124000, 3504
2.125000, 3503
2.127000, 3502
2.135000, 3501
2.136000, 3500
2.138000, 3499
2.141000, 3498
2.148000, 3497
2.149000, 3496
2.151000, 3495
2.152000, 3494
2.155000, 3493
2.157000, 3492
2.165000, 3491
2.166000, 3490
2.168000, 3489
2.169000, 3488
2.172000, 3487
2.179000, 3486
2.185000, 3485
2.187000, 3484
2.192000, 3483
2.195000, 3482
2.206000, 3481
2.209000, 3480
2.222000, 3479
2.225000, 3478
2.231000, 3477
2.236000, 3476
2.236000, 3475
2.239000, 3474
2.252000, 3473
2.253000, 3472
2.256000, 3471
2.257000, 3470
2.258000, 3469
2.259000, 3468
2.264000, 3467
2.267000, 3466
2.269000, 3465
2.271000, 3464
2.276000, 3463
2.276000, 3462
2.289000, 3461
2.304000, 3460
2.306000, 3459
2.308000, 3458
2.310000, 3457
2.315000, 3456
2.317000, 3455
2.318000, 3454
2.322000, 3453
2.331000, 3452
2.334000, 3451
2.338000, 3450
2.339000, 3449
2.340000, 3448
2.340000, 3447
2.351000, 3446
2.357000, 3445
2.365000, 3444
2.369000, 3443
2.369000, 3442
2.370000, 3441
2.373000, 3440
2.376000, 3439
2.378000, 3438
2.380000, 3437
2.385000, 3436
2.389000, 3435
2.398000, 3434
2.404000, 3433
2.428000, 3432
2.429000, 3431
2.437000, 3430
2.448000, 3429
2.460000, 3428
2.473000, 3427
2.482000, 3426
2.505000, 3425
2.508000, 3424
2.508000, 3423
2.515000, 3422
2.517000, 3421
2.533000, 3420
2.533000, 3419
2.534000, 3418
2.539000, 3417
2.551000, 3416
2.551000, 3415
2.555000, 3414
2.555000, 3413
2.562000, 3412
2.567000, 3411
2.569000, 3410
2.573000, 3409
2.575000, 3408
2.578000, 3407
2.589000, 3406
2.602000, 3405
2.606000, 3404
2.616000, 3403
2.624000, 3402
2.627000, 3401
2.639000, 3400
2.672000, 3399
2.676000, 3398
2.680000, 3397
2.711000, 3396
2.722000, 3395
2.724000, 3394
2.724000, 3393
2.731000, 3392
2.745000, 3391
2.748000, 3390
2.755000, 3389
2.760000, 3388
2.766000, 3387
2.780000, 3386
2.787000, 3385
2.787000, 3384
2.788000, 3383
2.789000, 3382
2.796000, 3381
2.842000, 3380
2.866000, 3379
2.887000, 3378
2.890000, 3377
2.925000, 3376
2.939000, 3375
2.950000, 3374
2.961000, 3373
2.969000, 3372
2.979000, 3371
2.987000, 3370
2.987000, 3369
2.990000, 3368
3.003000, 3367
3.007000, 3366
3.008000, 3365
3.011000, 3364
3.024000, 3363
3.051000, 3362
3.062000, 3361
3.067000, 3360
3.070000, 3359
3.085000, 3358
3.118000, 3357
3.125000, 3356
3.166000, 3355
3.181000, 3354
3.187000, 3353
3.193000, 3352
3.216000, 3351
3.217000, 3350
3.222000, 3349
3.262000, 3348
3.293000, 3347
3.307000, 3346
3.337000, 3345
3.346000, 3344
3.372000, 3343
3.444000, 3342
3.680000, 3341
3.747000, 3340
3.751000, 3339
3.759000, 3338
3.903000, 3337
4.111000, 3336
4.120000, 3335
4.326000, 3334
4.337000, 3333
4.429000, 3332
4.532000, 3331
4.720000, 3330
5.027000, 3329
5.136000, 3328
5.164000, 3327
