0.138000, 6037
0.143000, 6036
0.144000, 6035
0.144000, 6034
0.145000, 6033
0.145000, 6032
0.146000, 6031
0.146000, 6030
0.147000, 6029
0.148000, 6028
0.148000, 6027
0.149000, 6026
0.149000, 6025
0.150000, 6024
0.151000, 6023
0.151000, 6022
0.152000, 6021
0.153000, 6020
0.154000, 6019
0.154000, 6018
0.155000, 6017
0.155000, 6016
0.156000, 6015
0.156000, 6014
0.157000, 6013
0.158000, 6012
0.159000, 6011
0.159000, 6010
0.160000, 6009
0.160000, 6008
0.161000, 6007
0.161000, 6006
0.162000, 6005
0.164000, 6004
0.164000, 6003
0.164000, 6002
0.165000, 6001
0.165000, 6000
0.165000, 5999
0.166000, 5998
0.166000, 5997
0.167000, 5996
0.167000, 5995
0.168000, 5994
0.169000, 5993
0.169000, 5992
0.170000, 5991
0.170000, 5990
0.171000, 5989
0.171000, 5988
0.172000, 5987
0.173000, 5986
0.173000, 5985
0.173000, 5984
0.174000, 5983
0.175000, 5982
0.177000, 5981
0.179000, 5980
0.179000, 5979
0.181000, 5978
0.182000, 5977
0.182000, 5976
0.182000, 5975
0.182000, 5974
0.183000, 5973
0.184000, 5972
0.185000, 5971
0.185000, 5970
0.186000, 5969
0.186000, 5968
0.186000, 5967
0.187000, 5966
0.188000, 5965
0.189000, 5964
0.189000, 5963
0.189000, 5962
0.190000, 5961
0.191000, 5960
0.192000, 5959
0.192000, 5958
0.193000, 5957
0.193000, 5956
0.194000, 5955
0.195000, 5954
0.201000, 5953
0.202000, 5952
0.202000, 5951
0.203000, 5950
0.203000, 5949
0.204000, 5948
0.205000, 5947
0.205000, 5946
0.205000, 5945
0.206000, 5944
0.206000, 5943
0.206000, 5942
0.207000, 5941
0.207000, 5940
0.207000, 5939
0.207000, 5938
0.208000, 5937
0.208000, 5936
0.209000, 5935
0.209000, 5934
0.209000, 5933
0.209000, 5932
0.210000, 5931
0.210000, 5930
0.210000, 5929
0.211000, 5928
0.211000, 5927
0.211000, 5926
0.212000, 5925
0.212000, 5924
0.213000, 5923
0.213000, 5922
0.214000, 5921
0.214000, 5920
0.214000, 5919
0.215000, 5918
0.215000, 5917
0.215000, 5916
0.215000, 5915
0.216000, 5914
0.216000, 5913
0.217000, 5912
0.217000, 5911
0.217000, 5910
0.217000, 5909
0.218000, 5908
0.218000, 5907
0.219000, 5906
0.219000, 5905
0.220000, 5904
0.220000, 5903
0.220000, 5902
0.220000, 5901
0.221000, 5900
0.222000, 5899
0.222000, 5898
0.222000, 5897
0.223000, 5896
0.223000, 5895
0.223000, 5894
0.223000, 5893
0.224000, 5892
0.224000, 5891
0.224000, 5890
0.224000, 5889
0.225000, 5888
0.226000, 5887
0.227000, 5886
0.228000, 5885
0.229000, 5884
0.229000, 5883
0.230000, 5882
0.230000, 5881
0.230000, 5880
0.231000, 5879
0.231000, 5878
0.232000, 5877
0.232000, 5876
0.232000, 5875
0.233000, 5874
0.234000, 5873
0.234000, 5872
0.235000, 5871
0.235000, 5870
0.236000, 5869
0.236000, 5868
0.237000, 5867
0.237000, 5866
0.237000, 5865
0.237000, 5864
0.239000, 5863
0.239000, 5862
0.239000, 5861
0.240000, 5860
0.241000, 5859
0.241000, 5858
0.241000, 5857
0.242000, 5856
0.242000, 5855
0.243000, 5854
0.243000, 5853
0.244000, 5852
0.244000, 5851
0.244000, 5850
0.245000, 5849
0.245000, 5848
0.247000, 5847
0.247000, 5846
0.248000, 5845
0.248000, 5844
0.249000, 5843
0.249000, 5842
0.249000, 5841
0.249000, 5840
0.250000, 5839
0.250000, 5838
0.250000, 5837
0.250000, 5836
0.251000, 5835
0.251000, 5834
0.252000, 5833
0.252000, 5832
0.252000, 5831
0.253000, 5830
0.253000, 5829
0.253000, 5828
0.253000, 5827
0.254000, 5826
0.254000, 5825
0.255000, 5824
0.256000, 5823
0.257000, 5822
0.257000, 5821
0.257000, 5820
0.258000, 5819
0.258000, 5818
0.258000, 5817
0.259000, 5816
0.259000, 5815
0.259000, 5814
0.260000, 5813
0.260000, 5812
0.261000, 5811
0.261000, 5810
0.262000, 5809
0.262000, 5808
0.262000, 5807
0.262000, 5806
0.263000, 5805
0.264000, 5804
0.265000, 5803
0.266000, 5802
0.267000, 5801
0.267000, 5800
0.267000, 5799
0.268000, 5798
0.269000, 5797
0.270000, 5796
0.270000, 5795
0.271000, 5794
0.271000, 5793
0.271000, 5792
0.271000, 5791
0.272000, 5790
0.272000, 5789
0.272000, 5788
0.273000, 5787
0.273000, 5786
0.273000, 5785
0.274000, 5784
0.274000, 5783
0.274000, 5782
0.275000, 5781
0.275000, 5780
0.275000, 5779
0.275000, 5778
0.276000, 5777
0.276000, 5776
0.277000, 5775
0.278000, 5774
0.278000, 5773
0.278000, 5772
0.279000, 5771
0.279000, 5770
0.279000, 5769
0.280000, 5768
0.280000, 5767
0.281000, 5766
0.281000, 5765
0.282000, 5764
0.282000, 5763
0.282000, 5762
0.283000, 5761
0.283000, 5760
0.284000, 5759
0.284000, 5758
0.285000, 5757
0.285000, 5756
0.286000, 5755
0.287000, 5754
0.287000, 5753
0.288000, 5752
0.288000, 5751
0.288000, 5750
0.288000, 5749
0.289000, 5748
0.289000, 5747
0.290000, 5746
0.290000, 5745
0.291000, 5744
0.291000, 5743
0.291000, 5742
0.291000, 5741
0.292000, 5740
0.293000, 5739
0.293000, 5738
0.293000, 5737
0.294000, 5736
0.294000, 5735
0.295000, 5734
0.295000, 5733
0.296000, 5732
0.296000, 5731
0.296000, 5730
0.297000, 5729
0.297000, 5728
0.297000, 5727
0.297000, 5726
0.298000, 5725
0.298000, 5724
0.298000, 5723
0.299000, 5722
0.300000, 5721
0.300000, 5720
0.300000, 5719
0.301000, 5718
0.301000, 5717
0.301000, 5716
0.302000, 5715
0.302000, 5714
0.302000, 5713
0.303000, 5712
0.304000, 5711
0.304000, 5710
0.304000, 5709
0.305000, 5708
0.305000, 5707
0.306000, 5706
0.306000, 5705
0.307000, 5704
0.307000, 5703
0.307000, 5702
0.308000, 5701
0.308000, 5700
0.308000, 5699
0.309000, 5698
0.309000, 5697
0.309000, 5696
0.311000, 5695
0.311000, 5694
0.311000, 5693
0.312000, 5692
0.312000, 5691
0.313000, 5690
0.313000, 5689
0.313000, 5688
0.314000, 5687
0.314000, 5686
0.314000, 5685
0.315000, 5684
0.315000, 5683
0.315000, 5682
0.316000, 5681
0.317000, 5680
0.318000, 5679
0.318000, 5678
0.318000, 5677
0.318000, 5676
0.318000, 5675
0.319000, 5674
0.319000, 5673
0.319000, 5672
0.320000, 5671
0.321000, 5670
0.321000, 5669
0.322000, 5668
0.322000, 5667
0.323000, 5666
0.323000, 5665
0.324000, 5664
0.324000, 5663
0.324000, 5662
0.325000, 5661
0.325000, 5660
0.325000, 5659
0.325000, 5658
0.326000, 5657
0.326000, 5656
0.326000, 5655
0.327000, 5654
0.327000, 5653
0.327000, 5652
0.328000, 5651
0.328000, 5650
0.329000, 5649
0.329000, 5648
0.330000, 5647
0.330000, 5646
0.330000, 5645
0.330000, 5644
0.331000, 5643
0.331000, 5642
0.331000, 5641
0.332000, 5640
0.332000, 5639
0.332000, 5638
0.333000, 5637
0.333000, 5636
0.333000, 5635
0.334000, 5634
0.334000, 5633
0.335000, 5632
0.335000, 5631
0.335000, 5630
0.336000, 5629
0.337000, 5628
0.337000, 5627
0.337000, 5626
0.337000, 5625
0.338000, 5624
0.338000, 5623
0.339000, 5622
0.339000, 5621
0.340000, 5620
0.340000, 5619
0.341000, 5618
0.341000, 5617
0.342000, 5616
0.342000, 5615
0.342000, 5614
0.343000, 5613
0.343000, 5612
0.343000, 5611
0.344000, 5610
0.344000, 5609
0.344000, 5608
0.344000, 5607
0.345000, 5606
0.345000, 5605
0.345000, 5604
0.346000, 5603
0.346000, 5602
0.346000, 5601
0.347000, 5600
0.347000, 5599
0.348000, 5598
0.348000, 5597
0.348000, 5596
0.349000, 5595
0.349000, 5594
0.349000, 5593
0.350000, 5592
0.351000, 5591
0.352000, 5590
0.353000, 5589
0.353000, 5588
0.353000, 5587
0.354000, 5586
0.355000, 5585
0.355000, 5584
0.355000, 5583
0.356000, 5582
0.356000, 5581
0.357000, 5580
0.357000, 5579
0.358000, 5578
0.358000, 5577
0.359000, 5576
0.359000, 5575
0.359000, 5574
0.359000, 5573
0.360000, 5572
0.360000, 5571
0.360000, 5570
0.361000, 5569
0.362000, 5568
0.362000, 5567
0.363000, 5566
0.363000, 5565
0.363000, 5564
0.369000, 5563
0.370000, 5562
0.370000, 5561
0.370000, 5560
0.370000, 5559
0.371000, 5558
0.372000, 5557
0.372000, 5556
0.373000, 5555
0.374000, 5554
0.374000, 5553
0.376000, 5552
0.377000, 5551
0.377000, 5550
0.377000, 5549
0.378000, 5548
0.378000, 5547
0.378000, 5546
0.378000, 5545
0.379000, 5544
0.379000, 5543
0.380000, 5542
0.381000, 5541
0.381000, 5540
0.381000, 5539
0.383000, 5538
0.383000, 5537
0.383000, 5536
0.384000, 5535
0.384000, 5534
0.385000, 5533
0.385000, 5532
0.385000, 5531
0.386000, 5530
0.386000, 5529
0.386000, 5528
0.387000, 5527
0.387000, 5526
0.387000, 5525
0.388000, 5524
0.389000, 5523
0.390000, 5522
0.390000, 5521
0.391000, 5520
0.391000, 5519
0.391000, 5518
0.392000, 5517
0.392000, 5516
0.392000, 5515
0.392000, 5514
0.393000, 5513
0.393000, 5512
0.393000, 5511
0.394000, 5510
0.394000, 5509
0.395000, 5508
0.395000, 5507
0.395000, 5506
0.395000, 5505
0.396000, 5504
0.397000, 5503
0.397000, 5502
0.398000, 5501
0.398000, 5500
0.399000, 5499
0.400000, 5498
0.400000, 5497
0.401000, 5496
0.402000, 5495
0.402000, 5494
0.402000, 5493
0.402000, 5492
0.403000, 5491
0.403000, 5490
0.403000, 5489
0.404000, 5488
0.404000, 5487
0.405000, 5486
0.405000, 5485
0.406000, 5484
0.406000, 5483
0.407000, 5482
0.408000, 5481
0.408000, 5480
0.409000, 5479
0.409000, 5478
0.410000, 5477
0.410000, 5476
0.410000, 5475
0.410000, 5474
0.411000, 5473
0.411000, 5472
0.411000, 5471
0.412000, 5470
0.412000, 5469
0.412000, 5468
0.413000, 5467
0.413000, 5466
0.414000, 5465
0.414000, 5464
0.415000, 5463
0.415000, 5462
0.416000, 5461
0.417000, 5460
0.418000, 5459
0.418000, 5458
0.418000, 5457
0.419000, 5456
0.419000, 5455
0.420000, 5454
0.420000, 5453
0.421000, 5452
0.421000, 5451
0.422000, 5450
0.422000, 5449
0.423000, 5448
0.423000, 5447
0.423000, 5446
0.424000, 5445
0.424000, 5444
0.425000, 5443
0.426000, 5442
0.427000, 5441
0.427000, 5440
0.428000, 5439
0.428000, 5438
0.429000, 5437
0.429000, 5436
0.431000, 5435
0.432000, 5434
0.432000, 5433
0.433000, 5432
0.433000, 5431
0.433000, 5430
0.433000, 5429
0.433000, 5428
0.434000, 5427
0.435000, 5426
0.435000, 5425
0.435000, 5424
0.435000, 5423
0.436000, 5422
0.436000, 5421
0.436000, 5420
0.437000, 5419
0.438000, 5418
0.438000, 5417
0.438000, 5416
0.439000, 5415
0.439000, 5414
0.439000, 5413
0.440000, 5412
0.440000, 5411
0.440000, 5410
0.441000, 5409
0.441000, 5408
0.441000, 5407
0.442000, 5406
0.442000, 5405
0.442000, 5404
0.443000, 5403
0.443000, 5402
0.443000, 5401
0.443000, 5400
0.444000, 5399
0.444000, 5398
0.445000, 5397
0.446000, 5396
0.446000, 5395
0.446000, 5394
0.447000, 5393
0.447000, 5392
0.447000, 5391
0.447000, 5390
0.449000, 5389
0.449000, 5388
0.449000, 5387
0.449000, 5386
0.450000, 5385
0.450000, 5384
0.450000, 5383
0.451000, 5382
0.451000, 5381
0.451000, 5380
0.452000, 5379
0.452000, 5378
0.452000, 5377
0.452000, 5376
0.453000, 5375
0.453000, 5374
0.454000, 5373
0.454000, 5372
0.454000, 5371
0.455000, 5370
0.455000, 5369
0.456000, 5368
0.456000, 5367
0.456000, 5366
0.457000, 5365
0.457000, 5364
0.458000, 5363
0.458000, 5362
0.459000, 5361
0.459000, 5360
0.459000, 5359
0.459000, 5358
0.460000, 5357
0.460000, 5356
0.460000, 5355
0.460000, 5354
0.461000, 5353
0.461000, 5352
0.462000, 5351
0.463000, 5350
0.463000, 5349
0.463000, 5348
0.464000, 5347
0.464000, 5346
0.465000, 5345
0.465000, 5344
0.466000, 5343
0.466000, 5342
0.466000, 5341
0.467000, 5340
0.467000, 5339
0.467000, 5338
0.467000, 5337
0.468000, 5336
0.468000, 5335
0.468000, 5334
0.469000, 5333
0.470000, 5332
0.470000, 5331
0.470000, 5330
0.471000, 5329
0.472000, 5328
0.472000, 5327
0.473000, 5326
0.473000, 5325
0.473000, 5324
0.474000, 5323
0.474000, 5322
0.474000, 5321
0.475000, 5320
0.475000, 5319
0.475000, 5318
0.475000, 5317
0.476000, 5316
0.476000, 5315
0.477000, 5314
0.478000, 5313
0.478000, 5312
0.478000, 5311
0.478000, 5310
0.478000, 5309
0.478000, 5308
0.479000, 5307
0.479000, 5306
0.479000, 5305
0.481000, 5304
0.482000, 5303
0.482000, 5302
0.483000, 5301
0.483000, 5300
0.484000, 5299
0.485000, 5298
0.486000, 5297
0.486000, 5296
0.486000, 5295
0.487000, 5294
0.487000, 5293
0.487000, 5292
0.487000, 5291
0.488000, 5290
0.488000, 5289
0.488000, 5288
0.489000, 5287
0.489000, 5286
0.489000, 5285
0.490000, 5284
0.490000, 5283
0.490000, 5282
0.490000, 5281
0.491000, 5280
0.491000, 5279
0.491000, 5278
0.491000, 5277
0.492000, 5276
0.492000, 5275
0.493000, 5274
0.493000, 5273
0.493000, 5272
0.494000, 5271
0.494000, 5270
0.494000, 5269
0.495000, 5268
0.496000, 5267
0.496000, 5266
0.496000, 5265
0.496000, 5264
0.497000, 5263
0.497000, 5262
0.498000, 5261
0.498000, 5260
0.499000, 5259
0.499000, 5258
0.499000, 5257
0.499000, 5256
0.501000, 5255
0.502000, 5254
0.502000, 5253
0.503000, 5252
0.504000, 5251
0.505000, 5250
0.505000, 5249
0.506000, 5248
0.506000, 5247
0.508000, 5246
0.508000, 5245
0.509000, 5244
0.509000, 5243
0.510000, 5242
0.510000, 5241
0.510000, 5240
0.511000, 5239
0.512000, 5238
0.512000, 5237
0.512000, 5236
0.513000, 5235
0.513000, 5234
0.514000, 5233
0.514000, 5232
0.514000, 5231
0.515000, 5230
0.515000, 5229
0.516000, 5228
0.517000, 5227
0.517000, 5226
0.517000, 5225
0.518000, 5224
0.519000, 5223
0.519000, 5222
0.524000, 5221
0.524000, 5220
0.525000, 5219
0.525000, 5218
0.526000, 5217
0.526000, 5216
0.526000, 5215
0.527000, 5214
0.530000, 5213
0.530000, 5212
0.531000, 5211
0.531000, 5210
0.532000, 5209
0.532000, 5208
0.532000, 5207
0.533000, 5206
0.533000, 5205
0.533000, 5204
0.534000, 5203
0.535000, 5202
0.536000, 5201
0.536000, 5200
0.536000, 5199
0.539000, 5198
0.540000, 5197
0.540000, 5196
0.540000, 5195
0.542000, 5194
0.543000, 5193
0.543000, 5192
0.543000, 5191
0.544000, 5190
0.544000, 5189
0.545000, 5188
0.545000, 5187
0.546000, 5186
0.546000, 5185
0.546000, 5184
0.546000, 5183
0.547000, 5182
0.547000, 5181
0.547000, 5180
0.548000, 5179
0.548000, 5178
0.548000, 5177
0.548000, 5176
0.549000, 5175
0.549000, 5174
0.549000, 5173
0.549000, 5172
0.550000, 5171
0.550000, 5170
0.551000, 5169
0.551000, 5168
0.551000, 5167
0.552000, 5166
0.553000, 5165
0.553000, 5164
0.554000, 5163
0.555000, 5162
0.555000, 5161
0.556000, 5160
0.556000, 5159
0.557000, 5158
0.557000, 5157
0.557000, 5156
0.558000, 5155
0.558000, 5154
0.559000, 5153
0.559000, 5152
0.560000, 5151
0.560000, 5150
0.561000, 5149
0.562000, 5148
0.563000, 5147
0.563000, 5146
0.563000, 5145
0.564000, 5144
0.564000, 5143
0.564000, 5142
0.564000, 5141
0.565000, 5140
0.565000, 5139
0.566000, 5138
0.566000, 5137
0.567000, 5136
0.567000, 5135
0.568000, 5134
0.569000, 5133
0.569000, 5132
0.569000, 5131
0.570000, 5130
0.570000, 5129
0.570000, 5128
0.571000, 5127
0.571000, 5126
0.571000, 5125
0.572000, 5124
0.572000, 5123
0.572000, 5122
0.573000, 5121
0.573000, 5120
0.574000, 5119
0.574000, 5118
0.575000, 5117
0.575000, 5116
0.577000, 5115
0.577000, 5114
0.577000, 5113
0.578000, 5112
0.578000, 5111
0.579000, 5110
0.580000, 5109
0.580000, 5108
0.580000, 5107
0.580000, 5106
0.580000, 5105
0.581000, 5104
0.581000, 5103
0.581000, 5102
0.582000, 5101
0.583000, 5100
0.583000, 5099
0.583000, 5098
0.583000, 5097
0.584000, 5096
0.585000, 5095
0.586000, 5094
0.586000, 5093
0.586000, 5092
0.587000, 5091
0.587000, 5090
0.588000, 5089
0.588000, 5088
0.588000, 5087
0.589000, 5086
0.589000, 5085
0.590000, 5084
0.590000, 5083
0.591000, 5082
0.591000, 5081
0.592000, 5080
0.592000, 5079
0.592000, 5078
0.593000, 5077
0.593000, 5076
0.594000, 5075
0.594000, 5074
0.595000, 5073
0.596000, 5072
0.596000, 5071
0.596000, 5070
0.597000, 5069
0.597000, 5068
0.598000, 5067
0.598000, 5066
0.598000, 5065
0.598000, 5064
0.598000, 5063
0.599000, 5062
0.599000, 5061
0.600000, 5060
0.601000, 5059
0.601000, 5058
0.602000, 5057
0.603000, 5056
0.603000, 5055
0.604000, 5054
0.604000, 5053
0.604000, 5052
0.605000, 5051
0.605000, 5050
0.606000, 5049
0.607000, 5048
0.607000, 5047
0.608000, 5046
0.609000, 5045
0.610000, 5044
0.610000, 5043
0.610000, 5042
0.611000, 5041
0.612000, 5040
0.612000, 5039
0.613000, 5038
0.613000, 5037
0.614000, 5036
0.614000, 5035
0.614000, 5034
0.615000, 5033
0.616000, 5032
0.616000, 5031
0.616000, 5030
0.616000, 5029
0.617000, 5028
0.618000, 5027
0.618000, 5026
0.619000, 5025
0.619000, 5024
0.619000, 5023
0.620000, 5022
0.621000, 5021
0.622000, 5020
0.622000, 5019
0.622000, 5018
0.623000, 5017
0.625000, 5016
0.625000, 5015
0.625000, 5014
0.626000, 5013
0.626000, 5012
0.627000, 5011
0.627000, 5010
0.627000, 5009
0.627000, 5008
0.628000, 5007
0.628000, 5006
0.629000, 5005
0.630000, 5004
0.630000, 5003
0.630000, 5002
0.631000, 5001
0.631000, 5000
0.632000, 4999
0.633000, 4998
0.633000, 4997
0.634000, 4996
0.634000, 4995
0.635000, 4994
0.635000, 4993
0.636000, 4992
0.637000, 4991
0.637000, 4990
0.638000, 4989
0.638000, 4988
0.639000, 4987
0.640000, 4986
0.640000, 4985
0.640000, 4984
0.641000, 4983
0.641000, 4982
0.642000, 4981
0.642000, 4980
0.642000, 4979
0.643000, 4978
0.643000, 4977
0.644000, 4976
0.644000, 4975
0.644000, 4974
0.646000, 4973
0.647000, 4972
0.647000, 4971
0.647000, 4970
0.647000, 4969
0.648000, 4968
0.648000, 4967
0.649000, 4966
0.650000, 4965
0.650000, 4964
0.653000, 4963
0.653000, 4962
0.654000, 4961
0.654000, 4960
0.655000, 4959
0.655000, 4958
0.655000, 4957
0.655000, 4956
0.656000, 4955
0.657000, 4954
0.657000, 4953
0.657000, 4952
0.658000, 4951
0.659000, 4950
0.659000, 4949
0.660000, 4948
0.660000, 4947
0.662000, 4946
0.662000, 4945
0.662000, 4944
0.663000, 4943
0.663000, 4942
0.664000, 4941
0.665000, 4940
0.666000, 4939
0.666000, 4938
0.666000, 4937
0.667000, 4936
0.667000, 4935
0.667000, 4934
0.668000, 4933
0.668000, 4932
0.674000, 4931
0.675000, 4930
0.675000, 4929
0.676000, 4928
0.676000, 4927
0.676000, 4926
0.677000, 4925
0.677000, 4924
0.677000, 4923
0.678000, 4922
0.678000, 4921
0.679000, 4920
0.679000, 4919
0.679000, 4918
0.680000, 4917
0.680000, 4916
0.681000, 4915
0.682000, 4914
0.682000, 4913
0.683000, 4912
0.683000, 4911
0.683000, 4910
0.684000, 4909
0.684000, 4908
0.684000, 4907
0.685000, 4906
0.685000, 4905
0.685000, 4904
0.686000, 4903
0.687000, 4902
0.687000, 4901
0.689000, 4900
0.689000, 4899
0.689000, 4898
0.690000, 4897
0.691000, 4896
0.691000, 4895
0.692000, 4894
0.692000, 4893
0.693000, 4892
0.693000, 4891
0.693000, 4890
0.693000, 4889
0.693000, 4888
0.693000, 4887
0.694000, 4886
0.696000, 4885
0.696000, 4884
0.697000, 4883
0.698000, 4882
0.698000, 4881
0.699000, 4880
0.699000, 4879
0.700000, 4878
0.700000, 4877
0.700000, 4876
0.701000, 4875
0.701000, 4874
0.701000, 4873
0.701000, 4872
0.701000, 4871
0.702000, 4870
0.702000, 4869
0.702000, 4868
0.703000, 4867
0.703000, 4866
0.703000, 4865
0.704000, 4864
0.705000, 4863
0.705000, 4862
0.706000, 4861
0.706000, 4860
0.707000, 4859
0.707000, 4858
0.708000, 4857
0.708000, 4856
0.709000, 4855
0.709000, 4854
0.710000, 4853
0.710000, 4852
0.710000, 4851
0.711000, 4850
0.711000, 4849
0.712000, 4848
0.712000, 4847
0.713000, 4846
0.713000, 4845
0.713000, 4844
0.714000, 4843
0.715000, 4842
0.716000, 4841
0.717000, 4840
0.717000, 4839
0.718000, 4838
0.718000, 4837
0.719000, 4836
0.720000, 4835
0.721000, 4834
0.721000, 4833
0.721000, 4832
0.722000, 4831
0.724000, 4830
0.724000, 4829
0.724000, 4828
0.724000, 4827
0.725000, 4826
0.727000, 4825
0.728000, 4824
0.730000, 4823
0.730000, 4822
0.731000, 4821
0.731000, 4820
0.732000, 4819
0.733000, 4818
0.733000, 4817
0.733000, 4816
0.733000, 4815
0.734000, 4814
0.734000, 4813
0.734000, 4812
0.735000, 4811
0.735000, 4810
0.736000, 4809
0.736000, 4808
0.737000, 4807
0.738000, 4806
0.739000, 4805
0.739000, 4804
0.739000, 4803
0.740000, 4802
0.741000, 4801
0.741000, 4800
0.742000, 4799
0.743000, 4798
0.743000, 4797
0.744000, 4796
0.744000, 4795
0.745000, 4794
0.745000, 4793
0.745000, 4792
0.746000, 4791
0.746000, 4790
0.746000, 4789
0.746000, 4788
0.747000, 4787
0.748000, 4786
0.748000, 4785
0.749000, 4784
0.749000, 4783
0.749000, 4782
0.749000, 4781
0.749000, 4780
0.749000, 4779
0.750000, 4778
0.750000, 4777
0.750000, 4776
0.751000, 4775
0.751000, 4774
0.752000, 4773
0.752000, 4772
0.753000, 4771
0.753000, 4770
0.753000, 4769
0.754000, 4768
0.755000, 4767
0.756000, 4766
0.758000, 4765
0.760000, 4764
0.761000, 4763
0.761000, 4762
0.761000, 4761
0.762000, 4760
0.762000, 4759
0.763000, 4758
0.763000, 4757
0.765000, 4756
0.765000, 4755
0.765000, 4754
0.765000, 4753
0.766000, 4752
0.766000, 4751
0.767000, 4750
0.767000, 4749
0.767000, 4748
0.767000, 4747
0.767000, 4746
0.768000, 4745
0.768000, 4744
0.768000, 4743
0.769000, 4742
0.769000, 4741
0.770000, 4740
0.770000, 4739
0.770000, 4738
0.770000, 4737
0.771000, 4736
0.773000, 4735
0.773000, 4734
0.775000, 4733
0.775000, 4732
0.776000, 4731
0.776000, 4730
0.780000, 4729
0.780000, 4728
0.781000, 4727
0.782000, 4726
0.783000, 4725
0.784000, 4724
0.786000, 4723
0.787000, 4722
0.787000, 4721
0.788000, 4720
0.788000, 4719
0.789000, 4718
0.790000, 4717
0.790000, 4716
0.791000, 4715
0.792000, 4714
0.792000, 4713
0.793000, 4712
0.793000, 4711
0.793000, 4710
0.795000, 4709
0.796000, 4708
0.796000, 4707
0.796000, 4706
0.797000, 4705
0.798000, 4704
0.798000, 4703
0.798000, 4702
0.799000, 4701
0.800000, 4700
0.800000, 4699
0.800000, 4698
0.801000, 4697
0.801000, 4696
0.803000, 4695
0.804000, 4694
0.804000, 4693
0.805000, 4692
0.805000, 4691
0.806000, 4690
0.806000, 4689
0.807000, 4688
0.808000, 4687
0.809000, 4686
0.809000, 4685
0.810000, 4684
0.811000, 4683
0.811000, 4682
0.812000, 4681
0.812000, 4680
0.812000, 4679
0.813000, 4678
0.813000, 4677
0.814000, 4676
0.814000, 4675
0.815000, 4674
0.815000, 4673
0.816000, 4672
0.817000, 4671
0.817000, 4670
0.818000, 4669
0.819000, 4668
0.819000, 4667
0.819000, 4666
0.820000, 4665
0.821000, 4664
0.821000, 4663
0.822000, 4662
0.822000, 4661
0.823000, 4660
0.823000, 4659
0.824000, 4658
0.825000, 4657
0.825000, 4656
0.826000, 4655
0.826000, 4654
0.827000, 4653
0.828000, 4652
0.828000, 4651
0.829000, 4650
0.829000, 4649
0.830000, 4648
0.831000, 4647
0.831000, 4646
0.831000, 4645
0.831000, 4644
0.833000, 4643
0.833000, 4642
0.834000, 4641
0.837000, 4640
0.837000, 4639
0.837000, 4638
0.838000, 4637
0.839000, 4636
0.839000, 4635
0.839000, 4634
0.840000, 4633
0.840000, 4632
0.840000, 4631
0.841000, 4630
0.841000, 4629
0.842000, 4628
0.842000, 4627
0.842000, 4626
0.843000, 4625
0.843000, 4624
0.843000, 4623
0.844000, 4622
0.844000, 4621
0.844000, 4620
0.845000, 4619
0.845000, 4618
0.846000, 4617
0.846000, 4616
0.846000, 4615
0.847000, 4614
0.848000, 4613
0.848000, 4612
0.848000, 4611
0.849000, 4610
0.850000, 4609
0.851000, 4608
0.851000, 4607
0.852000, 4606
0.854000, 4605
0.854000, 4604
0.855000, 4603
0.855000, 4602
0.857000, 4601
0.857000, 4600
0.857000, 4599
0.858000, 4598
0.859000, 4597
0.860000, 4596
0.860000, 4595
0.861000, 4594
0.863000, 4593
0.863000, 4592
0.863000, 4591
0.864000, 4590
0.864000, 4589
0.864000, 4588
0.865000, 4587
0.866000, 4586
0.866000, 4585
0.867000, 4584
0.868000, 4583
0.869000, 4582
0.870000, 4581
0.870000, 4580
0.871000, 4579
0.871000, 4578
0.872000, 4577
0.872000, 4576
0.873000, 4575
0.873000, 4574
0.875000, 4573
0.876000, 4572
0.876000, 4571
0.877000, 4570
0.879000, 4569
0.880000, 4568
0.881000, 4567
0.881000, 4566
0.882000, 4565
0.882000, 4564
0.883000, 4563
0.884000, 4562
0.885000, 4561
0.886000, 4560
0.886000, 4559
0.886000, 4558
0.887000, 4557
0.887000, 4556
0.889000, 4555
0.889000, 4554
0.890000, 4553
0.891000, 4552
0.894000, 4551
0.895000, 4550
0.895000, 4549
0.895000, 4548
0.895000, 4547
0.896000, 4546
0.897000, 4545
0.898000, 4544
0.898000, 4543
0.899000, 4542
0.900000, 4541
0.901000, 4540
0.902000, 4539
0.903000, 4538
0.903000, 4537
0.903000, 4536
0.904000, 4535
0.905000, 4534
0.907000, 4533
0.907000, 4532
0.908000, 4531
0.909000, 4530
0.909000, 4529
0.910000, 4528
0.910000, 4527
0.910000, 4526
0.910000, 4525
0.911000, 4524
0.912000, 4523
0.912000, 4522
0.912000, 4521
0.913000, 4520
0.913000, 4519
0.914000, 4518
0.914000, 4517
0.915000, 4516
0.917000, 4515
0.917000, 4514
0.918000, 4513
0.919000, 4512
0.919000, 4511
0.920000, 4510
0.920000, 4509
0.920000, 4508
0.922000, 4507
0.923000, 4506
0.923000, 4505
0.923000, 4504
0.924000, 4503
0.925000, 4502
0.925000, 4501
0.927000, 4500
0.927000, 4499
0.929000, 4498
0.929000, 4497
0.930000, 4496
0.931000, 4495
0.931000, 4494
0.933000, 4493
0.934000, 4492
0.934000, 4491
0.935000, 4490
0.936000, 4489
0.937000, 4488
0.938000, 4487
0.938000, 4486
0.939000, 4485
0.940000, 4484
0.941000, 4483
0.941000, 4482
0.943000, 4481
0.943000, 4480
0.945000, 4479
0.946000, 4478
0.947000, 4477
0.948000, 4476
0.948000, 4475
0.948000, 4474
0.949000, 4473
0.949000, 4472
0.950000, 4471
0.951000, 4470
0.951000, 4469
0.952000, 4468
0.953000, 4467
0.953000, 4466
0.953000, 4465
0.953000, 4464
0.954000, 4463
0.954000, 4462
0.955000, 4461
0.955000, 4460
0.955000, 4459
0.955000, 4458
0.956000, 4457
0.956000, 4456
0.956000, 4455
0.957000, 4454
0.957000, 4453
0.957000, 4452
0.958000, 4451
0.958000, 4450
0.959000, 4449
0.959000, 4448
0.960000, 4447
0.961000, 4446
0.964000, 4445
0.968000, 4444
0.968000, 4443
0.969000, 4442
0.969000, 4441
0.975000, 4440
0.975000, 4439
0.976000, 4438
0.976000, 4437
0.976000, 4436
0.977000, 4435
0.977000, 4434
0.978000, 4433
0.979000, 4432
0.979000, 4431
0.980000, 4430
0.981000, 4429
0.982000, 4428
0.982000, 4427
0.984000, 4426
0.985000, 4425
0.985000, 4424
0.986000, 4423
0.986000, 4422
0.987000, 4421
0.988000, 4420
0.989000, 4419
0.990000, 4418
0.991000, 4417
0.991000, 4416
0.992000, 4415
0.993000, 4414
0.993000, 4413
0.994000, 4412
0.994000, 4411
0.995000, 4410
0.995000, 4409
0.995000, 4408
0.995000, 4407
0.996000, 4406
0.996000, 4405
0.997000, 4404
0.997000, 4403
0.997000, 4402
0.999000, 4401
0.999000, 4400
1.000000, 4399
1.000000, 4398
1.001000, 4397
1.001000, 4396
1.001000, 4395
1.002000, 4394
1.002000, 4393
1.002000, 4392
1.003000, 4391
1.004000, 4390
1.005000, 4389
1.006000, 4388
1.008000, 4387
1.008000, 4386
1.008000, 4385
1.008000, 4384
1.010000, 4383
1.010000, 4382
1.011000, 4381
1.011000, 4380
1.011000, 4379
1.012000, 4378
1.012000, 4377
1.013000, 4376
1.013000, 4375
1.015000, 4374
1.016000, 4373
1.016000, 4372
1.016000, 4371
1.018000, 4370
1.018000, 4369
1.018000, 4368
1.020000, 4367
1.020000, 4366
1.022000, 4365
1.022000, 4364
1.022000, 4363
1.023000, 4362
1.024000, 4361
1.024000, 4360
1.024000, 4359
1.025000, 4358
1.025000, 4357
1.026000, 4356
1.026000, 4355
1.026000, 4354
1.026000, 4353
1.027000, 4352
1.028000, 4351
1.029000, 4350
1.029000, 4349
1.030000, 4348
1.030000, 4347
1.031000, 4346
1.031000, 4345
1.032000, 4344
1.034000, 4343
1.034000, 4342
1.035000, 4341
1.036000, 4340
1.037000, 4339
1.038000, 4338
1.040000, 4337
1.040000, 4336
1.040000, 4335
1.041000, 4334
1.042000, 4333
1.042000, 4332
1.042000, 4331
1.043000, 4330
1.043000, 4329
1.045000, 4328
1.045000, 4327
1.045000, 4326
1.045000, 4325
1.046000, 4324
1.046000, 4323
1.047000, 4322
1.047000, 4321
1.048000, 4320
1.048000, 4319
1.049000, 4318
1.049000, 4317
1.050000, 4316
1.051000, 4315
1.051000, 4314
1.051000, 4313
1.051000, 4312
1.052000, 4311
1.053000, 4310
1.055000, 4309
1.056000, 4308
1.056000, 4307
1.056000, 4306
1.056000, 4305
1.057000, 4304
1.057000, 4303
1.059000, 4302
1.060000, 4301
1.061000, 4300
1.062000, 4299
1.062000, 4298
1.063000, 4297
1.066000, 4296
1.066000, 4295
1.067000, 4294
1.067000, 4293
1.067000, 4292
1.068000, 4291
1.068000, 4290
1.069000, 4289
1.070000, 4288
1.070000, 4287
1.071000, 4286
1.073000, 4285
1.075000, 4284
1.075000, 4283
1.076000, 4282
1.076000, 4281
1.076000, 4280
1.076000, 4279
1.076000, 4278
1.077000, 4277
1.078000, 4276
1.079000, 4275
1.080000, 4274
1.081000, 4273
1.082000, 4272
1.082000, 4271
1.082000, 4270
1.083000, 4269
1.083000, 4268
1.083000, 4267
1.084000, 4266
1.085000, 4265
1.086000, 4264
1.086000, 4263
1.086000, 4262
1.087000, 4261
1.087000, 4260
1.088000, 4259
1.089000, 4258
1.089000, 4257
1.089000, 4256
1.090000, 4255
1.090000, 4254
1.091000, 4253
1.093000, 4252
1.093000, 4251
1.094000, 4250
1.094000, 4249
1.095000, 4248
1.095000, 4247
1.095000, 4246
1.096000, 4245
1.097000, 4244
1.097000, 4243
1.099000, 4242
1.100000, 4241
1.103000, 4240
1.104000, 4239
1.106000, 4238
1.106000, 4237
1.106000, 4236
1.106000, 4235
1.107000, 4234
1.108000, 4233
1.109000, 4232
1.109000, 4231
1.109000, 4230
1.110000, 4229
1.112000, 4228
1.113000, 4227
1.113000, 4226
1.113000, 4225
1.114000, 4224
1.114000, 4223
1.115000, 4222
1.118000, 4221
1.119000, 4220
1.120000, 4219
1.120000, 4218
1.121000, 4217
1.122000, 4216
1.123000, 4215
1.123000, 4214
1.124000, 4213
1.125000, 4212
1.127000, 4211
1.127000, 4210
1.128000, 4209
1.128000, 4208
1.128000, 4207
1.130000, 4206
1.130000, 4205
1.131000, 4204
1.131000, 4203
1.132000, 4202
1.132000, 4201
1.135000, 4200
1.136000, 4199
1.137000, 4198
1.138000, 4197
1.138000, 4196
1.139000, 4195
1.139000, 4194
1.140000, 4193
1.141000, 4192
1.142000, 4191
1.142000, 4190
1.142000, 4189
1.143000, 4188
1.143000, 4187
1.143000, 4186
1.144000, 4185
1.145000, 4184
1.145000, 4183
1.146000, 4182
1.147000, 4181
1.147000, 4180
1.149000, 4179
1.149000, 4178
1.149000, 4177
1.150000, 4176
1.150000, 4175
1.150000, 4174
1.151000, 4173
1.151000, 4172
1.152000, 4171
1.152000, 4170
1.153000, 4169
1.153000, 4168
1.154000, 4167
1.155000, 4166
1.155000, 4165
1.156000, 4164
1.156000, 4163
1.158000, 4162
1.159000, 4161
1.160000, 4160
1.161000, 4159
1.161000, 4158
1.161000, 4157
1.162000, 4156
1.162000, 4155
1.163000, 4154
1.163000, 4153
1.163000, 4152
1.164000, 4151
1.164000, 4150
1.165000, 4149
1.165000, 4148
1.165000, 4147
1.166000, 4146
1.167000, 4145
1.167000, 4144
1.167000, 4143
1.169000, 4142
1.171000, 4141
1.172000, 4140
1.173000, 4139
1.173000, 4138
1.173000, 4137
1.174000, 4136
1.175000, 4135
1.176000, 4134
1.176000, 4133
1.176000, 4132
1.177000, 4131
1.177000, 4130
1.177000, 4129
1.179000, 4128
1.181000, 4127
1.182000, 4126
1.183000, 4125
1.183000, 4124
1.184000, 4123
1.184000, 4122
1.184000, 4121
1.184000, 4120
1.185000, 4119
1.186000, 4118
1.186000, 4117
1.187000, 4116
1.188000, 4115
1.188000, 4114
1.188000, 4113
1.188000, 4112
1.189000, 4111
1.190000, 4110
1.192000, 4109
1.192000, 4108
1.192000, 4107
1.192000, 4106
1.193000, 4105
1.194000, 4104
1.194000, 4103
1.195000, 4102
1.196000, 4101
1.197000, 4100
1.198000, 4099
1.199000, 4098
1.199000, 4097
1.200000, 4096
1.200000, 4095
1.200000, 4094
1.201000, 4093
1.201000, 4092
1.202000, 4091
1.203000, 4090
1.204000, 4089
1.204000, 4088
1.206000, 4087
1.206000, 4086
1.207000, 4085
1.207000, 4084
1.208000, 4083
1.210000, 4082
1.211000, 4081
1.212000, 4080
1.212000, 4079
1.219000, 4078
1.220000, 4077
1.220000, 4076
1.222000, 4075
1.222000, 4074
1.223000, 4073
1.224000, 4072
1.225000, 4071
1.226000, 4070
1.228000, 4069
1.228000, 4068
1.229000, 4067
1.229000, 4066
1.231000, 4065
1.232000, 4064
1.232000, 4063
1.233000, 4062
1.235000, 4061
1.235000, 4060
1.235000, 4059
1.236000, 4058
1.236000, 4057
1.237000, 4056
1.240000, 4055
1.241000, 4054
1.242000, 4053
1.242000, 4052
1.243000, 4051
1.244000, 4050
1.244000, 4049
1.244000, 4048
1.245000, 4047
1.245000, 4046
1.246000, 4045
1.246000, 4044
1.247000, 4043
1.248000, 4042
1.249000, 4041
1.250000, 4040
1.251000, 4039
1.251000, 4038
1.253000, 4037
1.254000, 4036
1.256000, 4035
1.256000, 4034
1.257000, 4033
1.259000, 4032
1.260000, 4031
1.262000, 4030
1.262000, 4029
1.262000, 4028
1.265000, 4027
1.265000, 4026
1.266000, 4025
1.267000, 4024
1.267000, 4023
1.268000, 4022
1.268000, 4021
1.269000, 4020
1.270000, 4019
1.270000, 4018
1.270000, 4017
1.272000, 4016
1.273000, 4015
1.275000, 4014
1.276000, 4013
1.276000, 4012
1.276000, 4011
1.277000, 4010
1.279000, 4009
1.279000, 4008
1.282000, 4007
1.283000, 4006
1.283000, 4005
1.285000, 4004
1.286000, 4003
1.287000, 4002
1.289000, 4001
1.291000, 4000
1.291000, 3999
1.293000, 3998
1.294000, 3997
1.294000, 3996
1.296000, 3995
1.297000, 3994
1.297000, 3993
1.300000, 3992
1.304000, 3991
1.304000, 3990
1.305000, 3989
1.305000, 3988
1.307000, 3987
1.307000, 3986
1.308000, 3985
1.310000, 3984
1.311000, 3983
1.311000, 3982
1.312000, 3981
1.315000, 3980
1.315000, 3979
1.316000, 3978
1.318000, 3977
1.319000, 3976
1.320000, 3975
1.323000, 3974
1.323000, 3973
1.325000, 3972
1.326000, 3971
1.327000, 3970
1.329000, 3969
1.331000, 3968
1.331000, 3967
1.332000, 3966
1.333000, 3965
1.336000, 3964
1.337000, 3963
1.337000, 3962
1.338000, 3961
1.338000, 3960
1.339000, 3959
1.339000, 3958
1.340000, 3957
1.340000, 3956
1.341000, 3955
1.342000, 3954
1.343000, 3953
1.343000, 3952
1.343000, 3951
1.345000, 3950
1.345000, 3949
1.346000, 3948
1.347000, 3947
1.348000, 3946
1.351000, 3945
1.351000, 3944
1.351000, 3943
1.352000, 3942
1.353000, 3941
1.353000, 3940
1.353000, 3939
1.354000, 3938
1.356000, 3937
1.357000, 3936
1.358000, 3935
1.359000, 3934
1.359000, 3933
1.360000, 3932
1.360000, 3931
1.361000, 3930
1.362000, 3929
1.363000, 3928
1.363000, 3927
1.365000, 3926
1.365000, 3925
1.366000, 3924
1.368000, 3923
1.369000, 3922
1.369000, 3921
1.369000, 3920
1.372000, 3919
1.374000, 3918
1.376000, 3917
1.379000, 3916
1.380000, 3915
1.381000, 3914
1.382000, 3913
1.382000, 3912
1.383000, 3911
1.384000, 3910
1.385000, 3909
1.386000, 3908
1.386000, 3907
1.387000, 3906
1.387000, 3905
1.387000, 3904
1.389000, 3903
1.389000, 3902
1.390000, 3901
1.391000, 3900
1.391000, 3899
1.394000, 3898
1.396000, 3897
1.396000, 3896
1.398000, 3895
1.398000, 3894
1.399000, 3893
1.405000, 3892
1.405000, 3891
1.406000, 3890
1.406000, 3889
1.408000, 3888
1.409000, 3887
1.410000, 3886
1.414000, 3885
1.415000, 3884
1.422000, 3883
1.423000, 3882
1.423000, 3881
1.424000, 3880
1.425000, 3879
1.428000, 3878
1.429000, 3877
1.430000, 3876
1.431000, 3875
1.431000, 3874
1.432000, 3873
1.434000, 3872
1.434000, 3871
1.435000, 3870
1.435000, 3869
1.438000, 3868
1.439000, 3867
1.443000, 3866
1.443000, 3865
1.444000, 3864
1.446000, 3863
1.448000, 3862
1.450000, 3861
1.453000, 3860
1.456000, 3859
1.456000, 3858
1.457000, 3857
1.457000, 3856
1.458000, 3855
1.461000, 3854
1.464000, 3853
1.465000, 3852
1.467000, 3851
1.467000, 3850
1.467000, 3849
1.472000, 3848
1.473000, 3847
1.476000, 3846
1.477000, 3845
1.480000, 3844
1.481000, 3843
1.482000, 3842
1.482000, 3841
1.483000, 3840
1.485000, 3839
1.486000, 3838
1.487000, 3837
1.489000, 3836
1.490000, 3835
1.490000, 3834
1.491000, 3833
1.492000, 3832
1.493000, 3831
1.493000, 3830
1.494000, 3829
1.496000, 3828
1.497000, 3827
1.501000, 3826
1.502000, 3825
1.504000, 3824
1.505000, 3823
1.506000, 3822
1.506000, 3821
1.509000, 3820
1.512000, 3819
1.513000, 3818
1.517000, 3817
1.519000, 3816
1.521000, 3815
1.522000, 3814
1.522000, 3813
1.525000, 3812
1.526000, 3811
1.527000, 3810
1.528000, 3809
1.530000, 3808
1.530000, 3807
1.531000, 3806
1.531000, 3805
1.532000, 3804
1.536000, 3803
1.536000, 3802
1.537000, 3801
1.537000, 3800
1.538000, 3799
1.539000, 3798
1.540000, 3797
1.541000, 3796
1.544000, 3795
1.544000, 3794
1.546000, 3793
1.549000, 3792
1.550000, 3791
1.550000, 3790
1.552000, 3789
1.552000, 3788
1.555000, 3787
1.555000, 3786
1.556000, 3785
1.556000, 3784
1.556000, 3783
1.561000, 3782
1.564000, 3781
1.565000, 3780
1.567000, 3779
1.568000, 3778
1.569000, 3777
1.569000, 3776
1.570000, 3775
1.571000, 3774
1.573000, 3773
1.573000, 3772
1.573000, 3771
1.576000, 3770
1.581000, 3769
1.582000, 3768
1.585000, 3767
1.585000, 3766
1.587000, 3765
1.589000, 3764
1.590000, 3763
1.591000, 3762
1.591000, 3761
1.591000, 3760
1.592000, 3759
1.592000, 3758
1.596000, 3757
1.596000, 3756
1.596000, 3755
1.597000, 3754
1.599000, 3753
1.602000, 3752
1.603000, 3751
1.603000, 3750
1.606000, 3749
1.607000, 3748
1.609000, 3747
1.610000, 3746
1.610000, 3745
1.611000, 3744
1.612000, 3743
1.615000, 3742
1.618000, 3741
1.620000, 3740
1.622000, 3739
1.623000, 3738
1.624000, 3737
1.625000, 3736
1.626000, 3735
1.626000, 3734
1.626000, 3733
1.627000, 3732
1.627000, 3731
1.628000, 3730
1.629000, 3729
1.629000, 3728
1.634000, 3727
1.635000, 3726
1.642000, 3725
1.647000, 3724
1.651000, 3723
1.651000, 3722
1.651000, 3721
1.651000, 3720
1.653000, 3719
1.658000, 3718
1.661000, 3717
1.664000, 3716
1.664000, 3715
1.665000, 3714
1.671000, 3713
1.672000, 3712
1.677000, 3711
1.677000, 3710
1.677000, 3709
1.682000, 3708
1.682000, 3707
1.687000, 3706
1.688000, 3705
1.691000, 3704
1.693000, 3703
1.696000, 3702
1.696000, 3701
1.697000, 3700
1.706000, 3699
1.707000, 3698
1.709000, 3697
1.709000, 3696
1.710000, 3695
1.711000, 3694
1.711000, 3693
1.711000, 3692
1.712000, 3691
1.714000, 3690
1.715000, 3689
1.718000, 3688
1.720000, 3687
1.721000, 3686
1.724000, 3685
1.726000, 3684
1.727000, 3683
1.727000, 3682
1.731000, 3681
1.732000, 3680
1.733000, 3679
1.734000, 3678
1.738000, 3677
1.738000, 3676
1.739000, 3675
1.740000, 3674
1.740000, 3673
1.740000, 3672
1.741000, 3671
1.743000, 3670
1.753000, 3669
1.753000, 3668
1.755000, 3667
1.756000, 3666
1.757000, 3665
1.761000, 3664
1.763000, 3663
1.764000, 3662
1.764000, 3661
1.765000, 3660
1.766000, 3659
1.767000, 3658
1.770000, 3657
1.770000, 3656
1.771000, 3655
1.777000, 3654
1.778000, 3653
1.779000, 3652
1.779000, 3651
1.780000, 3650
1.781000, 3649
1.783000, 3648
1.784000, 3647
1.785000, 3646
1.787000, 3645
1.788000, 3644
1.789000, 3643
1.790000, 3642
1.791000, 3641
1.798000, 3640
1.799000, 3639
1.799000, 3638
1.803000, 3637
1.806000, 3636
1.807000, 3635
1.810000, 3634
1.811000, 3633
1.816000, 3632
1.816000, 3631
1.818000, 3630
1.819000, 3629
1.823000, 3628
1.823000, 3627
1.823000, 3626
1.823000, 3625
1.825000, 3624
1.825000, 3623
1.826000, 3622
1.826000, 3621
1.827000, 3620
1.832000, 3619
1.833000, 3618
1.833000, 3617
1.834000, 3616
1.835000, 3615
1.838000, 3614
1.839000, 3613
1.846000, 3612
1.846000, 3611
1.847000, 3610
1.855000, 3609
1.857000, 3608
1.860000, 3607
1.860000, 3606
1.861000, 3605
1.867000, 3604
1.868000, 3603
1.868000, 3602
1.869000, 3601
1.872000, 3600
1.872000, 3599
1.873000, 3598
1.876000, 3597
1.880000, 3596
1.882000, 3595
1.884000, 3594
1.888000, 3593
1.891000, 3592
1.892000, 3591
1.894000, 3590
1.896000, 3589
1.896000, 3588
1.899000, 3587
1.900000, 3586
1.903000, 3585
1.905000, 3584
1.906000, 3583
1.907000, 3582
1.908000, 3581
1.910000, 3580
1.910000, 3579
1.913000, 3578
1.913000, 3577
1.915000, 3576
1.916000, 3575
1.919000, 3574
1.919000, 3573
1.920000, 3572
1.921000, 3571
1.925000, 3570
1.925000, 3569
1.926000, 3568
1.932000, 3567
1.934000, 3566
1.936000, 3565
1.937000, 3564
1.937000, 3563
1.939000, 3562
1.941000, 3561
1.949000, 3560
1.949000, 3559
1.954000, 3558
1.957000, 3557
1.957000, 3556
1.958000, 3555
1.959000, 3554
1.963000, 3553
1.964000, 3552
1.965000, 3551
1.968000, 3550
1.970000, 3549
1.971000, 3548
1.975000, 3547
1.980000, 3546
1.981000, 3545
1.982000, 3544
1.984000, 3543
1.993000, 3542
1.993000, 3541
1.993000, 3540
1.994000, 3539
1.999000, 3538
2.000000, 3537
2.000000, 3536
2.003000, 3535
2.012000, 3534
2.013000, 3533
2.014000, 3532
2.019000, 3531
2.021000, 3530
2.022000, 3529
2.025000, 3528
2.027000, 3527
2.031000, 3526
2.032000, 3525
2.035000, 3524
2.035000, 3523
2.043000, 3522
2.044000, 3521
2.045000, 3520
2.047000, 3519
2.050000, 3518
2.051000, 3517
2.052000, 3516
2.067000, 3515
2.070000, 3514
2.073000, 3513
2.075000, 3512
2.089000, 3511
2.090000, 3510
2.091000, 3509
2.104000, 3508
2.105000, 3507
2.105000, 3506
2.106000, 3505
2.107000, 3504
2.108000, 3503
2.109000, 3502
2.109000, 3501
2.114000, 3500
2.116000, 3499
2.117000, 3498
2.122000, 3497
2.125000, 3496
2.133000, 3495
2.133000, 3494
2.134000, 3493
2.135000, 3492
2.136000, 3491
2.138000, 3490
2.141000, 3489
2.141000, 3488
2.145000, 3487
2.145000, 3486
2.147000, 3485
2.149000, 3484
2.161000, 3483
2.165000, 3482
2.167000, 3481
2.169000, 3480
2.170000, 3479
2.174000, 3478
2.177000, 3477
2.180000, 3476
2.187000, 3475
2.187000, 3474
2.190000, 3473
2.195000, 3472
2.196000, 3471
2.211000, 3470
2.213000, 3469
2.215000, 3468
2.216000, 3467
2.217000, 3466
2.234000, 3465
2.234000, 3464
2.235000, 3463
2.237000, 3462
2.238000, 3461
2.250000, 3460
2.252000, 3459
2.254000, 3458
2.260000, 3457
2.261000, 3456
2.264000, 3455
2.267000, 3454
2.268000, 3453
2.268000, 3452
2.269000, 3451
2.278000, 3450
2.280000, 3449
2.284000, 3448
2.290000, 3447
2.320000, 3446
2.320000, 3445
2.323000, 3444
2.325000, 3443
2.326000, 3442
2.338000, 3441
2.342000, 3440
2.351000, 3439
2.354000, 3438
2.355000, 3437
2.356000, 3436
2.357000, 3435
2.361000, 3434
2.362000, 3433
2.370000, 3432
2.370000, 3431
2.376000, 3430
2.378000, 3429
2.393000, 3428
2.395000, 3427
2.408000, 3426
2.449000, 3425
2.449000, 3424
2.449000, 3423
2.451000, 3422
2.451000, 3421
2.456000, 3420
2.480000, 3419
2.483000, 3418
2.491000, 3417
2.493000, 3416
2.494000, 3415
2.497000, 3414
2.498000, 3413
2.500000, 3412
2.507000, 3411
2.518000, 3410
2.525000, 3409
2.545000, 3408
2.548000, 3407
2.554000, 3406
2.554000, 3405
2.560000, 3404
2.569000, 3403
2.580000, 3402
2.596000, 3401
2.598000, 3400
2.610000, 3399
2.610000, 3398
2.617000, 3397
2.626000, 3396
2.637000, 3395
2.639000, 3394
2.650000, 3393
2.653000, 3392
2.663000, 3391
2.670000, 3390
2.679000, 3389
2.686000, 3388
2.725000, 3387
2.769000, 3386
2.779000, 3385
2.784000, 3384
2.789000, 3383
2.799000, 3382
2.807000, 3381
2.831000, 3380
2.842000, 3379
2.875000, 3378
2.906000, 3377
2.926000, 3376
2.927000, 3375
2.931000, 3374
2.946000, 3373
2.952000, 3372
3.001000, 3371
3.017000, 3370
3.051000, 3369
3.054000, 3368
3.058000, 3367
3.081000, 3366
3.083000, 3365
3.089000, 3364
3.104000, 3363
3.113000, 3362
3.116000, 3361
3.132000, 3360
3.145000, 3359
3.160000, 3358
3.180000, 3357
3.192000, 3356
3.205000, 3355
3.228000, 3354
3.252000, 3353
3.261000, 3352
3.274000, 3351
3.275000, 3350
3.276000, 3349
3.278000, 3348
3.280000, 3347
3.296000, 3346
3.305000, 3345
3.312000, 3344
3.315000, 3343
3.364000, 3342
3.383000, 3341
3.401000, 3340
3.426000, 3339
3.429000, 3338
3.476000, 3337
3.526000, 3336
3.618000, 3335
3.683000, 3334
3.685000, 3333
3.736000, 3332
3.951000, 3331
3.999000, 3330
5.011000, 3329
