0.118000, 6029
0.121000, 6028
0.121000, 6027
0.123000, 6026
0.124000, 6025
0.125000, 6024
0.126000, 6023
0.126000, 6022
0.126000, 6021
0.127000, 6020
0.127000, 6019
0.128000, 6018
0.128000, 6017
0.129000, 6016
0.129000, 6015
0.130000, 6014
0.130000, 6013
0.131000, 6012
0.132000, 6011
0.132000, 6010
0.133000, 6009
0.134000, 6008
0.134000, 6007
0.135000, 6006
0.135000, 6005
0.135000, 6004
0.135000, 6003
0.136000, 6002
0.136000, 6001
0.137000, 6000
0.137000, 5999
0.138000, 5998
0.139000, 5997
0.140000, 5996
0.140000, 5995
0.140000, 5994
0.141000, 5993
0.141000, 5992
0.142000, 5991
0.142000, 5990
0.143000, 5989
0.143000, 5988
0.144000, 5987
0.145000, 5986
0.145000, 5985
0.146000, 5984
0.146000, 5983
0.146000, 5982
0.146000, 5981
0.147000, 5980
0.147000, 5979
0.147000, 5978
0.150000, 5977
0.150000, 5976
0.151000, 5975
0.152000, 5974
0.152000, 5973
0.152000, 5972
0.152000, 5971
0.153000, 5970
0.153000, 5969
0.153000, 5968
0.155000, 5967
0.155000, 5966
0.156000, 5965
0.157000, 5964
0.157000, 5963
0.158000, 5962
0.158000, 5961
0.159000, 5960
0.160000, 5959
0.161000, 5958
0.161000, 5957
0.161000, 5956
0.162000, 5955
0.162000, 5954
0.162000, 5953
0.163000, 5952
0.164000, 5951
0.164000, 5950
0.165000, 5949
0.166000, 5948
0.168000, 5947
0.168000, 5946
0.169000, 5945
0.170000, 5944
0.171000, 5943
0.173000, 5942
0.173000, 5941
0.175000, 5940
0.175000, 5939
0.175000, 5938
0.176000, 5937
0.177000, 5936
0.177000, 5935
0.178000, 5934
0.179000, 5933
0.179000, 5932
0.179000, 5931
0.180000, 5930
0.181000, 5929
0.181000, 5928
0.182000, 5927
0.182000, 5926
0.182000, 5925
0.183000, 5924
0.183000, 5923
0.184000, 5922
0.185000, 5921
0.186000, 5920
0.186000, 5919
0.187000, 5918
0.187000, 5917
0.188000, 5916
0.188000, 5915
0.189000, 5914
0.190000, 5913
0.190000, 5912
0.191000, 5911
0.192000, 5910
0.194000, 5909
0.195000, 5908
0.195000, 5907
0.196000, 5906
0.197000, 5905
0.197000, 5904
0.197000, 5903
0.198000, 5902
0.198000, 5901
0.199000, 5900
0.199000, 5899
0.200000, 5898
0.200000, 5897
0.202000, 5896
0.202000, 5895
0.202000, 5894
0.202000, 5893
0.209000, 5892
0.209000, 5891
0.210000, 5890
0.210000, 5889
0.210000, 5888
0.211000, 5887
0.211000, 5886
0.212000, 5885
0.212000, 5884
0.212000, 5883
0.212000, 5882
0.214000, 5881
0.214000, 5880
0.214000, 5879
0.215000, 5878
0.216000, 5877
0.216000, 5876
0.217000, 5875
0.217000, 5874
0.217000, 5873
0.218000, 5872
0.219000, 5871
0.220000, 5870
0.220000, 5869
0.220000, 5868
0.222000, 5867
0.222000, 5866
0.222000, 5865
0.223000, 5864
0.223000, 5863
0.223000, 5862
0.223000, 5861
0.223000, 5860
0.224000, 5859
0.224000, 5858
0.225000, 5857
0.225000, 5856
0.226000, 5855
0.226000, 5854
0.226000, 5853
0.226000, 5852
0.227000, 5851
0.227000, 5850
0.227000, 5849
0.227000, 5848
0.228000, 5847
0.228000, 5846
0.228000, 5845
0.229000, 5844
0.229000, 5843
0.230000, 5842
0.230000, 5841
0.230000, 5840
0.232000, 5839
0.232000, 5838
0.232000, 5837
0.232000, 5836
0.232000, 5835
0.232000, 5834
0.232000, 5833
0.234000, 5832
0.234000, 5831
0.234000, 5830
0.234000, 5829
0.236000, 5828
0.236000, 5827
0.236000, 5826
0.238000, 5825
0.238000, 5824
0.238000, 5823
0.238000, 5822
0.238000, 5821
0.240000, 5820
0.240000, 5819
0.240000, 5818
0.240000, 5817
0.241000, 5816
0.241000, 5815
0.242000, 5814
0.242000, 5813
0.243000, 5812
0.243000, 5811
0.243000, 5810
0.243000, 5809
0.243000, 5808
0.243000, 5807
0.245000, 5806
0.245000, 5805
0.245000, 5804
0.246000, 5803
0.247000, 5802
0.247000, 5801
0.247000, 5800
0.247000, 5799
0.248000, 5798
0.248000, 5797
0.248000, 5796
0.248000, 5795
0.248000, 5794
0.250000, 5793
0.250000, 5792
0.250000, 5791
0.250000, 5790
0.250000, 5789
0.251000, 5788
0.251000, 5787
0.251000, 5786
0.253000, 5785
0.253000, 5784
0.254000, 5783
0.255000, 5782
0.255000, 5781
0.257000, 5780
0.257000, 5779
0.257000, 5778
0.258000, 5777
0.258000, 5776
0.258000, 5775
0.259000, 5774
0.259000, 5773
0.259000, 5772
0.259000, 5771
0.260000, 5770
0.260000, 5769
0.260000, 5768
0.261000, 5767
0.261000, 5766
0.261000, 5765
0.262000, 5764
0.262000, 5763
0.263000, 5762
0.263000, 5761
0.263000, 5760
0.265000, 5759
0.265000, 5758
0.265000, 5757
0.265000, 5756
0.266000, 5755
0.266000, 5754
0.267000, 5753
0.268000, 5752
0.268000, 5751
0.268000, 5750
0.268000, 5749
0.269000, 5748
0.269000, 5747
0.270000, 5746
0.270000, 5745
0.271000, 5744
0.272000, 5743
0.272000, 5742
0.273000, 5741
0.273000, 5740
0.274000, 5739
0.275000, 5738
0.275000, 5737
0.275000, 5736
0.276000, 5735
0.276000, 5734
0.276000, 5733
0.276000, 5732
0.277000, 5731
0.277000, 5730
0.278000, 5729
0.278000, 5728
0.278000, 5727
0.278000, 5726
0.279000, 5725
0.280000, 5724
0.281000, 5723
0.281000, 5722
0.281000, 5721
0.283000, 5720
0.284000, 5719
0.284000, 5718
0.284000, 5717
0.285000, 5716
0.286000, 5715
0.286000, 5714
0.286000, 5713
0.287000, 5712
0.288000, 5711
0.288000, 5710
0.289000, 5709
0.290000, 5708
0.290000, 5707
0.291000, 5706
0.291000, 5705
0.291000, 5704
0.291000, 5703
0.292000, 5702
0.293000, 5701
0.293000, 5700
0.293000, 5699
0.294000, 5698
0.294000, 5697
0.294000, 5696
0.294000, 5695
0.295000, 5694
0.296000, 5693
0.296000, 5692
0.296000, 5691
0.297000, 5690
0.297000, 5689
0.297000, 5688
0.298000, 5687
0.298000, 5686
0.298000, 5685
0.299000, 5684
0.299000, 5683
0.300000, 5682
0.300000, 5681
0.300000, 5680
0.301000, 5679
0.301000, 5678
0.302000, 5677
0.302000, 5676
0.303000, 5675
0.303000, 5674
0.303000, 5673
0.304000, 5672
0.304000, 5671
0.305000, 5670
0.305000, 5669
0.305000, 5668
0.306000, 5667
0.307000, 5666
0.308000, 5665
0.308000, 5664
0.308000, 5663
0.309000, 5662
0.309000, 5661
0.310000, 5660
0.310000, 5659
0.311000, 5658
0.311000, 5657
0.312000, 5656
0.312000, 5655
0.312000, 5654
0.312000, 5653
0.312000, 5652
0.312000, 5651
0.313000, 5650
0.314000, 5649
0.315000, 5648
0.315000, 5647
0.316000, 5646
0.316000, 5645
0.316000, 5644
0.317000, 5643
0.317000, 5642
0.317000, 5641
0.317000, 5640
0.318000, 5639
0.318000, 5638
0.318000, 5637
0.319000, 5636
0.319000, 5635
0.321000, 5634
0.321000, 5633
0.321000, 5632
0.322000, 5631
0.322000, 5630
0.322000, 5629
0.322000, 5628
0.322000, 5627
0.323000, 5626
0.323000, 5625
0.323000, 5624
0.324000, 5623
0.325000, 5622
0.325000, 5621
0.325000, 5620
0.326000, 5619
0.327000, 5618
0.328000, 5617
0.328000, 5616
0.329000, 5615
0.330000, 5614
0.331000, 5613
0.332000, 5612
0.333000, 5611
0.333000, 5610
0.334000, 5609
0.334000, 5608
0.335000, 5607
0.336000, 5606
0.336000, 5605
0.338000, 5604
0.338000, 5603
0.338000, 5602
0.338000, 5601
0.338000, 5600
0.340000, 5599
0.340000, 5598
0.341000, 5597
0.341000, 5596
0.341000, 5595
0.341000, 5594
0.341000, 5593
0.341000, 5592
0.342000, 5591
0.342000, 5590
0.343000, 5589
0.343000, 5588
0.343000, 5587
0.343000, 5586
0.344000, 5585
0.344000, 5584
0.344000, 5583
0.345000, 5582
0.345000, 5581
0.345000, 5580
0.346000, 5579
0.346000, 5578
0.346000, 5577
0.346000, 5576
0.347000, 5575
0.347000, 5574
0.348000, 5573
0.349000, 5572
0.349000, 5571
0.349000, 5570
0.350000, 5569
0.350000, 5568
0.351000, 5567
0.351000, 5566
0.352000, 5565
0.352000, 5564
0.352000, 5563
0.353000, 5562
0.353000, 5561
0.354000, 5560
0.354000, 5559
0.354000, 5558
0.354000, 5557
0.356000, 5556
0.356000, 5555
0.357000, 5554
0.357000, 5553
0.357000, 5552
0.358000, 5551
0.358000, 5550
0.358000, 5549
0.358000, 5548
0.360000, 5547
0.360000, 5546
0.360000, 5545
0.361000, 5544
0.362000, 5543
0.362000, 5542
0.363000, 5541
0.363000, 5540
0.363000, 5539
0.364000, 5538
0.364000, 5537
0.365000, 5536
0.365000, 5535
0.366000, 5534
0.366000, 5533
0.367000, 5532
0.367000, 5531
0.367000, 5530
0.368000, 5529
0.368000, 5528
0.373000, 5527
0.374000, 5526
0.374000, 5525
0.374000, 5524
0.374000, 5523
0.375000, 5522
0.375000, 5521
0.376000, 5520
0.376000, 5519
0.376000, 5518
0.376000, 5517
0.377000, 5516
0.377000, 5515
0.378000, 5514
0.379000, 5513
0.379000, 5512
0.380000, 5511
0.380000, 5510
0.380000, 5509
0.381000, 5508
0.381000, 5507
0.382000, 5506
0.383000, 5505
0.383000, 5504
0.383000, 5503
0.383000, 5502
0.383000, 5501
0.384000, 5500
0.384000, 5499
0.384000, 5498
0.385000, 5497
0.385000, 5496
0.385000, 5495
0.386000, 5494
0.386000, 5493
0.386000, 5492
0.386000, 5491
0.387000, 5490
0.387000, 5489
0.388000, 5488
0.388000, 5487
0.388000, 5486
0.389000, 5485
0.390000, 5484
0.390000, 5483
0.391000, 5482
0.391000, 5481
0.392000, 5480
0.392000, 5479
0.393000, 5478
0.393000, 5477
0.393000, 5476
0.393000, 5475
0.394000, 5474
0.394000, 5473
0.396000, 5472
0.397000, 5471
0.399000, 5470
0.399000, 5469
0.400000, 5468
0.400000, 5467
0.400000, 5466
0.401000, 5465
0.401000, 5464
0.401000, 5463
0.402000, 5462
0.402000, 5461
0.402000, 5460
0.403000, 5459
0.404000, 5458
0.404000, 5457
0.404000, 5456
0.405000, 5455
0.406000, 5454
0.406000, 5453
0.407000, 5452
0.407000, 5451
0.407000, 5450
0.408000, 5449
0.408000, 5448
0.408000, 5447
0.408000, 5446
0.408000, 5445
0.409000, 5444
0.411000, 5443
0.411000, 5442
0.411000, 5441
0.411000, 5440
0.412000, 5439
0.413000, 5438
0.413000, 5437
0.413000, 5436
0.414000, 5435
0.415000, 5434
0.415000, 5433
0.416000, 5432
0.416000, 5431
0.417000, 5430
0.417000, 5429
0.417000, 5428
0.418000, 5427
0.418000, 5426
0.418000, 5425
0.419000, 5424
0.419000, 5423
0.420000, 5422
0.420000, 5421
0.420000, 5420
0.421000, 5419
0.421000, 5418
0.422000, 5417
0.422000, 5416
0.423000, 5415
0.423000, 5414
0.424000, 5413
0.424000, 5412
0.425000, 5411
0.425000, 5410
0.426000, 5409
0.426000, 5408
0.428000, 5407
0.429000, 5406
0.429000, 5405
0.429000, 5404
0.430000, 5403
0.430000, 5402
0.431000, 5401
0.431000, 5400
0.431000, 5399
0.432000, 5398
0.432000, 5397
0.432000, 5396
0.433000, 5395
0.433000, 5394
0.433000, 5393
0.434000, 5392
0.434000, 5391
0.434000, 5390
0.435000, 5389
0.437000, 5388
0.437000, 5387
0.437000, 5386
0.438000, 5385
0.438000, 5384
0.439000, 5383
0.439000, 5382
0.440000, 5381
0.440000, 5380
0.442000, 5379
0.442000, 5378
0.443000, 5377
0.443000, 5376
0.444000, 5375
0.445000, 5374
0.445000, 5373
0.445000, 5372
0.445000, 5371
0.445000, 5370
0.446000, 5369
0.446000, 5368
0.446000, 5367
0.447000, 5366
0.447000, 5365
0.447000, 5364
0.448000, 5363
0.448000, 5362
0.449000, 5361
0.449000, 5360
0.449000, 5359
0.450000, 5358
0.450000, 5357
0.450000, 5356
0.451000, 5355
0.451000, 5354
0.452000, 5353
0.452000, 5352
0.453000, 5351
0.453000, 5350
0.453000, 5349
0.454000, 5348
0.454000, 5347
0.455000, 5346
0.455000, 5345
0.455000, 5344
0.456000, 5343
0.456000, 5342
0.456000, 5341
0.457000, 5340
0.457000, 5339
0.457000, 5338
0.458000, 5337
0.458000, 5336
0.458000, 5335
0.459000, 5334
0.459000, 5333
0.459000, 5332
0.460000, 5331
0.460000, 5330
0.461000, 5329
0.462000, 5328
0.462000, 5327
0.462000, 5326
0.463000, 5325
0.463000, 5324
0.463000, 5323
0.464000, 5322
0.464000, 5321
0.464000, 5320
0.464000, 5319
0.465000, 5318
0.465000, 5317
0.466000, 5316
0.466000, 5315
0.467000, 5314
0.467000, 5313
0.468000, 5312
0.468000, 5311
0.469000, 5310
0.469000, 5309
0.470000, 5308
0.471000, 5307
0.471000, 5306
0.472000, 5305
0.473000, 5304
0.474000, 5303
0.474000, 5302
0.474000, 5301
0.475000, 5300
0.475000, 5299
0.476000, 5298
0.477000, 5297
0.477000, 5296
0.478000, 5295
0.478000, 5294
0.478000, 5293
0.479000, 5292
0.479000, 5291
0.479000, 5290
0.479000, 5289
0.480000, 5288
0.480000, 5287
0.481000, 5286
0.481000, 5285
0.481000, 5284
0.481000, 5283
0.482000, 5282
0.482000, 5281
0.483000, 5280
0.484000, 5279
0.485000, 5278
0.486000, 5277
0.486000, 5276
0.486000, 5275
0.486000, 5274
0.487000, 5273
0.487000, 5272
0.488000, 5271
0.488000, 5270
0.489000, 5269
0.490000, 5268
0.490000, 5267
0.491000, 5266
0.492000, 5265
0.492000, 5264
0.492000, 5263
0.492000, 5262
0.492000, 5261
0.495000, 5260
0.496000, 5259
0.497000, 5258
0.497000, 5257
0.497000, 5256
0.498000, 5255
0.498000, 5254
0.498000, 5253
0.499000, 5252
0.499000, 5251
0.499000, 5250
0.500000, 5249
0.501000, 5248
0.502000, 5247
0.502000, 5246
0.502000, 5245
0.503000, 5244
0.503000, 5243
0.504000, 5242
0.505000, 5241
0.505000, 5240
0.505000, 5239
0.506000, 5238
0.507000, 5237
0.507000, 5236
0.508000, 5235
0.508000, 5234
0.508000, 5233
0.509000, 5232
0.509000, 5231
0.509000, 5230
0.509000, 5229
0.510000, 5228
0.510000, 5227
0.511000, 5226
0.512000, 5225
0.512000, 5224
0.513000, 5223
0.514000, 5222
0.515000, 5221
0.516000, 5220
0.516000, 5219
0.516000, 5218
0.517000, 5217
0.517000, 5216
0.517000, 5215
0.517000, 5214
0.517000, 5213
0.518000, 5212
0.519000, 5211
0.519000, 5210
0.520000, 5209
0.521000, 5208
0.521000, 5207
0.522000, 5206
0.523000, 5205
0.523000, 5204
0.523000, 5203
0.524000, 5202
0.529000, 5201
0.530000, 5200
0.530000, 5199
0.530000, 5198
0.530000, 5197
0.531000, 5196
0.531000, 5195
0.533000, 5194
0.533000, 5193
0.533000, 5192
0.534000, 5191
0.534000, 5190
0.534000, 5189
0.534000, 5188
0.535000, 5187
0.535000, 5186
0.535000, 5185
0.536000, 5184
0.536000, 5183
0.536000, 5182
0.537000, 5181
0.538000, 5180
0.538000, 5179
0.539000, 5178
0.539000, 5177
0.539000, 5176
0.539000, 5175
0.540000, 5174
0.540000, 5173
0.540000, 5172
0.541000, 5171
0.542000, 5170
0.542000, 5169
0.542000, 5168
0.543000, 5167
0.543000, 5166
0.543000, 5165
0.544000, 5164
0.544000, 5163
0.545000, 5162
0.547000, 5161
0.548000, 5160
0.548000, 5159
0.548000, 5158
0.549000, 5157
0.549000, 5156
0.550000, 5155
0.550000, 5154
0.550000, 5153
0.551000, 5152
0.552000, 5151
0.553000, 5150
0.553000, 5149
0.553000, 5148
0.554000, 5147
0.554000, 5146
0.555000, 5145
0.555000, 5144
0.556000, 5143
0.556000, 5142
0.557000, 5141
0.557000, 5140
0.557000, 5139
0.558000, 5138
0.558000, 5137
0.558000, 5136
0.559000, 5135
0.559000, 5134
0.559000, 5133
0.560000, 5132
0.561000, 5131
0.561000, 5130
0.562000, 5129
0.562000, 5128
0.562000, 5127
0.563000, 5126
0.564000, 5125
0.564000, 5124
0.565000, 5123
0.565000, 5122
0.565000, 5121
0.566000, 5120
0.566000, 5119
0.567000, 5118
0.567000, 5117
0.567000, 5116
0.567000, 5115
0.568000, 5114
0.568000, 5113
0.569000, 5112
0.569000, 5111
0.569000, 5110
0.569000, 5109
0.569000, 5108
0.570000, 5107
0.570000, 5106
0.570000, 5105
0.570000, 5104
0.571000, 5103
0.571000, 5102
0.572000, 5101
0.573000, 5100
0.573000, 5099
0.573000, 5098
0.574000, 5097
0.574000, 5096
0.574000, 5095
0.575000, 5094
0.575000, 5093
0.576000, 5092
0.576000, 5091
0.576000, 5090
0.577000, 5089
0.577000, 5088
0.578000, 5087
0.578000, 5086
0.579000, 5085
0.579000, 5084
0.579000, 5083
0.580000, 5082
0.580000, 5081
0.581000, 5080
0.581000, 5079
0.582000, 5078
0.582000, 5077
0.582000, 5076
0.582000, 5075
0.583000, 5074
0.583000, 5073
0.583000, 5072
0.585000, 5071
0.585000, 5070
0.587000, 5069
0.587000, 5068
0.587000, 5067
0.589000, 5066
0.589000, 5065
0.590000, 5064
0.590000, 5063
0.590000, 5062
0.591000, 5061
0.591000, 5060
0.592000, 5059
0.593000, 5058
0.594000, 5057
0.594000, 5056
0.594000, 5055
0.595000, 5054
0.595000, 5053
0.596000, 5052
0.597000, 5051
0.597000, 5050
0.598000, 5049
0.598000, 5048
0.598000, 5047
0.599000, 5046
0.600000, 5045
0.601000, 5044
0.602000, 5043
0.602000, 5042
0.603000, 5041
0.603000, 5040
0.603000, 5039
0.603000, 5038
0.604000, 5037
0.604000, 5036
0.605000, 5035
0.605000, 5034
0.606000, 5033
0.606000, 5032
0.606000, 5031
0.607000, 5030
0.608000, 5029
0.608000, 5028
0.609000, 5027
0.609000, 5026
0.609000, 5025
0.609000, 5024
0.610000, 5023
0.610000, 5022
0.611000, 5021
0.611000, 5020
0.612000, 5019
0.612000, 5018
0.613000, 5017
0.613000, 5016
0.614000, 5015
0.614000, 5014
0.614000, 5013
0.615000, 5012
0.615000, 5011
0.616000, 5010
0.616000, 5009
0.617000, 5008
0.617000, 5007
0.618000, 5006
0.619000, 5005
0.619000, 5004
0.619000, 5003
0.620000, 5002
0.621000, 5001
0.621000, 5000
0.622000, 4999
0.622000, 4998
0.623000, 4997
0.624000, 4996
0.625000, 4995
0.625000, 4994
0.626000, 4993
0.626000, 4992
0.627000, 4991
0.627000, 4990
0.628000, 4989
0.628000, 4988
0.629000, 4987
0.630000, 4986
0.630000, 4985
0.630000, 4984
0.630000, 4983
0.631000, 4982
0.631000, 4981
0.632000, 4980
0.633000, 4979
0.633000, 4978
0.634000, 4977
0.634000, 4976
0.635000, 4975
0.635000, 4974
0.636000, 4973
0.637000, 4972
0.637000, 4971
0.638000, 4970
0.638000, 4969
0.639000, 4968
0.640000, 4967
0.640000, 4966
0.641000, 4965
0.642000, 4964
0.642000, 4963
0.643000, 4962
0.643000, 4961
0.644000, 4960
0.644000, 4959
0.645000, 4958
0.646000, 4957
0.646000, 4956
0.647000, 4955
0.648000, 4954
0.650000, 4953
0.650000, 4952
0.652000, 4951
0.653000, 4950
0.653000, 4949
0.654000, 4948
0.654000, 4947
0.656000, 4946
0.656000, 4945
0.656000, 4944
0.657000, 4943
0.657000, 4942
0.658000, 4941
0.659000, 4940
0.660000, 4939
0.660000, 4938
0.662000, 4937
0.662000, 4936
0.663000, 4935
0.664000, 4934
0.664000, 4933
0.664000, 4932
0.664000, 4931
0.665000, 4930
0.665000, 4929
0.666000, 4928
0.668000, 4927
0.669000, 4926
0.669000, 4925
0.670000, 4924
0.670000, 4923
0.670000, 4922
0.671000, 4921
0.671000, 4920
0.672000, 4919
0.672000, 4918
0.673000, 4917
0.673000, 4916
0.675000, 4915
0.676000, 4914
0.676000, 4913
0.677000, 4912
0.678000, 4911
0.678000, 4910
0.679000, 4909
0.679000, 4908
0.680000, 4907
0.680000, 4906
0.680000, 4905
0.680000, 4904
0.680000, 4903
0.681000, 4902
0.681000, 4901
0.681000, 4900
0.681000, 4899
0.681000, 4898
0.682000, 4897
0.682000, 4896
0.682000, 4895
0.683000, 4894
0.692000, 4893
0.693000, 4892
0.694000, 4891
0.694000, 4890
0.695000, 4889
0.695000, 4888
0.696000, 4887
0.697000, 4886
0.697000, 4885
0.697000, 4884
0.698000, 4883
0.698000, 4882
0.700000, 4881
0.700000, 4880
0.701000, 4879
0.702000, 4878
0.703000, 4877
0.703000, 4876
0.704000, 4875
0.707000, 4874
0.707000, 4873
0.707000, 4872
0.708000, 4871
0.709000, 4870
0.709000, 4869
0.709000, 4868
0.710000, 4867
0.710000, 4866
0.711000, 4865
0.711000, 4864
0.711000, 4863
0.711000, 4862
0.711000, 4861
0.712000, 4860
0.713000, 4859
0.713000, 4858
0.714000, 4857
0.715000, 4856
0.715000, 4855
0.716000, 4854
0.717000, 4853
0.717000, 4852
0.718000, 4851
0.718000, 4850
0.719000, 4849
0.720000, 4848
0.720000, 4847
0.720000, 4846
0.721000, 4845
0.722000, 4844
0.722000, 4843
0.723000, 4842
0.723000, 4841
0.723000, 4840
0.723000, 4839
0.724000, 4838
0.725000, 4837
0.725000, 4836
0.726000, 4835
0.726000, 4834
0.726000, 4833
0.727000, 4832
0.727000, 4831
0.728000, 4830
0.728000, 4829
0.729000, 4828
0.729000, 4827
0.730000, 4826
0.730000, 4825
0.730000, 4824
0.731000, 4823
0.733000, 4822
0.735000, 4821
0.735000, 4820
0.736000, 4819
0.737000, 4818
0.737000, 4817
0.737000, 4816
0.737000, 4815
0.738000, 4814
0.738000, 4813
0.739000, 4812
0.739000, 4811
0.739000, 4810
0.741000, 4809
0.741000, 4808
0.742000, 4807
0.743000, 4806
0.744000, 4805
0.744000, 4804
0.744000, 4803
0.746000, 4802
0.747000, 4801
0.747000, 4800
0.748000, 4799
0.748000, 4798
0.749000, 4797
0.750000, 4796
0.750000, 4795
0.750000, 4794
0.752000, 4793
0.753000, 4792
0.753000, 4791
0.753000, 4790
0.754000, 4789
0.754000, 4788
0.754000, 4787
0.754000, 4786
0.755000, 4785
0.756000, 4784
0.756000, 4783
0.757000, 4782
0.757000, 4781
0.757000, 4780
0.759000, 4779
0.759000, 4778
0.762000, 4777
0.763000, 4776
0.764000, 4775
0.764000, 4774
0.764000, 4773
0.765000, 4772
0.765000, 4771
0.765000, 4770
0.765000, 4769
0.765000, 4768
0.766000, 4767
0.766000, 4766
0.767000, 4765
0.767000, 4764
0.768000, 4763
0.768000, 4762
0.768000, 4761
0.769000, 4760
0.771000, 4759
0.772000, 4758
0.772000, 4757
0.773000, 4756
0.773000, 4755
0.774000, 4754
0.775000, 4753
0.776000, 4752
0.776000, 4751
0.777000, 4750
0.778000, 4749
0.779000, 4748
0.780000, 4747
0.781000, 4746
0.781000, 4745
0.781000, 4744
0.782000, 4743
0.783000, 4742
0.784000, 4741
0.786000, 4740
0.787000, 4739
0.787000, 4738
0.787000, 4737
0.787000, 4736
0.787000, 4735
0.789000, 4734
0.789000, 4733
0.790000, 4732
0.791000, 4731
0.792000, 4730
0.793000, 4729
0.793000, 4728
0.793000, 4727
0.794000, 4726
0.795000, 4725
0.796000, 4724
0.797000, 4723
0.798000, 4722
0.798000, 4721
0.799000, 4720
0.799000, 4719
0.799000, 4718
0.800000, 4717
0.800000, 4716
0.801000, 4715
0.803000, 4714
0.803000, 4713
0.803000, 4712
0.804000, 4711
0.804000, 4710
0.806000, 4709
0.806000, 4708
0.808000, 4707
0.809000, 4706
0.809000, 4705
0.810000, 4704
0.811000, 4703
0.812000, 4702
0.812000, 4701
0.812000, 4700
0.813000, 4699
0.813000, 4698
0.814000, 4697
0.815000, 4696
0.815000, 4695
0.815000, 4694
0.815000, 4693
0.816000, 4692
0.816000, 4691
0.816000, 4690
0.816000, 4689
0.817000, 4688
0.818000, 4687
0.818000, 4686
0.819000, 4685
0.819000, 4684
0.820000, 4683
0.820000, 4682
0.821000, 4681
0.821000, 4680
0.822000, 4679
0.822000, 4678
0.823000, 4677
0.823000, 4676
0.824000, 4675
0.824000, 4674
0.825000, 4673
0.826000, 4672
0.826000, 4671
0.827000, 4670
0.828000, 4669
0.829000, 4668
0.829000, 4667
0.830000, 4666
0.830000, 4665
0.830000, 4664
0.830000, 4663
0.831000, 4662
0.832000, 4661
0.832000, 4660
0.832000, 4659
0.833000, 4658
0.834000, 4657
0.834000, 4656
0.834000, 4655
0.834000, 4654
0.835000, 4653
0.835000, 4652
0.835000, 4651
0.836000, 4650
0.838000, 4649
0.839000, 4648
0.839000, 4647
0.840000, 4646
0.840000, 4645
0.840000, 4644
0.840000, 4643
0.841000, 4642
0.841000, 4641
0.842000, 4640
0.842000, 4639
0.842000, 4638
0.842000, 4637
0.843000, 4636
0.843000, 4635
0.844000, 4634
0.844000, 4633
0.845000, 4632
0.846000, 4631
0.847000, 4630
0.849000, 4629
0.849000, 4628
0.849000, 4627
0.849000, 4626
0.850000, 4625
0.850000, 4624
0.852000, 4623
0.852000, 4622
0.852000, 4621
0.853000, 4620
0.854000, 4619
0.856000, 4618
0.857000, 4617
0.859000, 4616
0.859000, 4615
0.860000, 4614
0.862000, 4613
0.862000, 4612
0.863000, 4611
0.863000, 4610
0.864000, 4609
0.865000, 4608
0.866000, 4607
0.867000, 4606
0.867000, 4605
0.868000, 4604
0.868000, 4603
0.869000, 4602
0.870000, 4601
0.870000, 4600
0.870000, 4599
0.871000, 4598
0.872000, 4597
0.872000, 4596
0.873000, 4595
0.873000, 4594
0.874000, 4593
0.874000, 4592
0.874000, 4591
0.874000, 4590
0.875000, 4589
0.875000, 4588
0.876000, 4587
0.877000, 4586
0.878000, 4585
0.879000, 4584
0.879000, 4583
0.880000, 4582
0.880000, 4581
0.881000, 4580
0.882000, 4579
0.883000, 4578
0.887000, 4577
0.887000, 4576
0.887000, 4575
0.887000, 4574
0.890000, 4573
0.890000, 4572
0.891000, 4571
0.893000, 4570
0.893000, 4569
0.893000, 4568
0.894000, 4567
0.895000, 4566
0.896000, 4565
0.897000, 4564
0.898000, 4563
0.898000, 4562
0.898000, 4561
0.899000, 4560
0.900000, 4559
0.901000, 4558
0.901000, 4557
0.902000, 4556
0.902000, 4555
0.903000, 4554
0.904000, 4553
0.905000, 4552
0.906000, 4551
0.906000, 4550
0.906000, 4549
0.907000, 4548
0.907000, 4547
0.907000, 4546
0.908000, 4545
0.909000, 4544
0.909000, 4543
0.910000, 4542
0.911000, 4541
0.912000, 4540
0.913000, 4539
0.913000, 4538
0.914000, 4537
0.914000, 4536
0.916000, 4535
0.916000, 4534
0.917000, 4533
0.917000, 4532
0.918000, 4531
0.920000, 4530
0.920000, 4529
0.921000, 4528
0.922000, 4527
0.922000, 4526
0.925000, 4525
0.926000, 4524
0.926000, 4523
0.927000, 4522
0.928000, 4521
0.930000, 4520
0.930000, 4519
0.931000, 4518
0.931000, 4517
0.932000, 4516
0.936000, 4515
0.938000, 4514
0.941000, 4513
0.942000, 4512
0.942000, 4511
0.944000, 4510
0.946000, 4509
0.946000, 4508
0.947000, 4507
0.947000, 4506
0.949000, 4505
0.949000, 4504
0.950000, 4503
0.951000, 4502
0.952000, 4501
0.952000, 4500
0.953000, 4499
0.953000, 4498
0.955000, 4497
0.955000, 4496
0.957000, 4495
0.957000, 4494
0.960000, 4493
0.961000, 4492
0.961000, 4491
0.962000, 4490
0.962000, 4489
0.963000, 4488
0.963000, 4487
0.964000, 4486
0.965000, 4485
0.966000, 4484
0.966000, 4483
0.968000, 4482
0.968000, 4481
0.970000, 4480
0.970000, 4479
0.971000, 4478
0.974000, 4477
0.974000, 4476
0.975000, 4475
0.976000, 4474
0.977000, 4473
0.977000, 4472
0.980000, 4471
0.981000, 4470
0.982000, 4469
0.983000, 4468
0.983000, 4467
0.983000, 4466
0.984000, 4465
0.985000, 4464
0.987000, 4463
0.987000, 4462
0.987000, 4461
0.990000, 4460
0.991000, 4459
0.991000, 4458
0.992000, 4457
0.993000, 4456
0.994000, 4455
0.995000, 4454
0.997000, 4453
0.997000, 4452
0.998000, 4451
0.998000, 4450
0.998000, 4449
0.998000, 4448
1.001000, 4447
1.001000, 4446
1.007000, 4445
1.007000, 4444
1.007000, 4443
1.007000, 4442
1.008000, 4441
1.008000, 4440
1.009000, 4439
1.009000, 4438
1.009000, 4437
1.009000, 4436
1.010000, 4435
1.011000, 4434
1.011000, 4433
1.012000, 4432
1.013000, 4431
1.015000, 4430
1.015000, 4429
1.015000, 4428
1.015000, 4427
1.017000, 4426
1.017000, 4425
1.017000, 4424
1.018000, 4423
1.018000, 4422
1.018000, 4421
1.019000, 4420
1.020000, 4419
1.020000, 4418
1.020000, 4417
1.021000, 4416
1.021000, 4415
1.021000, 4414
1.022000, 4413
1.023000, 4412
1.025000, 4411
1.025000, 4410
1.025000, 4409
1.026000, 4408
1.026000, 4407
1.027000, 4406
1.029000, 4405
1.029000, 4404
1.030000, 4403
1.031000, 4402
1.032000, 4401
1.035000, 4400
1.035000, 4399
1.035000, 4398
1.036000, 4397
1.036000, 4396
1.039000, 4395
1.040000, 4394
1.040000, 4393
1.041000, 4392
1.044000, 4391
1.045000, 4390
1.045000, 4389
1.046000, 4388
1.046000, 4387
1.047000, 4386
1.047000, 4385
1.048000, 4384
1.048000, 4383
1.049000, 4382
1.049000, 4381
1.050000, 4380
1.051000, 4379
1.051000, 4378
1.052000, 4377
1.052000, 4376
1.052000, 4375
1.054000, 4374
1.054000, 4373
1.054000, 4372
1.054000, 4371
1.055000, 4370
1.055000, 4369
1.055000, 4368
1.056000, 4367
1.057000, 4366
1.057000, 4365
1.058000, 4364
1.059000, 4363
1.060000, 4362
1.060000, 4361
1.060000, 4360
1.061000, 4359
1.062000, 4358
1.064000, 4357
1.065000, 4356
1.065000, 4355
1.066000, 4354
1.066000, 4353
1.066000, 4352
1.068000, 4351
1.068000, 4350
1.069000, 4349
1.070000, 4348
1.070000, 4347
1.070000, 4346
1.072000, 4345
1.073000, 4344
1.073000, 4343
1.074000, 4342
1.074000, 4341
1.076000, 4340
1.076000, 4339
1.076000, 4338
1.077000, 4337
1.079000, 4336
1.080000, 4335
1.080000, 4334
1.081000, 4333
1.082000, 4332
1.082000, 4331
1.084000, 4330
1.084000, 4329
1.085000, 4328
1.086000, 4327
1.087000, 4326
1.087000, 4325
1.088000, 4324
1.088000, 4323
1.089000, 4322
1.089000, 4321
1.089000, 4320
1.090000, 4319
1.090000, 4318
1.092000, 4317
1.092000, 4316
1.094000, 4315
1.094000, 4314
1.095000, 4313
1.095000, 4312
1.096000, 4311
1.096000, 4310
1.096000, 4309
1.097000, 4308
1.098000, 4307
1.098000, 4306
1.100000, 4305
1.100000, 4304
1.102000, 4303
1.102000, 4302
1.102000, 4301
1.104000, 4300
1.105000, 4299
1.105000, 4298
1.106000, 4297
1.106000, 4296
1.106000, 4295
1.108000, 4294
1.108000, 4293
1.109000, 4292
1.109000, 4291
1.110000, 4290
1.110000, 4289
1.111000, 4288
1.112000, 4287
1.113000, 4286
1.114000, 4285
1.114000, 4284
1.115000, 4283
1.115000, 4282
1.116000, 4281
1.116000, 4280
1.117000, 4279
1.117000, 4278
1.118000, 4277
1.119000, 4276
1.120000, 4275
1.120000, 4274
1.121000, 4273
1.121000, 4272
1.121000, 4271
1.121000, 4270
1.122000, 4269
1.122000, 4268
1.123000, 4267
1.124000, 4266
1.124000, 4265
1.125000, 4264
1.126000, 4263
1.126000, 4262
1.128000, 4261
1.129000, 4260
1.129000, 4259
1.131000, 4258
1.133000, 4257
1.134000, 4256
1.138000, 4255
1.139000, 4254
1.142000, 4253
1.142000, 4252
1.146000, 4251
1.146000, 4250
1.146000, 4249
1.146000, 4248
1.147000, 4247
1.148000, 4246
1.150000, 4245
1.150000, 4244
1.151000, 4243
1.151000, 4242
1.152000, 4241
1.153000, 4240
1.154000, 4239
1.154000, 4238
1.156000, 4237
1.156000, 4236
1.156000, 4235
1.157000, 4234
1.158000, 4233
1.159000, 4232
1.159000, 4231
1.159000, 4230
1.160000, 4229
1.160000, 4228
1.161000, 4227
1.161000, 4226
1.161000, 4225
1.163000, 4224
1.164000, 4223
1.164000, 4222
1.166000, 4221
1.166000, 4220
1.167000, 4219
1.168000, 4218
1.169000, 4217
1.169000, 4216
1.170000, 4215
1.170000, 4214
1.172000, 4213
1.174000, 4212
1.174000, 4211
1.175000, 4210
1.175000, 4209
1.176000, 4208
1.177000, 4207
1.178000, 4206
1.180000, 4205
1.181000, 4204
1.182000, 4203
1.183000, 4202
1.183000, 4201
1.184000, 4200
1.184000, 4199
1.185000, 4198
1.189000, 4197
1.189000, 4196
1.190000, 4195
1.190000, 4194
1.192000, 4193
1.194000, 4192
1.195000, 4191
1.195000, 4190
1.195000, 4189
1.196000, 4188
1.197000, 4187
1.198000, 4186
1.198000, 4185
1.200000, 4184
1.200000, 4183
1.200000, 4182
1.201000, 4181
1.201000, 4180
1.202000, 4179
1.203000, 4178
1.203000, 4177
1.203000, 4176
1.205000, 4175
1.205000, 4174
1.207000, 4173
1.208000, 4172
1.208000, 4171
1.209000, 4170
1.210000, 4169
1.210000, 4168
1.211000, 4167
1.212000, 4166
1.213000, 4165
1.213000, 4164
1.215000, 4163
1.215000, 4162
1.216000, 4161
1.217000, 4160
1.219000, 4159
1.219000, 4158
1.220000, 4157
1.221000, 4156
1.221000, 4155
1.223000, 4154
1.224000, 4153
1.224000, 4152
1.225000, 4151
1.225000, 4150
1.226000, 4149
1.226000, 4148
1.228000, 4147
1.228000, 4146
1.229000, 4145
1.230000, 4144
1.236000, 4143
1.238000, 4142
1.238000, 4141
1.239000, 4140
1.240000, 4139
1.241000, 4138
1.241000, 4137
1.242000, 4136
1.242000, 4135
1.243000, 4134
1.244000, 4133
1.244000, 4132
1.245000, 4131
1.253000, 4130
1.253000, 4129
1.255000, 4128
1.256000, 4127
1.256000, 4126
1.257000, 4125
1.258000, 4124
1.258000, 4123
1.259000, 4122
1.259000, 4121
1.260000, 4120
1.260000, 4119
1.261000, 4118
1.262000, 4117
1.262000, 4116
1.262000, 4115
1.263000, 4114
1.265000, 4113
1.265000, 4112
1.265000, 4111
1.266000, 4110
1.266000, 4109
1.268000, 4108
1.268000, 4107
1.270000, 4106
1.272000, 4105
1.272000, 4104
1.272000, 4103
1.273000, 4102
1.273000, 4101
1.275000, 4100
1.275000, 4099
1.276000, 4098
1.277000, 4097
1.278000, 4096
1.278000, 4095
1.280000, 4094
1.284000, 4093
1.285000, 4092
1.286000, 4091
1.286000, 4090
1.287000, 4089
1.288000, 4088
1.288000, 4087
1.289000, 4086
1.289000, 4085
1.289000, 4084
1.291000, 4083
1.291000, 4082
1.291000, 4081
1.292000, 4080
1.293000, 4079
1.293000, 4078
1.293000, 4077
1.294000, 4076
1.294000, 4075
1.295000, 4074
1.296000, 4073
1.297000, 4072
1.297000, 4071
1.298000, 4070
1.299000, 4069
1.300000, 4068
1.301000, 4067
1.301000, 4066
1.302000, 4065
1.302000, 4064
1.303000, 4063
1.303000, 4062
1.304000, 4061
1.304000, 4060
1.304000, 4059
1.306000, 4058
1.306000, 4057
1.307000, 4056
1.309000, 4055
1.312000, 4054
1.312000, 4053
1.312000, 4052
1.315000, 4051
1.315000, 4050
1.316000, 4049
1.317000, 4048
1.322000, 4047
1.322000, 4046
1.325000, 4045
1.326000, 4044
1.326000, 4043
1.326000, 4042
1.327000, 4041
1.329000, 4040
1.329000, 4039
1.330000, 4038
1.330000, 4037
1.330000, 4036
1.336000, 4035
1.336000, 4034
1.336000, 4033
1.337000, 4032
1.338000, 4031
1.340000, 4030
1.341000, 4029
1.342000, 4028
1.342000, 4027
1.342000, 4026
1.342000, 4025
1.344000, 4024
1.345000, 4023
1.346000, 4022
1.346000, 4021
1.346000, 4020
1.348000, 4019
1.348000, 4018
1.352000, 4017
1.355000, 4016
1.355000, 4015
1.355000, 4014
1.355000, 4013
1.356000, 4012
1.357000, 4011
1.358000, 4010
1.358000, 4009
1.358000, 4008
1.360000, 4007
1.362000, 4006
1.363000, 4005
1.363000, 4004
1.366000, 4003
1.366000, 4002
1.367000, 4001
1.368000, 4000
1.369000, 3999
1.369000, 3998
1.370000, 3997
1.370000, 3996
1.371000, 3995
1.371000, 3994
1.372000, 3993
1.372000, 3992
1.374000, 3991
1.375000, 3990
1.376000, 3989
1.376000, 3988
1.378000, 3987
1.380000, 3986
1.385000, 3985
1.385000, 3984
1.387000, 3983
1.389000, 3982
1.390000, 3981
1.390000, 3980
1.393000, 3979
1.393000, 3978
1.394000, 3977
1.394000, 3976
1.395000, 3975
1.396000, 3974
1.397000, 3973
1.398000, 3972
1.399000, 3971
1.399000, 3970
1.401000, 3969
1.402000, 3968
1.405000, 3967
1.405000, 3966
1.406000, 3965
1.406000, 3964
1.407000, 3963
1.407000, 3962
1.408000, 3961
1.409000, 3960
1.409000, 3959
1.410000, 3958
1.410000, 3957
1.413000, 3956
1.414000, 3955
1.417000, 3954
1.418000, 3953
1.418000, 3952
1.418000, 3951
1.419000, 3950
1.420000, 3949
1.421000, 3948
1.424000, 3947
1.425000, 3946
1.426000, 3945
1.426000, 3944
1.429000, 3943
1.429000, 3942
1.430000, 3941
1.430000, 3940
1.431000, 3939
1.432000, 3938
1.433000, 3937
1.434000, 3936
1.434000, 3935
1.435000, 3934
1.438000, 3933
1.441000, 3932
1.442000, 3931
1.443000, 3930
1.444000, 3929
1.444000, 3928
1.445000, 3927
1.446000, 3926
1.448000, 3925
1.449000, 3924
1.450000, 3923
1.451000, 3922
1.452000, 3921
1.454000, 3920
1.455000, 3919
1.458000, 3918
1.458000, 3917
1.459000, 3916
1.460000, 3915
1.461000, 3914
1.463000, 3913
1.466000, 3912
1.466000, 3911
1.469000, 3910
1.470000, 3909
1.471000, 3908
1.472000, 3907
1.473000, 3906
1.473000, 3905
1.474000, 3904
1.476000, 3903
1.476000, 3902
1.476000, 3901
1.478000, 3900
1.478000, 3899
1.479000, 3898
1.479000, 3897
1.480000, 3896
1.480000, 3895
1.482000, 3894
1.485000, 3893
1.486000, 3892
1.488000, 3891
1.488000, 3890
1.489000, 3889
1.490000, 3888
1.491000, 3887
1.491000, 3886
1.492000, 3885
1.493000, 3884
1.493000, 3883
1.493000, 3882
1.493000, 3881
1.494000, 3880
1.495000, 3879
1.496000, 3878
1.501000, 3877
1.503000, 3876
1.504000, 3875
1.504000, 3874
1.505000, 3873
1.507000, 3872
1.508000, 3871
1.508000, 3870
1.509000, 3869
1.509000, 3868
1.510000, 3867
1.511000, 3866
1.515000, 3865
1.518000, 3864
1.518000, 3863
1.519000, 3862
1.520000, 3861
1.521000, 3860
1.521000, 3859
1.524000, 3858
1.527000, 3857
1.528000, 3856
1.529000, 3855
1.529000, 3854
1.530000, 3853
1.531000, 3852
1.534000, 3851
1.534000, 3850
1.534000, 3849
1.537000, 3848
1.537000, 3847
1.539000, 3846
1.542000, 3845
1.543000, 3844
1.544000, 3843
1.546000, 3842
1.547000, 3841
1.549000, 3840
1.555000, 3839
1.555000, 3838
1.556000, 3837
1.557000, 3836
1.557000, 3835
1.559000, 3834
1.559000, 3833
1.559000, 3832
1.560000, 3831
1.561000, 3830
1.561000, 3829
1.562000, 3828
1.562000, 3827
1.563000, 3826
1.566000, 3825
1.568000, 3824
1.569000, 3823
1.570000, 3822
1.570000, 3821
1.572000, 3820
1.578000, 3819
1.578000, 3818
1.579000, 3817
1.579000, 3816
1.579000, 3815
1.579000, 3814
1.581000, 3813
1.582000, 3812
1.582000, 3811
1.584000, 3810
1.584000, 3809
1.586000, 3808
1.587000, 3807
1.588000, 3806
1.590000, 3805
1.590000, 3804
1.591000, 3803
1.594000, 3802
1.595000, 3801
1.595000, 3800
1.598000, 3799
1.601000, 3798
1.602000, 3797
1.605000, 3796
1.606000, 3795
1.606000, 3794
1.606000, 3793
1.607000, 3792
1.608000, 3791
1.608000, 3790
1.610000, 3789
1.612000, 3788
1.612000, 3787
1.613000, 3786
1.614000, 3785
1.614000, 3784
1.617000, 3783
1.619000, 3782
1.619000, 3781
1.620000, 3780
1.624000, 3779
1.625000, 3778
1.625000, 3777
1.625000, 3776
1.629000, 3775
1.629000, 3774
1.630000, 3773
1.631000, 3772
1.632000, 3771
1.634000, 3770
1.636000, 3769
1.637000, 3768
1.637000, 3767
1.637000, 3766
1.638000, 3765
1.642000, 3764
1.642000, 3763
1.642000, 3762
1.644000, 3761
1.645000, 3760
1.647000, 3759
1.650000, 3758
1.651000, 3757
1.653000, 3756
1.655000, 3755
1.655000, 3754
1.658000, 3753
1.658000, 3752
1.659000, 3751
1.660000, 3750
1.661000, 3749
1.661000, 3748
1.665000, 3747
1.670000, 3746
1.673000, 3745
1.681000, 3744
1.682000, 3743
1.684000, 3742
1.686000, 3741
1.687000, 3740
1.688000, 3739
1.689000, 3738
1.690000, 3737
1.690000, 3736
1.693000, 3735
1.694000, 3734
1.695000, 3733
1.697000, 3732
1.703000, 3731
1.705000, 3730
1.706000, 3729
1.707000, 3728
1.708000, 3727
1.708000, 3726
1.709000, 3725
1.709000, 3724
1.713000, 3723
1.715000, 3722
1.716000, 3721
1.717000, 3720
1.718000, 3719
1.718000, 3718
1.723000, 3717
1.731000, 3716
1.732000, 3715
1.734000, 3714
1.735000, 3713
1.737000, 3712
1.748000, 3711
1.748000, 3710
1.749000, 3709
1.750000, 3708
1.750000, 3707
1.751000, 3706
1.754000, 3705
1.754000, 3704
1.755000, 3703
1.761000, 3702
1.761000, 3701
1.761000, 3700
1.762000, 3699
1.764000, 3698
1.765000, 3697
1.765000, 3696
1.768000, 3695
1.769000, 3694
1.769000, 3693
1.770000, 3692
1.771000, 3691
1.772000, 3690
1.773000, 3689
1.774000, 3688
1.775000, 3687
1.776000, 3686
1.777000, 3685
1.781000, 3684
1.782000, 3683
1.782000, 3682
1.785000, 3681
1.787000, 3680
1.787000, 3679
1.790000, 3678
1.792000, 3677
1.795000, 3676
1.798000, 3675
1.798000, 3674
1.799000, 3673
1.799000, 3672
1.801000, 3671
1.803000, 3670
1.805000, 3669
1.807000, 3668
1.808000, 3667
1.816000, 3666
1.817000, 3665
1.817000, 3664
1.818000, 3663
1.820000, 3662
1.820000, 3661
1.820000, 3660
1.821000, 3659
1.822000, 3658
1.823000, 3657
1.826000, 3656
1.828000, 3655
1.828000, 3654
1.828000, 3653
1.830000, 3652
1.832000, 3651
1.833000, 3650
1.834000, 3649
1.837000, 3648
1.838000, 3647
1.838000, 3646
1.839000, 3645
1.843000, 3644
1.849000, 3643
1.854000, 3642
1.854000, 3641
1.855000, 3640
1.857000, 3639
1.858000, 3638
1.859000, 3637
1.859000, 3636
1.860000, 3635
1.861000, 3634
1.862000, 3633
1.864000, 3632
1.865000, 3631
1.867000, 3630
1.868000, 3629
1.869000, 3628
1.870000, 3627
1.870000, 3626
1.871000, 3625
1.873000, 3624
1.873000, 3623
1.873000, 3622
1.873000, 3621
1.876000, 3620
1.884000, 3619
1.885000, 3618
1.885000, 3617
1.887000, 3616
1.890000, 3615
1.890000, 3614
1.891000, 3613
1.893000, 3612
1.894000, 3611
1.895000, 3610
1.896000, 3609
1.897000, 3608
1.902000, 3607
1.903000, 3606
1.905000, 3605
1.909000, 3604
1.909000, 3603
1.911000, 3602
1.913000, 3601
1.914000, 3600
1.915000, 3599
1.920000, 3598
1.921000, 3597
1.921000, 3596
1.925000, 3595
1.925000, 3594
1.926000, 3593
1.929000, 3592
1.931000, 3591
1.934000, 3590
1.937000, 3589
1.942000, 3588
1.944000, 3587
1.944000, 3586
1.945000, 3585
1.946000, 3584
1.948000, 3583
1.951000, 3582
1.951000, 3581
1.953000, 3580
1.953000, 3579
1.954000, 3578
1.955000, 3577
1.962000, 3576
1.965000, 3575
1.965000, 3574
1.967000, 3573
1.967000, 3572
1.968000, 3571
1.970000, 3570
1.970000, 3569
1.972000, 3568
1.973000, 3567
1.975000, 3566
1.977000, 3565
1.980000, 3564
1.983000, 3563
1.983000, 3562
1.985000, 3561
1.988000, 3560
1.989000, 3559
1.989000, 3558
1.989000, 3557
1.992000, 3556
1.992000, 3555
1.992000, 3554
1.994000, 3553
1.994000, 3552
1.995000, 3551
1.996000, 3550
1.996000, 3549
1.997000, 3548
1.998000, 3547
1.999000, 3546
2.002000, 3545
2.003000, 3544
2.004000, 3543
2.005000, 3542
2.005000, 3541
2.007000, 3540
2.008000, 3539
2.011000, 3538
2.012000, 3537
2.020000, 3536
2.021000, 3535
2.022000, 3534
2.023000, 3533
2.028000, 3532
2.029000, 3531
2.035000, 3530
2.036000, 3529
2.037000, 3528
2.039000, 3527
2.050000, 3526
2.050000, 3525
2.054000, 3524
2.063000, 3523
2.070000, 3522
2.071000, 3521
2.074000, 3520
2.081000, 3519
2.084000, 3518
2.085000, 3517
2.086000, 3516
2.087000, 3515
2.090000, 3514
2.091000, 3513
2.092000, 3512
2.093000, 3511
2.094000, 3510
2.095000, 3509
2.101000, 3508
2.104000, 3507
2.111000, 3506
2.112000, 3505
2.113000, 3504
2.113000, 3503
2.118000, 3502
2.121000, 3501
2.125000, 3500
2.126000, 3499
2.128000, 3498
2.129000, 3497
2.130000, 3496
2.132000, 3495
2.132000, 3494
2.133000, 3493
2.136000, 3492
2.138000, 3491
2.140000, 3490
2.151000, 3489
2.155000, 3488
2.157000, 3487
2.162000, 3486
2.165000, 3485
2.174000, 3484
2.175000, 3483
2.180000, 3482
2.180000, 3481
2.186000, 3480
2.195000, 3479
2.197000, 3478
2.207000, 3477
2.211000, 3476
2.211000, 3475
2.231000, 3474
2.231000, 3473
2.235000, 3472
2.236000, 3471
2.237000, 3470
2.237000, 3469
2.237000, 3468
2.241000, 3467
2.245000, 3466
2.246000, 3465
2.255000, 3464
2.270000, 3463
2.276000, 3462
2.277000, 3461
2.284000, 3460
2.285000, 3459
2.286000, 3458
2.286000, 3457
2.291000, 3456
2.292000, 3455
2.292000, 3454
2.295000, 3453
2.301000, 3452
2.302000, 3451
2.302000, 3450
2.313000, 3449
2.318000, 3448
2.323000, 3447
2.327000, 3446
2.328000, 3445
2.348000, 3444
2.350000, 3443
2.363000, 3442
2.372000, 3441
2.377000, 3440
2.379000, 3439
2.380000, 3438
2.397000, 3437
2.411000, 3436
2.417000, 3435
2.421000, 3434
2.441000, 3433
2.445000, 3432
2.458000, 3431
2.459000, 3430
2.460000, 3429
2.471000, 3428
2.471000, 3427
2.491000, 3426
2.495000, 3425
2.501000, 3424
2.514000, 3423
2.515000, 3422
2.521000, 3421
2.525000, 3420
2.541000, 3419
2.549000, 3418
2.550000, 3417
2.551000, 3416
2.551000, 3415
2.552000, 3414
2.561000, 3413
2.565000, 3412
2.571000, 3411
2.578000, 3410
2.585000, 3409
2.590000, 3408
2.592000, 3407
2.593000, 3406
2.594000, 3405
2.596000, 3404
2.599000, 3403
2.600000, 3402
2.606000, 3401
2.609000, 3400
2.614000, 3399
2.632000, 3398
2.638000, 3397
2.656000, 3396
2.657000, 3395
2.673000, 3394
2.715000, 3393
2.718000, 3392
2.718000, 3391
2.724000, 3390
2.730000, 3389
2.776000, 3388
2.790000, 3387
2.809000, 3386
2.813000, 3385
2.836000, 3384
2.861000, 3383
2.875000, 3382
2.899000, 3381
2.910000, 3380
2.948000, 3379
2.949000, 3378
2.953000, 3377
2.957000, 3376
2.991000, 3375
2.993000, 3374
2.994000, 3373
2.997000, 3372
3.008000, 3371
3.009000, 3370
3.023000, 3369
3.035000, 3368
3.035000, 3367
3.057000, 3366
3.061000, 3365
3.074000, 3364
3.076000, 3363
3.092000, 3362
3.098000, 3361
3.110000, 3360
3.116000, 3359
3.150000, 3358
3.155000, 3357
3.174000, 3356
3.182000, 3355
3.201000, 3354
3.230000, 3353
3.242000, 3352
3.257000, 3351
3.257000, 3350
3.266000, 3349
3.271000, 3348
3.276000, 3347
3.277000, 3346
3.306000, 3345
3.331000, 3344
3.338000, 3343
3.352000, 3342
3.378000, 3341
3.466000, 3340
3.510000, 3339
3.532000, 3338
3.565000, 3337
3.582000, 3336
3.590000, 3335
3.610000, 3334
3.635000, 3333
3.649000, 3332
3.688000, 3331
3.725000, 3330
3.743000, 3329
3.760000, 3328
3.762000, 3327
3.864000, 3326
3.979000, 3325
3.985000, 3324
4.053000, 3323
4.103000, 3322
