0.102000, 6023
0.106000, 6022
0.107000, 6021
0.108000, 6020
0.109000, 6019
0.109000, 6018
0.110000, 6017
0.111000, 6016
0.112000, 6015
0.112000, 6014
0.113000, 6013
0.114000, 6012
0.114000, 6011
0.114000, 6010
0.115000, 6009
0.115000, 6008
0.115000, 6007
0.116000, 6006
0.117000, 6005
0.117000, 6004
0.118000, 6003
0.118000, 6002
0.120000, 6001
0.120000, 6000
0.121000, 5999
0.122000, 5998
0.122000, 5997
0.123000, 5996
0.124000, 5995
0.124000, 5994
0.125000, 5993
0.125000, 5992
0.126000, 5991
0.126000, 5990
0.127000, 5989
0.127000, 5988
0.128000, 5987
0.129000, 5986
0.129000, 5985
0.130000, 5984
0.131000, 5983
0.131000, 5982
0.132000, 5981
0.132000, 5980
0.133000, 5979
0.134000, 5978
0.135000, 5977
0.136000, 5976
0.136000, 5975
0.137000, 5974
0.138000, 5973
0.138000, 5972
0.139000, 5971
0.139000, 5970
0.141000, 5969
0.143000, 5968
0.143000, 5967
0.144000, 5966
0.145000, 5965
0.148000, 5964
0.148000, 5963
0.149000, 5962
0.149000, 5961
0.149000, 5960
0.152000, 5959
0.152000, 5958
0.153000, 5957
0.153000, 5956
0.154000, 5955
0.154000, 5954
0.155000, 5953
0.155000, 5952
0.156000, 5951
0.156000, 5950
0.157000, 5949
0.158000, 5948
0.159000, 5947
0.159000, 5946
0.160000, 5945
0.160000, 5944
0.161000, 5943
0.161000, 5942
0.162000, 5941
0.162000, 5940
0.163000, 5939
0.164000, 5938
0.164000, 5937
0.165000, 5936
0.166000, 5935
0.166000, 5934
0.167000, 5933
0.167000, 5932
0.167000, 5931
0.167000, 5930
0.169000, 5929
0.169000, 5928
0.169000, 5927
0.170000, 5926
0.170000, 5925
0.171000, 5924
0.171000, 5923
0.172000, 5922
0.172000, 5921
0.173000, 5920
0.174000, 5919
0.174000, 5918
0.174000, 5917
0.176000, 5916
0.176000, 5915
0.177000, 5914
0.177000, 5913
0.178000, 5912
0.179000, 5911
0.180000, 5910
0.180000, 5909
0.180000, 5908
0.181000, 5907
0.183000, 5906
0.183000, 5905
0.183000, 5904
0.184000, 5903
0.185000, 5902
0.186000, 5901
0.187000, 5900
0.187000, 5899
0.188000, 5898
0.188000, 5897
0.189000, 5896
0.190000, 5895
0.191000, 5894
0.191000, 5893
0.192000, 5892
0.192000, 5891
0.193000, 5890
0.194000, 5889
0.194000, 5888
0.195000, 5887
0.195000, 5886
0.196000, 5885
0.196000, 5884
0.199000, 5883
0.199000, 5882
0.199000, 5881
0.200000, 5880
0.200000, 5879
0.201000, 5878
0.201000, 5877
0.209000, 5876
0.209000, 5875
0.209000, 5874
0.210000, 5873
0.211000, 5872
0.211000, 5871
0.211000, 5870
0.212000, 5869
0.212000, 5868
0.213000, 5867
0.213000, 5866
0.215000, 5865
0.215000, 5864
0.215000, 5863
0.216000, 5862
0.216000, 5861
0.217000, 5860
0.217000, 5859
0.218000, 5858
0.218000, 5857
0.218000, 5856
0.219000, 5855
0.219000, 5854
0.219000, 5853
0.220000, 5852
0.221000, 5851
0.221000, 5850
0.222000, 5849
0.222000, 5848
0.223000, 5847
0.223000, 5846
0.223000, 5845
0.224000, 5844
0.224000, 5843
0.225000, 5842
0.226000, 5841
0.226000, 5840
0.226000, 5839
0.226000, 5838
0.227000, 5837
0.227000, 5836
0.228000, 5835
0.229000, 5834
0.229000, 5833
0.230000, 5832
0.230000, 5831
0.230000, 5830
0.230000, 5829
0.231000, 5828
0.231000, 5827
0.234000, 5826
0.234000, 5825
0.235000, 5824
0.235000, 5823
0.235000, 5822
0.235000, 5821
0.236000, 5820
0.236000, 5819
0.237000, 5818
0.237000, 5817
0.238000, 5816
0.238000, 5815
0.239000, 5814
0.239000, 5813
0.239000, 5812
0.240000, 5811
0.241000, 5810
0.241000, 5809
0.241000, 5808
0.242000, 5807
0.242000, 5806
0.242000, 5805
0.243000, 5804
0.244000, 5803
0.245000, 5802
0.246000, 5801
0.246000, 5800
0.246000, 5799
0.247000, 5798
0.248000, 5797
0.248000, 5796
0.248000, 5795
0.248000, 5794
0.249000, 5793
0.249000, 5792
0.249000, 5791
0.250000, 5790
0.250000, 5789
0.251000, 5788
0.252000, 5787
0.252000, 5786
0.252000, 5785
0.254000, 5784
0.254000, 5783
0.254000, 5782
0.255000, 5781
0.255000, 5780
0.255000, 5779
0.256000, 5778
0.256000, 5777
0.257000, 5776
0.257000, 5775
0.257000, 5774
0.257000, 5773
0.257000, 5772
0.258000, 5771
0.258000, 5770
0.258000, 5769
0.259000, 5768
0.259000, 5767
0.259000, 5766
0.259000, 5765
0.259000, 5764
0.260000, 5763
0.261000, 5762
0.261000, 5761
0.261000, 5760
0.261000, 5759
0.262000, 5758
0.262000, 5757
0.262000, 5756
0.263000, 5755
0.263000, 5754
0.264000, 5753
0.264000, 5752
0.265000, 5751
0.265000, 5750
0.265000, 5749
0.266000, 5748
0.266000, 5747
0.266000, 5746
0.267000, 5745
0.268000, 5744
0.268000, 5743
0.268000, 5742
0.269000, 5741
0.269000, 5740
0.269000, 5739
0.270000, 5738
0.270000, 5737
0.270000, 5736
0.270000, 5735
0.271000, 5734
0.271000, 5733
0.271000, 5732
0.271000, 5731
0.271000, 5730
0.273000, 5729
0.273000, 5728
0.273000, 5727
0.273000, 5726
0.274000, 5725
0.275000, 5724
0.275000, 5723
0.276000, 5722
0.277000, 5721
0.277000, 5720
0.277000, 5719
0.278000, 5718
0.279000, 5717
0.279000, 5716
0.280000, 5715
0.280000, 5714
0.280000, 5713
0.281000, 5712
0.281000, 5711
0.281000, 5710
0.282000, 5709
0.282000, 5708
0.283000, 5707
0.284000, 5706
0.284000, 5705
0.284000, 5704
0.285000, 5703
0.285000, 5702
0.286000, 5701
0.286000, 5700
0.287000, 5699
0.288000, 5698
0.289000, 5697
0.289000, 5696
0.290000, 5695
0.290000, 5694
0.290000, 5693
0.291000, 5692
0.291000, 5691
0.292000, 5690
0.292000, 5689
0.293000, 5688
0.294000, 5687
0.295000, 5686
0.295000, 5685
0.296000, 5684
0.296000, 5683
0.296000, 5682
0.296000, 5681
0.297000, 5680
0.298000, 5679
0.299000, 5678
0.299000, 5677
0.299000, 5676
0.299000, 5675
0.300000, 5674
0.300000, 5673
0.300000, 5672
0.300000, 5671
0.301000, 5670
0.301000, 5669
0.301000, 5668
0.302000, 5667
0.303000, 5666
0.303000, 5665
0.304000, 5664
0.305000, 5663
0.305000, 5662
0.305000, 5661
0.306000, 5660
0.307000, 5659
0.307000, 5658
0.307000, 5657
0.307000, 5656
0.308000, 5655
0.308000, 5654
0.308000, 5653
0.309000, 5652
0.309000, 5651
0.309000, 5650
0.309000, 5649
0.309000, 5648
0.310000, 5647
0.310000, 5646
0.311000, 5645
0.311000, 5644
0.311000, 5643
0.311000, 5642
0.312000, 5641
0.313000, 5640
0.314000, 5639
0.314000, 5638
0.315000, 5637
0.315000, 5636
0.316000, 5635
0.316000, 5634
0.317000, 5633
0.317000, 5632
0.317000, 5631
0.317000, 5630
0.318000, 5629
0.318000, 5628
0.319000, 5627
0.319000, 5626
0.321000, 5625
0.321000, 5624
0.321000, 5623
0.321000, 5622
0.322000, 5621
0.322000, 5620
0.322000, 5619
0.323000, 5618
0.323000, 5617
0.323000, 5616
0.323000, 5615
0.324000, 5614
0.325000, 5613
0.325000, 5612
0.326000, 5611
0.327000, 5610
0.327000, 5609
0.327000, 5608
0.328000, 5607
0.328000, 5606
0.328000, 5605
0.329000, 5604
0.330000, 5603
0.330000, 5602
0.331000, 5601
0.331000, 5600
0.332000, 5599
0.333000, 5598
0.333000, 5597
0.333000, 5596
0.334000, 5595
0.334000, 5594
0.335000, 5593
0.335000, 5592
0.335000, 5591
0.336000, 5590
0.336000, 5589
0.336000, 5588
0.337000, 5587
0.337000, 5586
0.339000, 5585
0.339000, 5584
0.340000, 5583
0.340000, 5582
0.341000, 5581
0.341000, 5580
0.341000, 5579
0.342000, 5578
0.342000, 5577
0.342000, 5576
0.343000, 5575
0.344000, 5574
0.344000, 5573
0.344000, 5572
0.344000, 5571
0.344000, 5570
0.345000, 5569
0.345000, 5568
0.347000, 5567
0.348000, 5566
0.348000, 5565
0.348000, 5564
0.348000, 5563
0.349000, 5562
0.349000, 5561
0.349000, 5560
0.349000, 5559
0.350000, 5558
0.350000, 5557
0.350000, 5556
0.351000, 5555
0.351000, 5554
0.352000, 5553
0.352000, 5552
0.352000, 5551
0.353000, 5550
0.354000, 5549
0.354000, 5548
0.354000, 5547
0.354000, 5546
0.355000, 5545
0.355000, 5544
0.356000, 5543
0.356000, 5542
0.356000, 5541
0.356000, 5540
0.357000, 5539
0.357000, 5538
0.358000, 5537
0.358000, 5536
0.358000, 5535
0.359000, 5534
0.359000, 5533
0.359000, 5532
0.359000, 5531
0.360000, 5530
0.360000, 5529
0.365000, 5528
0.366000, 5527
0.366000, 5526
0.367000, 5525
0.367000, 5524
0.368000, 5523
0.368000, 5522
0.368000, 5521
0.368000, 5520
0.369000, 5519
0.369000, 5518
0.369000, 5517
0.370000, 5516
0.370000, 5515
0.370000, 5514
0.372000, 5513
0.372000, 5512
0.373000, 5511
0.373000, 5510
0.373000, 5509
0.374000, 5508
0.374000, 5507
0.375000, 5506
0.375000, 5505
0.375000, 5504
0.376000, 5503
0.376000, 5502
0.376000, 5501
0.377000, 5500
0.377000, 5499
0.378000, 5498
0.378000, 5497
0.378000, 5496
0.379000, 5495
0.379000, 5494
0.380000, 5493
0.380000, 5492
0.381000, 5491
0.381000, 5490
0.381000, 5489
0.382000, 5488
0.382000, 5487
0.383000, 5486
0.383000, 5485
0.383000, 5484
0.384000, 5483
0.384000, 5482
0.384000, 5481
0.384000, 5480
0.385000, 5479
0.385000, 5478
0.385000, 5477
0.386000, 5476
0.386000, 5475
0.386000, 5474
0.387000, 5473
0.387000, 5472
0.388000, 5471
0.388000, 5470
0.389000, 5469
0.389000, 5468
0.389000, 5467
0.391000, 5466
0.391000, 5465
0.391000, 5464
0.391000, 5463
0.391000, 5462
0.392000, 5461
0.393000, 5460
0.393000, 5459
0.394000, 5458
0.394000, 5457
0.395000, 5456
0.395000, 5455
0.395000, 5454
0.395000, 5453
0.395000, 5452
0.396000, 5451
0.396000, 5450
0.397000, 5449
0.398000, 5448
0.399000, 5447
0.399000, 5446
0.400000, 5445
0.400000, 5444
0.400000, 5443
0.400000, 5442
0.401000, 5441
0.401000, 5440
0.402000, 5439
0.402000, 5438
0.402000, 5437
0.404000, 5436
0.404000, 5435
0.404000, 5434
0.405000, 5433
0.406000, 5432
0.406000, 5431
0.407000, 5430
0.408000, 5429
0.408000, 5428
0.408000, 5427
0.409000, 5426
0.409000, 5425
0.409000, 5424
0.410000, 5423
0.410000, 5422
0.410000, 5421
0.411000, 5420
0.411000, 5419
0.412000, 5418
0.412000, 5417
0.412000, 5416
0.413000, 5415
0.414000, 5414
0.415000, 5413
0.415000, 5412
0.415000, 5411
0.416000, 5410
0.417000, 5409
0.417000, 5408
0.417000, 5407
0.418000, 5406
0.418000, 5405
0.419000, 5404
0.420000, 5403
0.420000, 5402
0.420000, 5401
0.421000, 5400
0.421000, 5399
0.422000, 5398
0.422000, 5397
0.422000, 5396
0.423000, 5395
0.425000, 5394
0.426000, 5393
0.427000, 5392
0.427000, 5391
0.427000, 5390
0.428000, 5389
0.428000, 5388
0.428000, 5387
0.429000, 5386
0.429000, 5385
0.429000, 5384
0.429000, 5383
0.430000, 5382
0.430000, 5381
0.431000, 5380
0.431000, 5379
0.431000, 5378
0.431000, 5377
0.432000, 5376
0.432000, 5375
0.433000, 5374
0.433000, 5373
0.433000, 5372
0.434000, 5371
0.434000, 5370
0.435000, 5369
0.435000, 5368
0.435000, 5367
0.435000, 5366
0.436000, 5365
0.436000, 5364
0.436000, 5363
0.436000, 5362
0.437000, 5361
0.438000, 5360
0.438000, 5359
0.439000, 5358
0.439000, 5357
0.440000, 5356
0.440000, 5355
0.440000, 5354
0.440000, 5353
0.441000, 5352
0.441000, 5351
0.442000, 5350
0.442000, 5349
0.443000, 5348
0.443000, 5347
0.443000, 5346
0.443000, 5345
0.443000, 5344
0.445000, 5343
0.445000, 5342
0.446000, 5341
0.446000, 5340
0.446000, 5339
0.447000, 5338
0.447000, 5337
0.447000, 5336
0.447000, 5335
0.448000, 5334
0.448000, 5333
0.448000, 5332
0.448000, 5331
0.450000, 5330
0.450000, 5329
0.450000, 5328
0.451000, 5327
0.451000, 5326
0.452000, 5325
0.452000, 5324
0.453000, 5323
0.453000, 5322
0.453000, 5321
0.453000, 5320
0.453000, 5319
0.454000, 5318
0.454000, 5317
0.454000, 5316
0.455000, 5315
0.455000, 5314
0.455000, 5313
0.456000, 5312
0.456000, 5311
0.456000, 5310
0.457000, 5309
0.457000, 5308
0.458000, 5307
0.458000, 5306
0.458000, 5305
0.458000, 5304
0.459000, 5303
0.460000, 5302
0.460000, 5301
0.460000, 5300
0.460000, 5299
0.461000, 5298
0.462000, 5297
0.462000, 5296
0.462000, 5295
0.462000, 5294
0.463000, 5293
0.463000, 5292
0.464000, 5291
0.464000, 5290
0.464000, 5289
0.465000, 5288
0.465000, 5287
0.465000, 5286
0.465000, 5285
0.466000, 5284
0.466000, 5283
0.466000, 5282
0.466000, 5281
0.466000, 5280
0.467000, 5279
0.467000, 5278
0.468000, 5277
0.468000, 5276
0.469000, 5275
0.470000, 5274
0.470000, 5273
0.470000, 5272
0.470000, 5271
0.471000, 5270
0.471000, 5269
0.471000, 5268
0.471000, 5267
0.472000, 5266
0.472000, 5265
0.472000, 5264
0.473000, 5263
0.473000, 5262
0.474000, 5261
0.474000, 5260
0.474000, 5259
0.475000, 5258
0.475000, 5257
0.476000, 5256
0.477000, 5255
0.477000, 5254
0.478000, 5253
0.478000, 5252
0.478000, 5251
0.479000, 5250
0.479000, 5249
0.479000, 5248
0.480000, 5247
0.480000, 5246
0.481000, 5245
0.481000, 5244
0.482000, 5243
0.482000, 5242
0.483000, 5241
0.483000, 5240
0.483000, 5239
0.484000, 5238
0.484000, 5237
0.485000, 5236
0.485000, 5235
0.485000, 5234
0.486000, 5233
0.487000, 5232
0.487000, 5231
0.487000, 5230
0.487000, 5229
0.487000, 5228
0.488000, 5227
0.488000, 5226
0.488000, 5225
0.489000, 5224
0.490000, 5223
0.490000, 5222
0.490000, 5221
0.490000, 5220
0.491000, 5219
0.491000, 5218
0.492000, 5217
0.492000, 5216
0.492000, 5215
0.492000, 5214
0.493000, 5213
0.493000, 5212
0.494000, 5211
0.495000, 5210
0.495000, 5209
0.496000, 5208
0.497000, 5207
0.498000, 5206
0.498000, 5205
0.498000, 5204
0.499000, 5203
0.499000, 5202
0.500000, 5201
0.500000, 5200
0.500000, 5199
0.501000, 5198
0.501000, 5197
0.501000, 5196
0.502000, 5195
0.502000, 5194
0.503000, 5193
0.503000, 5192
0.504000, 5191
0.504000, 5190
0.505000, 5189
0.505000, 5188
0.505000, 5187
0.506000, 5186
0.507000, 5185
0.508000, 5184
0.508000, 5183
0.508000, 5182
0.509000, 5181
0.509000, 5180
0.509000, 5179
0.510000, 5178
0.510000, 5177
0.511000, 5176
0.511000, 5175
0.512000, 5174
0.512000, 5173
0.512000, 5172
0.513000, 5171
0.513000, 5170
0.514000, 5169
0.514000, 5168
0.515000, 5167
0.515000, 5166
0.515000, 5165
0.515000, 5164
0.516000, 5163
0.516000, 5162
0.516000, 5161
0.517000, 5160
0.517000, 5159
0.517000, 5158
0.517000, 5157
0.518000, 5156
0.519000, 5155
0.519000, 5154
0.519000, 5153
0.519000, 5152
0.519000, 5151
0.520000, 5150
0.526000, 5149
0.527000, 5148
0.527000, 5147
0.527000, 5146
0.527000, 5145
0.528000, 5144
0.529000, 5143
0.529000, 5142
0.530000, 5141
0.530000, 5140
0.530000, 5139
0.531000, 5138
0.532000, 5137
0.532000, 5136
0.533000, 5135
0.533000, 5134
0.533000, 5133
0.533000, 5132
0.534000, 5131
0.534000, 5130
0.534000, 5129
0.535000, 5128
0.535000, 5127
0.535000, 5126
0.535000, 5125
0.536000, 5124
0.536000, 5123
0.537000, 5122
0.537000, 5121
0.538000, 5120
0.538000, 5119
0.538000, 5118
0.539000, 5117
0.540000, 5116
0.541000, 5115
0.541000, 5114
0.543000, 5113
0.543000, 5112
0.544000, 5111
0.544000, 5110
0.545000, 5109
0.545000, 5108
0.545000, 5107
0.546000, 5106
0.546000, 5105
0.547000, 5104
0.547000, 5103
0.548000, 5102
0.548000, 5101
0.549000, 5100
0.549000, 5099
0.550000, 5098
0.550000, 5097
0.551000, 5096
0.551000, 5095
0.551000, 5094
0.552000, 5093
0.552000, 5092
0.552000, 5091
0.552000, 5090
0.552000, 5089
0.553000, 5088
0.553000, 5087
0.553000, 5086
0.554000, 5085
0.554000, 5084
0.555000, 5083
0.555000, 5082
0.556000, 5081
0.557000, 5080
0.558000, 5079
0.559000, 5078
0.559000, 5077
0.560000, 5076
0.560000, 5075
0.561000, 5074
0.561000, 5073
0.561000, 5072
0.561000, 5071
0.562000, 5070
0.562000, 5069
0.562000, 5068
0.563000, 5067
0.564000, 5066
0.565000, 5065
0.565000, 5064
0.565000, 5063
0.565000, 5062
0.565000, 5061
0.566000, 5060
0.566000, 5059
0.566000, 5058
0.567000, 5057
0.567000, 5056
0.567000, 5055
0.568000, 5054
0.568000, 5053
0.568000, 5052
0.568000, 5051
0.568000, 5050
0.569000, 5049
0.569000, 5048
0.569000, 5047
0.570000, 5046
0.571000, 5045
0.572000, 5044
0.572000, 5043
0.572000, 5042
0.573000, 5041
0.574000, 5040
0.574000, 5039
0.574000, 5038
0.575000, 5037
0.576000, 5036
0.576000, 5035
0.577000, 5034
0.577000, 5033
0.578000, 5032
0.578000, 5031
0.579000, 5030
0.579000, 5029
0.580000, 5028
0.580000, 5027
0.580000, 5026
0.581000, 5025
0.582000, 5024
0.582000, 5023
0.583000, 5022
0.583000, 5021
0.583000, 5020
0.583000, 5019
0.584000, 5018
0.585000, 5017
0.585000, 5016
0.586000, 5015
0.587000, 5014
0.588000, 5013
0.588000, 5012
0.589000, 5011
0.589000, 5010
0.590000, 5009
0.590000, 5008
0.591000, 5007
0.592000, 5006
0.592000, 5005
0.593000, 5004
0.594000, 5003
0.595000, 5002
0.595000, 5001
0.596000, 5000
0.598000, 4999
0.598000, 4998
0.599000, 4997
0.600000, 4996
0.600000, 4995
0.600000, 4994
0.601000, 4993
0.601000, 4992
0.602000, 4991
0.602000, 4990
0.602000, 4989
0.603000, 4988
0.603000, 4987
0.604000, 4986
0.604000, 4985
0.604000, 4984
0.604000, 4983
0.605000, 4982
0.605000, 4981
0.605000, 4980
0.606000, 4979
0.606000, 4978
0.606000, 4977
0.606000, 4976
0.606000, 4975
0.607000, 4974
0.608000, 4973
0.608000, 4972
0.609000, 4971
0.609000, 4970
0.609000, 4969
0.610000, 4968
0.611000, 4967
0.611000, 4966
0.611000, 4965
0.611000, 4964
0.611000, 4963
0.612000, 4962
0.612000, 4961
0.612000, 4960
0.612000, 4959
0.613000, 4958
0.613000, 4957
0.613000, 4956
0.614000, 4955
0.614000, 4954
0.614000, 4953
0.616000, 4952
0.616000, 4951
0.617000, 4950
0.618000, 4949
0.618000, 4948
0.618000, 4947
0.618000, 4946
0.618000, 4945
0.619000, 4944
0.619000, 4943
0.619000, 4942
0.621000, 4941
0.621000, 4940
0.622000, 4939
0.622000, 4938
0.623000, 4937
0.623000, 4936
0.624000, 4935
0.624000, 4934
0.625000, 4933
0.625000, 4932
0.625000, 4931
0.625000, 4930
0.626000, 4929
0.626000, 4928
0.626000, 4927
0.627000, 4926
0.628000, 4925
0.628000, 4924
0.629000, 4923
0.629000, 4922
0.630000, 4921
0.630000, 4920
0.631000, 4919
0.632000, 4918
0.632000, 4917
0.632000, 4916
0.633000, 4915
0.633000, 4914
0.634000, 4913
0.634000, 4912
0.634000, 4911
0.635000, 4910
0.635000, 4909
0.636000, 4908
0.636000, 4907
0.637000, 4906
0.638000, 4905
0.638000, 4904
0.638000, 4903
0.638000, 4902
0.639000, 4901
0.639000, 4900
0.640000, 4899
0.641000, 4898
0.641000, 4897
0.642000, 4896
0.642000, 4895
0.643000, 4894
0.643000, 4893
0.643000, 4892
0.644000, 4891
0.644000, 4890
0.644000, 4889
0.644000, 4888
0.645000, 4887
0.645000, 4886
0.645000, 4885
0.646000, 4884
0.646000, 4883
0.646000, 4882
0.648000, 4881
0.648000, 4880
0.649000, 4879
0.649000, 4878
0.649000, 4877
0.650000, 4876
0.650000, 4875
0.651000, 4874
0.651000, 4873
0.652000, 4872
0.653000, 4871
0.654000, 4870
0.654000, 4869
0.654000, 4868
0.654000, 4867
0.655000, 4866
0.655000, 4865
0.655000, 4864
0.656000, 4863
0.656000, 4862
0.657000, 4861
0.657000, 4860
0.658000, 4859
0.659000, 4858
0.659000, 4857
0.660000, 4856
0.661000, 4855
0.661000, 4854
0.661000, 4853
0.662000, 4852
0.662000, 4851
0.662000, 4850
0.663000, 4849
0.663000, 4848
0.663000, 4847
0.664000, 4846
0.664000, 4845
0.665000, 4844
0.666000, 4843
0.666000, 4842
0.667000, 4841
0.673000, 4840
0.673000, 4839
0.674000, 4838
0.675000, 4837
0.675000, 4836
0.676000, 4835
0.677000, 4834
0.677000, 4833
0.678000, 4832
0.678000, 4831
0.679000, 4830
0.679000, 4829
0.679000, 4828
0.679000, 4827
0.681000, 4826
0.681000, 4825
0.681000, 4824
0.682000, 4823
0.682000, 4822
0.683000, 4821
0.683000, 4820
0.683000, 4819
0.684000, 4818
0.684000, 4817
0.685000, 4816
0.686000, 4815
0.687000, 4814
0.688000, 4813
0.688000, 4812
0.688000, 4811
0.689000, 4810
0.689000, 4809
0.689000, 4808
0.689000, 4807
0.690000, 4806
0.691000, 4805
0.691000, 4804
0.692000, 4803
0.692000, 4802
0.693000, 4801
0.693000, 4800
0.694000, 4799
0.695000, 4798
0.695000, 4797
0.695000, 4796
0.695000, 4795
0.696000, 4794
0.696000, 4793
0.696000, 4792
0.696000, 4791
0.697000, 4790
0.697000, 4789
0.698000, 4788
0.698000, 4787
0.699000, 4786
0.700000, 4785
0.700000, 4784
0.701000, 4783
0.701000, 4782
0.702000, 4781
0.702000, 4780
0.703000, 4779
0.703000, 4778
0.703000, 4777
0.704000, 4776
0.704000, 4775
0.704000, 4774
0.705000, 4773
0.706000, 4772
0.706000, 4771
0.706000, 4770
0.706000, 4769
0.707000, 4768
0.707000, 4767
0.707000, 4766
0.707000, 4765
0.708000, 4764
0.709000, 4763
0.710000, 4762
0.710000, 4761
0.710000, 4760
0.711000, 4759
0.711000, 4758
0.712000, 4757
0.712000, 4756
0.712000, 4755
0.713000, 4754
0.715000, 4753
0.715000, 4752
0.716000, 4751
0.716000, 4750
0.716000, 4749
0.717000, 4748
0.717000, 4747
0.718000, 4746
0.719000, 4745
0.720000, 4744
0.720000, 4743
0.721000, 4742
0.721000, 4741
0.722000, 4740
0.722000, 4739
0.723000, 4738
0.723000, 4737
0.724000, 4736
0.724000, 4735
0.725000, 4734
0.726000, 4733
0.727000, 4732
0.727000, 4731
0.728000, 4730
0.729000, 4729
0.730000, 4728
0.731000, 4727
0.731000, 4726
0.732000, 4725
0.732000, 4724
0.733000, 4723
0.733000, 4722
0.734000, 4721
0.734000, 4720
0.736000, 4719
0.736000, 4718
0.736000, 4717
0.736000, 4716
0.737000, 4715
0.737000, 4714
0.738000, 4713
0.738000, 4712
0.738000, 4711
0.739000, 4710
0.740000, 4709
0.741000, 4708
0.742000, 4707
0.742000, 4706
0.742000, 4705
0.743000, 4704
0.743000, 4703
0.743000, 4702
0.744000, 4701
0.745000, 4700
0.745000, 4699
0.747000, 4698
0.747000, 4697
0.747000, 4696
0.747000, 4695
0.748000, 4694
0.750000, 4693
0.750000, 4692
0.751000, 4691
0.751000, 4690
0.751000, 4689
0.753000, 4688
0.753000, 4687
0.753000, 4686
0.754000, 4685
0.754000, 4684
0.755000, 4683
0.756000, 4682
0.756000, 4681
0.756000, 4680
0.756000, 4679
0.756000, 4678
0.757000, 4677
0.758000, 4676
0.759000, 4675
0.760000, 4674
0.760000, 4673
0.761000, 4672
0.763000, 4671
0.763000, 4670
0.763000, 4669
0.764000, 4668
0.764000, 4667
0.765000, 4666
0.766000, 4665
0.767000, 4664
0.767000, 4663
0.768000, 4662
0.769000, 4661
0.770000, 4660
0.771000, 4659
0.772000, 4658
0.773000, 4657
0.774000, 4656
0.774000, 4655
0.774000, 4654
0.775000, 4653
0.776000, 4652
0.776000, 4651
0.776000, 4650
0.776000, 4649
0.779000, 4648
0.780000, 4647
0.780000, 4646
0.781000, 4645
0.781000, 4644
0.783000, 4643
0.784000, 4642
0.784000, 4641
0.784000, 4640
0.784000, 4639
0.785000, 4638
0.785000, 4637
0.786000, 4636
0.787000, 4635
0.788000, 4634
0.788000, 4633
0.789000, 4632
0.790000, 4631
0.791000, 4630
0.791000, 4629
0.791000, 4628
0.791000, 4627
0.792000, 4626
0.792000, 4625
0.794000, 4624
0.794000, 4623
0.794000, 4622
0.794000, 4621
0.796000, 4620
0.798000, 4619
0.798000, 4618
0.798000, 4617
0.799000, 4616
0.799000, 4615
0.799000, 4614
0.801000, 4613
0.801000, 4612
0.802000, 4611
0.802000, 4610
0.802000, 4609
0.803000, 4608
0.804000, 4607
0.804000, 4606
0.804000, 4605
0.804000, 4604
0.806000, 4603
0.806000, 4602
0.808000, 4601
0.808000, 4600
0.809000, 4599
0.809000, 4598
0.809000, 4597
0.810000, 4596
0.810000, 4595
0.811000, 4594
0.811000, 4593
0.812000, 4592
0.813000, 4591
0.813000, 4590
0.814000, 4589
0.814000, 4588
0.814000, 4587
0.814000, 4586
0.815000, 4585
0.815000, 4584
0.817000, 4583
0.817000, 4582
0.818000, 4581
0.818000, 4580
0.819000, 4579
0.820000, 4578
0.820000, 4577
0.821000, 4576
0.821000, 4575
0.821000, 4574
0.821000, 4573
0.822000, 4572
0.823000, 4571
0.824000, 4570
0.825000, 4569
0.825000, 4568
0.826000, 4567
0.826000, 4566
0.828000, 4565
0.830000, 4564
0.833000, 4563
0.834000, 4562
0.835000, 4561
0.836000, 4560
0.836000, 4559
0.836000, 4558
0.836000, 4557
0.837000, 4556
0.838000, 4555
0.838000, 4554
0.838000, 4553
0.839000, 4552
0.841000, 4551
0.841000, 4550
0.841000, 4549
0.842000, 4548
0.843000, 4547
0.843000, 4546
0.843000, 4545
0.845000, 4544
0.846000, 4543
0.847000, 4542
0.849000, 4541
0.849000, 4540
0.851000, 4539
0.851000, 4538
0.852000, 4537
0.853000, 4536
0.853000, 4535
0.856000, 4534
0.857000, 4533
0.857000, 4532
0.858000, 4531
0.858000, 4530
0.859000, 4529
0.859000, 4528
0.860000, 4527
0.861000, 4526
0.867000, 4525
0.868000, 4524
0.868000, 4523
0.868000, 4522
0.869000, 4521
0.869000, 4520
0.870000, 4519
0.870000, 4518
0.870000, 4517
0.870000, 4516
0.871000, 4515
0.871000, 4514
0.872000, 4513
0.874000, 4512
0.874000, 4511
0.874000, 4510
0.875000, 4509
0.876000, 4508
0.876000, 4507
0.876000, 4506
0.877000, 4505
0.878000, 4504
0.878000, 4503
0.878000, 4502
0.880000, 4501
0.882000, 4500
0.883000, 4499
0.884000, 4498
0.884000, 4497
0.885000, 4496
0.886000, 4495
0.886000, 4494
0.887000, 4493
0.887000, 4492
0.888000, 4491
0.888000, 4490
0.889000, 4489
0.889000, 4488
0.889000, 4487
0.890000, 4486
0.891000, 4485
0.892000, 4484
0.893000, 4483
0.894000, 4482
0.895000, 4481
0.896000, 4480
0.897000, 4479
0.897000, 4478
0.897000, 4477
0.898000, 4476
0.899000, 4475
0.900000, 4474
0.901000, 4473
0.901000, 4472
0.901000, 4471
0.902000, 4470
0.902000, 4469
0.905000, 4468
0.907000, 4467
0.907000, 4466
0.908000, 4465
0.910000, 4464
0.910000, 4463
0.910000, 4462
0.911000, 4461
0.912000, 4460
0.913000, 4459
0.913000, 4458
0.913000, 4457
0.913000, 4456
0.914000, 4455
0.914000, 4454
0.915000, 4453
0.918000, 4452
0.919000, 4451
0.920000, 4450
0.922000, 4449
0.922000, 4448
0.923000, 4447
0.923000, 4446
0.924000, 4445
0.924000, 4444
0.925000, 4443
0.926000, 4442
0.928000, 4441
0.930000, 4440
0.930000, 4439
0.930000, 4438
0.931000, 4437
0.931000, 4436
0.931000, 4435
0.933000, 4434
0.934000, 4433
0.934000, 4432
0.935000, 4431
0.935000, 4430
0.937000, 4429
0.938000, 4428
0.939000, 4427
0.939000, 4426
0.939000, 4425
0.941000, 4424
0.942000, 4423
0.942000, 4422
0.943000, 4421
0.944000, 4420
0.945000, 4419
0.945000, 4418
0.945000, 4417
0.946000, 4416
0.947000, 4415
0.947000, 4414
0.948000, 4413
0.948000, 4412
0.949000, 4411
0.949000, 4410
0.952000, 4409
0.952000, 4408
0.953000, 4407
0.953000, 4406
0.954000, 4405
0.954000, 4404
0.955000, 4403
0.956000, 4402
0.957000, 4401
0.957000, 4400
0.958000, 4399
0.959000, 4398
0.960000, 4397
0.961000, 4396
0.961000, 4395
0.962000, 4394
0.962000, 4393
0.963000, 4392
0.964000, 4391
0.970000, 4390
0.970000, 4389
0.971000, 4388
0.971000, 4387
0.972000, 4386
0.972000, 4385
0.973000, 4384
0.974000, 4383
0.975000, 4382
0.975000, 4381
0.976000, 4380
0.978000, 4379
0.978000, 4378
0.978000, 4377
0.979000, 4376
0.979000, 4375
0.980000, 4374
0.980000, 4373
0.981000, 4372
0.982000, 4371
0.984000, 4370
0.984000, 4369
0.985000, 4368
0.986000, 4367
0.988000, 4366
0.990000, 4365
0.990000, 4364
0.991000, 4363
0.991000, 4362
0.992000, 4361
0.992000, 4360
0.993000, 4359
0.994000, 4358
0.995000, 4357
0.998000, 4356
0.999000, 4355
0.999000, 4354
0.999000, 4353
0.999000, 4352
1.000000, 4351
1.001000, 4350
1.001000, 4349
1.001000, 4348
1.001000, 4347
1.002000, 4346
1.002000, 4345
1.002000, 4344
1.003000, 4343
1.004000, 4342
1.004000, 4341
1.004000, 4340
1.006000, 4339
1.006000, 4338
1.007000, 4337
1.008000, 4336
1.009000, 4335
1.009000, 4334
1.010000, 4333
1.010000, 4332
1.012000, 4331
1.014000, 4330
1.014000, 4329
1.014000, 4328
1.014000, 4327
1.014000, 4326
1.015000, 4325
1.018000, 4324
1.018000, 4323
1.018000, 4322
1.019000, 4321
1.019000, 4320
1.020000, 4319
1.021000, 4318
1.021000, 4317
1.022000, 4316
1.022000, 4315
1.023000, 4314
1.026000, 4313
1.027000, 4312
1.027000, 4311
1.029000, 4310
1.029000, 4309
1.029000, 4308
1.030000, 4307
1.030000, 4306
1.031000, 4305
1.032000, 4304
1.033000, 4303
1.034000, 4302
1.035000, 4301
1.036000, 4300
1.036000, 4299
1.036000, 4298
1.037000, 4297
1.038000, 4296
1.039000, 4295
1.039000, 4294
1.040000, 4293
1.040000, 4292
1.041000, 4291
1.042000, 4290
1.044000, 4289
1.045000, 4288
1.045000, 4287
1.045000, 4286
1.046000, 4285
1.047000, 4284
1.047000, 4283
1.047000, 4282
1.048000, 4281
1.048000, 4280
1.050000, 4279
1.051000, 4278
1.051000, 4277
1.052000, 4276
1.052000, 4275
1.053000, 4274
1.054000, 4273
1.054000, 4272
1.055000, 4271
1.055000, 4270
1.057000, 4269
1.057000, 4268
1.058000, 4267
1.060000, 4266
1.060000, 4265
1.062000, 4264
1.063000, 4263
1.064000, 4262
1.065000, 4261
1.066000, 4260
1.067000, 4259
1.067000, 4258
1.067000, 4257
1.068000, 4256
1.068000, 4255
1.068000, 4254
1.069000, 4253
1.070000, 4252
1.071000, 4251
1.072000, 4250
1.074000, 4249
1.074000, 4248
1.075000, 4247
1.076000, 4246
1.076000, 4245
1.077000, 4244
1.078000, 4243
1.078000, 4242
1.079000, 4241
1.080000, 4240
1.081000, 4239
1.082000, 4238
1.082000, 4237
1.083000, 4236
1.083000, 4235
1.084000, 4234
1.084000, 4233
1.084000, 4232
1.085000, 4231
1.086000, 4230
1.087000, 4229
1.090000, 4228
1.091000, 4227
1.092000, 4226
1.092000, 4225
1.093000, 4224
1.093000, 4223
1.095000, 4222
1.095000, 4221
1.096000, 4220
1.097000, 4219
1.100000, 4218
1.101000, 4217
1.102000, 4216
1.103000, 4215
1.103000, 4214
1.103000, 4213
1.103000, 4212
1.104000, 4211
1.104000, 4210
1.105000, 4209
1.106000, 4208
1.108000, 4207
1.108000, 4206
1.109000, 4205
1.109000, 4204
1.110000, 4203
1.110000, 4202
1.111000, 4201
1.111000, 4200
1.111000, 4199
1.112000, 4198
1.112000, 4197
1.114000, 4196
1.114000, 4195
1.115000, 4194
1.116000, 4193
1.117000, 4192
1.118000, 4191
1.118000, 4190
1.119000, 4189
1.119000, 4188
1.120000, 4187
1.121000, 4186
1.122000, 4185
1.123000, 4184
1.124000, 4183
1.125000, 4182
1.125000, 4181
1.126000, 4180
1.126000, 4179
1.127000, 4178
1.128000, 4177
1.128000, 4176
1.128000, 4175
1.129000, 4174
1.129000, 4173
1.129000, 4172
1.130000, 4171
1.131000, 4170
1.131000, 4169
1.131000, 4168
1.132000, 4167
1.134000, 4166
1.134000, 4165
1.134000, 4164
1.135000, 4163
1.136000, 4162
1.136000, 4161
1.139000, 4160
1.141000, 4159
1.142000, 4158
1.143000, 4157
1.143000, 4156
1.144000, 4155
1.144000, 4154
1.145000, 4153
1.145000, 4152
1.145000, 4151
1.145000, 4150
1.146000, 4149
1.147000, 4148
1.148000, 4147
1.148000, 4146
1.148000, 4145
1.148000, 4144
1.149000, 4143
1.149000, 4142
1.150000, 4141
1.152000, 4140
1.152000, 4139
1.153000, 4138
1.153000, 4137
1.154000, 4136
1.154000, 4135
1.155000, 4134
1.155000, 4133
1.155000, 4132
1.156000, 4131
1.156000, 4130
1.156000, 4129
1.157000, 4128
1.158000, 4127
1.158000, 4126
1.158000, 4125
1.160000, 4124
1.160000, 4123
1.160000, 4122
1.160000, 4121
1.161000, 4120
1.161000, 4119
1.161000, 4118
1.162000, 4117
1.164000, 4116
1.164000, 4115
1.164000, 4114
1.166000, 4113
1.167000, 4112
1.169000, 4111
1.169000, 4110
1.170000, 4109
1.171000, 4108
1.171000, 4107
1.171000, 4106
1.172000, 4105
1.173000, 4104
1.174000, 4103
1.174000, 4102
1.175000, 4101
1.175000, 4100
1.176000, 4099
1.177000, 4098
1.178000, 4097
1.178000, 4096
1.178000, 4095
1.178000, 4094
1.179000, 4093
1.179000, 4092
1.180000, 4091
1.183000, 4090
1.185000, 4089
1.185000, 4088
1.187000, 4087
1.188000, 4086
1.191000, 4085
1.192000, 4084
1.192000, 4083
1.194000, 4082
1.195000, 4081
1.195000, 4080
1.196000, 4079
1.196000, 4078
1.196000, 4077
1.196000, 4076
1.197000, 4075
1.201000, 4074
1.201000, 4073
1.203000, 4072
1.203000, 4071
1.203000, 4070
1.205000, 4069
1.207000, 4068
1.214000, 4067
1.215000, 4066
1.216000, 4065
1.217000, 4064
1.218000, 4063
1.218000, 4062
1.219000, 4061
1.220000, 4060
1.221000, 4059
1.222000, 4058
1.222000, 4057
1.223000, 4056
1.223000, 4055
1.223000, 4054
1.224000, 4053
1.225000, 4052
1.226000, 4051
1.227000, 4050
1.227000, 4049
1.228000, 4048
1.229000, 4047
1.231000, 4046
1.232000, 4045
1.233000, 4044
1.234000, 4043
1.234000, 4042
1.235000, 4041
1.235000, 4040
1.235000, 4039
1.236000, 4038
1.236000, 4037
1.236000, 4036
1.237000, 4035
1.238000, 4034
1.238000, 4033
1.238000, 4032
1.239000, 4031
1.240000, 4030
1.241000, 4029
1.242000, 4028
1.242000, 4027
1.243000, 4026
1.245000, 4025
1.247000, 4024
1.247000, 4023
1.247000, 4022
1.249000, 4021
1.251000, 4020
1.253000, 4019
1.253000, 4018
1.253000, 4017
1.253000, 4016
1.253000, 4015
1.254000, 4014
1.255000, 4013
1.256000, 4012
1.257000, 4011
1.258000, 4010
1.258000, 4009
1.258000, 4008
1.259000, 4007
1.261000, 4006
1.261000, 4005
1.264000, 4004
1.264000, 4003
1.266000, 4002
1.266000, 4001
1.267000, 4000
1.268000, 3999
1.272000, 3998
1.273000, 3997
1.273000, 3996
1.274000, 3995
1.274000, 3994
1.275000, 3993
1.279000, 3992
1.280000, 3991
1.280000, 3990
1.281000, 3989
1.282000, 3988
1.283000, 3987
1.284000, 3986
1.286000, 3985
1.286000, 3984
1.287000, 3983
1.287000, 3982
1.288000, 3981
1.289000, 3980
1.290000, 3979
1.292000, 3978
1.293000, 3977
1.294000, 3976
1.295000, 3975
1.295000, 3974
1.296000, 3973
1.297000, 3972
1.297000, 3971
1.297000, 3970
1.298000, 3969
1.299000, 3968
1.300000, 3967
1.301000, 3966
1.303000, 3965
1.303000, 3964
1.304000, 3963
1.305000, 3962
1.305000, 3961
1.306000, 3960
1.306000, 3959
1.307000, 3958
1.308000, 3957
1.309000, 3956
1.309000, 3955
1.309000, 3954
1.310000, 3953
1.310000, 3952
1.311000, 3951
1.312000, 3950
1.312000, 3949
1.312000, 3948
1.313000, 3947
1.314000, 3946
1.315000, 3945
1.319000, 3944
1.321000, 3943
1.323000, 3942
1.323000, 3941
1.324000, 3940
1.324000, 3939
1.325000, 3938
1.325000, 3937
1.329000, 3936
1.332000, 3935
1.332000, 3934
1.332000, 3933
1.333000, 3932
1.334000, 3931
1.334000, 3930
1.337000, 3929
1.340000, 3928
1.342000, 3927
1.343000, 3926
1.345000, 3925
1.345000, 3924
1.346000, 3923
1.348000, 3922
1.350000, 3921
1.350000, 3920
1.351000, 3919
1.351000, 3918
1.351000, 3917
1.353000, 3916
1.354000, 3915
1.355000, 3914
1.355000, 3913
1.356000, 3912
1.356000, 3911
1.357000, 3910
1.357000, 3909
1.359000, 3908
1.359000, 3907
1.359000, 3906
1.360000, 3905
1.360000, 3904
1.362000, 3903
1.364000, 3902
1.365000, 3901
1.366000, 3900
1.369000, 3899
1.369000, 3898
1.370000, 3897
1.371000, 3896
1.373000, 3895
1.374000, 3894
1.374000, 3893
1.374000, 3892
1.375000, 3891
1.375000, 3890
1.376000, 3889
1.378000, 3888
1.379000, 3887
1.380000, 3886
1.381000, 3885
1.383000, 3884
1.386000, 3883
1.386000, 3882
1.388000, 3881
1.390000, 3880
1.390000, 3879
1.390000, 3878
1.392000, 3877
1.393000, 3876
1.394000, 3875
1.395000, 3874
1.397000, 3873
1.399000, 3872
1.399000, 3871
1.400000, 3870
1.403000, 3869
1.403000, 3868
1.404000, 3867
1.405000, 3866
1.406000, 3865
1.406000, 3864
1.407000, 3863
1.408000, 3862
1.410000, 3861
1.412000, 3860
1.412000, 3859
1.412000, 3858
1.413000, 3857
1.416000, 3856
1.417000, 3855
1.418000, 3854
1.420000, 3853
1.421000, 3852
1.421000, 3851
1.423000, 3850
1.423000, 3849
1.424000, 3848
1.424000, 3847
1.425000, 3846
1.426000, 3845
1.427000, 3844
1.431000, 3843
1.432000, 3842
1.433000, 3841
1.434000, 3840
1.435000, 3839
1.435000, 3838
1.435000, 3837
1.435000, 3836
1.438000, 3835
1.439000, 3834
1.440000, 3833
1.440000, 3832
1.440000, 3831
1.443000, 3830
1.443000, 3829
1.445000, 3828
1.446000, 3827
1.446000, 3826
1.446000, 3825
1.446000, 3824
1.446000, 3823
1.446000, 3822
1.447000, 3821
1.447000, 3820
1.449000, 3819
1.450000, 3818
1.452000, 3817
1.452000, 3816
1.455000, 3815
1.456000, 3814
1.456000, 3813
1.458000, 3812
1.464000, 3811
1.467000, 3810
1.470000, 3809
1.471000, 3808
1.472000, 3807
1.472000, 3806
1.473000, 3805
1.473000, 3804
1.475000, 3803
1.476000, 3802
1.476000, 3801
1.478000, 3800
1.478000, 3799
1.479000, 3798
1.479000, 3797
1.485000, 3796
1.489000, 3795
1.490000, 3794
1.491000, 3793
1.492000, 3792
1.493000, 3791
1.493000, 3790
1.493000, 3789
1.494000, 3788
1.496000, 3787
1.498000, 3786
1.500000, 3785
1.502000, 3784
1.504000, 3783
1.509000, 3782
1.513000, 3781
1.513000, 3780
1.514000, 3779
1.515000, 3778
1.516000, 3777
1.516000, 3776
1.517000, 3775
1.519000, 3774
1.520000, 3773
1.521000, 3772
1.522000, 3771
1.522000, 3770
1.523000, 3769
1.527000, 3768
1.528000, 3767
1.529000, 3766
1.530000, 3765
1.532000, 3764
1.532000, 3763
1.533000, 3762
1.534000, 3761
1.535000, 3760
1.536000, 3759
1.536000, 3758
1.537000, 3757
1.538000, 3756
1.538000, 3755
1.538000, 3754
1.539000, 3753
1.539000, 3752
1.540000, 3751
1.540000, 3750
1.540000, 3749
1.541000, 3748
1.543000, 3747
1.543000, 3746
1.545000, 3745
1.545000, 3744
1.546000, 3743
1.547000, 3742
1.549000, 3741
1.550000, 3740
1.552000, 3739
1.553000, 3738
1.554000, 3737
1.557000, 3736
1.557000, 3735
1.559000, 3734
1.559000, 3733
1.560000, 3732
1.560000, 3731
1.562000, 3730
1.570000, 3729
1.570000, 3728
1.572000, 3727
1.575000, 3726
1.575000, 3725
1.580000, 3724
1.584000, 3723
1.586000, 3722
1.587000, 3721
1.588000, 3720
1.588000, 3719
1.590000, 3718
1.591000, 3717
1.592000, 3716
1.596000, 3715
1.597000, 3714
1.597000, 3713
1.597000, 3712
1.598000, 3711
1.598000, 3710
1.599000, 3709
1.599000, 3708
1.600000, 3707
1.603000, 3706
1.604000, 3705
1.606000, 3704
1.607000, 3703
1.610000, 3702
1.611000, 3701
1.613000, 3700
1.616000, 3699
1.618000, 3698
1.622000, 3697
1.623000, 3696
1.625000, 3695
1.625000, 3694
1.626000, 3693
1.627000, 3692
1.629000, 3691
1.629000, 3690
1.635000, 3689
1.638000, 3688
1.638000, 3687
1.638000, 3686
1.640000, 3685
1.640000, 3684
1.641000, 3683
1.643000, 3682
1.644000, 3681
1.651000, 3680
1.652000, 3679
1.652000, 3678
1.653000, 3677
1.655000, 3676
1.659000, 3675
1.659000, 3674
1.664000, 3673
1.665000, 3672
1.667000, 3671
1.667000, 3670
1.667000, 3669
1.670000, 3668
1.670000, 3667
1.670000, 3666
1.671000, 3665
1.675000, 3664
1.677000, 3663
1.687000, 3662
1.687000, 3661
1.689000, 3660
1.690000, 3659
1.693000, 3658
1.708000, 3657
1.709000, 3656
1.710000, 3655
1.711000, 3654
1.712000, 3653
1.715000, 3652
1.715000, 3651
1.717000, 3650
1.719000, 3649
1.720000, 3648
1.721000, 3647
1.721000, 3646
1.723000, 3645
1.724000, 3644
1.724000, 3643
1.726000, 3642
1.726000, 3641
1.727000, 3640
1.728000, 3639
1.729000, 3638
1.731000, 3637
1.731000, 3636
1.734000, 3635
1.735000, 3634
1.736000, 3633
1.747000, 3632
1.747000, 3631
1.748000, 3630
1.750000, 3629
1.751000, 3628
1.754000, 3627
1.754000, 3626
1.755000, 3625
1.761000, 3624
1.761000, 3623
1.765000, 3622
1.766000, 3621
1.766000, 3620
1.770000, 3619
1.772000, 3618
1.773000, 3617
1.774000, 3616
1.779000, 3615
1.780000, 3614
1.780000, 3613
1.790000, 3612
1.793000, 3611
1.794000, 3610
1.794000, 3609
1.795000, 3608
1.796000, 3607
1.798000, 3606
1.802000, 3605
1.802000, 3604
1.811000, 3603
1.813000, 3602
1.822000, 3601
1.823000, 3600
1.824000, 3599
1.828000, 3598
1.836000, 3597
1.839000, 3596
1.840000, 3595
1.842000, 3594
1.848000, 3593
1.854000, 3592
1.856000, 3591
1.861000, 3590
1.872000, 3589
1.874000, 3588
1.876000, 3587
1.877000, 3586
1.877000, 3585
1.878000, 3584
1.880000, 3583
1.886000, 3582
1.889000, 3581
1.890000, 3580
1.891000, 3579
1.895000, 3578
1.896000, 3577
1.898000, 3576
1.900000, 3575
1.903000, 3574
1.904000, 3573
1.904000, 3572
1.908000, 3571
1.911000, 3570
1.912000, 3569
1.914000, 3568
1.915000, 3567
1.918000, 3566
1.919000, 3565
1.920000, 3564
1.924000, 3563
1.925000, 3562
1.928000, 3561
1.928000, 3560
1.928000, 3559
1.932000, 3558
1.932000, 3557
1.938000, 3556
1.939000, 3555
1.941000, 3554
1.943000, 3553
1.943000, 3552
1.949000, 3551
1.950000, 3550
1.950000, 3549
1.951000, 3548
1.951000, 3547
1.954000, 3546
1.955000, 3545
1.957000, 3544
1.960000, 3543
1.968000, 3542
1.973000, 3541
1.978000, 3540
1.982000, 3539
1.983000, 3538
1.985000, 3537
1.988000, 3536
1.990000, 3535
1.993000, 3534
1.994000, 3533
1.995000, 3532
2.000000, 3531
2.005000, 3530
2.005000, 3529
2.006000, 3528
2.008000, 3527
2.018000, 3526
2.026000, 3525
2.027000, 3524
2.035000, 3523
2.039000, 3522
2.040000, 3521
2.043000, 3520
2.046000, 3519
2.049000, 3518
2.050000, 3517
2.050000, 3516
2.052000, 3515
2.057000, 3514
2.069000, 3513
2.069000, 3512
2.073000, 3511
2.074000, 3510
2.079000, 3509
2.088000, 3508
2.093000, 3507
2.097000, 3506
2.100000, 3505
2.102000, 3504
2.108000, 3503
2.109000, 3502
2.119000, 3501
2.121000, 3500
2.123000, 3499
2.132000, 3498
2.138000, 3497
2.141000, 3496
2.142000, 3495
2.144000, 3494
2.146000, 3493
2.155000, 3492
2.155000, 3491
2.159000, 3490
2.162000, 3489
2.163000, 3488
2.172000, 3487
2.172000, 3486
2.184000, 3485
2.187000, 3484
2.187000, 3483
2.189000, 3482
2.190000, 3481
2.199000, 3480
2.204000, 3479
2.210000, 3478
2.219000, 3477
2.223000, 3476
2.228000, 3475
2.228000, 3474
2.246000, 3473
2.257000, 3472
2.265000, 3471
2.266000, 3470
2.272000, 3469
2.280000, 3468
2.299000, 3467
2.301000, 3466
2.304000, 3465
2.306000, 3464
2.308000, 3463
2.318000, 3462
2.324000, 3461
2.333000, 3460
2.339000, 3459
2.343000, 3458
2.343000, 3457
2.347000, 3456
2.351000, 3455
2.356000, 3454
2.356000, 3453
2.358000, 3452
2.364000, 3451
2.377000, 3450
2.380000, 3449
2.385000, 3448
2.386000, 3447
2.389000, 3446
2.401000, 3445
2.406000, 3444
2.409000, 3443
2.418000, 3442
2.422000, 3441
2.432000, 3440
2.437000, 3439
2.440000, 3438
2.442000, 3437
2.444000, 3436
2.445000, 3435
2.457000, 3434
2.463000, 3433
2.468000, 3432
2.469000, 3431
2.469000, 3430
2.469000, 3429
2.482000, 3428
2.487000, 3427
2.493000, 3426
2.496000, 3425
2.501000, 3424
2.511000, 3423
2.517000, 3422
2.518000, 3421
2.519000, 3420
2.522000, 3419
2.525000, 3418
2.528000, 3417
2.534000, 3416
2.542000, 3415
2.549000, 3414
2.549000, 3413
2.553000, 3412
2.556000, 3411
2.559000, 3410
2.560000, 3409
2.572000, 3408
2.573000, 3407
2.580000, 3406
2.580000, 3405
2.583000, 3404
2.590000, 3403
2.601000, 3402
2.607000, 3401
2.612000, 3400
2.618000, 3399
2.619000, 3398
2.625000, 3397
2.635000, 3396
2.640000, 3395
2.647000, 3394
2.653000, 3393
2.658000, 3392
2.664000, 3391
2.670000, 3390
2.680000, 3389
2.695000, 3388
2.711000, 3387
2.714000, 3386
2.724000, 3385
2.732000, 3384
2.743000, 3383
2.751000, 3382
2.763000, 3381
2.783000, 3380
2.802000, 3379
2.803000, 3378
2.815000, 3377
2.853000, 3376
2.856000, 3375
2.875000, 3374
2.907000, 3373
2.920000, 3372
2.921000, 3371
2.924000, 3370
2.940000, 3369
2.955000, 3368
2.972000, 3367
2.972000, 3366
2.982000, 3365
3.035000, 3364
3.049000, 3363
3.057000, 3362
3.076000, 3361
3.109000, 3360
3.136000, 3359
3.148000, 3358
3.151000, 3357
3.248000, 3356
3.249000, 3355
3.264000, 3354
3.278000, 3353
3.280000, 3352
3.286000, 3351
3.294000, 3350
3.296000, 3349
3.325000, 3348
3.331000, 3347
3.544000, 3346
3.560000, 3345
3.569000, 3344
3.570000, 3343
3.618000, 3342
3.652000, 3341
3.654000, 3340
3.820000, 3339
4.017000, 3338
4.029000, 3337
4.162000, 3336
4.304000, 3335
4.747000, 3334
5.958000, 3333
