0.102000, 6041
0.105000, 6040
0.106000, 6039
0.106000, 6038
0.107000, 6037
0.107000, 6036
0.108000, 6035
0.110000, 6034
0.111000, 6033
0.111000, 6032
0.113000, 6031
0.113000, 6030
0.114000, 6029
0.115000, 6028
0.117000, 6027
0.118000, 6026
0.118000, 6025
0.118000, 6024
0.119000, 6023
0.119000, 6022
0.120000, 6021
0.120000, 6020
0.121000, 6019
0.122000, 6018
0.123000, 6017
0.124000, 6016
0.125000, 6015
0.126000, 6014
0.127000, 6013
0.129000, 6012
0.129000, 6011
0.131000, 6010
0.132000, 6009
0.132000, 6008
0.133000, 6007
0.133000, 6006
0.134000, 6005
0.135000, 6004
0.136000, 6003
0.137000, 6002
0.138000, 6001
0.138000, 6000
0.139000, 5999
0.140000, 5998
0.140000, 5997
0.141000, 5996
0.141000, 5995
0.143000, 5994
0.143000, 5993
0.144000, 5992
0.144000, 5991
0.145000, 5990
0.146000, 5989
0.146000, 5988
0.147000, 5987
0.148000, 5986
0.148000, 5985
0.148000, 5984
0.149000, 5983
0.149000, 5982
0.149000, 5981
0.150000, 5980
0.151000, 5979
0.152000, 5978
0.152000, 5977
0.152000, 5976
0.153000, 5975
0.154000, 5974
0.155000, 5973
0.155000, 5972
0.155000, 5971
0.155000, 5970
0.156000, 5969
0.156000, 5968
0.157000, 5967
0.159000, 5966
0.160000, 5965
0.160000, 5964
0.160000, 5963
0.161000, 5962
0.162000, 5961
0.163000, 5960
0.163000, 5959
0.164000, 5958
0.164000, 5957
0.164000, 5956
0.165000, 5955
0.165000, 5954
0.166000, 5953
0.167000, 5952
0.167000, 5951
0.167000, 5950
0.168000, 5949
0.168000, 5948
0.168000, 5947
0.169000, 5946
0.169000, 5945
0.170000, 5944
0.170000, 5943
0.171000, 5942
0.171000, 5941
0.171000, 5940
0.172000, 5939
0.173000, 5938
0.174000, 5937
0.174000, 5936
0.175000, 5935
0.175000, 5934
0.175000, 5933
0.175000, 5932
0.177000, 5931
0.177000, 5930
0.179000, 5929
0.180000, 5928
0.181000, 5927
0.181000, 5926
0.181000, 5925
0.183000, 5924
0.183000, 5923
0.184000, 5922
0.185000, 5921
0.185000, 5920
0.186000, 5919
0.187000, 5918
0.188000, 5917
0.189000, 5916
0.189000, 5915
0.189000, 5914
0.190000, 5913
0.190000, 5912
0.191000, 5911
0.192000, 5910
0.192000, 5909
0.193000, 5908
0.194000, 5907
0.195000, 5906
0.195000, 5905
0.196000, 5904
0.196000, 5903
0.198000, 5902
0.198000, 5901
0.199000, 5900
0.200000, 5899
0.201000, 5898
0.202000, 5897
0.202000, 5896
0.202000, 5895
0.203000, 5894
0.203000, 5893
0.204000, 5892
0.204000, 5891
0.205000, 5890
0.205000, 5889
0.206000, 5888
0.206000, 5887
0.207000, 5886
0.207000, 5885
0.208000, 5884
0.215000, 5883
0.216000, 5882
0.216000, 5881
0.217000, 5880
0.217000, 5879
0.217000, 5878
0.218000, 5877
0.218000, 5876
0.219000, 5875
0.219000, 5874
0.219000, 5873
0.219000, 5872
0.220000, 5871
0.220000, 5870
0.220000, 5869
0.220000, 5868
0.221000, 5867
0.221000, 5866
0.221000, 5865
0.222000, 5864
0.223000, 5863
0.223000, 5862
0.224000, 5861
0.224000, 5860
0.224000, 5859
0.224000, 5858
0.224000, 5857
0.224000, 5856
0.225000, 5855
0.226000, 5854
0.226000, 5853
0.226000, 5852
0.226000, 5851
0.227000, 5850
0.228000, 5849
0.228000, 5848
0.228000, 5847
0.229000, 5846
0.230000, 5845
0.230000, 5844
0.231000, 5843
0.231000, 5842
0.231000, 5841
0.231000, 5840
0.232000, 5839
0.232000, 5838
0.233000, 5837
0.233000, 5836
0.234000, 5835
0.234000, 5834
0.234000, 5833
0.235000, 5832
0.236000, 5831
0.236000, 5830
0.236000, 5829
0.236000, 5828
0.237000, 5827
0.237000, 5826
0.237000, 5825
0.237000, 5824
0.238000, 5823
0.238000, 5822
0.239000, 5821
0.239000, 5820
0.239000, 5819
0.240000, 5818
0.240000, 5817
0.241000, 5816
0.241000, 5815
0.241000, 5814
0.242000, 5813
0.242000, 5812
0.243000, 5811
0.243000, 5810
0.244000, 5809
0.244000, 5808
0.245000, 5807
0.245000, 5806
0.245000, 5805
0.246000, 5804
0.246000, 5803
0.247000, 5802
0.247000, 5801
0.247000, 5800
0.248000, 5799
0.248000, 5798
0.248000, 5797
0.249000, 5796
0.249000, 5795
0.249000, 5794
0.249000, 5793
0.250000, 5792
0.251000, 5791
0.251000, 5790
0.252000, 5789
0.252000, 5788
0.252000, 5787
0.253000, 5786
0.253000, 5785
0.253000, 5784
0.253000, 5783
0.254000, 5782
0.254000, 5781
0.255000, 5780
0.255000, 5779
0.256000, 5778
0.256000, 5777
0.256000, 5776
0.256000, 5775
0.257000, 5774
0.257000, 5773
0.258000, 5772
0.258000, 5771
0.259000, 5770
0.259000, 5769
0.259000, 5768
0.260000, 5767
0.260000, 5766
0.260000, 5765
0.261000, 5764
0.261000, 5763
0.261000, 5762
0.261000, 5761
0.263000, 5760
0.263000, 5759
0.264000, 5758
0.265000, 5757
0.265000, 5756
0.265000, 5755
0.266000, 5754
0.267000, 5753
0.267000, 5752
0.268000, 5751
0.268000, 5750
0.269000, 5749
0.269000, 5748
0.269000, 5747
0.270000, 5746
0.270000, 5745
0.271000, 5744
0.271000, 5743
0.272000, 5742
0.272000, 5741
0.272000, 5740
0.272000, 5739
0.273000, 5738
0.274000, 5737
0.274000, 5736
0.274000, 5735
0.275000, 5734
0.276000, 5733
0.277000, 5732
0.277000, 5731
0.277000, 5730
0.278000, 5729
0.278000, 5728
0.278000, 5727
0.278000, 5726
0.279000, 5725
0.279000, 5724
0.280000, 5723
0.280000, 5722
0.281000, 5721
0.281000, 5720
0.281000, 5719
0.282000, 5718
0.282000, 5717
0.282000, 5716
0.283000, 5715
0.283000, 5714
0.284000, 5713
0.284000, 5712
0.284000, 5711
0.285000, 5710
0.285000, 5709
0.286000, 5708
0.286000, 5707
0.286000, 5706
0.287000, 5705
0.287000, 5704
0.287000, 5703
0.288000, 5702
0.288000, 5701
0.289000, 5700
0.290000, 5699
0.291000, 5698
0.292000, 5697
0.292000, 5696
0.293000, 5695
0.293000, 5694
0.293000, 5693
0.294000, 5692
0.295000, 5691
0.296000, 5690
0.296000, 5689
0.296000, 5688
0.297000, 5687
0.297000, 5686
0.297000, 5685
0.297000, 5684
0.298000, 5683
0.298000, 5682
0.299000, 5681
0.299000, 5680
0.299000, 5679
0.299000, 5678
0.300000, 5677
0.300000, 5676
0.301000, 5675
0.302000, 5674
0.302000, 5673
0.302000, 5672
0.303000, 5671
0.303000, 5670
0.303000, 5669
0.303000, 5668
0.303000, 5667
0.304000, 5666
0.304000, 5665
0.305000, 5664
0.305000, 5663
0.305000, 5662
0.305000, 5661
0.305000, 5660
0.305000, 5659
0.306000, 5658
0.306000, 5657
0.306000, 5656
0.307000, 5655
0.307000, 5654
0.309000, 5653
0.309000, 5652
0.310000, 5651
0.310000, 5650
0.310000, 5649
0.311000, 5648
0.311000, 5647
0.311000, 5646
0.311000, 5645
0.312000, 5644
0.313000, 5643
0.313000, 5642
0.313000, 5641
0.314000, 5640
0.314000, 5639
0.314000, 5638
0.315000, 5637
0.316000, 5636
0.316000, 5635
0.316000, 5634
0.317000, 5633
0.317000, 5632
0.317000, 5631
0.318000, 5630
0.318000, 5629
0.318000, 5628
0.318000, 5627
0.319000, 5626
0.319000, 5625
0.319000, 5624
0.320000, 5623
0.321000, 5622
0.321000, 5621
0.322000, 5620
0.322000, 5619
0.322000, 5618
0.323000, 5617
0.324000, 5616
0.325000, 5615
0.326000, 5614
0.327000, 5613
0.328000, 5612
0.328000, 5611
0.329000, 5610
0.329000, 5609
0.329000, 5608
0.330000, 5607
0.330000, 5606
0.330000, 5605
0.330000, 5604
0.331000, 5603
0.332000, 5602
0.333000, 5601
0.333000, 5600
0.333000, 5599
0.333000, 5598
0.333000, 5597
0.334000, 5596
0.334000, 5595
0.335000, 5594
0.335000, 5593
0.336000, 5592
0.337000, 5591
0.337000, 5590
0.337000, 5589
0.337000, 5588
0.338000, 5587
0.338000, 5586
0.339000, 5585
0.340000, 5584
0.340000, 5583
0.340000, 5582
0.340000, 5581
0.341000, 5580
0.341000, 5579
0.343000, 5578
0.343000, 5577
0.343000, 5576
0.344000, 5575
0.344000, 5574
0.346000, 5573
0.346000, 5572
0.347000, 5571
0.348000, 5570
0.348000, 5569
0.348000, 5568
0.349000, 5567
0.350000, 5566
0.350000, 5565
0.351000, 5564
0.352000, 5563
0.352000, 5562
0.352000, 5561
0.353000, 5560
0.353000, 5559
0.353000, 5558
0.353000, 5557
0.353000, 5556
0.354000, 5555
0.354000, 5554
0.354000, 5553
0.355000, 5552
0.355000, 5551
0.355000, 5550
0.356000, 5549
0.356000, 5548
0.356000, 5547
0.357000, 5546
0.357000, 5545
0.357000, 5544
0.358000, 5543
0.358000, 5542
0.358000, 5541
0.359000, 5540
0.359000, 5539
0.359000, 5538
0.360000, 5537
0.360000, 5536
0.361000, 5535
0.361000, 5534
0.362000, 5533
0.362000, 5532
0.362000, 5531
0.363000, 5530
0.363000, 5529
0.364000, 5528
0.364000, 5527
0.365000, 5526
0.365000, 5525
0.365000, 5524
0.366000, 5523
0.367000, 5522
0.367000, 5521
0.367000, 5520
0.367000, 5519
0.368000, 5518
0.368000, 5517
0.374000, 5516
0.375000, 5515
0.376000, 5514
0.376000, 5513
0.377000, 5512
0.378000, 5511
0.378000, 5510
0.379000, 5509
0.379000, 5508
0.379000, 5507
0.380000, 5506
0.380000, 5505
0.380000, 5504
0.381000, 5503
0.381000, 5502
0.382000, 5501
0.382000, 5500
0.383000, 5499
0.383000, 5498
0.383000, 5497
0.384000, 5496
0.384000, 5495
0.384000, 5494
0.385000, 5493
0.385000, 5492
0.385000, 5491
0.385000, 5490
0.385000, 5489
0.387000, 5488
0.387000, 5487
0.388000, 5486
0.388000, 5485
0.388000, 5484
0.388000, 5483
0.389000, 5482
0.389000, 5481
0.390000, 5480
0.390000, 5479
0.391000, 5478
0.391000, 5477
0.392000, 5476
0.392000, 5475
0.393000, 5474
0.393000, 5473
0.394000, 5472
0.394000, 5471
0.394000, 5470
0.395000, 5469
0.395000, 5468
0.396000, 5467
0.396000, 5466
0.397000, 5465
0.397000, 5464
0.397000, 5463
0.398000, 5462
0.398000, 5461
0.398000, 5460
0.400000, 5459
0.400000, 5458
0.401000, 5457
0.401000, 5456
0.402000, 5455
0.402000, 5454
0.403000, 5453
0.404000, 5452
0.404000, 5451
0.404000, 5450
0.405000, 5449
0.408000, 5448
0.408000, 5447
0.408000, 5446
0.409000, 5445
0.409000, 5444
0.409000, 5443
0.410000, 5442
0.410000, 5441
0.411000, 5440
0.411000, 5439
0.411000, 5438
0.412000, 5437
0.412000, 5436
0.412000, 5435
0.413000, 5434
0.413000, 5433
0.413000, 5432
0.413000, 5431
0.414000, 5430
0.415000, 5429
0.415000, 5428
0.415000, 5427
0.417000, 5426
0.417000, 5425
0.418000, 5424
0.418000, 5423
0.419000, 5422
0.419000, 5421
0.419000, 5420
0.419000, 5419
0.420000, 5418
0.421000, 5417
0.421000, 5416
0.421000, 5415
0.421000, 5414
0.422000, 5413
0.422000, 5412
0.422000, 5411
0.423000, 5410
0.424000, 5409
0.424000, 5408
0.425000, 5407
0.425000, 5406
0.426000, 5405
0.426000, 5404
0.427000, 5403
0.428000, 5402
0.428000, 5401
0.428000, 5400
0.429000, 5399
0.430000, 5398
0.430000, 5397
0.430000, 5396
0.431000, 5395
0.431000, 5394
0.431000, 5393
0.432000, 5392
0.432000, 5391
0.432000, 5390
0.434000, 5389
0.434000, 5388
0.434000, 5387
0.434000, 5386
0.435000, 5385
0.435000, 5384
0.435000, 5383
0.435000, 5382
0.436000, 5381
0.437000, 5380
0.438000, 5379
0.438000, 5378
0.438000, 5377
0.440000, 5376
0.441000, 5375
0.441000, 5374
0.441000, 5373
0.441000, 5372
0.442000, 5371
0.442000, 5370
0.442000, 5369
0.442000, 5368
0.443000, 5367
0.443000, 5366
0.444000, 5365
0.445000, 5364
0.445000, 5363
0.445000, 5362
0.446000, 5361
0.447000, 5360
0.447000, 5359
0.448000, 5358
0.449000, 5357
0.449000, 5356
0.449000, 5355
0.450000, 5354
0.450000, 5353
0.450000, 5352
0.450000, 5351
0.451000, 5350
0.452000, 5349
0.452000, 5348
0.452000, 5347
0.452000, 5346
0.453000, 5345
0.453000, 5344
0.454000, 5343
0.454000, 5342
0.454000, 5341
0.454000, 5340
0.455000, 5339
0.455000, 5338
0.455000, 5337
0.456000, 5336
0.456000, 5335
0.456000, 5334
0.457000, 5333
0.457000, 5332
0.457000, 5331
0.458000, 5330
0.458000, 5329
0.458000, 5328
0.459000, 5327
0.459000, 5326
0.459000, 5325
0.460000, 5324
0.460000, 5323
0.461000, 5322
0.461000, 5321
0.462000, 5320
0.462000, 5319
0.463000, 5318
0.463000, 5317
0.463000, 5316
0.463000, 5315
0.464000, 5314
0.464000, 5313
0.465000, 5312
0.465000, 5311
0.465000, 5310
0.466000, 5309
0.466000, 5308
0.466000, 5307
0.467000, 5306
0.468000, 5305
0.469000, 5304
0.470000, 5303
0.471000, 5302
0.472000, 5301
0.472000, 5300
0.473000, 5299
0.474000, 5298
0.475000, 5297
0.475000, 5296
0.475000, 5295
0.476000, 5294
0.476000, 5293
0.476000, 5292
0.478000, 5291
0.478000, 5290
0.478000, 5289
0.478000, 5288
0.480000, 5287
0.480000, 5286
0.480000, 5285
0.481000, 5284
0.481000, 5283
0.481000, 5282
0.482000, 5281
0.482000, 5280
0.483000, 5279
0.484000, 5278
0.485000, 5277
0.485000, 5276
0.485000, 5275
0.486000, 5274
0.486000, 5273
0.486000, 5272
0.487000, 5271
0.487000, 5270
0.488000, 5269
0.488000, 5268
0.489000, 5267
0.489000, 5266
0.490000, 5265
0.490000, 5264
0.491000, 5263
0.491000, 5262
0.491000, 5261
0.492000, 5260
0.493000, 5259
0.493000, 5258
0.494000, 5257
0.494000, 5256
0.495000, 5255
0.496000, 5254
0.496000, 5253
0.497000, 5252
0.497000, 5251
0.498000, 5250
0.498000, 5249
0.498000, 5248
0.499000, 5247
0.499000, 5246
0.499000, 5245
0.499000, 5244
0.500000, 5243
0.500000, 5242
0.500000, 5241
0.500000, 5240
0.500000, 5239
0.501000, 5238
0.501000, 5237
0.502000, 5236
0.502000, 5235
0.502000, 5234
0.502000, 5233
0.503000, 5232
0.503000, 5231
0.505000, 5230
0.505000, 5229
0.505000, 5228
0.505000, 5227
0.506000, 5226
0.506000, 5225
0.506000, 5224
0.507000, 5223
0.507000, 5222
0.507000, 5221
0.507000, 5220
0.508000, 5219
0.508000, 5218
0.509000, 5217
0.510000, 5216
0.510000, 5215
0.510000, 5214
0.510000, 5213
0.511000, 5212
0.511000, 5211
0.511000, 5210
0.512000, 5209
0.512000, 5208
0.513000, 5207
0.513000, 5206
0.514000, 5205
0.514000, 5204
0.514000, 5203
0.514000, 5202
0.515000, 5201
0.516000, 5200
0.517000, 5199
0.518000, 5198
0.518000, 5197
0.519000, 5196
0.519000, 5195
0.520000, 5194
0.520000, 5193
0.521000, 5192
0.521000, 5191
0.522000, 5190
0.522000, 5189
0.523000, 5188
0.523000, 5187
0.523000, 5186
0.524000, 5185
0.524000, 5184
0.524000, 5183
0.524000, 5182
0.526000, 5181
0.526000, 5180
0.527000, 5179
0.527000, 5178
0.529000, 5177
0.534000, 5176
0.534000, 5175
0.536000, 5174
0.537000, 5173
0.538000, 5172
0.539000, 5171
0.539000, 5170
0.540000, 5169
0.540000, 5168
0.541000, 5167
0.541000, 5166
0.542000, 5165
0.543000, 5164
0.543000, 5163
0.543000, 5162
0.544000, 5161
0.545000, 5160
0.545000, 5159
0.545000, 5158
0.546000, 5157
0.547000, 5156
0.547000, 5155
0.548000, 5154
0.548000, 5153
0.548000, 5152
0.548000, 5151
0.549000, 5150
0.549000, 5149
0.549000, 5148
0.550000, 5147
0.551000, 5146
0.551000, 5145
0.552000, 5144
0.552000, 5143
0.552000, 5142
0.552000, 5141
0.552000, 5140
0.552000, 5139
0.553000, 5138
0.554000, 5137
0.554000, 5136
0.554000, 5135
0.555000, 5134
0.555000, 5133
0.555000, 5132
0.556000, 5131
0.557000, 5130
0.557000, 5129
0.558000, 5128
0.558000, 5127
0.558000, 5126
0.559000, 5125
0.559000, 5124
0.560000, 5123
0.560000, 5122
0.561000, 5121
0.562000, 5120
0.563000, 5119
0.564000, 5118
0.565000, 5117
0.565000, 5116
0.565000, 5115
0.565000, 5114
0.566000, 5113
0.566000, 5112
0.567000, 5111
0.567000, 5110
0.567000, 5109
0.568000, 5108
0.569000, 5107
0.569000, 5106
0.569000, 5105
0.570000, 5104
0.570000, 5103
0.570000, 5102
0.571000, 5101
0.572000, 5100
0.572000, 5099
0.572000, 5098
0.572000, 5097
0.573000, 5096
0.573000, 5095
0.573000, 5094
0.573000, 5093
0.574000, 5092
0.574000, 5091
0.574000, 5090
0.575000, 5089
0.576000, 5088
0.577000, 5087
0.577000, 5086
0.577000, 5085
0.578000, 5084
0.578000, 5083
0.578000, 5082
0.579000, 5081
0.579000, 5080
0.579000, 5079
0.580000, 5078
0.581000, 5077
0.581000, 5076
0.581000, 5075
0.582000, 5074
0.582000, 5073
0.583000, 5072
0.583000, 5071
0.584000, 5070
0.585000, 5069
0.585000, 5068
0.585000, 5067
0.586000, 5066
0.587000, 5065
0.587000, 5064
0.587000, 5063
0.589000, 5062
0.590000, 5061
0.590000, 5060
0.591000, 5059
0.591000, 5058
0.592000, 5057
0.592000, 5056
0.594000, 5055
0.594000, 5054
0.595000, 5053
0.597000, 5052
0.597000, 5051
0.598000, 5050
0.598000, 5049
0.598000, 5048
0.598000, 5047
0.599000, 5046
0.599000, 5045
0.600000, 5044
0.600000, 5043
0.600000, 5042
0.601000, 5041
0.601000, 5040
0.602000, 5039
0.602000, 5038
0.603000, 5037
0.604000, 5036
0.604000, 5035
0.604000, 5034
0.605000, 5033
0.605000, 5032
0.606000, 5031
0.606000, 5030
0.607000, 5029
0.607000, 5028
0.607000, 5027
0.608000, 5026
0.608000, 5025
0.609000, 5024
0.609000, 5023
0.610000, 5022
0.611000, 5021
0.611000, 5020
0.612000, 5019
0.613000, 5018
0.613000, 5017
0.615000, 5016
0.615000, 5015
0.615000, 5014
0.616000, 5013
0.616000, 5012
0.617000, 5011
0.617000, 5010
0.617000, 5009
0.618000, 5008
0.618000, 5007
0.618000, 5006
0.619000, 5005
0.619000, 5004
0.620000, 5003
0.621000, 5002
0.621000, 5001
0.622000, 5000
0.623000, 4999
0.624000, 4998
0.624000, 4997
0.624000, 4996
0.624000, 4995
0.625000, 4994
0.625000, 4993
0.625000, 4992
0.626000, 4991
0.626000, 4990
0.627000, 4989
0.628000, 4988
0.628000, 4987
0.629000, 4986
0.630000, 4985
0.630000, 4984
0.631000, 4983
0.631000, 4982
0.632000, 4981
0.632000, 4980
0.633000, 4979
0.633000, 4978
0.633000, 4977
0.633000, 4976
0.634000, 4975
0.634000, 4974
0.634000, 4973
0.635000, 4972
0.635000, 4971
0.636000, 4970
0.636000, 4969
0.636000, 4968
0.637000, 4967
0.637000, 4966
0.638000, 4965
0.638000, 4964
0.639000, 4963
0.639000, 4962
0.639000, 4961
0.639000, 4960
0.640000, 4959
0.640000, 4958
0.642000, 4957
0.642000, 4956
0.642000, 4955
0.643000, 4954
0.643000, 4953
0.643000, 4952
0.643000, 4951
0.643000, 4950
0.644000, 4949
0.644000, 4948
0.644000, 4947
0.645000, 4946
0.645000, 4945
0.646000, 4944
0.647000, 4943
0.648000, 4942
0.648000, 4941
0.648000, 4940
0.649000, 4939
0.649000, 4938
0.651000, 4937
0.651000, 4936
0.652000, 4935
0.652000, 4934
0.652000, 4933
0.653000, 4932
0.653000, 4931
0.654000, 4930
0.655000, 4929
0.656000, 4928
0.658000, 4927
0.658000, 4926
0.658000, 4925
0.659000, 4924
0.659000, 4923
0.659000, 4922
0.659000, 4921
0.659000, 4920
0.661000, 4919
0.661000, 4918
0.662000, 4917
0.662000, 4916
0.662000, 4915
0.664000, 4914
0.664000, 4913
0.665000, 4912
0.665000, 4911
0.665000, 4910
0.666000, 4909
0.666000, 4908
0.667000, 4907
0.667000, 4906
0.668000, 4905
0.669000, 4904
0.669000, 4903
0.670000, 4902
0.670000, 4901
0.671000, 4900
0.671000, 4899
0.672000, 4898
0.672000, 4897
0.672000, 4896
0.672000, 4895
0.673000, 4894
0.673000, 4893
0.674000, 4892
0.675000, 4891
0.675000, 4890
0.675000, 4889
0.676000, 4888
0.677000, 4887
0.677000, 4886
0.677000, 4885
0.677000, 4884
0.678000, 4883
0.678000, 4882
0.684000, 4881
0.685000, 4880
0.686000, 4879
0.686000, 4878
0.686000, 4877
0.686000, 4876
0.688000, 4875
0.688000, 4874
0.689000, 4873
0.689000, 4872
0.690000, 4871
0.690000, 4870
0.691000, 4869
0.692000, 4868
0.694000, 4867
0.694000, 4866
0.695000, 4865
0.696000, 4864
0.697000, 4863
0.697000, 4862
0.697000, 4861
0.698000, 4860
0.698000, 4859
0.699000, 4858
0.700000, 4857
0.700000, 4856
0.700000, 4855
0.700000, 4854
0.701000, 4853
0.701000, 4852
0.702000, 4851
0.703000, 4850
0.703000, 4849
0.703000, 4848
0.704000, 4847
0.705000, 4846
0.705000, 4845
0.705000, 4844
0.705000, 4843
0.705000, 4842
0.706000, 4841
0.707000, 4840
0.707000, 4839
0.708000, 4838
0.708000, 4837
0.709000, 4836
0.709000, 4835
0.710000, 4834
0.710000, 4833
0.711000, 4832
0.711000, 4831
0.711000, 4830
0.713000, 4829
0.713000, 4828
0.713000, 4827
0.714000, 4826
0.714000, 4825
0.715000, 4824
0.715000, 4823
0.716000, 4822
0.716000, 4821
0.717000, 4820
0.717000, 4819
0.718000, 4818
0.718000, 4817
0.719000, 4816
0.720000, 4815
0.721000, 4814
0.721000, 4813
0.723000, 4812
0.723000, 4811
0.724000, 4810
0.725000, 4809
0.725000, 4808
0.726000, 4807
0.726000, 4806
0.726000, 4805
0.727000, 4804
0.728000, 4803
0.728000, 4802
0.729000, 4801
0.729000, 4800
0.729000, 4799
0.730000, 4798
0.730000, 4797
0.730000, 4796
0.731000, 4795
0.733000, 4794
0.733000, 4793
0.734000, 4792
0.735000, 4791
0.735000, 4790
0.735000, 4789
0.735000, 4788
0.736000, 4787
0.736000, 4786
0.737000, 4785
0.738000, 4784
0.739000, 4783
0.740000, 4782
0.740000, 4781
0.741000, 4780
0.742000, 4779
0.742000, 4778
0.743000, 4777
0.743000, 4776
0.743000, 4775
0.743000, 4774
0.745000, 4773
0.745000, 4772
0.746000, 4771
0.746000, 4770
0.746000, 4769
0.746000, 4768
0.747000, 4767
0.747000, 4766
0.747000, 4765
0.747000, 4764
0.748000, 4763
0.748000, 4762
0.750000, 4761
0.750000, 4760
0.751000, 4759
0.751000, 4758
0.751000, 4757
0.752000, 4756
0.752000, 4755
0.752000, 4754
0.752000, 4753
0.752000, 4752
0.753000, 4751
0.754000, 4750
0.756000, 4749
0.756000, 4748
0.757000, 4747
0.757000, 4746
0.758000, 4745
0.758000, 4744
0.759000, 4743
0.759000, 4742
0.759000, 4741
0.759000, 4740
0.759000, 4739
0.761000, 4738
0.761000, 4737
0.762000, 4736
0.762000, 4735
0.763000, 4734
0.763000, 4733
0.764000, 4732
0.764000, 4731
0.765000, 4730
0.765000, 4729
0.765000, 4728
0.765000, 4727
0.767000, 4726
0.767000, 4725
0.769000, 4724
0.770000, 4723
0.770000, 4722
0.770000, 4721
0.771000, 4720
0.771000, 4719
0.772000, 4718
0.774000, 4717
0.774000, 4716
0.775000, 4715
0.776000, 4714
0.776000, 4713
0.776000, 4712
0.776000, 4711
0.778000, 4710
0.778000, 4709
0.779000, 4708
0.779000, 4707
0.781000, 4706
0.781000, 4705
0.782000, 4704
0.783000, 4703
0.783000, 4702
0.783000, 4701
0.784000, 4700
0.784000, 4699
0.784000, 4698
0.784000, 4697
0.785000, 4696
0.785000, 4695
0.785000, 4694
0.786000, 4693
0.786000, 4692
0.786000, 4691
0.787000, 4690
0.788000, 4689
0.789000, 4688
0.790000, 4687
0.790000, 4686
0.790000, 4685
0.791000, 4684
0.792000, 4683
0.792000, 4682
0.793000, 4681
0.794000, 4680
0.795000, 4679
0.795000, 4678
0.796000, 4677
0.797000, 4676
0.797000, 4675
0.797000, 4674
0.797000, 4673
0.798000, 4672
0.798000, 4671
0.799000, 4670
0.799000, 4669
0.800000, 4668
0.800000, 4667
0.800000, 4666
0.801000, 4665
0.802000, 4664
0.803000, 4663
0.803000, 4662
0.804000, 4661
0.805000, 4660
0.805000, 4659
0.806000, 4658
0.807000, 4657
0.807000, 4656
0.807000, 4655
0.807000, 4654
0.808000, 4653
0.808000, 4652
0.808000, 4651
0.809000, 4650
0.810000, 4649
0.811000, 4648
0.811000, 4647
0.812000, 4646
0.813000, 4645
0.814000, 4644
0.814000, 4643
0.815000, 4642
0.816000, 4641
0.817000, 4640
0.817000, 4639
0.817000, 4638
0.817000, 4637
0.818000, 4636
0.819000, 4635
0.821000, 4634
0.821000, 4633
0.822000, 4632
0.822000, 4631
0.824000, 4630
0.825000, 4629
0.825000, 4628
0.826000, 4627
0.827000, 4626
0.828000, 4625
0.828000, 4624
0.829000, 4623
0.829000, 4622
0.829000, 4621
0.830000, 4620
0.830000, 4619
0.830000, 4618
0.831000, 4617
0.832000, 4616
0.832000, 4615
0.832000, 4614
0.833000, 4613
0.834000, 4612
0.836000, 4611
0.837000, 4610
0.837000, 4609
0.838000, 4608
0.838000, 4607
0.839000, 4606
0.840000, 4605
0.840000, 4604
0.840000, 4603
0.841000, 4602
0.841000, 4601
0.841000, 4600
0.842000, 4599
0.844000, 4598
0.844000, 4597
0.845000, 4596
0.846000, 4595
0.847000, 4594
0.847000, 4593
0.847000, 4592
0.848000, 4591
0.848000, 4590
0.848000, 4589
0.849000, 4588
0.849000, 4587
0.849000, 4586
0.850000, 4585
0.851000, 4584
0.851000, 4583
0.852000, 4582
0.853000, 4581
0.853000, 4580
0.855000, 4579
0.855000, 4578
0.855000, 4577
0.856000, 4576
0.856000, 4575
0.856000, 4574
0.856000, 4573
0.857000, 4572
0.858000, 4571
0.859000, 4570
0.859000, 4569
0.860000, 4568
0.860000, 4567
0.860000, 4566
0.861000, 4565
0.862000, 4564
0.863000, 4563
0.864000, 4562
0.864000, 4561
0.864000, 4560
0.865000, 4559
0.866000, 4558
0.867000, 4557
0.867000, 4556
0.868000, 4555
0.868000, 4554
0.869000, 4553
0.871000, 4552
0.871000, 4551
0.872000, 4550
0.873000, 4549
0.873000, 4548
0.873000, 4547
0.874000, 4546
0.876000, 4545
0.876000, 4544
0.876000, 4543
0.877000, 4542
0.877000, 4541
0.877000, 4540
0.879000, 4539
0.880000, 4538
0.881000, 4537
0.884000, 4536
0.884000, 4535
0.884000, 4534
0.885000, 4533
0.885000, 4532
0.885000, 4531
0.886000, 4530
0.887000, 4529
0.887000, 4528
0.887000, 4527
0.888000, 4526
0.889000, 4525
0.890000, 4524
0.890000, 4523
0.891000, 4522
0.891000, 4521
0.891000, 4520
0.892000, 4519
0.894000, 4518
0.895000, 4517
0.895000, 4516
0.897000, 4515
0.897000, 4514
0.898000, 4513
0.898000, 4512
0.898000, 4511
0.899000, 4510
0.900000, 4509
0.901000, 4508
0.901000, 4507
0.902000, 4506
0.902000, 4505
0.902000, 4504
0.903000, 4503
0.904000, 4502
0.904000, 4501
0.905000, 4500
0.905000, 4499
0.906000, 4498
0.909000, 4497
0.912000, 4496
0.913000, 4495
0.913000, 4494
0.914000, 4493
0.914000, 4492
0.915000, 4491
0.916000, 4490
0.917000, 4489
0.917000, 4488
0.918000, 4487
0.918000, 4486
0.919000, 4485
0.920000, 4484
0.920000, 4483
0.920000, 4482
0.920000, 4481
0.922000, 4480
0.922000, 4479
0.924000, 4478
0.924000, 4477
0.924000, 4476
0.925000, 4475
0.926000, 4474
0.927000, 4473
0.930000, 4472
0.931000, 4471
0.932000, 4470
0.932000, 4469
0.933000, 4468
0.934000, 4467
0.934000, 4466
0.936000, 4465
0.938000, 4464
0.939000, 4463
0.939000, 4462
0.940000, 4461
0.941000, 4460
0.941000, 4459
0.942000, 4458
0.943000, 4457
0.944000, 4456
0.944000, 4455
0.947000, 4454
0.947000, 4453
0.947000, 4452
0.948000, 4451
0.950000, 4450
0.950000, 4449
0.953000, 4448
0.953000, 4447
0.954000, 4446
0.954000, 4445
0.954000, 4444
0.957000, 4443
0.961000, 4442
0.962000, 4441
0.963000, 4440
0.963000, 4439
0.964000, 4438
0.964000, 4437
0.967000, 4436
0.967000, 4435
0.968000, 4434
0.969000, 4433
0.970000, 4432
0.971000, 4431
0.972000, 4430
0.972000, 4429
0.973000, 4428
0.973000, 4427
0.974000, 4426
0.976000, 4425
0.977000, 4424
0.980000, 4423
0.980000, 4422
0.980000, 4421
0.982000, 4420
0.982000, 4419
0.983000, 4418
0.983000, 4417
0.983000, 4416
0.983000, 4415
0.983000, 4414
0.984000, 4413
0.984000, 4412
0.985000, 4411
0.986000, 4410
0.986000, 4409
0.987000, 4408
0.987000, 4407
0.988000, 4406
0.989000, 4405
0.990000, 4404
0.990000, 4403
0.997000, 4402
0.998000, 4401
0.999000, 4400
0.999000, 4399
1.000000, 4398
1.001000, 4397
1.001000, 4396
1.001000, 4395
1.002000, 4394
1.003000, 4393
1.003000, 4392
1.004000, 4391
1.005000, 4390
1.006000, 4389
1.007000, 4388
1.008000, 4387
1.009000, 4386
1.009000, 4385
1.010000, 4384
1.013000, 4383
1.014000, 4382
1.014000, 4381
1.014000, 4380
1.014000, 4379
1.014000, 4378
1.016000, 4377
1.018000, 4376
1.018000, 4375
1.019000, 4374
1.020000, 4373
1.020000, 4372
1.021000, 4371
1.021000, 4370
1.021000, 4369
1.023000, 4368
1.024000, 4367
1.025000, 4366
1.027000, 4365
1.029000, 4364
1.029000, 4363
1.030000, 4362
1.030000, 4361
1.031000, 4360
1.032000, 4359
1.033000, 4358
1.033000, 4357
1.034000, 4356
1.034000, 4355
1.035000, 4354
1.036000, 4353
1.036000, 4352
1.037000, 4351
1.037000, 4350
1.038000, 4349
1.039000, 4348
1.039000, 4347
1.040000, 4346
1.041000, 4345
1.042000, 4344
1.042000, 4343
1.045000, 4342
1.045000, 4341
1.045000, 4340
1.046000, 4339
1.047000, 4338
1.047000, 4337
1.048000, 4336
1.048000, 4335
1.049000, 4334
1.049000, 4333
1.050000, 4332
1.051000, 4331
1.055000, 4330
1.056000, 4329
1.057000, 4328
1.057000, 4327
1.058000, 4326
1.058000, 4325
1.059000, 4324
1.059000, 4323
1.061000, 4322
1.061000, 4321
1.063000, 4320
1.063000, 4319
1.064000, 4318
1.066000, 4317
1.066000, 4316
1.066000, 4315
1.067000, 4314
1.067000, 4313
1.069000, 4312
1.070000, 4311
1.071000, 4310
1.073000, 4309
1.074000, 4308
1.074000, 4307
1.075000, 4306
1.075000, 4305
1.076000, 4304
1.077000, 4303
1.077000, 4302
1.078000, 4301
1.078000, 4300
1.078000, 4299
1.080000, 4298
1.081000, 4297
1.081000, 4296
1.082000, 4295
1.083000, 4294
1.083000, 4293
1.083000, 4292
1.084000, 4291
1.084000, 4290
1.085000, 4289
1.086000, 4288
1.087000, 4287
1.089000, 4286
1.089000, 4285
1.090000, 4284
1.090000, 4283
1.090000, 4282
1.091000, 4281
1.091000, 4280
1.091000, 4279
1.092000, 4278
1.092000, 4277
1.093000, 4276
1.093000, 4275
1.094000, 4274
1.094000, 4273
1.097000, 4272
1.097000, 4271
1.098000, 4270
1.099000, 4269
1.099000, 4268
1.100000, 4267
1.100000, 4266
1.101000, 4265
1.103000, 4264
1.103000, 4263
1.104000, 4262
1.104000, 4261
1.105000, 4260
1.107000, 4259
1.108000, 4258
1.109000, 4257
1.110000, 4256
1.111000, 4255
1.112000, 4254
1.112000, 4253
1.112000, 4252
1.112000, 4251
1.114000, 4250
1.116000, 4249
1.119000, 4248
1.119000, 4247
1.121000, 4246
1.122000, 4245
1.122000, 4244
1.124000, 4243
1.124000, 4242
1.124000, 4241
1.126000, 4240
1.127000, 4239
1.129000, 4238
1.130000, 4237
1.131000, 4236
1.131000, 4235
1.132000, 4234
1.132000, 4233
1.133000, 4232
1.133000, 4231
1.134000, 4230
1.134000, 4229
1.136000, 4228
1.136000, 4227
1.136000, 4226
1.136000, 4225
1.137000, 4224
1.138000, 4223
1.138000, 4222
1.138000, 4221
1.139000, 4220
1.139000, 4219
1.140000, 4218
1.141000, 4217
1.143000, 4216
1.144000, 4215
1.145000, 4214
1.145000, 4213
1.146000, 4212
1.147000, 4211
1.147000, 4210
1.148000, 4209
1.148000, 4208
1.149000, 4207
1.149000, 4206
1.153000, 4205
1.153000, 4204
1.153000, 4203
1.154000, 4202
1.155000, 4201
1.156000, 4200
1.157000, 4199
1.157000, 4198
1.160000, 4197
1.161000, 4196
1.162000, 4195
1.162000, 4194
1.163000, 4193
1.163000, 4192
1.164000, 4191
1.164000, 4190
1.164000, 4189
1.165000, 4188
1.166000, 4187
1.166000, 4186
1.167000, 4185
1.168000, 4184
1.168000, 4183
1.169000, 4182
1.169000, 4181
1.170000, 4180
1.170000, 4179
1.170000, 4178
1.171000, 4177
1.172000, 4176
1.176000, 4175
1.177000, 4174
1.177000, 4173
1.179000, 4172
1.179000, 4171
1.179000, 4170
1.179000, 4169
1.180000, 4168
1.181000, 4167
1.183000, 4166
1.184000, 4165
1.185000, 4164
1.188000, 4163
1.190000, 4162
1.190000, 4161
1.190000, 4160
1.190000, 4159
1.191000, 4158
1.194000, 4157
1.194000, 4156
1.196000, 4155
1.196000, 4154
1.198000, 4153
1.200000, 4152
1.200000, 4151
1.201000, 4150
1.202000, 4149
1.203000, 4148
1.203000, 4147
1.203000, 4146
1.207000, 4145
1.207000, 4144
1.211000, 4143
1.212000, 4142
1.212000, 4141
1.213000, 4140
1.213000, 4139
1.213000, 4138
1.216000, 4137
1.216000, 4136
1.216000, 4135
1.218000, 4134
1.219000, 4133
1.219000, 4132
1.220000, 4131
1.221000, 4130
1.221000, 4129
1.221000, 4128
1.222000, 4127
1.223000, 4126
1.223000, 4125
1.224000, 4124
1.225000, 4123
1.225000, 4122
1.227000, 4121
1.230000, 4120
1.231000, 4119
1.231000, 4118
1.233000, 4117
1.233000, 4116
1.235000, 4115
1.235000, 4114
1.236000, 4113
1.236000, 4112
1.238000, 4111
1.239000, 4110
1.247000, 4109
1.247000, 4108
1.248000, 4107
1.248000, 4106
1.248000, 4105
1.251000, 4104
1.252000, 4103
1.252000, 4102
1.252000, 4101
1.253000, 4100
1.254000, 4099
1.255000, 4098
1.255000, 4097
1.256000, 4096
1.256000, 4095
1.257000, 4094
1.261000, 4093
1.262000, 4092
1.262000, 4091
1.263000, 4090
1.264000, 4089
1.264000, 4088
1.265000, 4087
1.265000, 4086
1.266000, 4085
1.266000, 4084
1.270000, 4083
1.272000, 4082
1.274000, 4081
1.274000, 4080
1.274000, 4079
1.275000, 4078
1.275000, 4077
1.276000, 4076
1.276000, 4075
1.277000, 4074
1.278000, 4073
1.279000, 4072
1.282000, 4071
1.285000, 4070
1.285000, 4069
1.286000, 4068
1.288000, 4067
1.289000, 4066
1.290000, 4065
1.290000, 4064
1.291000, 4063
1.291000, 4062
1.292000, 4061
1.294000, 4060
1.295000, 4059
1.299000, 4058
1.299000, 4057
1.301000, 4056
1.301000, 4055
1.302000, 4054
1.303000, 4053
1.303000, 4052
1.304000, 4051
1.304000, 4050
1.305000, 4049
1.306000, 4048
1.306000, 4047
1.307000, 4046
1.307000, 4045
1.307000, 4044
1.308000, 4043
1.309000, 4042
1.309000, 4041
1.309000, 4040
1.309000, 4039
1.310000, 4038
1.311000, 4037
1.312000, 4036
1.313000, 4035
1.313000, 4034
1.313000, 4033
1.315000, 4032
1.316000, 4031
1.317000, 4030
1.319000, 4029
1.319000, 4028
1.320000, 4027
1.320000, 4026
1.321000, 4025
1.321000, 4024
1.322000, 4023
1.323000, 4022
1.324000, 4021
1.324000, 4020
1.325000, 4019
1.327000, 4018
1.328000, 4017
1.328000, 4016
1.329000, 4015
1.329000, 4014
1.329000, 4013
1.330000, 4012
1.331000, 4011
1.335000, 4010
1.337000, 4009
1.338000, 4008
1.339000, 4007
1.339000, 4006
1.339000, 4005
1.340000, 4004
1.340000, 4003
1.341000, 4002
1.342000, 4001
1.342000, 4000
1.343000, 3999
1.344000, 3998
1.347000, 3997
1.348000, 3996
1.348000, 3995
1.349000, 3994
1.349000, 3993
1.350000, 3992
1.352000, 3991
1.353000, 3990
1.356000, 3989
1.357000, 3988
1.357000, 3987
1.358000, 3986
1.359000, 3985
1.359000, 3984
1.359000, 3983
1.360000, 3982
1.362000, 3981
1.364000, 3980
1.364000, 3979
1.364000, 3978
1.365000, 3977
1.366000, 3976
1.366000, 3975
1.367000, 3974
1.368000, 3973
1.369000, 3972
1.371000, 3971
1.374000, 3970
1.380000, 3969
1.380000, 3968
1.381000, 3967
1.382000, 3966
1.382000, 3965
1.382000, 3964
1.383000, 3963
1.385000, 3962
1.388000, 3961
1.389000, 3960
1.390000, 3959
1.391000, 3958
1.392000, 3957
1.392000, 3956
1.392000, 3955
1.394000, 3954
1.394000, 3953
1.396000, 3952
1.397000, 3951
1.397000, 3950
1.399000, 3949
1.399000, 3948
1.400000, 3947
1.400000, 3946
1.401000, 3945
1.403000, 3944
1.403000, 3943
1.404000, 3942
1.406000, 3941
1.406000, 3940
1.408000, 3939
1.409000, 3938
1.410000, 3937
1.411000, 3936
1.412000, 3935
1.413000, 3934
1.414000, 3933
1.416000, 3932
1.416000, 3931
1.417000, 3930
1.418000, 3929
1.418000, 3928
1.419000, 3927
1.419000, 3926
1.419000, 3925
1.423000, 3924
1.423000, 3923
1.423000, 3922
1.425000, 3921
1.425000, 3920
1.425000, 3919
1.427000, 3918
1.428000, 3917
1.429000, 3916
1.429000, 3915
1.430000, 3914
1.430000, 3913
1.431000, 3912
1.434000, 3911
1.435000, 3910
1.436000, 3909
1.437000, 3908
1.438000, 3907
1.439000, 3906
1.440000, 3905
1.442000, 3904
1.442000, 3903
1.443000, 3902
1.444000, 3901
1.445000, 3900
1.445000, 3899
1.445000, 3898
1.446000, 3897
1.447000, 3896
1.447000, 3895
1.448000, 3894
1.448000, 3893
1.448000, 3892
1.451000, 3891
1.451000, 3890
1.452000, 3889
1.452000, 3888
1.453000, 3887
1.456000, 3886
1.457000, 3885
1.457000, 3884
1.458000, 3883
1.458000, 3882
1.458000, 3881
1.459000, 3880
1.461000, 3879
1.464000, 3878
1.464000, 3877
1.466000, 3876
1.469000, 3875
1.474000, 3874
1.474000, 3873
1.476000, 3872
1.478000, 3871
1.478000, 3870
1.479000, 3869
1.480000, 3868
1.481000, 3867
1.483000, 3866
1.484000, 3865
1.488000, 3864
1.488000, 3863
1.490000, 3862
1.491000, 3861
1.493000, 3860
1.494000, 3859
1.494000, 3858
1.494000, 3857
1.495000, 3856
1.496000, 3855
1.497000, 3854
1.498000, 3853
1.499000, 3852
1.500000, 3851
1.501000, 3850
1.501000, 3849
1.501000, 3848
1.502000, 3847
1.504000, 3846
1.504000, 3845
1.505000, 3844
1.505000, 3843
1.506000, 3842
1.507000, 3841
1.507000, 3840
1.510000, 3839
1.510000, 3838
1.510000, 3837
1.512000, 3836
1.513000, 3835
1.513000, 3834
1.514000, 3833
1.517000, 3832
1.517000, 3831
1.519000, 3830
1.520000, 3829
1.521000, 3828
1.522000, 3827
1.524000, 3826
1.527000, 3825
1.533000, 3824
1.535000, 3823
1.536000, 3822
1.536000, 3821
1.537000, 3820
1.538000, 3819
1.544000, 3818
1.544000, 3817
1.545000, 3816
1.546000, 3815
1.547000, 3814
1.551000, 3813
1.552000, 3812
1.555000, 3811
1.556000, 3810
1.556000, 3809
1.558000, 3808
1.560000, 3807
1.561000, 3806
1.561000, 3805
1.565000, 3804
1.566000, 3803
1.568000, 3802
1.570000, 3801
1.570000, 3800
1.570000, 3799
1.571000, 3798
1.574000, 3797
1.575000, 3796
1.575000, 3795
1.576000, 3794
1.577000, 3793
1.579000, 3792
1.579000, 3791
1.579000, 3790
1.582000, 3789
1.583000, 3788
1.584000, 3787
1.585000, 3786
1.586000, 3785
1.587000, 3784
1.587000, 3783
1.589000, 3782
1.590000, 3781
1.591000, 3780
1.593000, 3779
1.598000, 3778
1.598000, 3777
1.598000, 3776
1.598000, 3775
1.600000, 3774
1.600000, 3773
1.601000, 3772
1.601000, 3771
1.602000, 3770
1.606000, 3769
1.611000, 3768
1.611000, 3767
1.613000, 3766
1.614000, 3765
1.615000, 3764
1.617000, 3763
1.622000, 3762
1.623000, 3761
1.624000, 3760
1.626000, 3759
1.627000, 3758
1.629000, 3757
1.630000, 3756
1.631000, 3755
1.634000, 3754
1.635000, 3753
1.636000, 3752
1.636000, 3751
1.637000, 3750
1.640000, 3749
1.641000, 3748
1.643000, 3747
1.644000, 3746
1.645000, 3745
1.649000, 3744
1.650000, 3743
1.654000, 3742
1.654000, 3741
1.658000, 3740
1.661000, 3739
1.663000, 3738
1.664000, 3737
1.668000, 3736
1.668000, 3735
1.671000, 3734
1.674000, 3733
1.676000, 3732
1.677000, 3731
1.680000, 3730
1.685000, 3729
1.689000, 3728
1.694000, 3727
1.695000, 3726
1.696000, 3725
1.697000, 3724
1.698000, 3723
1.702000, 3722
1.703000, 3721
1.703000, 3720
1.705000, 3719
1.707000, 3718
1.709000, 3717
1.709000, 3716
1.713000, 3715
1.720000, 3714
1.721000, 3713
1.723000, 3712
1.727000, 3711
1.728000, 3710
1.730000, 3709
1.732000, 3708
1.734000, 3707
1.738000, 3706
1.739000, 3705
1.750000, 3704
1.754000, 3703
1.755000, 3702
1.755000, 3701
1.757000, 3700
1.759000, 3699
1.759000, 3698
1.760000, 3697
1.763000, 3696
1.767000, 3695
1.769000, 3694
1.772000, 3693
1.772000, 3692
1.773000, 3691
1.773000, 3690
1.774000, 3689
1.775000, 3688
1.776000, 3687
1.777000, 3686
1.777000, 3685
1.786000, 3684
1.791000, 3683
1.792000, 3682
1.795000, 3681
1.799000, 3680
1.799000, 3679
1.800000, 3678
1.802000, 3677
1.804000, 3676
1.805000, 3675
1.806000, 3674
1.806000, 3673
1.809000, 3672
1.812000, 3671
1.812000, 3670
1.813000, 3669
1.814000, 3668
1.815000, 3667
1.817000, 3666
1.819000, 3665
1.820000, 3664
1.822000, 3663
1.825000, 3662
1.826000, 3661
1.827000, 3660
1.827000, 3659
1.827000, 3658
1.827000, 3657
1.831000, 3656
1.835000, 3655
1.838000, 3654
1.839000, 3653
1.840000, 3652
1.845000, 3651
1.848000, 3650
1.848000, 3649
1.851000, 3648
1.854000, 3647
1.855000, 3646
1.855000, 3645
1.859000, 3644
1.861000, 3643
1.863000, 3642
1.864000, 3641
1.868000, 3640
1.870000, 3639
1.871000, 3638
1.874000, 3637
1.879000, 3636
1.881000, 3635
1.882000, 3634
1.882000, 3633
1.884000, 3632
1.885000, 3631
1.886000, 3630
1.888000, 3629
1.888000, 3628
1.891000, 3627
1.893000, 3626
1.894000, 3625
1.896000, 3624
1.899000, 3623
1.902000, 3622
1.903000, 3621
1.905000, 3620
1.906000, 3619
1.907000, 3618
1.907000, 3617
1.907000, 3616
1.908000, 3615
1.909000, 3614
1.913000, 3613
1.917000, 3612
1.921000, 3611
1.923000, 3610
1.923000, 3609
1.925000, 3608
1.928000, 3607
1.932000, 3606
1.935000, 3605
1.936000, 3604
1.939000, 3603
1.939000, 3602
1.942000, 3601
1.942000, 3600
1.943000, 3599
1.944000, 3598
1.945000, 3597
1.946000, 3596
1.946000, 3595
1.948000, 3594
1.951000, 3593
1.955000, 3592
1.955000, 3591
1.956000, 3590
1.958000, 3589
1.960000, 3588
1.961000, 3587
1.965000, 3586
1.976000, 3585
1.977000, 3584
1.981000, 3583
1.981000, 3582
1.983000, 3581
1.983000, 3580
1.987000, 3579
1.987000, 3578
1.991000, 3577
1.999000, 3576
2.001000, 3575
2.007000, 3574
2.012000, 3573
2.013000, 3572
2.021000, 3571
2.023000, 3570
2.025000, 3569
2.027000, 3568
2.027000, 3567
2.032000, 3566
2.033000, 3565
2.036000, 3564
2.039000, 3563
2.040000, 3562
2.043000, 3561
2.049000, 3560
2.050000, 3559
2.051000, 3558
2.054000, 3557
2.063000, 3556
2.064000, 3555
2.064000, 3554
2.070000, 3553
2.070000, 3552
2.074000, 3551
2.077000, 3550
2.078000, 3549
2.078000, 3548
2.080000, 3547
2.081000, 3546
2.083000, 3545
2.084000, 3544
2.085000, 3543
2.096000, 3542
2.101000, 3541
2.102000, 3540
2.109000, 3539
2.111000, 3538
2.114000, 3537
2.116000, 3536
2.126000, 3535
2.129000, 3534
2.133000, 3533
2.133000, 3532
2.140000, 3531
2.146000, 3530
2.148000, 3529
2.152000, 3528
2.156000, 3527
2.159000, 3526
2.159000, 3525
2.160000, 3524
2.165000, 3523
2.169000, 3522
2.169000, 3521
2.174000, 3520
2.175000, 3519
2.181000, 3518
2.188000, 3517
2.196000, 3516
2.197000, 3515
2.199000, 3514
2.210000, 3513
2.210000, 3512
2.213000, 3511
2.215000, 3510
2.215000, 3509
2.216000, 3508
2.216000, 3507
2.218000, 3506
2.219000, 3505
2.223000, 3504
2.228000, 3503
2.243000, 3502
2.244000, 3501
2.246000, 3500
2.248000, 3499
2.250000, 3498
2.256000, 3497
2.259000, 3496
2.261000, 3495
2.267000, 3494
2.269000, 3493
2.275000, 3492
2.277000, 3491
2.279000, 3490
2.281000, 3489
2.286000, 3488
2.291000, 3487
2.295000, 3486
2.296000, 3485
2.296000, 3484
2.300000, 3483
2.308000, 3482
2.308000, 3481
2.322000, 3480
2.326000, 3479
2.333000, 3478
2.335000, 3477
2.342000, 3476
2.345000, 3475
2.349000, 3474
2.351000, 3473
2.353000, 3472
2.355000, 3471
2.360000, 3470
2.364000, 3469
2.370000, 3468
2.373000, 3467
2.374000, 3466
2.381000, 3465
2.383000, 3464
2.391000, 3463
2.396000, 3462
2.413000, 3461
2.413000, 3460
2.414000, 3459
2.416000, 3458
2.417000, 3457
2.420000, 3456
2.422000, 3455
2.428000, 3454
2.435000, 3453
2.439000, 3452
2.456000, 3451
2.459000, 3450
2.466000, 3449
2.478000, 3448
2.481000, 3447
2.494000, 3446
2.502000, 3445
2.505000, 3444
2.507000, 3443
2.520000, 3442
2.529000, 3441
2.558000, 3440
2.559000, 3439
2.560000, 3438
2.561000, 3437
2.562000, 3436
2.566000, 3435
2.578000, 3434
2.580000, 3433
2.580000, 3432
2.599000, 3431
2.606000, 3430
2.607000, 3429
2.616000, 3428
2.631000, 3427
2.647000, 3426
2.668000, 3425
2.681000, 3424
2.688000, 3423
2.694000, 3422
2.706000, 3421
2.711000, 3420
2.723000, 3419
2.728000, 3418
2.746000, 3417
2.752000, 3416
2.762000, 3415
2.788000, 3414
2.791000, 3413
2.802000, 3412
2.808000, 3411
2.811000, 3410
2.814000, 3409
2.819000, 3408
2.846000, 3407
2.851000, 3406
2.851000, 3405
2.856000, 3404
2.861000, 3403
2.863000, 3402
2.863000, 3401
2.865000, 3400
2.867000, 3399
2.882000, 3398
2.885000, 3397
2.889000, 3396
2.896000, 3395
2.914000, 3394
2.925000, 3393
2.934000, 3392
2.991000, 3391
2.994000, 3390
2.995000, 3389
3.013000, 3388
3.015000, 3387
3.027000, 3386
3.039000, 3385
3.054000, 3384
3.067000, 3383
3.094000, 3382
3.153000, 3381
3.161000, 3380
3.187000, 3379
3.200000, 3378
3.211000, 3377
3.212000, 3376
3.247000, 3375
3.259000, 3374
3.274000, 3373
3.313000, 3372
3.319000, 3371
3.348000, 3370
3.357000, 3369
3.381000, 3368
3.385000, 3367
3.389000, 3366
3.392000, 3365
3.393000, 3364
3.417000, 3363
3.441000, 3362
3.442000, 3361
3.482000, 3360
3.539000, 3359
3.541000, 3358
3.542000, 3357
3.557000, 3356
3.600000, 3355
3.611000, 3354
3.617000, 3353
3.626000, 3352
3.799000, 3351
3.799000, 3350
3.852000, 3349
3.858000, 3348
3.963000, 3347
4.008000, 3346
4.013000, 3345
4.118000, 3344
4.250000, 3343
4.433000, 3342
4.655000, 3341
4.729000, 3340
4.893000, 3339
5.414000, 3338
