0.114000, 6101
0.117000, 6100
0.117000, 6099
0.118000, 6098
0.119000, 6097
0.120000, 6096
0.120000, 6095
0.120000, 6094
0.120000, 6093
0.120000, 6092
0.121000, 6091
0.121000, 6090
0.121000, 6089
0.122000, 6088
0.123000, 6087
0.124000, 6086
0.124000, 6085
0.124000, 6084
0.125000, 6083
0.126000, 6082
0.126000, 6081
0.126000, 6080
0.126000, 6079
0.127000, 6078
0.127000, 6077
0.128000, 6076
0.129000, 6075
0.130000, 6074
0.132000, 6073
0.132000, 6072
0.132000, 6071
0.132000, 6070
0.133000, 6069
0.134000, 6068
0.134000, 6067
0.135000, 6066
0.137000, 6065
0.140000, 6064
0.141000, 6063
0.141000, 6062
0.142000, 6061
0.142000, 6060
0.142000, 6059
0.143000, 6058
0.144000, 6057
0.144000, 6056
0.144000, 6055
0.144000, 6054
0.145000, 6053
0.145000, 6052
0.146000, 6051
0.147000, 6050
0.149000, 6049
0.149000, 6048
0.150000, 6047
0.150000, 6046
0.151000, 6045
0.152000, 6044
0.153000, 6043
0.153000, 6042
0.153000, 6041
0.154000, 6040
0.155000, 6039
0.156000, 6038
0.157000, 6037
0.157000, 6036
0.158000, 6035
0.158000, 6034
0.160000, 6033
0.160000, 6032
0.160000, 6031
0.161000, 6030
0.162000, 6029
0.162000, 6028
0.163000, 6027
0.163000, 6026
0.164000, 6025
0.164000, 6024
0.165000, 6023
0.166000, 6022
0.166000, 6021
0.167000, 6020
0.168000, 6019
0.169000, 6018
0.170000, 6017
0.170000, 6016
0.171000, 6015
0.171000, 6014
0.171000, 6013
0.173000, 6012
0.174000, 6011
0.175000, 6010
0.175000, 6009
0.175000, 6008
0.178000, 6007
0.178000, 6006
0.179000, 6005
0.181000, 6004
0.181000, 6003
0.183000, 6002
0.183000, 6001
0.184000, 6000
0.184000, 5999
0.185000, 5998
0.185000, 5997
0.185000, 5996
0.185000, 5995
0.186000, 5994
0.186000, 5993
0.187000, 5992
0.187000, 5991
0.188000, 5990
0.188000, 5989
0.189000, 5988
0.189000, 5987
0.190000, 5986
0.190000, 5985
0.191000, 5984
0.192000, 5983
0.193000, 5982
0.194000, 5981
0.195000, 5980
0.195000, 5979
0.196000, 5978
0.196000, 5977
0.197000, 5976
0.197000, 5975
0.197000, 5974
0.198000, 5973
0.198000, 5972
0.199000, 5971
0.200000, 5970
0.200000, 5969
0.200000, 5968
0.201000, 5967
0.207000, 5966
0.207000, 5965
0.208000, 5964
0.208000, 5963
0.208000, 5962
0.208000, 5961
0.209000, 5960
0.210000, 5959
0.210000, 5958
0.211000, 5957
0.211000, 5956
0.212000, 5955
0.212000, 5954
0.212000, 5953
0.212000, 5952
0.213000, 5951
0.214000, 5950
0.216000, 5949
0.216000, 5948
0.216000, 5947
0.217000, 5946
0.217000, 5945
0.217000, 5944
0.217000, 5943
0.217000, 5942
0.217000, 5941
0.218000, 5940
0.218000, 5939
0.219000, 5938
0.219000, 5937
0.219000, 5936
0.219000, 5935
0.219000, 5934
0.220000, 5933
0.220000, 5932
0.220000, 5931
0.221000, 5930
0.221000, 5929
0.221000, 5928
0.222000, 5927
0.222000, 5926
0.224000, 5925
0.224000, 5924
0.225000, 5923
0.226000, 5922
0.226000, 5921
0.226000, 5920
0.226000, 5919
0.227000, 5918
0.227000, 5917
0.228000, 5916
0.228000, 5915
0.228000, 5914
0.229000, 5913
0.229000, 5912
0.229000, 5911
0.229000, 5910
0.229000, 5909
0.230000, 5908
0.230000, 5907
0.231000, 5906
0.232000, 5905
0.232000, 5904
0.233000, 5903
0.233000, 5902
0.234000, 5901
0.234000, 5900
0.235000, 5899
0.235000, 5898
0.235000, 5897
0.235000, 5896
0.235000, 5895
0.235000, 5894
0.236000, 5893
0.236000, 5892
0.236000, 5891
0.237000, 5890
0.237000, 5889
0.238000, 5888
0.238000, 5887
0.239000, 5886
0.239000, 5885
0.239000, 5884
0.240000, 5883
0.240000, 5882
0.241000, 5881
0.241000, 5880
0.241000, 5879
0.241000, 5878
0.242000, 5877
0.243000, 5876
0.243000, 5875
0.243000, 5874
0.244000, 5873
0.245000, 5872
0.245000, 5871
0.246000, 5870
0.247000, 5869
0.247000, 5868
0.248000, 5867
0.249000, 5866
0.249000, 5865
0.250000, 5864
0.251000, 5863
0.251000, 5862
0.251000, 5861
0.251000, 5860
0.252000, 5859
0.252000, 5858
0.252000, 5857
0.254000, 5856
0.254000, 5855
0.255000, 5854
0.255000, 5853
0.256000, 5852
0.257000, 5851
0.257000, 5850
0.258000, 5849
0.258000, 5848
0.259000, 5847
0.259000, 5846
0.260000, 5845
0.261000, 5844
0.261000, 5843
0.261000, 5842
0.262000, 5841
0.262000, 5840
0.262000, 5839
0.263000, 5838
0.263000, 5837
0.263000, 5836
0.263000, 5835
0.263000, 5834
0.264000, 5833
0.265000, 5832
0.265000, 5831
0.266000, 5830
0.266000, 5829
0.266000, 5828
0.267000, 5827
0.268000, 5826
0.268000, 5825
0.269000, 5824
0.269000, 5823
0.269000, 5822
0.269000, 5821
0.270000, 5820
0.270000, 5819
0.270000, 5818
0.272000, 5817
0.272000, 5816
0.272000, 5815
0.273000, 5814
0.273000, 5813
0.273000, 5812
0.274000, 5811
0.274000, 5810
0.274000, 5809
0.274000, 5808
0.276000, 5807
0.277000, 5806
0.278000, 5805
0.279000, 5804
0.279000, 5803
0.279000, 5802
0.281000, 5801
0.282000, 5800
0.282000, 5799
0.282000, 5798
0.283000, 5797
0.283000, 5796
0.283000, 5795
0.284000, 5794
0.284000, 5793
0.284000, 5792
0.285000, 5791
0.285000, 5790
0.286000, 5789
0.286000, 5788
0.286000, 5787
0.287000, 5786
0.287000, 5785
0.288000, 5784
0.288000, 5783
0.289000, 5782
0.290000, 5781
0.290000, 5780
0.290000, 5779
0.290000, 5778
0.290000, 5777
0.291000, 5776
0.291000, 5775
0.292000, 5774
0.292000, 5773
0.292000, 5772
0.292000, 5771
0.293000, 5770
0.293000, 5769
0.294000, 5768
0.295000, 5767
0.295000, 5766
0.296000, 5765
0.296000, 5764
0.297000, 5763
0.297000, 5762
0.297000, 5761
0.297000, 5760
0.299000, 5759
0.299000, 5758
0.300000, 5757
0.300000, 5756
0.300000, 5755
0.300000, 5754
0.300000, 5753
0.301000, 5752
0.301000, 5751
0.301000, 5750
0.301000, 5749
0.302000, 5748
0.302000, 5747
0.303000, 5746
0.303000, 5745
0.304000, 5744
0.304000, 5743
0.304000, 5742
0.305000, 5741
0.305000, 5740
0.306000, 5739
0.308000, 5738
0.308000, 5737
0.308000, 5736
0.309000, 5735
0.309000, 5734
0.309000, 5733
0.310000, 5732
0.311000, 5731
0.312000, 5730
0.312000, 5729
0.312000, 5728
0.313000, 5727
0.313000, 5726
0.314000, 5725
0.314000, 5724
0.314000, 5723
0.315000, 5722
0.316000, 5721
0.316000, 5720
0.316000, 5719
0.317000, 5718
0.317000, 5717
0.318000, 5716
0.319000, 5715
0.319000, 5714
0.320000, 5713
0.320000, 5712
0.320000, 5711
0.321000, 5710
0.321000, 5709
0.321000, 5708
0.322000, 5707
0.322000, 5706
0.323000, 5705
0.323000, 5704
0.323000, 5703
0.323000, 5702
0.324000, 5701
0.324000, 5700
0.325000, 5699
0.325000, 5698
0.326000, 5697
0.326000, 5696
0.327000, 5695
0.327000, 5694
0.327000, 5693
0.327000, 5692
0.328000, 5691
0.328000, 5690
0.328000, 5689
0.329000, 5688
0.330000, 5687
0.330000, 5686
0.330000, 5685
0.330000, 5684
0.331000, 5683
0.331000, 5682
0.331000, 5681
0.332000, 5680
0.332000, 5679
0.333000, 5678
0.334000, 5677
0.335000, 5676
0.335000, 5675
0.335000, 5674
0.336000, 5673
0.336000, 5672
0.337000, 5671
0.337000, 5670
0.338000, 5669
0.338000, 5668
0.338000, 5667
0.340000, 5666
0.342000, 5665
0.344000, 5664
0.345000, 5663
0.345000, 5662
0.345000, 5661
0.346000, 5660
0.346000, 5659
0.346000, 5658
0.347000, 5657
0.347000, 5656
0.348000, 5655
0.348000, 5654
0.348000, 5653
0.349000, 5652
0.349000, 5651
0.349000, 5650
0.349000, 5649
0.349000, 5648
0.350000, 5647
0.350000, 5646
0.351000, 5645
0.351000, 5644
0.352000, 5643
0.353000, 5642
0.354000, 5641
0.354000, 5640
0.354000, 5639
0.354000, 5638
0.355000, 5637
0.355000, 5636
0.355000, 5635
0.356000, 5634
0.356000, 5633
0.356000, 5632
0.356000, 5631
0.357000, 5630
0.357000, 5629
0.357000, 5628
0.358000, 5627
0.358000, 5626
0.358000, 5625
0.358000, 5624
0.359000, 5623
0.359000, 5622
0.360000, 5621
0.360000, 5620
0.362000, 5619
0.362000, 5618
0.362000, 5617
0.363000, 5616
0.364000, 5615
0.364000, 5614
0.370000, 5613
0.371000, 5612
0.371000, 5611
0.372000, 5610
0.372000, 5609
0.373000, 5608
0.373000, 5607
0.373000, 5606
0.374000, 5605
0.374000, 5604
0.374000, 5603
0.374000, 5602
0.374000, 5601
0.375000, 5600
0.375000, 5599
0.375000, 5598
0.376000, 5597
0.376000, 5596
0.376000, 5595
0.377000, 5594
0.377000, 5593
0.378000, 5592
0.379000, 5591
0.379000, 5590
0.380000, 5589
0.380000, 5588
0.381000, 5587
0.381000, 5586
0.382000, 5585
0.382000, 5584
0.383000, 5583
0.383000, 5582
0.383000, 5581
0.383000, 5580
0.383000, 5579
0.384000, 5578
0.384000, 5577
0.384000, 5576
0.384000, 5575
0.384000, 5574
0.385000, 5573
0.385000, 5572
0.386000, 5571
0.386000, 5570
0.386000, 5569
0.386000, 5568
0.386000, 5567
0.387000, 5566
0.388000, 5565
0.388000, 5564
0.389000, 5563
0.389000, 5562
0.390000, 5561
0.390000, 5560
0.390000, 5559
0.391000, 5558
0.391000, 5557
0.392000, 5556
0.393000, 5555
0.394000, 5554
0.394000, 5553
0.395000, 5552
0.395000, 5551
0.396000, 5550
0.396000, 5549
0.397000, 5548
0.397000, 5547
0.398000, 5546
0.399000, 5545
0.399000, 5544
0.399000, 5543
0.400000, 5542
0.400000, 5541
0.401000, 5540
0.401000, 5539
0.401000, 5538
0.402000, 5537
0.403000, 5536
0.403000, 5535
0.403000, 5534
0.404000, 5533
0.404000, 5532
0.404000, 5531
0.404000, 5530
0.405000, 5529
0.405000, 5528
0.406000, 5527
0.406000, 5526
0.406000, 5525
0.406000, 5524
0.406000, 5523
0.407000, 5522
0.408000, 5521
0.408000, 5520
0.408000, 5519
0.408000, 5518
0.409000, 5517
0.409000, 5516
0.410000, 5515
0.410000, 5514
0.410000, 5513
0.411000, 5512
0.411000, 5511
0.412000, 5510
0.412000, 5509
0.412000, 5508
0.413000, 5507
0.413000, 5506
0.414000, 5505
0.414000, 5504
0.415000, 5503
0.415000, 5502
0.416000, 5501
0.416000, 5500
0.417000, 5499
0.417000, 5498
0.417000, 5497
0.418000, 5496
0.418000, 5495
0.419000, 5494
0.419000, 5493
0.420000, 5492
0.421000, 5491
0.421000, 5490
0.422000, 5489
0.422000, 5488
0.422000, 5487
0.422000, 5486
0.423000, 5485
0.424000, 5484
0.424000, 5483
0.424000, 5482
0.425000, 5481
0.425000, 5480
0.426000, 5479
0.427000, 5478
0.427000, 5477
0.430000, 5476
0.430000, 5475
0.431000, 5474
0.431000, 5473
0.431000, 5472
0.432000, 5471
0.432000, 5470
0.432000, 5469
0.433000, 5468
0.433000, 5467
0.434000, 5466
0.434000, 5465
0.434000, 5464
0.434000, 5463
0.435000, 5462
0.435000, 5461
0.435000, 5460
0.436000, 5459
0.436000, 5458
0.437000, 5457
0.437000, 5456
0.437000, 5455
0.437000, 5454
0.437000, 5453
0.438000, 5452
0.438000, 5451
0.438000, 5450
0.439000, 5449
0.439000, 5448
0.440000, 5447
0.440000, 5446
0.441000, 5445
0.442000, 5444
0.442000, 5443
0.443000, 5442
0.443000, 5441
0.443000, 5440
0.445000, 5439
0.445000, 5438
0.445000, 5437
0.445000, 5436
0.447000, 5435
0.448000, 5434
0.449000, 5433
0.449000, 5432
0.449000, 5431
0.450000, 5430
0.451000, 5429
0.451000, 5428
0.451000, 5427
0.451000, 5426
0.451000, 5425
0.452000, 5424
0.452000, 5423
0.453000, 5422
0.454000, 5421
0.454000, 5420
0.455000, 5419
0.455000, 5418
0.456000, 5417
0.456000, 5416
0.456000, 5415
0.456000, 5414
0.457000, 5413
0.457000, 5412
0.457000, 5411
0.457000, 5410
0.457000, 5409
0.458000, 5408
0.458000, 5407
0.458000, 5406
0.459000, 5405
0.459000, 5404
0.459000, 5403
0.461000, 5402
0.461000, 5401
0.461000, 5400
0.461000, 5399
0.462000, 5398
0.464000, 5397
0.464000, 5396
0.465000, 5395
0.465000, 5394
0.466000, 5393
0.466000, 5392
0.467000, 5391
0.467000, 5390
0.467000, 5389
0.468000, 5388
0.468000, 5387
0.468000, 5386
0.469000, 5385
0.469000, 5384
0.470000, 5383
0.470000, 5382
0.471000, 5381
0.472000, 5380
0.472000, 5379
0.474000, 5378
0.474000, 5377
0.474000, 5376
0.475000, 5375
0.475000, 5374
0.475000, 5373
0.475000, 5372
0.476000, 5371
0.476000, 5370
0.476000, 5369
0.477000, 5368
0.477000, 5367
0.478000, 5366
0.479000, 5365
0.479000, 5364
0.480000, 5363
0.480000, 5362
0.481000, 5361
0.482000, 5360
0.482000, 5359
0.482000, 5358
0.482000, 5357
0.482000, 5356
0.483000, 5355
0.483000, 5354
0.483000, 5353
0.485000, 5352
0.485000, 5351
0.485000, 5350
0.486000, 5349
0.486000, 5348
0.487000, 5347
0.487000, 5346
0.488000, 5345
0.488000, 5344
0.488000, 5343
0.489000, 5342
0.489000, 5341
0.489000, 5340
0.490000, 5339
0.490000, 5338
0.491000, 5337
0.491000, 5336
0.492000, 5335
0.492000, 5334
0.492000, 5333
0.493000, 5332
0.493000, 5331
0.493000, 5330
0.493000, 5329
0.494000, 5328
0.494000, 5327
0.494000, 5326
0.495000, 5325
0.495000, 5324
0.495000, 5323
0.495000, 5322
0.496000, 5321
0.496000, 5320
0.496000, 5319
0.497000, 5318
0.497000, 5317
0.497000, 5316
0.498000, 5315
0.498000, 5314
0.499000, 5313
0.499000, 5312
0.500000, 5311
0.501000, 5310
0.501000, 5309
0.501000, 5308
0.502000, 5307
0.503000, 5306
0.503000, 5305
0.503000, 5304
0.503000, 5303
0.504000, 5302
0.504000, 5301
0.505000, 5300
0.505000, 5299
0.506000, 5298
0.506000, 5297
0.507000, 5296
0.508000, 5295
0.508000, 5294
0.509000, 5293
0.509000, 5292
0.509000, 5291
0.510000, 5290
0.510000, 5289
0.511000, 5288
0.511000, 5287
0.512000, 5286
0.512000, 5285
0.513000, 5284
0.515000, 5283
0.515000, 5282
0.515000, 5281
0.516000, 5280
0.516000, 5279
0.517000, 5278
0.518000, 5277
0.518000, 5276
0.518000, 5275
0.519000, 5274
0.520000, 5273
0.520000, 5272
0.521000, 5271
0.521000, 5270
0.521000, 5269
0.521000, 5268
0.523000, 5267
0.523000, 5266
0.524000, 5265
0.525000, 5264
0.525000, 5263
0.526000, 5262
0.531000, 5261
0.532000, 5260
0.532000, 5259
0.533000, 5258
0.533000, 5257
0.534000, 5256
0.534000, 5255
0.534000, 5254
0.534000, 5253
0.535000, 5252
0.535000, 5251
0.535000, 5250
0.536000, 5249
0.536000, 5248
0.536000, 5247
0.536000, 5246
0.536000, 5245
0.537000, 5244
0.537000, 5243
0.538000, 5242
0.539000, 5241
0.539000, 5240
0.540000, 5239
0.540000, 5238
0.540000, 5237
0.540000, 5236
0.540000, 5235
0.541000, 5234
0.541000, 5233
0.542000, 5232
0.542000, 5231
0.542000, 5230
0.542000, 5229
0.543000, 5228
0.543000, 5227
0.543000, 5226
0.543000, 5225
0.544000, 5224
0.544000, 5223
0.545000, 5222
0.545000, 5221
0.546000, 5220
0.546000, 5219
0.546000, 5218
0.546000, 5217
0.547000, 5216
0.547000, 5215
0.547000, 5214
0.547000, 5213
0.548000, 5212
0.548000, 5211
0.548000, 5210
0.549000, 5209
0.552000, 5208
0.552000, 5207
0.552000, 5206
0.552000, 5205
0.552000, 5204
0.554000, 5203
0.554000, 5202
0.555000, 5201
0.555000, 5200
0.557000, 5199
0.557000, 5198
0.557000, 5197
0.558000, 5196
0.559000, 5195
0.559000, 5194
0.560000, 5193
0.560000, 5192
0.560000, 5191
0.561000, 5190
0.561000, 5189
0.562000, 5188
0.563000, 5187
0.563000, 5186
0.564000, 5185
0.565000, 5184
0.566000, 5183
0.566000, 5182
0.566000, 5181
0.566000, 5180
0.566000, 5179
0.567000, 5178
0.567000, 5177
0.567000, 5176
0.568000, 5175
0.568000, 5174
0.568000, 5173
0.568000, 5172
0.570000, 5171
0.570000, 5170
0.571000, 5169
0.571000, 5168
0.571000, 5167
0.572000, 5166
0.572000, 5165
0.572000, 5164
0.573000, 5163
0.574000, 5162
0.574000, 5161
0.575000, 5160
0.576000, 5159
0.576000, 5158
0.576000, 5157
0.576000, 5156
0.577000, 5155
0.577000, 5154
0.578000, 5153
0.579000, 5152
0.579000, 5151
0.580000, 5150
0.581000, 5149
0.581000, 5148
0.581000, 5147
0.581000, 5146
0.582000, 5145
0.583000, 5144
0.584000, 5143
0.584000, 5142
0.585000, 5141
0.586000, 5140
0.586000, 5139
0.588000, 5138
0.588000, 5137
0.589000, 5136
0.590000, 5135
0.590000, 5134
0.591000, 5133
0.591000, 5132
0.591000, 5131
0.592000, 5130
0.593000, 5129
0.593000, 5128
0.593000, 5127
0.594000, 5126
0.594000, 5125
0.595000, 5124
0.596000, 5123
0.596000, 5122
0.597000, 5121
0.597000, 5120
0.598000, 5119
0.598000, 5118
0.598000, 5117
0.598000, 5116
0.599000, 5115
0.599000, 5114
0.599000, 5113
0.600000, 5112
0.600000, 5111
0.601000, 5110
0.601000, 5109
0.601000, 5108
0.602000, 5107
0.603000, 5106
0.603000, 5105
0.603000, 5104
0.605000, 5103
0.605000, 5102
0.606000, 5101
0.607000, 5100
0.607000, 5099
0.608000, 5098
0.608000, 5097
0.608000, 5096
0.609000, 5095
0.609000, 5094
0.612000, 5093
0.612000, 5092
0.612000, 5091
0.614000, 5090
0.614000, 5089
0.614000, 5088
0.615000, 5087
0.615000, 5086
0.616000, 5085
0.616000, 5084
0.616000, 5083
0.616000, 5082
0.617000, 5081
0.618000, 5080
0.618000, 5079
0.619000, 5078
0.620000, 5077
0.621000, 5076
0.621000, 5075
0.622000, 5074
0.622000, 5073
0.623000, 5072
0.623000, 5071
0.624000, 5070
0.625000, 5069
0.625000, 5068
0.626000, 5067
0.626000, 5066
0.626000, 5065
0.626000, 5064
0.627000, 5063
0.627000, 5062
0.627000, 5061
0.628000, 5060
0.628000, 5059
0.628000, 5058
0.628000, 5057
0.628000, 5056
0.629000, 5055
0.629000, 5054
0.630000, 5053
0.630000, 5052
0.631000, 5051
0.632000, 5050
0.632000, 5049
0.632000, 5048
0.633000, 5047
0.633000, 5046
0.633000, 5045
0.634000, 5044
0.634000, 5043
0.635000, 5042
0.636000, 5041
0.636000, 5040
0.637000, 5039
0.637000, 5038
0.637000, 5037
0.638000, 5036
0.639000, 5035
0.639000, 5034
0.639000, 5033
0.639000, 5032
0.640000, 5031
0.640000, 5030
0.640000, 5029
0.641000, 5028
0.642000, 5027
0.642000, 5026
0.642000, 5025
0.642000, 5024
0.643000, 5023
0.644000, 5022
0.644000, 5021
0.644000, 5020
0.645000, 5019
0.645000, 5018
0.646000, 5017
0.646000, 5016
0.647000, 5015
0.647000, 5014
0.649000, 5013
0.649000, 5012
0.649000, 5011
0.649000, 5010
0.650000, 5009
0.651000, 5008
0.652000, 5007
0.652000, 5006
0.652000, 5005
0.653000, 5004
0.653000, 5003
0.653000, 5002
0.654000, 5001
0.655000, 5000
0.657000, 4999
0.657000, 4998
0.657000, 4997
0.658000, 4996
0.658000, 4995
0.658000, 4994
0.659000, 4993
0.659000, 4992
0.659000, 4991
0.660000, 4990
0.660000, 4989
0.662000, 4988
0.662000, 4987
0.663000, 4986
0.663000, 4985
0.663000, 4984
0.664000, 4983
0.665000, 4982
0.666000, 4981
0.667000, 4980
0.667000, 4979
0.668000, 4978
0.668000, 4977
0.668000, 4976
0.669000, 4975
0.669000, 4974
0.670000, 4973
0.670000, 4972
0.670000, 4971
0.671000, 4970
0.671000, 4969
0.672000, 4968
0.672000, 4967
0.673000, 4966
0.673000, 4965
0.673000, 4964
0.673000, 4963
0.674000, 4962
0.674000, 4961
0.675000, 4960
0.676000, 4959
0.676000, 4958
0.676000, 4957
0.677000, 4956
0.678000, 4955
0.679000, 4954
0.686000, 4953
0.686000, 4952
0.686000, 4951
0.687000, 4950
0.687000, 4949
0.688000, 4948
0.688000, 4947
0.690000, 4946
0.690000, 4945
0.691000, 4944
0.691000, 4943
0.691000, 4942
0.691000, 4941
0.691000, 4940
0.692000, 4939
0.692000, 4938
0.692000, 4937
0.694000, 4936
0.695000, 4935
0.696000, 4934
0.696000, 4933
0.697000, 4932
0.697000, 4931
0.697000, 4930
0.697000, 4929
0.698000, 4928
0.698000, 4927
0.698000, 4926
0.698000, 4925
0.699000, 4924
0.699000, 4923
0.699000, 4922
0.700000, 4921
0.700000, 4920
0.701000, 4919
0.701000, 4918
0.702000, 4917
0.704000, 4916
0.704000, 4915
0.704000, 4914
0.705000, 4913
0.706000, 4912
0.706000, 4911
0.707000, 4910
0.708000, 4909
0.708000, 4908
0.709000, 4907
0.710000, 4906
0.711000, 4905
0.712000, 4904
0.712000, 4903
0.713000, 4902
0.713000, 4901
0.714000, 4900
0.715000, 4899
0.716000, 4898
0.717000, 4897
0.717000, 4896
0.718000, 4895
0.718000, 4894
0.718000, 4893
0.719000, 4892
0.719000, 4891
0.720000, 4890
0.720000, 4889
0.722000, 4888
0.723000, 4887
0.724000, 4886
0.724000, 4885
0.724000, 4884
0.725000, 4883
0.725000, 4882
0.725000, 4881
0.726000, 4880
0.726000, 4879
0.727000, 4878
0.727000, 4877
0.727000, 4876
0.728000, 4875
0.728000, 4874
0.728000, 4873
0.729000, 4872
0.729000, 4871
0.730000, 4870
0.730000, 4869
0.731000, 4868
0.731000, 4867
0.732000, 4866
0.732000, 4865
0.732000, 4864
0.733000, 4863
0.733000, 4862
0.734000, 4861
0.734000, 4860
0.734000, 4859
0.735000, 4858
0.735000, 4857
0.736000, 4856
0.736000, 4855
0.737000, 4854
0.738000, 4853
0.738000, 4852
0.739000, 4851
0.740000, 4850
0.741000, 4849
0.742000, 4848
0.742000, 4847
0.742000, 4846
0.743000, 4845
0.743000, 4844
0.744000, 4843
0.745000, 4842
0.747000, 4841
0.748000, 4840
0.748000, 4839
0.748000, 4838
0.748000, 4837
0.749000, 4836
0.749000, 4835
0.749000, 4834
0.750000, 4833
0.750000, 4832
0.751000, 4831
0.752000, 4830
0.753000, 4829
0.754000, 4828
0.757000, 4827
0.757000, 4826
0.757000, 4825
0.758000, 4824
0.758000, 4823
0.758000, 4822
0.759000, 4821
0.759000, 4820
0.760000, 4819
0.760000, 4818
0.760000, 4817
0.761000, 4816
0.761000, 4815
0.761000, 4814
0.762000, 4813
0.763000, 4812
0.763000, 4811
0.763000, 4810
0.763000, 4809
0.763000, 4808
0.764000, 4807
0.764000, 4806
0.764000, 4805
0.765000, 4804
0.765000, 4803
0.765000, 4802
0.766000, 4801
0.767000, 4800
0.767000, 4799
0.768000, 4798
0.769000, 4797
0.769000, 4796
0.770000, 4795
0.771000, 4794
0.771000, 4793
0.771000, 4792
0.772000, 4791
0.772000, 4790
0.772000, 4789
0.772000, 4788
0.772000, 4787
0.772000, 4786
0.772000, 4785
0.774000, 4784
0.775000, 4783
0.776000, 4782
0.778000, 4781
0.778000, 4780
0.779000, 4779
0.779000, 4778
0.780000, 4777
0.781000, 4776
0.781000, 4775
0.781000, 4774
0.781000, 4773
0.781000, 4772
0.782000, 4771
0.782000, 4770
0.782000, 4769
0.783000, 4768
0.783000, 4767
0.784000, 4766
0.785000, 4765
0.785000, 4764
0.785000, 4763
0.786000, 4762
0.786000, 4761
0.786000, 4760
0.787000, 4759
0.787000, 4758
0.788000, 4757
0.788000, 4756
0.789000, 4755
0.790000, 4754
0.790000, 4753
0.791000, 4752
0.791000, 4751
0.792000, 4750
0.792000, 4749
0.792000, 4748
0.793000, 4747
0.793000, 4746
0.793000, 4745
0.794000, 4744
0.795000, 4743
0.796000, 4742
0.797000, 4741
0.797000, 4740
0.799000, 4739
0.799000, 4738
0.799000, 4737
0.801000, 4736
0.802000, 4735
0.802000, 4734
0.802000, 4733
0.804000, 4732
0.805000, 4731
0.805000, 4730
0.806000, 4729
0.806000, 4728
0.808000, 4727
0.808000, 4726
0.809000, 4725
0.809000, 4724
0.810000, 4723
0.811000, 4722
0.811000, 4721
0.812000, 4720
0.812000, 4719
0.813000, 4718
0.813000, 4717
0.814000, 4716
0.814000, 4715
0.816000, 4714
0.816000, 4713
0.816000, 4712
0.817000, 4711
0.818000, 4710
0.819000, 4709
0.819000, 4708
0.820000, 4707
0.821000, 4706
0.821000, 4705
0.823000, 4704
0.824000, 4703
0.825000, 4702
0.825000, 4701
0.828000, 4700
0.828000, 4699
0.828000, 4698
0.829000, 4697
0.829000, 4696
0.830000, 4695
0.831000, 4694
0.831000, 4693
0.833000, 4692
0.833000, 4691
0.834000, 4690
0.835000, 4689
0.836000, 4688
0.836000, 4687
0.836000, 4686
0.837000, 4685
0.837000, 4684
0.837000, 4683
0.838000, 4682
0.839000, 4681
0.839000, 4680
0.840000, 4679
0.841000, 4678
0.841000, 4677
0.844000, 4676
0.845000, 4675
0.845000, 4674
0.846000, 4673
0.846000, 4672
0.848000, 4671
0.849000, 4670
0.849000, 4669
0.849000, 4668
0.850000, 4667
0.850000, 4666
0.852000, 4665
0.853000, 4664
0.853000, 4663
0.854000, 4662
0.854000, 4661
0.854000, 4660
0.854000, 4659
0.854000, 4658
0.855000, 4657
0.855000, 4656
0.856000, 4655
0.856000, 4654
0.856000, 4653
0.857000, 4652
0.857000, 4651
0.858000, 4650
0.858000, 4649
0.858000, 4648
0.858000, 4647
0.859000, 4646
0.860000, 4645
0.860000, 4644
0.861000, 4643
0.862000, 4642
0.862000, 4641
0.863000, 4640
0.863000, 4639
0.864000, 4638
0.865000, 4637
0.865000, 4636
0.867000, 4635
0.868000, 4634
0.868000, 4633
0.869000, 4632
0.870000, 4631
0.871000, 4630
0.871000, 4629
0.872000, 4628
0.872000, 4627
0.873000, 4626
0.878000, 4625
0.878000, 4624
0.879000, 4623
0.879000, 4622
0.880000, 4621
0.881000, 4620
0.881000, 4619
0.882000, 4618
0.883000, 4617
0.884000, 4616
0.886000, 4615
0.886000, 4614
0.886000, 4613
0.887000, 4612
0.887000, 4611
0.888000, 4610
0.889000, 4609
0.891000, 4608
0.892000, 4607
0.892000, 4606
0.893000, 4605
0.893000, 4604
0.893000, 4603
0.894000, 4602
0.894000, 4601
0.894000, 4600
0.895000, 4599
0.895000, 4598
0.896000, 4597
0.897000, 4596
0.898000, 4595
0.900000, 4594
0.900000, 4593
0.900000, 4592
0.901000, 4591
0.902000, 4590
0.903000, 4589
0.904000, 4588
0.904000, 4587
0.906000, 4586
0.906000, 4585
0.907000, 4584
0.908000, 4583
0.908000, 4582
0.908000, 4581
0.909000, 4580
0.909000, 4579
0.913000, 4578
0.914000, 4577
0.914000, 4576
0.915000, 4575
0.916000, 4574
0.916000, 4573
0.918000, 4572
0.918000, 4571
0.919000, 4570
0.920000, 4569
0.920000, 4568
0.921000, 4567
0.921000, 4566
0.921000, 4565
0.922000, 4564
0.922000, 4563
0.923000, 4562
0.924000, 4561
0.925000, 4560
0.926000, 4559
0.927000, 4558
0.928000, 4557
0.929000, 4556
0.931000, 4555
0.931000, 4554
0.932000, 4553
0.933000, 4552
0.933000, 4551
0.934000, 4550
0.936000, 4549
0.937000, 4548
0.937000, 4547
0.938000, 4546
0.939000, 4545
0.939000, 4544
0.939000, 4543
0.940000, 4542
0.941000, 4541
0.941000, 4540
0.944000, 4539
0.945000, 4538
0.947000, 4537
0.948000, 4536
0.951000, 4535
0.953000, 4534
0.954000, 4533
0.954000, 4532
0.955000, 4531
0.956000, 4530
0.956000, 4529
0.956000, 4528
0.956000, 4527
0.957000, 4526
0.957000, 4525
0.957000, 4524
0.958000, 4523
0.960000, 4522
0.960000, 4521
0.961000, 4520
0.962000, 4519
0.962000, 4518
0.963000, 4517
0.963000, 4516
0.963000, 4515
0.964000, 4514
0.965000, 4513
0.966000, 4512
0.967000, 4511
0.969000, 4510
0.969000, 4509
0.970000, 4508
0.970000, 4507
0.971000, 4506
0.971000, 4505
0.971000, 4504
0.972000, 4503
0.972000, 4502
0.972000, 4501
0.973000, 4500
0.974000, 4499
0.975000, 4498
0.976000, 4497
0.976000, 4496
0.977000, 4495
0.977000, 4494
0.979000, 4493
0.979000, 4492
0.986000, 4491
0.987000, 4490
0.987000, 4489
0.995000, 4488
0.998000, 4487
0.998000, 4486
0.998000, 4485
0.999000, 4484
1.000000, 4483
1.001000, 4482
1.001000, 4481
1.002000, 4480
1.002000, 4479
1.003000, 4478
1.003000, 4477
1.004000, 4476
1.004000, 4475
1.005000, 4474
1.005000, 4473
1.005000, 4472
1.006000, 4471
1.006000, 4470
1.008000, 4469
1.009000, 4468
1.010000, 4467
1.011000, 4466
1.011000, 4465
1.011000, 4464
1.011000, 4463
1.012000, 4462
1.012000, 4461
1.013000, 4460
1.013000, 4459
1.014000, 4458
1.014000, 4457
1.015000, 4456
1.016000, 4455
1.017000, 4454
1.017000, 4453
1.018000, 4452
1.019000, 4451
1.019000, 4450
1.020000, 4449
1.023000, 4448
1.025000, 4447
1.026000, 4446
1.026000, 4445
1.027000, 4444
1.027000, 4443
1.027000, 4442
1.028000, 4441
1.029000, 4440
1.029000, 4439
1.030000, 4438
1.031000, 4437
1.033000, 4436
1.033000, 4435
1.034000, 4434
1.034000, 4433
1.035000, 4432
1.035000, 4431
1.036000, 4430
1.036000, 4429
1.037000, 4428
1.037000, 4427
1.037000, 4426
1.037000, 4425
1.037000, 4424
1.039000, 4423
1.040000, 4422
1.040000, 4421
1.040000, 4420
1.041000, 4419
1.041000, 4418
1.041000, 4417
1.041000, 4416
1.043000, 4415
1.043000, 4414
1.044000, 4413
1.045000, 4412
1.046000, 4411
1.049000, 4410
1.049000, 4409
1.051000, 4408
1.051000, 4407
1.051000, 4406
1.051000, 4405
1.052000, 4404
1.052000, 4403
1.053000, 4402
1.053000, 4401
1.053000, 4400
1.054000, 4399
1.054000, 4398
1.055000, 4397
1.056000, 4396
1.056000, 4395
1.057000, 4394
1.058000, 4393
1.059000, 4392
1.060000, 4391
1.061000, 4390
1.061000, 4389
1.062000, 4388
1.063000, 4387
1.064000, 4386
1.066000, 4385
1.066000, 4384
1.067000, 4383
1.067000, 4382
1.068000, 4381
1.068000, 4380
1.069000, 4379
1.069000, 4378
1.069000, 4377
1.071000, 4376
1.071000, 4375
1.072000, 4374
1.072000, 4373
1.072000, 4372
1.073000, 4371
1.073000, 4370
1.073000, 4369
1.073000, 4368
1.073000, 4367
1.074000, 4366
1.075000, 4365
1.075000, 4364
1.076000, 4363
1.077000, 4362
1.077000, 4361
1.077000, 4360
1.077000, 4359
1.079000, 4358
1.080000, 4357
1.080000, 4356
1.080000, 4355
1.080000, 4354
1.080000, 4353
1.082000, 4352
1.083000, 4351
1.083000, 4350
1.085000, 4349
1.085000, 4348
1.085000, 4347
1.086000, 4346
1.089000, 4345
1.089000, 4344
1.091000, 4343
1.092000, 4342
1.092000, 4341
1.093000, 4340
1.095000, 4339
1.095000, 4338
1.095000, 4337
1.097000, 4336
1.098000, 4335
1.099000, 4334
1.099000, 4333
1.100000, 4332
1.100000, 4331
1.101000, 4330
1.102000, 4329
1.103000, 4328
1.103000, 4327
1.104000, 4326
1.106000, 4325
1.106000, 4324
1.107000, 4323
1.107000, 4322
1.108000, 4321
1.109000, 4320
1.112000, 4319
1.113000, 4318
1.114000, 4317
1.115000, 4316
1.116000, 4315
1.117000, 4314
1.118000, 4313
1.118000, 4312
1.118000, 4311
1.119000, 4310
1.120000, 4309
1.120000, 4308
1.121000, 4307
1.122000, 4306
1.122000, 4305
1.122000, 4304
1.123000, 4303
1.124000, 4302
1.124000, 4301
1.125000, 4300
1.125000, 4299
1.125000, 4298
1.126000, 4297
1.127000, 4296
1.131000, 4295
1.132000, 4294
1.133000, 4293
1.134000, 4292
1.134000, 4291
1.135000, 4290
1.136000, 4289
1.137000, 4288
1.137000, 4287
1.137000, 4286
1.138000, 4285
1.138000, 4284
1.138000, 4283
1.140000, 4282
1.140000, 4281
1.140000, 4280
1.140000, 4279
1.141000, 4278
1.142000, 4277
1.143000, 4276
1.143000, 4275
1.144000, 4274
1.146000, 4273
1.146000, 4272
1.146000, 4271
1.147000, 4270
1.148000, 4269
1.148000, 4268
1.150000, 4267
1.150000, 4266
1.151000, 4265
1.152000, 4264
1.154000, 4263
1.155000, 4262
1.156000, 4261
1.156000, 4260
1.156000, 4259
1.157000, 4258
1.157000, 4257
1.157000, 4256
1.159000, 4255
1.160000, 4254
1.161000, 4253
1.162000, 4252
1.163000, 4251
1.164000, 4250
1.166000, 4249
1.166000, 4248
1.167000, 4247
1.167000, 4246
1.171000, 4245
1.172000, 4244
1.173000, 4243
1.173000, 4242
1.174000, 4241
1.174000, 4240
1.175000, 4239
1.175000, 4238
1.176000, 4237
1.177000, 4236
1.178000, 4235
1.179000, 4234
1.179000, 4233
1.179000, 4232
1.180000, 4231
1.182000, 4230
1.184000, 4229
1.185000, 4228
1.185000, 4227
1.186000, 4226
1.188000, 4225
1.189000, 4224
1.190000, 4223
1.191000, 4222
1.191000, 4221
1.191000, 4220
1.192000, 4219
1.194000, 4218
1.194000, 4217
1.195000, 4216
1.195000, 4215
1.197000, 4214
1.198000, 4213
1.199000, 4212
1.200000, 4211
1.200000, 4210
1.200000, 4209
1.200000, 4208
1.200000, 4207
1.201000, 4206
1.202000, 4205
1.203000, 4204
1.204000, 4203
1.204000, 4202
1.205000, 4201
1.205000, 4200
1.205000, 4199
1.206000, 4198
1.206000, 4197
1.207000, 4196
1.208000, 4195
1.208000, 4194
1.211000, 4193
1.213000, 4192
1.213000, 4191
1.214000, 4190
1.214000, 4189
1.216000, 4188
1.216000, 4187
1.217000, 4186
1.219000, 4185
1.219000, 4184
1.220000, 4183
1.222000, 4182
1.222000, 4181
1.223000, 4180
1.223000, 4179
1.223000, 4178
1.224000, 4177
1.225000, 4176
1.225000, 4175
1.227000, 4174
1.229000, 4173
1.230000, 4172
1.230000, 4171
1.231000, 4170
1.232000, 4169
1.232000, 4168
1.232000, 4167
1.233000, 4166
1.235000, 4165
1.235000, 4164
1.235000, 4163
1.235000, 4162
1.236000, 4161
1.236000, 4160
1.237000, 4159
1.238000, 4158
1.239000, 4157
1.245000, 4156
1.246000, 4155
1.246000, 4154
1.247000, 4153
1.250000, 4152
1.251000, 4151
1.252000, 4150
1.252000, 4149
1.252000, 4148
1.253000, 4147
1.253000, 4146
1.254000, 4145
1.255000, 4144
1.255000, 4143
1.256000, 4142
1.257000, 4141
1.258000, 4140
1.258000, 4139
1.259000, 4138
1.259000, 4137
1.260000, 4136
1.261000, 4135
1.261000, 4134
1.262000, 4133
1.263000, 4132
1.263000, 4131
1.263000, 4130
1.264000, 4129
1.265000, 4128
1.266000, 4127
1.266000, 4126
1.267000, 4125
1.267000, 4124
1.267000, 4123
1.269000, 4122
1.269000, 4121
1.271000, 4120
1.272000, 4119
1.272000, 4118
1.273000, 4117
1.275000, 4116
1.275000, 4115
1.277000, 4114
1.277000, 4113
1.279000, 4112
1.280000, 4111
1.281000, 4110
1.282000, 4109
1.282000, 4108
1.283000, 4107
1.285000, 4106
1.285000, 4105
1.286000, 4104
1.286000, 4103
1.287000, 4102
1.288000, 4101
1.289000, 4100
1.290000, 4099
1.290000, 4098
1.291000, 4097
1.291000, 4096
1.291000, 4095
1.294000, 4094
1.295000, 4093
1.296000, 4092
1.297000, 4091
1.298000, 4090
1.298000, 4089
1.298000, 4088
1.298000, 4087
1.299000, 4086
1.300000, 4085
1.300000, 4084
1.301000, 4083
1.303000, 4082
1.304000, 4081
1.305000, 4080
1.305000, 4079
1.306000, 4078
1.307000, 4077
1.308000, 4076
1.308000, 4075
1.309000, 4074
1.309000, 4073
1.310000, 4072
1.311000, 4071
1.311000, 4070
1.312000, 4069
1.313000, 4068
1.314000, 4067
1.314000, 4066
1.314000, 4065
1.315000, 4064
1.316000, 4063
1.318000, 4062
1.318000, 4061
1.321000, 4060
1.321000, 4059
1.322000, 4058
1.323000, 4057
1.323000, 4056
1.324000, 4055
1.326000, 4054
1.327000, 4053
1.328000, 4052
1.328000, 4051
1.329000, 4050
1.329000, 4049
1.329000, 4048
1.330000, 4047
1.330000, 4046
1.332000, 4045
1.332000, 4044
1.332000, 4043
1.333000, 4042
1.333000, 4041
1.334000, 4040
1.335000, 4039
1.336000, 4038
1.336000, 4037
1.337000, 4036
1.337000, 4035
1.338000, 4034
1.339000, 4033
1.339000, 4032
1.340000, 4031
1.340000, 4030
1.340000, 4029
1.341000, 4028
1.341000, 4027
1.343000, 4026
1.343000, 4025
1.343000, 4024
1.344000, 4023
1.345000, 4022
1.345000, 4021
1.346000, 4020
1.347000, 4019
1.350000, 4018
1.351000, 4017
1.352000, 4016
1.352000, 4015
1.353000, 4014
1.353000, 4013
1.353000, 4012
1.355000, 4011
1.355000, 4010
1.358000, 4009
1.359000, 4008
1.361000, 4007
1.361000, 4006
1.362000, 4005
1.362000, 4004
1.363000, 4003
1.363000, 4002
1.364000, 4001
1.368000, 4000
1.368000, 3999
1.369000, 3998
1.369000, 3997
1.369000, 3996
1.370000, 3995
1.371000, 3994
1.372000, 3993
1.373000, 3992
1.373000, 3991
1.376000, 3990
1.376000, 3989
1.376000, 3988
1.379000, 3987
1.379000, 3986
1.380000, 3985
1.380000, 3984
1.380000, 3983
1.383000, 3982
1.383000, 3981
1.385000, 3980
1.385000, 3979
1.386000, 3978
1.388000, 3977
1.389000, 3976
1.391000, 3975
1.391000, 3974
1.394000, 3973
1.394000, 3972
1.395000, 3971
1.395000, 3970
1.395000, 3969
1.396000, 3968
1.396000, 3967
1.397000, 3966
1.398000, 3965
1.399000, 3964
1.400000, 3963
1.400000, 3962
1.403000, 3961
1.404000, 3960
1.404000, 3959
1.404000, 3958
1.406000, 3957
1.407000, 3956
1.408000, 3955
1.408000, 3954
1.408000, 3953
1.409000, 3952
1.409000, 3951
1.410000, 3950
1.411000, 3949
1.413000, 3948
1.413000, 3947
1.413000, 3946
1.414000, 3945
1.414000, 3944
1.415000, 3943
1.417000, 3942
1.418000, 3941
1.418000, 3940
1.418000, 3939
1.419000, 3938
1.419000, 3937
1.420000, 3936
1.421000, 3935
1.421000, 3934
1.421000, 3933
1.422000, 3932
1.422000, 3931
1.424000, 3930
1.429000, 3929
1.430000, 3928
1.430000, 3927
1.430000, 3926
1.431000, 3925
1.433000, 3924
1.434000, 3923
1.435000, 3922
1.436000, 3921
1.438000, 3920
1.439000, 3919
1.440000, 3918
1.440000, 3917
1.440000, 3916
1.441000, 3915
1.441000, 3914
1.442000, 3913
1.445000, 3912
1.447000, 3911
1.448000, 3910
1.448000, 3909
1.450000, 3908
1.452000, 3907
1.452000, 3906
1.452000, 3905
1.452000, 3904
1.453000, 3903
1.453000, 3902
1.454000, 3901
1.456000, 3900
1.457000, 3899
1.457000, 3898
1.458000, 3897
1.458000, 3896
1.460000, 3895
1.462000, 3894
1.463000, 3893
1.464000, 3892
1.465000, 3891
1.465000, 3890
1.465000, 3889
1.466000, 3888
1.466000, 3887
1.467000, 3886
1.467000, 3885
1.469000, 3884
1.470000, 3883
1.471000, 3882
1.472000, 3881
1.472000, 3880
1.473000, 3879
1.474000, 3878
1.475000, 3877
1.476000, 3876
1.477000, 3875
1.478000, 3874
1.479000, 3873
1.480000, 3872
1.481000, 3871
1.481000, 3870
1.485000, 3869
1.485000, 3868
1.487000, 3867
1.489000, 3866
1.490000, 3865
1.492000, 3864
1.495000, 3863
1.496000, 3862
1.497000, 3861
1.497000, 3860
1.498000, 3859
1.498000, 3858
1.499000, 3857
1.501000, 3856
1.502000, 3855
1.502000, 3854
1.503000, 3853
1.505000, 3852
1.510000, 3851
1.513000, 3850
1.514000, 3849
1.516000, 3848
1.518000, 3847
1.518000, 3846
1.519000, 3845
1.519000, 3844
1.519000, 3843
1.520000, 3842
1.521000, 3841
1.521000, 3840
1.523000, 3839
1.525000, 3838
1.525000, 3837
1.526000, 3836
1.526000, 3835
1.529000, 3834
1.530000, 3833
1.532000, 3832
1.533000, 3831
1.536000, 3830
1.537000, 3829
1.540000, 3828
1.543000, 3827
1.544000, 3826
1.545000, 3825
1.545000, 3824
1.546000, 3823
1.548000, 3822
1.548000, 3821
1.548000, 3820
1.549000, 3819
1.549000, 3818
1.551000, 3817
1.553000, 3816
1.555000, 3815
1.555000, 3814
1.555000, 3813
1.555000, 3812
1.558000, 3811
1.559000, 3810
1.560000, 3809
1.561000, 3808
1.562000, 3807
1.563000, 3806
1.565000, 3805
1.566000, 3804
1.568000, 3803
1.573000, 3802
1.576000, 3801
1.582000, 3800
1.585000, 3799
1.585000, 3798
1.588000, 3797
1.590000, 3796
1.591000, 3795
1.592000, 3794
1.592000, 3793
1.593000, 3792
1.597000, 3791
1.598000, 3790
1.599000, 3789
1.599000, 3788
1.599000, 3787
1.604000, 3786
1.606000, 3785
1.611000, 3784
1.611000, 3783
1.613000, 3782
1.613000, 3781
1.615000, 3780
1.616000, 3779
1.618000, 3778
1.619000, 3777
1.619000, 3776
1.620000, 3775
1.620000, 3774
1.620000, 3773
1.624000, 3772
1.624000, 3771
1.625000, 3770
1.626000, 3769
1.628000, 3768
1.630000, 3767
1.631000, 3766
1.635000, 3765
1.636000, 3764
1.638000, 3763
1.640000, 3762
1.640000, 3761
1.642000, 3760
1.642000, 3759
1.643000, 3758
1.644000, 3757
1.646000, 3756
1.647000, 3755
1.649000, 3754
1.650000, 3753
1.651000, 3752
1.651000, 3751
1.652000, 3750
1.655000, 3749
1.659000, 3748
1.660000, 3747
1.663000, 3746
1.663000, 3745
1.664000, 3744
1.669000, 3743
1.672000, 3742
1.673000, 3741
1.681000, 3740
1.685000, 3739
1.689000, 3738
1.691000, 3737
1.693000, 3736
1.693000, 3735
1.694000, 3734
1.694000, 3733
1.694000, 3732
1.696000, 3731
1.699000, 3730
1.700000, 3729
1.703000, 3728
1.704000, 3727
1.704000, 3726
1.705000, 3725
1.707000, 3724
1.708000, 3723
1.713000, 3722
1.716000, 3721
1.718000, 3720
1.718000, 3719
1.720000, 3718
1.731000, 3717
1.734000, 3716
1.742000, 3715
1.743000, 3714
1.744000, 3713
1.746000, 3712
1.749000, 3711
1.749000, 3710
1.750000, 3709
1.750000, 3708
1.751000, 3707
1.751000, 3706
1.754000, 3705
1.755000, 3704
1.759000, 3703
1.761000, 3702
1.763000, 3701
1.766000, 3700
1.770000, 3699
1.771000, 3698
1.772000, 3697
1.774000, 3696
1.774000, 3695
1.774000, 3694
1.777000, 3693
1.778000, 3692
1.779000, 3691
1.782000, 3690
1.782000, 3689
1.784000, 3688
1.785000, 3687
1.785000, 3686
1.787000, 3685
1.794000, 3684
1.794000, 3683
1.796000, 3682
1.796000, 3681
1.797000, 3680
1.798000, 3679
1.798000, 3678
1.799000, 3677
1.801000, 3676
1.808000, 3675
1.809000, 3674
1.814000, 3673
1.816000, 3672
1.816000, 3671
1.816000, 3670
1.817000, 3669
1.818000, 3668
1.823000, 3667
1.824000, 3666
1.826000, 3665
1.828000, 3664
1.830000, 3663
1.833000, 3662
1.838000, 3661
1.839000, 3660
1.840000, 3659
1.841000, 3658
1.848000, 3657
1.853000, 3656
1.854000, 3655
1.857000, 3654
1.858000, 3653
1.864000, 3652
1.868000, 3651
1.869000, 3650
1.876000, 3649
1.883000, 3648
1.890000, 3647
1.890000, 3646
1.890000, 3645
1.891000, 3644
1.892000, 3643
1.892000, 3642
1.892000, 3641
1.893000, 3640
1.894000, 3639
1.899000, 3638
1.902000, 3637
1.905000, 3636
1.906000, 3635
1.907000, 3634
1.908000, 3633
1.909000, 3632
1.914000, 3631
1.915000, 3630
1.915000, 3629
1.917000, 3628
1.918000, 3627
1.920000, 3626
1.920000, 3625
1.920000, 3624
1.922000, 3623
1.924000, 3622
1.924000, 3621
1.925000, 3620
1.925000, 3619
1.926000, 3618
1.932000, 3617
1.937000, 3616
1.937000, 3615
1.938000, 3614
1.939000, 3613
1.941000, 3612
1.943000, 3611
1.944000, 3610
1.945000, 3609
1.946000, 3608
1.948000, 3607
1.950000, 3606
1.954000, 3605
1.955000, 3604
1.971000, 3603
1.974000, 3602
1.977000, 3601
1.978000, 3600
1.979000, 3599
1.979000, 3598
1.986000, 3597
1.987000, 3596
1.988000, 3595
1.990000, 3594
1.991000, 3593
1.993000, 3592
1.997000, 3591
1.997000, 3590
2.001000, 3589
2.001000, 3588
2.006000, 3587
2.007000, 3586
2.007000, 3585
2.008000, 3584
2.009000, 3583
2.010000, 3582
2.010000, 3581
2.012000, 3580
2.013000, 3579
2.015000, 3578
2.017000, 3577
2.023000, 3576
2.025000, 3575
2.026000, 3574
2.030000, 3573
2.033000, 3572
2.036000, 3571
2.037000, 3570
2.040000, 3569
2.042000, 3568
2.044000, 3567
2.045000, 3566
2.048000, 3565
2.048000, 3564
2.053000, 3563
2.058000, 3562
2.060000, 3561
2.062000, 3560
2.063000, 3559
2.069000, 3558
2.070000, 3557
2.073000, 3556
2.074000, 3555
2.074000, 3554
2.075000, 3553
2.076000, 3552
2.079000, 3551
2.079000, 3550
2.082000, 3549
2.082000, 3548
2.086000, 3547
2.087000, 3546
2.088000, 3545
2.093000, 3544
2.099000, 3543
2.100000, 3542
2.101000, 3541
2.101000, 3540
2.104000, 3539
2.105000, 3538
2.107000, 3537
2.111000, 3536
2.113000, 3535
2.113000, 3534
2.115000, 3533
2.118000, 3532
2.123000, 3531
2.124000, 3530
2.124000, 3529
2.129000, 3528
2.132000, 3527
2.133000, 3526
2.135000, 3525
2.136000, 3524
2.137000, 3523
2.138000, 3522
2.139000, 3521
2.141000, 3520
2.145000, 3519
2.146000, 3518
2.148000, 3517
2.153000, 3516
2.153000, 3515
2.154000, 3514
2.156000, 3513
2.157000, 3512
2.162000, 3511
2.165000, 3510
2.166000, 3509
2.172000, 3508
2.183000, 3507
2.183000, 3506
2.185000, 3505
2.185000, 3504
2.188000, 3503
2.190000, 3502
2.193000, 3501
2.196000, 3500
2.197000, 3499
2.200000, 3498
2.201000, 3497
2.205000, 3496
2.205000, 3495
2.206000, 3494
2.210000, 3493
2.213000, 3492
2.214000, 3491
2.214000, 3490
2.229000, 3489
2.236000, 3488
2.237000, 3487
2.240000, 3486
2.240000, 3485
2.251000, 3484
2.264000, 3483
2.265000, 3482
2.270000, 3481
2.270000, 3480
2.276000, 3479
2.280000, 3478
2.281000, 3477
2.283000, 3476
2.287000, 3475
2.294000, 3474
2.296000, 3473
2.299000, 3472
2.300000, 3471
2.307000, 3470
2.307000, 3469
2.311000, 3468
2.318000, 3467
2.326000, 3466
2.329000, 3465
2.336000, 3464
2.337000, 3463
2.341000, 3462
2.344000, 3461
2.345000, 3460
2.346000, 3459
2.346000, 3458
2.355000, 3457
2.355000, 3456
2.358000, 3455
2.372000, 3454
2.374000, 3453
2.379000, 3452
2.385000, 3451
2.390000, 3450
2.390000, 3449
2.398000, 3448
2.398000, 3447
2.407000, 3446
2.408000, 3445
2.419000, 3444
2.422000, 3443
2.423000, 3442
2.427000, 3441
2.434000, 3440
2.437000, 3439
2.439000, 3438
2.453000, 3437
2.455000, 3436
2.463000, 3435
2.463000, 3434
2.466000, 3433
2.473000, 3432
2.478000, 3431
2.484000, 3430
2.484000, 3429
2.499000, 3428
2.505000, 3427
2.508000, 3426
2.517000, 3425
2.523000, 3424
2.524000, 3423
2.552000, 3422
2.554000, 3421
2.562000, 3420
2.563000, 3419
2.575000, 3418
2.580000, 3417
2.581000, 3416
2.586000, 3415
2.587000, 3414
2.599000, 3413
2.609000, 3412
2.626000, 3411
2.644000, 3410
2.650000, 3409
2.674000, 3408
2.676000, 3407
2.677000, 3406
2.679000, 3405
2.698000, 3404
2.711000, 3403
2.721000, 3402
2.733000, 3401
2.741000, 3400
2.750000, 3399
2.754000, 3398
2.756000, 3397
2.783000, 3396
2.799000, 3395
2.802000, 3394
2.802000, 3393
2.809000, 3392
2.810000, 3391
2.813000, 3390
2.827000, 3389
2.831000, 3388
2.832000, 3387
2.844000, 3386
2.845000, 3385
2.846000, 3384
2.864000, 3383
2.870000, 3382
2.873000, 3381
2.878000, 3380
2.878000, 3379
2.904000, 3378
2.908000, 3377
2.930000, 3376
2.940000, 3375
2.960000, 3374
2.978000, 3373
2.987000, 3372
3.014000, 3371
3.021000, 3370
3.033000, 3369
3.066000, 3368
3.088000, 3367
3.103000, 3366
3.131000, 3365
3.136000, 3364
3.178000, 3363
3.197000, 3362
3.203000, 3361
3.218000, 3360
3.236000, 3359
3.252000, 3358
3.252000, 3357
3.259000, 3356
3.260000, 3355
3.307000, 3354
3.339000, 3353
3.344000, 3352
3.365000, 3351
3.408000, 3350
3.417000, 3349
3.445000, 3348
3.462000, 3347
3.469000, 3346
3.518000, 3345
3.574000, 3344
3.639000, 3343
3.659000, 3342
3.676000, 3341
3.687000, 3340
3.740000, 3339
3.742000, 3338
3.764000, 3337
3.850000, 3336
3.994000, 3335
4.158000, 3334
4.510000, 3333
4.543000, 3332
4.604000, 3331
4.761000, 3330
5.274000, 3329
5.940000, 3328
