0.120000, 5969
0.123000, 5968
0.124000, 5967
0.126000, 5966
0.126000, 5965
0.127000, 5964
0.128000, 5963
0.128000, 5962
0.128000, 5961
0.129000, 5960
0.129000, 5959
0.130000, 5958
0.131000, 5957
0.132000, 5956
0.132000, 5955
0.132000, 5954
0.133000, 5953
0.134000, 5952
0.134000, 5951
0.136000, 5950
0.136000, 5949
0.136000, 5948
0.138000, 5947
0.138000, 5946
0.139000, 5945
0.140000, 5944
0.140000, 5943
0.140000, 5942
0.142000, 5941
0.142000, 5940
0.143000, 5939
0.144000, 5938
0.145000, 5937
0.146000, 5936
0.146000, 5935
0.147000, 5934
0.147000, 5933
0.148000, 5932
0.148000, 5931
0.149000, 5930
0.150000, 5929
0.151000, 5928
0.151000, 5927
0.151000, 5926
0.152000, 5925
0.153000, 5924
0.156000, 5923
0.156000, 5922
0.157000, 5921
0.157000, 5920
0.157000, 5919
0.158000, 5918
0.158000, 5917
0.159000, 5916
0.160000, 5915
0.160000, 5914
0.161000, 5913
0.161000, 5912
0.161000, 5911
0.162000, 5910
0.162000, 5909
0.163000, 5908
0.163000, 5907
0.164000, 5906
0.165000, 5905
0.165000, 5904
0.166000, 5903
0.166000, 5902
0.167000, 5901
0.167000, 5900
0.168000, 5899
0.168000, 5898
0.168000, 5897
0.169000, 5896
0.169000, 5895
0.170000, 5894
0.171000, 5893
0.172000, 5892
0.172000, 5891
0.172000, 5890
0.172000, 5889
0.173000, 5888
0.173000, 5887
0.174000, 5886
0.174000, 5885
0.176000, 5884
0.177000, 5883
0.177000, 5882
0.178000, 5881
0.179000, 5880
0.179000, 5879
0.180000, 5878
0.181000, 5877
0.181000, 5876
0.183000, 5875
0.183000, 5874
0.184000, 5873
0.185000, 5872
0.186000, 5871
0.186000, 5870
0.187000, 5869
0.188000, 5868
0.188000, 5867
0.189000, 5866
0.189000, 5865
0.190000, 5864
0.190000, 5863
0.190000, 5862
0.191000, 5861
0.191000, 5860
0.193000, 5859
0.193000, 5858
0.193000, 5857
0.194000, 5856
0.194000, 5855
0.195000, 5854
0.196000, 5853
0.197000, 5852
0.197000, 5851
0.197000, 5850
0.198000, 5849
0.198000, 5848
0.199000, 5847
0.199000, 5846
0.199000, 5845
0.200000, 5844
0.201000, 5843
0.202000, 5842
0.202000, 5841
0.203000, 5840
0.203000, 5839
0.203000, 5838
0.203000, 5837
0.204000, 5836
0.204000, 5835
0.212000, 5834
0.213000, 5833
0.213000, 5832
0.214000, 5831
0.214000, 5830
0.214000, 5829
0.214000, 5828
0.214000, 5827
0.215000, 5826
0.215000, 5825
0.216000, 5824
0.217000, 5823
0.217000, 5822
0.219000, 5821
0.219000, 5820
0.220000, 5819
0.220000, 5818
0.220000, 5817
0.220000, 5816
0.221000, 5815
0.221000, 5814
0.221000, 5813
0.221000, 5812
0.222000, 5811
0.222000, 5810
0.222000, 5809
0.223000, 5808
0.223000, 5807
0.223000, 5806
0.224000, 5805
0.224000, 5804
0.225000, 5803
0.225000, 5802
0.225000, 5801
0.226000, 5800
0.226000, 5799
0.227000, 5798
0.227000, 5797
0.227000, 5796
0.228000, 5795
0.228000, 5794
0.229000, 5793
0.229000, 5792
0.230000, 5791
0.230000, 5790
0.230000, 5789
0.231000, 5788
0.232000, 5787
0.232000, 5786
0.234000, 5785
0.234000, 5784
0.234000, 5783
0.235000, 5782
0.235000, 5781
0.236000, 5780
0.236000, 5779
0.236000, 5778
0.238000, 5777
0.238000, 5776
0.239000, 5775
0.239000, 5774
0.240000, 5773
0.241000, 5772
0.241000, 5771
0.242000, 5770
0.243000, 5769
0.243000, 5768
0.243000, 5767
0.244000, 5766
0.244000, 5765
0.244000, 5764
0.245000, 5763
0.245000, 5762
0.246000, 5761
0.248000, 5760
0.249000, 5759
0.250000, 5758
0.250000, 5757
0.251000, 5756
0.251000, 5755
0.251000, 5754
0.252000, 5753
0.252000, 5752
0.252000, 5751
0.253000, 5750
0.254000, 5749
0.254000, 5748
0.254000, 5747
0.255000, 5746
0.256000, 5745
0.257000, 5744
0.257000, 5743
0.258000, 5742
0.258000, 5741
0.258000, 5740
0.259000, 5739
0.259000, 5738
0.259000, 5737
0.260000, 5736
0.260000, 5735
0.260000, 5734
0.261000, 5733
0.261000, 5732
0.262000, 5731
0.262000, 5730
0.263000, 5729
0.264000, 5728
0.264000, 5727
0.264000, 5726
0.265000, 5725
0.265000, 5724
0.266000, 5723
0.266000, 5722
0.267000, 5721
0.267000, 5720
0.267000, 5719
0.267000, 5718
0.268000, 5717
0.268000, 5716
0.268000, 5715
0.268000, 5714
0.270000, 5713
0.270000, 5712
0.272000, 5711
0.273000, 5710
0.273000, 5709
0.273000, 5708
0.274000, 5707
0.274000, 5706
0.275000, 5705
0.275000, 5704
0.275000, 5703
0.276000, 5702
0.276000, 5701
0.276000, 5700
0.276000, 5699
0.277000, 5698
0.278000, 5697
0.280000, 5696
0.280000, 5695
0.281000, 5694
0.281000, 5693
0.281000, 5692
0.282000, 5691
0.282000, 5690
0.282000, 5689
0.283000, 5688
0.284000, 5687
0.284000, 5686
0.284000, 5685
0.285000, 5684
0.285000, 5683
0.285000, 5682
0.286000, 5681
0.286000, 5680
0.286000, 5679
0.287000, 5678
0.287000, 5677
0.288000, 5676
0.288000, 5675
0.290000, 5674
0.291000, 5673
0.291000, 5672
0.291000, 5671
0.291000, 5670
0.292000, 5669
0.292000, 5668
0.293000, 5667
0.293000, 5666
0.294000, 5665
0.295000, 5664
0.295000, 5663
0.295000, 5662
0.296000, 5661
0.296000, 5660
0.296000, 5659
0.297000, 5658
0.297000, 5657
0.298000, 5656
0.298000, 5655
0.298000, 5654
0.298000, 5653
0.299000, 5652
0.299000, 5651
0.299000, 5650
0.299000, 5649
0.300000, 5648
0.300000, 5647
0.301000, 5646
0.302000, 5645
0.302000, 5644
0.302000, 5643
0.302000, 5642
0.302000, 5641
0.303000, 5640
0.303000, 5639
0.304000, 5638
0.304000, 5637
0.304000, 5636
0.305000, 5635
0.305000, 5634
0.305000, 5633
0.306000, 5632
0.307000, 5631
0.307000, 5630
0.307000, 5629
0.308000, 5628
0.308000, 5627
0.308000, 5626
0.309000, 5625
0.309000, 5624
0.309000, 5623
0.310000, 5622
0.312000, 5621
0.313000, 5620
0.314000, 5619
0.314000, 5618
0.314000, 5617
0.315000, 5616
0.317000, 5615
0.317000, 5614
0.318000, 5613
0.318000, 5612
0.319000, 5611
0.319000, 5610
0.319000, 5609
0.319000, 5608
0.320000, 5607
0.321000, 5606
0.321000, 5605
0.321000, 5604
0.321000, 5603
0.322000, 5602
0.322000, 5601
0.322000, 5600
0.322000, 5599
0.323000, 5598
0.323000, 5597
0.325000, 5596
0.325000, 5595
0.326000, 5594
0.326000, 5593
0.327000, 5592
0.327000, 5591
0.327000, 5590
0.327000, 5589
0.327000, 5588
0.328000, 5587
0.329000, 5586
0.329000, 5585
0.330000, 5584
0.331000, 5583
0.331000, 5582
0.332000, 5581
0.332000, 5580
0.332000, 5579
0.333000, 5578
0.333000, 5577
0.333000, 5576
0.334000, 5575
0.334000, 5574
0.335000, 5573
0.335000, 5572
0.336000, 5571
0.336000, 5570
0.336000, 5569
0.337000, 5568
0.337000, 5567
0.337000, 5566
0.338000, 5565
0.338000, 5564
0.338000, 5563
0.340000, 5562
0.340000, 5561
0.341000, 5560
0.341000, 5559
0.341000, 5558
0.342000, 5557
0.342000, 5556
0.342000, 5555
0.343000, 5554
0.343000, 5553
0.344000, 5552
0.345000, 5551
0.345000, 5550
0.346000, 5549
0.346000, 5548
0.346000, 5547
0.347000, 5546
0.347000, 5545
0.347000, 5544
0.348000, 5543
0.348000, 5542
0.349000, 5541
0.349000, 5540
0.350000, 5539
0.351000, 5538
0.351000, 5537
0.351000, 5536
0.352000, 5535
0.353000, 5534
0.353000, 5533
0.354000, 5532
0.355000, 5531
0.355000, 5530
0.355000, 5529
0.356000, 5528
0.356000, 5527
0.357000, 5526
0.357000, 5525
0.357000, 5524
0.357000, 5523
0.358000, 5522
0.358000, 5521
0.358000, 5520
0.359000, 5519
0.359000, 5518
0.359000, 5517
0.360000, 5516
0.360000, 5515
0.360000, 5514
0.361000, 5513
0.361000, 5512
0.362000, 5511
0.363000, 5510
0.363000, 5509
0.363000, 5508
0.364000, 5507
0.364000, 5506
0.364000, 5505
0.365000, 5504
0.371000, 5503
0.372000, 5502
0.372000, 5501
0.373000, 5500
0.373000, 5499
0.374000, 5498
0.375000, 5497
0.376000, 5496
0.377000, 5495
0.377000, 5494
0.377000, 5493
0.378000, 5492
0.378000, 5491
0.378000, 5490
0.379000, 5489
0.379000, 5488
0.380000, 5487
0.380000, 5486
0.381000, 5485
0.381000, 5484
0.381000, 5483
0.382000, 5482
0.382000, 5481
0.382000, 5480
0.383000, 5479
0.383000, 5478
0.384000, 5477
0.384000, 5476
0.384000, 5475
0.384000, 5474
0.385000, 5473
0.386000, 5472
0.386000, 5471
0.386000, 5470
0.387000, 5469
0.388000, 5468
0.388000, 5467
0.388000, 5466
0.389000, 5465
0.389000, 5464
0.389000, 5463
0.390000, 5462
0.390000, 5461
0.390000, 5460
0.391000, 5459
0.391000, 5458
0.392000, 5457
0.392000, 5456
0.392000, 5455
0.393000, 5454
0.394000, 5453
0.394000, 5452
0.395000, 5451
0.395000, 5450
0.396000, 5449
0.397000, 5448
0.397000, 5447
0.398000, 5446
0.399000, 5445
0.399000, 5444
0.400000, 5443
0.400000, 5442
0.401000, 5441
0.402000, 5440
0.404000, 5439
0.405000, 5438
0.406000, 5437
0.406000, 5436
0.407000, 5435
0.408000, 5434
0.409000, 5433
0.409000, 5432
0.409000, 5431
0.410000, 5430
0.410000, 5429
0.410000, 5428
0.411000, 5427
0.411000, 5426
0.411000, 5425
0.412000, 5424
0.412000, 5423
0.413000, 5422
0.413000, 5421
0.414000, 5420
0.414000, 5419
0.415000, 5418
0.415000, 5417
0.415000, 5416
0.415000, 5415
0.416000, 5414
0.416000, 5413
0.416000, 5412
0.417000, 5411
0.417000, 5410
0.418000, 5409
0.418000, 5408
0.418000, 5407
0.418000, 5406
0.419000, 5405
0.419000, 5404
0.420000, 5403
0.420000, 5402
0.421000, 5401
0.421000, 5400
0.422000, 5399
0.422000, 5398
0.422000, 5397
0.423000, 5396
0.424000, 5395
0.424000, 5394
0.425000, 5393
0.426000, 5392
0.427000, 5391
0.427000, 5390
0.427000, 5389
0.427000, 5388
0.428000, 5387
0.428000, 5386
0.428000, 5385
0.429000, 5384
0.429000, 5383
0.429000, 5382
0.430000, 5381
0.431000, 5380
0.432000, 5379
0.432000, 5378
0.432000, 5377
0.432000, 5376
0.432000, 5375
0.433000, 5374
0.433000, 5373
0.434000, 5372
0.435000, 5371
0.435000, 5370
0.435000, 5369
0.436000, 5368
0.436000, 5367
0.437000, 5366
0.437000, 5365
0.437000, 5364
0.437000, 5363
0.439000, 5362
0.439000, 5361
0.439000, 5360
0.443000, 5359
0.443000, 5358
0.444000, 5357
0.444000, 5356
0.444000, 5355
0.444000, 5354
0.446000, 5353
0.446000, 5352
0.447000, 5351
0.447000, 5350
0.447000, 5349
0.447000, 5348
0.447000, 5347
0.447000, 5346
0.448000, 5345
0.449000, 5344
0.449000, 5343
0.449000, 5342
0.450000, 5341
0.450000, 5340
0.451000, 5339
0.451000, 5338
0.451000, 5337
0.451000, 5336
0.451000, 5335
0.452000, 5334
0.452000, 5333
0.453000, 5332
0.454000, 5331
0.454000, 5330
0.455000, 5329
0.456000, 5328
0.456000, 5327
0.457000, 5326
0.458000, 5325
0.458000, 5324
0.459000, 5323
0.460000, 5322
0.461000, 5321
0.462000, 5320
0.462000, 5319
0.462000, 5318
0.463000, 5317
0.463000, 5316
0.464000, 5315
0.464000, 5314
0.464000, 5313
0.465000, 5312
0.465000, 5311
0.466000, 5310
0.467000, 5309
0.467000, 5308
0.468000, 5307
0.469000, 5306
0.469000, 5305
0.470000, 5304
0.470000, 5303
0.470000, 5302
0.470000, 5301
0.470000, 5300
0.471000, 5299
0.471000, 5298
0.472000, 5297
0.472000, 5296
0.474000, 5295
0.474000, 5294
0.474000, 5293
0.475000, 5292
0.475000, 5291
0.475000, 5290
0.475000, 5289
0.476000, 5288
0.478000, 5287
0.478000, 5286
0.478000, 5285
0.479000, 5284
0.479000, 5283
0.479000, 5282
0.480000, 5281
0.480000, 5280
0.480000, 5279
0.481000, 5278
0.482000, 5277
0.482000, 5276
0.482000, 5275
0.483000, 5274
0.483000, 5273
0.483000, 5272
0.483000, 5271
0.484000, 5270
0.484000, 5269
0.484000, 5268
0.485000, 5267
0.485000, 5266
0.485000, 5265
0.485000, 5264
0.487000, 5263
0.487000, 5262
0.488000, 5261
0.488000, 5260
0.488000, 5259
0.488000, 5258
0.488000, 5257
0.490000, 5256
0.490000, 5255
0.490000, 5254
0.492000, 5253
0.492000, 5252
0.492000, 5251
0.493000, 5250
0.493000, 5249
0.493000, 5248
0.494000, 5247
0.497000, 5246
0.498000, 5245
0.498000, 5244
0.499000, 5243
0.499000, 5242
0.500000, 5241
0.501000, 5240
0.501000, 5239
0.502000, 5238
0.503000, 5237
0.504000, 5236
0.504000, 5235
0.504000, 5234
0.504000, 5233
0.505000, 5232
0.506000, 5231
0.507000, 5230
0.507000, 5229
0.507000, 5228
0.508000, 5227
0.509000, 5226
0.510000, 5225
0.510000, 5224
0.511000, 5223
0.512000, 5222
0.512000, 5221
0.513000, 5220
0.513000, 5219
0.513000, 5218
0.513000, 5217
0.514000, 5216
0.514000, 5215
0.515000, 5214
0.516000, 5213
0.516000, 5212
0.517000, 5211
0.517000, 5210
0.518000, 5209
0.518000, 5208
0.520000, 5207
0.521000, 5206
0.521000, 5205
0.521000, 5204
0.522000, 5203
0.522000, 5202
0.522000, 5201
0.522000, 5200
0.527000, 5199
0.528000, 5198
0.529000, 5197
0.530000, 5196
0.532000, 5195
0.532000, 5194
0.532000, 5193
0.533000, 5192
0.533000, 5191
0.534000, 5190
0.534000, 5189
0.534000, 5188
0.535000, 5187
0.536000, 5186
0.537000, 5185
0.538000, 5184
0.538000, 5183
0.539000, 5182
0.540000, 5181
0.540000, 5180
0.541000, 5179
0.541000, 5178
0.542000, 5177
0.542000, 5176
0.542000, 5175
0.543000, 5174
0.543000, 5173
0.543000, 5172
0.544000, 5171
0.544000, 5170
0.544000, 5169
0.544000, 5168
0.544000, 5167
0.544000, 5166
0.545000, 5165
0.545000, 5164
0.547000, 5163
0.548000, 5162
0.548000, 5161
0.549000, 5160
0.550000, 5159
0.550000, 5158
0.551000, 5157
0.551000, 5156
0.551000, 5155
0.553000, 5154
0.553000, 5153
0.554000, 5152
0.554000, 5151
0.555000, 5150
0.556000, 5149
0.557000, 5148
0.557000, 5147
0.558000, 5146
0.558000, 5145
0.559000, 5144
0.560000, 5143
0.560000, 5142
0.561000, 5141
0.561000, 5140
0.563000, 5139
0.563000, 5138
0.564000, 5137
0.564000, 5136
0.564000, 5135
0.565000, 5134
0.565000, 5133
0.565000, 5132
0.566000, 5131
0.569000, 5130
0.569000, 5129
0.570000, 5128
0.570000, 5127
0.570000, 5126
0.571000, 5125
0.571000, 5124
0.571000, 5123
0.572000, 5122
0.573000, 5121
0.574000, 5120
0.574000, 5119
0.574000, 5118
0.575000, 5117
0.576000, 5116
0.576000, 5115
0.576000, 5114
0.576000, 5113
0.576000, 5112
0.577000, 5111
0.577000, 5110
0.577000, 5109
0.577000, 5108
0.578000, 5107
0.579000, 5106
0.579000, 5105
0.579000, 5104
0.580000, 5103
0.581000, 5102
0.581000, 5101
0.581000, 5100
0.581000, 5099
0.582000, 5098
0.582000, 5097
0.582000, 5096
0.582000, 5095
0.583000, 5094
0.583000, 5093
0.584000, 5092
0.584000, 5091
0.584000, 5090
0.585000, 5089
0.585000, 5088
0.586000, 5087
0.586000, 5086
0.587000, 5085
0.587000, 5084
0.588000, 5083
0.588000, 5082
0.588000, 5081
0.589000, 5080
0.590000, 5079
0.590000, 5078
0.590000, 5077
0.590000, 5076
0.591000, 5075
0.591000, 5074
0.592000, 5073
0.593000, 5072
0.593000, 5071
0.593000, 5070
0.594000, 5069
0.594000, 5068
0.594000, 5067
0.596000, 5066
0.596000, 5065
0.597000, 5064
0.598000, 5063
0.598000, 5062
0.598000, 5061
0.599000, 5060
0.600000, 5059
0.600000, 5058
0.600000, 5057
0.600000, 5056
0.600000, 5055
0.601000, 5054
0.602000, 5053
0.602000, 5052
0.603000, 5051
0.604000, 5050
0.604000, 5049
0.605000, 5048
0.606000, 5047
0.606000, 5046
0.606000, 5045
0.606000, 5044
0.607000, 5043
0.607000, 5042
0.608000, 5041
0.608000, 5040
0.609000, 5039
0.609000, 5038
0.609000, 5037
0.610000, 5036
0.610000, 5035
0.610000, 5034
0.611000, 5033
0.611000, 5032
0.611000, 5031
0.611000, 5030
0.611000, 5029
0.612000, 5028
0.612000, 5027
0.612000, 5026
0.613000, 5025
0.613000, 5024
0.613000, 5023
0.613000, 5022
0.614000, 5021
0.614000, 5020
0.614000, 5019
0.614000, 5018
0.615000, 5017
0.616000, 5016
0.616000, 5015
0.616000, 5014
0.617000, 5013
0.617000, 5012
0.617000, 5011
0.617000, 5010
0.618000, 5009
0.619000, 5008
0.619000, 5007
0.619000, 5006
0.619000, 5005
0.619000, 5004
0.620000, 5003
0.621000, 5002
0.621000, 5001
0.622000, 5000
0.622000, 4999
0.623000, 4998
0.623000, 4997
0.624000, 4996
0.625000, 4995
0.626000, 4994
0.626000, 4993
0.627000, 4992
0.628000, 4991
0.629000, 4990
0.629000, 4989
0.630000, 4988
0.630000, 4987
0.631000, 4986
0.632000, 4985
0.632000, 4984
0.632000, 4983
0.633000, 4982
0.634000, 4981
0.634000, 4980
0.635000, 4979
0.637000, 4978
0.637000, 4977
0.638000, 4976
0.638000, 4975
0.639000, 4974
0.639000, 4973
0.640000, 4972
0.640000, 4971
0.641000, 4970
0.642000, 4969
0.642000, 4968
0.643000, 4967
0.644000, 4966
0.644000, 4965
0.645000, 4964
0.645000, 4963
0.646000, 4962
0.646000, 4961
0.647000, 4960
0.648000, 4959
0.648000, 4958
0.649000, 4957
0.649000, 4956
0.650000, 4955
0.650000, 4954
0.651000, 4953
0.651000, 4952
0.651000, 4951
0.652000, 4950
0.653000, 4949
0.653000, 4948
0.654000, 4947
0.656000, 4946
0.656000, 4945
0.657000, 4944
0.657000, 4943
0.658000, 4942
0.658000, 4941
0.659000, 4940
0.660000, 4939
0.661000, 4938
0.661000, 4937
0.661000, 4936
0.662000, 4935
0.662000, 4934
0.662000, 4933
0.663000, 4932
0.664000, 4931
0.664000, 4930
0.666000, 4929
0.666000, 4928
0.667000, 4927
0.667000, 4926
0.669000, 4925
0.670000, 4924
0.670000, 4923
0.670000, 4922
0.671000, 4921
0.671000, 4920
0.671000, 4919
0.677000, 4918
0.677000, 4917
0.678000, 4916
0.678000, 4915
0.679000, 4914
0.680000, 4913
0.680000, 4912
0.680000, 4911
0.681000, 4910
0.681000, 4909
0.681000, 4908
0.681000, 4907
0.682000, 4906
0.682000, 4905
0.683000, 4904
0.684000, 4903
0.684000, 4902
0.685000, 4901
0.685000, 4900
0.686000, 4899
0.686000, 4898
0.687000, 4897
0.687000, 4896
0.688000, 4895
0.688000, 4894
0.689000, 4893
0.690000, 4892
0.691000, 4891
0.691000, 4890
0.691000, 4889
0.692000, 4888
0.692000, 4887
0.692000, 4886
0.692000, 4885
0.693000, 4884
0.693000, 4883
0.694000, 4882
0.695000, 4881
0.695000, 4880
0.695000, 4879
0.696000, 4878
0.696000, 4877
0.697000, 4876
0.698000, 4875
0.699000, 4874
0.699000, 4873
0.699000, 4872
0.700000, 4871
0.701000, 4870
0.701000, 4869
0.702000, 4868
0.702000, 4867
0.703000, 4866
0.703000, 4865
0.704000, 4864
0.704000, 4863
0.704000, 4862
0.705000, 4861
0.705000, 4860
0.706000, 4859
0.707000, 4858
0.708000, 4857
0.708000, 4856
0.709000, 4855
0.711000, 4854
0.711000, 4853
0.711000, 4852
0.712000, 4851
0.713000, 4850
0.713000, 4849
0.715000, 4848
0.715000, 4847
0.715000, 4846
0.716000, 4845
0.716000, 4844
0.716000, 4843
0.716000, 4842
0.718000, 4841
0.718000, 4840
0.719000, 4839
0.720000, 4838
0.720000, 4837
0.722000, 4836
0.722000, 4835
0.722000, 4834
0.723000, 4833
0.723000, 4832
0.724000, 4831
0.724000, 4830
0.724000, 4829
0.725000, 4828
0.726000, 4827
0.726000, 4826
0.726000, 4825
0.726000, 4824
0.726000, 4823
0.727000, 4822
0.727000, 4821
0.727000, 4820
0.728000, 4819
0.729000, 4818
0.729000, 4817
0.731000, 4816
0.731000, 4815
0.731000, 4814
0.731000, 4813
0.732000, 4812
0.732000, 4811
0.733000, 4810
0.733000, 4809
0.734000, 4808
0.735000, 4807
0.736000, 4806
0.736000, 4805
0.736000, 4804
0.737000, 4803
0.737000, 4802
0.738000, 4801
0.739000, 4800
0.740000, 4799
0.740000, 4798
0.740000, 4797
0.741000, 4796
0.742000, 4795
0.743000, 4794
0.743000, 4793
0.743000, 4792
0.743000, 4791
0.744000, 4790
0.744000, 4789
0.744000, 4788
0.745000, 4787
0.745000, 4786
0.746000, 4785
0.747000, 4784
0.748000, 4783
0.748000, 4782
0.749000, 4781
0.749000, 4780
0.751000, 4779
0.752000, 4778
0.752000, 4777
0.753000, 4776
0.754000, 4775
0.754000, 4774
0.754000, 4773
0.755000, 4772
0.755000, 4771
0.756000, 4770
0.756000, 4769
0.757000, 4768
0.757000, 4767
0.757000, 4766
0.758000, 4765
0.758000, 4764
0.758000, 4763
0.759000, 4762
0.759000, 4761
0.760000, 4760
0.760000, 4759
0.760000, 4758
0.761000, 4757
0.762000, 4756
0.762000, 4755
0.762000, 4754
0.763000, 4753
0.764000, 4752
0.764000, 4751
0.764000, 4750
0.765000, 4749
0.765000, 4748
0.766000, 4747
0.766000, 4746
0.766000, 4745
0.767000, 4744
0.767000, 4743
0.767000, 4742
0.768000, 4741
0.769000, 4740
0.769000, 4739
0.769000, 4738
0.770000, 4737
0.770000, 4736
0.771000, 4735
0.773000, 4734
0.774000, 4733
0.774000, 4732
0.774000, 4731
0.775000, 4730
0.775000, 4729
0.775000, 4728
0.776000, 4727
0.777000, 4726
0.777000, 4725
0.780000, 4724
0.780000, 4723
0.780000, 4722
0.781000, 4721
0.781000, 4720
0.781000, 4719
0.782000, 4718
0.782000, 4717
0.783000, 4716
0.784000, 4715
0.784000, 4714
0.784000, 4713
0.785000, 4712
0.785000, 4711
0.785000, 4710
0.785000, 4709
0.786000, 4708
0.787000, 4707
0.787000, 4706
0.789000, 4705
0.790000, 4704
0.792000, 4703
0.792000, 4702
0.793000, 4701
0.793000, 4700
0.793000, 4699
0.794000, 4698
0.795000, 4697
0.795000, 4696
0.795000, 4695
0.796000, 4694
0.796000, 4693
0.797000, 4692
0.797000, 4691
0.797000, 4690
0.797000, 4689
0.797000, 4688
0.798000, 4687
0.798000, 4686
0.799000, 4685
0.800000, 4684
0.800000, 4683
0.801000, 4682
0.801000, 4681
0.801000, 4680
0.802000, 4679
0.802000, 4678
0.804000, 4677
0.805000, 4676
0.805000, 4675
0.806000, 4674
0.806000, 4673
0.807000, 4672
0.808000, 4671
0.808000, 4670
0.809000, 4669
0.809000, 4668
0.811000, 4667
0.811000, 4666
0.812000, 4665
0.812000, 4664
0.813000, 4663
0.813000, 4662
0.814000, 4661
0.814000, 4660
0.815000, 4659
0.815000, 4658
0.816000, 4657
0.816000, 4656
0.817000, 4655
0.818000, 4654
0.818000, 4653
0.819000, 4652
0.820000, 4651
0.820000, 4650
0.820000, 4649
0.821000, 4648
0.821000, 4647
0.821000, 4646
0.822000, 4645
0.822000, 4644
0.823000, 4643
0.823000, 4642
0.824000, 4641
0.825000, 4640
0.826000, 4639
0.826000, 4638
0.826000, 4637
0.827000, 4636
0.827000, 4635
0.828000, 4634
0.829000, 4633
0.829000, 4632
0.829000, 4631
0.830000, 4630
0.830000, 4629
0.831000, 4628
0.832000, 4627
0.833000, 4626
0.833000, 4625
0.833000, 4624
0.833000, 4623
0.834000, 4622
0.835000, 4621
0.836000, 4620
0.837000, 4619
0.838000, 4618
0.838000, 4617
0.839000, 4616
0.839000, 4615
0.840000, 4614
0.840000, 4613
0.841000, 4612
0.842000, 4611
0.842000, 4610
0.844000, 4609
0.845000, 4608
0.846000, 4607
0.846000, 4606
0.846000, 4605
0.847000, 4604
0.847000, 4603
0.847000, 4602
0.847000, 4601
0.848000, 4600
0.849000, 4599
0.849000, 4598
0.850000, 4597
0.851000, 4596
0.851000, 4595
0.852000, 4594
0.853000, 4593
0.853000, 4592
0.853000, 4591
0.855000, 4590
0.855000, 4589
0.856000, 4588
0.857000, 4587
0.858000, 4586
0.859000, 4585
0.859000, 4584
0.859000, 4583
0.860000, 4582
0.860000, 4581
0.861000, 4580
0.861000, 4579
0.862000, 4578
0.863000, 4577
0.863000, 4576
0.863000, 4575
0.864000, 4574
0.866000, 4573
0.868000, 4572
0.870000, 4571
0.870000, 4570
0.871000, 4569
0.873000, 4568
0.878000, 4567
0.878000, 4566
0.879000, 4565
0.879000, 4564
0.880000, 4563
0.880000, 4562
0.881000, 4561
0.883000, 4560
0.884000, 4559
0.884000, 4558
0.885000, 4557
0.886000, 4556
0.887000, 4555
0.887000, 4554
0.888000, 4553
0.889000, 4552
0.889000, 4551
0.889000, 4550
0.890000, 4549
0.891000, 4548
0.891000, 4547
0.892000, 4546
0.892000, 4545
0.892000, 4544
0.893000, 4543
0.895000, 4542
0.896000, 4541
0.897000, 4540
0.897000, 4539
0.898000, 4538
0.899000, 4537
0.900000, 4536
0.901000, 4535
0.901000, 4534
0.903000, 4533
0.903000, 4532
0.903000, 4531
0.903000, 4530
0.905000, 4529
0.905000, 4528
0.906000, 4527
0.906000, 4526
0.906000, 4525
0.907000, 4524
0.907000, 4523
0.907000, 4522
0.908000, 4521
0.908000, 4520
0.908000, 4519
0.909000, 4518
0.909000, 4517
0.910000, 4516
0.912000, 4515
0.913000, 4514
0.914000, 4513
0.915000, 4512
0.915000, 4511
0.915000, 4510
0.916000, 4509
0.917000, 4508
0.917000, 4507
0.918000, 4506
0.919000, 4505
0.920000, 4504
0.920000, 4503
0.922000, 4502
0.923000, 4501
0.924000, 4500
0.924000, 4499
0.925000, 4498
0.925000, 4497
0.926000, 4496
0.926000, 4495
0.926000, 4494
0.928000, 4493
0.928000, 4492
0.928000, 4491
0.929000, 4490
0.929000, 4489
0.929000, 4488
0.930000, 4487
0.930000, 4486
0.930000, 4485
0.932000, 4484
0.932000, 4483
0.933000, 4482
0.933000, 4481
0.933000, 4480
0.933000, 4479
0.934000, 4478
0.934000, 4477
0.934000, 4476
0.935000, 4475
0.937000, 4474
0.938000, 4473
0.938000, 4472
0.938000, 4471
0.938000, 4470
0.939000, 4469
0.939000, 4468
0.939000, 4467
0.940000, 4466
0.940000, 4465
0.940000, 4464
0.941000, 4463
0.942000, 4462
0.942000, 4461
0.943000, 4460
0.944000, 4459
0.945000, 4458
0.945000, 4457
0.946000, 4456
0.946000, 4455
0.949000, 4454
0.949000, 4453
0.950000, 4452
0.952000, 4451
0.953000, 4450
0.954000, 4449
0.955000, 4448
0.955000, 4447
0.956000, 4446
0.957000, 4445
0.957000, 4444
0.957000, 4443
0.957000, 4442
0.958000, 4441
0.959000, 4440
0.959000, 4439
0.960000, 4438
0.961000, 4437
0.963000, 4436
0.963000, 4435
0.963000, 4434
0.964000, 4433
0.965000, 4432
0.965000, 4431
0.965000, 4430
0.966000, 4429
0.967000, 4428
0.967000, 4427
0.967000, 4426
0.968000, 4425
0.968000, 4424
0.969000, 4423
0.969000, 4422
0.970000, 4421
0.971000, 4420
0.971000, 4419
0.971000, 4418
0.973000, 4417
0.973000, 4416
0.974000, 4415
0.976000, 4414
0.978000, 4413
0.979000, 4412
0.985000, 4411
0.986000, 4410
0.986000, 4409
0.987000, 4408
0.989000, 4407
0.990000, 4406
0.991000, 4405
0.993000, 4404
0.993000, 4403
0.995000, 4402
0.996000, 4401
0.996000, 4400
0.996000, 4399
0.997000, 4398
0.997000, 4397
0.998000, 4396
0.999000, 4395
0.999000, 4394
1.000000, 4393
1.000000, 4392
1.001000, 4391
1.002000, 4390
1.002000, 4389
1.003000, 4388
1.003000, 4387
1.004000, 4386
1.004000, 4385
1.006000, 4384
1.007000, 4383
1.010000, 4382
1.010000, 4381
1.010000, 4380
1.011000, 4379
1.012000, 4378
1.013000, 4377
1.014000, 4376
1.014000, 4375
1.014000, 4374
1.016000, 4373
1.016000, 4372
1.019000, 4371
1.020000, 4370
1.020000, 4369
1.023000, 4368
1.024000, 4367
1.024000, 4366
1.025000, 4365
1.025000, 4364
1.026000, 4363
1.026000, 4362
1.026000, 4361
1.026000, 4360
1.027000, 4359
1.028000, 4358
1.029000, 4357
1.030000, 4356
1.031000, 4355
1.032000, 4354
1.032000, 4353
1.032000, 4352
1.033000, 4351
1.033000, 4350
1.034000, 4349
1.035000, 4348
1.035000, 4347
1.035000, 4346
1.036000, 4345
1.036000, 4344
1.036000, 4343
1.037000, 4342
1.038000, 4341
1.038000, 4340
1.038000, 4339
1.039000, 4338
1.039000, 4337
1.040000, 4336
1.041000, 4335
1.041000, 4334
1.041000, 4333
1.042000, 4332
1.042000, 4331
1.044000, 4330
1.046000, 4329
1.046000, 4328
1.046000, 4327
1.047000, 4326
1.048000, 4325
1.049000, 4324
1.050000, 4323
1.051000, 4322
1.051000, 4321
1.053000, 4320
1.053000, 4319
1.053000, 4318
1.054000, 4317
1.054000, 4316
1.054000, 4315
1.055000, 4314
1.056000, 4313
1.056000, 4312
1.056000, 4311
1.058000, 4310
1.058000, 4309
1.059000, 4308
1.059000, 4307
1.060000, 4306
1.060000, 4305
1.060000, 4304
1.061000, 4303
1.062000, 4302
1.063000, 4301
1.064000, 4300
1.064000, 4299
1.065000, 4298
1.065000, 4297
1.065000, 4296
1.067000, 4295
1.067000, 4294
1.068000, 4293
1.069000, 4292
1.071000, 4291
1.071000, 4290
1.071000, 4289
1.071000, 4288
1.072000, 4287
1.072000, 4286
1.073000, 4285
1.073000, 4284
1.073000, 4283
1.074000, 4282
1.074000, 4281
1.075000, 4280
1.075000, 4279
1.075000, 4278
1.075000, 4277
1.076000, 4276
1.076000, 4275
1.077000, 4274
1.078000, 4273
1.078000, 4272
1.079000, 4271
1.080000, 4270
1.080000, 4269
1.080000, 4268
1.081000, 4267
1.082000, 4266
1.082000, 4265
1.085000, 4264
1.086000, 4263
1.086000, 4262
1.087000, 4261
1.087000, 4260
1.088000, 4259
1.088000, 4258
1.088000, 4257
1.088000, 4256
1.089000, 4255
1.090000, 4254
1.091000, 4253
1.093000, 4252
1.094000, 4251
1.096000, 4250
1.096000, 4249
1.096000, 4248
1.096000, 4247
1.097000, 4246
1.099000, 4245
1.099000, 4244
1.100000, 4243
1.100000, 4242
1.100000, 4241
1.101000, 4240
1.102000, 4239
1.102000, 4238
1.103000, 4237
1.104000, 4236
1.105000, 4235
1.105000, 4234
1.106000, 4233
1.106000, 4232
1.107000, 4231
1.107000, 4230
1.107000, 4229
1.109000, 4228
1.109000, 4227
1.110000, 4226
1.112000, 4225
1.112000, 4224
1.113000, 4223
1.114000, 4222
1.114000, 4221
1.114000, 4220
1.115000, 4219
1.115000, 4218
1.115000, 4217
1.116000, 4216
1.116000, 4215
1.116000, 4214
1.117000, 4213
1.117000, 4212
1.118000, 4211
1.119000, 4210
1.119000, 4209
1.119000, 4208
1.120000, 4207
1.120000, 4206
1.121000, 4205
1.122000, 4204
1.122000, 4203
1.122000, 4202
1.123000, 4201
1.124000, 4200
1.125000, 4199
1.125000, 4198
1.126000, 4197
1.127000, 4196
1.127000, 4195
1.128000, 4194
1.129000, 4193
1.129000, 4192
1.130000, 4191
1.130000, 4190
1.131000, 4189
1.131000, 4188
1.131000, 4187
1.133000, 4186
1.133000, 4185
1.134000, 4184
1.135000, 4183
1.136000, 4182
1.136000, 4181
1.138000, 4180
1.138000, 4179
1.139000, 4178
1.139000, 4177
1.141000, 4176
1.142000, 4175
1.143000, 4174
1.145000, 4173
1.146000, 4172
1.149000, 4171
1.149000, 4170
1.149000, 4169
1.152000, 4168
1.153000, 4167
1.153000, 4166
1.153000, 4165
1.154000, 4164
1.155000, 4163
1.156000, 4162
1.158000, 4161
1.158000, 4160
1.159000, 4159
1.159000, 4158
1.160000, 4157
1.160000, 4156
1.160000, 4155
1.161000, 4154
1.161000, 4153
1.161000, 4152
1.162000, 4151
1.162000, 4150
1.165000, 4149
1.165000, 4148
1.167000, 4147
1.167000, 4146
1.169000, 4145
1.170000, 4144
1.173000, 4143
1.174000, 4142
1.175000, 4141
1.175000, 4140
1.176000, 4139
1.176000, 4138
1.179000, 4137
1.179000, 4136
1.180000, 4135
1.181000, 4134
1.182000, 4133
1.182000, 4132
1.183000, 4131
1.184000, 4130
1.185000, 4129
1.188000, 4128
1.189000, 4127
1.190000, 4126
1.190000, 4125
1.191000, 4124
1.192000, 4123
1.193000, 4122
1.193000, 4121
1.193000, 4120
1.194000, 4119
1.194000, 4118
1.195000, 4117
1.196000, 4116
1.197000, 4115
1.197000, 4114
1.199000, 4113
1.200000, 4112
1.201000, 4111
1.201000, 4110
1.201000, 4109
1.201000, 4108
1.202000, 4107
1.203000, 4106
1.205000, 4105
1.205000, 4104
1.206000, 4103
1.206000, 4102
1.207000, 4101
1.208000, 4100
1.208000, 4099
1.208000, 4098
1.209000, 4097
1.210000, 4096
1.210000, 4095
1.215000, 4094
1.216000, 4093
1.216000, 4092
1.217000, 4091
1.218000, 4090
1.220000, 4089
1.221000, 4088
1.222000, 4087
1.222000, 4086
1.223000, 4085
1.223000, 4084
1.223000, 4083
1.223000, 4082
1.224000, 4081
1.224000, 4080
1.225000, 4079
1.225000, 4078
1.225000, 4077
1.227000, 4076
1.227000, 4075
1.228000, 4074
1.229000, 4073
1.231000, 4072
1.232000, 4071
1.233000, 4070
1.234000, 4069
1.234000, 4068
1.235000, 4067
1.235000, 4066
1.236000, 4065
1.236000, 4064
1.237000, 4063
1.238000, 4062
1.245000, 4061
1.246000, 4060
1.246000, 4059
1.247000, 4058
1.248000, 4057
1.248000, 4056
1.249000, 4055
1.250000, 4054
1.251000, 4053
1.252000, 4052
1.254000, 4051
1.254000, 4050
1.255000, 4049
1.256000, 4048
1.256000, 4047
1.258000, 4046
1.258000, 4045
1.260000, 4044
1.260000, 4043
1.261000, 4042
1.263000, 4041
1.264000, 4040
1.264000, 4039
1.265000, 4038
1.266000, 4037
1.268000, 4036
1.269000, 4035
1.270000, 4034
1.270000, 4033
1.271000, 4032
1.271000, 4031
1.271000, 4030
1.272000, 4029
1.273000, 4028
1.274000, 4027
1.274000, 4026
1.275000, 4025
1.277000, 4024
1.278000, 4023
1.279000, 4022
1.280000, 4021
1.282000, 4020
1.283000, 4019
1.284000, 4018
1.284000, 4017
1.286000, 4016
1.289000, 4015
1.290000, 4014
1.292000, 4013
1.293000, 4012
1.293000, 4011
1.293000, 4010
1.294000, 4009
1.294000, 4008
1.295000, 4007
1.297000, 4006
1.298000, 4005
1.300000, 4004
1.300000, 4003
1.301000, 4002
1.302000, 4001
1.302000, 4000
1.306000, 3999
1.307000, 3998
1.309000, 3997
1.309000, 3996
1.310000, 3995
1.312000, 3994
1.315000, 3993
1.316000, 3992
1.316000, 3991
1.317000, 3990
1.318000, 3989
1.319000, 3988
1.321000, 3987
1.322000, 3986
1.322000, 3985
1.323000, 3984
1.327000, 3983
1.328000, 3982
1.328000, 3981
1.331000, 3980
1.331000, 3979
1.335000, 3978
1.335000, 3977
1.335000, 3976
1.335000, 3975
1.336000, 3974
1.337000, 3973
1.338000, 3972
1.339000, 3971
1.339000, 3970
1.341000, 3969
1.341000, 3968
1.342000, 3967
1.348000, 3966
1.348000, 3965
1.350000, 3964
1.351000, 3963
1.353000, 3962
1.353000, 3961
1.353000, 3960
1.354000, 3959
1.355000, 3958
1.356000, 3957
1.359000, 3956
1.363000, 3955
1.364000, 3954
1.365000, 3953
1.366000, 3952
1.367000, 3951
1.368000, 3950
1.369000, 3949
1.373000, 3948
1.375000, 3947
1.381000, 3946
1.381000, 3945
1.382000, 3944
1.383000, 3943
1.386000, 3942
1.387000, 3941
1.391000, 3940
1.392000, 3939
1.394000, 3938
1.396000, 3937
1.397000, 3936
1.400000, 3935
1.400000, 3934
1.400000, 3933
1.402000, 3932
1.404000, 3931
1.405000, 3930
1.406000, 3929
1.407000, 3928
1.407000, 3927
1.408000, 3926
1.408000, 3925
1.410000, 3924
1.411000, 3923
1.412000, 3922
1.413000, 3921
1.414000, 3920
1.415000, 3919
1.416000, 3918
1.416000, 3917
1.418000, 3916
1.419000, 3915
1.420000, 3914
1.421000, 3913
1.421000, 3912
1.422000, 3911
1.424000, 3910
1.425000, 3909
1.425000, 3908
1.429000, 3907
1.431000, 3906
1.432000, 3905
1.432000, 3904
1.433000, 3903
1.434000, 3902
1.435000, 3901
1.436000, 3900
1.436000, 3899
1.437000, 3898
1.437000, 3897
1.438000, 3896
1.439000, 3895
1.440000, 3894
1.443000, 3893
1.443000, 3892
1.444000, 3891
1.445000, 3890
1.445000, 3889
1.446000, 3888
1.449000, 3887
1.450000, 3886
1.451000, 3885
1.455000, 3884
1.456000, 3883
1.458000, 3882
1.460000, 3881
1.461000, 3880
1.462000, 3879
1.463000, 3878
1.463000, 3877
1.465000, 3876
1.466000, 3875
1.467000, 3874
1.468000, 3873
1.471000, 3872
1.473000, 3871
1.476000, 3870
1.476000, 3869
1.477000, 3868
1.479000, 3867
1.479000, 3866
1.480000, 3865
1.480000, 3864
1.482000, 3863
1.482000, 3862
1.483000, 3861
1.483000, 3860
1.483000, 3859
1.484000, 3858
1.484000, 3857
1.486000, 3856
1.487000, 3855
1.488000, 3854
1.490000, 3853
1.490000, 3852
1.494000, 3851
1.495000, 3850
1.495000, 3849
1.495000, 3848
1.495000, 3847
1.496000, 3846
1.498000, 3845
1.498000, 3844
1.499000, 3843
1.499000, 3842
1.500000, 3841
1.501000, 3840
1.501000, 3839
1.504000, 3838
1.504000, 3837
1.505000, 3836
1.506000, 3835
1.508000, 3834
1.510000, 3833
1.514000, 3832
1.514000, 3831
1.514000, 3830
1.515000, 3829
1.516000, 3828
1.517000, 3827
1.518000, 3826
1.518000, 3825
1.518000, 3824
1.521000, 3823
1.522000, 3822
1.523000, 3821
1.524000, 3820
1.526000, 3819
1.527000, 3818
1.530000, 3817
1.530000, 3816
1.531000, 3815
1.531000, 3814
1.533000, 3813
1.535000, 3812
1.536000, 3811
1.537000, 3810
1.539000, 3809
1.540000, 3808
1.540000, 3807
1.542000, 3806
1.544000, 3805
1.545000, 3804
1.548000, 3803
1.551000, 3802
1.552000, 3801
1.552000, 3800
1.553000, 3799
1.555000, 3798
1.556000, 3797
1.557000, 3796
1.557000, 3795
1.557000, 3794
1.561000, 3793
1.565000, 3792
1.566000, 3791
1.567000, 3790
1.570000, 3789
1.571000, 3788
1.571000, 3787
1.572000, 3786
1.575000, 3785
1.576000, 3784
1.578000, 3783
1.579000, 3782
1.580000, 3781
1.581000, 3780
1.585000, 3779
1.588000, 3778
1.589000, 3777
1.593000, 3776
1.593000, 3775
1.595000, 3774
1.596000, 3773
1.597000, 3772
1.598000, 3771
1.599000, 3770
1.600000, 3769
1.601000, 3768
1.601000, 3767
1.606000, 3766
1.606000, 3765
1.609000, 3764
1.617000, 3763
1.621000, 3762
1.621000, 3761
1.624000, 3760
1.625000, 3759
1.627000, 3758
1.629000, 3757
1.629000, 3756
1.630000, 3755
1.631000, 3754
1.633000, 3753
1.634000, 3752
1.635000, 3751
1.635000, 3750
1.636000, 3749
1.638000, 3748
1.638000, 3747
1.639000, 3746
1.643000, 3745
1.652000, 3744
1.653000, 3743
1.655000, 3742
1.655000, 3741
1.656000, 3740
1.659000, 3739
1.664000, 3738
1.667000, 3737
1.667000, 3736
1.668000, 3735
1.668000, 3734
1.671000, 3733
1.672000, 3732
1.672000, 3731
1.673000, 3730
1.674000, 3729
1.676000, 3728
1.678000, 3727
1.680000, 3726
1.685000, 3725
1.687000, 3724
1.688000, 3723
1.688000, 3722
1.690000, 3721
1.692000, 3720
1.692000, 3719
1.693000, 3718
1.696000, 3717
1.696000, 3716
1.702000, 3715
1.703000, 3714
1.703000, 3713
1.704000, 3712
1.710000, 3711
1.711000, 3710
1.712000, 3709
1.714000, 3708
1.719000, 3707
1.719000, 3706
1.719000, 3705
1.723000, 3704
1.724000, 3703
1.727000, 3702
1.727000, 3701
1.728000, 3700
1.729000, 3699
1.734000, 3698
1.734000, 3697
1.736000, 3696
1.736000, 3695
1.741000, 3694
1.742000, 3693
1.742000, 3692
1.745000, 3691
1.750000, 3690
1.750000, 3689
1.750000, 3688
1.751000, 3687
1.753000, 3686
1.758000, 3685
1.758000, 3684
1.762000, 3683
1.762000, 3682
1.762000, 3681
1.763000, 3680
1.771000, 3679
1.771000, 3678
1.773000, 3677
1.776000, 3676
1.777000, 3675
1.777000, 3674
1.778000, 3673
1.781000, 3672
1.784000, 3671
1.785000, 3670
1.790000, 3669
1.796000, 3668
1.800000, 3667
1.803000, 3666
1.804000, 3665
1.806000, 3664
1.807000, 3663
1.808000, 3662
1.813000, 3661
1.814000, 3660
1.817000, 3659
1.820000, 3658
1.821000, 3657
1.822000, 3656
1.824000, 3655
1.825000, 3654
1.825000, 3653
1.834000, 3652
1.837000, 3651
1.838000, 3650
1.839000, 3649
1.843000, 3648
1.846000, 3647
1.847000, 3646
1.852000, 3645
1.852000, 3644
1.854000, 3643
1.855000, 3642
1.856000, 3641
1.860000, 3640
1.860000, 3639
1.861000, 3638
1.864000, 3637
1.867000, 3636
1.867000, 3635
1.877000, 3634
1.877000, 3633
1.880000, 3632
1.885000, 3631
1.888000, 3630
1.889000, 3629
1.894000, 3628
1.896000, 3627
1.897000, 3626
1.900000, 3625
1.906000, 3624
1.907000, 3623
1.907000, 3622
1.907000, 3621
1.909000, 3620
1.909000, 3619
1.915000, 3618
1.917000, 3617
1.918000, 3616
1.925000, 3615
1.926000, 3614
1.926000, 3613
1.927000, 3612
1.928000, 3611
1.929000, 3610
1.931000, 3609
1.932000, 3608
1.938000, 3607
1.941000, 3606
1.942000, 3605
1.943000, 3604
1.945000, 3603
1.945000, 3602
1.951000, 3601
1.953000, 3600
1.961000, 3599
1.963000, 3598
1.964000, 3597
1.967000, 3596
1.967000, 3595
1.976000, 3594
1.981000, 3593
1.982000, 3592
1.982000, 3591
1.983000, 3590
1.985000, 3589
1.985000, 3588
1.987000, 3587
1.995000, 3586
2.000000, 3585
2.007000, 3584
2.010000, 3583
2.012000, 3582
2.015000, 3581
2.026000, 3580
2.037000, 3579
2.037000, 3578
2.040000, 3577
2.040000, 3576
2.040000, 3575
2.042000, 3574
2.043000, 3573
2.044000, 3572
2.045000, 3571
2.050000, 3570
2.052000, 3569
2.053000, 3568
2.062000, 3567
2.063000, 3566
2.063000, 3565
2.071000, 3564
2.071000, 3563
2.072000, 3562
2.074000, 3561
2.074000, 3560
2.075000, 3559
2.076000, 3558
2.080000, 3557
2.081000, 3556
2.085000, 3555
2.085000, 3554
2.089000, 3553
2.090000, 3552
2.094000, 3551
2.097000, 3550
2.098000, 3549
2.099000, 3548
2.102000, 3547
2.104000, 3546
2.105000, 3545
2.117000, 3544
2.117000, 3543
2.118000, 3542
2.121000, 3541
2.123000, 3540
2.126000, 3539
2.129000, 3538
2.132000, 3537
2.134000, 3536
2.135000, 3535
2.135000, 3534
2.137000, 3533
2.142000, 3532
2.144000, 3531
2.151000, 3530
2.152000, 3529
2.152000, 3528
2.154000, 3527
2.155000, 3526
2.162000, 3525
2.162000, 3524
2.163000, 3523
2.165000, 3522
2.169000, 3521
2.169000, 3520
2.172000, 3519
2.180000, 3518
2.181000, 3517
2.183000, 3516
2.185000, 3515
2.189000, 3514
2.189000, 3513
2.194000, 3512
2.196000, 3511
2.197000, 3510
2.197000, 3509
2.205000, 3508
2.205000, 3507
2.212000, 3506
2.224000, 3505
2.231000, 3504
2.234000, 3503
2.235000, 3502
2.241000, 3501
2.241000, 3500
2.243000, 3499
2.247000, 3498
2.248000, 3497
2.256000, 3496
2.257000, 3495
2.258000, 3494
2.259000, 3493
2.259000, 3492
2.261000, 3491
2.261000, 3490
2.262000, 3489
2.264000, 3488
2.265000, 3487
2.268000, 3486
2.273000, 3485
2.280000, 3484
2.282000, 3483
2.291000, 3482
2.298000, 3481
2.302000, 3480
2.306000, 3479
2.312000, 3478
2.314000, 3477
2.316000, 3476
2.325000, 3475
2.332000, 3474
2.335000, 3473
2.343000, 3472
2.348000, 3471
2.359000, 3470
2.360000, 3469
2.360000, 3468
2.363000, 3467
2.369000, 3466
2.377000, 3465
2.378000, 3464
2.380000, 3463
2.386000, 3462
2.387000, 3461
2.406000, 3460
2.406000, 3459
2.412000, 3458
2.417000, 3457
2.424000, 3456
2.432000, 3455
2.432000, 3454
2.435000, 3453
2.447000, 3452
2.449000, 3451
2.454000, 3450
2.459000, 3449
2.469000, 3448
2.470000, 3447
2.476000, 3446
2.481000, 3445
2.482000, 3444
2.497000, 3443
2.503000, 3442
2.506000, 3441
2.511000, 3440
2.514000, 3439
2.517000, 3438
2.523000, 3437
2.524000, 3436
2.531000, 3435
2.538000, 3434
2.538000, 3433
2.547000, 3432
2.548000, 3431
2.553000, 3430
2.557000, 3429
2.559000, 3428
2.561000, 3427
2.568000, 3426
2.576000, 3425
2.580000, 3424
2.583000, 3423
2.588000, 3422
2.592000, 3421
2.598000, 3420
2.615000, 3419
2.617000, 3418
2.643000, 3417
2.643000, 3416
2.648000, 3415
2.649000, 3414
2.659000, 3413
2.664000, 3412
2.664000, 3411
2.680000, 3410
2.683000, 3409
2.689000, 3408
2.697000, 3407
2.706000, 3406
2.713000, 3405
2.717000, 3404
2.724000, 3403
2.725000, 3402
2.738000, 3401
2.757000, 3400
2.760000, 3399
2.763000, 3398
2.770000, 3397
2.806000, 3396
2.822000, 3395
2.823000, 3394
2.833000, 3393
2.844000, 3392
2.853000, 3391
2.879000, 3390
2.880000, 3389
2.885000, 3388
2.895000, 3387
2.895000, 3386
2.915000, 3385
2.932000, 3384
2.967000, 3383
2.968000, 3382
2.982000, 3381
2.984000, 3380
3.043000, 3379
3.071000, 3378
3.082000, 3377
3.100000, 3376
3.105000, 3375
3.124000, 3374
3.139000, 3373
3.198000, 3372
3.200000, 3371
3.208000, 3370
3.212000, 3369
3.214000, 3368
3.222000, 3367
3.243000, 3366
3.257000, 3365
3.279000, 3364
3.292000, 3363
3.298000, 3362
3.338000, 3361
3.345000, 3360
3.361000, 3359
3.363000, 3358
3.375000, 3357
3.377000, 3356
3.387000, 3355
3.411000, 3354
3.529000, 3353
3.540000, 3352
3.582000, 3351
3.607000, 3350
3.652000, 3349
3.683000, 3348
3.748000, 3347
3.774000, 3346
3.826000, 3345
3.850000, 3344
3.881000, 3343
3.887000, 3342
3.965000, 3341
3.990000, 3340
3.995000, 3339
4.003000, 3338
4.041000, 3337
4.441000, 3336
4.484000, 3335
4.695000, 3334
5.383000, 3333
5.423000, 3332
