0.009000, 6065
0.012000, 6064
0.121000, 6063
0.121000, 6062
0.122000, 6061
0.122000, 6060
0.122000, 6059
0.123000, 6058
0.124000, 6057
0.124000, 6056
0.125000, 6055
0.127000, 6054
0.128000, 6053
0.129000, 6052
0.130000, 6051
0.131000, 6050
0.131000, 6049
0.132000, 6048
0.132000, 6047
0.132000, 6046
0.133000, 6045
0.133000, 6044
0.133000, 6043
0.133000, 6042
0.134000, 6041
0.134000, 6040
0.135000, 6039
0.135000, 6038
0.135000, 6037
0.135000, 6036
0.135000, 6035
0.135000, 6034
0.136000, 6033
0.137000, 6032
0.137000, 6031
0.137000, 6030
0.138000, 6029
0.139000, 6028
0.140000, 6027
0.140000, 6026
0.141000, 6025
0.141000, 6024
0.141000, 6023
0.142000, 6022
0.142000, 6021
0.143000, 6020
0.144000, 6019
0.144000, 6018
0.144000, 6017
0.144000, 6016
0.145000, 6015
0.146000, 6014
0.146000, 6013
0.147000, 6012
0.147000, 6011
0.149000, 6010
0.149000, 6009
0.150000, 6008
0.150000, 6007
0.150000, 6006
0.151000, 6005
0.151000, 6004
0.152000, 6003
0.152000, 6002
0.153000, 6001
0.154000, 6000
0.155000, 5999
0.155000, 5998
0.156000, 5997
0.156000, 5996
0.157000, 5995
0.158000, 5994
0.158000, 5993
0.159000, 5992
0.159000, 5991
0.159000, 5990
0.160000, 5989
0.160000, 5988
0.161000, 5987
0.162000, 5986
0.163000, 5985
0.163000, 5984
0.164000, 5983
0.164000, 5982
0.164000, 5981
0.165000, 5980
0.166000, 5979
0.166000, 5978
0.167000, 5977
0.168000, 5976
0.168000, 5975
0.169000, 5974
0.169000, 5973
0.170000, 5972
0.171000, 5971
0.171000, 5970
0.171000, 5969
0.172000, 5968
0.173000, 5967
0.173000, 5966
0.175000, 5965
0.177000, 5964
0.178000, 5963
0.179000, 5962
0.180000, 5961
0.180000, 5960
0.181000, 5959
0.181000, 5958
0.183000, 5957
0.183000, 5956
0.184000, 5955
0.184000, 5954
0.186000, 5953
0.186000, 5952
0.186000, 5951
0.187000, 5950
0.187000, 5949
0.189000, 5948
0.189000, 5947
0.189000, 5946
0.190000, 5945
0.190000, 5944
0.191000, 5943
0.192000, 5942
0.192000, 5941
0.192000, 5940
0.193000, 5939
0.193000, 5938
0.194000, 5937
0.195000, 5936
0.195000, 5935
0.195000, 5934
0.196000, 5933
0.202000, 5932
0.203000, 5931
0.203000, 5930
0.204000, 5929
0.204000, 5928
0.204000, 5927
0.205000, 5926
0.205000, 5925
0.205000, 5924
0.206000, 5923
0.206000, 5922
0.207000, 5921
0.207000, 5920
0.207000, 5919
0.208000, 5918
0.208000, 5917
0.208000, 5916
0.209000, 5915
0.209000, 5914
0.209000, 5913
0.210000, 5912
0.210000, 5911
0.210000, 5910
0.210000, 5909
0.211000, 5908
0.211000, 5907
0.211000, 5906
0.212000, 5905
0.212000, 5904
0.214000, 5903
0.214000, 5902
0.215000, 5901
0.215000, 5900
0.217000, 5899
0.217000, 5898
0.218000, 5897
0.218000, 5896
0.218000, 5895
0.219000, 5894
0.219000, 5893
0.219000, 5892
0.220000, 5891
0.220000, 5890
0.220000, 5889
0.220000, 5888
0.220000, 5887
0.221000, 5886
0.221000, 5885
0.222000, 5884
0.222000, 5883
0.223000, 5882
0.224000, 5881
0.225000, 5880
0.225000, 5879
0.225000, 5878
0.225000, 5877
0.226000, 5876
0.226000, 5875
0.226000, 5874
0.226000, 5873
0.227000, 5872
0.227000, 5871
0.228000, 5870
0.228000, 5869
0.228000, 5868
0.228000, 5867
0.229000, 5866
0.229000, 5865
0.231000, 5864
0.231000, 5863
0.231000, 5862
0.232000, 5861
0.232000, 5860
0.232000, 5859
0.232000, 5858
0.234000, 5857
0.234000, 5856
0.235000, 5855
0.236000, 5854
0.237000, 5853
0.238000, 5852
0.238000, 5851
0.239000, 5850
0.240000, 5849
0.241000, 5848
0.241000, 5847
0.241000, 5846
0.242000, 5845
0.242000, 5844
0.243000, 5843
0.243000, 5842
0.243000, 5841
0.244000, 5840
0.244000, 5839
0.244000, 5838
0.244000, 5837
0.245000, 5836
0.245000, 5835
0.246000, 5834
0.247000, 5833
0.247000, 5832
0.247000, 5831
0.248000, 5830
0.248000, 5829
0.249000, 5828
0.249000, 5827
0.249000, 5826
0.249000, 5825
0.250000, 5824
0.250000, 5823
0.250000, 5822
0.250000, 5821
0.251000, 5820
0.251000, 5819
0.251000, 5818
0.251000, 5817
0.252000, 5816
0.252000, 5815
0.252000, 5814
0.253000, 5813
0.253000, 5812
0.254000, 5811
0.254000, 5810
0.256000, 5809
0.256000, 5808
0.256000, 5807
0.258000, 5806
0.258000, 5805
0.258000, 5804
0.259000, 5803
0.259000, 5802
0.259000, 5801
0.260000, 5800
0.260000, 5799
0.260000, 5798
0.260000, 5797
0.261000, 5796
0.261000, 5795
0.261000, 5794
0.261000, 5793
0.262000, 5792
0.262000, 5791
0.263000, 5790
0.264000, 5789
0.264000, 5788
0.265000, 5787
0.265000, 5786
0.266000, 5785
0.266000, 5784
0.266000, 5783
0.267000, 5782
0.268000, 5781
0.268000, 5780
0.268000, 5779
0.268000, 5778
0.269000, 5777
0.269000, 5776
0.269000, 5775
0.270000, 5774
0.270000, 5773
0.271000, 5772
0.271000, 5771
0.271000, 5770
0.272000, 5769
0.272000, 5768
0.273000, 5767
0.273000, 5766
0.274000, 5765
0.274000, 5764
0.275000, 5763
0.275000, 5762
0.275000, 5761
0.275000, 5760
0.276000, 5759
0.277000, 5758
0.277000, 5757
0.278000, 5756
0.278000, 5755
0.278000, 5754
0.279000, 5753
0.279000, 5752
0.280000, 5751
0.280000, 5750
0.281000, 5749
0.281000, 5748
0.282000, 5747
0.282000, 5746
0.282000, 5745
0.283000, 5744
0.285000, 5743
0.285000, 5742
0.286000, 5741
0.286000, 5740
0.287000, 5739
0.288000, 5738
0.288000, 5737
0.288000, 5736
0.289000, 5735
0.289000, 5734
0.289000, 5733
0.289000, 5732
0.290000, 5731
0.290000, 5730
0.290000, 5729
0.291000, 5728
0.291000, 5727
0.291000, 5726
0.292000, 5725
0.292000, 5724
0.293000, 5723
0.293000, 5722
0.294000, 5721
0.294000, 5720
0.294000, 5719
0.294000, 5718
0.295000, 5717
0.295000, 5716
0.296000, 5715
0.296000, 5714
0.297000, 5713
0.297000, 5712
0.297000, 5711
0.297000, 5710
0.298000, 5709
0.299000, 5708
0.299000, 5707
0.299000, 5706
0.299000, 5705
0.300000, 5704
0.301000, 5703
0.302000, 5702
0.302000, 5701
0.302000, 5700
0.303000, 5699
0.303000, 5698
0.304000, 5697
0.305000, 5696
0.305000, 5695
0.305000, 5694
0.305000, 5693
0.306000, 5692
0.306000, 5691
0.306000, 5690
0.306000, 5689
0.307000, 5688
0.307000, 5687
0.308000, 5686
0.309000, 5685
0.309000, 5684
0.309000, 5683
0.310000, 5682
0.310000, 5681
0.311000, 5680
0.311000, 5679
0.312000, 5678
0.312000, 5677
0.313000, 5676
0.314000, 5675
0.314000, 5674
0.315000, 5673
0.315000, 5672
0.316000, 5671
0.317000, 5670
0.317000, 5669
0.317000, 5668
0.318000, 5667
0.319000, 5666
0.319000, 5665
0.320000, 5664
0.320000, 5663
0.320000, 5662
0.320000, 5661
0.321000, 5660
0.321000, 5659
0.322000, 5658
0.322000, 5657
0.323000, 5656
0.323000, 5655
0.323000, 5654
0.324000, 5653
0.324000, 5652
0.324000, 5651
0.324000, 5650
0.326000, 5649
0.326000, 5648
0.327000, 5647
0.327000, 5646
0.328000, 5645
0.328000, 5644
0.328000, 5643
0.329000, 5642
0.329000, 5641
0.329000, 5640
0.329000, 5639
0.331000, 5638
0.331000, 5637
0.331000, 5636
0.331000, 5635
0.332000, 5634
0.332000, 5633
0.332000, 5632
0.333000, 5631
0.333000, 5630
0.333000, 5629
0.334000, 5628
0.334000, 5627
0.334000, 5626
0.334000, 5625
0.335000, 5624
0.335000, 5623
0.335000, 5622
0.336000, 5621
0.336000, 5620
0.336000, 5619
0.337000, 5618
0.337000, 5617
0.338000, 5616
0.339000, 5615
0.339000, 5614
0.340000, 5613
0.340000, 5612
0.340000, 5611
0.341000, 5610
0.341000, 5609
0.342000, 5608
0.342000, 5607
0.343000, 5606
0.343000, 5605
0.343000, 5604
0.344000, 5603
0.344000, 5602
0.345000, 5601
0.345000, 5600
0.346000, 5599
0.347000, 5598
0.347000, 5597
0.347000, 5596
0.347000, 5595
0.348000, 5594
0.348000, 5593
0.348000, 5592
0.348000, 5591
0.349000, 5590
0.349000, 5589
0.350000, 5588
0.351000, 5587
0.351000, 5586
0.351000, 5585
0.352000, 5584
0.352000, 5583
0.353000, 5582
0.354000, 5581
0.354000, 5580
0.355000, 5579
0.355000, 5578
0.355000, 5577
0.355000, 5576
0.356000, 5575
0.358000, 5574
0.358000, 5573
0.359000, 5572
0.366000, 5571
0.367000, 5570
0.369000, 5569
0.369000, 5568
0.369000, 5567
0.370000, 5566
0.370000, 5565
0.370000, 5564
0.371000, 5563
0.371000, 5562
0.371000, 5561
0.371000, 5560
0.372000, 5559
0.372000, 5558
0.373000, 5557
0.373000, 5556
0.374000, 5555
0.374000, 5554
0.374000, 5553
0.375000, 5552
0.376000, 5551
0.376000, 5550
0.377000, 5549
0.377000, 5548
0.378000, 5547
0.378000, 5546
0.378000, 5545
0.379000, 5544
0.379000, 5543
0.380000, 5542
0.380000, 5541
0.380000, 5540
0.381000, 5539
0.381000, 5538
0.382000, 5537
0.383000, 5536
0.383000, 5535
0.384000, 5534
0.384000, 5533
0.384000, 5532
0.385000, 5531
0.385000, 5530
0.385000, 5529
0.385000, 5528
0.385000, 5527
0.386000, 5526
0.386000, 5525
0.387000, 5524
0.387000, 5523
0.388000, 5522
0.388000, 5521
0.389000, 5520
0.389000, 5519
0.389000, 5518
0.390000, 5517
0.391000, 5516
0.391000, 5515
0.391000, 5514
0.391000, 5513
0.392000, 5512
0.392000, 5511
0.392000, 5510
0.393000, 5509
0.393000, 5508
0.394000, 5507
0.394000, 5506
0.395000, 5505
0.395000, 5504
0.395000, 5503
0.396000, 5502
0.396000, 5501
0.396000, 5500
0.396000, 5499
0.397000, 5498
0.397000, 5497
0.397000, 5496
0.398000, 5495
0.398000, 5494
0.398000, 5493
0.399000, 5492
0.400000, 5491
0.401000, 5490
0.401000, 5489
0.402000, 5488
0.402000, 5487
0.403000, 5486
0.403000, 5485
0.403000, 5484
0.404000, 5483
0.404000, 5482
0.405000, 5481
0.406000, 5480
0.406000, 5479
0.407000, 5478
0.407000, 5477
0.407000, 5476
0.408000, 5475
0.408000, 5474
0.409000, 5473
0.410000, 5472
0.410000, 5471
0.411000, 5470
0.411000, 5469
0.412000, 5468
0.412000, 5467
0.413000, 5466
0.413000, 5465
0.414000, 5464
0.414000, 5463
0.414000, 5462
0.415000, 5461
0.415000, 5460
0.416000, 5459
0.416000, 5458
0.418000, 5457
0.419000, 5456
0.420000, 5455
0.420000, 5454
0.420000, 5453
0.420000, 5452
0.420000, 5451
0.421000, 5450
0.421000, 5449
0.421000, 5448
0.421000, 5447
0.422000, 5446
0.422000, 5445
0.422000, 5444
0.423000, 5443
0.423000, 5442
0.423000, 5441
0.424000, 5440
0.424000, 5439
0.425000, 5438
0.426000, 5437
0.426000, 5436
0.426000, 5435
0.427000, 5434
0.428000, 5433
0.428000, 5432
0.429000, 5431
0.430000, 5430
0.430000, 5429
0.431000, 5428
0.432000, 5427
0.433000, 5426
0.433000, 5425
0.433000, 5424
0.433000, 5423
0.434000, 5422
0.434000, 5421
0.435000, 5420
0.435000, 5419
0.436000, 5418
0.436000, 5417
0.436000, 5416
0.436000, 5415
0.437000, 5414
0.438000, 5413
0.438000, 5412
0.439000, 5411
0.439000, 5410
0.439000, 5409
0.440000, 5408
0.440000, 5407
0.441000, 5406
0.441000, 5405
0.442000, 5404
0.442000, 5403
0.443000, 5402
0.443000, 5401
0.443000, 5400
0.444000, 5399
0.444000, 5398
0.444000, 5397
0.445000, 5396
0.445000, 5395
0.446000, 5394
0.446000, 5393
0.447000, 5392
0.447000, 5391
0.448000, 5390
0.449000, 5389
0.449000, 5388
0.450000, 5387
0.451000, 5386
0.451000, 5385
0.451000, 5384
0.451000, 5383
0.451000, 5382
0.452000, 5381
0.452000, 5380
0.453000, 5379
0.454000, 5378
0.454000, 5377
0.455000, 5376
0.455000, 5375
0.455000, 5374
0.456000, 5373
0.457000, 5372
0.457000, 5371
0.457000, 5370
0.458000, 5369
0.458000, 5368
0.459000, 5367
0.459000, 5366
0.460000, 5365
0.460000, 5364
0.460000, 5363
0.461000, 5362
0.461000, 5361
0.462000, 5360
0.462000, 5359
0.462000, 5358
0.462000, 5357
0.463000, 5356
0.463000, 5355
0.463000, 5354
0.464000, 5353
0.464000, 5352
0.465000, 5351
0.465000, 5350
0.466000, 5349
0.466000, 5348
0.466000, 5347
0.467000, 5346
0.467000, 5345
0.467000, 5344
0.468000, 5343
0.468000, 5342
0.468000, 5341
0.468000, 5340
0.469000, 5339
0.469000, 5338
0.469000, 5337
0.470000, 5336
0.470000, 5335
0.471000, 5334
0.471000, 5333
0.471000, 5332
0.472000, 5331
0.472000, 5330
0.472000, 5329
0.472000, 5328
0.473000, 5327
0.473000, 5326
0.473000, 5325
0.474000, 5324
0.474000, 5323
0.474000, 5322
0.474000, 5321
0.475000, 5320
0.475000, 5319
0.476000, 5318
0.476000, 5317
0.477000, 5316
0.478000, 5315
0.478000, 5314
0.479000, 5313
0.480000, 5312
0.481000, 5311
0.481000, 5310
0.481000, 5309
0.482000, 5308
0.482000, 5307
0.482000, 5306
0.482000, 5305
0.482000, 5304
0.483000, 5303
0.483000, 5302
0.484000, 5301
0.484000, 5300
0.484000, 5299
0.484000, 5298
0.485000, 5297
0.485000, 5296
0.485000, 5295
0.485000, 5294
0.486000, 5293
0.486000, 5292
0.486000, 5291
0.487000, 5290
0.488000, 5289
0.488000, 5288
0.489000, 5287
0.489000, 5286
0.490000, 5285
0.490000, 5284
0.491000, 5283
0.491000, 5282
0.492000, 5281
0.493000, 5280
0.494000, 5279
0.495000, 5278
0.495000, 5277
0.496000, 5276
0.496000, 5275
0.497000, 5274
0.498000, 5273
0.499000, 5272
0.499000, 5271
0.500000, 5270
0.500000, 5269
0.500000, 5268
0.500000, 5267
0.501000, 5266
0.501000, 5265
0.502000, 5264
0.502000, 5263
0.503000, 5262
0.503000, 5261
0.503000, 5260
0.504000, 5259
0.504000, 5258
0.504000, 5257
0.505000, 5256
0.505000, 5255
0.506000, 5254
0.506000, 5253
0.507000, 5252
0.507000, 5251
0.507000, 5250
0.507000, 5249
0.510000, 5248
0.510000, 5247
0.510000, 5246
0.511000, 5245
0.511000, 5244
0.512000, 5243
0.512000, 5242
0.512000, 5241
0.513000, 5240
0.514000, 5239
0.514000, 5238
0.515000, 5237
0.515000, 5236
0.515000, 5235
0.516000, 5234
0.516000, 5233
0.516000, 5232
0.517000, 5231
0.522000, 5230
0.522000, 5229
0.523000, 5228
0.523000, 5227
0.523000, 5226
0.524000, 5225
0.525000, 5224
0.526000, 5223
0.526000, 5222
0.526000, 5221
0.527000, 5220
0.527000, 5219
0.528000, 5218
0.528000, 5217
0.529000, 5216
0.529000, 5215
0.530000, 5214
0.530000, 5213
0.530000, 5212
0.530000, 5211
0.532000, 5210
0.532000, 5209
0.534000, 5208
0.534000, 5207
0.534000, 5206
0.534000, 5205
0.535000, 5204
0.536000, 5203
0.536000, 5202
0.537000, 5201
0.537000, 5200
0.538000, 5199
0.538000, 5198
0.539000, 5197
0.540000, 5196
0.540000, 5195
0.543000, 5194
0.543000, 5193
0.544000, 5192
0.544000, 5191
0.544000, 5190
0.545000, 5189
0.545000, 5188
0.546000, 5187
0.546000, 5186
0.547000, 5185
0.547000, 5184
0.547000, 5183
0.548000, 5182
0.548000, 5181
0.550000, 5180
0.550000, 5179
0.551000, 5178
0.551000, 5177
0.551000, 5176
0.552000, 5175
0.553000, 5174
0.553000, 5173
0.554000, 5172
0.554000, 5171
0.554000, 5170
0.555000, 5169
0.555000, 5168
0.556000, 5167
0.556000, 5166
0.556000, 5165
0.556000, 5164
0.557000, 5163
0.557000, 5162
0.557000, 5161
0.557000, 5160
0.557000, 5159
0.559000, 5158
0.559000, 5157
0.560000, 5156
0.560000, 5155
0.561000, 5154
0.561000, 5153
0.561000, 5152
0.563000, 5151
0.563000, 5150
0.563000, 5149
0.565000, 5148
0.565000, 5147
0.565000, 5146
0.566000, 5145
0.566000, 5144
0.566000, 5143
0.566000, 5142
0.568000, 5141
0.568000, 5140
0.570000, 5139
0.570000, 5138
0.571000, 5137
0.572000, 5136
0.572000, 5135
0.572000, 5134
0.573000, 5133
0.573000, 5132
0.573000, 5131
0.574000, 5130
0.574000, 5129
0.574000, 5128
0.575000, 5127
0.575000, 5126
0.576000, 5125
0.576000, 5124
0.577000, 5123
0.577000, 5122
0.578000, 5121
0.578000, 5120
0.578000, 5119
0.578000, 5118
0.579000, 5117
0.579000, 5116
0.580000, 5115
0.581000, 5114
0.582000, 5113
0.584000, 5112
0.584000, 5111
0.584000, 5110
0.584000, 5109
0.585000, 5108
0.585000, 5107
0.585000, 5106
0.586000, 5105
0.586000, 5104
0.587000, 5103
0.587000, 5102
0.588000, 5101
0.590000, 5100
0.590000, 5099
0.590000, 5098
0.590000, 5097
0.591000, 5096
0.591000, 5095
0.592000, 5094
0.593000, 5093
0.593000, 5092
0.594000, 5091
0.594000, 5090
0.596000, 5089
0.596000, 5088
0.597000, 5087
0.597000, 5086
0.597000, 5085
0.597000, 5084
0.598000, 5083
0.599000, 5082
0.601000, 5081
0.601000, 5080
0.601000, 5079
0.602000, 5078
0.602000, 5077
0.602000, 5076
0.602000, 5075
0.602000, 5074
0.603000, 5073
0.603000, 5072
0.604000, 5071
0.604000, 5070
0.604000, 5069
0.605000, 5068
0.606000, 5067
0.607000, 5066
0.607000, 5065
0.607000, 5064
0.608000, 5063
0.609000, 5062
0.609000, 5061
0.611000, 5060
0.612000, 5059
0.612000, 5058
0.612000, 5057
0.613000, 5056
0.614000, 5055
0.614000, 5054
0.615000, 5053
0.615000, 5052
0.615000, 5051
0.615000, 5050
0.616000, 5049
0.616000, 5048
0.616000, 5047
0.617000, 5046
0.617000, 5045
0.617000, 5044
0.618000, 5043
0.618000, 5042
0.619000, 5041
0.620000, 5040
0.620000, 5039
0.620000, 5038
0.620000, 5037
0.621000, 5036
0.621000, 5035
0.622000, 5034
0.622000, 5033
0.623000, 5032
0.624000, 5031
0.624000, 5030
0.624000, 5029
0.625000, 5028
0.625000, 5027
0.626000, 5026
0.626000, 5025
0.627000, 5024
0.627000, 5023
0.628000, 5022
0.629000, 5021
0.630000, 5020
0.630000, 5019
0.630000, 5018
0.630000, 5017
0.631000, 5016
0.631000, 5015
0.632000, 5014
0.632000, 5013
0.634000, 5012
0.636000, 5011
0.636000, 5010
0.636000, 5009
0.637000, 5008
0.638000, 5007
0.639000, 5006
0.639000, 5005
0.640000, 5004
0.640000, 5003
0.640000, 5002
0.640000, 5001
0.641000, 5000
0.641000, 4999
0.642000, 4998
0.642000, 4997
0.642000, 4996
0.642000, 4995
0.643000, 4994
0.644000, 4993
0.645000, 4992
0.645000, 4991
0.645000, 4990
0.646000, 4989
0.646000, 4988
0.647000, 4987
0.647000, 4986
0.647000, 4985
0.648000, 4984
0.648000, 4983
0.648000, 4982
0.648000, 4981
0.649000, 4980
0.649000, 4979
0.650000, 4978
0.650000, 4977
0.650000, 4976
0.650000, 4975
0.651000, 4974
0.651000, 4973
0.652000, 4972
0.652000, 4971
0.653000, 4970
0.654000, 4969
0.655000, 4968
0.655000, 4967
0.655000, 4966
0.655000, 4965
0.656000, 4964
0.656000, 4963
0.657000, 4962
0.658000, 4961
0.658000, 4960
0.659000, 4959
0.659000, 4958
0.659000, 4957
0.660000, 4956
0.661000, 4955
0.661000, 4954
0.661000, 4953
0.662000, 4952
0.662000, 4951
0.663000, 4950
0.665000, 4949
0.666000, 4948
0.666000, 4947
0.666000, 4946
0.667000, 4945
0.668000, 4944
0.668000, 4943
0.668000, 4942
0.668000, 4941
0.674000, 4940
0.675000, 4939
0.675000, 4938
0.676000, 4937
0.676000, 4936
0.677000, 4935
0.678000, 4934
0.678000, 4933
0.678000, 4932
0.679000, 4931
0.679000, 4930
0.679000, 4929
0.680000, 4928
0.680000, 4927
0.680000, 4926
0.680000, 4925
0.681000, 4924
0.681000, 4923
0.682000, 4922
0.683000, 4921
0.683000, 4920
0.683000, 4919
0.684000, 4918
0.684000, 4917
0.685000, 4916
0.686000, 4915
0.687000, 4914
0.687000, 4913
0.687000, 4912
0.687000, 4911
0.688000, 4910
0.688000, 4909
0.689000, 4908
0.690000, 4907
0.690000, 4906
0.690000, 4905
0.690000, 4904
0.690000, 4903
0.691000, 4902
0.691000, 4901
0.692000, 4900
0.692000, 4899
0.692000, 4898
0.692000, 4897
0.693000, 4896
0.693000, 4895
0.694000, 4894
0.694000, 4893
0.694000, 4892
0.694000, 4891
0.695000, 4890
0.696000, 4889
0.696000, 4888
0.699000, 4887
0.699000, 4886
0.699000, 4885
0.699000, 4884
0.700000, 4883
0.701000, 4882
0.701000, 4881
0.702000, 4880
0.702000, 4879
0.702000, 4878
0.703000, 4877
0.703000, 4876
0.703000, 4875
0.704000, 4874
0.704000, 4873
0.705000, 4872
0.705000, 4871
0.706000, 4870
0.706000, 4869
0.706000, 4868
0.707000, 4867
0.707000, 4866
0.708000, 4865
0.709000, 4864
0.709000, 4863
0.709000, 4862
0.713000, 4861
0.713000, 4860
0.713000, 4859
0.713000, 4858
0.714000, 4857
0.715000, 4856
0.716000, 4855
0.716000, 4854
0.716000, 4853
0.717000, 4852
0.718000, 4851
0.718000, 4850
0.719000, 4849
0.719000, 4848
0.720000, 4847
0.720000, 4846
0.720000, 4845
0.721000, 4844
0.722000, 4843
0.723000, 4842
0.723000, 4841
0.724000, 4840
0.724000, 4839
0.725000, 4838
0.726000, 4837
0.727000, 4836
0.727000, 4835
0.728000, 4834
0.729000, 4833
0.730000, 4832
0.730000, 4831
0.731000, 4830
0.732000, 4829
0.732000, 4828
0.732000, 4827
0.732000, 4826
0.733000, 4825
0.734000, 4824
0.735000, 4823
0.736000, 4822
0.736000, 4821
0.736000, 4820
0.736000, 4819
0.737000, 4818
0.737000, 4817
0.737000, 4816
0.738000, 4815
0.738000, 4814
0.738000, 4813
0.739000, 4812
0.740000, 4811
0.741000, 4810
0.741000, 4809
0.742000, 4808
0.742000, 4807
0.742000, 4806
0.742000, 4805
0.744000, 4804
0.744000, 4803
0.745000, 4802
0.745000, 4801
0.746000, 4800
0.746000, 4799
0.747000, 4798
0.747000, 4797
0.748000, 4796
0.749000, 4795
0.749000, 4794
0.749000, 4793
0.750000, 4792
0.751000, 4791
0.751000, 4790
0.751000, 4789
0.752000, 4788
0.752000, 4787
0.752000, 4786
0.754000, 4785
0.754000, 4784
0.754000, 4783
0.754000, 4782
0.755000, 4781
0.756000, 4780
0.756000, 4779
0.757000, 4778
0.757000, 4777
0.758000, 4776
0.758000, 4775
0.761000, 4774
0.761000, 4773
0.762000, 4772
0.762000, 4771
0.763000, 4770
0.765000, 4769
0.766000, 4768
0.766000, 4767
0.766000, 4766
0.767000, 4765
0.768000, 4764
0.768000, 4763
0.769000, 4762
0.770000, 4761
0.771000, 4760
0.772000, 4759
0.774000, 4758
0.775000, 4757
0.776000, 4756
0.776000, 4755
0.777000, 4754
0.777000, 4753
0.778000, 4752
0.778000, 4751
0.778000, 4750
0.778000, 4749
0.779000, 4748
0.779000, 4747
0.780000, 4746
0.780000, 4745
0.780000, 4744
0.781000, 4743
0.781000, 4742
0.782000, 4741
0.782000, 4740
0.782000, 4739
0.783000, 4738
0.783000, 4737
0.785000, 4736
0.785000, 4735
0.785000, 4734
0.785000, 4733
0.786000, 4732
0.786000, 4731
0.787000, 4730
0.787000, 4729
0.787000, 4728
0.787000, 4727
0.787000, 4726
0.788000, 4725
0.788000, 4724
0.790000, 4723
0.790000, 4722
0.791000, 4721
0.791000, 4720
0.794000, 4719
0.794000, 4718
0.794000, 4717
0.794000, 4716
0.795000, 4715
0.795000, 4714
0.796000, 4713
0.798000, 4712
0.799000, 4711
0.799000, 4710
0.799000, 4709
0.800000, 4708
0.801000, 4707
0.801000, 4706
0.802000, 4705
0.802000, 4704
0.802000, 4703
0.803000, 4702
0.803000, 4701
0.803000, 4700
0.804000, 4699
0.804000, 4698
0.805000, 4697
0.805000, 4696
0.806000, 4695
0.806000, 4694
0.806000, 4693
0.807000, 4692
0.807000, 4691
0.808000, 4690
0.809000, 4689
0.810000, 4688
0.810000, 4687
0.810000, 4686
0.810000, 4685
0.811000, 4684
0.811000, 4683
0.811000, 4682
0.813000, 4681
0.813000, 4680
0.814000, 4679
0.815000, 4678
0.816000, 4677
0.816000, 4676
0.816000, 4675
0.817000, 4674
0.817000, 4673
0.818000, 4672
0.818000, 4671
0.818000, 4670
0.819000, 4669
0.819000, 4668
0.819000, 4667
0.820000, 4666
0.820000, 4665
0.821000, 4664
0.821000, 4663
0.821000, 4662
0.821000, 4661
0.822000, 4660
0.822000, 4659
0.823000, 4658
0.824000, 4657
0.824000, 4656
0.825000, 4655
0.826000, 4654
0.826000, 4653
0.827000, 4652
0.827000, 4651
0.828000, 4650
0.828000, 4649
0.829000, 4648
0.830000, 4647
0.831000, 4646
0.831000, 4645
0.831000, 4644
0.832000, 4643
0.833000, 4642
0.833000, 4641
0.834000, 4640
0.834000, 4639
0.835000, 4638
0.836000, 4637
0.837000, 4636
0.839000, 4635
0.840000, 4634
0.840000, 4633
0.840000, 4632
0.841000, 4631
0.841000, 4630
0.841000, 4629
0.842000, 4628
0.843000, 4627
0.844000, 4626
0.844000, 4625
0.844000, 4624
0.845000, 4623
0.845000, 4622
0.845000, 4621
0.846000, 4620
0.846000, 4619
0.847000, 4618
0.847000, 4617
0.848000, 4616
0.848000, 4615
0.848000, 4614
0.849000, 4613
0.850000, 4612
0.851000, 4611
0.851000, 4610
0.852000, 4609
0.852000, 4608
0.853000, 4607
0.854000, 4606
0.854000, 4605
0.854000, 4604
0.855000, 4603
0.855000, 4602
0.860000, 4601
0.860000, 4600
0.861000, 4599
0.861000, 4598
0.862000, 4597
0.863000, 4596
0.863000, 4595
0.863000, 4594
0.864000, 4593
0.864000, 4592
0.865000, 4591
0.865000, 4590
0.865000, 4589
0.870000, 4588
0.870000, 4587
0.872000, 4586
0.873000, 4585
0.874000, 4584
0.874000, 4583
0.875000, 4582
0.876000, 4581
0.877000, 4580
0.877000, 4579
0.877000, 4578
0.878000, 4577
0.878000, 4576
0.879000, 4575
0.880000, 4574
0.880000, 4573
0.881000, 4572
0.882000, 4571
0.882000, 4570
0.882000, 4569
0.883000, 4568
0.883000, 4567
0.885000, 4566
0.886000, 4565
0.886000, 4564
0.886000, 4563
0.887000, 4562
0.889000, 4561
0.890000, 4560
0.891000, 4559
0.891000, 4558
0.891000, 4557
0.892000, 4556
0.893000, 4555
0.894000, 4554
0.894000, 4553
0.895000, 4552
0.895000, 4551
0.896000, 4550
0.896000, 4549
0.896000, 4548
0.896000, 4547
0.897000, 4546
0.898000, 4545
0.899000, 4544
0.900000, 4543
0.901000, 4542
0.901000, 4541
0.901000, 4540
0.902000, 4539
0.905000, 4538
0.905000, 4537
0.907000, 4536
0.907000, 4535
0.908000, 4534
0.909000, 4533
0.910000, 4532
0.911000, 4531
0.912000, 4530
0.912000, 4529
0.913000, 4528
0.914000, 4527
0.914000, 4526
0.914000, 4525
0.914000, 4524
0.915000, 4523
0.916000, 4522
0.916000, 4521
0.918000, 4520
0.918000, 4519
0.918000, 4518
0.919000, 4517
0.919000, 4516
0.920000, 4515
0.922000, 4514
0.923000, 4513
0.924000, 4512
0.925000, 4511
0.925000, 4510
0.926000, 4509
0.926000, 4508
0.928000, 4507
0.929000, 4506
0.930000, 4505
0.931000, 4504
0.932000, 4503
0.932000, 4502
0.933000, 4501
0.933000, 4500
0.934000, 4499
0.934000, 4498
0.935000, 4497
0.937000, 4496
0.938000, 4495
0.938000, 4494
0.938000, 4493
0.939000, 4492
0.939000, 4491
0.940000, 4490
0.940000, 4489
0.941000, 4488
0.941000, 4487
0.942000, 4486
0.944000, 4485
0.944000, 4484
0.945000, 4483
0.945000, 4482
0.946000, 4481
0.946000, 4480
0.946000, 4479
0.946000, 4478
0.946000, 4477
0.947000, 4476
0.947000, 4475
0.948000, 4474
0.948000, 4473
0.950000, 4472
0.951000, 4471
0.951000, 4470
0.951000, 4469
0.952000, 4468
0.952000, 4467
0.953000, 4466
0.953000, 4465
0.954000, 4464
0.955000, 4463
0.956000, 4462
0.956000, 4461
0.957000, 4460
0.957000, 4459
0.960000, 4458
0.961000, 4457
0.963000, 4456
0.964000, 4455
0.964000, 4454
0.964000, 4453
0.965000, 4452
0.965000, 4451
0.965000, 4450
0.965000, 4449
0.966000, 4448
0.968000, 4447
0.968000, 4446
0.969000, 4445
0.970000, 4444
0.973000, 4443
0.979000, 4442
0.979000, 4441
0.980000, 4440
0.981000, 4439
0.983000, 4438
0.983000, 4437
0.983000, 4436
0.985000, 4435
0.986000, 4434
0.986000, 4433
0.988000, 4432
0.988000, 4431
0.988000, 4430
0.990000, 4429
0.990000, 4428
0.992000, 4427
0.992000, 4426
0.993000, 4425
0.994000, 4424
0.994000, 4423
0.995000, 4422
0.995000, 4421
0.995000, 4420
0.996000, 4419
0.996000, 4418
0.996000, 4417
0.997000, 4416
0.997000, 4415
0.998000, 4414
0.998000, 4413
0.999000, 4412
0.999000, 4411
1.000000, 4410
1.000000, 4409
1.001000, 4408
1.001000, 4407
1.001000, 4406
1.003000, 4405
1.004000, 4404
1.004000, 4403
1.005000, 4402
1.006000, 4401
1.007000, 4400
1.007000, 4399
1.009000, 4398
1.009000, 4397
1.010000, 4396
1.010000, 4395
1.011000, 4394
1.011000, 4393
1.011000, 4392
1.013000, 4391
1.014000, 4390
1.014000, 4389
1.015000, 4388
1.017000, 4387
1.018000, 4386
1.018000, 4385
1.019000, 4384
1.020000, 4383
1.020000, 4382
1.020000, 4381
1.022000, 4380
1.023000, 4379
1.023000, 4378
1.023000, 4377
1.024000, 4376
1.024000, 4375
1.027000, 4374
1.027000, 4373
1.028000, 4372
1.029000, 4371
1.030000, 4370
1.030000, 4369
1.030000, 4368
1.031000, 4367
1.031000, 4366
1.031000, 4365
1.031000, 4364
1.032000, 4363
1.032000, 4362
1.033000, 4361
1.034000, 4360
1.034000, 4359
1.036000, 4358
1.036000, 4357
1.036000, 4356
1.037000, 4355
1.039000, 4354
1.039000, 4353
1.039000, 4352
1.039000, 4351
1.040000, 4350
1.040000, 4349
1.042000, 4348
1.042000, 4347
1.043000, 4346
1.043000, 4345
1.043000, 4344
1.044000, 4343
1.044000, 4342
1.044000, 4341
1.045000, 4340
1.047000, 4339
1.047000, 4338
1.048000, 4337
1.048000, 4336
1.048000, 4335
1.049000, 4334
1.049000, 4333
1.049000, 4332
1.050000, 4331
1.050000, 4330
1.051000, 4329
1.052000, 4328
1.054000, 4327
1.055000, 4326
1.056000, 4325
1.057000, 4324
1.057000, 4323
1.058000, 4322
1.058000, 4321
1.059000, 4320
1.061000, 4319
1.062000, 4318
1.063000, 4317
1.064000, 4316
1.065000, 4315
1.065000, 4314
1.065000, 4313
1.066000, 4312
1.066000, 4311
1.067000, 4310
1.068000, 4309
1.070000, 4308
1.070000, 4307
1.071000, 4306
1.071000, 4305
1.073000, 4304
1.073000, 4303
1.074000, 4302
1.074000, 4301
1.075000, 4300
1.076000, 4299
1.077000, 4298
1.077000, 4297
1.077000, 4296
1.078000, 4295
1.079000, 4294
1.079000, 4293
1.080000, 4292
1.080000, 4291
1.080000, 4290
1.082000, 4289
1.082000, 4288
1.083000, 4287
1.084000, 4286
1.084000, 4285
1.085000, 4284
1.085000, 4283
1.085000, 4282
1.086000, 4281
1.086000, 4280
1.086000, 4279
1.087000, 4278
1.087000, 4277
1.088000, 4276
1.089000, 4275
1.089000, 4274
1.089000, 4273
1.089000, 4272
1.090000, 4271
1.091000, 4270
1.095000, 4269
1.096000, 4268
1.097000, 4267
1.098000, 4266
1.098000, 4265
1.099000, 4264
1.100000, 4263
1.100000, 4262
1.101000, 4261
1.101000, 4260
1.103000, 4259
1.103000, 4258
1.104000, 4257
1.104000, 4256
1.105000, 4255
1.106000, 4254
1.106000, 4253
1.108000, 4252
1.110000, 4251
1.111000, 4250
1.112000, 4249
1.113000, 4248
1.114000, 4247
1.115000, 4246
1.117000, 4245
1.118000, 4244
1.118000, 4243
1.118000, 4242
1.120000, 4241
1.120000, 4240
1.120000, 4239
1.123000, 4238
1.123000, 4237
1.124000, 4236
1.126000, 4235
1.127000, 4234
1.127000, 4233
1.128000, 4232
1.129000, 4231
1.129000, 4230
1.129000, 4229
1.129000, 4228
1.130000, 4227
1.131000, 4226
1.132000, 4225
1.133000, 4224
1.134000, 4223
1.134000, 4222
1.134000, 4221
1.134000, 4220
1.135000, 4219
1.135000, 4218
1.135000, 4217
1.136000, 4216
1.137000, 4215
1.138000, 4214
1.139000, 4213
1.140000, 4212
1.140000, 4211
1.142000, 4210
1.142000, 4209
1.143000, 4208
1.145000, 4207
1.145000, 4206
1.146000, 4205
1.146000, 4204
1.147000, 4203
1.148000, 4202
1.148000, 4201
1.148000, 4200
1.150000, 4199
1.150000, 4198
1.151000, 4197
1.153000, 4196
1.153000, 4195
1.154000, 4194
1.154000, 4193
1.155000, 4192
1.155000, 4191
1.156000, 4190
1.158000, 4189
1.158000, 4188
1.159000, 4187
1.159000, 4186
1.160000, 4185
1.160000, 4184
1.160000, 4183
1.161000, 4182
1.161000, 4181
1.161000, 4180
1.162000, 4179
1.162000, 4178
1.162000, 4177
1.163000, 4176
1.163000, 4175
1.163000, 4174
1.163000, 4173
1.163000, 4172
1.165000, 4171
1.165000, 4170
1.165000, 4169
1.165000, 4168
1.168000, 4167
1.170000, 4166
1.171000, 4165
1.171000, 4164
1.172000, 4163
1.172000, 4162
1.172000, 4161
1.174000, 4160
1.175000, 4159
1.175000, 4158
1.175000, 4157
1.177000, 4156
1.177000, 4155
1.178000, 4154
1.179000, 4153
1.179000, 4152
1.180000, 4151
1.180000, 4150
1.181000, 4149
1.181000, 4148
1.182000, 4147
1.182000, 4146
1.182000, 4145
1.183000, 4144
1.183000, 4143
1.185000, 4142
1.186000, 4141
1.188000, 4140
1.189000, 4139
1.190000, 4138
1.190000, 4137
1.191000, 4136
1.192000, 4135
1.192000, 4134
1.193000, 4133
1.193000, 4132
1.193000, 4131
1.194000, 4130
1.195000, 4129
1.196000, 4128
1.196000, 4127
1.196000, 4126
1.197000, 4125
1.198000, 4124
1.198000, 4123
1.198000, 4122
1.199000, 4121
1.200000, 4120
1.201000, 4119
1.202000, 4118
1.205000, 4117
1.205000, 4116
1.205000, 4115
1.206000, 4114
1.206000, 4113
1.207000, 4112
1.207000, 4111
1.207000, 4110
1.208000, 4109
1.208000, 4108
1.208000, 4107
1.208000, 4106
1.209000, 4105
1.211000, 4104
1.212000, 4103
1.212000, 4102
1.212000, 4101
1.213000, 4100
1.213000, 4099
1.214000, 4098
1.214000, 4097
1.214000, 4096
1.214000, 4095
1.215000, 4094
1.215000, 4093
1.216000, 4092
1.216000, 4091
1.218000, 4090
1.218000, 4089
1.223000, 4088
1.223000, 4087
1.223000, 4086
1.229000, 4085
1.229000, 4084
1.231000, 4083
1.232000, 4082
1.232000, 4081
1.233000, 4080
1.235000, 4079
1.235000, 4078
1.235000, 4077
1.236000, 4076
1.237000, 4075
1.237000, 4074
1.238000, 4073
1.239000, 4072
1.239000, 4071
1.239000, 4070
1.239000, 4069
1.240000, 4068
1.240000, 4067
1.242000, 4066
1.243000, 4065
1.243000, 4064
1.243000, 4063
1.244000, 4062
1.245000, 4061
1.246000, 4060
1.246000, 4059
1.247000, 4058
1.247000, 4057
1.248000, 4056
1.250000, 4055
1.250000, 4054
1.251000, 4053
1.253000, 4052
1.254000, 4051
1.254000, 4050
1.255000, 4049
1.256000, 4048
1.256000, 4047
1.256000, 4046
1.257000, 4045
1.259000, 4044
1.259000, 4043
1.259000, 4042
1.261000, 4041
1.264000, 4040
1.264000, 4039
1.264000, 4038
1.265000, 4037
1.265000, 4036
1.266000, 4035
1.267000, 4034
1.267000, 4033
1.268000, 4032
1.269000, 4031
1.270000, 4030
1.272000, 4029
1.274000, 4028
1.275000, 4027
1.276000, 4026
1.277000, 4025
1.278000, 4024
1.279000, 4023
1.282000, 4022
1.285000, 4021
1.286000, 4020
1.288000, 4019
1.289000, 4018
1.290000, 4017
1.290000, 4016
1.290000, 4015
1.291000, 4014
1.291000, 4013
1.292000, 4012
1.292000, 4011
1.293000, 4010
1.293000, 4009
1.294000, 4008
1.295000, 4007
1.295000, 4006
1.295000, 4005
1.295000, 4004
1.299000, 4003
1.300000, 4002
1.300000, 4001
1.301000, 4000
1.301000, 3999
1.302000, 3998
1.303000, 3997
1.304000, 3996
1.305000, 3995
1.306000, 3994
1.308000, 3993
1.309000, 3992
1.312000, 3991
1.312000, 3990
1.313000, 3989
1.313000, 3988
1.314000, 3987
1.317000, 3986
1.317000, 3985
1.318000, 3984
1.321000, 3983
1.323000, 3982
1.324000, 3981
1.325000, 3980
1.326000, 3979
1.326000, 3978
1.329000, 3977
1.329000, 3976
1.329000, 3975
1.330000, 3974
1.330000, 3973
1.331000, 3972
1.332000, 3971
1.332000, 3970
1.332000, 3969
1.336000, 3968
1.336000, 3967
1.336000, 3966
1.337000, 3965
1.338000, 3964
1.339000, 3963
1.340000, 3962
1.340000, 3961
1.341000, 3960
1.343000, 3959
1.343000, 3958
1.344000, 3957
1.344000, 3956
1.344000, 3955
1.345000, 3954
1.348000, 3953
1.350000, 3952
1.350000, 3951
1.351000, 3950
1.352000, 3949
1.354000, 3948
1.354000, 3947
1.357000, 3946
1.357000, 3945
1.357000, 3944
1.358000, 3943
1.358000, 3942
1.359000, 3941
1.359000, 3940
1.361000, 3939
1.362000, 3938
1.362000, 3937
1.362000, 3936
1.362000, 3935
1.363000, 3934
1.363000, 3933
1.364000, 3932
1.365000, 3931
1.365000, 3930
1.366000, 3929
1.367000, 3928
1.367000, 3927
1.369000, 3926
1.370000, 3925
1.370000, 3924
1.372000, 3923
1.373000, 3922
1.373000, 3921
1.376000, 3920
1.378000, 3919
1.382000, 3918
1.384000, 3917
1.385000, 3916
1.385000, 3915
1.385000, 3914
1.390000, 3913
1.390000, 3912
1.391000, 3911
1.391000, 3910
1.392000, 3909
1.392000, 3908
1.393000, 3907
1.393000, 3906
1.393000, 3905
1.393000, 3904
1.393000, 3903
1.394000, 3902
1.395000, 3901
1.396000, 3900
1.398000, 3899
1.399000, 3898
1.400000, 3897
1.402000, 3896
1.402000, 3895
1.403000, 3894
1.407000, 3893
1.409000, 3892
1.410000, 3891
1.410000, 3890
1.412000, 3889
1.413000, 3888
1.415000, 3887
1.417000, 3886
1.417000, 3885
1.418000, 3884
1.418000, 3883
1.423000, 3882
1.423000, 3881
1.426000, 3880
1.426000, 3879
1.428000, 3878
1.428000, 3877
1.429000, 3876
1.431000, 3875
1.431000, 3874
1.432000, 3873
1.432000, 3872
1.433000, 3871
1.433000, 3870
1.434000, 3869
1.435000, 3868
1.436000, 3867
1.436000, 3866
1.437000, 3865
1.437000, 3864
1.438000, 3863
1.440000, 3862
1.440000, 3861
1.442000, 3860
1.443000, 3859
1.443000, 3858
1.444000, 3857
1.445000, 3856
1.445000, 3855
1.446000, 3854
1.449000, 3853
1.449000, 3852
1.453000, 3851
1.453000, 3850
1.455000, 3849
1.455000, 3848
1.456000, 3847
1.457000, 3846
1.457000, 3845
1.458000, 3844
1.461000, 3843
1.462000, 3842
1.466000, 3841
1.467000, 3840
1.468000, 3839
1.469000, 3838
1.470000, 3837
1.471000, 3836
1.472000, 3835
1.473000, 3834
1.473000, 3833
1.474000, 3832
1.476000, 3831
1.476000, 3830
1.478000, 3829
1.479000, 3828
1.480000, 3827
1.481000, 3826
1.482000, 3825
1.483000, 3824
1.487000, 3823
1.487000, 3822
1.487000, 3821
1.490000, 3820
1.491000, 3819
1.491000, 3818
1.492000, 3817
1.494000, 3816
1.494000, 3815
1.494000, 3814
1.495000, 3813
1.497000, 3812
1.499000, 3811
1.501000, 3810
1.502000, 3809
1.502000, 3808
1.503000, 3807
1.506000, 3806
1.507000, 3805
1.509000, 3804
1.512000, 3803
1.517000, 3802
1.519000, 3801
1.519000, 3800
1.521000, 3799
1.522000, 3798
1.523000, 3797
1.524000, 3796
1.524000, 3795
1.526000, 3794
1.527000, 3793
1.528000, 3792
1.529000, 3791
1.529000, 3790
1.532000, 3789
1.536000, 3788
1.536000, 3787
1.536000, 3786
1.537000, 3785
1.538000, 3784
1.542000, 3783
1.543000, 3782
1.544000, 3781
1.545000, 3780
1.545000, 3779
1.548000, 3778
1.552000, 3777
1.555000, 3776
1.560000, 3775
1.560000, 3774
1.562000, 3773
1.563000, 3772
1.563000, 3771
1.567000, 3770
1.569000, 3769
1.570000, 3768
1.573000, 3767
1.575000, 3766
1.577000, 3765
1.582000, 3764
1.583000, 3763
1.583000, 3762
1.583000, 3761
1.585000, 3760
1.587000, 3759
1.591000, 3758
1.593000, 3757
1.594000, 3756
1.595000, 3755
1.595000, 3754
1.596000, 3753
1.598000, 3752
1.603000, 3751
1.604000, 3750
1.605000, 3749
1.605000, 3748
1.606000, 3747
1.608000, 3746
1.609000, 3745
1.611000, 3744
1.611000, 3743
1.618000, 3742
1.618000, 3741
1.621000, 3740
1.621000, 3739
1.622000, 3738
1.627000, 3737
1.627000, 3736
1.632000, 3735
1.634000, 3734
1.634000, 3733
1.636000, 3732
1.636000, 3731
1.637000, 3730
1.637000, 3729
1.639000, 3728
1.641000, 3727
1.645000, 3726
1.647000, 3725
1.647000, 3724
1.648000, 3723
1.648000, 3722
1.652000, 3721
1.653000, 3720
1.654000, 3719
1.655000, 3718
1.661000, 3717
1.662000, 3716
1.662000, 3715
1.663000, 3714
1.665000, 3713
1.665000, 3712
1.668000, 3711
1.670000, 3710
1.671000, 3709
1.673000, 3708
1.675000, 3707
1.676000, 3706
1.679000, 3705
1.680000, 3704
1.683000, 3703
1.684000, 3702
1.685000, 3701
1.687000, 3700
1.689000, 3699
1.692000, 3698
1.693000, 3697
1.697000, 3696
1.698000, 3695
1.698000, 3694
1.699000, 3693
1.700000, 3692
1.700000, 3691
1.700000, 3690
1.702000, 3689
1.702000, 3688
1.704000, 3687
1.704000, 3686
1.710000, 3685
1.719000, 3684
1.725000, 3683
1.727000, 3682
1.728000, 3681
1.729000, 3680
1.732000, 3679
1.737000, 3678
1.739000, 3677
1.739000, 3676
1.741000, 3675
1.742000, 3674
1.743000, 3673
1.744000, 3672
1.746000, 3671
1.749000, 3670
1.750000, 3669
1.751000, 3668
1.751000, 3667
1.753000, 3666
1.755000, 3665
1.755000, 3664
1.759000, 3663
1.759000, 3662
1.759000, 3661
1.761000, 3660
1.763000, 3659
1.765000, 3658
1.769000, 3657
1.770000, 3656
1.771000, 3655
1.771000, 3654
1.772000, 3653
1.774000, 3652
1.775000, 3651
1.775000, 3650
1.778000, 3649
1.780000, 3648
1.782000, 3647
1.783000, 3646
1.783000, 3645
1.786000, 3644
1.788000, 3643
1.789000, 3642
1.789000, 3641
1.791000, 3640
1.793000, 3639
1.795000, 3638
1.803000, 3637
1.807000, 3636
1.809000, 3635
1.809000, 3634
1.811000, 3633
1.811000, 3632
1.816000, 3631
1.817000, 3630
1.817000, 3629
1.818000, 3628
1.819000, 3627
1.820000, 3626
1.820000, 3625
1.824000, 3624
1.825000, 3623
1.826000, 3622
1.827000, 3621
1.830000, 3620
1.833000, 3619
1.833000, 3618
1.834000, 3617
1.839000, 3616
1.845000, 3615
1.845000, 3614
1.850000, 3613
1.851000, 3612
1.860000, 3611
1.863000, 3610
1.865000, 3609
1.865000, 3608
1.865000, 3607
1.865000, 3606
1.866000, 3605
1.871000, 3604
1.872000, 3603
1.872000, 3602
1.876000, 3601
1.881000, 3600
1.884000, 3599
1.887000, 3598
1.891000, 3597
1.891000, 3596
1.894000, 3595
1.897000, 3594
1.900000, 3593
1.901000, 3592
1.902000, 3591
1.902000, 3590
1.903000, 3589
1.904000, 3588
1.907000, 3587
1.907000, 3586
1.908000, 3585
1.909000, 3584
1.910000, 3583
1.913000, 3582
1.915000, 3581
1.918000, 3580
1.920000, 3579
1.922000, 3578
1.922000, 3577
1.923000, 3576
1.929000, 3575
1.930000, 3574
1.932000, 3573
1.933000, 3572
1.938000, 3571
1.941000, 3570
1.942000, 3569
1.945000, 3568
1.946000, 3567
1.949000, 3566
1.950000, 3565
1.955000, 3564
1.957000, 3563
1.962000, 3562
1.972000, 3561
1.972000, 3560
1.973000, 3559
1.977000, 3558
1.982000, 3557
1.986000, 3556
1.988000, 3555
1.991000, 3554
1.995000, 3553
1.998000, 3552
1.999000, 3551
2.002000, 3550
2.003000, 3549
2.004000, 3548
2.007000, 3547
2.010000, 3546
2.011000, 3545
2.011000, 3544
2.013000, 3543
2.015000, 3542
2.016000, 3541
2.016000, 3540
2.017000, 3539
2.019000, 3538
2.019000, 3537
2.023000, 3536
2.023000, 3535
2.027000, 3534
2.028000, 3533
2.031000, 3532
2.031000, 3531
2.033000, 3530
2.033000, 3529
2.033000, 3528
2.034000, 3527
2.036000, 3526
2.037000, 3525
2.038000, 3524
2.038000, 3523
2.040000, 3522
2.040000, 3521
2.040000, 3520
2.042000, 3519
2.042000, 3518
2.043000, 3517
2.045000, 3516
2.053000, 3515
2.053000, 3514
2.055000, 3513
2.056000, 3512
2.056000, 3511
2.057000, 3510
2.059000, 3509
2.060000, 3508
2.060000, 3507
2.060000, 3506
2.062000, 3505
2.062000, 3504
2.067000, 3503
2.067000, 3502
2.069000, 3501
2.069000, 3500
2.069000, 3499
2.075000, 3498
2.077000, 3497
2.079000, 3496
2.080000, 3495
2.087000, 3494
2.089000, 3493
2.089000, 3492
2.093000, 3491
2.095000, 3490
2.095000, 3489
2.095000, 3488
2.097000, 3487
2.097000, 3486
2.099000, 3485
2.101000, 3484
2.101000, 3483
2.106000, 3482
2.106000, 3481
2.109000, 3480
2.116000, 3479
2.120000, 3478
2.120000, 3477
2.121000, 3476
2.124000, 3475
2.127000, 3474
2.132000, 3473
2.136000, 3472
2.142000, 3471
2.149000, 3470
2.150000, 3469
2.154000, 3468
2.156000, 3467
2.157000, 3466
2.167000, 3465
2.171000, 3464
2.171000, 3463
2.179000, 3462
2.181000, 3461
2.184000, 3460
2.189000, 3459
2.198000, 3458
2.200000, 3457
2.203000, 3456
2.206000, 3455
2.207000, 3454
2.209000, 3453
2.214000, 3452
2.214000, 3451
2.218000, 3450
2.224000, 3449
2.224000, 3448
2.227000, 3447
2.230000, 3446
2.236000, 3445
2.243000, 3444
2.247000, 3443
2.255000, 3442
2.267000, 3441
2.277000, 3440
2.279000, 3439
2.285000, 3438
2.291000, 3437
2.305000, 3436
2.308000, 3435
2.313000, 3434
2.318000, 3433
2.328000, 3432
2.336000, 3431
2.341000, 3430
2.355000, 3429
2.358000, 3428
2.364000, 3427
2.369000, 3426
2.396000, 3425
2.399000, 3424
2.423000, 3423
2.426000, 3422
2.438000, 3421
2.441000, 3420
2.451000, 3419
2.457000, 3418
2.462000, 3417
2.470000, 3416
2.474000, 3415
2.477000, 3414
2.481000, 3413
2.483000, 3412
2.484000, 3411
2.489000, 3410
2.491000, 3409
2.514000, 3408
2.518000, 3407
2.535000, 3406
2.548000, 3405
2.549000, 3404
2.554000, 3403
2.558000, 3402
2.582000, 3401
2.634000, 3400
2.637000, 3399
2.639000, 3398
2.642000, 3397
2.644000, 3396
2.652000, 3395
2.656000, 3394
2.698000, 3393
2.732000, 3392
2.737000, 3391
2.739000, 3390
2.745000, 3389
2.756000, 3388
2.759000, 3387
2.771000, 3386
2.789000, 3385
2.800000, 3384
2.801000, 3383
2.840000, 3382
2.863000, 3381
2.888000, 3380
2.890000, 3379
2.891000, 3378
2.891000, 3377
2.898000, 3376
2.928000, 3375
2.955000, 3374
2.969000, 3373
2.974000, 3372
2.981000, 3371
2.995000, 3370
2.997000, 3369
3.009000, 3368
3.040000, 3367
3.073000, 3366
3.079000, 3365
3.082000, 3364
3.087000, 3363
3.108000, 3362
3.160000, 3361
3.165000, 3360
3.180000, 3359
3.190000, 3358
3.203000, 3357
3.213000, 3356
3.235000, 3355
3.247000, 3354
3.254000, 3353
3.269000, 3352
3.287000, 3351
3.311000, 3350
3.327000, 3349
3.346000, 3348
3.367000, 3347
3.371000, 3346
3.382000, 3345
3.400000, 3344
3.459000, 3343
3.508000, 3342
3.537000, 3341
3.598000, 3340
3.683000, 3339
3.688000, 3338
3.706000, 3337
3.707000, 3336
3.751000, 3335
3.850000, 3334
3.856000, 3333
3.957000, 3332
4.095000, 3331
4.205000, 3330
4.375000, 3329
4.928000, 3328
5.070000, 3327
