0.117000, 6049
0.120000, 6048
0.121000, 6047
0.121000, 6046
0.122000, 6045
0.122000, 6044
0.122000, 6043
0.122000, 6042
0.123000, 6041
0.123000, 6040
0.124000, 6039
0.125000, 6038
0.125000, 6037
0.125000, 6036
0.127000, 6035
0.128000, 6034
0.128000, 6033
0.128000, 6032
0.129000, 6031
0.129000, 6030
0.130000, 6029
0.131000, 6028
0.132000, 6027
0.132000, 6026
0.132000, 6025
0.133000, 6024
0.134000, 6023
0.134000, 6022
0.135000, 6021
0.135000, 6020
0.136000, 6019
0.137000, 6018
0.137000, 6017
0.137000, 6016
0.137000, 6015
0.138000, 6014
0.139000, 6013
0.139000, 6012
0.140000, 6011
0.141000, 6010
0.141000, 6009
0.142000, 6008
0.142000, 6007
0.144000, 6006
0.144000, 6005
0.145000, 6004
0.145000, 6003
0.145000, 6002
0.146000, 6001
0.146000, 6000
0.147000, 5999
0.148000, 5998
0.148000, 5997
0.149000, 5996
0.150000, 5995
0.151000, 5994
0.152000, 5993
0.153000, 5992
0.153000, 5991
0.153000, 5990
0.154000, 5989
0.154000, 5988
0.155000, 5987
0.155000, 5986
0.155000, 5985
0.156000, 5984
0.157000, 5983
0.157000, 5982
0.157000, 5981
0.158000, 5980
0.159000, 5979
0.160000, 5978
0.161000, 5977
0.162000, 5976
0.163000, 5975
0.163000, 5974
0.163000, 5973
0.163000, 5972
0.164000, 5971
0.164000, 5970
0.165000, 5969
0.166000, 5968
0.166000, 5967
0.168000, 5966
0.168000, 5965
0.168000, 5964
0.170000, 5963
0.171000, 5962
0.172000, 5961
0.173000, 5960
0.173000, 5959
0.173000, 5958
0.173000, 5957
0.174000, 5956
0.176000, 5955
0.177000, 5954
0.178000, 5953
0.178000, 5952
0.178000, 5951
0.180000, 5950
0.180000, 5949
0.182000, 5948
0.182000, 5947
0.183000, 5946
0.184000, 5945
0.185000, 5944
0.185000, 5943
0.187000, 5942
0.187000, 5941
0.187000, 5940
0.188000, 5939
0.188000, 5938
0.189000, 5937
0.191000, 5936
0.191000, 5935
0.191000, 5934
0.191000, 5933
0.192000, 5932
0.192000, 5931
0.192000, 5930
0.193000, 5929
0.193000, 5928
0.193000, 5927
0.194000, 5926
0.194000, 5925
0.194000, 5924
0.195000, 5923
0.195000, 5922
0.195000, 5921
0.197000, 5920
0.197000, 5919
0.198000, 5918
0.198000, 5917
0.199000, 5916
0.199000, 5915
0.200000, 5914
0.201000, 5913
0.201000, 5912
0.201000, 5911
0.202000, 5910
0.202000, 5909
0.203000, 5908
0.204000, 5907
0.205000, 5906
0.206000, 5905
0.206000, 5904
0.207000, 5903
0.207000, 5902
0.207000, 5901
0.208000, 5900
0.208000, 5899
0.209000, 5898
0.217000, 5897
0.218000, 5896
0.218000, 5895
0.219000, 5894
0.219000, 5893
0.220000, 5892
0.220000, 5891
0.221000, 5890
0.222000, 5889
0.222000, 5888
0.222000, 5887
0.223000, 5886
0.223000, 5885
0.223000, 5884
0.223000, 5883
0.224000, 5882
0.224000, 5881
0.225000, 5880
0.225000, 5879
0.225000, 5878
0.226000, 5877
0.226000, 5876
0.227000, 5875
0.227000, 5874
0.228000, 5873
0.228000, 5872
0.228000, 5871
0.228000, 5870
0.229000, 5869
0.229000, 5868
0.229000, 5867
0.229000, 5866
0.230000, 5865
0.230000, 5864
0.231000, 5863
0.231000, 5862
0.231000, 5861
0.231000, 5860
0.232000, 5859
0.232000, 5858
0.233000, 5857
0.233000, 5856
0.233000, 5855
0.233000, 5854
0.234000, 5853
0.234000, 5852
0.235000, 5851
0.236000, 5850
0.236000, 5849
0.236000, 5848
0.236000, 5847
0.237000, 5846
0.237000, 5845
0.238000, 5844
0.238000, 5843
0.238000, 5842
0.238000, 5841
0.239000, 5840
0.239000, 5839
0.240000, 5838
0.240000, 5837
0.241000, 5836
0.241000, 5835
0.242000, 5834
0.242000, 5833
0.243000, 5832
0.243000, 5831
0.243000, 5830
0.244000, 5829
0.245000, 5828
0.245000, 5827
0.245000, 5826
0.245000, 5825
0.246000, 5824
0.246000, 5823
0.247000, 5822
0.247000, 5821
0.247000, 5820
0.247000, 5819
0.248000, 5818
0.248000, 5817
0.248000, 5816
0.249000, 5815
0.249000, 5814
0.249000, 5813
0.250000, 5812
0.251000, 5811
0.251000, 5810
0.252000, 5809
0.253000, 5808
0.253000, 5807
0.253000, 5806
0.253000, 5805
0.254000, 5804
0.254000, 5803
0.254000, 5802
0.255000, 5801
0.255000, 5800
0.255000, 5799
0.256000, 5798
0.257000, 5797
0.257000, 5796
0.258000, 5795
0.258000, 5794
0.259000, 5793
0.259000, 5792
0.259000, 5791
0.260000, 5790
0.260000, 5789
0.261000, 5788
0.261000, 5787
0.261000, 5786
0.261000, 5785
0.262000, 5784
0.262000, 5783
0.263000, 5782
0.263000, 5781
0.263000, 5780
0.264000, 5779
0.264000, 5778
0.265000, 5777
0.265000, 5776
0.266000, 5775
0.266000, 5774
0.266000, 5773
0.267000, 5772
0.267000, 5771
0.267000, 5770
0.267000, 5769
0.267000, 5768
0.270000, 5767
0.270000, 5766
0.271000, 5765
0.272000, 5764
0.272000, 5763
0.273000, 5762
0.273000, 5761
0.274000, 5760
0.274000, 5759
0.275000, 5758
0.275000, 5757
0.276000, 5756
0.276000, 5755
0.277000, 5754
0.278000, 5753
0.278000, 5752
0.278000, 5751
0.279000, 5750
0.279000, 5749
0.279000, 5748
0.280000, 5747
0.280000, 5746
0.281000, 5745
0.282000, 5744
0.282000, 5743
0.283000, 5742
0.283000, 5741
0.284000, 5740
0.284000, 5739
0.284000, 5738
0.285000, 5737
0.285000, 5736
0.285000, 5735
0.285000, 5734
0.286000, 5733
0.287000, 5732
0.287000, 5731
0.288000, 5730
0.288000, 5729
0.288000, 5728
0.289000, 5727
0.289000, 5726
0.289000, 5725
0.289000, 5724
0.290000, 5723
0.290000, 5722
0.290000, 5721
0.291000, 5720
0.291000, 5719
0.292000, 5718
0.293000, 5717
0.293000, 5716
0.294000, 5715
0.294000, 5714
0.295000, 5713
0.295000, 5712
0.295000, 5711
0.296000, 5710
0.297000, 5709
0.297000, 5708
0.297000, 5707
0.298000, 5706
0.298000, 5705
0.298000, 5704
0.299000, 5703
0.300000, 5702
0.300000, 5701
0.300000, 5700
0.301000, 5699
0.302000, 5698
0.302000, 5697
0.302000, 5696
0.303000, 5695
0.303000, 5694
0.304000, 5693
0.304000, 5692
0.304000, 5691
0.304000, 5690
0.305000, 5689
0.305000, 5688
0.306000, 5687
0.306000, 5686
0.307000, 5685
0.307000, 5684
0.307000, 5683
0.308000, 5682
0.308000, 5681
0.308000, 5680
0.309000, 5679
0.309000, 5678
0.309000, 5677
0.309000, 5676
0.309000, 5675
0.310000, 5674
0.311000, 5673
0.313000, 5672
0.313000, 5671
0.313000, 5670
0.314000, 5669
0.314000, 5668
0.315000, 5667
0.315000, 5666
0.316000, 5665
0.316000, 5664
0.316000, 5663
0.317000, 5662
0.317000, 5661
0.318000, 5660
0.318000, 5659
0.319000, 5658
0.320000, 5657
0.320000, 5656
0.320000, 5655
0.321000, 5654
0.322000, 5653
0.322000, 5652
0.322000, 5651
0.323000, 5650
0.323000, 5649
0.323000, 5648
0.323000, 5647
0.324000, 5646
0.324000, 5645
0.324000, 5644
0.324000, 5643
0.325000, 5642
0.325000, 5641
0.326000, 5640
0.326000, 5639
0.327000, 5638
0.327000, 5637
0.327000, 5636
0.328000, 5635
0.329000, 5634
0.329000, 5633
0.329000, 5632
0.330000, 5631
0.330000, 5630
0.331000, 5629
0.332000, 5628
0.332000, 5627
0.332000, 5626
0.332000, 5625
0.333000, 5624
0.334000, 5623
0.334000, 5622
0.334000, 5621
0.335000, 5620
0.335000, 5619
0.335000, 5618
0.336000, 5617
0.336000, 5616
0.337000, 5615
0.337000, 5614
0.337000, 5613
0.338000, 5612
0.338000, 5611
0.339000, 5610
0.339000, 5609
0.339000, 5608
0.340000, 5607
0.340000, 5606
0.340000, 5605
0.341000, 5604
0.342000, 5603
0.342000, 5602
0.343000, 5601
0.343000, 5600
0.344000, 5599
0.344000, 5598
0.344000, 5597
0.345000, 5596
0.346000, 5595
0.346000, 5594
0.347000, 5593
0.347000, 5592
0.349000, 5591
0.350000, 5590
0.350000, 5589
0.351000, 5588
0.351000, 5587
0.351000, 5586
0.352000, 5585
0.353000, 5584
0.353000, 5583
0.354000, 5582
0.354000, 5581
0.355000, 5580
0.355000, 5579
0.356000, 5578
0.357000, 5577
0.358000, 5576
0.358000, 5575
0.358000, 5574
0.359000, 5573
0.359000, 5572
0.360000, 5571
0.360000, 5570
0.360000, 5569
0.360000, 5568
0.361000, 5567
0.361000, 5566
0.361000, 5565
0.361000, 5564
0.362000, 5563
0.362000, 5562
0.363000, 5561
0.363000, 5560
0.364000, 5559
0.364000, 5558
0.364000, 5557
0.364000, 5556
0.365000, 5555
0.366000, 5554
0.366000, 5553
0.366000, 5552
0.367000, 5551
0.367000, 5550
0.367000, 5549
0.368000, 5548
0.368000, 5547
0.368000, 5546
0.369000, 5545
0.370000, 5544
0.370000, 5543
0.371000, 5542
0.372000, 5541
0.372000, 5540
0.372000, 5539
0.380000, 5538
0.381000, 5537
0.383000, 5536
0.384000, 5535
0.384000, 5534
0.386000, 5533
0.386000, 5532
0.387000, 5531
0.387000, 5530
0.387000, 5529
0.388000, 5528
0.388000, 5527
0.388000, 5526
0.389000, 5525
0.389000, 5524
0.390000, 5523
0.390000, 5522
0.391000, 5521
0.391000, 5520
0.392000, 5519
0.392000, 5518
0.393000, 5517
0.393000, 5516
0.394000, 5515
0.394000, 5514
0.395000, 5513
0.395000, 5512
0.395000, 5511
0.396000, 5510
0.397000, 5509
0.397000, 5508
0.397000, 5507
0.398000, 5506
0.398000, 5505
0.399000, 5504
0.400000, 5503
0.400000, 5502
0.400000, 5501
0.401000, 5500
0.401000, 5499
0.402000, 5498
0.402000, 5497
0.402000, 5496
0.403000, 5495
0.403000, 5494
0.403000, 5493
0.404000, 5492
0.404000, 5491
0.406000, 5490
0.406000, 5489
0.406000, 5488
0.407000, 5487
0.408000, 5486
0.408000, 5485
0.408000, 5484
0.409000, 5483
0.409000, 5482
0.409000, 5481
0.410000, 5480
0.410000, 5479
0.410000, 5478
0.410000, 5477
0.411000, 5476
0.412000, 5475
0.414000, 5474
0.414000, 5473
0.414000, 5472
0.414000, 5471
0.415000, 5470
0.415000, 5469
0.415000, 5468
0.416000, 5467
0.416000, 5466
0.416000, 5465
0.417000, 5464
0.417000, 5463
0.418000, 5462
0.418000, 5461
0.418000, 5460
0.419000, 5459
0.419000, 5458
0.419000, 5457
0.419000, 5456
0.420000, 5455
0.420000, 5454
0.421000, 5453
0.421000, 5452
0.421000, 5451
0.421000, 5450
0.422000, 5449
0.422000, 5448
0.423000, 5447
0.423000, 5446
0.423000, 5445
0.424000, 5444
0.424000, 5443
0.425000, 5442
0.425000, 5441
0.426000, 5440
0.426000, 5439
0.426000, 5438
0.427000, 5437
0.428000, 5436
0.428000, 5435
0.428000, 5434
0.428000, 5433
0.429000, 5432
0.429000, 5431
0.429000, 5430
0.430000, 5429
0.430000, 5428
0.430000, 5427
0.431000, 5426
0.432000, 5425
0.433000, 5424
0.433000, 5423
0.434000, 5422
0.435000, 5421
0.435000, 5420
0.435000, 5419
0.436000, 5418
0.436000, 5417
0.437000, 5416
0.437000, 5415
0.438000, 5414
0.439000, 5413
0.440000, 5412
0.440000, 5411
0.441000, 5410
0.441000, 5409
0.444000, 5408
0.444000, 5407
0.444000, 5406
0.445000, 5405
0.445000, 5404
0.445000, 5403
0.446000, 5402
0.446000, 5401
0.447000, 5400
0.448000, 5399
0.448000, 5398
0.449000, 5397
0.449000, 5396
0.450000, 5395
0.450000, 5394
0.450000, 5393
0.450000, 5392
0.451000, 5391
0.452000, 5390
0.453000, 5389
0.453000, 5388
0.454000, 5387
0.455000, 5386
0.455000, 5385
0.455000, 5384
0.455000, 5383
0.456000, 5382
0.456000, 5381
0.457000, 5380
0.457000, 5379
0.458000, 5378
0.458000, 5377
0.458000, 5376
0.459000, 5375
0.460000, 5374
0.461000, 5373
0.461000, 5372
0.462000, 5371
0.463000, 5370
0.463000, 5369
0.463000, 5368
0.464000, 5367
0.464000, 5366
0.466000, 5365
0.467000, 5364
0.467000, 5363
0.468000, 5362
0.469000, 5361
0.470000, 5360
0.470000, 5359
0.470000, 5358
0.471000, 5357
0.471000, 5356
0.471000, 5355
0.471000, 5354
0.472000, 5353
0.472000, 5352
0.473000, 5351
0.473000, 5350
0.473000, 5349
0.474000, 5348
0.474000, 5347
0.475000, 5346
0.476000, 5345
0.477000, 5344
0.478000, 5343
0.478000, 5342
0.478000, 5341
0.479000, 5340
0.480000, 5339
0.480000, 5338
0.480000, 5337
0.481000, 5336
0.481000, 5335
0.482000, 5334
0.482000, 5333
0.483000, 5332
0.483000, 5331
0.483000, 5330
0.484000, 5329
0.484000, 5328
0.485000, 5327
0.485000, 5326
0.486000, 5325
0.486000, 5324
0.486000, 5323
0.486000, 5322
0.486000, 5321
0.487000, 5320
0.488000, 5319
0.490000, 5318
0.490000, 5317
0.491000, 5316
0.491000, 5315
0.491000, 5314
0.492000, 5313
0.492000, 5312
0.492000, 5311
0.493000, 5310
0.494000, 5309
0.495000, 5308
0.495000, 5307
0.496000, 5306
0.496000, 5305
0.496000, 5304
0.497000, 5303
0.498000, 5302
0.498000, 5301
0.499000, 5300
0.499000, 5299
0.499000, 5298
0.500000, 5297
0.502000, 5296
0.502000, 5295
0.503000, 5294
0.504000, 5293
0.504000, 5292
0.504000, 5291
0.505000, 5290
0.505000, 5289
0.505000, 5288
0.505000, 5287
0.505000, 5286
0.506000, 5285
0.506000, 5284
0.506000, 5283
0.508000, 5282
0.508000, 5281
0.509000, 5280
0.509000, 5279
0.509000, 5278
0.510000, 5277
0.510000, 5276
0.511000, 5275
0.511000, 5274
0.511000, 5273
0.511000, 5272
0.512000, 5271
0.512000, 5270
0.513000, 5269
0.513000, 5268
0.514000, 5267
0.514000, 5266
0.514000, 5265
0.515000, 5264
0.515000, 5263
0.516000, 5262
0.516000, 5261
0.517000, 5260
0.517000, 5259
0.517000, 5258
0.518000, 5257
0.518000, 5256
0.519000, 5255
0.520000, 5254
0.520000, 5253
0.521000, 5252
0.521000, 5251
0.522000, 5250
0.522000, 5249
0.522000, 5248
0.522000, 5247
0.523000, 5246
0.523000, 5245
0.524000, 5244
0.524000, 5243
0.525000, 5242
0.525000, 5241
0.525000, 5240
0.525000, 5239
0.526000, 5238
0.526000, 5237
0.527000, 5236
0.527000, 5235
0.527000, 5234
0.527000, 5233
0.528000, 5232
0.528000, 5231
0.529000, 5230
0.534000, 5229
0.534000, 5228
0.535000, 5227
0.535000, 5226
0.536000, 5225
0.536000, 5224
0.536000, 5223
0.537000, 5222
0.537000, 5221
0.537000, 5220
0.537000, 5219
0.538000, 5218
0.539000, 5217
0.539000, 5216
0.540000, 5215
0.540000, 5214
0.540000, 5213
0.541000, 5212
0.541000, 5211
0.541000, 5210
0.541000, 5209
0.541000, 5208
0.542000, 5207
0.542000, 5206
0.542000, 5205
0.543000, 5204
0.544000, 5203
0.545000, 5202
0.546000, 5201
0.546000, 5200
0.547000, 5199
0.547000, 5198
0.547000, 5197
0.548000, 5196
0.548000, 5195
0.549000, 5194
0.549000, 5193
0.549000, 5192
0.550000, 5191
0.552000, 5190
0.552000, 5189
0.553000, 5188
0.554000, 5187
0.554000, 5186
0.556000, 5185
0.556000, 5184
0.557000, 5183
0.557000, 5182
0.558000, 5181
0.559000, 5180
0.560000, 5179
0.560000, 5178
0.561000, 5177
0.561000, 5176
0.561000, 5175
0.562000, 5174
0.562000, 5173
0.563000, 5172
0.564000, 5171
0.565000, 5170
0.566000, 5169
0.566000, 5168
0.567000, 5167
0.567000, 5166
0.569000, 5165
0.569000, 5164
0.569000, 5163
0.569000, 5162
0.570000, 5161
0.570000, 5160
0.571000, 5159
0.571000, 5158
0.571000, 5157
0.572000, 5156
0.572000, 5155
0.572000, 5154
0.573000, 5153
0.573000, 5152
0.574000, 5151
0.575000, 5150
0.576000, 5149
0.577000, 5148
0.577000, 5147
0.577000, 5146
0.578000, 5145
0.579000, 5144
0.579000, 5143
0.580000, 5142
0.580000, 5141
0.580000, 5140
0.581000, 5139
0.581000, 5138
0.582000, 5137
0.582000, 5136
0.583000, 5135
0.584000, 5134
0.585000, 5133
0.585000, 5132
0.585000, 5131
0.585000, 5130
0.585000, 5129
0.586000, 5128
0.587000, 5127
0.588000, 5126
0.589000, 5125
0.590000, 5124
0.590000, 5123
0.591000, 5122
0.591000, 5121
0.592000, 5120
0.592000, 5119
0.592000, 5118
0.593000, 5117
0.593000, 5116
0.594000, 5115
0.595000, 5114
0.595000, 5113
0.595000, 5112
0.596000, 5111
0.597000, 5110
0.597000, 5109
0.597000, 5108
0.598000, 5107
0.598000, 5106
0.598000, 5105
0.599000, 5104
0.599000, 5103
0.599000, 5102
0.600000, 5101
0.601000, 5100
0.601000, 5099
0.602000, 5098
0.603000, 5097
0.603000, 5096
0.604000, 5095
0.604000, 5094
0.604000, 5093
0.604000, 5092
0.605000, 5091
0.606000, 5090
0.606000, 5089
0.606000, 5088
0.607000, 5087
0.608000, 5086
0.608000, 5085
0.608000, 5084
0.608000, 5083
0.608000, 5082
0.609000, 5081
0.609000, 5080
0.610000, 5079
0.610000, 5078
0.611000, 5077
0.611000, 5076
0.612000, 5075
0.613000, 5074
0.613000, 5073
0.615000, 5072
0.615000, 5071
0.616000, 5070
0.616000, 5069
0.616000, 5068
0.617000, 5067
0.618000, 5066
0.618000, 5065
0.618000, 5064
0.619000, 5063
0.619000, 5062
0.619000, 5061
0.620000, 5060
0.620000, 5059
0.620000, 5058
0.621000, 5057
0.622000, 5056
0.622000, 5055
0.622000, 5054
0.622000, 5053
0.623000, 5052
0.623000, 5051
0.623000, 5050
0.623000, 5049
0.624000, 5048
0.626000, 5047
0.626000, 5046
0.627000, 5045
0.627000, 5044
0.627000, 5043
0.628000, 5042
0.629000, 5041
0.630000, 5040
0.630000, 5039
0.630000, 5038
0.630000, 5037
0.632000, 5036
0.632000, 5035
0.633000, 5034
0.634000, 5033
0.634000, 5032
0.635000, 5031
0.635000, 5030
0.636000, 5029
0.636000, 5028
0.638000, 5027
0.638000, 5026
0.638000, 5025
0.638000, 5024
0.639000, 5023
0.639000, 5022
0.640000, 5021
0.640000, 5020
0.641000, 5019
0.641000, 5018
0.641000, 5017
0.642000, 5016
0.642000, 5015
0.642000, 5014
0.643000, 5013
0.643000, 5012
0.644000, 5011
0.644000, 5010
0.645000, 5009
0.645000, 5008
0.645000, 5007
0.646000, 5006
0.648000, 5005
0.648000, 5004
0.649000, 5003
0.650000, 5002
0.650000, 5001
0.652000, 5000
0.652000, 4999
0.652000, 4998
0.652000, 4997
0.654000, 4996
0.654000, 4995
0.655000, 4994
0.656000, 4993
0.657000, 4992
0.657000, 4991
0.657000, 4990
0.658000, 4989
0.658000, 4988
0.658000, 4987
0.659000, 4986
0.660000, 4985
0.660000, 4984
0.661000, 4983
0.661000, 4982
0.662000, 4981
0.662000, 4980
0.663000, 4979
0.663000, 4978
0.663000, 4977
0.665000, 4976
0.665000, 4975
0.665000, 4974
0.666000, 4973
0.667000, 4972
0.667000, 4971
0.668000, 4970
0.668000, 4969
0.669000, 4968
0.671000, 4967
0.671000, 4966
0.672000, 4965
0.672000, 4964
0.673000, 4963
0.673000, 4962
0.673000, 4961
0.674000, 4960
0.674000, 4959
0.674000, 4958
0.675000, 4957
0.675000, 4956
0.675000, 4955
0.675000, 4954
0.676000, 4953
0.676000, 4952
0.676000, 4951
0.676000, 4950
0.684000, 4949
0.685000, 4948
0.686000, 4947
0.686000, 4946
0.687000, 4945
0.687000, 4944
0.688000, 4943
0.689000, 4942
0.689000, 4941
0.689000, 4940
0.690000, 4939
0.690000, 4938
0.691000, 4937
0.691000, 4936
0.691000, 4935
0.694000, 4934
0.696000, 4933
0.696000, 4932
0.697000, 4931
0.697000, 4930
0.697000, 4929
0.697000, 4928
0.699000, 4927
0.699000, 4926
0.700000, 4925
0.700000, 4924
0.703000, 4923
0.703000, 4922
0.704000, 4921
0.704000, 4920
0.704000, 4919
0.705000, 4918
0.705000, 4917
0.705000, 4916
0.705000, 4915
0.706000, 4914
0.707000, 4913
0.707000, 4912
0.707000, 4911
0.707000, 4910
0.708000, 4909
0.709000, 4908
0.710000, 4907
0.710000, 4906
0.710000, 4905
0.711000, 4904
0.712000, 4903
0.712000, 4902
0.712000, 4901
0.713000, 4900
0.713000, 4899
0.713000, 4898
0.713000, 4897
0.714000, 4896
0.715000, 4895
0.716000, 4894
0.716000, 4893
0.717000, 4892
0.717000, 4891
0.718000, 4890
0.718000, 4889
0.719000, 4888
0.720000, 4887
0.720000, 4886
0.720000, 4885
0.720000, 4884
0.721000, 4883
0.723000, 4882
0.723000, 4881
0.724000, 4880
0.724000, 4879
0.724000, 4878
0.725000, 4877
0.726000, 4876
0.726000, 4875
0.727000, 4874
0.727000, 4873
0.727000, 4872
0.728000, 4871
0.729000, 4870
0.730000, 4869
0.730000, 4868
0.730000, 4867
0.731000, 4866
0.732000, 4865
0.733000, 4864
0.733000, 4863
0.734000, 4862
0.734000, 4861
0.735000, 4860
0.735000, 4859
0.736000, 4858
0.736000, 4857
0.738000, 4856
0.739000, 4855
0.739000, 4854
0.740000, 4853
0.741000, 4852
0.742000, 4851
0.743000, 4850
0.743000, 4849
0.743000, 4848
0.743000, 4847
0.744000, 4846
0.744000, 4845
0.744000, 4844
0.744000, 4843
0.745000, 4842
0.745000, 4841
0.745000, 4840
0.746000, 4839
0.746000, 4838
0.746000, 4837
0.746000, 4836
0.748000, 4835
0.748000, 4834
0.748000, 4833
0.749000, 4832
0.749000, 4831
0.750000, 4830
0.750000, 4829
0.750000, 4828
0.751000, 4827
0.751000, 4826
0.752000, 4825
0.753000, 4824
0.754000, 4823
0.754000, 4822
0.755000, 4821
0.756000, 4820
0.756000, 4819
0.757000, 4818
0.757000, 4817
0.757000, 4816
0.757000, 4815
0.757000, 4814
0.758000, 4813
0.758000, 4812
0.758000, 4811
0.759000, 4810
0.760000, 4809
0.760000, 4808
0.761000, 4807
0.762000, 4806
0.762000, 4805
0.762000, 4804
0.763000, 4803
0.763000, 4802
0.764000, 4801
0.764000, 4800
0.765000, 4799
0.766000, 4798
0.766000, 4797
0.768000, 4796
0.769000, 4795
0.769000, 4794
0.770000, 4793
0.770000, 4792
0.771000, 4791
0.772000, 4790
0.772000, 4789
0.772000, 4788
0.773000, 4787
0.773000, 4786
0.774000, 4785
0.775000, 4784
0.775000, 4783
0.776000, 4782
0.777000, 4781
0.777000, 4780
0.778000, 4779
0.779000, 4778
0.780000, 4777
0.780000, 4776
0.780000, 4775
0.780000, 4774
0.781000, 4773
0.782000, 4772
0.782000, 4771
0.783000, 4770
0.783000, 4769
0.784000, 4768
0.784000, 4767
0.785000, 4766
0.785000, 4765
0.786000, 4764
0.786000, 4763
0.786000, 4762
0.787000, 4761
0.787000, 4760
0.787000, 4759
0.788000, 4758
0.788000, 4757
0.788000, 4756
0.788000, 4755
0.789000, 4754
0.789000, 4753
0.789000, 4752
0.790000, 4751
0.790000, 4750
0.791000, 4749
0.792000, 4748
0.792000, 4747
0.792000, 4746
0.793000, 4745
0.793000, 4744
0.794000, 4743
0.794000, 4742
0.796000, 4741
0.796000, 4740
0.796000, 4739
0.797000, 4738
0.797000, 4737
0.798000, 4736
0.798000, 4735
0.799000, 4734
0.799000, 4733
0.799000, 4732
0.799000, 4731
0.800000, 4730
0.801000, 4729
0.803000, 4728
0.803000, 4727
0.803000, 4726
0.804000, 4725
0.804000, 4724
0.804000, 4723
0.805000, 4722
0.805000, 4721
0.806000, 4720
0.806000, 4719
0.806000, 4718
0.807000, 4717
0.808000, 4716
0.810000, 4715
0.810000, 4714
0.811000, 4713
0.812000, 4712
0.812000, 4711
0.812000, 4710
0.812000, 4709
0.813000, 4708
0.813000, 4707
0.815000, 4706
0.815000, 4705
0.816000, 4704
0.816000, 4703
0.817000, 4702
0.817000, 4701
0.818000, 4700
0.818000, 4699
0.819000, 4698
0.819000, 4697
0.820000, 4696
0.820000, 4695
0.821000, 4694
0.822000, 4693
0.822000, 4692
0.823000, 4691
0.823000, 4690
0.823000, 4689
0.824000, 4688
0.824000, 4687
0.825000, 4686
0.826000, 4685
0.826000, 4684
0.827000, 4683
0.827000, 4682
0.828000, 4681
0.829000, 4680
0.829000, 4679
0.831000, 4678
0.832000, 4677
0.833000, 4676
0.833000, 4675
0.833000, 4674
0.833000, 4673
0.834000, 4672
0.835000, 4671
0.836000, 4670
0.836000, 4669
0.837000, 4668
0.837000, 4667
0.838000, 4666
0.838000, 4665
0.839000, 4664
0.840000, 4663
0.840000, 4662
0.845000, 4661
0.846000, 4660
0.847000, 4659
0.847000, 4658
0.848000, 4657
0.850000, 4656
0.851000, 4655
0.853000, 4654
0.853000, 4653
0.853000, 4652
0.854000, 4651
0.855000, 4650
0.857000, 4649
0.857000, 4648
0.858000, 4647
0.860000, 4646
0.861000, 4645
0.862000, 4644
0.863000, 4643
0.863000, 4642
0.864000, 4641
0.864000, 4640
0.864000, 4639
0.865000, 4638
0.865000, 4637
0.867000, 4636
0.867000, 4635
0.868000, 4634
0.873000, 4633
0.874000, 4632
0.874000, 4631
0.875000, 4630
0.875000, 4629
0.875000, 4628
0.876000, 4627
0.876000, 4626
0.876000, 4625
0.876000, 4624
0.876000, 4623
0.878000, 4622
0.879000, 4621
0.879000, 4620
0.880000, 4619
0.880000, 4618
0.881000, 4617
0.882000, 4616
0.882000, 4615
0.883000, 4614
0.884000, 4613
0.884000, 4612
0.885000, 4611
0.885000, 4610
0.886000, 4609
0.887000, 4608
0.888000, 4607
0.889000, 4606
0.890000, 4605
0.891000, 4604
0.891000, 4603
0.892000, 4602
0.894000, 4601
0.894000, 4600
0.894000, 4599
0.894000, 4598
0.895000, 4597
0.895000, 4596
0.896000, 4595
0.897000, 4594
0.898000, 4593
0.898000, 4592
0.899000, 4591
0.901000, 4590
0.902000, 4589
0.902000, 4588
0.902000, 4587
0.903000, 4586
0.904000, 4585
0.905000, 4584
0.905000, 4583
0.906000, 4582
0.906000, 4581
0.907000, 4580
0.908000, 4579
0.909000, 4578
0.911000, 4577
0.911000, 4576
0.911000, 4575
0.912000, 4574
0.913000, 4573
0.913000, 4572
0.914000, 4571
0.914000, 4570
0.915000, 4569
0.916000, 4568
0.916000, 4567
0.916000, 4566
0.917000, 4565
0.918000, 4564
0.919000, 4563
0.919000, 4562
0.920000, 4561
0.921000, 4560
0.923000, 4559
0.924000, 4558
0.924000, 4557
0.925000, 4556
0.926000, 4555
0.926000, 4554
0.927000, 4553
0.928000, 4552
0.929000, 4551
0.929000, 4550
0.929000, 4549
0.931000, 4548
0.931000, 4547
0.932000, 4546
0.933000, 4545
0.933000, 4544
0.933000, 4543
0.933000, 4542
0.935000, 4541
0.935000, 4540
0.935000, 4539
0.936000, 4538
0.937000, 4537
0.938000, 4536
0.941000, 4535
0.941000, 4534
0.942000, 4533
0.943000, 4532
0.945000, 4531
0.945000, 4530
0.945000, 4529
0.946000, 4528
0.947000, 4527
0.947000, 4526
0.948000, 4525
0.949000, 4524
0.954000, 4523
0.954000, 4522
0.956000, 4521
0.957000, 4520
0.958000, 4519
0.961000, 4518
0.961000, 4517
0.962000, 4516
0.962000, 4515
0.963000, 4514
0.964000, 4513
0.964000, 4512
0.965000, 4511
0.966000, 4510
0.966000, 4509
0.967000, 4508
0.968000, 4507
0.969000, 4506
0.969000, 4505
0.969000, 4504
0.970000, 4503
0.970000, 4502
0.970000, 4501
0.974000, 4500
0.974000, 4499
0.975000, 4498
0.975000, 4497
0.976000, 4496
0.977000, 4495
0.977000, 4494
0.978000, 4493
0.979000, 4492
0.981000, 4491
0.981000, 4490
0.983000, 4489
0.983000, 4488
0.984000, 4487
0.984000, 4486
0.985000, 4485
0.985000, 4484
0.986000, 4483
0.993000, 4482
0.994000, 4481
0.994000, 4480
0.994000, 4479
0.994000, 4478
0.995000, 4477
0.995000, 4476
0.995000, 4475
0.996000, 4474
0.997000, 4473
0.997000, 4472
0.998000, 4471
0.998000, 4470
0.998000, 4469
1.000000, 4468
1.002000, 4467
1.003000, 4466
1.003000, 4465
1.003000, 4464
1.004000, 4463
1.005000, 4462
1.006000, 4461
1.007000, 4460
1.008000, 4459
1.009000, 4458
1.010000, 4457
1.011000, 4456
1.012000, 4455
1.012000, 4454
1.013000, 4453
1.013000, 4452
1.014000, 4451
1.016000, 4450
1.017000, 4449
1.019000, 4448
1.019000, 4447
1.020000, 4446
1.020000, 4445
1.020000, 4444
1.020000, 4443
1.020000, 4442
1.021000, 4441
1.021000, 4440
1.021000, 4439
1.022000, 4438
1.022000, 4437
1.022000, 4436
1.022000, 4435
1.022000, 4434
1.023000, 4433
1.023000, 4432
1.023000, 4431
1.024000, 4430
1.024000, 4429
1.025000, 4428
1.025000, 4427
1.025000, 4426
1.025000, 4425
1.026000, 4424
1.027000, 4423
1.028000, 4422
1.029000, 4421
1.029000, 4420
1.030000, 4419
1.030000, 4418
1.030000, 4417
1.031000, 4416
1.032000, 4415
1.032000, 4414
1.033000, 4413
1.033000, 4412
1.034000, 4411
1.035000, 4410
1.035000, 4409
1.036000, 4408
1.037000, 4407
1.038000, 4406
1.040000, 4405
1.040000, 4404
1.041000, 4403
1.042000, 4402
1.042000, 4401
1.042000, 4400
1.043000, 4399
1.045000, 4398
1.045000, 4397
1.046000, 4396
1.046000, 4395
1.046000, 4394
1.046000, 4393
1.047000, 4392
1.047000, 4391
1.047000, 4390
1.049000, 4389
1.049000, 4388
1.050000, 4387
1.050000, 4386
1.050000, 4385
1.050000, 4384
1.050000, 4383
1.051000, 4382
1.051000, 4381
1.052000, 4380
1.053000, 4379
1.053000, 4378
1.054000, 4377
1.054000, 4376
1.056000, 4375
1.056000, 4374
1.057000, 4373
1.057000, 4372
1.057000, 4371
1.059000, 4370
1.060000, 4369
1.061000, 4368
1.062000, 4367
1.062000, 4366
1.064000, 4365
1.064000, 4364
1.067000, 4363
1.067000, 4362
1.068000, 4361
1.068000, 4360
1.069000, 4359
1.069000, 4358
1.070000, 4357
1.070000, 4356
1.071000, 4355
1.071000, 4354
1.072000, 4353
1.072000, 4352
1.072000, 4351
1.074000, 4350
1.074000, 4349
1.075000, 4348
1.076000, 4347
1.078000, 4346
1.078000, 4345
1.078000, 4344
1.079000, 4343
1.080000, 4342
1.080000, 4341
1.080000, 4340
1.081000, 4339
1.082000, 4338
1.082000, 4337
1.083000, 4336
1.083000, 4335
1.084000, 4334
1.086000, 4333
1.086000, 4332
1.087000, 4331
1.087000, 4330
1.087000, 4329
1.088000, 4328
1.089000, 4327
1.089000, 4326
1.089000, 4325
1.090000, 4324
1.090000, 4323
1.090000, 4322
1.091000, 4321
1.091000, 4320
1.092000, 4319
1.093000, 4318
1.093000, 4317
1.094000, 4316
1.094000, 4315
1.095000, 4314
1.095000, 4313
1.095000, 4312
1.097000, 4311
1.099000, 4310
1.099000, 4309
1.100000, 4308
1.100000, 4307
1.103000, 4306
1.103000, 4305
1.104000, 4304
1.104000, 4303
1.105000, 4302
1.109000, 4301
1.109000, 4300
1.109000, 4299
1.109000, 4298
1.110000, 4297
1.110000, 4296
1.111000, 4295
1.112000, 4294
1.113000, 4293
1.114000, 4292
1.114000, 4291
1.115000, 4290
1.115000, 4289
1.116000, 4288
1.117000, 4287
1.118000, 4286
1.118000, 4285
1.119000, 4284
1.119000, 4283
1.120000, 4282
1.121000, 4281
1.121000, 4280
1.122000, 4279
1.123000, 4278
1.124000, 4277
1.124000, 4276
1.124000, 4275
1.125000, 4274
1.126000, 4273
1.126000, 4272
1.127000, 4271
1.127000, 4270
1.129000, 4269
1.129000, 4268
1.129000, 4267
1.130000, 4266
1.132000, 4265
1.132000, 4264
1.133000, 4263
1.135000, 4262
1.136000, 4261
1.136000, 4260
1.137000, 4259
1.138000, 4258
1.138000, 4257
1.139000, 4256
1.139000, 4255
1.140000, 4254
1.141000, 4253
1.141000, 4252
1.142000, 4251
1.142000, 4250
1.142000, 4249
1.143000, 4248
1.143000, 4247
1.144000, 4246
1.144000, 4245
1.145000, 4244
1.145000, 4243
1.145000, 4242
1.146000, 4241
1.146000, 4240
1.147000, 4239
1.151000, 4238
1.154000, 4237
1.154000, 4236
1.155000, 4235
1.156000, 4234
1.156000, 4233
1.156000, 4232
1.158000, 4231
1.158000, 4230
1.160000, 4229
1.160000, 4228
1.160000, 4227
1.161000, 4226
1.162000, 4225
1.162000, 4224
1.162000, 4223
1.163000, 4222
1.163000, 4221
1.164000, 4220
1.165000, 4219
1.165000, 4218
1.166000, 4217
1.166000, 4216
1.166000, 4215
1.167000, 4214
1.167000, 4213
1.168000, 4212
1.169000, 4211
1.170000, 4210
1.172000, 4209
1.173000, 4208
1.173000, 4207
1.173000, 4206
1.175000, 4205
1.175000, 4204
1.175000, 4203
1.175000, 4202
1.177000, 4201
1.177000, 4200
1.178000, 4199
1.179000, 4198
1.181000, 4197
1.182000, 4196
1.182000, 4195
1.182000, 4194
1.183000, 4193
1.184000, 4192
1.186000, 4191
1.186000, 4190
1.186000, 4189
1.188000, 4188
1.188000, 4187
1.188000, 4186
1.189000, 4185
1.189000, 4184
1.190000, 4183
1.190000, 4182
1.191000, 4181
1.191000, 4180
1.192000, 4179
1.192000, 4178
1.193000, 4177
1.194000, 4176
1.195000, 4175
1.195000, 4174
1.195000, 4173
1.195000, 4172
1.197000, 4171
1.197000, 4170
1.198000, 4169
1.198000, 4168
1.198000, 4167
1.199000, 4166
1.200000, 4165
1.201000, 4164
1.201000, 4163
1.201000, 4162
1.201000, 4161
1.202000, 4160
1.203000, 4159
1.204000, 4158
1.205000, 4157
1.205000, 4156
1.206000, 4155
1.207000, 4154
1.207000, 4153
1.207000, 4152
1.207000, 4151
1.207000, 4150
1.208000, 4149
1.209000, 4148
1.210000, 4147
1.210000, 4146
1.211000, 4145
1.211000, 4144
1.211000, 4143
1.211000, 4142
1.212000, 4141
1.213000, 4140
1.213000, 4139
1.214000, 4138
1.215000, 4137
1.215000, 4136
1.218000, 4135
1.218000, 4134
1.218000, 4133
1.219000, 4132
1.222000, 4131
1.222000, 4130
1.224000, 4129
1.224000, 4128
1.225000, 4127
1.225000, 4126
1.226000, 4125
1.228000, 4124
1.228000, 4123
1.229000, 4122
1.229000, 4121
1.230000, 4120
1.230000, 4119
1.233000, 4118
1.233000, 4117
1.233000, 4116
1.235000, 4115
1.236000, 4114
1.236000, 4113
1.236000, 4112
1.237000, 4111
1.237000, 4110
1.245000, 4109
1.246000, 4108
1.248000, 4107
1.249000, 4106
1.250000, 4105
1.250000, 4104
1.251000, 4103
1.252000, 4102
1.252000, 4101
1.253000, 4100
1.253000, 4099
1.254000, 4098
1.254000, 4097
1.254000, 4096
1.254000, 4095
1.254000, 4094
1.256000, 4093
1.256000, 4092
1.256000, 4091
1.257000, 4090
1.258000, 4089
1.259000, 4088
1.260000, 4087
1.261000, 4086
1.262000, 4085
1.262000, 4084
1.263000, 4083
1.263000, 4082
1.264000, 4081
1.264000, 4080
1.265000, 4079
1.265000, 4078
1.266000, 4077
1.266000, 4076
1.267000, 4075
1.268000, 4074
1.269000, 4073
1.269000, 4072
1.270000, 4071
1.270000, 4070
1.271000, 4069
1.271000, 4068
1.272000, 4067
1.272000, 4066
1.273000, 4065
1.273000, 4064
1.273000, 4063
1.274000, 4062
1.275000, 4061
1.275000, 4060
1.275000, 4059
1.276000, 4058
1.276000, 4057
1.276000, 4056
1.277000, 4055
1.278000, 4054
1.278000, 4053
1.278000, 4052
1.278000, 4051
1.279000, 4050
1.279000, 4049
1.280000, 4048
1.281000, 4047
1.282000, 4046
1.284000, 4045
1.285000, 4044
1.285000, 4043
1.285000, 4042
1.286000, 4041
1.286000, 4040
1.286000, 4039
1.287000, 4038
1.290000, 4037
1.291000, 4036
1.291000, 4035
1.294000, 4034
1.295000, 4033
1.296000, 4032
1.296000, 4031
1.298000, 4030
1.299000, 4029
1.301000, 4028
1.301000, 4027
1.302000, 4026
1.302000, 4025
1.302000, 4024
1.303000, 4023
1.304000, 4022
1.305000, 4021
1.306000, 4020
1.308000, 4019
1.309000, 4018
1.310000, 4017
1.311000, 4016
1.312000, 4015
1.313000, 4014
1.313000, 4013
1.317000, 4012
1.317000, 4011
1.317000, 4010
1.320000, 4009
1.320000, 4008
1.320000, 4007
1.320000, 4006
1.322000, 4005
1.322000, 4004
1.324000, 4003
1.326000, 4002
1.326000, 4001
1.326000, 4000
1.328000, 3999
1.328000, 3998
1.329000, 3997
1.330000, 3996
1.330000, 3995
1.330000, 3994
1.331000, 3993
1.332000, 3992
1.333000, 3991
1.333000, 3990
1.333000, 3989
1.333000, 3988
1.336000, 3987
1.337000, 3986
1.338000, 3985
1.338000, 3984
1.338000, 3983
1.339000, 3982
1.340000, 3981
1.340000, 3980
1.341000, 3979
1.341000, 3978
1.341000, 3977
1.342000, 3976
1.342000, 3975
1.343000, 3974
1.343000, 3973
1.345000, 3972
1.346000, 3971
1.346000, 3970
1.347000, 3969
1.347000, 3968
1.349000, 3967
1.350000, 3966
1.350000, 3965
1.352000, 3964
1.353000, 3963
1.356000, 3962
1.357000, 3961
1.358000, 3960
1.360000, 3959
1.361000, 3958
1.361000, 3957
1.362000, 3956
1.362000, 3955
1.363000, 3954
1.364000, 3953
1.364000, 3952
1.365000, 3951
1.365000, 3950
1.366000, 3949
1.369000, 3948
1.370000, 3947
1.370000, 3946
1.371000, 3945
1.372000, 3944
1.372000, 3943
1.373000, 3942
1.373000, 3941
1.373000, 3940
1.376000, 3939
1.377000, 3938
1.378000, 3937
1.379000, 3936
1.382000, 3935
1.383000, 3934
1.383000, 3933
1.384000, 3932
1.385000, 3931
1.385000, 3930
1.385000, 3929
1.386000, 3928
1.386000, 3927
1.387000, 3926
1.387000, 3925
1.388000, 3924
1.389000, 3923
1.391000, 3922
1.391000, 3921
1.392000, 3920
1.392000, 3919
1.393000, 3918
1.394000, 3917
1.395000, 3916
1.395000, 3915
1.396000, 3914
1.396000, 3913
1.397000, 3912
1.398000, 3911
1.398000, 3910
1.398000, 3909
1.399000, 3908
1.401000, 3907
1.401000, 3906
1.402000, 3905
1.403000, 3904
1.405000, 3903
1.410000, 3902
1.410000, 3901
1.410000, 3900
1.412000, 3899
1.414000, 3898
1.415000, 3897
1.417000, 3896
1.418000, 3895
1.419000, 3894
1.419000, 3893
1.420000, 3892
1.421000, 3891
1.422000, 3890
1.424000, 3889
1.427000, 3888
1.430000, 3887
1.430000, 3886
1.430000, 3885
1.432000, 3884
1.433000, 3883
1.433000, 3882
1.434000, 3881
1.434000, 3880
1.436000, 3879
1.436000, 3878
1.437000, 3877
1.438000, 3876
1.440000, 3875
1.440000, 3874
1.440000, 3873
1.441000, 3872
1.442000, 3871
1.442000, 3870
1.443000, 3869
1.444000, 3868
1.449000, 3867
1.450000, 3866
1.451000, 3865
1.454000, 3864
1.456000, 3863
1.458000, 3862
1.461000, 3861
1.464000, 3860
1.464000, 3859
1.465000, 3858
1.467000, 3857
1.468000, 3856
1.469000, 3855
1.471000, 3854
1.472000, 3853
1.478000, 3852
1.479000, 3851
1.482000, 3850
1.483000, 3849
1.485000, 3848
1.485000, 3847
1.488000, 3846
1.490000, 3845
1.492000, 3844
1.492000, 3843
1.493000, 3842
1.494000, 3841
1.494000, 3840
1.497000, 3839
1.499000, 3838
1.500000, 3837
1.504000, 3836
1.504000, 3835
1.505000, 3834
1.505000, 3833
1.506000, 3832
1.511000, 3831
1.511000, 3830
1.512000, 3829
1.513000, 3828
1.513000, 3827
1.513000, 3826
1.514000, 3825
1.514000, 3824
1.515000, 3823
1.516000, 3822
1.516000, 3821
1.517000, 3820
1.517000, 3819
1.520000, 3818
1.521000, 3817
1.523000, 3816
1.524000, 3815
1.526000, 3814
1.526000, 3813
1.529000, 3812
1.530000, 3811
1.531000, 3810
1.531000, 3809
1.534000, 3808
1.536000, 3807
1.538000, 3806
1.541000, 3805
1.542000, 3804
1.543000, 3803
1.544000, 3802
1.545000, 3801
1.546000, 3800
1.548000, 3799
1.549000, 3798
1.549000, 3797
1.550000, 3796
1.550000, 3795
1.551000, 3794
1.552000, 3793
1.553000, 3792
1.554000, 3791
1.557000, 3790
1.559000, 3789
1.560000, 3788
1.561000, 3787
1.562000, 3786
1.562000, 3785
1.562000, 3784
1.563000, 3783
1.563000, 3782
1.565000, 3781
1.565000, 3780
1.567000, 3779
1.568000, 3778
1.569000, 3777
1.569000, 3776
1.569000, 3775
1.573000, 3774
1.576000, 3773
1.576000, 3772
1.577000, 3771
1.581000, 3770
1.583000, 3769
1.584000, 3768
1.587000, 3767
1.588000, 3766
1.591000, 3765
1.593000, 3764
1.597000, 3763
1.598000, 3762
1.600000, 3761
1.600000, 3760
1.606000, 3759
1.607000, 3758
1.608000, 3757
1.610000, 3756
1.613000, 3755
1.613000, 3754
1.613000, 3753
1.615000, 3752
1.618000, 3751
1.618000, 3750
1.620000, 3749
1.625000, 3748
1.625000, 3747
1.627000, 3746
1.627000, 3745
1.628000, 3744
1.631000, 3743
1.633000, 3742
1.633000, 3741
1.633000, 3740
1.636000, 3739
1.638000, 3738
1.638000, 3737
1.638000, 3736
1.639000, 3735
1.641000, 3734
1.644000, 3733
1.645000, 3732
1.645000, 3731
1.649000, 3730
1.649000, 3729
1.652000, 3728
1.655000, 3727
1.657000, 3726
1.658000, 3725
1.659000, 3724
1.662000, 3723
1.663000, 3722
1.663000, 3721
1.664000, 3720
1.672000, 3719
1.674000, 3718
1.676000, 3717
1.677000, 3716
1.678000, 3715
1.679000, 3714
1.680000, 3713
1.682000, 3712
1.683000, 3711
1.685000, 3710
1.686000, 3709
1.688000, 3708
1.693000, 3707
1.694000, 3706
1.695000, 3705
1.697000, 3704
1.698000, 3703
1.699000, 3702
1.701000, 3701
1.702000, 3700
1.703000, 3699
1.706000, 3698
1.709000, 3697
1.709000, 3696
1.709000, 3695
1.714000, 3694
1.716000, 3693
1.717000, 3692
1.718000, 3691
1.718000, 3690
1.718000, 3689
1.720000, 3688
1.722000, 3687
1.723000, 3686
1.724000, 3685
1.729000, 3684
1.730000, 3683
1.730000, 3682
1.733000, 3681
1.733000, 3680
1.741000, 3679
1.742000, 3678
1.742000, 3677
1.742000, 3676
1.743000, 3675
1.745000, 3674
1.746000, 3673
1.750000, 3672
1.751000, 3671
1.752000, 3670
1.755000, 3669
1.762000, 3668
1.762000, 3667
1.763000, 3666
1.765000, 3665
1.767000, 3664
1.768000, 3663
1.770000, 3662
1.770000, 3661
1.771000, 3660
1.772000, 3659
1.777000, 3658
1.778000, 3657
1.778000, 3656
1.779000, 3655
1.779000, 3654
1.780000, 3653
1.784000, 3652
1.787000, 3651
1.788000, 3650
1.790000, 3649
1.791000, 3648
1.792000, 3647
1.799000, 3646
1.800000, 3645
1.800000, 3644
1.802000, 3643
1.803000, 3642
1.808000, 3641
1.809000, 3640
1.812000, 3639
1.813000, 3638
1.817000, 3637
1.818000, 3636
1.819000, 3635
1.820000, 3634
1.821000, 3633
1.822000, 3632
1.822000, 3631
1.822000, 3630
1.825000, 3629
1.827000, 3628
1.827000, 3627
1.829000, 3626
1.830000, 3625
1.831000, 3624
1.834000, 3623
1.838000, 3622
1.842000, 3621
1.842000, 3620
1.844000, 3619
1.845000, 3618
1.845000, 3617
1.849000, 3616
1.850000, 3615
1.855000, 3614
1.855000, 3613
1.858000, 3612
1.860000, 3611
1.864000, 3610
1.868000, 3609
1.868000, 3608
1.870000, 3607
1.872000, 3606
1.872000, 3605
1.877000, 3604
1.882000, 3603
1.883000, 3602
1.884000, 3601
1.886000, 3600
1.886000, 3599
1.886000, 3598
1.888000, 3597
1.888000, 3596
1.889000, 3595
1.898000, 3594
1.900000, 3593
1.903000, 3592
1.904000, 3591
1.906000, 3590
1.908000, 3589
1.914000, 3588
1.917000, 3587
1.919000, 3586
1.920000, 3585
1.924000, 3584
1.927000, 3583
1.928000, 3582
1.930000, 3581
1.932000, 3580
1.933000, 3579
1.934000, 3578
1.936000, 3577
1.937000, 3576
1.938000, 3575
1.940000, 3574
1.941000, 3573
1.943000, 3572
1.943000, 3571
1.944000, 3570
1.945000, 3569
1.947000, 3568
1.948000, 3567
1.948000, 3566
1.952000, 3565
1.953000, 3564
1.954000, 3563
1.956000, 3562
1.957000, 3561
1.960000, 3560
1.961000, 3559
1.964000, 3558
1.964000, 3557
1.967000, 3556
1.967000, 3555
1.972000, 3554
1.973000, 3553
1.974000, 3552
1.975000, 3551
1.976000, 3550
1.976000, 3549
1.978000, 3548
1.978000, 3547
1.983000, 3546
1.985000, 3545
1.985000, 3544
1.986000, 3543
1.987000, 3542
1.988000, 3541
1.992000, 3540
1.994000, 3539
1.996000, 3538
2.003000, 3537
2.004000, 3536
2.006000, 3535
2.006000, 3534
2.008000, 3533
2.009000, 3532
2.010000, 3531
2.015000, 3530
2.019000, 3529
2.020000, 3528
2.021000, 3527
2.026000, 3526
2.026000, 3525
2.027000, 3524
2.029000, 3523
2.029000, 3522
2.031000, 3521
2.031000, 3520
2.032000, 3519
2.039000, 3518
2.040000, 3517
2.042000, 3516
2.045000, 3515
2.052000, 3514
2.055000, 3513
2.057000, 3512
2.067000, 3511
2.070000, 3510
2.074000, 3509
2.075000, 3508
2.077000, 3507
2.078000, 3506
2.081000, 3505
2.083000, 3504
2.088000, 3503
2.097000, 3502
2.105000, 3501
2.105000, 3500
2.107000, 3499
2.108000, 3498
2.111000, 3497
2.116000, 3496
2.121000, 3495
2.124000, 3494
2.126000, 3493
2.129000, 3492
2.132000, 3491
2.133000, 3490
2.133000, 3489
2.138000, 3488
2.139000, 3487
2.146000, 3486
2.146000, 3485
2.150000, 3484
2.151000, 3483
2.155000, 3482
2.164000, 3481
2.166000, 3480
2.176000, 3479
2.176000, 3478
2.181000, 3477
2.185000, 3476
2.186000, 3475
2.200000, 3474
2.204000, 3473
2.206000, 3472
2.206000, 3471
2.210000, 3470
2.211000, 3469
2.212000, 3468
2.222000, 3467
2.226000, 3466
2.227000, 3465
2.228000, 3464
2.246000, 3463
2.248000, 3462
2.251000, 3461
2.265000, 3460
2.268000, 3459
2.271000, 3458
2.274000, 3457
2.276000, 3456
2.277000, 3455
2.278000, 3454
2.289000, 3453
2.302000, 3452
2.312000, 3451
2.313000, 3450
2.314000, 3449
2.314000, 3448
2.316000, 3447
2.317000, 3446
2.319000, 3445
2.321000, 3444
2.327000, 3443
2.334000, 3442
2.337000, 3441
2.338000, 3440
2.346000, 3439
2.363000, 3438
2.365000, 3437
2.367000, 3436
2.369000, 3435
2.372000, 3434
2.382000, 3433
2.391000, 3432
2.407000, 3431
2.427000, 3430
2.431000, 3429
2.436000, 3428
2.437000, 3427
2.441000, 3426
2.443000, 3425
2.459000, 3424
2.464000, 3423
2.473000, 3422
2.474000, 3421
2.478000, 3420
2.481000, 3419
2.491000, 3418
2.491000, 3417
2.506000, 3416
2.510000, 3415
2.511000, 3414
2.513000, 3413
2.529000, 3412
2.541000, 3411
2.546000, 3410
2.554000, 3409
2.558000, 3408
2.589000, 3407
2.597000, 3406
2.607000, 3405
2.612000, 3404
2.630000, 3403
2.631000, 3402
2.633000, 3401
2.635000, 3400
2.636000, 3399
2.656000, 3398
2.662000, 3397
2.682000, 3396
2.682000, 3395
2.685000, 3394
2.692000, 3393
2.696000, 3392
2.730000, 3391
2.751000, 3390
2.762000, 3389
2.806000, 3388
2.813000, 3387
2.821000, 3386
2.825000, 3385
2.827000, 3384
2.827000, 3383
2.828000, 3382
2.838000, 3381
2.848000, 3380
2.858000, 3379
2.871000, 3378
2.892000, 3377
2.892000, 3376
2.913000, 3375
2.935000, 3374
2.965000, 3373
2.974000, 3372
2.978000, 3371
2.986000, 3370
3.053000, 3369
3.087000, 3368
3.092000, 3367
3.110000, 3366
3.131000, 3365
3.132000, 3364
3.139000, 3363
3.151000, 3362
3.155000, 3361
3.198000, 3360
3.207000, 3359
3.207000, 3358
3.218000, 3357
3.228000, 3356
3.254000, 3355
3.287000, 3354
3.321000, 3353
3.329000, 3352
3.344000, 3351
3.359000, 3350
3.377000, 3349
3.396000, 3348
3.404000, 3347
3.407000, 3346
3.414000, 3345
3.421000, 3344
3.438000, 3343
3.464000, 3342
3.520000, 3341
3.525000, 3340
3.610000, 3339
3.660000, 3338
3.724000, 3337
3.820000, 3336
3.859000, 3335
3.933000, 3334
4.088000, 3333
4.298000, 3332
4.439000, 3331
7.254000, 3330
