0.111000, 6053
0.114000, 6052
0.115000, 6051
0.115000, 6050
0.115000, 6049
0.116000, 6048
0.117000, 6047
0.118000, 6046
0.119000, 6045
0.120000, 6044
0.121000, 6043
0.122000, 6042
0.122000, 6041
0.123000, 6040
0.123000, 6039
0.124000, 6038
0.124000, 6037
0.125000, 6036
0.126000, 6035
0.127000, 6034
0.128000, 6033
0.128000, 6032
0.129000, 6031
0.130000, 6030
0.131000, 6029
0.132000, 6028
0.132000, 6027
0.134000, 6026
0.134000, 6025
0.134000, 6024
0.137000, 6023
0.138000, 6022
0.138000, 6021
0.138000, 6020
0.139000, 6019
0.139000, 6018
0.140000, 6017
0.140000, 6016
0.140000, 6015
0.141000, 6014
0.142000, 6013
0.143000, 6012
0.143000, 6011
0.143000, 6010
0.145000, 6009
0.145000, 6008
0.146000, 6007
0.147000, 6006
0.149000, 6005
0.149000, 6004
0.150000, 6003
0.150000, 6002
0.151000, 6001
0.152000, 6000
0.152000, 5999
0.153000, 5998
0.153000, 5997
0.154000, 5996
0.154000, 5995
0.155000, 5994
0.155000, 5993
0.156000, 5992
0.157000, 5991
0.158000, 5990
0.158000, 5989
0.160000, 5988
0.160000, 5987
0.161000, 5986
0.161000, 5985
0.161000, 5984
0.162000, 5983
0.162000, 5982
0.163000, 5981
0.164000, 5980
0.164000, 5979
0.165000, 5978
0.166000, 5977
0.167000, 5976
0.167000, 5975
0.168000, 5974
0.168000, 5973
0.169000, 5972
0.170000, 5971
0.171000, 5970
0.171000, 5969
0.172000, 5968
0.172000, 5967
0.173000, 5966
0.173000, 5965
0.173000, 5964
0.173000, 5963
0.173000, 5962
0.174000, 5961
0.176000, 5960
0.177000, 5959
0.178000, 5958
0.178000, 5957
0.179000, 5956
0.180000, 5955
0.180000, 5954
0.180000, 5953
0.181000, 5952
0.181000, 5951
0.182000, 5950
0.182000, 5949
0.183000, 5948
0.184000, 5947
0.184000, 5946
0.185000, 5945
0.185000, 5944
0.186000, 5943
0.188000, 5942
0.188000, 5941
0.189000, 5940
0.190000, 5939
0.191000, 5938
0.191000, 5937
0.192000, 5936
0.192000, 5935
0.193000, 5934
0.195000, 5933
0.196000, 5932
0.198000, 5931
0.198000, 5930
0.199000, 5929
0.206000, 5928
0.206000, 5927
0.207000, 5926
0.208000, 5925
0.208000, 5924
0.208000, 5923
0.209000, 5922
0.209000, 5921
0.210000, 5920
0.210000, 5919
0.210000, 5918
0.211000, 5917
0.211000, 5916
0.211000, 5915
0.212000, 5914
0.213000, 5913
0.213000, 5912
0.213000, 5911
0.213000, 5910
0.214000, 5909
0.214000, 5908
0.214000, 5907
0.215000, 5906
0.215000, 5905
0.215000, 5904
0.215000, 5903
0.216000, 5902
0.216000, 5901
0.216000, 5900
0.216000, 5899
0.217000, 5898
0.217000, 5897
0.217000, 5896
0.217000, 5895
0.217000, 5894
0.218000, 5893
0.218000, 5892
0.218000, 5891
0.218000, 5890
0.219000, 5889
0.219000, 5888
0.220000, 5887
0.220000, 5886
0.220000, 5885
0.220000, 5884
0.220000, 5883
0.221000, 5882
0.222000, 5881
0.223000, 5880
0.224000, 5879
0.224000, 5878
0.225000, 5877
0.225000, 5876
0.225000, 5875
0.226000, 5874
0.226000, 5873
0.227000, 5872
0.227000, 5871
0.227000, 5870
0.228000, 5869
0.228000, 5868
0.228000, 5867
0.229000, 5866
0.230000, 5865
0.230000, 5864
0.231000, 5863
0.231000, 5862
0.233000, 5861
0.234000, 5860
0.234000, 5859
0.235000, 5858
0.235000, 5857
0.235000, 5856
0.236000, 5855
0.236000, 5854
0.237000, 5853
0.237000, 5852
0.237000, 5851
0.238000, 5850
0.238000, 5849
0.238000, 5848
0.239000, 5847
0.239000, 5846
0.240000, 5845
0.240000, 5844
0.241000, 5843
0.241000, 5842
0.242000, 5841
0.242000, 5840
0.242000, 5839
0.242000, 5838
0.243000, 5837
0.243000, 5836
0.244000, 5835
0.244000, 5834
0.245000, 5833
0.245000, 5832
0.245000, 5831
0.246000, 5830
0.246000, 5829
0.246000, 5828
0.247000, 5827
0.247000, 5826
0.247000, 5825
0.248000, 5824
0.249000, 5823
0.249000, 5822
0.250000, 5821
0.250000, 5820
0.251000, 5819
0.251000, 5818
0.252000, 5817
0.252000, 5816
0.253000, 5815
0.253000, 5814
0.253000, 5813
0.254000, 5812
0.254000, 5811
0.255000, 5810
0.255000, 5809
0.256000, 5808
0.256000, 5807
0.256000, 5806
0.257000, 5805
0.257000, 5804
0.258000, 5803
0.258000, 5802
0.259000, 5801
0.259000, 5800
0.259000, 5799
0.259000, 5798
0.260000, 5797
0.261000, 5796
0.261000, 5795
0.261000, 5794
0.261000, 5793
0.262000, 5792
0.262000, 5791
0.263000, 5790
0.263000, 5789
0.264000, 5788
0.264000, 5787
0.264000, 5786
0.265000, 5785
0.265000, 5784
0.265000, 5783
0.266000, 5782
0.266000, 5781
0.266000, 5780
0.266000, 5779
0.267000, 5778
0.267000, 5777
0.267000, 5776
0.267000, 5775
0.268000, 5774
0.268000, 5773
0.269000, 5772
0.269000, 5771
0.269000, 5770
0.270000, 5769
0.270000, 5768
0.271000, 5767
0.271000, 5766
0.271000, 5765
0.272000, 5764
0.272000, 5763
0.272000, 5762
0.272000, 5761
0.273000, 5760
0.274000, 5759
0.275000, 5758
0.276000, 5757
0.276000, 5756
0.277000, 5755
0.278000, 5754
0.278000, 5753
0.278000, 5752
0.279000, 5751
0.279000, 5750
0.279000, 5749
0.279000, 5748
0.280000, 5747
0.280000, 5746
0.281000, 5745
0.281000, 5744
0.281000, 5743
0.282000, 5742
0.282000, 5741
0.283000, 5740
0.284000, 5739
0.285000, 5738
0.285000, 5737
0.286000, 5736
0.286000, 5735
0.286000, 5734
0.286000, 5733
0.287000, 5732
0.287000, 5731
0.287000, 5730
0.287000, 5729
0.288000, 5728
0.288000, 5727
0.289000, 5726
0.290000, 5725
0.290000, 5724
0.290000, 5723
0.291000, 5722
0.292000, 5721
0.292000, 5720
0.292000, 5719
0.293000, 5718
0.293000, 5717
0.294000, 5716
0.294000, 5715
0.295000, 5714
0.295000, 5713
0.296000, 5712
0.296000, 5711
0.296000, 5710
0.297000, 5709
0.297000, 5708
0.297000, 5707
0.297000, 5706
0.298000, 5705
0.299000, 5704
0.299000, 5703
0.299000, 5702
0.299000, 5701
0.300000, 5700
0.301000, 5699
0.301000, 5698
0.303000, 5697
0.303000, 5696
0.304000, 5695
0.304000, 5694
0.304000, 5693
0.304000, 5692
0.305000, 5691
0.305000, 5690
0.306000, 5689
0.307000, 5688
0.307000, 5687
0.308000, 5686
0.308000, 5685
0.309000, 5684
0.310000, 5683
0.310000, 5682
0.310000, 5681
0.310000, 5680
0.311000, 5679
0.311000, 5678
0.311000, 5677
0.312000, 5676
0.312000, 5675
0.312000, 5674
0.313000, 5673
0.313000, 5672
0.314000, 5671
0.314000, 5670
0.315000, 5669
0.316000, 5668
0.316000, 5667
0.316000, 5666
0.317000, 5665
0.318000, 5664
0.318000, 5663
0.318000, 5662
0.319000, 5661
0.320000, 5660
0.320000, 5659
0.320000, 5658
0.321000, 5657
0.321000, 5656
0.322000, 5655
0.322000, 5654
0.322000, 5653
0.322000, 5652
0.323000, 5651
0.325000, 5650
0.326000, 5649
0.326000, 5648
0.327000, 5647
0.327000, 5646
0.328000, 5645
0.328000, 5644
0.328000, 5643
0.329000, 5642
0.329000, 5641
0.329000, 5640
0.330000, 5639
0.330000, 5638
0.330000, 5637
0.330000, 5636
0.331000, 5635
0.331000, 5634
0.332000, 5633
0.332000, 5632
0.332000, 5631
0.333000, 5630
0.333000, 5629
0.333000, 5628
0.334000, 5627
0.334000, 5626
0.334000, 5625
0.334000, 5624
0.335000, 5623
0.335000, 5622
0.336000, 5621
0.337000, 5620
0.337000, 5619
0.337000, 5618
0.338000, 5617
0.338000, 5616
0.338000, 5615
0.339000, 5614
0.339000, 5613
0.339000, 5612
0.340000, 5611
0.341000, 5610
0.341000, 5609
0.341000, 5608
0.342000, 5607
0.342000, 5606
0.344000, 5605
0.344000, 5604
0.344000, 5603
0.345000, 5602
0.345000, 5601
0.345000, 5600
0.346000, 5599
0.346000, 5598
0.347000, 5597
0.347000, 5596
0.347000, 5595
0.348000, 5594
0.348000, 5593
0.349000, 5592
0.350000, 5591
0.351000, 5590
0.352000, 5589
0.353000, 5588
0.353000, 5587
0.353000, 5586
0.353000, 5585
0.354000, 5584
0.354000, 5583
0.354000, 5582
0.354000, 5581
0.354000, 5580
0.355000, 5579
0.355000, 5578
0.356000, 5577
0.356000, 5576
0.356000, 5575
0.357000, 5574
0.357000, 5573
0.357000, 5572
0.358000, 5571
0.358000, 5570
0.359000, 5569
0.359000, 5568
0.360000, 5567
0.360000, 5566
0.360000, 5565
0.360000, 5564
0.361000, 5563
0.361000, 5562
0.361000, 5561
0.362000, 5560
0.362000, 5559
0.362000, 5558
0.368000, 5557
0.369000, 5556
0.369000, 5555
0.369000, 5554
0.369000, 5553
0.369000, 5552
0.370000, 5551
0.370000, 5550
0.370000, 5549
0.371000, 5548
0.371000, 5547
0.372000, 5546
0.373000, 5545
0.373000, 5544
0.374000, 5543
0.374000, 5542
0.374000, 5541
0.376000, 5540
0.376000, 5539
0.376000, 5538
0.377000, 5537
0.377000, 5536
0.378000, 5535
0.379000, 5534
0.380000, 5533
0.381000, 5532
0.381000, 5531
0.382000, 5530
0.382000, 5529
0.382000, 5528
0.382000, 5527
0.383000, 5526
0.383000, 5525
0.383000, 5524
0.383000, 5523
0.384000, 5522
0.384000, 5521
0.385000, 5520
0.385000, 5519
0.385000, 5518
0.386000, 5517
0.387000, 5516
0.387000, 5515
0.388000, 5514
0.388000, 5513
0.388000, 5512
0.389000, 5511
0.389000, 5510
0.389000, 5509
0.390000, 5508
0.390000, 5507
0.391000, 5506
0.392000, 5505
0.392000, 5504
0.394000, 5503
0.394000, 5502
0.395000, 5501
0.395000, 5500
0.396000, 5499
0.396000, 5498
0.397000, 5497
0.397000, 5496
0.398000, 5495
0.398000, 5494
0.399000, 5493
0.400000, 5492
0.400000, 5491
0.401000, 5490
0.401000, 5489
0.401000, 5488
0.401000, 5487
0.402000, 5486
0.402000, 5485
0.402000, 5484
0.403000, 5483
0.403000, 5482
0.404000, 5481
0.405000, 5480
0.405000, 5479
0.406000, 5478
0.406000, 5477
0.407000, 5476
0.407000, 5475
0.407000, 5474
0.408000, 5473
0.408000, 5472
0.409000, 5471
0.409000, 5470
0.410000, 5469
0.410000, 5468
0.410000, 5467
0.410000, 5466
0.411000, 5465
0.411000, 5464
0.412000, 5463
0.412000, 5462
0.412000, 5461
0.413000, 5460
0.413000, 5459
0.416000, 5458
0.416000, 5457
0.417000, 5456
0.418000, 5455
0.419000, 5454
0.419000, 5453
0.419000, 5452
0.419000, 5451
0.420000, 5450
0.420000, 5449
0.421000, 5448
0.421000, 5447
0.421000, 5446
0.423000, 5445
0.423000, 5444
0.424000, 5443
0.424000, 5442
0.425000, 5441
0.425000, 5440
0.425000, 5439
0.426000, 5438
0.427000, 5437
0.428000, 5436
0.429000, 5435
0.429000, 5434
0.429000, 5433
0.430000, 5432
0.431000, 5431
0.431000, 5430
0.431000, 5429
0.432000, 5428
0.432000, 5427
0.432000, 5426
0.433000, 5425
0.433000, 5424
0.434000, 5423
0.434000, 5422
0.434000, 5421
0.434000, 5420
0.435000, 5419
0.435000, 5418
0.436000, 5417
0.437000, 5416
0.437000, 5415
0.437000, 5414
0.437000, 5413
0.438000, 5412
0.438000, 5411
0.439000, 5410
0.439000, 5409
0.440000, 5408
0.440000, 5407
0.441000, 5406
0.442000, 5405
0.442000, 5404
0.443000, 5403
0.443000, 5402
0.443000, 5401
0.444000, 5400
0.444000, 5399
0.444000, 5398
0.445000, 5397
0.446000, 5396
0.447000, 5395
0.447000, 5394
0.447000, 5393
0.448000, 5392
0.448000, 5391
0.449000, 5390
0.449000, 5389
0.451000, 5388
0.451000, 5387
0.451000, 5386
0.451000, 5385
0.452000, 5384
0.452000, 5383
0.452000, 5382
0.453000, 5381
0.453000, 5380
0.455000, 5379
0.455000, 5378
0.456000, 5377
0.456000, 5376
0.458000, 5375
0.458000, 5374
0.459000, 5373
0.459000, 5372
0.460000, 5371
0.461000, 5370
0.461000, 5369
0.461000, 5368
0.462000, 5367
0.462000, 5366
0.463000, 5365
0.463000, 5364
0.463000, 5363
0.463000, 5362
0.464000, 5361
0.464000, 5360
0.465000, 5359
0.465000, 5358
0.465000, 5357
0.465000, 5356
0.467000, 5355
0.468000, 5354
0.468000, 5353
0.468000, 5352
0.468000, 5351
0.469000, 5350
0.469000, 5349
0.470000, 5348
0.470000, 5347
0.471000, 5346
0.471000, 5345
0.472000, 5344
0.472000, 5343
0.472000, 5342
0.473000, 5341
0.473000, 5340
0.474000, 5339
0.474000, 5338
0.475000, 5337
0.475000, 5336
0.475000, 5335
0.476000, 5334
0.476000, 5333
0.476000, 5332
0.476000, 5331
0.477000, 5330
0.477000, 5329
0.477000, 5328
0.478000, 5327
0.479000, 5326
0.479000, 5325
0.480000, 5324
0.480000, 5323
0.481000, 5322
0.481000, 5321
0.482000, 5320
0.482000, 5319
0.482000, 5318
0.482000, 5317
0.483000, 5316
0.484000, 5315
0.485000, 5314
0.486000, 5313
0.486000, 5312
0.486000, 5311
0.486000, 5310
0.487000, 5309
0.487000, 5308
0.488000, 5307
0.488000, 5306
0.489000, 5305
0.489000, 5304
0.489000, 5303
0.491000, 5302
0.491000, 5301
0.491000, 5300
0.492000, 5299
0.492000, 5298
0.492000, 5297
0.493000, 5296
0.493000, 5295
0.493000, 5294
0.494000, 5293
0.495000, 5292
0.496000, 5291
0.497000, 5290
0.497000, 5289
0.497000, 5288
0.498000, 5287
0.498000, 5286
0.498000, 5285
0.498000, 5284
0.499000, 5283
0.500000, 5282
0.500000, 5281
0.500000, 5280
0.501000, 5279
0.501000, 5278
0.501000, 5277
0.502000, 5276
0.503000, 5275
0.503000, 5274
0.504000, 5273
0.504000, 5272
0.505000, 5271
0.506000, 5270
0.506000, 5269
0.506000, 5268
0.507000, 5267
0.507000, 5266
0.507000, 5265
0.508000, 5264
0.508000, 5263
0.508000, 5262
0.509000, 5261
0.509000, 5260
0.509000, 5259
0.510000, 5258
0.510000, 5257
0.510000, 5256
0.511000, 5255
0.511000, 5254
0.511000, 5253
0.511000, 5252
0.512000, 5251
0.513000, 5250
0.513000, 5249
0.514000, 5248
0.514000, 5247
0.514000, 5246
0.514000, 5245
0.515000, 5244
0.515000, 5243
0.516000, 5242
0.521000, 5241
0.523000, 5240
0.523000, 5239
0.523000, 5238
0.524000, 5237
0.524000, 5236
0.524000, 5235
0.524000, 5234
0.526000, 5233
0.526000, 5232
0.526000, 5231
0.527000, 5230
0.527000, 5229
0.529000, 5228
0.529000, 5227
0.529000, 5226
0.529000, 5225
0.530000, 5224
0.530000, 5223
0.530000, 5222
0.531000, 5221
0.531000, 5220
0.532000, 5219
0.533000, 5218
0.533000, 5217
0.533000, 5216
0.534000, 5215
0.534000, 5214
0.534000, 5213
0.534000, 5212
0.534000, 5211
0.535000, 5210
0.535000, 5209
0.535000, 5208
0.535000, 5207
0.536000, 5206
0.537000, 5205
0.538000, 5204
0.539000, 5203
0.539000, 5202
0.539000, 5201
0.540000, 5200
0.541000, 5199
0.541000, 5198
0.541000, 5197
0.541000, 5196
0.542000, 5195
0.542000, 5194
0.543000, 5193
0.543000, 5192
0.543000, 5191
0.543000, 5190
0.543000, 5189
0.544000, 5188
0.544000, 5187
0.545000, 5186
0.545000, 5185
0.545000, 5184
0.546000, 5183
0.546000, 5182
0.547000, 5181
0.547000, 5180
0.547000, 5179
0.548000, 5178
0.548000, 5177
0.549000, 5176
0.549000, 5175
0.550000, 5174
0.551000, 5173
0.551000, 5172
0.551000, 5171
0.552000, 5170
0.552000, 5169
0.553000, 5168
0.554000, 5167
0.554000, 5166
0.554000, 5165
0.554000, 5164
0.555000, 5163
0.555000, 5162
0.556000, 5161
0.556000, 5160
0.557000, 5159
0.557000, 5158
0.559000, 5157
0.559000, 5156
0.559000, 5155
0.559000, 5154
0.560000, 5153
0.560000, 5152
0.560000, 5151
0.561000, 5150
0.562000, 5149
0.562000, 5148
0.563000, 5147
0.563000, 5146
0.563000, 5145
0.564000, 5144
0.564000, 5143
0.565000, 5142
0.565000, 5141
0.565000, 5140
0.565000, 5139
0.566000, 5138
0.566000, 5137
0.567000, 5136
0.567000, 5135
0.568000, 5134
0.568000, 5133
0.568000, 5132
0.570000, 5131
0.570000, 5130
0.571000, 5129
0.571000, 5128
0.571000, 5127
0.571000, 5126
0.571000, 5125
0.572000, 5124
0.573000, 5123
0.573000, 5122
0.573000, 5121
0.573000, 5120
0.574000, 5119
0.574000, 5118
0.575000, 5117
0.576000, 5116
0.577000, 5115
0.578000, 5114
0.579000, 5113
0.580000, 5112
0.580000, 5111
0.580000, 5110
0.580000, 5109
0.581000, 5108
0.581000, 5107
0.581000, 5106
0.582000, 5105
0.582000, 5104
0.583000, 5103
0.584000, 5102
0.584000, 5101
0.585000, 5100
0.586000, 5099
0.586000, 5098
0.587000, 5097
0.587000, 5096
0.588000, 5095
0.588000, 5094
0.588000, 5093
0.588000, 5092
0.589000, 5091
0.589000, 5090
0.589000, 5089
0.590000, 5088
0.590000, 5087
0.590000, 5086
0.590000, 5085
0.591000, 5084
0.591000, 5083
0.593000, 5082
0.593000, 5081
0.593000, 5080
0.594000, 5079
0.594000, 5078
0.596000, 5077
0.596000, 5076
0.596000, 5075
0.597000, 5074
0.597000, 5073
0.597000, 5072
0.597000, 5071
0.597000, 5070
0.598000, 5069
0.598000, 5068
0.599000, 5067
0.600000, 5066
0.600000, 5065
0.600000, 5064
0.601000, 5063
0.601000, 5062
0.602000, 5061
0.602000, 5060
0.602000, 5059
0.603000, 5058
0.603000, 5057
0.603000, 5056
0.603000, 5055
0.604000, 5054
0.604000, 5053
0.605000, 5052
0.605000, 5051
0.605000, 5050
0.606000, 5049
0.606000, 5048
0.606000, 5047
0.606000, 5046
0.606000, 5045
0.607000, 5044
0.608000, 5043
0.608000, 5042
0.608000, 5041
0.608000, 5040
0.609000, 5039
0.610000, 5038
0.612000, 5037
0.612000, 5036
0.613000, 5035
0.614000, 5034
0.614000, 5033
0.614000, 5032
0.614000, 5031
0.614000, 5030
0.615000, 5029
0.615000, 5028
0.616000, 5027
0.616000, 5026
0.617000, 5025
0.618000, 5024
0.618000, 5023
0.620000, 5022
0.620000, 5021
0.620000, 5020
0.621000, 5019
0.621000, 5018
0.621000, 5017
0.622000, 5016
0.622000, 5015
0.622000, 5014
0.622000, 5013
0.623000, 5012
0.623000, 5011
0.625000, 5010
0.625000, 5009
0.625000, 5008
0.627000, 5007
0.627000, 5006
0.628000, 5005
0.628000, 5004
0.629000, 5003
0.630000, 5002
0.630000, 5001
0.631000, 5000
0.632000, 4999
0.632000, 4998
0.633000, 4997
0.634000, 4996
0.634000, 4995
0.635000, 4994
0.635000, 4993
0.635000, 4992
0.636000, 4991
0.636000, 4990
0.637000, 4989
0.638000, 4988
0.638000, 4987
0.638000, 4986
0.639000, 4985
0.640000, 4984
0.640000, 4983
0.641000, 4982
0.642000, 4981
0.642000, 4980
0.642000, 4979
0.643000, 4978
0.643000, 4977
0.643000, 4976
0.643000, 4975
0.644000, 4974
0.644000, 4973
0.644000, 4972
0.645000, 4971
0.645000, 4970
0.646000, 4969
0.646000, 4968
0.647000, 4967
0.648000, 4966
0.648000, 4965
0.649000, 4964
0.649000, 4963
0.650000, 4962
0.650000, 4961
0.650000, 4960
0.650000, 4959
0.651000, 4958
0.651000, 4957
0.652000, 4956
0.653000, 4955
0.653000, 4954
0.654000, 4953
0.654000, 4952
0.654000, 4951
0.655000, 4950
0.655000, 4949
0.655000, 4948
0.656000, 4947
0.656000, 4946
0.656000, 4945
0.658000, 4944
0.658000, 4943
0.658000, 4942
0.660000, 4941
0.663000, 4940
0.663000, 4939
0.664000, 4938
0.672000, 4937
0.673000, 4936
0.673000, 4935
0.673000, 4934
0.674000, 4933
0.675000, 4932
0.675000, 4931
0.677000, 4930
0.678000, 4929
0.679000, 4928
0.679000, 4927
0.680000, 4926
0.681000, 4925
0.682000, 4924
0.682000, 4923
0.682000, 4922
0.682000, 4921
0.683000, 4920
0.684000, 4919
0.685000, 4918
0.685000, 4917
0.686000, 4916
0.686000, 4915
0.687000, 4914
0.687000, 4913
0.688000, 4912
0.689000, 4911
0.689000, 4910
0.690000, 4909
0.690000, 4908
0.690000, 4907
0.691000, 4906
0.691000, 4905
0.692000, 4904
0.692000, 4903
0.694000, 4902
0.695000, 4901
0.695000, 4900
0.696000, 4899
0.696000, 4898
0.696000, 4897
0.697000, 4896
0.697000, 4895
0.698000, 4894
0.698000, 4893
0.700000, 4892
0.700000, 4891
0.701000, 4890
0.701000, 4889
0.702000, 4888
0.702000, 4887
0.703000, 4886
0.703000, 4885
0.703000, 4884
0.704000, 4883
0.704000, 4882
0.707000, 4881
0.707000, 4880
0.708000, 4879
0.710000, 4878
0.710000, 4877
0.711000, 4876
0.712000, 4875
0.712000, 4874
0.714000, 4873
0.715000, 4872
0.715000, 4871
0.716000, 4870
0.717000, 4869
0.718000, 4868
0.719000, 4867
0.719000, 4866
0.720000, 4865
0.721000, 4864
0.722000, 4863
0.722000, 4862
0.723000, 4861
0.724000, 4860
0.724000, 4859
0.724000, 4858
0.724000, 4857
0.725000, 4856
0.725000, 4855
0.725000, 4854
0.725000, 4853
0.726000, 4852
0.726000, 4851
0.726000, 4850
0.726000, 4849
0.726000, 4848
0.727000, 4847
0.727000, 4846
0.727000, 4845
0.728000, 4844
0.728000, 4843
0.731000, 4842
0.731000, 4841
0.732000, 4840
0.733000, 4839
0.734000, 4838
0.734000, 4837
0.735000, 4836
0.735000, 4835
0.736000, 4834
0.737000, 4833
0.738000, 4832
0.738000, 4831
0.739000, 4830
0.739000, 4829
0.740000, 4828
0.740000, 4827
0.741000, 4826
0.741000, 4825
0.742000, 4824
0.742000, 4823
0.743000, 4822
0.743000, 4821
0.743000, 4820
0.743000, 4819
0.744000, 4818
0.744000, 4817
0.745000, 4816
0.745000, 4815
0.745000, 4814
0.745000, 4813
0.746000, 4812
0.746000, 4811
0.746000, 4810
0.747000, 4809
0.747000, 4808
0.748000, 4807
0.748000, 4806
0.749000, 4805
0.750000, 4804
0.750000, 4803
0.752000, 4802
0.754000, 4801
0.755000, 4800
0.755000, 4799
0.755000, 4798
0.755000, 4797
0.756000, 4796
0.757000, 4795
0.758000, 4794
0.758000, 4793
0.758000, 4792
0.759000, 4791
0.759000, 4790
0.760000, 4789
0.760000, 4788
0.761000, 4787
0.762000, 4786
0.762000, 4785
0.762000, 4784
0.763000, 4783
0.764000, 4782
0.765000, 4781
0.765000, 4780
0.765000, 4779
0.765000, 4778
0.766000, 4777
0.766000, 4776
0.766000, 4775
0.767000, 4774
0.767000, 4773
0.768000, 4772
0.769000, 4771
0.769000, 4770
0.770000, 4769
0.771000, 4768
0.772000, 4767
0.772000, 4766
0.774000, 4765
0.774000, 4764
0.775000, 4763
0.775000, 4762
0.775000, 4761
0.776000, 4760
0.777000, 4759
0.777000, 4758
0.777000, 4757
0.778000, 4756
0.778000, 4755
0.779000, 4754
0.779000, 4753
0.780000, 4752
0.780000, 4751
0.781000, 4750
0.781000, 4749
0.781000, 4748
0.782000, 4747
0.782000, 4746
0.783000, 4745
0.784000, 4744
0.784000, 4743
0.785000, 4742
0.785000, 4741
0.785000, 4740
0.786000, 4739
0.786000, 4738
0.786000, 4737
0.787000, 4736
0.787000, 4735
0.787000, 4734
0.788000, 4733
0.789000, 4732
0.789000, 4731
0.789000, 4730
0.789000, 4729
0.790000, 4728
0.790000, 4727
0.791000, 4726
0.792000, 4725
0.792000, 4724
0.792000, 4723
0.792000, 4722
0.793000, 4721
0.793000, 4720
0.793000, 4719
0.794000, 4718
0.794000, 4717
0.795000, 4716
0.795000, 4715
0.795000, 4714
0.796000, 4713
0.796000, 4712
0.796000, 4711
0.799000, 4710
0.800000, 4709
0.800000, 4708
0.801000, 4707
0.801000, 4706
0.802000, 4705
0.803000, 4704
0.804000, 4703
0.805000, 4702
0.805000, 4701
0.806000, 4700
0.807000, 4699
0.808000, 4698
0.809000, 4697
0.809000, 4696
0.809000, 4695
0.810000, 4694
0.810000, 4693
0.811000, 4692
0.811000, 4691
0.813000, 4690
0.813000, 4689
0.814000, 4688
0.814000, 4687
0.814000, 4686
0.814000, 4685
0.816000, 4684
0.816000, 4683
0.816000, 4682
0.817000, 4681
0.817000, 4680
0.817000, 4679
0.818000, 4678
0.819000, 4677
0.820000, 4676
0.821000, 4675
0.821000, 4674
0.822000, 4673
0.823000, 4672
0.823000, 4671
0.824000, 4670
0.824000, 4669
0.824000, 4668
0.824000, 4667
0.825000, 4666
0.826000, 4665
0.827000, 4664
0.827000, 4663
0.827000, 4662
0.828000, 4661
0.829000, 4660
0.829000, 4659
0.829000, 4658
0.830000, 4657
0.830000, 4656
0.831000, 4655
0.831000, 4654
0.832000, 4653
0.832000, 4652
0.833000, 4651
0.833000, 4650
0.834000, 4649
0.835000, 4648
0.836000, 4647
0.838000, 4646
0.839000, 4645
0.839000, 4644
0.840000, 4643
0.840000, 4642
0.841000, 4641
0.841000, 4640
0.841000, 4639
0.842000, 4638
0.842000, 4637
0.843000, 4636
0.843000, 4635
0.844000, 4634
0.844000, 4633
0.845000, 4632
0.846000, 4631
0.846000, 4630
0.847000, 4629
0.847000, 4628
0.847000, 4627
0.847000, 4626
0.849000, 4625
0.849000, 4624
0.850000, 4623
0.850000, 4622
0.851000, 4621
0.854000, 4620
0.854000, 4619
0.855000, 4618
0.855000, 4617
0.855000, 4616
0.856000, 4615
0.856000, 4614
0.857000, 4613
0.858000, 4612
0.858000, 4611
0.859000, 4610
0.859000, 4609
0.860000, 4608
0.861000, 4607
0.861000, 4606
0.861000, 4605
0.862000, 4604
0.862000, 4603
0.863000, 4602
0.864000, 4601
0.866000, 4600
0.866000, 4599
0.866000, 4598
0.866000, 4597
0.868000, 4596
0.869000, 4595
0.869000, 4594
0.871000, 4593
0.872000, 4592
0.872000, 4591
0.874000, 4590
0.876000, 4589
0.876000, 4588
0.876000, 4587
0.877000, 4586
0.877000, 4585
0.878000, 4584
0.878000, 4583
0.879000, 4582
0.879000, 4581
0.880000, 4580
0.881000, 4579
0.882000, 4578
0.882000, 4577
0.883000, 4576
0.884000, 4575
0.885000, 4574
0.885000, 4573
0.885000, 4572
0.885000, 4571
0.886000, 4570
0.888000, 4569
0.888000, 4568
0.889000, 4567
0.889000, 4566
0.889000, 4565
0.890000, 4564
0.890000, 4563
0.890000, 4562
0.891000, 4561
0.893000, 4560
0.894000, 4559
0.895000, 4558
0.895000, 4557
0.895000, 4556
0.896000, 4555
0.896000, 4554
0.896000, 4553
0.897000, 4552
0.897000, 4551
0.897000, 4550
0.898000, 4549
0.898000, 4548
0.899000, 4547
0.902000, 4546
0.902000, 4545
0.903000, 4544
0.904000, 4543
0.904000, 4542
0.905000, 4541
0.906000, 4540
0.907000, 4539
0.907000, 4538
0.908000, 4537
0.908000, 4536
0.909000, 4535
0.909000, 4534
0.909000, 4533
0.910000, 4532
0.910000, 4531
0.911000, 4530
0.912000, 4529
0.912000, 4528
0.913000, 4527
0.914000, 4526
0.915000, 4525
0.916000, 4524
0.916000, 4523
0.918000, 4522
0.919000, 4521
0.920000, 4520
0.920000, 4519
0.921000, 4518
0.922000, 4517
0.923000, 4516
0.923000, 4515
0.925000, 4514
0.926000, 4513
0.926000, 4512
0.926000, 4511
0.927000, 4510
0.928000, 4509
0.928000, 4508
0.929000, 4507
0.929000, 4506
0.929000, 4505
0.931000, 4504
0.932000, 4503
0.935000, 4502
0.936000, 4501
0.937000, 4500
0.937000, 4499
0.938000, 4498
0.938000, 4497
0.939000, 4496
0.939000, 4495
0.940000, 4494
0.940000, 4493
0.942000, 4492
0.942000, 4491
0.942000, 4490
0.943000, 4489
0.943000, 4488
0.944000, 4487
0.946000, 4486
0.947000, 4485
0.950000, 4484
0.950000, 4483
0.951000, 4482
0.951000, 4481
0.952000, 4480
0.953000, 4479
0.954000, 4478
0.954000, 4477
0.955000, 4476
0.956000, 4475
0.956000, 4474
0.957000, 4473
0.958000, 4472
0.959000, 4471
0.959000, 4470
0.961000, 4469
0.963000, 4468
0.963000, 4467
0.963000, 4466
0.972000, 4465
0.972000, 4464
0.972000, 4463
0.974000, 4462
0.974000, 4461
0.974000, 4460
0.975000, 4459
0.976000, 4458
0.977000, 4457
0.979000, 4456
0.980000, 4455
0.981000, 4454
0.982000, 4453
0.983000, 4452
0.983000, 4451
0.984000, 4450
0.984000, 4449
0.984000, 4448
0.985000, 4447
0.988000, 4446
0.989000, 4445
0.989000, 4444
0.991000, 4443
0.991000, 4442
0.992000, 4441
0.992000, 4440
0.993000, 4439
0.993000, 4438
0.993000, 4437
0.994000, 4436
0.995000, 4435
0.995000, 4434
0.996000, 4433
0.997000, 4432
0.997000, 4431
0.999000, 4430
0.999000, 4429
0.999000, 4428
1.000000, 4427
1.002000, 4426
1.003000, 4425
1.004000, 4424
1.004000, 4423
1.004000, 4422
1.006000, 4421
1.007000, 4420
1.007000, 4419
1.008000, 4418
1.009000, 4417
1.009000, 4416
1.009000, 4415
1.009000, 4414
1.009000, 4413
1.010000, 4412
1.010000, 4411
1.011000, 4410
1.012000, 4409
1.012000, 4408
1.013000, 4407
1.014000, 4406
1.015000, 4405
1.015000, 4404
1.015000, 4403
1.015000, 4402
1.017000, 4401
1.019000, 4400
1.020000, 4399
1.020000, 4398
1.021000, 4397
1.023000, 4396
1.023000, 4395
1.023000, 4394
1.024000, 4393
1.024000, 4392
1.025000, 4391
1.025000, 4390
1.025000, 4389
1.026000, 4388
1.027000, 4387
1.027000, 4386
1.027000, 4385
1.027000, 4384
1.028000, 4383
1.028000, 4382
1.029000, 4381
1.029000, 4380
1.030000, 4379
1.030000, 4378
1.031000, 4377
1.033000, 4376
1.035000, 4375
1.035000, 4374
1.035000, 4373
1.036000, 4372
1.037000, 4371
1.040000, 4370
1.041000, 4369
1.042000, 4368
1.042000, 4367
1.044000, 4366
1.045000, 4365
1.046000, 4364
1.046000, 4363
1.047000, 4362
1.048000, 4361
1.049000, 4360
1.049000, 4359
1.049000, 4358
1.049000, 4357
1.050000, 4356
1.051000, 4355
1.052000, 4354
1.052000, 4353
1.054000, 4352
1.055000, 4351
1.055000, 4350
1.055000, 4349
1.058000, 4348
1.060000, 4347
1.060000, 4346
1.061000, 4345
1.061000, 4344
1.061000, 4343
1.064000, 4342
1.064000, 4341
1.065000, 4340
1.066000, 4339
1.067000, 4338
1.067000, 4337
1.068000, 4336
1.069000, 4335
1.070000, 4334
1.072000, 4333
1.072000, 4332
1.072000, 4331
1.074000, 4330
1.075000, 4329
1.077000, 4328
1.078000, 4327
1.078000, 4326
1.080000, 4325
1.080000, 4324
1.082000, 4323
1.082000, 4322
1.083000, 4321
1.083000, 4320
1.084000, 4319
1.085000, 4318
1.085000, 4317
1.085000, 4316
1.085000, 4315
1.085000, 4314
1.085000, 4313
1.086000, 4312
1.086000, 4311
1.087000, 4310
1.087000, 4309
1.087000, 4308
1.088000, 4307
1.090000, 4306
1.090000, 4305
1.091000, 4304
1.092000, 4303
1.092000, 4302
1.093000, 4301
1.094000, 4300
1.095000, 4299
1.095000, 4298
1.096000, 4297
1.097000, 4296
1.097000, 4295
1.098000, 4294
1.098000, 4293
1.098000, 4292
1.099000, 4291
1.100000, 4290
1.100000, 4289
1.101000, 4288
1.101000, 4287
1.102000, 4286
1.104000, 4285
1.106000, 4284
1.108000, 4283
1.109000, 4282
1.109000, 4281
1.109000, 4280
1.111000, 4279
1.112000, 4278
1.113000, 4277
1.113000, 4276
1.115000, 4275
1.115000, 4274
1.115000, 4273
1.115000, 4272
1.116000, 4271
1.117000, 4270
1.118000, 4269
1.119000, 4268
1.119000, 4267
1.119000, 4266
1.120000, 4265
1.121000, 4264
1.122000, 4263
1.123000, 4262
1.123000, 4261
1.124000, 4260
1.125000, 4259
1.125000, 4258
1.126000, 4257
1.127000, 4256
1.127000, 4255
1.128000, 4254
1.130000, 4253
1.131000, 4252
1.131000, 4251
1.132000, 4250
1.132000, 4249
1.134000, 4248
1.134000, 4247
1.134000, 4246
1.135000, 4245
1.135000, 4244
1.135000, 4243
1.138000, 4242
1.138000, 4241
1.139000, 4240
1.141000, 4239
1.141000, 4238
1.142000, 4237
1.142000, 4236
1.143000, 4235
1.144000, 4234
1.144000, 4233
1.145000, 4232
1.145000, 4231
1.146000, 4230
1.146000, 4229
1.147000, 4228
1.147000, 4227
1.148000, 4226
1.149000, 4225
1.150000, 4224
1.151000, 4223
1.152000, 4222
1.152000, 4221
1.152000, 4220
1.153000, 4219
1.154000, 4218
1.155000, 4217
1.157000, 4216
1.157000, 4215
1.157000, 4214
1.159000, 4213
1.160000, 4212
1.161000, 4211
1.164000, 4210
1.165000, 4209
1.166000, 4208
1.166000, 4207
1.169000, 4206
1.169000, 4205
1.170000, 4204
1.171000, 4203
1.172000, 4202
1.174000, 4201
1.174000, 4200
1.175000, 4199
1.176000, 4198
1.178000, 4197
1.178000, 4196
1.179000, 4195
1.180000, 4194
1.180000, 4193
1.181000, 4192
1.182000, 4191
1.182000, 4190
1.184000, 4189
1.185000, 4188
1.185000, 4187
1.185000, 4186
1.185000, 4185
1.185000, 4184
1.186000, 4183
1.186000, 4182
1.186000, 4181
1.187000, 4180
1.189000, 4179
1.189000, 4178
1.189000, 4177
1.191000, 4176
1.192000, 4175
1.192000, 4174
1.193000, 4173
1.195000, 4172
1.197000, 4171
1.197000, 4170
1.198000, 4169
1.198000, 4168
1.198000, 4167
1.199000, 4166
1.199000, 4165
1.199000, 4164
1.201000, 4163
1.202000, 4162
1.203000, 4161
1.203000, 4160
1.203000, 4159
1.204000, 4158
1.204000, 4157
1.204000, 4156
1.204000, 4155
1.205000, 4154
1.206000, 4153
1.206000, 4152
1.207000, 4151
1.209000, 4150
1.209000, 4149
1.209000, 4148
1.209000, 4147
1.209000, 4146
1.210000, 4145
1.210000, 4144
1.211000, 4143
1.214000, 4142
1.214000, 4141
1.215000, 4140
1.216000, 4139
1.217000, 4138
1.217000, 4137
1.218000, 4136
1.218000, 4135
1.218000, 4134
1.219000, 4133
1.219000, 4132
1.225000, 4131
1.226000, 4130
1.228000, 4129
1.229000, 4128
1.230000, 4127
1.231000, 4126
1.232000, 4125
1.232000, 4124
1.233000, 4123
1.234000, 4122
1.234000, 4121
1.236000, 4120
1.236000, 4119
1.236000, 4118
1.237000, 4117
1.238000, 4116
1.238000, 4115
1.239000, 4114
1.239000, 4113
1.239000, 4112
1.240000, 4111
1.240000, 4110
1.242000, 4109
1.245000, 4108
1.247000, 4107
1.248000, 4106
1.248000, 4105
1.249000, 4104
1.249000, 4103
1.252000, 4102
1.252000, 4101
1.253000, 4100
1.254000, 4099
1.255000, 4098
1.257000, 4097
1.258000, 4096
1.259000, 4095
1.261000, 4094
1.262000, 4093
1.263000, 4092
1.264000, 4091
1.265000, 4090
1.265000, 4089
1.265000, 4088
1.266000, 4087
1.266000, 4086
1.267000, 4085
1.268000, 4084
1.268000, 4083
1.269000, 4082
1.270000, 4081
1.272000, 4080
1.273000, 4079
1.275000, 4078
1.276000, 4077
1.279000, 4076
1.283000, 4075
1.283000, 4074
1.283000, 4073
1.283000, 4072
1.284000, 4071
1.285000, 4070
1.288000, 4069
1.290000, 4068
1.290000, 4067
1.291000, 4066
1.291000, 4065
1.292000, 4064
1.293000, 4063
1.293000, 4062
1.296000, 4061
1.297000, 4060
1.298000, 4059
1.299000, 4058
1.300000, 4057
1.300000, 4056
1.301000, 4055
1.302000, 4054
1.302000, 4053
1.302000, 4052
1.303000, 4051
1.304000, 4050
1.304000, 4049
1.305000, 4048
1.306000, 4047
1.308000, 4046
1.309000, 4045
1.310000, 4044
1.313000, 4043
1.313000, 4042
1.315000, 4041
1.315000, 4040
1.315000, 4039
1.316000, 4038
1.317000, 4037
1.317000, 4036
1.317000, 4035
1.321000, 4034
1.323000, 4033
1.324000, 4032
1.324000, 4031
1.325000, 4030
1.326000, 4029
1.326000, 4028
1.326000, 4027
1.327000, 4026
1.327000, 4025
1.328000, 4024
1.328000, 4023
1.329000, 4022
1.330000, 4021
1.330000, 4020
1.331000, 4019
1.332000, 4018
1.334000, 4017
1.334000, 4016
1.334000, 4015
1.337000, 4014
1.338000, 4013
1.338000, 4012
1.340000, 4011
1.341000, 4010
1.342000, 4009
1.344000, 4008
1.345000, 4007
1.346000, 4006
1.347000, 4005
1.348000, 4004
1.351000, 4003
1.354000, 4002
1.354000, 4001
1.355000, 4000
1.355000, 3999
1.356000, 3998
1.359000, 3997
1.359000, 3996
1.359000, 3995
1.361000, 3994
1.361000, 3993
1.361000, 3992
1.362000, 3991
1.364000, 3990
1.365000, 3989
1.367000, 3988
1.368000, 3987
1.371000, 3986
1.371000, 3985
1.373000, 3984
1.374000, 3983
1.375000, 3982
1.376000, 3981
1.376000, 3980
1.377000, 3979
1.377000, 3978
1.380000, 3977
1.380000, 3976
1.380000, 3975
1.381000, 3974
1.381000, 3973
1.382000, 3972
1.383000, 3971
1.383000, 3970
1.385000, 3969
1.386000, 3968
1.387000, 3967
1.388000, 3966
1.388000, 3965
1.388000, 3964
1.389000, 3963
1.390000, 3962
1.390000, 3961
1.391000, 3960
1.392000, 3959
1.393000, 3958
1.394000, 3957
1.394000, 3956
1.395000, 3955
1.395000, 3954
1.396000, 3953
1.396000, 3952
1.397000, 3951
1.397000, 3950
1.399000, 3949
1.400000, 3948
1.401000, 3947
1.402000, 3946
1.404000, 3945
1.404000, 3944
1.404000, 3943
1.405000, 3942
1.406000, 3941
1.406000, 3940
1.407000, 3939
1.410000, 3938
1.411000, 3937
1.412000, 3936
1.413000, 3935
1.414000, 3934
1.415000, 3933
1.417000, 3932
1.418000, 3931
1.418000, 3930
1.421000, 3929
1.425000, 3928
1.426000, 3927
1.427000, 3926
1.428000, 3925
1.429000, 3924
1.431000, 3923
1.432000, 3922
1.434000, 3921
1.439000, 3920
1.440000, 3919
1.441000, 3918
1.442000, 3917
1.445000, 3916
1.445000, 3915
1.445000, 3914
1.445000, 3913
1.446000, 3912
1.447000, 3911
1.447000, 3910
1.447000, 3909
1.448000, 3908
1.449000, 3907
1.449000, 3906
1.451000, 3905
1.451000, 3904
1.451000, 3903
1.455000, 3902
1.455000, 3901
1.456000, 3900
1.457000, 3899
1.458000, 3898
1.458000, 3897
1.458000, 3896
1.460000, 3895
1.460000, 3894
1.462000, 3893
1.462000, 3892
1.464000, 3891
1.464000, 3890
1.466000, 3889
1.466000, 3888
1.466000, 3887
1.469000, 3886
1.470000, 3885
1.471000, 3884
1.472000, 3883
1.476000, 3882
1.476000, 3881
1.479000, 3880
1.479000, 3879
1.480000, 3878
1.482000, 3877
1.483000, 3876
1.483000, 3875
1.488000, 3874
1.489000, 3873
1.489000, 3872
1.490000, 3871
1.491000, 3870
1.491000, 3869
1.493000, 3868
1.494000, 3867
1.495000, 3866
1.495000, 3865
1.495000, 3864
1.497000, 3863
1.498000, 3862
1.498000, 3861
1.499000, 3860
1.500000, 3859
1.502000, 3858
1.504000, 3857
1.505000, 3856
1.507000, 3855
1.508000, 3854
1.508000, 3853
1.508000, 3852
1.509000, 3851
1.514000, 3850
1.515000, 3849
1.515000, 3848
1.515000, 3847
1.517000, 3846
1.517000, 3845
1.518000, 3844
1.518000, 3843
1.519000, 3842
1.521000, 3841
1.523000, 3840
1.523000, 3839
1.524000, 3838
1.525000, 3837
1.528000, 3836
1.528000, 3835
1.532000, 3834
1.532000, 3833
1.536000, 3832
1.536000, 3831
1.536000, 3830
1.545000, 3829
1.546000, 3828
1.547000, 3827
1.549000, 3826
1.551000, 3825
1.551000, 3824
1.552000, 3823
1.553000, 3822
1.561000, 3821
1.561000, 3820
1.564000, 3819
1.564000, 3818
1.568000, 3817
1.570000, 3816
1.570000, 3815
1.571000, 3814
1.575000, 3813
1.575000, 3812
1.577000, 3811
1.578000, 3810
1.579000, 3809
1.579000, 3808
1.579000, 3807
1.581000, 3806
1.582000, 3805
1.584000, 3804
1.585000, 3803
1.587000, 3802
1.590000, 3801
1.590000, 3800
1.590000, 3799
1.592000, 3798
1.592000, 3797
1.593000, 3796
1.594000, 3795
1.595000, 3794
1.595000, 3793
1.596000, 3792
1.602000, 3791
1.603000, 3790
1.604000, 3789
1.604000, 3788
1.608000, 3787
1.608000, 3786
1.610000, 3785
1.616000, 3784
1.621000, 3783
1.623000, 3782
1.624000, 3781
1.625000, 3780
1.626000, 3779
1.629000, 3778
1.629000, 3777
1.630000, 3776
1.630000, 3775
1.630000, 3774
1.631000, 3773
1.631000, 3772
1.633000, 3771
1.633000, 3770
1.634000, 3769
1.637000, 3768
1.638000, 3767
1.640000, 3766
1.640000, 3765
1.641000, 3764
1.641000, 3763
1.644000, 3762
1.647000, 3761
1.647000, 3760
1.648000, 3759
1.649000, 3758
1.649000, 3757
1.650000, 3756
1.653000, 3755
1.654000, 3754
1.658000, 3753
1.663000, 3752
1.664000, 3751
1.665000, 3750
1.667000, 3749
1.669000, 3748
1.670000, 3747
1.675000, 3746
1.676000, 3745
1.679000, 3744
1.682000, 3743
1.684000, 3742
1.687000, 3741
1.689000, 3740
1.691000, 3739
1.692000, 3738
1.693000, 3737
1.693000, 3736
1.696000, 3735
1.696000, 3734
1.697000, 3733
1.698000, 3732
1.703000, 3731
1.705000, 3730
1.715000, 3729
1.715000, 3728
1.716000, 3727
1.718000, 3726
1.719000, 3725
1.720000, 3724
1.721000, 3723
1.722000, 3722
1.723000, 3721
1.724000, 3720
1.724000, 3719
1.727000, 3718
1.728000, 3717
1.729000, 3716
1.729000, 3715
1.732000, 3714
1.733000, 3713
1.733000, 3712
1.734000, 3711
1.735000, 3710
1.735000, 3709
1.736000, 3708
1.737000, 3707
1.738000, 3706
1.739000, 3705
1.742000, 3704
1.746000, 3703
1.747000, 3702
1.750000, 3701
1.753000, 3700
1.753000, 3699
1.757000, 3698
1.757000, 3697
1.757000, 3696
1.757000, 3695
1.759000, 3694
1.759000, 3693
1.764000, 3692
1.764000, 3691
1.767000, 3690
1.767000, 3689
1.768000, 3688
1.768000, 3687
1.770000, 3686
1.772000, 3685
1.772000, 3684
1.773000, 3683
1.775000, 3682
1.776000, 3681
1.776000, 3680
1.777000, 3679
1.777000, 3678
1.780000, 3677
1.782000, 3676
1.782000, 3675
1.783000, 3674
1.784000, 3673
1.784000, 3672
1.786000, 3671
1.788000, 3670
1.789000, 3669
1.791000, 3668
1.792000, 3667
1.793000, 3666
1.794000, 3665
1.795000, 3664
1.797000, 3663
1.797000, 3662
1.801000, 3661
1.801000, 3660
1.802000, 3659
1.804000, 3658
1.806000, 3657
1.808000, 3656
1.810000, 3655
1.811000, 3654
1.814000, 3653
1.814000, 3652
1.815000, 3651
1.819000, 3650
1.823000, 3649
1.823000, 3648
1.825000, 3647
1.825000, 3646
1.825000, 3645
1.828000, 3644
1.833000, 3643
1.833000, 3642
1.839000, 3641
1.839000, 3640
1.840000, 3639
1.845000, 3638
1.846000, 3637
1.851000, 3636
1.853000, 3635
1.855000, 3634
1.859000, 3633
1.862000, 3632
1.862000, 3631
1.867000, 3630
1.868000, 3629
1.869000, 3628
1.869000, 3627
1.875000, 3626
1.877000, 3625
1.877000, 3624
1.878000, 3623
1.880000, 3622
1.881000, 3621
1.881000, 3620
1.881000, 3619
1.884000, 3618
1.885000, 3617
1.886000, 3616
1.890000, 3615
1.891000, 3614
1.892000, 3613
1.893000, 3612
1.897000, 3611
1.898000, 3610
1.899000, 3609
1.901000, 3608
1.903000, 3607
1.908000, 3606
1.908000, 3605
1.909000, 3604
1.910000, 3603
1.910000, 3602
1.911000, 3601
1.915000, 3600
1.916000, 3599
1.917000, 3598
1.922000, 3597
1.924000, 3596
1.924000, 3595
1.924000, 3594
1.925000, 3593
1.927000, 3592
1.927000, 3591
1.933000, 3590
1.938000, 3589
1.942000, 3588
1.945000, 3587
1.947000, 3586
1.954000, 3585
1.955000, 3584
1.959000, 3583
1.960000, 3582
1.963000, 3581
1.964000, 3580
1.966000, 3579
1.967000, 3578
1.972000, 3577
1.976000, 3576
1.980000, 3575
1.980000, 3574
1.981000, 3573
1.982000, 3572
1.982000, 3571
1.984000, 3570
1.986000, 3569
1.986000, 3568
1.989000, 3567
1.990000, 3566
1.992000, 3565
1.992000, 3564
1.997000, 3563
2.000000, 3562
2.002000, 3561
2.004000, 3560
2.005000, 3559
2.007000, 3558
2.007000, 3557
2.011000, 3556
2.011000, 3555
2.013000, 3554
2.021000, 3553
2.022000, 3552
2.023000, 3551
2.023000, 3550
2.027000, 3549
2.033000, 3548
2.033000, 3547
2.034000, 3546
2.034000, 3545
2.035000, 3544
2.040000, 3543
2.045000, 3542
2.050000, 3541
2.050000, 3540
2.059000, 3539
2.063000, 3538
2.066000, 3537
2.069000, 3536
2.078000, 3535
2.079000, 3534
2.081000, 3533
2.088000, 3532
2.098000, 3531
2.100000, 3530
2.105000, 3529
2.106000, 3528
2.111000, 3527
2.114000, 3526
2.130000, 3525
2.138000, 3524
2.139000, 3523
2.143000, 3522
2.144000, 3521
2.145000, 3520
2.147000, 3519
2.150000, 3518
2.151000, 3517
2.152000, 3516
2.153000, 3515
2.160000, 3514
2.160000, 3513
2.163000, 3512
2.165000, 3511
2.167000, 3510
2.168000, 3509
2.169000, 3508
2.170000, 3507
2.186000, 3506
2.192000, 3505
2.193000, 3504
2.197000, 3503
2.198000, 3502
2.201000, 3501
2.204000, 3500
2.205000, 3499
2.206000, 3498
2.214000, 3497
2.216000, 3496
2.222000, 3495
2.223000, 3494
2.225000, 3493
2.227000, 3492
2.230000, 3491
2.235000, 3490
2.237000, 3489
2.244000, 3488
2.244000, 3487
2.250000, 3486
2.251000, 3485
2.269000, 3484
2.280000, 3483
2.289000, 3482
2.291000, 3481
2.295000, 3480
2.298000, 3479
2.298000, 3478
2.304000, 3477
2.307000, 3476
2.311000, 3475
2.315000, 3474
2.318000, 3473
2.324000, 3472
2.332000, 3471
2.333000, 3470
2.336000, 3469
2.338000, 3468
2.341000, 3467
2.342000, 3466
2.342000, 3465
2.342000, 3464
2.348000, 3463
2.351000, 3462
2.356000, 3461
2.358000, 3460
2.360000, 3459
2.361000, 3458
2.361000, 3457
2.364000, 3456
2.364000, 3455
2.370000, 3454
2.370000, 3453
2.372000, 3452
2.377000, 3451
2.391000, 3450
2.395000, 3449
2.399000, 3448
2.400000, 3447
2.400000, 3446
2.401000, 3445
2.410000, 3444
2.413000, 3443
2.416000, 3442
2.419000, 3441
2.420000, 3440
2.427000, 3439
2.435000, 3438
2.436000, 3437
2.440000, 3436
2.441000, 3435
2.447000, 3434
2.450000, 3433
2.450000, 3432
2.454000, 3431
2.457000, 3430
2.472000, 3429
2.483000, 3428
2.488000, 3427
2.490000, 3426
2.490000, 3425
2.495000, 3424
2.497000, 3423
2.503000, 3422
2.506000, 3421
2.509000, 3420
2.516000, 3419
2.525000, 3418
2.533000, 3417
2.541000, 3416
2.550000, 3415
2.558000, 3414
2.582000, 3413
2.588000, 3412
2.600000, 3411
2.603000, 3410
2.606000, 3409
2.608000, 3408
2.641000, 3407
2.659000, 3406
2.660000, 3405
2.664000, 3404
2.671000, 3403
2.675000, 3402
2.676000, 3401
2.700000, 3400
2.724000, 3399
2.738000, 3398
2.739000, 3397
2.741000, 3396
2.741000, 3395
2.750000, 3394
2.750000, 3393
2.755000, 3392
2.797000, 3391
2.805000, 3390
2.809000, 3389
2.828000, 3388
2.841000, 3387
2.843000, 3386
2.868000, 3385
2.878000, 3384
2.885000, 3383
2.898000, 3382
2.900000, 3381
2.924000, 3380
2.938000, 3379
2.952000, 3378
2.977000, 3377
2.986000, 3376
3.005000, 3375
3.028000, 3374
3.042000, 3373
3.060000, 3372
3.062000, 3371
3.064000, 3370
3.088000, 3369
3.106000, 3368
3.132000, 3367
3.156000, 3366
3.157000, 3365
3.182000, 3364
3.229000, 3363
3.330000, 3362
3.409000, 3361
3.410000, 3360
3.451000, 3359
3.455000, 3358
3.457000, 3357
3.478000, 3356
3.496000, 3355
3.512000, 3354
3.515000, 3353
3.526000, 3352
3.565000, 3351
3.570000, 3350
3.594000, 3349
3.607000, 3348
3.631000, 3347
3.636000, 3346
3.650000, 3345
3.656000, 3344
3.749000, 3343
3.759000, 3342
3.792000, 3341
3.863000, 3340
3.913000, 3339
3.970000, 3338
4.135000, 3337
4.277000, 3336
4.429000, 3335
4.752000, 3334
